[2023-07-07T12:00:28.995+0000] {taskinstance.py:1165} INFO - Dependencies all met for <TaskInstance: consumer.read_dataset dataset_triggered__2023-07-07T12:00:28.645267+00:00 [queued]>
[2023-07-07T12:00:29.001+0000] {taskinstance.py:1165} INFO - Dependencies all met for <TaskInstance: consumer.read_dataset dataset_triggered__2023-07-07T12:00:28.645267+00:00 [queued]>
[2023-07-07T12:00:29.001+0000] {taskinstance.py:1362} INFO - 
--------------------------------------------------------------------------------
[2023-07-07T12:00:29.001+0000] {taskinstance.py:1363} INFO - Starting attempt 1 of 1
[2023-07-07T12:00:29.001+0000] {taskinstance.py:1364} INFO - 
--------------------------------------------------------------------------------
[2023-07-07T12:00:29.010+0000] {taskinstance.py:1383} INFO - Executing <Task(_PythonDecoratedOperator): read_dataset> on 2023-07-07 12:00:28.645267+00:00
[2023-07-07T12:00:29.014+0000] {standard_task_runner.py:55} INFO - Started process 67 to run task
[2023-07-07T12:00:29.016+0000] {standard_task_runner.py:82} INFO - Running: ['***', 'tasks', 'run', 'consumer', 'read_dataset', 'dataset_triggered__2023-07-07T12:00:28.645267+00:00', '--job-id', '32', '--raw', '--subdir', 'DAGS_FOLDER/consumer.py', '--cfg-path', '/tmp/tmp5lgq5n17']
[2023-07-07T12:00:29.016+0000] {standard_task_runner.py:83} INFO - Job 32: Subtask read_dataset
[2023-07-07T12:00:29.092+0000] {task_command.py:376} INFO - Running <TaskInstance: consumer.read_dataset dataset_triggered__2023-07-07T12:00:28.645267+00:00 [running]> on host 7dd72e0090f8
[2023-07-07T12:00:29.161+0000] {taskinstance.py:1592} INFO - Exporting the following env vars:
AIRFLOW_CTX_DAG_OWNER=***
AIRFLOW_CTX_DAG_ID=consumer
AIRFLOW_CTX_TASK_ID=read_dataset
AIRFLOW_CTX_EXECUTION_DATE=2023-07-07T12:00:28.645267+00:00
AIRFLOW_CTX_TRY_NUMBER=1
AIRFLOW_CTX_DAG_RUN_ID=dataset_triggered__2023-07-07T12:00:28.645267+00:00
[2023-07-07T12:00:29.162+0000] {logging_mixin.py:120} INFO - producer updateproducer update
[2023-07-07T12:00:29.162+0000] {python.py:177} INFO - Done. Returned value was: None
[2023-07-07T12:00:29.171+0000] {taskinstance.py:1406} INFO - Marking task as SUCCESS. dag_id=consumer, task_id=read_dataset, execution_date=20230707T120028, start_date=20230707T120028, end_date=20230707T120029
[2023-07-07T12:00:29.187+0000] {local_task_job.py:164} INFO - Task exited with return code 0
[2023-07-07T12:00:29.202+0000] {local_task_job.py:273} INFO - 0 downstream tasks scheduled from follow-on schedule check
