[2023-07-08T12:13:43.854+0000] {taskinstance.py:1165} INFO - Dependencies all met for <TaskInstance: group_dag.check_files scheduled__2023-07-07T00:00:00+00:00 [queued]>
[2023-07-08T12:13:43.860+0000] {taskinstance.py:1165} INFO - Dependencies all met for <TaskInstance: group_dag.check_files scheduled__2023-07-07T00:00:00+00:00 [queued]>
[2023-07-08T12:13:43.860+0000] {taskinstance.py:1362} INFO - 
--------------------------------------------------------------------------------
[2023-07-08T12:13:43.860+0000] {taskinstance.py:1363} INFO - Starting attempt 1 of 1
[2023-07-08T12:13:43.860+0000] {taskinstance.py:1364} INFO - 
--------------------------------------------------------------------------------
[2023-07-08T12:13:43.868+0000] {taskinstance.py:1383} INFO - Executing <Task(BashOperator): check_files> on 2023-07-07 00:00:00+00:00
[2023-07-08T12:13:43.872+0000] {standard_task_runner.py:55} INFO - Started process 1060 to run task
[2023-07-08T12:13:43.874+0000] {standard_task_runner.py:82} INFO - Running: ['***', 'tasks', 'run', 'group_dag', 'check_files', 'scheduled__2023-07-07T00:00:00+00:00', '--job-id', '64', '--raw', '--subdir', 'DAGS_FOLDER/group_dag.py', '--cfg-path', '/tmp/tmphhe0b_b4']
[2023-07-08T12:13:43.874+0000] {standard_task_runner.py:83} INFO - Job 64: Subtask check_files
[2023-07-08T12:13:43.909+0000] {task_command.py:376} INFO - Running <TaskInstance: group_dag.check_files scheduled__2023-07-07T00:00:00+00:00 [running]> on host c727280cb8a1
[2023-07-08T12:13:43.948+0000] {taskinstance.py:1592} INFO - Exporting the following env vars:
AIRFLOW_CTX_DAG_OWNER=***
AIRFLOW_CTX_DAG_ID=group_dag
AIRFLOW_CTX_TASK_ID=check_files
AIRFLOW_CTX_EXECUTION_DATE=2023-07-07T00:00:00+00:00
AIRFLOW_CTX_TRY_NUMBER=1
AIRFLOW_CTX_DAG_RUN_ID=scheduled__2023-07-07T00:00:00+00:00
[2023-07-08T12:13:43.949+0000] {subprocess.py:63} INFO - Tmp dir root location: 
 /tmp
[2023-07-08T12:13:43.949+0000] {subprocess.py:75} INFO - Running command: ['/bin/bash', '-c', 'sleep 10']
[2023-07-08T12:13:43.957+0000] {subprocess.py:86} INFO - Output:
[2023-07-08T12:13:53.960+0000] {subprocess.py:97} INFO - Command exited with return code 0
[2023-07-08T12:13:53.995+0000] {taskinstance.py:1406} INFO - Marking task as SUCCESS. dag_id=group_dag, task_id=check_files, execution_date=20230707T000000, start_date=20230708T121343, end_date=20230708T121353
[2023-07-08T12:13:54.021+0000] {local_task_job.py:164} INFO - Task exited with return code 0
[2023-07-08T12:13:54.038+0000] {local_task_job.py:273} INFO - 1 downstream tasks scheduled from follow-on schedule check
