[2023-07-07T12:00:23.778+0000] {processor.py:154} INFO - Started process (PID=37) to work on /opt/airflow/dags/consumer.py
[2023-07-07T12:00:23.779+0000] {processor.py:756} INFO - Processing file /opt/airflow/dags/consumer.py for tasks to queue
[2023-07-07T12:00:23.779+0000] {logging_mixin.py:120} INFO - [2023-07-07T12:00:23.779+0000] {dagbag.py:537} INFO - Filling up the DagBag from /opt/airflow/dags/consumer.py
[2023-07-07T12:00:23.793+0000] {processor.py:766} INFO - DAG(s) dict_keys(['consumer']) retrieved from /opt/airflow/dags/consumer.py
[2023-07-07T12:00:23.822+0000] {logging_mixin.py:120} INFO - [2023-07-07T12:00:23.822+0000] {dag.py:2585} INFO - Sync 1 DAGs
[2023-07-07T12:00:23.843+0000] {logging_mixin.py:120} INFO - [2023-07-07T12:00:23.842+0000] {dag.py:3340} INFO - Setting next_dagrun for consumer to None, run_after=None
[2023-07-07T12:00:23.863+0000] {processor.py:176} INFO - Processing /opt/airflow/dags/consumer.py took 0.086 seconds
[2023-07-07T12:00:54.846+0000] {processor.py:154} INFO - Started process (PID=103) to work on /opt/airflow/dags/consumer.py
[2023-07-07T12:00:54.848+0000] {processor.py:756} INFO - Processing file /opt/airflow/dags/consumer.py for tasks to queue
[2023-07-07T12:00:54.848+0000] {logging_mixin.py:120} INFO - [2023-07-07T12:00:54.848+0000] {dagbag.py:537} INFO - Filling up the DagBag from /opt/airflow/dags/consumer.py
[2023-07-07T12:00:54.860+0000] {processor.py:766} INFO - DAG(s) dict_keys(['consumer']) retrieved from /opt/airflow/dags/consumer.py
[2023-07-07T12:00:54.883+0000] {logging_mixin.py:120} INFO - [2023-07-07T12:00:54.883+0000] {dag.py:2585} INFO - Sync 1 DAGs
[2023-07-07T12:00:54.896+0000] {logging_mixin.py:120} INFO - [2023-07-07T12:00:54.896+0000] {dag.py:3340} INFO - Setting next_dagrun for consumer to None, run_after=None
[2023-07-07T12:00:54.911+0000] {processor.py:176} INFO - Processing /opt/airflow/dags/consumer.py took 0.066 seconds
[2023-07-07T12:01:25.927+0000] {processor.py:154} INFO - Started process (PID=172) to work on /opt/airflow/dags/consumer.py
[2023-07-07T12:01:25.928+0000] {processor.py:756} INFO - Processing file /opt/airflow/dags/consumer.py for tasks to queue
[2023-07-07T12:01:25.928+0000] {logging_mixin.py:120} INFO - [2023-07-07T12:01:25.928+0000] {dagbag.py:537} INFO - Filling up the DagBag from /opt/airflow/dags/consumer.py
[2023-07-07T12:01:25.940+0000] {processor.py:766} INFO - DAG(s) dict_keys(['consumer']) retrieved from /opt/airflow/dags/consumer.py
[2023-07-07T12:01:25.963+0000] {logging_mixin.py:120} INFO - [2023-07-07T12:01:25.963+0000] {dag.py:2585} INFO - Sync 1 DAGs
[2023-07-07T12:01:25.978+0000] {logging_mixin.py:120} INFO - [2023-07-07T12:01:25.977+0000] {dag.py:3340} INFO - Setting next_dagrun for consumer to None, run_after=None
[2023-07-07T12:01:25.991+0000] {processor.py:176} INFO - Processing /opt/airflow/dags/consumer.py took 0.066 seconds
[2023-07-07T12:01:56.506+0000] {processor.py:154} INFO - Started process (PID=239) to work on /opt/airflow/dags/consumer.py
[2023-07-07T12:01:56.506+0000] {processor.py:756} INFO - Processing file /opt/airflow/dags/consumer.py for tasks to queue
[2023-07-07T12:01:56.507+0000] {logging_mixin.py:120} INFO - [2023-07-07T12:01:56.507+0000] {dagbag.py:537} INFO - Filling up the DagBag from /opt/airflow/dags/consumer.py
[2023-07-07T12:01:56.526+0000] {processor.py:766} INFO - DAG(s) dict_keys(['consumer']) retrieved from /opt/airflow/dags/consumer.py
[2023-07-07T12:01:56.564+0000] {logging_mixin.py:120} INFO - [2023-07-07T12:01:56.564+0000] {dag.py:2585} INFO - Sync 1 DAGs
[2023-07-07T12:01:56.594+0000] {logging_mixin.py:120} INFO - [2023-07-07T12:01:56.594+0000] {dag.py:3340} INFO - Setting next_dagrun for consumer to None, run_after=None
[2023-07-07T12:01:56.618+0000] {processor.py:176} INFO - Processing /opt/airflow/dags/consumer.py took 0.114 seconds
[2023-07-07T12:02:33.872+0000] {processor.py:154} INFO - Started process (PID=38) to work on /opt/airflow/dags/consumer.py
[2023-07-07T12:02:33.873+0000] {processor.py:756} INFO - Processing file /opt/airflow/dags/consumer.py for tasks to queue
[2023-07-07T12:02:33.873+0000] {logging_mixin.py:120} INFO - [2023-07-07T12:02:33.873+0000] {dagbag.py:537} INFO - Filling up the DagBag from /opt/airflow/dags/consumer.py
[2023-07-07T12:02:33.894+0000] {processor.py:766} INFO - DAG(s) dict_keys(['consumer']) retrieved from /opt/airflow/dags/consumer.py
[2023-07-07T12:02:33.923+0000] {logging_mixin.py:120} INFO - [2023-07-07T12:02:33.923+0000] {dag.py:2585} INFO - Sync 1 DAGs
[2023-07-07T12:02:33.941+0000] {logging_mixin.py:120} INFO - [2023-07-07T12:02:33.941+0000] {dag.py:3340} INFO - Setting next_dagrun for consumer to None, run_after=None
[2023-07-07T12:02:33.959+0000] {processor.py:176} INFO - Processing /opt/airflow/dags/consumer.py took 0.090 seconds
[2023-07-07T12:03:04.255+0000] {processor.py:154} INFO - Started process (PID=105) to work on /opt/airflow/dags/consumer.py
[2023-07-07T12:03:04.256+0000] {processor.py:756} INFO - Processing file /opt/airflow/dags/consumer.py for tasks to queue
[2023-07-07T12:03:04.256+0000] {logging_mixin.py:120} INFO - [2023-07-07T12:03:04.256+0000] {dagbag.py:537} INFO - Filling up the DagBag from /opt/airflow/dags/consumer.py
[2023-07-07T12:03:04.267+0000] {processor.py:766} INFO - DAG(s) dict_keys(['consumer']) retrieved from /opt/airflow/dags/consumer.py
[2023-07-07T12:03:04.290+0000] {logging_mixin.py:120} INFO - [2023-07-07T12:03:04.290+0000] {dag.py:2585} INFO - Sync 1 DAGs
[2023-07-07T12:03:04.306+0000] {logging_mixin.py:120} INFO - [2023-07-07T12:03:04.306+0000] {dag.py:3340} INFO - Setting next_dagrun for consumer to None, run_after=None
[2023-07-07T12:03:04.322+0000] {processor.py:176} INFO - Processing /opt/airflow/dags/consumer.py took 0.069 seconds
[2023-07-07T12:03:34.394+0000] {processor.py:154} INFO - Started process (PID=164) to work on /opt/airflow/dags/consumer.py
[2023-07-07T12:03:34.395+0000] {processor.py:756} INFO - Processing file /opt/airflow/dags/consumer.py for tasks to queue
[2023-07-07T12:03:34.396+0000] {logging_mixin.py:120} INFO - [2023-07-07T12:03:34.395+0000] {dagbag.py:537} INFO - Filling up the DagBag from /opt/airflow/dags/consumer.py
[2023-07-07T12:03:34.408+0000] {processor.py:766} INFO - DAG(s) dict_keys(['consumer']) retrieved from /opt/airflow/dags/consumer.py
[2023-07-07T12:03:34.436+0000] {logging_mixin.py:120} INFO - [2023-07-07T12:03:34.436+0000] {dag.py:2585} INFO - Sync 1 DAGs
[2023-07-07T12:03:34.456+0000] {logging_mixin.py:120} INFO - [2023-07-07T12:03:34.456+0000] {dag.py:3340} INFO - Setting next_dagrun for consumer to None, run_after=None
[2023-07-07T12:03:34.476+0000] {processor.py:176} INFO - Processing /opt/airflow/dags/consumer.py took 0.084 seconds
[2023-07-07T12:04:04.749+0000] {processor.py:154} INFO - Started process (PID=232) to work on /opt/airflow/dags/consumer.py
[2023-07-07T12:04:04.749+0000] {processor.py:756} INFO - Processing file /opt/airflow/dags/consumer.py for tasks to queue
[2023-07-07T12:04:04.750+0000] {logging_mixin.py:120} INFO - [2023-07-07T12:04:04.750+0000] {dagbag.py:537} INFO - Filling up the DagBag from /opt/airflow/dags/consumer.py
[2023-07-07T12:04:04.760+0000] {processor.py:766} INFO - DAG(s) dict_keys(['consumer']) retrieved from /opt/airflow/dags/consumer.py
[2023-07-07T12:04:04.784+0000] {logging_mixin.py:120} INFO - [2023-07-07T12:04:04.784+0000] {dag.py:2585} INFO - Sync 1 DAGs
[2023-07-07T12:04:04.798+0000] {logging_mixin.py:120} INFO - [2023-07-07T12:04:04.798+0000] {dag.py:3340} INFO - Setting next_dagrun for consumer to None, run_after=None
[2023-07-07T12:04:04.812+0000] {processor.py:176} INFO - Processing /opt/airflow/dags/consumer.py took 0.065 seconds
[2023-07-07T12:04:35.030+0000] {processor.py:154} INFO - Started process (PID=299) to work on /opt/airflow/dags/consumer.py
[2023-07-07T12:04:35.030+0000] {processor.py:756} INFO - Processing file /opt/airflow/dags/consumer.py for tasks to queue
[2023-07-07T12:04:35.031+0000] {logging_mixin.py:120} INFO - [2023-07-07T12:04:35.031+0000] {dagbag.py:537} INFO - Filling up the DagBag from /opt/airflow/dags/consumer.py
[2023-07-07T12:04:35.041+0000] {processor.py:766} INFO - DAG(s) dict_keys(['consumer']) retrieved from /opt/airflow/dags/consumer.py
[2023-07-07T12:04:35.064+0000] {logging_mixin.py:120} INFO - [2023-07-07T12:04:35.064+0000] {dag.py:2585} INFO - Sync 1 DAGs
[2023-07-07T12:04:35.079+0000] {logging_mixin.py:120} INFO - [2023-07-07T12:04:35.079+0000] {dag.py:3340} INFO - Setting next_dagrun for consumer to None, run_after=None
[2023-07-07T12:04:35.092+0000] {processor.py:176} INFO - Processing /opt/airflow/dags/consumer.py took 0.064 seconds
[2023-07-07T12:05:05.226+0000] {processor.py:154} INFO - Started process (PID=366) to work on /opt/airflow/dags/consumer.py
[2023-07-07T12:05:05.226+0000] {processor.py:756} INFO - Processing file /opt/airflow/dags/consumer.py for tasks to queue
[2023-07-07T12:05:05.227+0000] {logging_mixin.py:120} INFO - [2023-07-07T12:05:05.227+0000] {dagbag.py:537} INFO - Filling up the DagBag from /opt/airflow/dags/consumer.py
[2023-07-07T12:05:05.237+0000] {processor.py:766} INFO - DAG(s) dict_keys(['consumer']) retrieved from /opt/airflow/dags/consumer.py
[2023-07-07T12:05:05.260+0000] {logging_mixin.py:120} INFO - [2023-07-07T12:05:05.260+0000] {dag.py:2585} INFO - Sync 1 DAGs
[2023-07-07T12:05:05.275+0000] {logging_mixin.py:120} INFO - [2023-07-07T12:05:05.275+0000] {dag.py:3340} INFO - Setting next_dagrun for consumer to None, run_after=None
[2023-07-07T12:05:05.290+0000] {processor.py:176} INFO - Processing /opt/airflow/dags/consumer.py took 0.066 seconds
[2023-07-07T12:05:36.282+0000] {processor.py:154} INFO - Started process (PID=434) to work on /opt/airflow/dags/consumer.py
[2023-07-07T12:05:36.282+0000] {processor.py:756} INFO - Processing file /opt/airflow/dags/consumer.py for tasks to queue
[2023-07-07T12:05:36.283+0000] {logging_mixin.py:120} INFO - [2023-07-07T12:05:36.282+0000] {dagbag.py:537} INFO - Filling up the DagBag from /opt/airflow/dags/consumer.py
[2023-07-07T12:05:36.295+0000] {processor.py:766} INFO - DAG(s) dict_keys(['consumer']) retrieved from /opt/airflow/dags/consumer.py
[2023-07-07T12:05:36.323+0000] {logging_mixin.py:120} INFO - [2023-07-07T12:05:36.322+0000] {dag.py:2585} INFO - Sync 1 DAGs
[2023-07-07T12:05:36.339+0000] {logging_mixin.py:120} INFO - [2023-07-07T12:05:36.339+0000] {dag.py:3340} INFO - Setting next_dagrun for consumer to None, run_after=None
[2023-07-07T12:05:36.357+0000] {processor.py:176} INFO - Processing /opt/airflow/dags/consumer.py took 0.077 seconds
[2023-07-07T12:06:06.585+0000] {processor.py:154} INFO - Started process (PID=492) to work on /opt/airflow/dags/consumer.py
[2023-07-07T12:06:06.585+0000] {processor.py:756} INFO - Processing file /opt/airflow/dags/consumer.py for tasks to queue
[2023-07-07T12:06:06.586+0000] {logging_mixin.py:120} INFO - [2023-07-07T12:06:06.586+0000] {dagbag.py:537} INFO - Filling up the DagBag from /opt/airflow/dags/consumer.py
[2023-07-07T12:06:06.597+0000] {processor.py:766} INFO - DAG(s) dict_keys(['consumer']) retrieved from /opt/airflow/dags/consumer.py
[2023-07-07T12:06:06.622+0000] {logging_mixin.py:120} INFO - [2023-07-07T12:06:06.622+0000] {dag.py:2585} INFO - Sync 1 DAGs
[2023-07-07T12:06:06.640+0000] {logging_mixin.py:120} INFO - [2023-07-07T12:06:06.640+0000] {dag.py:3340} INFO - Setting next_dagrun for consumer to None, run_after=None
[2023-07-07T12:06:06.655+0000] {processor.py:176} INFO - Processing /opt/airflow/dags/consumer.py took 0.073 seconds
[2023-07-07T12:06:36.944+0000] {processor.py:154} INFO - Started process (PID=558) to work on /opt/airflow/dags/consumer.py
[2023-07-07T12:06:36.944+0000] {processor.py:756} INFO - Processing file /opt/airflow/dags/consumer.py for tasks to queue
[2023-07-07T12:06:36.945+0000] {logging_mixin.py:120} INFO - [2023-07-07T12:06:36.945+0000] {dagbag.py:537} INFO - Filling up the DagBag from /opt/airflow/dags/consumer.py
[2023-07-07T12:06:36.956+0000] {processor.py:766} INFO - DAG(s) dict_keys(['consumer']) retrieved from /opt/airflow/dags/consumer.py
[2023-07-07T12:06:36.978+0000] {logging_mixin.py:120} INFO - [2023-07-07T12:06:36.978+0000] {dag.py:2585} INFO - Sync 1 DAGs
[2023-07-07T12:06:36.994+0000] {logging_mixin.py:120} INFO - [2023-07-07T12:06:36.994+0000] {dag.py:3340} INFO - Setting next_dagrun for consumer to None, run_after=None
[2023-07-07T12:06:37.009+0000] {processor.py:176} INFO - Processing /opt/airflow/dags/consumer.py took 0.066 seconds
[2023-07-07T12:07:08.027+0000] {processor.py:154} INFO - Started process (PID=625) to work on /opt/airflow/dags/consumer.py
[2023-07-07T12:07:08.027+0000] {processor.py:756} INFO - Processing file /opt/airflow/dags/consumer.py for tasks to queue
[2023-07-07T12:07:08.028+0000] {logging_mixin.py:120} INFO - [2023-07-07T12:07:08.028+0000] {dagbag.py:537} INFO - Filling up the DagBag from /opt/airflow/dags/consumer.py
[2023-07-07T12:07:08.039+0000] {processor.py:766} INFO - DAG(s) dict_keys(['consumer']) retrieved from /opt/airflow/dags/consumer.py
[2023-07-07T12:07:08.063+0000] {logging_mixin.py:120} INFO - [2023-07-07T12:07:08.063+0000] {dag.py:2585} INFO - Sync 1 DAGs
[2023-07-07T12:07:08.078+0000] {logging_mixin.py:120} INFO - [2023-07-07T12:07:08.078+0000] {dag.py:3340} INFO - Setting next_dagrun for consumer to None, run_after=None
[2023-07-07T12:07:08.091+0000] {processor.py:176} INFO - Processing /opt/airflow/dags/consumer.py took 0.066 seconds
[2023-07-07T12:07:38.262+0000] {processor.py:154} INFO - Started process (PID=692) to work on /opt/airflow/dags/consumer.py
[2023-07-07T12:07:38.263+0000] {processor.py:756} INFO - Processing file /opt/airflow/dags/consumer.py for tasks to queue
[2023-07-07T12:07:38.263+0000] {logging_mixin.py:120} INFO - [2023-07-07T12:07:38.263+0000] {dagbag.py:537} INFO - Filling up the DagBag from /opt/airflow/dags/consumer.py
[2023-07-07T12:07:38.274+0000] {processor.py:766} INFO - DAG(s) dict_keys(['consumer']) retrieved from /opt/airflow/dags/consumer.py
[2023-07-07T12:07:38.298+0000] {logging_mixin.py:120} INFO - [2023-07-07T12:07:38.298+0000] {dag.py:2585} INFO - Sync 1 DAGs
[2023-07-07T12:07:38.311+0000] {logging_mixin.py:120} INFO - [2023-07-07T12:07:38.311+0000] {dag.py:3340} INFO - Setting next_dagrun for consumer to None, run_after=None
[2023-07-07T12:07:38.324+0000] {processor.py:176} INFO - Processing /opt/airflow/dags/consumer.py took 0.064 seconds
[2023-07-07T12:08:08.451+0000] {processor.py:154} INFO - Started process (PID=759) to work on /opt/airflow/dags/consumer.py
[2023-07-07T12:08:08.451+0000] {processor.py:756} INFO - Processing file /opt/airflow/dags/consumer.py for tasks to queue
[2023-07-07T12:08:08.452+0000] {logging_mixin.py:120} INFO - [2023-07-07T12:08:08.452+0000] {dagbag.py:537} INFO - Filling up the DagBag from /opt/airflow/dags/consumer.py
[2023-07-07T12:08:08.463+0000] {processor.py:766} INFO - DAG(s) dict_keys(['consumer']) retrieved from /opt/airflow/dags/consumer.py
[2023-07-07T12:08:08.485+0000] {logging_mixin.py:120} INFO - [2023-07-07T12:08:08.485+0000] {dag.py:2585} INFO - Sync 1 DAGs
[2023-07-07T12:08:08.498+0000] {logging_mixin.py:120} INFO - [2023-07-07T12:08:08.498+0000] {dag.py:3340} INFO - Setting next_dagrun for consumer to None, run_after=None
[2023-07-07T12:08:08.512+0000] {processor.py:176} INFO - Processing /opt/airflow/dags/consumer.py took 0.063 seconds
[2023-07-07T12:08:38.746+0000] {processor.py:154} INFO - Started process (PID=817) to work on /opt/airflow/dags/consumer.py
[2023-07-07T12:08:38.747+0000] {processor.py:756} INFO - Processing file /opt/airflow/dags/consumer.py for tasks to queue
[2023-07-07T12:08:38.747+0000] {logging_mixin.py:120} INFO - [2023-07-07T12:08:38.747+0000] {dagbag.py:537} INFO - Filling up the DagBag from /opt/airflow/dags/consumer.py
[2023-07-07T12:08:38.758+0000] {processor.py:766} INFO - DAG(s) dict_keys(['consumer']) retrieved from /opt/airflow/dags/consumer.py
[2023-07-07T12:08:38.781+0000] {logging_mixin.py:120} INFO - [2023-07-07T12:08:38.781+0000] {dag.py:2585} INFO - Sync 1 DAGs
[2023-07-07T12:08:38.797+0000] {logging_mixin.py:120} INFO - [2023-07-07T12:08:38.796+0000] {dag.py:3340} INFO - Setting next_dagrun for consumer to None, run_after=None
[2023-07-07T12:08:38.810+0000] {processor.py:176} INFO - Processing /opt/airflow/dags/consumer.py took 0.065 seconds
[2023-07-07T12:09:09.016+0000] {processor.py:154} INFO - Started process (PID=884) to work on /opt/airflow/dags/consumer.py
[2023-07-07T12:09:09.016+0000] {processor.py:756} INFO - Processing file /opt/airflow/dags/consumer.py for tasks to queue
[2023-07-07T12:09:09.016+0000] {logging_mixin.py:120} INFO - [2023-07-07T12:09:09.016+0000] {dagbag.py:537} INFO - Filling up the DagBag from /opt/airflow/dags/consumer.py
[2023-07-07T12:09:09.027+0000] {processor.py:766} INFO - DAG(s) dict_keys(['consumer']) retrieved from /opt/airflow/dags/consumer.py
[2023-07-07T12:09:09.052+0000] {logging_mixin.py:120} INFO - [2023-07-07T12:09:09.052+0000] {dag.py:2585} INFO - Sync 1 DAGs
[2023-07-07T12:09:09.066+0000] {logging_mixin.py:120} INFO - [2023-07-07T12:09:09.066+0000] {dag.py:3340} INFO - Setting next_dagrun for consumer to None, run_after=None
[2023-07-07T12:09:09.080+0000] {processor.py:176} INFO - Processing /opt/airflow/dags/consumer.py took 0.067 seconds
[2023-07-07T12:09:39.311+0000] {processor.py:154} INFO - Started process (PID=951) to work on /opt/airflow/dags/consumer.py
[2023-07-07T12:09:39.313+0000] {processor.py:756} INFO - Processing file /opt/airflow/dags/consumer.py for tasks to queue
[2023-07-07T12:09:39.313+0000] {logging_mixin.py:120} INFO - [2023-07-07T12:09:39.313+0000] {dagbag.py:537} INFO - Filling up the DagBag from /opt/airflow/dags/consumer.py
[2023-07-07T12:09:39.326+0000] {processor.py:766} INFO - DAG(s) dict_keys(['consumer']) retrieved from /opt/airflow/dags/consumer.py
[2023-07-07T12:09:39.353+0000] {logging_mixin.py:120} INFO - [2023-07-07T12:09:39.353+0000] {dag.py:2585} INFO - Sync 1 DAGs
[2023-07-07T12:09:39.368+0000] {logging_mixin.py:120} INFO - [2023-07-07T12:09:39.368+0000] {dag.py:3340} INFO - Setting next_dagrun for consumer to None, run_after=None
[2023-07-07T12:09:39.383+0000] {processor.py:176} INFO - Processing /opt/airflow/dags/consumer.py took 0.073 seconds
[2023-07-07T12:10:09.474+0000] {processor.py:154} INFO - Started process (PID=1019) to work on /opt/airflow/dags/consumer.py
[2023-07-07T12:10:09.475+0000] {processor.py:756} INFO - Processing file /opt/airflow/dags/consumer.py for tasks to queue
[2023-07-07T12:10:09.475+0000] {logging_mixin.py:120} INFO - [2023-07-07T12:10:09.475+0000] {dagbag.py:537} INFO - Filling up the DagBag from /opt/airflow/dags/consumer.py
[2023-07-07T12:10:09.488+0000] {processor.py:766} INFO - DAG(s) dict_keys(['consumer']) retrieved from /opt/airflow/dags/consumer.py
[2023-07-07T12:10:09.516+0000] {logging_mixin.py:120} INFO - [2023-07-07T12:10:09.516+0000] {dag.py:2585} INFO - Sync 1 DAGs
[2023-07-07T12:10:09.533+0000] {logging_mixin.py:120} INFO - [2023-07-07T12:10:09.533+0000] {dag.py:3340} INFO - Setting next_dagrun for consumer to None, run_after=None
[2023-07-07T12:10:09.552+0000] {processor.py:176} INFO - Processing /opt/airflow/dags/consumer.py took 0.079 seconds
[2023-07-07T12:10:39.793+0000] {processor.py:154} INFO - Started process (PID=1077) to work on /opt/airflow/dags/consumer.py
[2023-07-07T12:10:39.795+0000] {processor.py:756} INFO - Processing file /opt/airflow/dags/consumer.py for tasks to queue
[2023-07-07T12:10:39.795+0000] {logging_mixin.py:120} INFO - [2023-07-07T12:10:39.795+0000] {dagbag.py:537} INFO - Filling up the DagBag from /opt/airflow/dags/consumer.py
[2023-07-07T12:10:39.810+0000] {processor.py:766} INFO - DAG(s) dict_keys(['consumer']) retrieved from /opt/airflow/dags/consumer.py
[2023-07-07T12:10:39.837+0000] {logging_mixin.py:120} INFO - [2023-07-07T12:10:39.837+0000] {dag.py:2585} INFO - Sync 1 DAGs
[2023-07-07T12:10:39.856+0000] {logging_mixin.py:120} INFO - [2023-07-07T12:10:39.856+0000] {dag.py:3340} INFO - Setting next_dagrun for consumer to None, run_after=None
[2023-07-07T12:10:39.873+0000] {processor.py:176} INFO - Processing /opt/airflow/dags/consumer.py took 0.082 seconds
[2023-07-07T12:11:10.066+0000] {processor.py:154} INFO - Started process (PID=1144) to work on /opt/airflow/dags/consumer.py
[2023-07-07T12:11:10.066+0000] {processor.py:756} INFO - Processing file /opt/airflow/dags/consumer.py for tasks to queue
[2023-07-07T12:11:10.067+0000] {logging_mixin.py:120} INFO - [2023-07-07T12:11:10.067+0000] {dagbag.py:537} INFO - Filling up the DagBag from /opt/airflow/dags/consumer.py
[2023-07-07T12:11:10.080+0000] {processor.py:766} INFO - DAG(s) dict_keys(['consumer']) retrieved from /opt/airflow/dags/consumer.py
[2023-07-07T12:11:10.104+0000] {logging_mixin.py:120} INFO - [2023-07-07T12:11:10.104+0000] {dag.py:2585} INFO - Sync 1 DAGs
[2023-07-07T12:11:10.120+0000] {logging_mixin.py:120} INFO - [2023-07-07T12:11:10.120+0000] {dag.py:3340} INFO - Setting next_dagrun for consumer to None, run_after=None
[2023-07-07T12:11:10.135+0000] {processor.py:176} INFO - Processing /opt/airflow/dags/consumer.py took 0.071 seconds
[2023-07-07T12:11:40.388+0000] {processor.py:154} INFO - Started process (PID=1210) to work on /opt/airflow/dags/consumer.py
[2023-07-07T12:11:40.389+0000] {processor.py:756} INFO - Processing file /opt/airflow/dags/consumer.py for tasks to queue
[2023-07-07T12:11:40.389+0000] {logging_mixin.py:120} INFO - [2023-07-07T12:11:40.389+0000] {dagbag.py:537} INFO - Filling up the DagBag from /opt/airflow/dags/consumer.py
[2023-07-07T12:11:40.401+0000] {processor.py:766} INFO - DAG(s) dict_keys(['consumer']) retrieved from /opt/airflow/dags/consumer.py
[2023-07-07T12:11:40.427+0000] {logging_mixin.py:120} INFO - [2023-07-07T12:11:40.427+0000] {dag.py:2585} INFO - Sync 1 DAGs
[2023-07-07T12:11:40.443+0000] {logging_mixin.py:120} INFO - [2023-07-07T12:11:40.443+0000] {dag.py:3340} INFO - Setting next_dagrun for consumer to None, run_after=None
[2023-07-07T12:11:40.456+0000] {processor.py:176} INFO - Processing /opt/airflow/dags/consumer.py took 0.070 seconds
[2023-07-07T12:12:10.611+0000] {processor.py:154} INFO - Started process (PID=1278) to work on /opt/airflow/dags/consumer.py
[2023-07-07T12:12:10.611+0000] {processor.py:756} INFO - Processing file /opt/airflow/dags/consumer.py for tasks to queue
[2023-07-07T12:12:10.612+0000] {logging_mixin.py:120} INFO - [2023-07-07T12:12:10.612+0000] {dagbag.py:537} INFO - Filling up the DagBag from /opt/airflow/dags/consumer.py
[2023-07-07T12:12:10.629+0000] {processor.py:766} INFO - DAG(s) dict_keys(['consumer']) retrieved from /opt/airflow/dags/consumer.py
[2023-07-07T12:12:10.673+0000] {logging_mixin.py:120} INFO - [2023-07-07T12:12:10.672+0000] {dag.py:2585} INFO - Sync 1 DAGs
[2023-07-07T12:12:10.690+0000] {logging_mixin.py:120} INFO - [2023-07-07T12:12:10.690+0000] {dag.py:3340} INFO - Setting next_dagrun for consumer to None, run_after=None
[2023-07-07T12:12:10.710+0000] {processor.py:176} INFO - Processing /opt/airflow/dags/consumer.py took 0.102 seconds
[2023-07-07T12:12:40.806+0000] {processor.py:154} INFO - Started process (PID=1345) to work on /opt/airflow/dags/consumer.py
[2023-07-07T12:12:40.807+0000] {processor.py:756} INFO - Processing file /opt/airflow/dags/consumer.py for tasks to queue
[2023-07-07T12:12:40.807+0000] {logging_mixin.py:120} INFO - [2023-07-07T12:12:40.807+0000] {dagbag.py:537} INFO - Filling up the DagBag from /opt/airflow/dags/consumer.py
[2023-07-07T12:12:40.820+0000] {processor.py:766} INFO - DAG(s) dict_keys(['consumer']) retrieved from /opt/airflow/dags/consumer.py
[2023-07-07T12:12:40.847+0000] {logging_mixin.py:120} INFO - [2023-07-07T12:12:40.847+0000] {dag.py:2585} INFO - Sync 1 DAGs
[2023-07-07T12:12:40.866+0000] {logging_mixin.py:120} INFO - [2023-07-07T12:12:40.866+0000] {dag.py:3340} INFO - Setting next_dagrun for consumer to None, run_after=None
[2023-07-07T12:12:40.882+0000] {processor.py:176} INFO - Processing /opt/airflow/dags/consumer.py took 0.077 seconds
[2023-07-07T12:13:11.095+0000] {processor.py:154} INFO - Started process (PID=1403) to work on /opt/airflow/dags/consumer.py
[2023-07-07T12:13:11.096+0000] {processor.py:756} INFO - Processing file /opt/airflow/dags/consumer.py for tasks to queue
[2023-07-07T12:13:11.096+0000] {logging_mixin.py:120} INFO - [2023-07-07T12:13:11.096+0000] {dagbag.py:537} INFO - Filling up the DagBag from /opt/airflow/dags/consumer.py
[2023-07-07T12:13:11.108+0000] {processor.py:766} INFO - DAG(s) dict_keys(['consumer']) retrieved from /opt/airflow/dags/consumer.py
[2023-07-07T12:13:11.163+0000] {logging_mixin.py:120} INFO - [2023-07-07T12:13:11.163+0000] {dag.py:2585} INFO - Sync 1 DAGs
[2023-07-07T12:13:11.177+0000] {logging_mixin.py:120} INFO - [2023-07-07T12:13:11.177+0000] {dag.py:3340} INFO - Setting next_dagrun for consumer to None, run_after=None
[2023-07-07T12:13:11.192+0000] {processor.py:176} INFO - Processing /opt/airflow/dags/consumer.py took 0.099 seconds
[2023-07-07T12:13:41.216+0000] {processor.py:154} INFO - Started process (PID=1471) to work on /opt/airflow/dags/consumer.py
[2023-07-07T12:13:41.217+0000] {processor.py:756} INFO - Processing file /opt/airflow/dags/consumer.py for tasks to queue
[2023-07-07T12:13:41.217+0000] {logging_mixin.py:120} INFO - [2023-07-07T12:13:41.217+0000] {dagbag.py:537} INFO - Filling up the DagBag from /opt/airflow/dags/consumer.py
[2023-07-07T12:13:41.230+0000] {processor.py:766} INFO - DAG(s) dict_keys(['consumer']) retrieved from /opt/airflow/dags/consumer.py
[2023-07-07T12:13:41.254+0000] {logging_mixin.py:120} INFO - [2023-07-07T12:13:41.254+0000] {dag.py:2585} INFO - Sync 1 DAGs
[2023-07-07T12:13:41.272+0000] {logging_mixin.py:120} INFO - [2023-07-07T12:13:41.271+0000] {dag.py:3340} INFO - Setting next_dagrun for consumer to None, run_after=None
[2023-07-07T12:13:41.288+0000] {processor.py:176} INFO - Processing /opt/airflow/dags/consumer.py took 0.073 seconds
[2023-07-07T12:14:11.449+0000] {processor.py:154} INFO - Started process (PID=1538) to work on /opt/airflow/dags/consumer.py
[2023-07-07T12:14:11.450+0000] {processor.py:756} INFO - Processing file /opt/airflow/dags/consumer.py for tasks to queue
[2023-07-07T12:14:11.450+0000] {logging_mixin.py:120} INFO - [2023-07-07T12:14:11.450+0000] {dagbag.py:537} INFO - Filling up the DagBag from /opt/airflow/dags/consumer.py
[2023-07-07T12:14:11.461+0000] {processor.py:766} INFO - DAG(s) dict_keys(['consumer']) retrieved from /opt/airflow/dags/consumer.py
[2023-07-07T12:14:11.484+0000] {logging_mixin.py:120} INFO - [2023-07-07T12:14:11.484+0000] {dag.py:2585} INFO - Sync 1 DAGs
[2023-07-07T12:14:11.497+0000] {logging_mixin.py:120} INFO - [2023-07-07T12:14:11.497+0000] {dag.py:3340} INFO - Setting next_dagrun for consumer to None, run_after=None
[2023-07-07T12:14:11.511+0000] {processor.py:176} INFO - Processing /opt/airflow/dags/consumer.py took 0.064 seconds
[2023-07-07T12:14:41.559+0000] {processor.py:154} INFO - Started process (PID=1605) to work on /opt/airflow/dags/consumer.py
[2023-07-07T12:14:41.559+0000] {processor.py:756} INFO - Processing file /opt/airflow/dags/consumer.py for tasks to queue
[2023-07-07T12:14:41.560+0000] {logging_mixin.py:120} INFO - [2023-07-07T12:14:41.560+0000] {dagbag.py:537} INFO - Filling up the DagBag from /opt/airflow/dags/consumer.py
[2023-07-07T12:14:41.571+0000] {processor.py:766} INFO - DAG(s) dict_keys(['consumer']) retrieved from /opt/airflow/dags/consumer.py
[2023-07-07T12:14:41.600+0000] {logging_mixin.py:120} INFO - [2023-07-07T12:14:41.600+0000] {dag.py:2585} INFO - Sync 1 DAGs
[2023-07-07T12:14:41.617+0000] {logging_mixin.py:120} INFO - [2023-07-07T12:14:41.616+0000] {dag.py:3340} INFO - Setting next_dagrun for consumer to None, run_after=None
[2023-07-07T12:14:41.632+0000] {processor.py:176} INFO - Processing /opt/airflow/dags/consumer.py took 0.076 seconds
[2023-07-07T12:15:11.687+0000] {processor.py:154} INFO - Started process (PID=1663) to work on /opt/airflow/dags/consumer.py
[2023-07-07T12:15:11.689+0000] {processor.py:756} INFO - Processing file /opt/airflow/dags/consumer.py for tasks to queue
[2023-07-07T12:15:11.690+0000] {logging_mixin.py:120} INFO - [2023-07-07T12:15:11.690+0000] {dagbag.py:537} INFO - Filling up the DagBag from /opt/airflow/dags/consumer.py
[2023-07-07T12:15:11.702+0000] {processor.py:766} INFO - DAG(s) dict_keys(['consumer']) retrieved from /opt/airflow/dags/consumer.py
[2023-07-07T12:15:11.732+0000] {logging_mixin.py:120} INFO - [2023-07-07T12:15:11.732+0000] {dag.py:2585} INFO - Sync 1 DAGs
[2023-07-07T12:15:11.748+0000] {logging_mixin.py:120} INFO - [2023-07-07T12:15:11.748+0000] {dag.py:3340} INFO - Setting next_dagrun for consumer to None, run_after=None
[2023-07-07T12:15:11.765+0000] {processor.py:176} INFO - Processing /opt/airflow/dags/consumer.py took 0.079 seconds
[2023-07-07T12:15:41.960+0000] {processor.py:154} INFO - Started process (PID=1730) to work on /opt/airflow/dags/consumer.py
[2023-07-07T12:15:41.960+0000] {processor.py:756} INFO - Processing file /opt/airflow/dags/consumer.py for tasks to queue
[2023-07-07T12:15:41.960+0000] {logging_mixin.py:120} INFO - [2023-07-07T12:15:41.960+0000] {dagbag.py:537} INFO - Filling up the DagBag from /opt/airflow/dags/consumer.py
[2023-07-07T12:15:41.973+0000] {processor.py:766} INFO - DAG(s) dict_keys(['consumer']) retrieved from /opt/airflow/dags/consumer.py
[2023-07-07T12:15:41.997+0000] {logging_mixin.py:120} INFO - [2023-07-07T12:15:41.997+0000] {dag.py:2585} INFO - Sync 1 DAGs
[2023-07-07T12:15:42.012+0000] {logging_mixin.py:120} INFO - [2023-07-07T12:15:42.012+0000] {dag.py:3340} INFO - Setting next_dagrun for consumer to None, run_after=None
[2023-07-07T12:15:42.027+0000] {processor.py:176} INFO - Processing /opt/airflow/dags/consumer.py took 0.069 seconds
[2023-07-07T12:16:12.345+0000] {processor.py:154} INFO - Started process (PID=1798) to work on /opt/airflow/dags/consumer.py
[2023-07-07T12:16:12.346+0000] {processor.py:756} INFO - Processing file /opt/airflow/dags/consumer.py for tasks to queue
[2023-07-07T12:16:12.347+0000] {logging_mixin.py:120} INFO - [2023-07-07T12:16:12.347+0000] {dagbag.py:537} INFO - Filling up the DagBag from /opt/airflow/dags/consumer.py
[2023-07-07T12:16:12.364+0000] {processor.py:766} INFO - DAG(s) dict_keys(['consumer']) retrieved from /opt/airflow/dags/consumer.py
[2023-07-07T12:16:12.386+0000] {logging_mixin.py:120} INFO - [2023-07-07T12:16:12.386+0000] {dag.py:2585} INFO - Sync 1 DAGs
[2023-07-07T12:16:12.400+0000] {logging_mixin.py:120} INFO - [2023-07-07T12:16:12.399+0000] {dag.py:3340} INFO - Setting next_dagrun for consumer to None, run_after=None
[2023-07-07T12:16:12.415+0000] {processor.py:176} INFO - Processing /opt/airflow/dags/consumer.py took 0.073 seconds
[2023-07-07T12:16:42.561+0000] {processor.py:154} INFO - Started process (PID=1866) to work on /opt/airflow/dags/consumer.py
[2023-07-07T12:16:42.562+0000] {processor.py:756} INFO - Processing file /opt/airflow/dags/consumer.py for tasks to queue
[2023-07-07T12:16:42.563+0000] {logging_mixin.py:120} INFO - [2023-07-07T12:16:42.563+0000] {dagbag.py:537} INFO - Filling up the DagBag from /opt/airflow/dags/consumer.py
[2023-07-07T12:16:42.581+0000] {processor.py:766} INFO - DAG(s) dict_keys(['consumer']) retrieved from /opt/airflow/dags/consumer.py
[2023-07-07T12:16:42.606+0000] {logging_mixin.py:120} INFO - [2023-07-07T12:16:42.606+0000] {dag.py:2585} INFO - Sync 1 DAGs
[2023-07-07T12:16:42.623+0000] {logging_mixin.py:120} INFO - [2023-07-07T12:16:42.623+0000] {dag.py:3340} INFO - Setting next_dagrun for consumer to None, run_after=None
[2023-07-07T12:16:42.640+0000] {processor.py:176} INFO - Processing /opt/airflow/dags/consumer.py took 0.080 seconds
[2023-07-07T12:17:12.903+0000] {processor.py:154} INFO - Started process (PID=1924) to work on /opt/airflow/dags/consumer.py
[2023-07-07T12:17:12.904+0000] {processor.py:756} INFO - Processing file /opt/airflow/dags/consumer.py for tasks to queue
[2023-07-07T12:17:12.904+0000] {logging_mixin.py:120} INFO - [2023-07-07T12:17:12.904+0000] {dagbag.py:537} INFO - Filling up the DagBag from /opt/airflow/dags/consumer.py
[2023-07-07T12:17:12.917+0000] {processor.py:766} INFO - DAG(s) dict_keys(['consumer']) retrieved from /opt/airflow/dags/consumer.py
[2023-07-07T12:17:12.946+0000] {logging_mixin.py:120} INFO - [2023-07-07T12:17:12.946+0000] {dag.py:2585} INFO - Sync 1 DAGs
[2023-07-07T12:17:12.966+0000] {logging_mixin.py:120} INFO - [2023-07-07T12:17:12.966+0000] {dag.py:3340} INFO - Setting next_dagrun for consumer to None, run_after=None
[2023-07-07T12:17:12.983+0000] {processor.py:176} INFO - Processing /opt/airflow/dags/consumer.py took 0.082 seconds
[2023-07-07T12:17:43.292+0000] {processor.py:154} INFO - Started process (PID=1990) to work on /opt/airflow/dags/consumer.py
[2023-07-07T12:17:43.292+0000] {processor.py:756} INFO - Processing file /opt/airflow/dags/consumer.py for tasks to queue
[2023-07-07T12:17:43.293+0000] {logging_mixin.py:120} INFO - [2023-07-07T12:17:43.293+0000] {dagbag.py:537} INFO - Filling up the DagBag from /opt/airflow/dags/consumer.py
[2023-07-07T12:17:43.305+0000] {processor.py:766} INFO - DAG(s) dict_keys(['consumer']) retrieved from /opt/airflow/dags/consumer.py
[2023-07-07T12:17:43.333+0000] {logging_mixin.py:120} INFO - [2023-07-07T12:17:43.333+0000] {dag.py:2585} INFO - Sync 1 DAGs
[2023-07-07T12:17:43.349+0000] {logging_mixin.py:120} INFO - [2023-07-07T12:17:43.349+0000] {dag.py:3340} INFO - Setting next_dagrun for consumer to None, run_after=None
[2023-07-07T12:17:43.364+0000] {processor.py:176} INFO - Processing /opt/airflow/dags/consumer.py took 0.074 seconds
[2023-07-07T12:18:13.537+0000] {processor.py:154} INFO - Started process (PID=2057) to work on /opt/airflow/dags/consumer.py
[2023-07-07T12:18:13.537+0000] {processor.py:756} INFO - Processing file /opt/airflow/dags/consumer.py for tasks to queue
[2023-07-07T12:18:13.538+0000] {logging_mixin.py:120} INFO - [2023-07-07T12:18:13.538+0000] {dagbag.py:537} INFO - Filling up the DagBag from /opt/airflow/dags/consumer.py
[2023-07-07T12:18:13.549+0000] {processor.py:766} INFO - DAG(s) dict_keys(['consumer']) retrieved from /opt/airflow/dags/consumer.py
[2023-07-07T12:18:13.572+0000] {logging_mixin.py:120} INFO - [2023-07-07T12:18:13.571+0000] {dag.py:2585} INFO - Sync 1 DAGs
[2023-07-07T12:18:13.587+0000] {logging_mixin.py:120} INFO - [2023-07-07T12:18:13.586+0000] {dag.py:3340} INFO - Setting next_dagrun for consumer to None, run_after=None
[2023-07-07T12:18:13.603+0000] {processor.py:176} INFO - Processing /opt/airflow/dags/consumer.py took 0.069 seconds
[2023-07-07T12:18:43.748+0000] {processor.py:154} INFO - Started process (PID=2125) to work on /opt/airflow/dags/consumer.py
[2023-07-07T12:18:43.749+0000] {processor.py:756} INFO - Processing file /opt/airflow/dags/consumer.py for tasks to queue
[2023-07-07T12:18:43.750+0000] {logging_mixin.py:120} INFO - [2023-07-07T12:18:43.750+0000] {dagbag.py:537} INFO - Filling up the DagBag from /opt/airflow/dags/consumer.py
[2023-07-07T12:18:43.768+0000] {processor.py:766} INFO - DAG(s) dict_keys(['consumer']) retrieved from /opt/airflow/dags/consumer.py
[2023-07-07T12:18:43.791+0000] {logging_mixin.py:120} INFO - [2023-07-07T12:18:43.791+0000] {dag.py:2585} INFO - Sync 1 DAGs
[2023-07-07T12:18:43.805+0000] {logging_mixin.py:120} INFO - [2023-07-07T12:18:43.805+0000] {dag.py:3340} INFO - Setting next_dagrun for consumer to None, run_after=None
[2023-07-07T12:18:43.820+0000] {processor.py:176} INFO - Processing /opt/airflow/dags/consumer.py took 0.073 seconds
[2023-07-07T12:19:14.062+0000] {processor.py:154} INFO - Started process (PID=2192) to work on /opt/airflow/dags/consumer.py
[2023-07-07T12:19:14.063+0000] {processor.py:756} INFO - Processing file /opt/airflow/dags/consumer.py for tasks to queue
[2023-07-07T12:19:14.064+0000] {logging_mixin.py:120} INFO - [2023-07-07T12:19:14.063+0000] {dagbag.py:537} INFO - Filling up the DagBag from /opt/airflow/dags/consumer.py
[2023-07-07T12:19:14.078+0000] {processor.py:766} INFO - DAG(s) dict_keys(['consumer']) retrieved from /opt/airflow/dags/consumer.py
[2023-07-07T12:19:14.102+0000] {logging_mixin.py:120} INFO - [2023-07-07T12:19:14.102+0000] {dag.py:2585} INFO - Sync 1 DAGs
[2023-07-07T12:19:14.115+0000] {logging_mixin.py:120} INFO - [2023-07-07T12:19:14.115+0000] {dag.py:3340} INFO - Setting next_dagrun for consumer to None, run_after=None
[2023-07-07T12:19:14.129+0000] {processor.py:176} INFO - Processing /opt/airflow/dags/consumer.py took 0.069 seconds
[2023-07-07T12:19:44.314+0000] {processor.py:154} INFO - Started process (PID=2250) to work on /opt/airflow/dags/consumer.py
[2023-07-07T12:19:44.315+0000] {processor.py:756} INFO - Processing file /opt/airflow/dags/consumer.py for tasks to queue
[2023-07-07T12:19:44.315+0000] {logging_mixin.py:120} INFO - [2023-07-07T12:19:44.315+0000] {dagbag.py:537} INFO - Filling up the DagBag from /opt/airflow/dags/consumer.py
[2023-07-07T12:19:44.326+0000] {processor.py:766} INFO - DAG(s) dict_keys(['consumer']) retrieved from /opt/airflow/dags/consumer.py
[2023-07-07T12:19:44.351+0000] {logging_mixin.py:120} INFO - [2023-07-07T12:19:44.351+0000] {dag.py:2585} INFO - Sync 1 DAGs
[2023-07-07T12:19:44.366+0000] {logging_mixin.py:120} INFO - [2023-07-07T12:19:44.366+0000] {dag.py:3340} INFO - Setting next_dagrun for consumer to None, run_after=None
[2023-07-07T12:19:44.381+0000] {processor.py:176} INFO - Processing /opt/airflow/dags/consumer.py took 0.069 seconds
[2023-07-07T12:20:14.577+0000] {processor.py:154} INFO - Started process (PID=2318) to work on /opt/airflow/dags/consumer.py
[2023-07-07T12:20:14.578+0000] {processor.py:756} INFO - Processing file /opt/airflow/dags/consumer.py for tasks to queue
[2023-07-07T12:20:14.578+0000] {logging_mixin.py:120} INFO - [2023-07-07T12:20:14.578+0000] {dagbag.py:537} INFO - Filling up the DagBag from /opt/airflow/dags/consumer.py
[2023-07-07T12:20:14.591+0000] {processor.py:766} INFO - DAG(s) dict_keys(['consumer']) retrieved from /opt/airflow/dags/consumer.py
[2023-07-07T12:20:14.613+0000] {logging_mixin.py:120} INFO - [2023-07-07T12:20:14.613+0000] {dag.py:2585} INFO - Sync 1 DAGs
[2023-07-07T12:20:14.627+0000] {logging_mixin.py:120} INFO - [2023-07-07T12:20:14.627+0000] {dag.py:3340} INFO - Setting next_dagrun for consumer to None, run_after=None
[2023-07-07T12:20:14.641+0000] {processor.py:176} INFO - Processing /opt/airflow/dags/consumer.py took 0.068 seconds
[2023-07-07T12:20:44.706+0000] {processor.py:154} INFO - Started process (PID=2385) to work on /opt/airflow/dags/consumer.py
[2023-07-07T12:20:44.706+0000] {processor.py:756} INFO - Processing file /opt/airflow/dags/consumer.py for tasks to queue
[2023-07-07T12:20:44.707+0000] {logging_mixin.py:120} INFO - [2023-07-07T12:20:44.707+0000] {dagbag.py:537} INFO - Filling up the DagBag from /opt/airflow/dags/consumer.py
[2023-07-07T12:20:44.718+0000] {processor.py:766} INFO - DAG(s) dict_keys(['consumer']) retrieved from /opt/airflow/dags/consumer.py
[2023-07-07T12:20:44.743+0000] {logging_mixin.py:120} INFO - [2023-07-07T12:20:44.743+0000] {dag.py:2585} INFO - Sync 1 DAGs
[2023-07-07T12:20:44.758+0000] {logging_mixin.py:120} INFO - [2023-07-07T12:20:44.758+0000] {dag.py:3340} INFO - Setting next_dagrun for consumer to None, run_after=None
[2023-07-07T12:20:44.772+0000] {processor.py:176} INFO - Processing /opt/airflow/dags/consumer.py took 0.068 seconds
[2023-07-07T12:21:14.994+0000] {processor.py:154} INFO - Started process (PID=2452) to work on /opt/airflow/dags/consumer.py
[2023-07-07T12:21:14.994+0000] {processor.py:756} INFO - Processing file /opt/airflow/dags/consumer.py for tasks to queue
[2023-07-07T12:21:14.995+0000] {logging_mixin.py:120} INFO - [2023-07-07T12:21:14.995+0000] {dagbag.py:537} INFO - Filling up the DagBag from /opt/airflow/dags/consumer.py
[2023-07-07T12:21:15.010+0000] {processor.py:766} INFO - DAG(s) dict_keys(['consumer']) retrieved from /opt/airflow/dags/consumer.py
[2023-07-07T12:21:15.034+0000] {logging_mixin.py:120} INFO - [2023-07-07T12:21:15.034+0000] {dag.py:2585} INFO - Sync 1 DAGs
[2023-07-07T12:21:15.051+0000] {logging_mixin.py:120} INFO - [2023-07-07T12:21:15.051+0000] {dag.py:3340} INFO - Setting next_dagrun for consumer to None, run_after=None
[2023-07-07T12:21:15.066+0000] {processor.py:176} INFO - Processing /opt/airflow/dags/consumer.py took 0.076 seconds
[2023-07-07T12:21:57.917+0000] {processor.py:154} INFO - Started process (PID=38) to work on /opt/airflow/dags/consumer.py
[2023-07-07T12:21:57.918+0000] {processor.py:756} INFO - Processing file /opt/airflow/dags/consumer.py for tasks to queue
[2023-07-07T12:21:57.919+0000] {logging_mixin.py:120} INFO - [2023-07-07T12:21:57.918+0000] {dagbag.py:537} INFO - Filling up the DagBag from /opt/airflow/dags/consumer.py
[2023-07-07T12:21:57.958+0000] {processor.py:766} INFO - DAG(s) dict_keys(['consumer']) retrieved from /opt/airflow/dags/consumer.py
[2023-07-07T12:21:58.043+0000] {logging_mixin.py:120} INFO - [2023-07-07T12:21:58.043+0000] {dag.py:2585} INFO - Sync 1 DAGs
[2023-07-07T12:21:58.062+0000] {logging_mixin.py:120} INFO - [2023-07-07T12:21:58.062+0000] {dag.py:3340} INFO - Setting next_dagrun for consumer to None, run_after=None
[2023-07-07T12:21:58.084+0000] {processor.py:176} INFO - Processing /opt/airflow/dags/consumer.py took 0.171 seconds
[2023-07-07T12:22:28.664+0000] {processor.py:154} INFO - Started process (PID=105) to work on /opt/airflow/dags/consumer.py
[2023-07-07T12:22:28.664+0000] {processor.py:756} INFO - Processing file /opt/airflow/dags/consumer.py for tasks to queue
[2023-07-07T12:22:28.665+0000] {logging_mixin.py:120} INFO - [2023-07-07T12:22:28.665+0000] {dagbag.py:537} INFO - Filling up the DagBag from /opt/airflow/dags/consumer.py
[2023-07-07T12:22:28.677+0000] {processor.py:766} INFO - DAG(s) dict_keys(['consumer']) retrieved from /opt/airflow/dags/consumer.py
[2023-07-07T12:22:28.705+0000] {logging_mixin.py:120} INFO - [2023-07-07T12:22:28.704+0000] {dag.py:2585} INFO - Sync 1 DAGs
[2023-07-07T12:22:28.722+0000] {logging_mixin.py:120} INFO - [2023-07-07T12:22:28.722+0000] {dag.py:3340} INFO - Setting next_dagrun for consumer to None, run_after=None
[2023-07-07T12:22:28.738+0000] {processor.py:176} INFO - Processing /opt/airflow/dags/consumer.py took 0.075 seconds
[2023-07-07T12:22:58.946+0000] {processor.py:154} INFO - Started process (PID=172) to work on /opt/airflow/dags/consumer.py
[2023-07-07T12:22:58.946+0000] {processor.py:756} INFO - Processing file /opt/airflow/dags/consumer.py for tasks to queue
[2023-07-07T12:22:58.946+0000] {logging_mixin.py:120} INFO - [2023-07-07T12:22:58.946+0000] {dagbag.py:537} INFO - Filling up the DagBag from /opt/airflow/dags/consumer.py
[2023-07-07T12:22:58.958+0000] {processor.py:766} INFO - DAG(s) dict_keys(['consumer']) retrieved from /opt/airflow/dags/consumer.py
[2023-07-07T12:22:58.981+0000] {logging_mixin.py:120} INFO - [2023-07-07T12:22:58.981+0000] {dag.py:2585} INFO - Sync 1 DAGs
[2023-07-07T12:22:58.996+0000] {logging_mixin.py:120} INFO - [2023-07-07T12:22:58.996+0000] {dag.py:3340} INFO - Setting next_dagrun for consumer to None, run_after=None
[2023-07-07T12:22:59.013+0000] {processor.py:176} INFO - Processing /opt/airflow/dags/consumer.py took 0.069 seconds
[2023-07-07T12:23:29.269+0000] {processor.py:154} INFO - Started process (PID=238) to work on /opt/airflow/dags/consumer.py
[2023-07-07T12:23:29.269+0000] {processor.py:756} INFO - Processing file /opt/airflow/dags/consumer.py for tasks to queue
[2023-07-07T12:23:29.270+0000] {logging_mixin.py:120} INFO - [2023-07-07T12:23:29.270+0000] {dagbag.py:537} INFO - Filling up the DagBag from /opt/airflow/dags/consumer.py
[2023-07-07T12:23:29.284+0000] {processor.py:766} INFO - DAG(s) dict_keys(['consumer']) retrieved from /opt/airflow/dags/consumer.py
[2023-07-07T12:23:29.312+0000] {logging_mixin.py:120} INFO - [2023-07-07T12:23:29.312+0000] {dag.py:2585} INFO - Sync 1 DAGs
[2023-07-07T12:23:29.329+0000] {logging_mixin.py:120} INFO - [2023-07-07T12:23:29.329+0000] {dag.py:3340} INFO - Setting next_dagrun for consumer to None, run_after=None
[2023-07-07T12:23:29.348+0000] {processor.py:176} INFO - Processing /opt/airflow/dags/consumer.py took 0.081 seconds
[2023-07-07T12:23:59.579+0000] {processor.py:154} INFO - Started process (PID=296) to work on /opt/airflow/dags/consumer.py
[2023-07-07T12:23:59.579+0000] {processor.py:756} INFO - Processing file /opt/airflow/dags/consumer.py for tasks to queue
[2023-07-07T12:23:59.580+0000] {logging_mixin.py:120} INFO - [2023-07-07T12:23:59.580+0000] {dagbag.py:537} INFO - Filling up the DagBag from /opt/airflow/dags/consumer.py
[2023-07-07T12:23:59.592+0000] {processor.py:766} INFO - DAG(s) dict_keys(['consumer']) retrieved from /opt/airflow/dags/consumer.py
[2023-07-07T12:23:59.616+0000] {logging_mixin.py:120} INFO - [2023-07-07T12:23:59.615+0000] {dag.py:2585} INFO - Sync 1 DAGs
[2023-07-07T12:23:59.631+0000] {logging_mixin.py:120} INFO - [2023-07-07T12:23:59.631+0000] {dag.py:3340} INFO - Setting next_dagrun for consumer to None, run_after=None
[2023-07-07T12:23:59.647+0000] {processor.py:176} INFO - Processing /opt/airflow/dags/consumer.py took 0.070 seconds
[2023-07-07T12:24:30.127+0000] {processor.py:154} INFO - Started process (PID=363) to work on /opt/airflow/dags/consumer.py
[2023-07-07T12:24:30.128+0000] {processor.py:756} INFO - Processing file /opt/airflow/dags/consumer.py for tasks to queue
[2023-07-07T12:24:30.128+0000] {logging_mixin.py:120} INFO - [2023-07-07T12:24:30.128+0000] {dagbag.py:537} INFO - Filling up the DagBag from /opt/airflow/dags/consumer.py
[2023-07-07T12:24:30.140+0000] {processor.py:766} INFO - DAG(s) dict_keys(['consumer']) retrieved from /opt/airflow/dags/consumer.py
[2023-07-07T12:24:30.162+0000] {logging_mixin.py:120} INFO - [2023-07-07T12:24:30.162+0000] {dag.py:2585} INFO - Sync 1 DAGs
[2023-07-07T12:24:30.177+0000] {logging_mixin.py:120} INFO - [2023-07-07T12:24:30.177+0000] {dag.py:3340} INFO - Setting next_dagrun for consumer to None, run_after=None
[2023-07-07T12:24:30.192+0000] {processor.py:176} INFO - Processing /opt/airflow/dags/consumer.py took 0.067 seconds
[2023-07-07T12:25:00.642+0000] {processor.py:154} INFO - Started process (PID=429) to work on /opt/airflow/dags/consumer.py
[2023-07-07T12:25:00.643+0000] {processor.py:756} INFO - Processing file /opt/airflow/dags/consumer.py for tasks to queue
[2023-07-07T12:25:00.643+0000] {logging_mixin.py:120} INFO - [2023-07-07T12:25:00.643+0000] {dagbag.py:537} INFO - Filling up the DagBag from /opt/airflow/dags/consumer.py
[2023-07-07T12:25:00.655+0000] {processor.py:766} INFO - DAG(s) dict_keys(['consumer']) retrieved from /opt/airflow/dags/consumer.py
[2023-07-07T12:25:00.679+0000] {logging_mixin.py:120} INFO - [2023-07-07T12:25:00.679+0000] {dag.py:2585} INFO - Sync 1 DAGs
[2023-07-07T12:25:00.694+0000] {logging_mixin.py:120} INFO - [2023-07-07T12:25:00.694+0000] {dag.py:3340} INFO - Setting next_dagrun for consumer to None, run_after=None
[2023-07-07T12:25:00.708+0000] {processor.py:176} INFO - Processing /opt/airflow/dags/consumer.py took 0.067 seconds
[2023-07-07T12:25:55.210+0000] {processor.py:154} INFO - Started process (PID=38) to work on /opt/airflow/dags/consumer.py
[2023-07-07T12:25:55.211+0000] {processor.py:756} INFO - Processing file /opt/airflow/dags/consumer.py for tasks to queue
[2023-07-07T12:25:55.211+0000] {logging_mixin.py:120} INFO - [2023-07-07T12:25:55.211+0000] {dagbag.py:537} INFO - Filling up the DagBag from /opt/airflow/dags/consumer.py
[2023-07-07T12:25:55.244+0000] {processor.py:766} INFO - DAG(s) dict_keys(['consumer']) retrieved from /opt/airflow/dags/consumer.py
[2023-07-07T12:25:55.305+0000] {logging_mixin.py:120} INFO - [2023-07-07T12:25:55.305+0000] {dag.py:2585} INFO - Sync 1 DAGs
[2023-07-07T12:25:55.324+0000] {logging_mixin.py:120} INFO - [2023-07-07T12:25:55.323+0000] {dag.py:3340} INFO - Setting next_dagrun for consumer to None, run_after=None
[2023-07-07T12:25:55.341+0000] {processor.py:176} INFO - Processing /opt/airflow/dags/consumer.py took 0.134 seconds
[2023-07-07T12:26:25.534+0000] {processor.py:154} INFO - Started process (PID=68) to work on /opt/airflow/dags/consumer.py
[2023-07-07T12:26:25.535+0000] {processor.py:756} INFO - Processing file /opt/airflow/dags/consumer.py for tasks to queue
[2023-07-07T12:26:25.535+0000] {logging_mixin.py:120} INFO - [2023-07-07T12:26:25.535+0000] {dagbag.py:537} INFO - Filling up the DagBag from /opt/airflow/dags/consumer.py
[2023-07-07T12:26:25.546+0000] {processor.py:766} INFO - DAG(s) dict_keys(['consumer']) retrieved from /opt/airflow/dags/consumer.py
[2023-07-07T12:26:25.568+0000] {logging_mixin.py:120} INFO - [2023-07-07T12:26:25.568+0000] {dag.py:2585} INFO - Sync 1 DAGs
[2023-07-07T12:26:25.582+0000] {logging_mixin.py:120} INFO - [2023-07-07T12:26:25.582+0000] {dag.py:3340} INFO - Setting next_dagrun for consumer to None, run_after=None
[2023-07-07T12:26:25.595+0000] {processor.py:176} INFO - Processing /opt/airflow/dags/consumer.py took 0.063 seconds
[2023-07-07T12:26:55.790+0000] {processor.py:154} INFO - Started process (PID=97) to work on /opt/airflow/dags/consumer.py
[2023-07-07T12:26:55.791+0000] {processor.py:756} INFO - Processing file /opt/airflow/dags/consumer.py for tasks to queue
[2023-07-07T12:26:55.791+0000] {logging_mixin.py:120} INFO - [2023-07-07T12:26:55.791+0000] {dagbag.py:537} INFO - Filling up the DagBag from /opt/airflow/dags/consumer.py
[2023-07-07T12:26:55.802+0000] {processor.py:766} INFO - DAG(s) dict_keys(['consumer']) retrieved from /opt/airflow/dags/consumer.py
[2023-07-07T12:26:55.826+0000] {logging_mixin.py:120} INFO - [2023-07-07T12:26:55.826+0000] {dag.py:2585} INFO - Sync 1 DAGs
[2023-07-07T12:26:55.840+0000] {logging_mixin.py:120} INFO - [2023-07-07T12:26:55.840+0000] {dag.py:3340} INFO - Setting next_dagrun for consumer to None, run_after=None
[2023-07-07T12:26:55.854+0000] {processor.py:176} INFO - Processing /opt/airflow/dags/consumer.py took 0.065 seconds
[2023-07-07T12:27:26.051+0000] {processor.py:154} INFO - Started process (PID=119) to work on /opt/airflow/dags/consumer.py
[2023-07-07T12:27:26.052+0000] {processor.py:756} INFO - Processing file /opt/airflow/dags/consumer.py for tasks to queue
[2023-07-07T12:27:26.052+0000] {logging_mixin.py:120} INFO - [2023-07-07T12:27:26.052+0000] {dagbag.py:537} INFO - Filling up the DagBag from /opt/airflow/dags/consumer.py
[2023-07-07T12:27:26.065+0000] {processor.py:766} INFO - DAG(s) dict_keys(['consumer']) retrieved from /opt/airflow/dags/consumer.py
[2023-07-07T12:27:26.092+0000] {logging_mixin.py:120} INFO - [2023-07-07T12:27:26.092+0000] {dag.py:2585} INFO - Sync 1 DAGs
[2023-07-07T12:27:26.107+0000] {logging_mixin.py:120} INFO - [2023-07-07T12:27:26.107+0000] {dag.py:3340} INFO - Setting next_dagrun for consumer to None, run_after=None
[2023-07-07T12:27:26.123+0000] {processor.py:176} INFO - Processing /opt/airflow/dags/consumer.py took 0.074 seconds
[2023-07-07T12:27:56.337+0000] {processor.py:154} INFO - Started process (PID=151) to work on /opt/airflow/dags/consumer.py
[2023-07-07T12:27:56.337+0000] {processor.py:756} INFO - Processing file /opt/airflow/dags/consumer.py for tasks to queue
[2023-07-07T12:27:56.338+0000] {logging_mixin.py:120} INFO - [2023-07-07T12:27:56.338+0000] {dagbag.py:537} INFO - Filling up the DagBag from /opt/airflow/dags/consumer.py
[2023-07-07T12:27:56.349+0000] {processor.py:766} INFO - DAG(s) dict_keys(['consumer']) retrieved from /opt/airflow/dags/consumer.py
[2023-07-07T12:27:56.372+0000] {logging_mixin.py:120} INFO - [2023-07-07T12:27:56.372+0000] {dag.py:2585} INFO - Sync 1 DAGs
[2023-07-07T12:27:56.386+0000] {logging_mixin.py:120} INFO - [2023-07-07T12:27:56.386+0000] {dag.py:3340} INFO - Setting next_dagrun for consumer to None, run_after=None
[2023-07-07T12:27:56.399+0000] {processor.py:176} INFO - Processing /opt/airflow/dags/consumer.py took 0.064 seconds
[2023-07-07T12:28:26.594+0000] {processor.py:154} INFO - Started process (PID=181) to work on /opt/airflow/dags/consumer.py
[2023-07-07T12:28:26.594+0000] {processor.py:756} INFO - Processing file /opt/airflow/dags/consumer.py for tasks to queue
[2023-07-07T12:28:26.594+0000] {logging_mixin.py:120} INFO - [2023-07-07T12:28:26.594+0000] {dagbag.py:537} INFO - Filling up the DagBag from /opt/airflow/dags/consumer.py
[2023-07-07T12:28:26.605+0000] {processor.py:766} INFO - DAG(s) dict_keys(['consumer']) retrieved from /opt/airflow/dags/consumer.py
[2023-07-07T12:28:26.629+0000] {logging_mixin.py:120} INFO - [2023-07-07T12:28:26.628+0000] {dag.py:2585} INFO - Sync 1 DAGs
[2023-07-07T12:28:26.642+0000] {logging_mixin.py:120} INFO - [2023-07-07T12:28:26.642+0000] {dag.py:3340} INFO - Setting next_dagrun for consumer to None, run_after=None
[2023-07-07T12:28:26.655+0000] {processor.py:176} INFO - Processing /opt/airflow/dags/consumer.py took 0.063 seconds
[2023-07-07T12:28:56.851+0000] {processor.py:154} INFO - Started process (PID=212) to work on /opt/airflow/dags/consumer.py
[2023-07-07T12:28:56.852+0000] {processor.py:756} INFO - Processing file /opt/airflow/dags/consumer.py for tasks to queue
[2023-07-07T12:28:56.853+0000] {logging_mixin.py:120} INFO - [2023-07-07T12:28:56.853+0000] {dagbag.py:537} INFO - Filling up the DagBag from /opt/airflow/dags/consumer.py
[2023-07-07T12:28:56.863+0000] {processor.py:766} INFO - DAG(s) dict_keys(['consumer']) retrieved from /opt/airflow/dags/consumer.py
[2023-07-07T12:28:56.885+0000] {logging_mixin.py:120} INFO - [2023-07-07T12:28:56.885+0000] {dag.py:2585} INFO - Sync 1 DAGs
[2023-07-07T12:28:56.899+0000] {logging_mixin.py:120} INFO - [2023-07-07T12:28:56.899+0000] {dag.py:3340} INFO - Setting next_dagrun for consumer to None, run_after=None
[2023-07-07T12:28:56.913+0000] {processor.py:176} INFO - Processing /opt/airflow/dags/consumer.py took 0.063 seconds
[2023-07-07T12:29:27.093+0000] {processor.py:154} INFO - Started process (PID=245) to work on /opt/airflow/dags/consumer.py
[2023-07-07T12:29:27.094+0000] {processor.py:756} INFO - Processing file /opt/airflow/dags/consumer.py for tasks to queue
[2023-07-07T12:29:27.094+0000] {logging_mixin.py:120} INFO - [2023-07-07T12:29:27.094+0000] {dagbag.py:537} INFO - Filling up the DagBag from /opt/airflow/dags/consumer.py
[2023-07-07T12:29:27.106+0000] {processor.py:766} INFO - DAG(s) dict_keys(['consumer']) retrieved from /opt/airflow/dags/consumer.py
[2023-07-07T12:29:27.128+0000] {logging_mixin.py:120} INFO - [2023-07-07T12:29:27.128+0000] {dag.py:2585} INFO - Sync 1 DAGs
[2023-07-07T12:29:27.143+0000] {logging_mixin.py:120} INFO - [2023-07-07T12:29:27.143+0000] {dag.py:3340} INFO - Setting next_dagrun for consumer to None, run_after=None
[2023-07-07T12:29:27.158+0000] {processor.py:176} INFO - Processing /opt/airflow/dags/consumer.py took 0.066 seconds
[2023-07-07T12:29:57.301+0000] {processor.py:154} INFO - Started process (PID=267) to work on /opt/airflow/dags/consumer.py
[2023-07-07T12:29:57.301+0000] {processor.py:756} INFO - Processing file /opt/airflow/dags/consumer.py for tasks to queue
[2023-07-07T12:29:57.302+0000] {logging_mixin.py:120} INFO - [2023-07-07T12:29:57.301+0000] {dagbag.py:537} INFO - Filling up the DagBag from /opt/airflow/dags/consumer.py
[2023-07-07T12:29:57.312+0000] {processor.py:766} INFO - DAG(s) dict_keys(['consumer']) retrieved from /opt/airflow/dags/consumer.py
[2023-07-07T12:29:57.337+0000] {logging_mixin.py:120} INFO - [2023-07-07T12:29:57.337+0000] {dag.py:2585} INFO - Sync 1 DAGs
[2023-07-07T12:29:57.353+0000] {logging_mixin.py:120} INFO - [2023-07-07T12:29:57.353+0000] {dag.py:3340} INFO - Setting next_dagrun for consumer to None, run_after=None
[2023-07-07T12:29:57.367+0000] {processor.py:176} INFO - Processing /opt/airflow/dags/consumer.py took 0.068 seconds
[2023-07-07T12:30:42.804+0000] {processor.py:154} INFO - Started process (PID=38) to work on /opt/airflow/dags/consumer.py
[2023-07-07T12:30:42.805+0000] {processor.py:756} INFO - Processing file /opt/airflow/dags/consumer.py for tasks to queue
[2023-07-07T12:30:42.805+0000] {logging_mixin.py:120} INFO - [2023-07-07T12:30:42.805+0000] {dagbag.py:537} INFO - Filling up the DagBag from /opt/airflow/dags/consumer.py
[2023-07-07T12:30:42.860+0000] {processor.py:766} INFO - DAG(s) dict_keys(['consumer']) retrieved from /opt/airflow/dags/consumer.py
[2023-07-07T12:30:42.939+0000] {logging_mixin.py:120} INFO - [2023-07-07T12:30:42.939+0000] {dag.py:2585} INFO - Sync 1 DAGs
[2023-07-07T12:30:42.970+0000] {logging_mixin.py:120} INFO - [2023-07-07T12:30:42.970+0000] {dag.py:3340} INFO - Setting next_dagrun for consumer to None, run_after=None
[2023-07-07T12:30:42.998+0000] {processor.py:176} INFO - Processing /opt/airflow/dags/consumer.py took 0.197 seconds
[2023-07-07T12:31:13.172+0000] {processor.py:154} INFO - Started process (PID=70) to work on /opt/airflow/dags/consumer.py
[2023-07-07T12:31:13.173+0000] {processor.py:756} INFO - Processing file /opt/airflow/dags/consumer.py for tasks to queue
[2023-07-07T12:31:13.174+0000] {logging_mixin.py:120} INFO - [2023-07-07T12:31:13.174+0000] {dagbag.py:537} INFO - Filling up the DagBag from /opt/airflow/dags/consumer.py
[2023-07-07T12:31:13.185+0000] {processor.py:766} INFO - DAG(s) dict_keys(['consumer']) retrieved from /opt/airflow/dags/consumer.py
[2023-07-07T12:31:13.209+0000] {logging_mixin.py:120} INFO - [2023-07-07T12:31:13.209+0000] {dag.py:2585} INFO - Sync 1 DAGs
[2023-07-07T12:31:13.224+0000] {logging_mixin.py:120} INFO - [2023-07-07T12:31:13.224+0000] {dag.py:3340} INFO - Setting next_dagrun for consumer to None, run_after=None
[2023-07-07T12:31:13.237+0000] {processor.py:176} INFO - Processing /opt/airflow/dags/consumer.py took 0.067 seconds
[2023-07-07T12:31:43.384+0000] {processor.py:154} INFO - Started process (PID=101) to work on /opt/airflow/dags/consumer.py
[2023-07-07T12:31:43.385+0000] {processor.py:756} INFO - Processing file /opt/airflow/dags/consumer.py for tasks to queue
[2023-07-07T12:31:43.385+0000] {logging_mixin.py:120} INFO - [2023-07-07T12:31:43.385+0000] {dagbag.py:537} INFO - Filling up the DagBag from /opt/airflow/dags/consumer.py
[2023-07-07T12:31:43.396+0000] {processor.py:766} INFO - DAG(s) dict_keys(['consumer']) retrieved from /opt/airflow/dags/consumer.py
[2023-07-07T12:31:43.419+0000] {logging_mixin.py:120} INFO - [2023-07-07T12:31:43.419+0000] {dag.py:2585} INFO - Sync 1 DAGs
[2023-07-07T12:31:43.434+0000] {logging_mixin.py:120} INFO - [2023-07-07T12:31:43.434+0000] {dag.py:3340} INFO - Setting next_dagrun for consumer to None, run_after=None
[2023-07-07T12:31:43.447+0000] {processor.py:176} INFO - Processing /opt/airflow/dags/consumer.py took 0.065 seconds
[2023-07-07T12:32:13.620+0000] {processor.py:154} INFO - Started process (PID=132) to work on /opt/airflow/dags/consumer.py
[2023-07-07T12:32:13.620+0000] {processor.py:756} INFO - Processing file /opt/airflow/dags/consumer.py for tasks to queue
[2023-07-07T12:32:13.621+0000] {logging_mixin.py:120} INFO - [2023-07-07T12:32:13.620+0000] {dagbag.py:537} INFO - Filling up the DagBag from /opt/airflow/dags/consumer.py
[2023-07-07T12:32:13.632+0000] {processor.py:766} INFO - DAG(s) dict_keys(['consumer']) retrieved from /opt/airflow/dags/consumer.py
[2023-07-07T12:32:13.659+0000] {logging_mixin.py:120} INFO - [2023-07-07T12:32:13.659+0000] {dag.py:2585} INFO - Sync 1 DAGs
[2023-07-07T12:32:13.679+0000] {logging_mixin.py:120} INFO - [2023-07-07T12:32:13.679+0000] {dag.py:3340} INFO - Setting next_dagrun for consumer to None, run_after=None
[2023-07-07T12:32:13.699+0000] {processor.py:176} INFO - Processing /opt/airflow/dags/consumer.py took 0.080 seconds
[2023-07-07T12:32:43.863+0000] {processor.py:154} INFO - Started process (PID=154) to work on /opt/airflow/dags/consumer.py
[2023-07-07T12:32:43.864+0000] {processor.py:756} INFO - Processing file /opt/airflow/dags/consumer.py for tasks to queue
[2023-07-07T12:32:43.865+0000] {logging_mixin.py:120} INFO - [2023-07-07T12:32:43.865+0000] {dagbag.py:537} INFO - Filling up the DagBag from /opt/airflow/dags/consumer.py
[2023-07-07T12:32:43.880+0000] {processor.py:766} INFO - DAG(s) dict_keys(['consumer']) retrieved from /opt/airflow/dags/consumer.py
[2023-07-07T12:32:43.903+0000] {logging_mixin.py:120} INFO - [2023-07-07T12:32:43.903+0000] {dag.py:2585} INFO - Sync 1 DAGs
[2023-07-07T12:32:43.920+0000] {logging_mixin.py:120} INFO - [2023-07-07T12:32:43.920+0000] {dag.py:3340} INFO - Setting next_dagrun for consumer to None, run_after=None
[2023-07-07T12:32:43.933+0000] {processor.py:176} INFO - Processing /opt/airflow/dags/consumer.py took 0.072 seconds
[2023-07-07T12:33:14.095+0000] {processor.py:154} INFO - Started process (PID=184) to work on /opt/airflow/dags/consumer.py
[2023-07-07T12:33:14.096+0000] {processor.py:756} INFO - Processing file /opt/airflow/dags/consumer.py for tasks to queue
[2023-07-07T12:33:14.096+0000] {logging_mixin.py:120} INFO - [2023-07-07T12:33:14.096+0000] {dagbag.py:537} INFO - Filling up the DagBag from /opt/airflow/dags/consumer.py
[2023-07-07T12:33:14.107+0000] {processor.py:766} INFO - DAG(s) dict_keys(['consumer']) retrieved from /opt/airflow/dags/consumer.py
[2023-07-07T12:33:14.131+0000] {logging_mixin.py:120} INFO - [2023-07-07T12:33:14.131+0000] {dag.py:2585} INFO - Sync 1 DAGs
[2023-07-07T12:33:14.147+0000] {logging_mixin.py:120} INFO - [2023-07-07T12:33:14.147+0000] {dag.py:3340} INFO - Setting next_dagrun for consumer to None, run_after=None
[2023-07-07T12:33:14.161+0000] {processor.py:176} INFO - Processing /opt/airflow/dags/consumer.py took 0.068 seconds
[2023-07-07T12:33:44.315+0000] {processor.py:154} INFO - Started process (PID=215) to work on /opt/airflow/dags/consumer.py
[2023-07-07T12:33:44.315+0000] {processor.py:756} INFO - Processing file /opt/airflow/dags/consumer.py for tasks to queue
[2023-07-07T12:33:44.316+0000] {logging_mixin.py:120} INFO - [2023-07-07T12:33:44.316+0000] {dagbag.py:537} INFO - Filling up the DagBag from /opt/airflow/dags/consumer.py
[2023-07-07T12:33:44.327+0000] {processor.py:766} INFO - DAG(s) dict_keys(['consumer']) retrieved from /opt/airflow/dags/consumer.py
[2023-07-07T12:33:44.350+0000] {logging_mixin.py:120} INFO - [2023-07-07T12:33:44.350+0000] {dag.py:2585} INFO - Sync 1 DAGs
[2023-07-07T12:33:44.366+0000] {logging_mixin.py:120} INFO - [2023-07-07T12:33:44.366+0000] {dag.py:3340} INFO - Setting next_dagrun for consumer to None, run_after=None
[2023-07-07T12:33:44.380+0000] {processor.py:176} INFO - Processing /opt/airflow/dags/consumer.py took 0.067 seconds
[2023-07-07T12:34:14.562+0000] {processor.py:154} INFO - Started process (PID=246) to work on /opt/airflow/dags/consumer.py
[2023-07-07T12:34:14.563+0000] {processor.py:756} INFO - Processing file /opt/airflow/dags/consumer.py for tasks to queue
[2023-07-07T12:34:14.563+0000] {logging_mixin.py:120} INFO - [2023-07-07T12:34:14.563+0000] {dagbag.py:537} INFO - Filling up the DagBag from /opt/airflow/dags/consumer.py
[2023-07-07T12:34:14.575+0000] {processor.py:766} INFO - DAG(s) dict_keys(['consumer']) retrieved from /opt/airflow/dags/consumer.py
[2023-07-07T12:34:14.602+0000] {logging_mixin.py:120} INFO - [2023-07-07T12:34:14.601+0000] {dag.py:2585} INFO - Sync 1 DAGs
[2023-07-07T12:34:14.616+0000] {logging_mixin.py:120} INFO - [2023-07-07T12:34:14.616+0000] {dag.py:3340} INFO - Setting next_dagrun for consumer to None, run_after=None
[2023-07-07T12:34:14.632+0000] {processor.py:176} INFO - Processing /opt/airflow/dags/consumer.py took 0.073 seconds
[2023-07-07T12:34:44.769+0000] {processor.py:154} INFO - Started process (PID=277) to work on /opt/airflow/dags/consumer.py
[2023-07-07T12:34:44.769+0000] {processor.py:756} INFO - Processing file /opt/airflow/dags/consumer.py for tasks to queue
[2023-07-07T12:34:44.769+0000] {logging_mixin.py:120} INFO - [2023-07-07T12:34:44.769+0000] {dagbag.py:537} INFO - Filling up the DagBag from /opt/airflow/dags/consumer.py
[2023-07-07T12:34:44.781+0000] {processor.py:766} INFO - DAG(s) dict_keys(['consumer']) retrieved from /opt/airflow/dags/consumer.py
[2023-07-07T12:34:44.805+0000] {logging_mixin.py:120} INFO - [2023-07-07T12:34:44.804+0000] {dag.py:2585} INFO - Sync 1 DAGs
[2023-07-07T12:34:44.820+0000] {logging_mixin.py:120} INFO - [2023-07-07T12:34:44.820+0000] {dag.py:3340} INFO - Setting next_dagrun for consumer to None, run_after=None
[2023-07-07T12:34:44.837+0000] {processor.py:176} INFO - Processing /opt/airflow/dags/consumer.py took 0.070 seconds
[2023-07-07T12:35:14.976+0000] {processor.py:154} INFO - Started process (PID=299) to work on /opt/airflow/dags/consumer.py
[2023-07-07T12:35:14.977+0000] {processor.py:756} INFO - Processing file /opt/airflow/dags/consumer.py for tasks to queue
[2023-07-07T12:35:14.977+0000] {logging_mixin.py:120} INFO - [2023-07-07T12:35:14.977+0000] {dagbag.py:537} INFO - Filling up the DagBag from /opt/airflow/dags/consumer.py
[2023-07-07T12:35:14.988+0000] {processor.py:766} INFO - DAG(s) dict_keys(['consumer']) retrieved from /opt/airflow/dags/consumer.py
[2023-07-07T12:35:15.013+0000] {logging_mixin.py:120} INFO - [2023-07-07T12:35:15.012+0000] {dag.py:2585} INFO - Sync 1 DAGs
[2023-07-07T12:35:15.028+0000] {logging_mixin.py:120} INFO - [2023-07-07T12:35:15.028+0000] {dag.py:3340} INFO - Setting next_dagrun for consumer to None, run_after=None
[2023-07-07T12:35:15.043+0000] {processor.py:176} INFO - Processing /opt/airflow/dags/consumer.py took 0.068 seconds
[2023-07-07T12:35:45.227+0000] {processor.py:154} INFO - Started process (PID=331) to work on /opt/airflow/dags/consumer.py
[2023-07-07T12:35:45.228+0000] {processor.py:756} INFO - Processing file /opt/airflow/dags/consumer.py for tasks to queue
[2023-07-07T12:35:45.228+0000] {logging_mixin.py:120} INFO - [2023-07-07T12:35:45.228+0000] {dagbag.py:537} INFO - Filling up the DagBag from /opt/airflow/dags/consumer.py
[2023-07-07T12:35:45.244+0000] {processor.py:766} INFO - DAG(s) dict_keys(['consumer']) retrieved from /opt/airflow/dags/consumer.py
[2023-07-07T12:35:45.268+0000] {logging_mixin.py:120} INFO - [2023-07-07T12:35:45.268+0000] {dag.py:2585} INFO - Sync 1 DAGs
[2023-07-07T12:35:45.282+0000] {logging_mixin.py:120} INFO - [2023-07-07T12:35:45.282+0000] {dag.py:3340} INFO - Setting next_dagrun for consumer to None, run_after=None
[2023-07-07T12:35:45.296+0000] {processor.py:176} INFO - Processing /opt/airflow/dags/consumer.py took 0.070 seconds
[2023-07-07T12:36:15.466+0000] {processor.py:154} INFO - Started process (PID=367) to work on /opt/airflow/dags/consumer.py
[2023-07-07T12:36:15.466+0000] {processor.py:756} INFO - Processing file /opt/airflow/dags/consumer.py for tasks to queue
[2023-07-07T12:36:15.467+0000] {logging_mixin.py:120} INFO - [2023-07-07T12:36:15.467+0000] {dagbag.py:537} INFO - Filling up the DagBag from /opt/airflow/dags/consumer.py
[2023-07-07T12:36:15.480+0000] {processor.py:766} INFO - DAG(s) dict_keys(['consumer']) retrieved from /opt/airflow/dags/consumer.py
[2023-07-07T12:36:15.506+0000] {logging_mixin.py:120} INFO - [2023-07-07T12:36:15.506+0000] {dag.py:2585} INFO - Sync 1 DAGs
[2023-07-07T12:36:15.527+0000] {logging_mixin.py:120} INFO - [2023-07-07T12:36:15.526+0000] {dag.py:3340} INFO - Setting next_dagrun for consumer to None, run_after=None
[2023-07-07T12:36:15.547+0000] {processor.py:176} INFO - Processing /opt/airflow/dags/consumer.py took 0.083 seconds
[2023-07-07T12:36:45.701+0000] {processor.py:154} INFO - Started process (PID=403) to work on /opt/airflow/dags/consumer.py
[2023-07-07T12:36:45.702+0000] {processor.py:756} INFO - Processing file /opt/airflow/dags/consumer.py for tasks to queue
[2023-07-07T12:36:45.702+0000] {logging_mixin.py:120} INFO - [2023-07-07T12:36:45.702+0000] {dagbag.py:537} INFO - Filling up the DagBag from /opt/airflow/dags/consumer.py
[2023-07-07T12:36:45.712+0000] {processor.py:766} INFO - DAG(s) dict_keys(['consumer']) retrieved from /opt/airflow/dags/consumer.py
[2023-07-07T12:36:45.734+0000] {logging_mixin.py:120} INFO - [2023-07-07T12:36:45.734+0000] {dag.py:2585} INFO - Sync 1 DAGs
[2023-07-07T12:36:45.748+0000] {logging_mixin.py:120} INFO - [2023-07-07T12:36:45.747+0000] {dag.py:3340} INFO - Setting next_dagrun for consumer to None, run_after=None
[2023-07-07T12:36:45.762+0000] {processor.py:176} INFO - Processing /opt/airflow/dags/consumer.py took 0.062 seconds
[2023-07-07T12:37:15.921+0000] {processor.py:154} INFO - Started process (PID=435) to work on /opt/airflow/dags/consumer.py
[2023-07-07T12:37:15.921+0000] {processor.py:756} INFO - Processing file /opt/airflow/dags/consumer.py for tasks to queue
[2023-07-07T12:37:15.922+0000] {logging_mixin.py:120} INFO - [2023-07-07T12:37:15.922+0000] {dagbag.py:537} INFO - Filling up the DagBag from /opt/airflow/dags/consumer.py
[2023-07-07T12:37:15.933+0000] {processor.py:766} INFO - DAG(s) dict_keys(['consumer']) retrieved from /opt/airflow/dags/consumer.py
[2023-07-07T12:37:15.955+0000] {logging_mixin.py:120} INFO - [2023-07-07T12:37:15.955+0000] {dag.py:2585} INFO - Sync 1 DAGs
[2023-07-07T12:37:15.972+0000] {logging_mixin.py:120} INFO - [2023-07-07T12:37:15.972+0000] {dag.py:3340} INFO - Setting next_dagrun for consumer to None, run_after=None
[2023-07-07T12:37:15.991+0000] {processor.py:176} INFO - Processing /opt/airflow/dags/consumer.py took 0.073 seconds
[2023-07-07T12:37:46.149+0000] {processor.py:154} INFO - Started process (PID=458) to work on /opt/airflow/dags/consumer.py
[2023-07-07T12:37:46.150+0000] {processor.py:756} INFO - Processing file /opt/airflow/dags/consumer.py for tasks to queue
[2023-07-07T12:37:46.150+0000] {logging_mixin.py:120} INFO - [2023-07-07T12:37:46.150+0000] {dagbag.py:537} INFO - Filling up the DagBag from /opt/airflow/dags/consumer.py
[2023-07-07T12:37:46.163+0000] {processor.py:766} INFO - DAG(s) dict_keys(['consumer']) retrieved from /opt/airflow/dags/consumer.py
[2023-07-07T12:37:46.188+0000] {logging_mixin.py:120} INFO - [2023-07-07T12:37:46.188+0000] {dag.py:2585} INFO - Sync 1 DAGs
[2023-07-07T12:37:46.206+0000] {logging_mixin.py:120} INFO - [2023-07-07T12:37:46.206+0000] {dag.py:3340} INFO - Setting next_dagrun for consumer to None, run_after=None
[2023-07-07T12:37:46.220+0000] {processor.py:176} INFO - Processing /opt/airflow/dags/consumer.py took 0.072 seconds
[2023-07-07T12:38:16.359+0000] {processor.py:154} INFO - Started process (PID=489) to work on /opt/airflow/dags/consumer.py
[2023-07-07T12:38:16.359+0000] {processor.py:756} INFO - Processing file /opt/airflow/dags/consumer.py for tasks to queue
[2023-07-07T12:38:16.360+0000] {logging_mixin.py:120} INFO - [2023-07-07T12:38:16.360+0000] {dagbag.py:537} INFO - Filling up the DagBag from /opt/airflow/dags/consumer.py
[2023-07-07T12:38:16.373+0000] {processor.py:766} INFO - DAG(s) dict_keys(['consumer']) retrieved from /opt/airflow/dags/consumer.py
[2023-07-07T12:38:16.398+0000] {logging_mixin.py:120} INFO - [2023-07-07T12:38:16.398+0000] {dag.py:2585} INFO - Sync 1 DAGs
[2023-07-07T12:38:16.414+0000] {logging_mixin.py:120} INFO - [2023-07-07T12:38:16.414+0000] {dag.py:3340} INFO - Setting next_dagrun for consumer to None, run_after=None
[2023-07-07T12:38:16.430+0000] {processor.py:176} INFO - Processing /opt/airflow/dags/consumer.py took 0.074 seconds
[2023-07-07T12:38:46.597+0000] {processor.py:154} INFO - Started process (PID=521) to work on /opt/airflow/dags/consumer.py
[2023-07-07T12:38:46.597+0000] {processor.py:756} INFO - Processing file /opt/airflow/dags/consumer.py for tasks to queue
[2023-07-07T12:38:46.598+0000] {logging_mixin.py:120} INFO - [2023-07-07T12:38:46.598+0000] {dagbag.py:537} INFO - Filling up the DagBag from /opt/airflow/dags/consumer.py
[2023-07-07T12:38:46.610+0000] {processor.py:766} INFO - DAG(s) dict_keys(['consumer']) retrieved from /opt/airflow/dags/consumer.py
[2023-07-07T12:38:46.633+0000] {logging_mixin.py:120} INFO - [2023-07-07T12:38:46.633+0000] {dag.py:2585} INFO - Sync 1 DAGs
[2023-07-07T12:38:46.648+0000] {logging_mixin.py:120} INFO - [2023-07-07T12:38:46.648+0000] {dag.py:3340} INFO - Setting next_dagrun for consumer to None, run_after=None
[2023-07-07T12:38:46.662+0000] {processor.py:176} INFO - Processing /opt/airflow/dags/consumer.py took 0.067 seconds
[2023-07-07T12:39:16.798+0000] {processor.py:154} INFO - Started process (PID=554) to work on /opt/airflow/dags/consumer.py
[2023-07-07T12:39:16.798+0000] {processor.py:756} INFO - Processing file /opt/airflow/dags/consumer.py for tasks to queue
[2023-07-07T12:39:16.799+0000] {logging_mixin.py:120} INFO - [2023-07-07T12:39:16.799+0000] {dagbag.py:537} INFO - Filling up the DagBag from /opt/airflow/dags/consumer.py
[2023-07-07T12:39:16.812+0000] {processor.py:766} INFO - DAG(s) dict_keys(['consumer']) retrieved from /opt/airflow/dags/consumer.py
[2023-07-07T12:39:16.838+0000] {logging_mixin.py:120} INFO - [2023-07-07T12:39:16.838+0000] {dag.py:2585} INFO - Sync 1 DAGs
[2023-07-07T12:39:16.854+0000] {logging_mixin.py:120} INFO - [2023-07-07T12:39:16.854+0000] {dag.py:3340} INFO - Setting next_dagrun for consumer to None, run_after=None
[2023-07-07T12:39:16.868+0000] {processor.py:176} INFO - Processing /opt/airflow/dags/consumer.py took 0.073 seconds
[2023-07-07T12:39:47.001+0000] {processor.py:154} INFO - Started process (PID=577) to work on /opt/airflow/dags/consumer.py
[2023-07-07T12:39:47.002+0000] {processor.py:756} INFO - Processing file /opt/airflow/dags/consumer.py for tasks to queue
[2023-07-07T12:39:47.002+0000] {logging_mixin.py:120} INFO - [2023-07-07T12:39:47.002+0000] {dagbag.py:537} INFO - Filling up the DagBag from /opt/airflow/dags/consumer.py
[2023-07-07T12:39:47.013+0000] {processor.py:766} INFO - DAG(s) dict_keys(['consumer']) retrieved from /opt/airflow/dags/consumer.py
[2023-07-07T12:39:47.038+0000] {logging_mixin.py:120} INFO - [2023-07-07T12:39:47.037+0000] {dag.py:2585} INFO - Sync 1 DAGs
[2023-07-07T12:39:47.054+0000] {logging_mixin.py:120} INFO - [2023-07-07T12:39:47.053+0000] {dag.py:3340} INFO - Setting next_dagrun for consumer to None, run_after=None
[2023-07-07T12:39:47.067+0000] {processor.py:176} INFO - Processing /opt/airflow/dags/consumer.py took 0.068 seconds
[2023-07-07T12:40:17.202+0000] {processor.py:154} INFO - Started process (PID=609) to work on /opt/airflow/dags/consumer.py
[2023-07-07T12:40:17.202+0000] {processor.py:756} INFO - Processing file /opt/airflow/dags/consumer.py for tasks to queue
[2023-07-07T12:40:17.202+0000] {logging_mixin.py:120} INFO - [2023-07-07T12:40:17.202+0000] {dagbag.py:537} INFO - Filling up the DagBag from /opt/airflow/dags/consumer.py
[2023-07-07T12:40:17.214+0000] {processor.py:766} INFO - DAG(s) dict_keys(['consumer']) retrieved from /opt/airflow/dags/consumer.py
[2023-07-07T12:40:17.236+0000] {logging_mixin.py:120} INFO - [2023-07-07T12:40:17.236+0000] {dag.py:2585} INFO - Sync 1 DAGs
[2023-07-07T12:40:17.253+0000] {logging_mixin.py:120} INFO - [2023-07-07T12:40:17.253+0000] {dag.py:3340} INFO - Setting next_dagrun for consumer to None, run_after=None
[2023-07-07T12:40:17.267+0000] {processor.py:176} INFO - Processing /opt/airflow/dags/consumer.py took 0.068 seconds
[2023-07-07T12:40:47.440+0000] {processor.py:154} INFO - Started process (PID=641) to work on /opt/airflow/dags/consumer.py
[2023-07-07T12:40:47.440+0000] {processor.py:756} INFO - Processing file /opt/airflow/dags/consumer.py for tasks to queue
[2023-07-07T12:40:47.440+0000] {logging_mixin.py:120} INFO - [2023-07-07T12:40:47.440+0000] {dagbag.py:537} INFO - Filling up the DagBag from /opt/airflow/dags/consumer.py
[2023-07-07T12:40:47.451+0000] {processor.py:766} INFO - DAG(s) dict_keys(['consumer']) retrieved from /opt/airflow/dags/consumer.py
[2023-07-07T12:40:47.473+0000] {logging_mixin.py:120} INFO - [2023-07-07T12:40:47.473+0000] {dag.py:2585} INFO - Sync 1 DAGs
[2023-07-07T12:40:47.489+0000] {logging_mixin.py:120} INFO - [2023-07-07T12:40:47.488+0000] {dag.py:3340} INFO - Setting next_dagrun for consumer to None, run_after=None
[2023-07-07T12:40:47.504+0000] {processor.py:176} INFO - Processing /opt/airflow/dags/consumer.py took 0.067 seconds
[2023-07-07T12:41:17.675+0000] {processor.py:154} INFO - Started process (PID=673) to work on /opt/airflow/dags/consumer.py
[2023-07-07T12:41:17.675+0000] {processor.py:756} INFO - Processing file /opt/airflow/dags/consumer.py for tasks to queue
[2023-07-07T12:41:17.676+0000] {logging_mixin.py:120} INFO - [2023-07-07T12:41:17.676+0000] {dagbag.py:537} INFO - Filling up the DagBag from /opt/airflow/dags/consumer.py
[2023-07-07T12:41:17.687+0000] {processor.py:766} INFO - DAG(s) dict_keys(['consumer']) retrieved from /opt/airflow/dags/consumer.py
[2023-07-07T12:41:17.710+0000] {logging_mixin.py:120} INFO - [2023-07-07T12:41:17.710+0000] {dag.py:2585} INFO - Sync 1 DAGs
[2023-07-07T12:41:17.725+0000] {logging_mixin.py:120} INFO - [2023-07-07T12:41:17.725+0000] {dag.py:3340} INFO - Setting next_dagrun for consumer to None, run_after=None
[2023-07-07T12:41:17.738+0000] {processor.py:176} INFO - Processing /opt/airflow/dags/consumer.py took 0.065 seconds
[2023-07-07T12:41:47.940+0000] {processor.py:154} INFO - Started process (PID=705) to work on /opt/airflow/dags/consumer.py
[2023-07-07T12:41:47.940+0000] {processor.py:756} INFO - Processing file /opt/airflow/dags/consumer.py for tasks to queue
[2023-07-07T12:41:47.940+0000] {logging_mixin.py:120} INFO - [2023-07-07T12:41:47.940+0000] {dagbag.py:537} INFO - Filling up the DagBag from /opt/airflow/dags/consumer.py
[2023-07-07T12:41:47.951+0000] {processor.py:766} INFO - DAG(s) dict_keys(['consumer']) retrieved from /opt/airflow/dags/consumer.py
[2023-07-07T12:41:47.975+0000] {logging_mixin.py:120} INFO - [2023-07-07T12:41:47.975+0000] {dag.py:2585} INFO - Sync 1 DAGs
[2023-07-07T12:41:47.990+0000] {logging_mixin.py:120} INFO - [2023-07-07T12:41:47.990+0000] {dag.py:3340} INFO - Setting next_dagrun for consumer to None, run_after=None
[2023-07-07T12:41:48.004+0000] {processor.py:176} INFO - Processing /opt/airflow/dags/consumer.py took 0.066 seconds
[2023-07-07T12:42:18.223+0000] {processor.py:154} INFO - Started process (PID=728) to work on /opt/airflow/dags/consumer.py
[2023-07-07T12:42:18.224+0000] {processor.py:756} INFO - Processing file /opt/airflow/dags/consumer.py for tasks to queue
[2023-07-07T12:42:18.224+0000] {logging_mixin.py:120} INFO - [2023-07-07T12:42:18.224+0000] {dagbag.py:537} INFO - Filling up the DagBag from /opt/airflow/dags/consumer.py
[2023-07-07T12:42:18.235+0000] {processor.py:766} INFO - DAG(s) dict_keys(['consumer']) retrieved from /opt/airflow/dags/consumer.py
[2023-07-07T12:42:18.259+0000] {logging_mixin.py:120} INFO - [2023-07-07T12:42:18.259+0000] {dag.py:2585} INFO - Sync 1 DAGs
[2023-07-07T12:42:18.274+0000] {logging_mixin.py:120} INFO - [2023-07-07T12:42:18.274+0000] {dag.py:3340} INFO - Setting next_dagrun for consumer to None, run_after=None
[2023-07-07T12:42:18.290+0000] {processor.py:176} INFO - Processing /opt/airflow/dags/consumer.py took 0.068 seconds
[2023-07-07T12:42:48.436+0000] {processor.py:154} INFO - Started process (PID=760) to work on /opt/airflow/dags/consumer.py
[2023-07-07T12:42:48.437+0000] {processor.py:756} INFO - Processing file /opt/airflow/dags/consumer.py for tasks to queue
[2023-07-07T12:42:48.438+0000] {logging_mixin.py:120} INFO - [2023-07-07T12:42:48.438+0000] {dagbag.py:537} INFO - Filling up the DagBag from /opt/airflow/dags/consumer.py
[2023-07-07T12:42:48.451+0000] {processor.py:766} INFO - DAG(s) dict_keys(['consumer']) retrieved from /opt/airflow/dags/consumer.py
[2023-07-07T12:42:48.482+0000] {logging_mixin.py:120} INFO - [2023-07-07T12:42:48.482+0000] {dag.py:2585} INFO - Sync 1 DAGs
[2023-07-07T12:42:48.500+0000] {logging_mixin.py:120} INFO - [2023-07-07T12:42:48.500+0000] {dag.py:3340} INFO - Setting next_dagrun for consumer to None, run_after=None
[2023-07-07T12:42:48.518+0000] {processor.py:176} INFO - Processing /opt/airflow/dags/consumer.py took 0.084 seconds
[2023-07-07T12:43:18.701+0000] {processor.py:154} INFO - Started process (PID=792) to work on /opt/airflow/dags/consumer.py
[2023-07-07T12:43:18.702+0000] {processor.py:756} INFO - Processing file /opt/airflow/dags/consumer.py for tasks to queue
[2023-07-07T12:43:18.702+0000] {logging_mixin.py:120} INFO - [2023-07-07T12:43:18.702+0000] {dagbag.py:537} INFO - Filling up the DagBag from /opt/airflow/dags/consumer.py
[2023-07-07T12:43:18.713+0000] {processor.py:766} INFO - DAG(s) dict_keys(['consumer']) retrieved from /opt/airflow/dags/consumer.py
[2023-07-07T12:43:18.742+0000] {logging_mixin.py:120} INFO - [2023-07-07T12:43:18.741+0000] {dag.py:2585} INFO - Sync 1 DAGs
[2023-07-07T12:43:18.765+0000] {logging_mixin.py:120} INFO - [2023-07-07T12:43:18.765+0000] {dag.py:3340} INFO - Setting next_dagrun for consumer to None, run_after=None
[2023-07-07T12:43:18.784+0000] {processor.py:176} INFO - Processing /opt/airflow/dags/consumer.py took 0.085 seconds
[2023-07-07T12:43:48.965+0000] {processor.py:154} INFO - Started process (PID=822) to work on /opt/airflow/dags/consumer.py
[2023-07-07T12:43:48.965+0000] {processor.py:756} INFO - Processing file /opt/airflow/dags/consumer.py for tasks to queue
[2023-07-07T12:43:48.966+0000] {logging_mixin.py:120} INFO - [2023-07-07T12:43:48.966+0000] {dagbag.py:537} INFO - Filling up the DagBag from /opt/airflow/dags/consumer.py
[2023-07-07T12:43:48.978+0000] {processor.py:766} INFO - DAG(s) dict_keys(['consumer']) retrieved from /opt/airflow/dags/consumer.py
[2023-07-07T12:43:49.002+0000] {logging_mixin.py:120} INFO - [2023-07-07T12:43:49.002+0000] {dag.py:2585} INFO - Sync 1 DAGs
[2023-07-07T12:43:49.017+0000] {logging_mixin.py:120} INFO - [2023-07-07T12:43:49.017+0000] {dag.py:3340} INFO - Setting next_dagrun for consumer to None, run_after=None
[2023-07-07T12:43:49.033+0000] {processor.py:176} INFO - Processing /opt/airflow/dags/consumer.py took 0.070 seconds
[2023-07-07T12:44:19.212+0000] {processor.py:154} INFO - Started process (PID=854) to work on /opt/airflow/dags/consumer.py
[2023-07-07T12:44:19.212+0000] {processor.py:756} INFO - Processing file /opt/airflow/dags/consumer.py for tasks to queue
[2023-07-07T12:44:19.212+0000] {logging_mixin.py:120} INFO - [2023-07-07T12:44:19.212+0000] {dagbag.py:537} INFO - Filling up the DagBag from /opt/airflow/dags/consumer.py
[2023-07-07T12:44:19.223+0000] {processor.py:766} INFO - DAG(s) dict_keys(['consumer']) retrieved from /opt/airflow/dags/consumer.py
[2023-07-07T12:44:19.246+0000] {logging_mixin.py:120} INFO - [2023-07-07T12:44:19.246+0000] {dag.py:2585} INFO - Sync 1 DAGs
[2023-07-07T12:44:19.263+0000] {logging_mixin.py:120} INFO - [2023-07-07T12:44:19.262+0000] {dag.py:3340} INFO - Setting next_dagrun for consumer to None, run_after=None
[2023-07-07T12:44:19.276+0000] {processor.py:176} INFO - Processing /opt/airflow/dags/consumer.py took 0.066 seconds
[2023-07-07T12:44:49.465+0000] {processor.py:154} INFO - Started process (PID=877) to work on /opt/airflow/dags/consumer.py
[2023-07-07T12:44:49.465+0000] {processor.py:756} INFO - Processing file /opt/airflow/dags/consumer.py for tasks to queue
[2023-07-07T12:44:49.466+0000] {logging_mixin.py:120} INFO - [2023-07-07T12:44:49.466+0000] {dagbag.py:537} INFO - Filling up the DagBag from /opt/airflow/dags/consumer.py
[2023-07-07T12:44:49.477+0000] {processor.py:766} INFO - DAG(s) dict_keys(['consumer']) retrieved from /opt/airflow/dags/consumer.py
[2023-07-07T12:44:49.499+0000] {logging_mixin.py:120} INFO - [2023-07-07T12:44:49.499+0000] {dag.py:2585} INFO - Sync 1 DAGs
[2023-07-07T12:44:49.515+0000] {logging_mixin.py:120} INFO - [2023-07-07T12:44:49.515+0000] {dag.py:3340} INFO - Setting next_dagrun for consumer to None, run_after=None
[2023-07-07T12:44:49.534+0000] {processor.py:176} INFO - Processing /opt/airflow/dags/consumer.py took 0.072 seconds
[2023-07-07T12:45:19.732+0000] {processor.py:154} INFO - Started process (PID=909) to work on /opt/airflow/dags/consumer.py
[2023-07-07T12:45:19.733+0000] {processor.py:756} INFO - Processing file /opt/airflow/dags/consumer.py for tasks to queue
[2023-07-07T12:45:19.733+0000] {logging_mixin.py:120} INFO - [2023-07-07T12:45:19.733+0000] {dagbag.py:537} INFO - Filling up the DagBag from /opt/airflow/dags/consumer.py
[2023-07-07T12:45:19.745+0000] {processor.py:766} INFO - DAG(s) dict_keys(['consumer']) retrieved from /opt/airflow/dags/consumer.py
[2023-07-07T12:45:19.770+0000] {logging_mixin.py:120} INFO - [2023-07-07T12:45:19.770+0000] {dag.py:2585} INFO - Sync 1 DAGs
[2023-07-07T12:45:19.785+0000] {logging_mixin.py:120} INFO - [2023-07-07T12:45:19.785+0000] {dag.py:3340} INFO - Setting next_dagrun for consumer to None, run_after=None
[2023-07-07T12:45:19.798+0000] {processor.py:176} INFO - Processing /opt/airflow/dags/consumer.py took 0.068 seconds
[2023-07-07T12:45:49.943+0000] {processor.py:154} INFO - Started process (PID=939) to work on /opt/airflow/dags/consumer.py
[2023-07-07T12:45:49.943+0000] {processor.py:756} INFO - Processing file /opt/airflow/dags/consumer.py for tasks to queue
[2023-07-07T12:45:49.944+0000] {logging_mixin.py:120} INFO - [2023-07-07T12:45:49.944+0000] {dagbag.py:537} INFO - Filling up the DagBag from /opt/airflow/dags/consumer.py
[2023-07-07T12:45:49.955+0000] {processor.py:766} INFO - DAG(s) dict_keys(['consumer']) retrieved from /opt/airflow/dags/consumer.py
[2023-07-07T12:45:49.979+0000] {logging_mixin.py:120} INFO - [2023-07-07T12:45:49.979+0000] {dag.py:2585} INFO - Sync 1 DAGs
[2023-07-07T12:45:49.993+0000] {logging_mixin.py:120} INFO - [2023-07-07T12:45:49.992+0000] {dag.py:3340} INFO - Setting next_dagrun for consumer to None, run_after=None
[2023-07-07T12:45:50.008+0000] {processor.py:176} INFO - Processing /opt/airflow/dags/consumer.py took 0.066 seconds
[2023-07-07T12:46:20.187+0000] {processor.py:154} INFO - Started process (PID=971) to work on /opt/airflow/dags/consumer.py
[2023-07-07T12:46:20.188+0000] {processor.py:756} INFO - Processing file /opt/airflow/dags/consumer.py for tasks to queue
[2023-07-07T12:46:20.188+0000] {logging_mixin.py:120} INFO - [2023-07-07T12:46:20.188+0000] {dagbag.py:537} INFO - Filling up the DagBag from /opt/airflow/dags/consumer.py
[2023-07-07T12:46:20.199+0000] {processor.py:766} INFO - DAG(s) dict_keys(['consumer']) retrieved from /opt/airflow/dags/consumer.py
[2023-07-07T12:46:20.221+0000] {logging_mixin.py:120} INFO - [2023-07-07T12:46:20.221+0000] {dag.py:2585} INFO - Sync 1 DAGs
[2023-07-07T12:46:20.236+0000] {logging_mixin.py:120} INFO - [2023-07-07T12:46:20.235+0000] {dag.py:3340} INFO - Setting next_dagrun for consumer to None, run_after=None
[2023-07-07T12:46:20.249+0000] {processor.py:176} INFO - Processing /opt/airflow/dags/consumer.py took 0.064 seconds
[2023-07-07T12:47:20.472+0000] {processor.py:154} INFO - Started process (PID=39) to work on /opt/airflow/dags/consumer.py
[2023-07-07T12:47:20.473+0000] {processor.py:756} INFO - Processing file /opt/airflow/dags/consumer.py for tasks to queue
[2023-07-07T12:47:20.473+0000] {logging_mixin.py:120} INFO - [2023-07-07T12:47:20.473+0000] {dagbag.py:537} INFO - Filling up the DagBag from /opt/airflow/dags/consumer.py
[2023-07-07T12:47:20.490+0000] {processor.py:766} INFO - DAG(s) dict_keys(['consumer']) retrieved from /opt/airflow/dags/consumer.py
[2023-07-07T12:47:20.524+0000] {logging_mixin.py:120} INFO - [2023-07-07T12:47:20.524+0000] {dag.py:2585} INFO - Sync 1 DAGs
[2023-07-07T12:47:20.549+0000] {logging_mixin.py:120} INFO - [2023-07-07T12:47:20.549+0000] {dag.py:3340} INFO - Setting next_dagrun for consumer to None, run_after=None
[2023-07-07T12:47:20.571+0000] {processor.py:176} INFO - Processing /opt/airflow/dags/consumer.py took 0.101 seconds
