[2023-07-07T12:35:43.194+0000] {processor.py:154} INFO - Started process (PID=329) to work on /opt/airflow/dags/parallel_dag.py
[2023-07-07T12:35:43.195+0000] {processor.py:756} INFO - Processing file /opt/airflow/dags/parallel_dag.py for tasks to queue
[2023-07-07T12:35:43.195+0000] {logging_mixin.py:120} INFO - [2023-07-07T12:35:43.195+0000] {dagbag.py:537} INFO - Filling up the DagBag from /opt/airflow/dags/parallel_dag.py
[2023-07-07T12:35:43.206+0000] {processor.py:766} INFO - DAG(s) dict_keys(['parallel_dag']) retrieved from /opt/airflow/dags/parallel_dag.py
[2023-07-07T12:35:43.287+0000] {logging_mixin.py:120} INFO - [2023-07-07T12:35:43.287+0000] {manager.py:507} INFO - Created Permission View: can delete on DAG:parallel_dag
[2023-07-07T12:35:43.292+0000] {logging_mixin.py:120} INFO - [2023-07-07T12:35:43.292+0000] {manager.py:507} INFO - Created Permission View: can read on DAG:parallel_dag
[2023-07-07T12:35:43.296+0000] {logging_mixin.py:120} INFO - [2023-07-07T12:35:43.295+0000] {manager.py:507} INFO - Created Permission View: can edit on DAG:parallel_dag
[2023-07-07T12:35:43.296+0000] {logging_mixin.py:120} INFO - [2023-07-07T12:35:43.296+0000] {dag.py:2585} INFO - Sync 1 DAGs
[2023-07-07T12:35:43.304+0000] {logging_mixin.py:120} INFO - [2023-07-07T12:35:43.303+0000] {dag.py:2606} INFO - Creating ORM DAG for parallel_dag
[2023-07-07T12:35:43.312+0000] {logging_mixin.py:120} INFO - [2023-07-07T12:35:43.312+0000] {dag.py:3340} INFO - Setting next_dagrun for parallel_dag to 2023-07-06T00:00:00+00:00, run_after=2023-07-07T00:00:00+00:00
[2023-07-07T12:35:43.320+0000] {processor.py:176} INFO - Processing /opt/airflow/dags/parallel_dag.py took 0.128 seconds
[2023-07-07T12:36:13.454+0000] {processor.py:154} INFO - Started process (PID=365) to work on /opt/airflow/dags/parallel_dag.py
[2023-07-07T12:36:13.458+0000] {processor.py:756} INFO - Processing file /opt/airflow/dags/parallel_dag.py for tasks to queue
[2023-07-07T12:36:13.459+0000] {logging_mixin.py:120} INFO - [2023-07-07T12:36:13.458+0000] {dagbag.py:537} INFO - Filling up the DagBag from /opt/airflow/dags/parallel_dag.py
[2023-07-07T12:36:13.469+0000] {processor.py:766} INFO - DAG(s) dict_keys(['parallel_dag']) retrieved from /opt/airflow/dags/parallel_dag.py
[2023-07-07T12:36:13.491+0000] {logging_mixin.py:120} INFO - [2023-07-07T12:36:13.491+0000] {dag.py:2585} INFO - Sync 1 DAGs
[2023-07-07T12:36:13.506+0000] {logging_mixin.py:120} INFO - [2023-07-07T12:36:13.506+0000] {dag.py:3340} INFO - Setting next_dagrun for parallel_dag to 2023-07-07T00:00:00+00:00, run_after=2023-07-08T00:00:00+00:00
[2023-07-07T12:36:13.517+0000] {processor.py:176} INFO - Processing /opt/airflow/dags/parallel_dag.py took 0.068 seconds
[2023-07-07T12:36:43.685+0000] {processor.py:154} INFO - Started process (PID=401) to work on /opt/airflow/dags/parallel_dag.py
[2023-07-07T12:36:43.686+0000] {processor.py:756} INFO - Processing file /opt/airflow/dags/parallel_dag.py for tasks to queue
[2023-07-07T12:36:43.686+0000] {logging_mixin.py:120} INFO - [2023-07-07T12:36:43.686+0000] {dagbag.py:537} INFO - Filling up the DagBag from /opt/airflow/dags/parallel_dag.py
[2023-07-07T12:36:43.697+0000] {processor.py:766} INFO - DAG(s) dict_keys(['parallel_dag']) retrieved from /opt/airflow/dags/parallel_dag.py
[2023-07-07T12:36:43.722+0000] {logging_mixin.py:120} INFO - [2023-07-07T12:36:43.722+0000] {dag.py:2585} INFO - Sync 1 DAGs
[2023-07-07T12:36:43.740+0000] {logging_mixin.py:120} INFO - [2023-07-07T12:36:43.740+0000] {dag.py:3340} INFO - Setting next_dagrun for parallel_dag to 2023-07-07T00:00:00+00:00, run_after=2023-07-08T00:00:00+00:00
[2023-07-07T12:36:43.753+0000] {processor.py:176} INFO - Processing /opt/airflow/dags/parallel_dag.py took 0.069 seconds
[2023-07-07T12:37:13.903+0000] {processor.py:154} INFO - Started process (PID=424) to work on /opt/airflow/dags/parallel_dag.py
[2023-07-07T12:37:13.904+0000] {processor.py:756} INFO - Processing file /opt/airflow/dags/parallel_dag.py for tasks to queue
[2023-07-07T12:37:13.905+0000] {logging_mixin.py:120} INFO - [2023-07-07T12:37:13.904+0000] {dagbag.py:537} INFO - Filling up the DagBag from /opt/airflow/dags/parallel_dag.py
[2023-07-07T12:37:13.915+0000] {processor.py:766} INFO - DAG(s) dict_keys(['parallel_dag']) retrieved from /opt/airflow/dags/parallel_dag.py
[2023-07-07T12:37:13.942+0000] {logging_mixin.py:120} INFO - [2023-07-07T12:37:13.942+0000] {dag.py:2585} INFO - Sync 1 DAGs
[2023-07-07T12:37:13.958+0000] {logging_mixin.py:120} INFO - [2023-07-07T12:37:13.958+0000] {dag.py:3340} INFO - Setting next_dagrun for parallel_dag to 2023-07-07T00:00:00+00:00, run_after=2023-07-08T00:00:00+00:00
[2023-07-07T12:37:13.969+0000] {processor.py:176} INFO - Processing /opt/airflow/dags/parallel_dag.py took 0.067 seconds
[2023-07-07T12:37:44.132+0000] {processor.py:154} INFO - Started process (PID=456) to work on /opt/airflow/dags/parallel_dag.py
[2023-07-07T12:37:44.132+0000] {processor.py:756} INFO - Processing file /opt/airflow/dags/parallel_dag.py for tasks to queue
[2023-07-07T12:37:44.133+0000] {logging_mixin.py:120} INFO - [2023-07-07T12:37:44.133+0000] {dagbag.py:537} INFO - Filling up the DagBag from /opt/airflow/dags/parallel_dag.py
[2023-07-07T12:37:44.144+0000] {processor.py:766} INFO - DAG(s) dict_keys(['parallel_dag']) retrieved from /opt/airflow/dags/parallel_dag.py
[2023-07-07T12:37:44.167+0000] {logging_mixin.py:120} INFO - [2023-07-07T12:37:44.167+0000] {dag.py:2585} INFO - Sync 1 DAGs
[2023-07-07T12:37:44.184+0000] {logging_mixin.py:120} INFO - [2023-07-07T12:37:44.184+0000] {dag.py:3340} INFO - Setting next_dagrun for parallel_dag to 2023-07-07T00:00:00+00:00, run_after=2023-07-08T00:00:00+00:00
[2023-07-07T12:37:44.197+0000] {processor.py:176} INFO - Processing /opt/airflow/dags/parallel_dag.py took 0.068 seconds
[2023-07-07T12:38:14.338+0000] {processor.py:154} INFO - Started process (PID=487) to work on /opt/airflow/dags/parallel_dag.py
[2023-07-07T12:38:14.341+0000] {processor.py:756} INFO - Processing file /opt/airflow/dags/parallel_dag.py for tasks to queue
[2023-07-07T12:38:14.342+0000] {logging_mixin.py:120} INFO - [2023-07-07T12:38:14.342+0000] {dagbag.py:537} INFO - Filling up the DagBag from /opt/airflow/dags/parallel_dag.py
[2023-07-07T12:38:14.352+0000] {processor.py:766} INFO - DAG(s) dict_keys(['parallel_dag']) retrieved from /opt/airflow/dags/parallel_dag.py
[2023-07-07T12:38:14.378+0000] {logging_mixin.py:120} INFO - [2023-07-07T12:38:14.378+0000] {dag.py:2585} INFO - Sync 1 DAGs
[2023-07-07T12:38:14.397+0000] {logging_mixin.py:120} INFO - [2023-07-07T12:38:14.397+0000] {dag.py:3340} INFO - Setting next_dagrun for parallel_dag to 2023-07-07T00:00:00+00:00, run_after=2023-07-08T00:00:00+00:00
[2023-07-07T12:38:14.411+0000] {processor.py:176} INFO - Processing /opt/airflow/dags/parallel_dag.py took 0.075 seconds
[2023-07-07T12:38:44.574+0000] {processor.py:154} INFO - Started process (PID=519) to work on /opt/airflow/dags/parallel_dag.py
[2023-07-07T12:38:44.575+0000] {processor.py:756} INFO - Processing file /opt/airflow/dags/parallel_dag.py for tasks to queue
[2023-07-07T12:38:44.576+0000] {logging_mixin.py:120} INFO - [2023-07-07T12:38:44.576+0000] {dagbag.py:537} INFO - Filling up the DagBag from /opt/airflow/dags/parallel_dag.py
[2023-07-07T12:38:44.590+0000] {processor.py:766} INFO - DAG(s) dict_keys(['parallel_dag']) retrieved from /opt/airflow/dags/parallel_dag.py
[2023-07-07T12:38:44.613+0000] {logging_mixin.py:120} INFO - [2023-07-07T12:38:44.613+0000] {dag.py:2585} INFO - Sync 1 DAGs
[2023-07-07T12:38:44.629+0000] {logging_mixin.py:120} INFO - [2023-07-07T12:38:44.629+0000] {dag.py:3340} INFO - Setting next_dagrun for parallel_dag to 2023-07-07T00:00:00+00:00, run_after=2023-07-08T00:00:00+00:00
[2023-07-07T12:38:44.641+0000] {processor.py:176} INFO - Processing /opt/airflow/dags/parallel_dag.py took 0.073 seconds
[2023-07-07T12:39:14.776+0000] {processor.py:154} INFO - Started process (PID=550) to work on /opt/airflow/dags/parallel_dag.py
[2023-07-07T12:39:14.777+0000] {processor.py:756} INFO - Processing file /opt/airflow/dags/parallel_dag.py for tasks to queue
[2023-07-07T12:39:14.777+0000] {logging_mixin.py:120} INFO - [2023-07-07T12:39:14.777+0000] {dagbag.py:537} INFO - Filling up the DagBag from /opt/airflow/dags/parallel_dag.py
[2023-07-07T12:39:14.787+0000] {processor.py:766} INFO - DAG(s) dict_keys(['parallel_dag']) retrieved from /opt/airflow/dags/parallel_dag.py
[2023-07-07T12:39:14.812+0000] {logging_mixin.py:120} INFO - [2023-07-07T12:39:14.812+0000] {dag.py:2585} INFO - Sync 1 DAGs
[2023-07-07T12:39:14.829+0000] {logging_mixin.py:120} INFO - [2023-07-07T12:39:14.829+0000] {dag.py:3340} INFO - Setting next_dagrun for parallel_dag to 2023-07-07T00:00:00+00:00, run_after=2023-07-08T00:00:00+00:00
[2023-07-07T12:39:14.842+0000] {processor.py:176} INFO - Processing /opt/airflow/dags/parallel_dag.py took 0.068 seconds
[2023-07-07T12:39:44.981+0000] {processor.py:154} INFO - Started process (PID=575) to work on /opt/airflow/dags/parallel_dag.py
[2023-07-07T12:39:44.982+0000] {processor.py:756} INFO - Processing file /opt/airflow/dags/parallel_dag.py for tasks to queue
[2023-07-07T12:39:44.982+0000] {logging_mixin.py:120} INFO - [2023-07-07T12:39:44.982+0000] {dagbag.py:537} INFO - Filling up the DagBag from /opt/airflow/dags/parallel_dag.py
[2023-07-07T12:39:44.992+0000] {processor.py:766} INFO - DAG(s) dict_keys(['parallel_dag']) retrieved from /opt/airflow/dags/parallel_dag.py
[2023-07-07T12:39:45.015+0000] {logging_mixin.py:120} INFO - [2023-07-07T12:39:45.015+0000] {dag.py:2585} INFO - Sync 1 DAGs
[2023-07-07T12:39:45.031+0000] {logging_mixin.py:120} INFO - [2023-07-07T12:39:45.031+0000] {dag.py:3340} INFO - Setting next_dagrun for parallel_dag to 2023-07-07T00:00:00+00:00, run_after=2023-07-08T00:00:00+00:00
[2023-07-07T12:39:45.041+0000] {processor.py:176} INFO - Processing /opt/airflow/dags/parallel_dag.py took 0.062 seconds
[2023-07-07T12:40:15.187+0000] {processor.py:154} INFO - Started process (PID=607) to work on /opt/airflow/dags/parallel_dag.py
[2023-07-07T12:40:15.190+0000] {processor.py:756} INFO - Processing file /opt/airflow/dags/parallel_dag.py for tasks to queue
[2023-07-07T12:40:15.191+0000] {logging_mixin.py:120} INFO - [2023-07-07T12:40:15.191+0000] {dagbag.py:537} INFO - Filling up the DagBag from /opt/airflow/dags/parallel_dag.py
[2023-07-07T12:40:15.200+0000] {processor.py:766} INFO - DAG(s) dict_keys(['parallel_dag']) retrieved from /opt/airflow/dags/parallel_dag.py
[2023-07-07T12:40:15.225+0000] {logging_mixin.py:120} INFO - [2023-07-07T12:40:15.225+0000] {dag.py:2585} INFO - Sync 1 DAGs
[2023-07-07T12:40:15.243+0000] {logging_mixin.py:120} INFO - [2023-07-07T12:40:15.242+0000] {dag.py:3340} INFO - Setting next_dagrun for parallel_dag to 2023-07-07T00:00:00+00:00, run_after=2023-07-08T00:00:00+00:00
[2023-07-07T12:40:15.256+0000] {processor.py:176} INFO - Processing /opt/airflow/dags/parallel_dag.py took 0.072 seconds
[2023-07-07T12:40:45.414+0000] {processor.py:154} INFO - Started process (PID=639) to work on /opt/airflow/dags/parallel_dag.py
[2023-07-07T12:40:45.415+0000] {processor.py:756} INFO - Processing file /opt/airflow/dags/parallel_dag.py for tasks to queue
[2023-07-07T12:40:45.415+0000] {logging_mixin.py:120} INFO - [2023-07-07T12:40:45.415+0000] {dagbag.py:537} INFO - Filling up the DagBag from /opt/airflow/dags/parallel_dag.py
[2023-07-07T12:40:45.425+0000] {processor.py:766} INFO - DAG(s) dict_keys(['parallel_dag']) retrieved from /opt/airflow/dags/parallel_dag.py
[2023-07-07T12:40:45.448+0000] {logging_mixin.py:120} INFO - [2023-07-07T12:40:45.448+0000] {dag.py:2585} INFO - Sync 1 DAGs
[2023-07-07T12:40:45.464+0000] {logging_mixin.py:120} INFO - [2023-07-07T12:40:45.464+0000] {dag.py:3340} INFO - Setting next_dagrun for parallel_dag to 2023-07-07T00:00:00+00:00, run_after=2023-07-08T00:00:00+00:00
[2023-07-07T12:40:45.476+0000] {processor.py:176} INFO - Processing /opt/airflow/dags/parallel_dag.py took 0.063 seconds
[2023-07-07T12:41:15.653+0000] {processor.py:154} INFO - Started process (PID=671) to work on /opt/airflow/dags/parallel_dag.py
[2023-07-07T12:41:15.653+0000] {processor.py:756} INFO - Processing file /opt/airflow/dags/parallel_dag.py for tasks to queue
[2023-07-07T12:41:15.654+0000] {logging_mixin.py:120} INFO - [2023-07-07T12:41:15.654+0000] {dagbag.py:537} INFO - Filling up the DagBag from /opt/airflow/dags/parallel_dag.py
[2023-07-07T12:41:15.664+0000] {processor.py:766} INFO - DAG(s) dict_keys(['parallel_dag']) retrieved from /opt/airflow/dags/parallel_dag.py
[2023-07-07T12:41:15.687+0000] {logging_mixin.py:120} INFO - [2023-07-07T12:41:15.687+0000] {dag.py:2585} INFO - Sync 1 DAGs
[2023-07-07T12:41:15.704+0000] {logging_mixin.py:120} INFO - [2023-07-07T12:41:15.704+0000] {dag.py:3340} INFO - Setting next_dagrun for parallel_dag to 2023-07-07T00:00:00+00:00, run_after=2023-07-08T00:00:00+00:00
[2023-07-07T12:41:15.716+0000] {processor.py:176} INFO - Processing /opt/airflow/dags/parallel_dag.py took 0.065 seconds
[2023-07-07T12:41:45.927+0000] {processor.py:154} INFO - Started process (PID=694) to work on /opt/airflow/dags/parallel_dag.py
[2023-07-07T12:41:45.927+0000] {processor.py:756} INFO - Processing file /opt/airflow/dags/parallel_dag.py for tasks to queue
[2023-07-07T12:41:45.927+0000] {logging_mixin.py:120} INFO - [2023-07-07T12:41:45.927+0000] {dagbag.py:537} INFO - Filling up the DagBag from /opt/airflow/dags/parallel_dag.py
[2023-07-07T12:41:45.944+0000] {processor.py:766} INFO - DAG(s) dict_keys(['parallel_dag']) retrieved from /opt/airflow/dags/parallel_dag.py
[2023-07-07T12:41:45.969+0000] {logging_mixin.py:120} INFO - [2023-07-07T12:41:45.969+0000] {dag.py:2585} INFO - Sync 1 DAGs
[2023-07-07T12:41:45.984+0000] {logging_mixin.py:120} INFO - [2023-07-07T12:41:45.984+0000] {dag.py:3340} INFO - Setting next_dagrun for parallel_dag to 2023-07-07T00:00:00+00:00, run_after=2023-07-08T00:00:00+00:00
[2023-07-07T12:41:45.995+0000] {processor.py:176} INFO - Processing /opt/airflow/dags/parallel_dag.py took 0.070 seconds
[2023-07-07T12:42:16.194+0000] {processor.py:154} INFO - Started process (PID=726) to work on /opt/airflow/dags/parallel_dag.py
[2023-07-07T12:42:16.196+0000] {processor.py:756} INFO - Processing file /opt/airflow/dags/parallel_dag.py for tasks to queue
[2023-07-07T12:42:16.196+0000] {logging_mixin.py:120} INFO - [2023-07-07T12:42:16.196+0000] {dagbag.py:537} INFO - Filling up the DagBag from /opt/airflow/dags/parallel_dag.py
[2023-07-07T12:42:16.206+0000] {processor.py:766} INFO - DAG(s) dict_keys(['parallel_dag']) retrieved from /opt/airflow/dags/parallel_dag.py
[2023-07-07T12:42:16.230+0000] {logging_mixin.py:120} INFO - [2023-07-07T12:42:16.229+0000] {dag.py:2585} INFO - Sync 1 DAGs
[2023-07-07T12:42:16.246+0000] {logging_mixin.py:120} INFO - [2023-07-07T12:42:16.246+0000] {dag.py:3340} INFO - Setting next_dagrun for parallel_dag to 2023-07-07T00:00:00+00:00, run_after=2023-07-08T00:00:00+00:00
[2023-07-07T12:42:16.255+0000] {processor.py:176} INFO - Processing /opt/airflow/dags/parallel_dag.py took 0.063 seconds
[2023-07-07T12:42:46.422+0000] {processor.py:154} INFO - Started process (PID=758) to work on /opt/airflow/dags/parallel_dag.py
[2023-07-07T12:42:46.423+0000] {processor.py:756} INFO - Processing file /opt/airflow/dags/parallel_dag.py for tasks to queue
[2023-07-07T12:42:46.424+0000] {logging_mixin.py:120} INFO - [2023-07-07T12:42:46.424+0000] {dagbag.py:537} INFO - Filling up the DagBag from /opt/airflow/dags/parallel_dag.py
[2023-07-07T12:42:46.438+0000] {processor.py:766} INFO - DAG(s) dict_keys(['parallel_dag']) retrieved from /opt/airflow/dags/parallel_dag.py
[2023-07-07T12:42:46.462+0000] {logging_mixin.py:120} INFO - [2023-07-07T12:42:46.462+0000] {dag.py:2585} INFO - Sync 1 DAGs
[2023-07-07T12:42:46.478+0000] {logging_mixin.py:120} INFO - [2023-07-07T12:42:46.478+0000] {dag.py:3340} INFO - Setting next_dagrun for parallel_dag to 2023-07-07T00:00:00+00:00, run_after=2023-07-08T00:00:00+00:00
[2023-07-07T12:42:46.489+0000] {processor.py:176} INFO - Processing /opt/airflow/dags/parallel_dag.py took 0.071 seconds
[2023-07-07T12:43:16.681+0000] {processor.py:154} INFO - Started process (PID=790) to work on /opt/airflow/dags/parallel_dag.py
[2023-07-07T12:43:16.685+0000] {processor.py:756} INFO - Processing file /opt/airflow/dags/parallel_dag.py for tasks to queue
[2023-07-07T12:43:16.686+0000] {logging_mixin.py:120} INFO - [2023-07-07T12:43:16.685+0000] {dagbag.py:537} INFO - Filling up the DagBag from /opt/airflow/dags/parallel_dag.py
[2023-07-07T12:43:16.697+0000] {processor.py:766} INFO - DAG(s) dict_keys(['parallel_dag']) retrieved from /opt/airflow/dags/parallel_dag.py
[2023-07-07T12:43:16.721+0000] {logging_mixin.py:120} INFO - [2023-07-07T12:43:16.720+0000] {dag.py:2585} INFO - Sync 1 DAGs
[2023-07-07T12:43:16.737+0000] {logging_mixin.py:120} INFO - [2023-07-07T12:43:16.736+0000] {dag.py:3340} INFO - Setting next_dagrun for parallel_dag to 2023-07-07T00:00:00+00:00, run_after=2023-07-08T00:00:00+00:00
[2023-07-07T12:43:16.749+0000] {processor.py:176} INFO - Processing /opt/airflow/dags/parallel_dag.py took 0.069 seconds
[2023-07-07T12:43:46.935+0000] {processor.py:154} INFO - Started process (PID=820) to work on /opt/airflow/dags/parallel_dag.py
[2023-07-07T12:43:46.935+0000] {processor.py:756} INFO - Processing file /opt/airflow/dags/parallel_dag.py for tasks to queue
[2023-07-07T12:43:46.936+0000] {logging_mixin.py:120} INFO - [2023-07-07T12:43:46.936+0000] {dagbag.py:537} INFO - Filling up the DagBag from /opt/airflow/dags/parallel_dag.py
[2023-07-07T12:43:46.946+0000] {processor.py:766} INFO - DAG(s) dict_keys(['parallel_dag']) retrieved from /opt/airflow/dags/parallel_dag.py
[2023-07-07T12:43:46.968+0000] {logging_mixin.py:120} INFO - [2023-07-07T12:43:46.968+0000] {dag.py:2585} INFO - Sync 1 DAGs
[2023-07-07T12:43:46.983+0000] {logging_mixin.py:120} INFO - [2023-07-07T12:43:46.983+0000] {dag.py:3340} INFO - Setting next_dagrun for parallel_dag to 2023-07-07T00:00:00+00:00, run_after=2023-07-08T00:00:00+00:00
[2023-07-07T12:43:46.995+0000] {processor.py:176} INFO - Processing /opt/airflow/dags/parallel_dag.py took 0.061 seconds
[2023-07-07T12:44:17.197+0000] {processor.py:154} INFO - Started process (PID=843) to work on /opt/airflow/dags/parallel_dag.py
[2023-07-07T12:44:17.201+0000] {processor.py:756} INFO - Processing file /opt/airflow/dags/parallel_dag.py for tasks to queue
[2023-07-07T12:44:17.202+0000] {logging_mixin.py:120} INFO - [2023-07-07T12:44:17.202+0000] {dagbag.py:537} INFO - Filling up the DagBag from /opt/airflow/dags/parallel_dag.py
[2023-07-07T12:44:17.226+0000] {processor.py:766} INFO - DAG(s) dict_keys(['parallel_dag']) retrieved from /opt/airflow/dags/parallel_dag.py
[2023-07-07T12:44:17.248+0000] {logging_mixin.py:120} INFO - [2023-07-07T12:44:17.248+0000] {dag.py:2585} INFO - Sync 1 DAGs
[2023-07-07T12:44:17.263+0000] {logging_mixin.py:120} INFO - [2023-07-07T12:44:17.263+0000] {dag.py:3340} INFO - Setting next_dagrun for parallel_dag to 2023-07-07T00:00:00+00:00, run_after=2023-07-08T00:00:00+00:00
[2023-07-07T12:44:17.276+0000] {processor.py:176} INFO - Processing /opt/airflow/dags/parallel_dag.py took 0.086 seconds
[2023-07-07T12:44:47.363+0000] {processor.py:154} INFO - Started process (PID=873) to work on /opt/airflow/dags/parallel_dag.py
[2023-07-07T12:44:47.363+0000] {processor.py:756} INFO - Processing file /opt/airflow/dags/parallel_dag.py for tasks to queue
[2023-07-07T12:44:47.363+0000] {logging_mixin.py:120} INFO - [2023-07-07T12:44:47.363+0000] {dagbag.py:537} INFO - Filling up the DagBag from /opt/airflow/dags/parallel_dag.py
[2023-07-07T12:44:47.374+0000] {processor.py:766} INFO - DAG(s) dict_keys(['parallel_dag']) retrieved from /opt/airflow/dags/parallel_dag.py
[2023-07-07T12:44:47.396+0000] {logging_mixin.py:120} INFO - [2023-07-07T12:44:47.396+0000] {dag.py:2585} INFO - Sync 1 DAGs
[2023-07-07T12:44:47.413+0000] {logging_mixin.py:120} INFO - [2023-07-07T12:44:47.413+0000] {dag.py:3340} INFO - Setting next_dagrun for parallel_dag to 2023-07-07T00:00:00+00:00, run_after=2023-07-08T00:00:00+00:00
[2023-07-07T12:44:47.425+0000] {processor.py:176} INFO - Processing /opt/airflow/dags/parallel_dag.py took 0.064 seconds
[2023-07-07T12:45:17.625+0000] {processor.py:154} INFO - Started process (PID=905) to work on /opt/airflow/dags/parallel_dag.py
[2023-07-07T12:45:17.630+0000] {processor.py:756} INFO - Processing file /opt/airflow/dags/parallel_dag.py for tasks to queue
[2023-07-07T12:45:17.631+0000] {logging_mixin.py:120} INFO - [2023-07-07T12:45:17.631+0000] {dagbag.py:537} INFO - Filling up the DagBag from /opt/airflow/dags/parallel_dag.py
[2023-07-07T12:45:17.649+0000] {processor.py:766} INFO - DAG(s) dict_keys(['parallel_dag']) retrieved from /opt/airflow/dags/parallel_dag.py
[2023-07-07T12:45:17.671+0000] {logging_mixin.py:120} INFO - [2023-07-07T12:45:17.671+0000] {dag.py:2585} INFO - Sync 1 DAGs
[2023-07-07T12:45:17.687+0000] {logging_mixin.py:120} INFO - [2023-07-07T12:45:17.687+0000] {dag.py:3340} INFO - Setting next_dagrun for parallel_dag to 2023-07-07T00:00:00+00:00, run_after=2023-07-08T00:00:00+00:00
[2023-07-07T12:45:17.697+0000] {processor.py:176} INFO - Processing /opt/airflow/dags/parallel_dag.py took 0.078 seconds
[2023-07-07T12:45:47.890+0000] {processor.py:154} INFO - Started process (PID=937) to work on /opt/airflow/dags/parallel_dag.py
[2023-07-07T12:45:47.891+0000] {processor.py:756} INFO - Processing file /opt/airflow/dags/parallel_dag.py for tasks to queue
[2023-07-07T12:45:47.892+0000] {logging_mixin.py:120} INFO - [2023-07-07T12:45:47.892+0000] {dagbag.py:537} INFO - Filling up the DagBag from /opt/airflow/dags/parallel_dag.py
[2023-07-07T12:45:47.906+0000] {processor.py:766} INFO - DAG(s) dict_keys(['parallel_dag']) retrieved from /opt/airflow/dags/parallel_dag.py
[2023-07-07T12:45:47.928+0000] {logging_mixin.py:120} INFO - [2023-07-07T12:45:47.928+0000] {dag.py:2585} INFO - Sync 1 DAGs
[2023-07-07T12:45:47.944+0000] {logging_mixin.py:120} INFO - [2023-07-07T12:45:47.944+0000] {dag.py:3340} INFO - Setting next_dagrun for parallel_dag to 2023-07-07T00:00:00+00:00, run_after=2023-07-08T00:00:00+00:00
[2023-07-07T12:45:47.955+0000] {processor.py:176} INFO - Processing /opt/airflow/dags/parallel_dag.py took 0.067 seconds
[2023-07-07T12:46:18.161+0000] {processor.py:154} INFO - Started process (PID=969) to work on /opt/airflow/dags/parallel_dag.py
[2023-07-07T12:46:18.165+0000] {processor.py:756} INFO - Processing file /opt/airflow/dags/parallel_dag.py for tasks to queue
[2023-07-07T12:46:18.167+0000] {logging_mixin.py:120} INFO - [2023-07-07T12:46:18.167+0000] {dagbag.py:537} INFO - Filling up the DagBag from /opt/airflow/dags/parallel_dag.py
[2023-07-07T12:46:18.186+0000] {processor.py:766} INFO - DAG(s) dict_keys(['parallel_dag']) retrieved from /opt/airflow/dags/parallel_dag.py
[2023-07-07T12:46:18.208+0000] {logging_mixin.py:120} INFO - [2023-07-07T12:46:18.208+0000] {dag.py:2585} INFO - Sync 1 DAGs
[2023-07-07T12:46:18.223+0000] {logging_mixin.py:120} INFO - [2023-07-07T12:46:18.223+0000] {dag.py:3340} INFO - Setting next_dagrun for parallel_dag to 2023-07-07T00:00:00+00:00, run_after=2023-07-08T00:00:00+00:00
[2023-07-07T12:46:18.235+0000] {processor.py:176} INFO - Processing /opt/airflow/dags/parallel_dag.py took 0.077 seconds
[2023-07-07T12:47:20.356+0000] {processor.py:154} INFO - Started process (PID=37) to work on /opt/airflow/dags/parallel_dag.py
[2023-07-07T12:47:20.357+0000] {processor.py:756} INFO - Processing file /opt/airflow/dags/parallel_dag.py for tasks to queue
[2023-07-07T12:47:20.357+0000] {logging_mixin.py:120} INFO - [2023-07-07T12:47:20.357+0000] {dagbag.py:537} INFO - Filling up the DagBag from /opt/airflow/dags/parallel_dag.py
[2023-07-07T12:47:20.380+0000] {processor.py:766} INFO - DAG(s) dict_keys(['parallel_dag']) retrieved from /opt/airflow/dags/parallel_dag.py
[2023-07-07T12:47:20.417+0000] {logging_mixin.py:120} INFO - [2023-07-07T12:47:20.417+0000] {dag.py:2585} INFO - Sync 1 DAGs
[2023-07-07T12:47:20.438+0000] {logging_mixin.py:120} INFO - [2023-07-07T12:47:20.438+0000] {dag.py:3340} INFO - Setting next_dagrun for parallel_dag to 2023-07-07T00:00:00+00:00, run_after=2023-07-08T00:00:00+00:00
[2023-07-07T12:47:20.456+0000] {processor.py:176} INFO - Processing /opt/airflow/dags/parallel_dag.py took 0.103 seconds
