[2023-07-07T12:00:23.775+0000] {processor.py:154} INFO - Started process (PID=36) to work on /opt/airflow/dags/producer.py
[2023-07-07T12:00:23.776+0000] {processor.py:756} INFO - Processing file /opt/airflow/dags/producer.py for tasks to queue
[2023-07-07T12:00:23.777+0000] {logging_mixin.py:120} INFO - [2023-07-07T12:00:23.776+0000] {dagbag.py:537} INFO - Filling up the DagBag from /opt/airflow/dags/producer.py
[2023-07-07T12:00:23.797+0000] {processor.py:766} INFO - DAG(s) dict_keys(['producer']) retrieved from /opt/airflow/dags/producer.py
[2023-07-07T12:00:23.854+0000] {logging_mixin.py:120} INFO - [2023-07-07T12:00:23.854+0000] {dag.py:2585} INFO - Sync 1 DAGs
[2023-07-07T12:00:23.878+0000] {logging_mixin.py:120} INFO - [2023-07-07T12:00:23.878+0000] {dag.py:3340} INFO - Setting next_dagrun for producer to 2023-07-07T00:00:00+00:00, run_after=2023-07-08T00:00:00+00:00
[2023-07-07T12:00:23.896+0000] {processor.py:176} INFO - Processing /opt/airflow/dags/producer.py took 0.122 seconds
[2023-07-07T12:00:54.844+0000] {processor.py:154} INFO - Started process (PID=102) to work on /opt/airflow/dags/producer.py
[2023-07-07T12:00:54.848+0000] {processor.py:756} INFO - Processing file /opt/airflow/dags/producer.py for tasks to queue
[2023-07-07T12:00:54.848+0000] {logging_mixin.py:120} INFO - [2023-07-07T12:00:54.848+0000] {dagbag.py:537} INFO - Filling up the DagBag from /opt/airflow/dags/producer.py
[2023-07-07T12:00:54.862+0000] {processor.py:766} INFO - DAG(s) dict_keys(['producer']) retrieved from /opt/airflow/dags/producer.py
[2023-07-07T12:00:54.883+0000] {logging_mixin.py:120} INFO - [2023-07-07T12:00:54.883+0000] {dag.py:2585} INFO - Sync 1 DAGs
[2023-07-07T12:00:54.898+0000] {logging_mixin.py:120} INFO - [2023-07-07T12:00:54.898+0000] {dag.py:3340} INFO - Setting next_dagrun for producer to 2023-07-07T00:00:00+00:00, run_after=2023-07-08T00:00:00+00:00
[2023-07-07T12:00:54.912+0000] {processor.py:176} INFO - Processing /opt/airflow/dags/producer.py took 0.069 seconds
[2023-07-07T12:01:25.924+0000] {processor.py:154} INFO - Started process (PID=171) to work on /opt/airflow/dags/producer.py
[2023-07-07T12:01:25.928+0000] {processor.py:756} INFO - Processing file /opt/airflow/dags/producer.py for tasks to queue
[2023-07-07T12:01:25.928+0000] {logging_mixin.py:120} INFO - [2023-07-07T12:01:25.928+0000] {dagbag.py:537} INFO - Filling up the DagBag from /opt/airflow/dags/producer.py
[2023-07-07T12:01:25.942+0000] {processor.py:766} INFO - DAG(s) dict_keys(['producer']) retrieved from /opt/airflow/dags/producer.py
[2023-07-07T12:01:25.963+0000] {logging_mixin.py:120} INFO - [2023-07-07T12:01:25.963+0000] {dag.py:2585} INFO - Sync 1 DAGs
[2023-07-07T12:01:25.979+0000] {logging_mixin.py:120} INFO - [2023-07-07T12:01:25.979+0000] {dag.py:3340} INFO - Setting next_dagrun for producer to 2023-07-07T00:00:00+00:00, run_after=2023-07-08T00:00:00+00:00
[2023-07-07T12:01:25.993+0000] {processor.py:176} INFO - Processing /opt/airflow/dags/producer.py took 0.071 seconds
[2023-07-07T12:01:56.502+0000] {processor.py:154} INFO - Started process (PID=238) to work on /opt/airflow/dags/producer.py
[2023-07-07T12:01:56.503+0000] {processor.py:756} INFO - Processing file /opt/airflow/dags/producer.py for tasks to queue
[2023-07-07T12:01:56.504+0000] {logging_mixin.py:120} INFO - [2023-07-07T12:01:56.504+0000] {dagbag.py:537} INFO - Filling up the DagBag from /opt/airflow/dags/producer.py
[2023-07-07T12:01:56.526+0000] {processor.py:766} INFO - DAG(s) dict_keys(['producer']) retrieved from /opt/airflow/dags/producer.py
[2023-07-07T12:01:56.559+0000] {logging_mixin.py:120} INFO - [2023-07-07T12:01:56.559+0000] {dag.py:2585} INFO - Sync 1 DAGs
[2023-07-07T12:01:56.584+0000] {logging_mixin.py:120} INFO - [2023-07-07T12:01:56.584+0000] {dag.py:3340} INFO - Setting next_dagrun for producer to 2023-07-07T00:00:00+00:00, run_after=2023-07-08T00:00:00+00:00
[2023-07-07T12:01:56.616+0000] {processor.py:176} INFO - Processing /opt/airflow/dags/producer.py took 0.117 seconds
[2023-07-07T12:02:33.866+0000] {processor.py:154} INFO - Started process (PID=37) to work on /opt/airflow/dags/producer.py
[2023-07-07T12:02:33.867+0000] {processor.py:756} INFO - Processing file /opt/airflow/dags/producer.py for tasks to queue
[2023-07-07T12:02:33.868+0000] {logging_mixin.py:120} INFO - [2023-07-07T12:02:33.867+0000] {dagbag.py:537} INFO - Filling up the DagBag from /opt/airflow/dags/producer.py
[2023-07-07T12:02:33.895+0000] {processor.py:766} INFO - DAG(s) dict_keys(['producer']) retrieved from /opt/airflow/dags/producer.py
[2023-07-07T12:02:33.928+0000] {logging_mixin.py:120} INFO - [2023-07-07T12:02:33.928+0000] {dag.py:2585} INFO - Sync 1 DAGs
[2023-07-07T12:02:33.947+0000] {logging_mixin.py:120} INFO - [2023-07-07T12:02:33.947+0000] {dag.py:3340} INFO - Setting next_dagrun for producer to 2023-07-07T00:00:00+00:00, run_after=2023-07-08T00:00:00+00:00
[2023-07-07T12:02:33.970+0000] {processor.py:176} INFO - Processing /opt/airflow/dags/producer.py took 0.107 seconds
[2023-07-07T12:03:04.252+0000] {processor.py:154} INFO - Started process (PID=104) to work on /opt/airflow/dags/producer.py
[2023-07-07T12:03:04.252+0000] {processor.py:756} INFO - Processing file /opt/airflow/dags/producer.py for tasks to queue
[2023-07-07T12:03:04.253+0000] {logging_mixin.py:120} INFO - [2023-07-07T12:03:04.253+0000] {dagbag.py:537} INFO - Filling up the DagBag from /opt/airflow/dags/producer.py
[2023-07-07T12:03:04.267+0000] {processor.py:766} INFO - DAG(s) dict_keys(['producer']) retrieved from /opt/airflow/dags/producer.py
[2023-07-07T12:03:04.290+0000] {logging_mixin.py:120} INFO - [2023-07-07T12:03:04.290+0000] {dag.py:2585} INFO - Sync 1 DAGs
[2023-07-07T12:03:04.310+0000] {logging_mixin.py:120} INFO - [2023-07-07T12:03:04.310+0000] {dag.py:3340} INFO - Setting next_dagrun for producer to 2023-07-07T00:00:00+00:00, run_after=2023-07-08T00:00:00+00:00
[2023-07-07T12:03:04.326+0000] {processor.py:176} INFO - Processing /opt/airflow/dags/producer.py took 0.076 seconds
[2023-07-07T12:03:34.391+0000] {processor.py:154} INFO - Started process (PID=163) to work on /opt/airflow/dags/producer.py
[2023-07-07T12:03:34.391+0000] {processor.py:756} INFO - Processing file /opt/airflow/dags/producer.py for tasks to queue
[2023-07-07T12:03:34.392+0000] {logging_mixin.py:120} INFO - [2023-07-07T12:03:34.392+0000] {dagbag.py:537} INFO - Filling up the DagBag from /opt/airflow/dags/producer.py
[2023-07-07T12:03:34.407+0000] {processor.py:766} INFO - DAG(s) dict_keys(['producer']) retrieved from /opt/airflow/dags/producer.py
[2023-07-07T12:03:34.434+0000] {logging_mixin.py:120} INFO - [2023-07-07T12:03:34.434+0000] {dag.py:2585} INFO - Sync 1 DAGs
[2023-07-07T12:03:34.456+0000] {logging_mixin.py:120} INFO - [2023-07-07T12:03:34.456+0000] {dag.py:3340} INFO - Setting next_dagrun for producer to 2023-07-07T00:00:00+00:00, run_after=2023-07-08T00:00:00+00:00
[2023-07-07T12:03:34.475+0000] {processor.py:176} INFO - Processing /opt/airflow/dags/producer.py took 0.086 seconds
[2023-07-07T12:04:04.746+0000] {processor.py:154} INFO - Started process (PID=231) to work on /opt/airflow/dags/producer.py
[2023-07-07T12:04:04.747+0000] {processor.py:756} INFO - Processing file /opt/airflow/dags/producer.py for tasks to queue
[2023-07-07T12:04:04.747+0000] {logging_mixin.py:120} INFO - [2023-07-07T12:04:04.747+0000] {dagbag.py:537} INFO - Filling up the DagBag from /opt/airflow/dags/producer.py
[2023-07-07T12:04:04.760+0000] {processor.py:766} INFO - DAG(s) dict_keys(['producer']) retrieved from /opt/airflow/dags/producer.py
[2023-07-07T12:04:04.785+0000] {logging_mixin.py:120} INFO - [2023-07-07T12:04:04.785+0000] {dag.py:2585} INFO - Sync 1 DAGs
[2023-07-07T12:04:04.800+0000] {logging_mixin.py:120} INFO - [2023-07-07T12:04:04.800+0000] {dag.py:3340} INFO - Setting next_dagrun for producer to 2023-07-07T00:00:00+00:00, run_after=2023-07-08T00:00:00+00:00
[2023-07-07T12:04:04.817+0000] {processor.py:176} INFO - Processing /opt/airflow/dags/producer.py took 0.073 seconds
[2023-07-07T12:04:35.027+0000] {processor.py:154} INFO - Started process (PID=298) to work on /opt/airflow/dags/producer.py
[2023-07-07T12:04:35.028+0000] {processor.py:756} INFO - Processing file /opt/airflow/dags/producer.py for tasks to queue
[2023-07-07T12:04:35.029+0000] {logging_mixin.py:120} INFO - [2023-07-07T12:04:35.028+0000] {dagbag.py:537} INFO - Filling up the DagBag from /opt/airflow/dags/producer.py
[2023-07-07T12:04:35.041+0000] {processor.py:766} INFO - DAG(s) dict_keys(['producer']) retrieved from /opt/airflow/dags/producer.py
[2023-07-07T12:04:35.064+0000] {logging_mixin.py:120} INFO - [2023-07-07T12:04:35.064+0000] {dag.py:2585} INFO - Sync 1 DAGs
[2023-07-07T12:04:35.080+0000] {logging_mixin.py:120} INFO - [2023-07-07T12:04:35.080+0000] {dag.py:3340} INFO - Setting next_dagrun for producer to 2023-07-07T00:00:00+00:00, run_after=2023-07-08T00:00:00+00:00
[2023-07-07T12:04:35.097+0000] {processor.py:176} INFO - Processing /opt/airflow/dags/producer.py took 0.072 seconds
[2023-07-07T12:05:05.222+0000] {processor.py:154} INFO - Started process (PID=365) to work on /opt/airflow/dags/producer.py
[2023-07-07T12:05:05.226+0000] {processor.py:756} INFO - Processing file /opt/airflow/dags/producer.py for tasks to queue
[2023-07-07T12:05:05.226+0000] {logging_mixin.py:120} INFO - [2023-07-07T12:05:05.226+0000] {dagbag.py:537} INFO - Filling up the DagBag from /opt/airflow/dags/producer.py
[2023-07-07T12:05:05.239+0000] {processor.py:766} INFO - DAG(s) dict_keys(['producer']) retrieved from /opt/airflow/dags/producer.py
[2023-07-07T12:05:05.261+0000] {logging_mixin.py:120} INFO - [2023-07-07T12:05:05.261+0000] {dag.py:2585} INFO - Sync 1 DAGs
[2023-07-07T12:05:05.276+0000] {logging_mixin.py:120} INFO - [2023-07-07T12:05:05.276+0000] {dag.py:3340} INFO - Setting next_dagrun for producer to 2023-07-07T00:00:00+00:00, run_after=2023-07-08T00:00:00+00:00
[2023-07-07T12:05:05.291+0000] {processor.py:176} INFO - Processing /opt/airflow/dags/producer.py took 0.071 seconds
[2023-07-07T12:05:36.277+0000] {processor.py:154} INFO - Started process (PID=433) to work on /opt/airflow/dags/producer.py
[2023-07-07T12:05:36.280+0000] {processor.py:756} INFO - Processing file /opt/airflow/dags/producer.py for tasks to queue
[2023-07-07T12:05:36.281+0000] {logging_mixin.py:120} INFO - [2023-07-07T12:05:36.281+0000] {dagbag.py:537} INFO - Filling up the DagBag from /opt/airflow/dags/producer.py
[2023-07-07T12:05:36.295+0000] {processor.py:766} INFO - DAG(s) dict_keys(['producer']) retrieved from /opt/airflow/dags/producer.py
[2023-07-07T12:05:36.322+0000] {logging_mixin.py:120} INFO - [2023-07-07T12:05:36.322+0000] {dag.py:2585} INFO - Sync 1 DAGs
[2023-07-07T12:05:36.340+0000] {logging_mixin.py:120} INFO - [2023-07-07T12:05:36.340+0000] {dag.py:3340} INFO - Setting next_dagrun for producer to 2023-07-07T00:00:00+00:00, run_after=2023-07-08T00:00:00+00:00
[2023-07-07T12:05:36.358+0000] {processor.py:176} INFO - Processing /opt/airflow/dags/producer.py took 0.083 seconds
[2023-07-07T12:06:06.581+0000] {processor.py:154} INFO - Started process (PID=491) to work on /opt/airflow/dags/producer.py
[2023-07-07T12:06:06.584+0000] {processor.py:756} INFO - Processing file /opt/airflow/dags/producer.py for tasks to queue
[2023-07-07T12:06:06.585+0000] {logging_mixin.py:120} INFO - [2023-07-07T12:06:06.585+0000] {dagbag.py:537} INFO - Filling up the DagBag from /opt/airflow/dags/producer.py
[2023-07-07T12:06:06.599+0000] {processor.py:766} INFO - DAG(s) dict_keys(['producer']) retrieved from /opt/airflow/dags/producer.py
[2023-07-07T12:06:06.622+0000] {logging_mixin.py:120} INFO - [2023-07-07T12:06:06.622+0000] {dag.py:2585} INFO - Sync 1 DAGs
[2023-07-07T12:06:06.639+0000] {logging_mixin.py:120} INFO - [2023-07-07T12:06:06.639+0000] {dag.py:3340} INFO - Setting next_dagrun for producer to 2023-07-07T00:00:00+00:00, run_after=2023-07-08T00:00:00+00:00
[2023-07-07T12:06:06.655+0000] {processor.py:176} INFO - Processing /opt/airflow/dags/producer.py took 0.076 seconds
[2023-07-07T12:06:36.941+0000] {processor.py:154} INFO - Started process (PID=557) to work on /opt/airflow/dags/producer.py
[2023-07-07T12:06:36.944+0000] {processor.py:756} INFO - Processing file /opt/airflow/dags/producer.py for tasks to queue
[2023-07-07T12:06:36.945+0000] {logging_mixin.py:120} INFO - [2023-07-07T12:06:36.945+0000] {dagbag.py:537} INFO - Filling up the DagBag from /opt/airflow/dags/producer.py
[2023-07-07T12:06:36.957+0000] {processor.py:766} INFO - DAG(s) dict_keys(['producer']) retrieved from /opt/airflow/dags/producer.py
[2023-07-07T12:06:36.978+0000] {logging_mixin.py:120} INFO - [2023-07-07T12:06:36.978+0000] {dag.py:2585} INFO - Sync 1 DAGs
[2023-07-07T12:06:36.995+0000] {logging_mixin.py:120} INFO - [2023-07-07T12:06:36.995+0000] {dag.py:3340} INFO - Setting next_dagrun for producer to 2023-07-07T00:00:00+00:00, run_after=2023-07-08T00:00:00+00:00
[2023-07-07T12:06:37.009+0000] {processor.py:176} INFO - Processing /opt/airflow/dags/producer.py took 0.071 seconds
[2023-07-07T12:07:08.023+0000] {processor.py:154} INFO - Started process (PID=624) to work on /opt/airflow/dags/producer.py
[2023-07-07T12:07:08.024+0000] {processor.py:756} INFO - Processing file /opt/airflow/dags/producer.py for tasks to queue
[2023-07-07T12:07:08.024+0000] {logging_mixin.py:120} INFO - [2023-07-07T12:07:08.024+0000] {dagbag.py:537} INFO - Filling up the DagBag from /opt/airflow/dags/producer.py
[2023-07-07T12:07:08.038+0000] {processor.py:766} INFO - DAG(s) dict_keys(['producer']) retrieved from /opt/airflow/dags/producer.py
[2023-07-07T12:07:08.064+0000] {logging_mixin.py:120} INFO - [2023-07-07T12:07:08.063+0000] {dag.py:2585} INFO - Sync 1 DAGs
[2023-07-07T12:07:08.080+0000] {logging_mixin.py:120} INFO - [2023-07-07T12:07:08.079+0000] {dag.py:3340} INFO - Setting next_dagrun for producer to 2023-07-07T00:00:00+00:00, run_after=2023-07-08T00:00:00+00:00
[2023-07-07T12:07:08.092+0000] {processor.py:176} INFO - Processing /opt/airflow/dags/producer.py took 0.073 seconds
[2023-07-07T12:07:38.259+0000] {processor.py:154} INFO - Started process (PID=691) to work on /opt/airflow/dags/producer.py
[2023-07-07T12:07:38.260+0000] {processor.py:756} INFO - Processing file /opt/airflow/dags/producer.py for tasks to queue
[2023-07-07T12:07:38.261+0000] {logging_mixin.py:120} INFO - [2023-07-07T12:07:38.261+0000] {dagbag.py:537} INFO - Filling up the DagBag from /opt/airflow/dags/producer.py
[2023-07-07T12:07:38.274+0000] {processor.py:766} INFO - DAG(s) dict_keys(['producer']) retrieved from /opt/airflow/dags/producer.py
[2023-07-07T12:07:38.298+0000] {logging_mixin.py:120} INFO - [2023-07-07T12:07:38.298+0000] {dag.py:2585} INFO - Sync 1 DAGs
[2023-07-07T12:07:38.313+0000] {logging_mixin.py:120} INFO - [2023-07-07T12:07:38.313+0000] {dag.py:3340} INFO - Setting next_dagrun for producer to 2023-07-07T00:00:00+00:00, run_after=2023-07-08T00:00:00+00:00
[2023-07-07T12:07:38.325+0000] {processor.py:176} INFO - Processing /opt/airflow/dags/producer.py took 0.068 seconds
[2023-07-07T12:08:08.448+0000] {processor.py:154} INFO - Started process (PID=758) to work on /opt/airflow/dags/producer.py
[2023-07-07T12:08:08.448+0000] {processor.py:756} INFO - Processing file /opt/airflow/dags/producer.py for tasks to queue
[2023-07-07T12:08:08.449+0000] {logging_mixin.py:120} INFO - [2023-07-07T12:08:08.449+0000] {dagbag.py:537} INFO - Filling up the DagBag from /opt/airflow/dags/producer.py
[2023-07-07T12:08:08.462+0000] {processor.py:766} INFO - DAG(s) dict_keys(['producer']) retrieved from /opt/airflow/dags/producer.py
[2023-07-07T12:08:08.485+0000] {logging_mixin.py:120} INFO - [2023-07-07T12:08:08.485+0000] {dag.py:2585} INFO - Sync 1 DAGs
[2023-07-07T12:08:08.500+0000] {logging_mixin.py:120} INFO - [2023-07-07T12:08:08.500+0000] {dag.py:3340} INFO - Setting next_dagrun for producer to 2023-07-07T00:00:00+00:00, run_after=2023-07-08T00:00:00+00:00
[2023-07-07T12:08:08.513+0000] {processor.py:176} INFO - Processing /opt/airflow/dags/producer.py took 0.068 seconds
[2023-07-07T12:08:38.743+0000] {processor.py:154} INFO - Started process (PID=816) to work on /opt/airflow/dags/producer.py
[2023-07-07T12:08:38.744+0000] {processor.py:756} INFO - Processing file /opt/airflow/dags/producer.py for tasks to queue
[2023-07-07T12:08:38.744+0000] {logging_mixin.py:120} INFO - [2023-07-07T12:08:38.744+0000] {dagbag.py:537} INFO - Filling up the DagBag from /opt/airflow/dags/producer.py
[2023-07-07T12:08:38.758+0000] {processor.py:766} INFO - DAG(s) dict_keys(['producer']) retrieved from /opt/airflow/dags/producer.py
[2023-07-07T12:08:38.781+0000] {logging_mixin.py:120} INFO - [2023-07-07T12:08:38.781+0000] {dag.py:2585} INFO - Sync 1 DAGs
[2023-07-07T12:08:38.798+0000] {logging_mixin.py:120} INFO - [2023-07-07T12:08:38.798+0000] {dag.py:3340} INFO - Setting next_dagrun for producer to 2023-07-07T00:00:00+00:00, run_after=2023-07-08T00:00:00+00:00
[2023-07-07T12:08:38.811+0000] {processor.py:176} INFO - Processing /opt/airflow/dags/producer.py took 0.070 seconds
[2023-07-07T12:09:09.012+0000] {processor.py:154} INFO - Started process (PID=883) to work on /opt/airflow/dags/producer.py
[2023-07-07T12:09:09.013+0000] {processor.py:756} INFO - Processing file /opt/airflow/dags/producer.py for tasks to queue
[2023-07-07T12:09:09.013+0000] {logging_mixin.py:120} INFO - [2023-07-07T12:09:09.013+0000] {dagbag.py:537} INFO - Filling up the DagBag from /opt/airflow/dags/producer.py
[2023-07-07T12:09:09.027+0000] {processor.py:766} INFO - DAG(s) dict_keys(['producer']) retrieved from /opt/airflow/dags/producer.py
[2023-07-07T12:09:09.052+0000] {logging_mixin.py:120} INFO - [2023-07-07T12:09:09.051+0000] {dag.py:2585} INFO - Sync 1 DAGs
[2023-07-07T12:09:09.067+0000] {logging_mixin.py:120} INFO - [2023-07-07T12:09:09.067+0000] {dag.py:3340} INFO - Setting next_dagrun for producer to 2023-07-07T00:00:00+00:00, run_after=2023-07-08T00:00:00+00:00
[2023-07-07T12:09:09.081+0000] {processor.py:176} INFO - Processing /opt/airflow/dags/producer.py took 0.073 seconds
[2023-07-07T12:09:39.308+0000] {processor.py:154} INFO - Started process (PID=950) to work on /opt/airflow/dags/producer.py
[2023-07-07T12:09:39.309+0000] {processor.py:756} INFO - Processing file /opt/airflow/dags/producer.py for tasks to queue
[2023-07-07T12:09:39.309+0000] {logging_mixin.py:120} INFO - [2023-07-07T12:09:39.309+0000] {dagbag.py:537} INFO - Filling up the DagBag from /opt/airflow/dags/producer.py
[2023-07-07T12:09:39.324+0000] {processor.py:766} INFO - DAG(s) dict_keys(['producer']) retrieved from /opt/airflow/dags/producer.py
[2023-07-07T12:09:39.353+0000] {logging_mixin.py:120} INFO - [2023-07-07T12:09:39.352+0000] {dag.py:2585} INFO - Sync 1 DAGs
[2023-07-07T12:09:39.369+0000] {logging_mixin.py:120} INFO - [2023-07-07T12:09:39.369+0000] {dag.py:3340} INFO - Setting next_dagrun for producer to 2023-07-07T00:00:00+00:00, run_after=2023-07-08T00:00:00+00:00
[2023-07-07T12:09:39.386+0000] {processor.py:176} INFO - Processing /opt/airflow/dags/producer.py took 0.080 seconds
[2023-07-07T12:10:09.472+0000] {processor.py:154} INFO - Started process (PID=1018) to work on /opt/airflow/dags/producer.py
[2023-07-07T12:10:09.472+0000] {processor.py:756} INFO - Processing file /opt/airflow/dags/producer.py for tasks to queue
[2023-07-07T12:10:09.473+0000] {logging_mixin.py:120} INFO - [2023-07-07T12:10:09.473+0000] {dagbag.py:537} INFO - Filling up the DagBag from /opt/airflow/dags/producer.py
[2023-07-07T12:10:09.490+0000] {processor.py:766} INFO - DAG(s) dict_keys(['producer']) retrieved from /opt/airflow/dags/producer.py
[2023-07-07T12:10:09.519+0000] {logging_mixin.py:120} INFO - [2023-07-07T12:10:09.518+0000] {dag.py:2585} INFO - Sync 1 DAGs
[2023-07-07T12:10:09.539+0000] {logging_mixin.py:120} INFO - [2023-07-07T12:10:09.539+0000] {dag.py:3340} INFO - Setting next_dagrun for producer to 2023-07-07T00:00:00+00:00, run_after=2023-07-08T00:00:00+00:00
[2023-07-07T12:10:09.558+0000] {processor.py:176} INFO - Processing /opt/airflow/dags/producer.py took 0.089 seconds
[2023-07-07T12:10:39.789+0000] {processor.py:154} INFO - Started process (PID=1076) to work on /opt/airflow/dags/producer.py
[2023-07-07T12:10:39.789+0000] {processor.py:756} INFO - Processing file /opt/airflow/dags/producer.py for tasks to queue
[2023-07-07T12:10:39.790+0000] {logging_mixin.py:120} INFO - [2023-07-07T12:10:39.790+0000] {dagbag.py:537} INFO - Filling up the DagBag from /opt/airflow/dags/producer.py
[2023-07-07T12:10:39.807+0000] {processor.py:766} INFO - DAG(s) dict_keys(['producer']) retrieved from /opt/airflow/dags/producer.py
[2023-07-07T12:10:39.837+0000] {logging_mixin.py:120} INFO - [2023-07-07T12:10:39.837+0000] {dag.py:2585} INFO - Sync 1 DAGs
[2023-07-07T12:10:39.857+0000] {logging_mixin.py:120} INFO - [2023-07-07T12:10:39.856+0000] {dag.py:3340} INFO - Setting next_dagrun for producer to 2023-07-07T00:00:00+00:00, run_after=2023-07-08T00:00:00+00:00
[2023-07-07T12:10:39.875+0000] {processor.py:176} INFO - Processing /opt/airflow/dags/producer.py took 0.088 seconds
[2023-07-07T12:11:10.063+0000] {processor.py:154} INFO - Started process (PID=1143) to work on /opt/airflow/dags/producer.py
[2023-07-07T12:11:10.063+0000] {processor.py:756} INFO - Processing file /opt/airflow/dags/producer.py for tasks to queue
[2023-07-07T12:11:10.064+0000] {logging_mixin.py:120} INFO - [2023-07-07T12:11:10.064+0000] {dagbag.py:537} INFO - Filling up the DagBag from /opt/airflow/dags/producer.py
[2023-07-07T12:11:10.079+0000] {processor.py:766} INFO - DAG(s) dict_keys(['producer']) retrieved from /opt/airflow/dags/producer.py
[2023-07-07T12:11:10.104+0000] {logging_mixin.py:120} INFO - [2023-07-07T12:11:10.104+0000] {dag.py:2585} INFO - Sync 1 DAGs
[2023-07-07T12:11:10.121+0000] {logging_mixin.py:120} INFO - [2023-07-07T12:11:10.121+0000] {dag.py:3340} INFO - Setting next_dagrun for producer to 2023-07-07T00:00:00+00:00, run_after=2023-07-08T00:00:00+00:00
[2023-07-07T12:11:10.136+0000] {processor.py:176} INFO - Processing /opt/airflow/dags/producer.py took 0.076 seconds
[2023-07-07T12:11:40.385+0000] {processor.py:154} INFO - Started process (PID=1209) to work on /opt/airflow/dags/producer.py
[2023-07-07T12:11:40.385+0000] {processor.py:756} INFO - Processing file /opt/airflow/dags/producer.py for tasks to queue
[2023-07-07T12:11:40.386+0000] {logging_mixin.py:120} INFO - [2023-07-07T12:11:40.386+0000] {dagbag.py:537} INFO - Filling up the DagBag from /opt/airflow/dags/producer.py
[2023-07-07T12:11:40.400+0000] {processor.py:766} INFO - DAG(s) dict_keys(['producer']) retrieved from /opt/airflow/dags/producer.py
[2023-07-07T12:11:40.427+0000] {logging_mixin.py:120} INFO - [2023-07-07T12:11:40.426+0000] {dag.py:2585} INFO - Sync 1 DAGs
[2023-07-07T12:11:40.444+0000] {logging_mixin.py:120} INFO - [2023-07-07T12:11:40.444+0000] {dag.py:3340} INFO - Setting next_dagrun for producer to 2023-07-07T00:00:00+00:00, run_after=2023-07-08T00:00:00+00:00
[2023-07-07T12:11:40.456+0000] {processor.py:176} INFO - Processing /opt/airflow/dags/producer.py took 0.074 seconds
[2023-07-07T12:12:10.606+0000] {processor.py:154} INFO - Started process (PID=1277) to work on /opt/airflow/dags/producer.py
[2023-07-07T12:12:10.607+0000] {processor.py:756} INFO - Processing file /opt/airflow/dags/producer.py for tasks to queue
[2023-07-07T12:12:10.608+0000] {logging_mixin.py:120} INFO - [2023-07-07T12:12:10.607+0000] {dagbag.py:537} INFO - Filling up the DagBag from /opt/airflow/dags/producer.py
[2023-07-07T12:12:10.632+0000] {processor.py:766} INFO - DAG(s) dict_keys(['producer']) retrieved from /opt/airflow/dags/producer.py
[2023-07-07T12:12:10.672+0000] {logging_mixin.py:120} INFO - [2023-07-07T12:12:10.672+0000] {dag.py:2585} INFO - Sync 1 DAGs
[2023-07-07T12:12:10.692+0000] {logging_mixin.py:120} INFO - [2023-07-07T12:12:10.692+0000] {dag.py:3340} INFO - Setting next_dagrun for producer to 2023-07-07T00:00:00+00:00, run_after=2023-07-08T00:00:00+00:00
[2023-07-07T12:12:10.710+0000] {processor.py:176} INFO - Processing /opt/airflow/dags/producer.py took 0.106 seconds
[2023-07-07T12:12:40.802+0000] {processor.py:154} INFO - Started process (PID=1344) to work on /opt/airflow/dags/producer.py
[2023-07-07T12:12:40.803+0000] {processor.py:756} INFO - Processing file /opt/airflow/dags/producer.py for tasks to queue
[2023-07-07T12:12:40.804+0000] {logging_mixin.py:120} INFO - [2023-07-07T12:12:40.803+0000] {dagbag.py:537} INFO - Filling up the DagBag from /opt/airflow/dags/producer.py
[2023-07-07T12:12:40.819+0000] {processor.py:766} INFO - DAG(s) dict_keys(['producer']) retrieved from /opt/airflow/dags/producer.py
[2023-07-07T12:12:40.847+0000] {logging_mixin.py:120} INFO - [2023-07-07T12:12:40.847+0000] {dag.py:2585} INFO - Sync 1 DAGs
[2023-07-07T12:12:40.867+0000] {logging_mixin.py:120} INFO - [2023-07-07T12:12:40.867+0000] {dag.py:3340} INFO - Setting next_dagrun for producer to 2023-07-07T00:00:00+00:00, run_after=2023-07-08T00:00:00+00:00
[2023-07-07T12:12:40.885+0000] {processor.py:176} INFO - Processing /opt/airflow/dags/producer.py took 0.084 seconds
[2023-07-07T12:13:11.092+0000] {processor.py:154} INFO - Started process (PID=1402) to work on /opt/airflow/dags/producer.py
[2023-07-07T12:13:11.093+0000] {processor.py:756} INFO - Processing file /opt/airflow/dags/producer.py for tasks to queue
[2023-07-07T12:13:11.093+0000] {logging_mixin.py:120} INFO - [2023-07-07T12:13:11.093+0000] {dagbag.py:537} INFO - Filling up the DagBag from /opt/airflow/dags/producer.py
[2023-07-07T12:13:11.107+0000] {processor.py:766} INFO - DAG(s) dict_keys(['producer']) retrieved from /opt/airflow/dags/producer.py
[2023-07-07T12:13:11.161+0000] {logging_mixin.py:120} INFO - [2023-07-07T12:13:11.161+0000] {dag.py:2585} INFO - Sync 1 DAGs
[2023-07-07T12:13:11.178+0000] {logging_mixin.py:120} INFO - [2023-07-07T12:13:11.178+0000] {dag.py:3340} INFO - Setting next_dagrun for producer to 2023-07-07T00:00:00+00:00, run_after=2023-07-08T00:00:00+00:00
[2023-07-07T12:13:11.193+0000] {processor.py:176} INFO - Processing /opt/airflow/dags/producer.py took 0.103 seconds
[2023-07-07T12:13:41.213+0000] {processor.py:154} INFO - Started process (PID=1470) to work on /opt/airflow/dags/producer.py
[2023-07-07T12:13:41.213+0000] {processor.py:756} INFO - Processing file /opt/airflow/dags/producer.py for tasks to queue
[2023-07-07T12:13:41.214+0000] {logging_mixin.py:120} INFO - [2023-07-07T12:13:41.214+0000] {dagbag.py:537} INFO - Filling up the DagBag from /opt/airflow/dags/producer.py
[2023-07-07T12:13:41.229+0000] {processor.py:766} INFO - DAG(s) dict_keys(['producer']) retrieved from /opt/airflow/dags/producer.py
[2023-07-07T12:13:41.254+0000] {logging_mixin.py:120} INFO - [2023-07-07T12:13:41.254+0000] {dag.py:2585} INFO - Sync 1 DAGs
[2023-07-07T12:13:41.273+0000] {logging_mixin.py:120} INFO - [2023-07-07T12:13:41.273+0000] {dag.py:3340} INFO - Setting next_dagrun for producer to 2023-07-07T00:00:00+00:00, run_after=2023-07-08T00:00:00+00:00
[2023-07-07T12:13:41.290+0000] {processor.py:176} INFO - Processing /opt/airflow/dags/producer.py took 0.079 seconds
[2023-07-07T12:14:11.445+0000] {processor.py:154} INFO - Started process (PID=1537) to work on /opt/airflow/dags/producer.py
[2023-07-07T12:14:11.446+0000] {processor.py:756} INFO - Processing file /opt/airflow/dags/producer.py for tasks to queue
[2023-07-07T12:14:11.447+0000] {logging_mixin.py:120} INFO - [2023-07-07T12:14:11.447+0000] {dagbag.py:537} INFO - Filling up the DagBag from /opt/airflow/dags/producer.py
[2023-07-07T12:14:11.461+0000] {processor.py:766} INFO - DAG(s) dict_keys(['producer']) retrieved from /opt/airflow/dags/producer.py
[2023-07-07T12:14:11.483+0000] {logging_mixin.py:120} INFO - [2023-07-07T12:14:11.483+0000] {dag.py:2585} INFO - Sync 1 DAGs
[2023-07-07T12:14:11.499+0000] {logging_mixin.py:120} INFO - [2023-07-07T12:14:11.499+0000] {dag.py:3340} INFO - Setting next_dagrun for producer to 2023-07-07T00:00:00+00:00, run_after=2023-07-08T00:00:00+00:00
[2023-07-07T12:14:11.513+0000] {processor.py:176} INFO - Processing /opt/airflow/dags/producer.py took 0.071 seconds
[2023-07-07T12:14:41.554+0000] {processor.py:154} INFO - Started process (PID=1604) to work on /opt/airflow/dags/producer.py
[2023-07-07T12:14:41.556+0000] {processor.py:756} INFO - Processing file /opt/airflow/dags/producer.py for tasks to queue
[2023-07-07T12:14:41.557+0000] {logging_mixin.py:120} INFO - [2023-07-07T12:14:41.556+0000] {dagbag.py:537} INFO - Filling up the DagBag from /opt/airflow/dags/producer.py
[2023-07-07T12:14:41.571+0000] {processor.py:766} INFO - DAG(s) dict_keys(['producer']) retrieved from /opt/airflow/dags/producer.py
[2023-07-07T12:14:41.597+0000] {logging_mixin.py:120} INFO - [2023-07-07T12:14:41.597+0000] {dag.py:2585} INFO - Sync 1 DAGs
[2023-07-07T12:14:41.616+0000] {logging_mixin.py:120} INFO - [2023-07-07T12:14:41.615+0000] {dag.py:3340} INFO - Setting next_dagrun for producer to 2023-07-07T00:00:00+00:00, run_after=2023-07-08T00:00:00+00:00
[2023-07-07T12:14:41.631+0000] {processor.py:176} INFO - Processing /opt/airflow/dags/producer.py took 0.081 seconds
[2023-07-07T12:15:11.683+0000] {processor.py:154} INFO - Started process (PID=1662) to work on /opt/airflow/dags/producer.py
[2023-07-07T12:15:11.684+0000] {processor.py:756} INFO - Processing file /opt/airflow/dags/producer.py for tasks to queue
[2023-07-07T12:15:11.685+0000] {logging_mixin.py:120} INFO - [2023-07-07T12:15:11.685+0000] {dagbag.py:537} INFO - Filling up the DagBag from /opt/airflow/dags/producer.py
[2023-07-07T12:15:11.701+0000] {processor.py:766} INFO - DAG(s) dict_keys(['producer']) retrieved from /opt/airflow/dags/producer.py
[2023-07-07T12:15:11.729+0000] {logging_mixin.py:120} INFO - [2023-07-07T12:15:11.729+0000] {dag.py:2585} INFO - Sync 1 DAGs
[2023-07-07T12:15:11.747+0000] {logging_mixin.py:120} INFO - [2023-07-07T12:15:11.747+0000] {dag.py:3340} INFO - Setting next_dagrun for producer to 2023-07-07T00:00:00+00:00, run_after=2023-07-08T00:00:00+00:00
[2023-07-07T12:15:11.763+0000] {processor.py:176} INFO - Processing /opt/airflow/dags/producer.py took 0.082 seconds
[2023-07-07T12:15:41.955+0000] {processor.py:154} INFO - Started process (PID=1729) to work on /opt/airflow/dags/producer.py
[2023-07-07T12:15:41.956+0000] {processor.py:756} INFO - Processing file /opt/airflow/dags/producer.py for tasks to queue
[2023-07-07T12:15:41.956+0000] {logging_mixin.py:120} INFO - [2023-07-07T12:15:41.956+0000] {dagbag.py:537} INFO - Filling up the DagBag from /opt/airflow/dags/producer.py
[2023-07-07T12:15:41.971+0000] {processor.py:766} INFO - DAG(s) dict_keys(['producer']) retrieved from /opt/airflow/dags/producer.py
[2023-07-07T12:15:41.997+0000] {logging_mixin.py:120} INFO - [2023-07-07T12:15:41.997+0000] {dag.py:2585} INFO - Sync 1 DAGs
[2023-07-07T12:15:42.014+0000] {logging_mixin.py:120} INFO - [2023-07-07T12:15:42.013+0000] {dag.py:3340} INFO - Setting next_dagrun for producer to 2023-07-07T00:00:00+00:00, run_after=2023-07-08T00:00:00+00:00
[2023-07-07T12:15:42.029+0000] {processor.py:176} INFO - Processing /opt/airflow/dags/producer.py took 0.076 seconds
[2023-07-07T12:16:12.341+0000] {processor.py:154} INFO - Started process (PID=1797) to work on /opt/airflow/dags/producer.py
[2023-07-07T12:16:12.344+0000] {processor.py:756} INFO - Processing file /opt/airflow/dags/producer.py for tasks to queue
[2023-07-07T12:16:12.345+0000] {logging_mixin.py:120} INFO - [2023-07-07T12:16:12.345+0000] {dagbag.py:537} INFO - Filling up the DagBag from /opt/airflow/dags/producer.py
[2023-07-07T12:16:12.365+0000] {processor.py:766} INFO - DAG(s) dict_keys(['producer']) retrieved from /opt/airflow/dags/producer.py
[2023-07-07T12:16:12.386+0000] {logging_mixin.py:120} INFO - [2023-07-07T12:16:12.386+0000] {dag.py:2585} INFO - Sync 1 DAGs
[2023-07-07T12:16:12.401+0000] {logging_mixin.py:120} INFO - [2023-07-07T12:16:12.400+0000] {dag.py:3340} INFO - Setting next_dagrun for producer to 2023-07-07T00:00:00+00:00, run_after=2023-07-08T00:00:00+00:00
[2023-07-07T12:16:12.415+0000] {processor.py:176} INFO - Processing /opt/airflow/dags/producer.py took 0.079 seconds
[2023-07-07T12:16:42.559+0000] {processor.py:154} INFO - Started process (PID=1865) to work on /opt/airflow/dags/producer.py
[2023-07-07T12:16:42.562+0000] {processor.py:756} INFO - Processing file /opt/airflow/dags/producer.py for tasks to queue
[2023-07-07T12:16:42.563+0000] {logging_mixin.py:120} INFO - [2023-07-07T12:16:42.563+0000] {dagbag.py:537} INFO - Filling up the DagBag from /opt/airflow/dags/producer.py
[2023-07-07T12:16:42.582+0000] {processor.py:766} INFO - DAG(s) dict_keys(['producer']) retrieved from /opt/airflow/dags/producer.py
[2023-07-07T12:16:42.606+0000] {logging_mixin.py:120} INFO - [2023-07-07T12:16:42.606+0000] {dag.py:2585} INFO - Sync 1 DAGs
[2023-07-07T12:16:42.623+0000] {logging_mixin.py:120} INFO - [2023-07-07T12:16:42.623+0000] {dag.py:3340} INFO - Setting next_dagrun for producer to 2023-07-07T00:00:00+00:00, run_after=2023-07-08T00:00:00+00:00
[2023-07-07T12:16:42.641+0000] {processor.py:176} INFO - Processing /opt/airflow/dags/producer.py took 0.085 seconds
[2023-07-07T12:17:12.898+0000] {processor.py:154} INFO - Started process (PID=1923) to work on /opt/airflow/dags/producer.py
[2023-07-07T12:17:12.899+0000] {processor.py:756} INFO - Processing file /opt/airflow/dags/producer.py for tasks to queue
[2023-07-07T12:17:12.899+0000] {logging_mixin.py:120} INFO - [2023-07-07T12:17:12.899+0000] {dagbag.py:537} INFO - Filling up the DagBag from /opt/airflow/dags/producer.py
[2023-07-07T12:17:12.915+0000] {processor.py:766} INFO - DAG(s) dict_keys(['producer']) retrieved from /opt/airflow/dags/producer.py
[2023-07-07T12:17:12.946+0000] {logging_mixin.py:120} INFO - [2023-07-07T12:17:12.946+0000] {dag.py:2585} INFO - Sync 1 DAGs
[2023-07-07T12:17:12.968+0000] {logging_mixin.py:120} INFO - [2023-07-07T12:17:12.968+0000] {dag.py:3340} INFO - Setting next_dagrun for producer to 2023-07-07T00:00:00+00:00, run_after=2023-07-08T00:00:00+00:00
[2023-07-07T12:17:12.985+0000] {processor.py:176} INFO - Processing /opt/airflow/dags/producer.py took 0.089 seconds
[2023-07-07T12:17:43.289+0000] {processor.py:154} INFO - Started process (PID=1989) to work on /opt/airflow/dags/producer.py
[2023-07-07T12:17:43.292+0000] {processor.py:756} INFO - Processing file /opt/airflow/dags/producer.py for tasks to queue
[2023-07-07T12:17:43.293+0000] {logging_mixin.py:120} INFO - [2023-07-07T12:17:43.293+0000] {dagbag.py:537} INFO - Filling up the DagBag from /opt/airflow/dags/producer.py
[2023-07-07T12:17:43.307+0000] {processor.py:766} INFO - DAG(s) dict_keys(['producer']) retrieved from /opt/airflow/dags/producer.py
[2023-07-07T12:17:43.334+0000] {logging_mixin.py:120} INFO - [2023-07-07T12:17:43.333+0000] {dag.py:2585} INFO - Sync 1 DAGs
[2023-07-07T12:17:43.350+0000] {logging_mixin.py:120} INFO - [2023-07-07T12:17:43.350+0000] {dag.py:3340} INFO - Setting next_dagrun for producer to 2023-07-07T00:00:00+00:00, run_after=2023-07-08T00:00:00+00:00
[2023-07-07T12:17:43.366+0000] {processor.py:176} INFO - Processing /opt/airflow/dags/producer.py took 0.080 seconds
[2023-07-07T12:18:13.532+0000] {processor.py:154} INFO - Started process (PID=2056) to work on /opt/airflow/dags/producer.py
[2023-07-07T12:18:13.533+0000] {processor.py:756} INFO - Processing file /opt/airflow/dags/producer.py for tasks to queue
[2023-07-07T12:18:13.534+0000] {logging_mixin.py:120} INFO - [2023-07-07T12:18:13.534+0000] {dagbag.py:537} INFO - Filling up the DagBag from /opt/airflow/dags/producer.py
[2023-07-07T12:18:13.549+0000] {processor.py:766} INFO - DAG(s) dict_keys(['producer']) retrieved from /opt/airflow/dags/producer.py
[2023-07-07T12:18:13.571+0000] {logging_mixin.py:120} INFO - [2023-07-07T12:18:13.571+0000] {dag.py:2585} INFO - Sync 1 DAGs
[2023-07-07T12:18:13.588+0000] {logging_mixin.py:120} INFO - [2023-07-07T12:18:13.588+0000] {dag.py:3340} INFO - Setting next_dagrun for producer to 2023-07-07T00:00:00+00:00, run_after=2023-07-08T00:00:00+00:00
[2023-07-07T12:18:13.602+0000] {processor.py:176} INFO - Processing /opt/airflow/dags/producer.py took 0.074 seconds
[2023-07-07T12:18:43.745+0000] {processor.py:154} INFO - Started process (PID=2124) to work on /opt/airflow/dags/producer.py
[2023-07-07T12:18:43.748+0000] {processor.py:756} INFO - Processing file /opt/airflow/dags/producer.py for tasks to queue
[2023-07-07T12:18:43.749+0000] {logging_mixin.py:120} INFO - [2023-07-07T12:18:43.749+0000] {dagbag.py:537} INFO - Filling up the DagBag from /opt/airflow/dags/producer.py
[2023-07-07T12:18:43.769+0000] {processor.py:766} INFO - DAG(s) dict_keys(['producer']) retrieved from /opt/airflow/dags/producer.py
[2023-07-07T12:18:43.791+0000] {logging_mixin.py:120} INFO - [2023-07-07T12:18:43.791+0000] {dag.py:2585} INFO - Sync 1 DAGs
[2023-07-07T12:18:43.807+0000] {logging_mixin.py:120} INFO - [2023-07-07T12:18:43.807+0000] {dag.py:3340} INFO - Setting next_dagrun for producer to 2023-07-07T00:00:00+00:00, run_after=2023-07-08T00:00:00+00:00
[2023-07-07T12:18:43.821+0000] {processor.py:176} INFO - Processing /opt/airflow/dags/producer.py took 0.079 seconds
[2023-07-07T12:19:14.058+0000] {processor.py:154} INFO - Started process (PID=2191) to work on /opt/airflow/dags/producer.py
[2023-07-07T12:19:14.062+0000] {processor.py:756} INFO - Processing file /opt/airflow/dags/producer.py for tasks to queue
[2023-07-07T12:19:14.062+0000] {logging_mixin.py:120} INFO - [2023-07-07T12:19:14.062+0000] {dagbag.py:537} INFO - Filling up the DagBag from /opt/airflow/dags/producer.py
[2023-07-07T12:19:14.079+0000] {processor.py:766} INFO - DAG(s) dict_keys(['producer']) retrieved from /opt/airflow/dags/producer.py
[2023-07-07T12:19:14.102+0000] {logging_mixin.py:120} INFO - [2023-07-07T12:19:14.102+0000] {dag.py:2585} INFO - Sync 1 DAGs
[2023-07-07T12:19:14.117+0000] {logging_mixin.py:120} INFO - [2023-07-07T12:19:14.117+0000] {dag.py:3340} INFO - Setting next_dagrun for producer to 2023-07-07T00:00:00+00:00, run_after=2023-07-08T00:00:00+00:00
[2023-07-07T12:19:14.131+0000] {processor.py:176} INFO - Processing /opt/airflow/dags/producer.py took 0.075 seconds
[2023-07-07T12:19:44.311+0000] {processor.py:154} INFO - Started process (PID=2249) to work on /opt/airflow/dags/producer.py
[2023-07-07T12:19:44.314+0000] {processor.py:756} INFO - Processing file /opt/airflow/dags/producer.py for tasks to queue
[2023-07-07T12:19:44.315+0000] {logging_mixin.py:120} INFO - [2023-07-07T12:19:44.315+0000] {dagbag.py:537} INFO - Filling up the DagBag from /opt/airflow/dags/producer.py
[2023-07-07T12:19:44.328+0000] {processor.py:766} INFO - DAG(s) dict_keys(['producer']) retrieved from /opt/airflow/dags/producer.py
[2023-07-07T12:19:44.352+0000] {logging_mixin.py:120} INFO - [2023-07-07T12:19:44.351+0000] {dag.py:2585} INFO - Sync 1 DAGs
[2023-07-07T12:19:44.368+0000] {logging_mixin.py:120} INFO - [2023-07-07T12:19:44.368+0000] {dag.py:3340} INFO - Setting next_dagrun for producer to 2023-07-07T00:00:00+00:00, run_after=2023-07-08T00:00:00+00:00
[2023-07-07T12:19:44.383+0000] {processor.py:176} INFO - Processing /opt/airflow/dags/producer.py took 0.073 seconds
[2023-07-07T12:20:14.572+0000] {processor.py:154} INFO - Started process (PID=2317) to work on /opt/airflow/dags/producer.py
[2023-07-07T12:20:14.573+0000] {processor.py:756} INFO - Processing file /opt/airflow/dags/producer.py for tasks to queue
[2023-07-07T12:20:14.574+0000] {logging_mixin.py:120} INFO - [2023-07-07T12:20:14.574+0000] {dagbag.py:537} INFO - Filling up the DagBag from /opt/airflow/dags/producer.py
[2023-07-07T12:20:14.591+0000] {processor.py:766} INFO - DAG(s) dict_keys(['producer']) retrieved from /opt/airflow/dags/producer.py
[2023-07-07T12:20:14.613+0000] {logging_mixin.py:120} INFO - [2023-07-07T12:20:14.613+0000] {dag.py:2585} INFO - Sync 1 DAGs
[2023-07-07T12:20:14.629+0000] {logging_mixin.py:120} INFO - [2023-07-07T12:20:14.629+0000] {dag.py:3340} INFO - Setting next_dagrun for producer to 2023-07-07T00:00:00+00:00, run_after=2023-07-08T00:00:00+00:00
[2023-07-07T12:20:14.644+0000] {processor.py:176} INFO - Processing /opt/airflow/dags/producer.py took 0.076 seconds
[2023-07-07T12:20:44.703+0000] {processor.py:154} INFO - Started process (PID=2384) to work on /opt/airflow/dags/producer.py
[2023-07-07T12:20:44.703+0000] {processor.py:756} INFO - Processing file /opt/airflow/dags/producer.py for tasks to queue
[2023-07-07T12:20:44.704+0000] {logging_mixin.py:120} INFO - [2023-07-07T12:20:44.704+0000] {dagbag.py:537} INFO - Filling up the DagBag from /opt/airflow/dags/producer.py
[2023-07-07T12:20:44.717+0000] {processor.py:766} INFO - DAG(s) dict_keys(['producer']) retrieved from /opt/airflow/dags/producer.py
[2023-07-07T12:20:44.742+0000] {logging_mixin.py:120} INFO - [2023-07-07T12:20:44.742+0000] {dag.py:2585} INFO - Sync 1 DAGs
[2023-07-07T12:20:44.759+0000] {logging_mixin.py:120} INFO - [2023-07-07T12:20:44.759+0000] {dag.py:3340} INFO - Setting next_dagrun for producer to 2023-07-07T00:00:00+00:00, run_after=2023-07-08T00:00:00+00:00
[2023-07-07T12:20:44.774+0000] {processor.py:176} INFO - Processing /opt/airflow/dags/producer.py took 0.073 seconds
[2023-07-07T12:21:14.989+0000] {processor.py:154} INFO - Started process (PID=2451) to work on /opt/airflow/dags/producer.py
[2023-07-07T12:21:14.993+0000] {processor.py:756} INFO - Processing file /opt/airflow/dags/producer.py for tasks to queue
[2023-07-07T12:21:14.994+0000] {logging_mixin.py:120} INFO - [2023-07-07T12:21:14.993+0000] {dagbag.py:537} INFO - Filling up the DagBag from /opt/airflow/dags/producer.py
[2023-07-07T12:21:15.011+0000] {processor.py:766} INFO - DAG(s) dict_keys(['producer']) retrieved from /opt/airflow/dags/producer.py
[2023-07-07T12:21:15.034+0000] {logging_mixin.py:120} INFO - [2023-07-07T12:21:15.034+0000] {dag.py:2585} INFO - Sync 1 DAGs
[2023-07-07T12:21:15.051+0000] {logging_mixin.py:120} INFO - [2023-07-07T12:21:15.051+0000] {dag.py:3340} INFO - Setting next_dagrun for producer to 2023-07-07T00:00:00+00:00, run_after=2023-07-08T00:00:00+00:00
[2023-07-07T12:21:15.066+0000] {processor.py:176} INFO - Processing /opt/airflow/dags/producer.py took 0.080 seconds
[2023-07-07T12:21:57.909+0000] {processor.py:154} INFO - Started process (PID=37) to work on /opt/airflow/dags/producer.py
[2023-07-07T12:21:57.910+0000] {processor.py:756} INFO - Processing file /opt/airflow/dags/producer.py for tasks to queue
[2023-07-07T12:21:57.910+0000] {logging_mixin.py:120} INFO - [2023-07-07T12:21:57.910+0000] {dagbag.py:537} INFO - Filling up the DagBag from /opt/airflow/dags/producer.py
[2023-07-07T12:21:57.957+0000] {processor.py:766} INFO - DAG(s) dict_keys(['producer']) retrieved from /opt/airflow/dags/producer.py
[2023-07-07T12:21:58.044+0000] {logging_mixin.py:120} INFO - [2023-07-07T12:21:58.043+0000] {dag.py:2585} INFO - Sync 1 DAGs
[2023-07-07T12:21:58.077+0000] {logging_mixin.py:120} INFO - [2023-07-07T12:21:58.077+0000] {dag.py:3340} INFO - Setting next_dagrun for producer to 2023-07-07T00:00:00+00:00, run_after=2023-07-08T00:00:00+00:00
[2023-07-07T12:21:58.102+0000] {processor.py:176} INFO - Processing /opt/airflow/dags/producer.py took 0.196 seconds
[2023-07-07T12:22:28.661+0000] {processor.py:154} INFO - Started process (PID=104) to work on /opt/airflow/dags/producer.py
[2023-07-07T12:22:28.664+0000] {processor.py:756} INFO - Processing file /opt/airflow/dags/producer.py for tasks to queue
[2023-07-07T12:22:28.665+0000] {logging_mixin.py:120} INFO - [2023-07-07T12:22:28.665+0000] {dagbag.py:537} INFO - Filling up the DagBag from /opt/airflow/dags/producer.py
[2023-07-07T12:22:28.679+0000] {processor.py:766} INFO - DAG(s) dict_keys(['producer']) retrieved from /opt/airflow/dags/producer.py
[2023-07-07T12:22:28.705+0000] {logging_mixin.py:120} INFO - [2023-07-07T12:22:28.705+0000] {dag.py:2585} INFO - Sync 1 DAGs
[2023-07-07T12:22:28.723+0000] {logging_mixin.py:120} INFO - [2023-07-07T12:22:28.723+0000] {dag.py:3340} INFO - Setting next_dagrun for producer to 2023-07-07T00:00:00+00:00, run_after=2023-07-08T00:00:00+00:00
[2023-07-07T12:22:28.738+0000] {processor.py:176} INFO - Processing /opt/airflow/dags/producer.py took 0.079 seconds
[2023-07-07T12:22:58.942+0000] {processor.py:154} INFO - Started process (PID=171) to work on /opt/airflow/dags/producer.py
[2023-07-07T12:22:58.943+0000] {processor.py:756} INFO - Processing file /opt/airflow/dags/producer.py for tasks to queue
[2023-07-07T12:22:58.943+0000] {logging_mixin.py:120} INFO - [2023-07-07T12:22:58.943+0000] {dagbag.py:537} INFO - Filling up the DagBag from /opt/airflow/dags/producer.py
[2023-07-07T12:22:58.957+0000] {processor.py:766} INFO - DAG(s) dict_keys(['producer']) retrieved from /opt/airflow/dags/producer.py
[2023-07-07T12:22:58.981+0000] {logging_mixin.py:120} INFO - [2023-07-07T12:22:58.981+0000] {dag.py:2585} INFO - Sync 1 DAGs
[2023-07-07T12:22:58.998+0000] {logging_mixin.py:120} INFO - [2023-07-07T12:22:58.998+0000] {dag.py:3340} INFO - Setting next_dagrun for producer to 2023-07-07T00:00:00+00:00, run_after=2023-07-08T00:00:00+00:00
[2023-07-07T12:22:59.014+0000] {processor.py:176} INFO - Processing /opt/airflow/dags/producer.py took 0.073 seconds
[2023-07-07T12:23:29.265+0000] {processor.py:154} INFO - Started process (PID=237) to work on /opt/airflow/dags/producer.py
[2023-07-07T12:23:29.269+0000] {processor.py:756} INFO - Processing file /opt/airflow/dags/producer.py for tasks to queue
[2023-07-07T12:23:29.269+0000] {logging_mixin.py:120} INFO - [2023-07-07T12:23:29.269+0000] {dagbag.py:537} INFO - Filling up the DagBag from /opt/airflow/dags/producer.py
[2023-07-07T12:23:29.285+0000] {processor.py:766} INFO - DAG(s) dict_keys(['producer']) retrieved from /opt/airflow/dags/producer.py
[2023-07-07T12:23:29.312+0000] {logging_mixin.py:120} INFO - [2023-07-07T12:23:29.312+0000] {dag.py:2585} INFO - Sync 1 DAGs
[2023-07-07T12:23:29.333+0000] {logging_mixin.py:120} INFO - [2023-07-07T12:23:29.333+0000] {dag.py:3340} INFO - Setting next_dagrun for producer to 2023-07-07T00:00:00+00:00, run_after=2023-07-08T00:00:00+00:00
[2023-07-07T12:23:29.351+0000] {processor.py:176} INFO - Processing /opt/airflow/dags/producer.py took 0.087 seconds
[2023-07-07T12:23:59.575+0000] {processor.py:154} INFO - Started process (PID=295) to work on /opt/airflow/dags/producer.py
[2023-07-07T12:23:59.576+0000] {processor.py:756} INFO - Processing file /opt/airflow/dags/producer.py for tasks to queue
[2023-07-07T12:23:59.576+0000] {logging_mixin.py:120} INFO - [2023-07-07T12:23:59.576+0000] {dagbag.py:537} INFO - Filling up the DagBag from /opt/airflow/dags/producer.py
[2023-07-07T12:23:59.591+0000] {processor.py:766} INFO - DAG(s) dict_keys(['producer']) retrieved from /opt/airflow/dags/producer.py
[2023-07-07T12:23:59.616+0000] {logging_mixin.py:120} INFO - [2023-07-07T12:23:59.616+0000] {dag.py:2585} INFO - Sync 1 DAGs
[2023-07-07T12:23:59.632+0000] {logging_mixin.py:120} INFO - [2023-07-07T12:23:59.632+0000] {dag.py:3340} INFO - Setting next_dagrun for producer to 2023-07-07T00:00:00+00:00, run_after=2023-07-08T00:00:00+00:00
[2023-07-07T12:23:59.648+0000] {processor.py:176} INFO - Processing /opt/airflow/dags/producer.py took 0.076 seconds
[2023-07-07T12:24:30.123+0000] {processor.py:154} INFO - Started process (PID=362) to work on /opt/airflow/dags/producer.py
[2023-07-07T12:24:30.127+0000] {processor.py:756} INFO - Processing file /opt/airflow/dags/producer.py for tasks to queue
[2023-07-07T12:24:30.127+0000] {logging_mixin.py:120} INFO - [2023-07-07T12:24:30.127+0000] {dagbag.py:537} INFO - Filling up the DagBag from /opt/airflow/dags/producer.py
[2023-07-07T12:24:30.140+0000] {processor.py:766} INFO - DAG(s) dict_keys(['producer']) retrieved from /opt/airflow/dags/producer.py
[2023-07-07T12:24:30.162+0000] {logging_mixin.py:120} INFO - [2023-07-07T12:24:30.162+0000] {dag.py:2585} INFO - Sync 1 DAGs
[2023-07-07T12:24:30.178+0000] {logging_mixin.py:120} INFO - [2023-07-07T12:24:30.178+0000] {dag.py:3340} INFO - Setting next_dagrun for producer to 2023-07-07T00:00:00+00:00, run_after=2023-07-08T00:00:00+00:00
[2023-07-07T12:24:30.193+0000] {processor.py:176} INFO - Processing /opt/airflow/dags/producer.py took 0.071 seconds
[2023-07-07T12:25:00.639+0000] {processor.py:154} INFO - Started process (PID=428) to work on /opt/airflow/dags/producer.py
[2023-07-07T12:25:00.640+0000] {processor.py:756} INFO - Processing file /opt/airflow/dags/producer.py for tasks to queue
[2023-07-07T12:25:00.640+0000] {logging_mixin.py:120} INFO - [2023-07-07T12:25:00.640+0000] {dagbag.py:537} INFO - Filling up the DagBag from /opt/airflow/dags/producer.py
[2023-07-07T12:25:00.656+0000] {processor.py:766} INFO - DAG(s) dict_keys(['producer']) retrieved from /opt/airflow/dags/producer.py
[2023-07-07T12:25:00.679+0000] {logging_mixin.py:120} INFO - [2023-07-07T12:25:00.679+0000] {dag.py:2585} INFO - Sync 1 DAGs
[2023-07-07T12:25:00.695+0000] {logging_mixin.py:120} INFO - [2023-07-07T12:25:00.695+0000] {dag.py:3340} INFO - Setting next_dagrun for producer to 2023-07-07T00:00:00+00:00, run_after=2023-07-08T00:00:00+00:00
[2023-07-07T12:25:00.709+0000] {processor.py:176} INFO - Processing /opt/airflow/dags/producer.py took 0.071 seconds
[2023-07-07T12:25:55.203+0000] {processor.py:154} INFO - Started process (PID=37) to work on /opt/airflow/dags/producer.py
[2023-07-07T12:25:55.204+0000] {processor.py:756} INFO - Processing file /opt/airflow/dags/producer.py for tasks to queue
[2023-07-07T12:25:55.204+0000] {logging_mixin.py:120} INFO - [2023-07-07T12:25:55.204+0000] {dagbag.py:537} INFO - Filling up the DagBag from /opt/airflow/dags/producer.py
[2023-07-07T12:25:55.244+0000] {processor.py:766} INFO - DAG(s) dict_keys(['producer']) retrieved from /opt/airflow/dags/producer.py
[2023-07-07T12:25:55.304+0000] {logging_mixin.py:120} INFO - [2023-07-07T12:25:55.304+0000] {dag.py:2585} INFO - Sync 1 DAGs
[2023-07-07T12:25:55.323+0000] {logging_mixin.py:120} INFO - [2023-07-07T12:25:55.323+0000] {dag.py:3340} INFO - Setting next_dagrun for producer to 2023-07-07T00:00:00+00:00, run_after=2023-07-08T00:00:00+00:00
[2023-07-07T12:25:55.345+0000] {processor.py:176} INFO - Processing /opt/airflow/dags/producer.py took 0.145 seconds
[2023-07-07T12:26:25.531+0000] {processor.py:154} INFO - Started process (PID=67) to work on /opt/airflow/dags/producer.py
[2023-07-07T12:26:25.532+0000] {processor.py:756} INFO - Processing file /opt/airflow/dags/producer.py for tasks to queue
[2023-07-07T12:26:25.532+0000] {logging_mixin.py:120} INFO - [2023-07-07T12:26:25.532+0000] {dagbag.py:537} INFO - Filling up the DagBag from /opt/airflow/dags/producer.py
[2023-07-07T12:26:25.546+0000] {processor.py:766} INFO - DAG(s) dict_keys(['producer']) retrieved from /opt/airflow/dags/producer.py
[2023-07-07T12:26:25.568+0000] {logging_mixin.py:120} INFO - [2023-07-07T12:26:25.567+0000] {dag.py:2585} INFO - Sync 1 DAGs
[2023-07-07T12:26:25.583+0000] {logging_mixin.py:120} INFO - [2023-07-07T12:26:25.583+0000] {dag.py:3340} INFO - Setting next_dagrun for producer to 2023-07-07T00:00:00+00:00, run_after=2023-07-08T00:00:00+00:00
[2023-07-07T12:26:25.596+0000] {processor.py:176} INFO - Processing /opt/airflow/dags/producer.py took 0.067 seconds
[2023-07-07T12:26:55.787+0000] {processor.py:154} INFO - Started process (PID=96) to work on /opt/airflow/dags/producer.py
[2023-07-07T12:26:55.791+0000] {processor.py:756} INFO - Processing file /opt/airflow/dags/producer.py for tasks to queue
[2023-07-07T12:26:55.791+0000] {logging_mixin.py:120} INFO - [2023-07-07T12:26:55.791+0000] {dagbag.py:537} INFO - Filling up the DagBag from /opt/airflow/dags/producer.py
[2023-07-07T12:26:55.804+0000] {processor.py:766} INFO - DAG(s) dict_keys(['producer']) retrieved from /opt/airflow/dags/producer.py
[2023-07-07T12:26:55.826+0000] {logging_mixin.py:120} INFO - [2023-07-07T12:26:55.826+0000] {dag.py:2585} INFO - Sync 1 DAGs
[2023-07-07T12:26:55.841+0000] {logging_mixin.py:120} INFO - [2023-07-07T12:26:55.841+0000] {dag.py:3340} INFO - Setting next_dagrun for producer to 2023-07-07T00:00:00+00:00, run_after=2023-07-08T00:00:00+00:00
[2023-07-07T12:26:55.855+0000] {processor.py:176} INFO - Processing /opt/airflow/dags/producer.py took 0.071 seconds
[2023-07-07T12:27:26.046+0000] {processor.py:154} INFO - Started process (PID=118) to work on /opt/airflow/dags/producer.py
[2023-07-07T12:27:26.051+0000] {processor.py:756} INFO - Processing file /opt/airflow/dags/producer.py for tasks to queue
[2023-07-07T12:27:26.052+0000] {logging_mixin.py:120} INFO - [2023-07-07T12:27:26.051+0000] {dagbag.py:537} INFO - Filling up the DagBag from /opt/airflow/dags/producer.py
[2023-07-07T12:27:26.067+0000] {processor.py:766} INFO - DAG(s) dict_keys(['producer']) retrieved from /opt/airflow/dags/producer.py
[2023-07-07T12:27:26.092+0000] {logging_mixin.py:120} INFO - [2023-07-07T12:27:26.092+0000] {dag.py:2585} INFO - Sync 1 DAGs
[2023-07-07T12:27:26.117+0000] {logging_mixin.py:120} INFO - [2023-07-07T12:27:26.117+0000] {dag.py:3340} INFO - Setting next_dagrun for producer to 2023-07-07T00:00:00+00:00, run_after=2023-07-08T00:00:00+00:00
[2023-07-07T12:27:26.137+0000] {processor.py:176} INFO - Processing /opt/airflow/dags/producer.py took 0.093 seconds
[2023-07-07T12:27:56.334+0000] {processor.py:154} INFO - Started process (PID=150) to work on /opt/airflow/dags/producer.py
[2023-07-07T12:27:56.337+0000] {processor.py:756} INFO - Processing file /opt/airflow/dags/producer.py for tasks to queue
[2023-07-07T12:27:56.337+0000] {logging_mixin.py:120} INFO - [2023-07-07T12:27:56.337+0000] {dagbag.py:537} INFO - Filling up the DagBag from /opt/airflow/dags/producer.py
[2023-07-07T12:27:56.350+0000] {processor.py:766} INFO - DAG(s) dict_keys(['producer']) retrieved from /opt/airflow/dags/producer.py
[2023-07-07T12:27:56.372+0000] {logging_mixin.py:120} INFO - [2023-07-07T12:27:56.372+0000] {dag.py:2585} INFO - Sync 1 DAGs
[2023-07-07T12:27:56.387+0000] {logging_mixin.py:120} INFO - [2023-07-07T12:27:56.387+0000] {dag.py:3340} INFO - Setting next_dagrun for producer to 2023-07-07T00:00:00+00:00, run_after=2023-07-08T00:00:00+00:00
[2023-07-07T12:27:56.400+0000] {processor.py:176} INFO - Processing /opt/airflow/dags/producer.py took 0.068 seconds
[2023-07-07T12:28:26.590+0000] {processor.py:154} INFO - Started process (PID=180) to work on /opt/airflow/dags/producer.py
[2023-07-07T12:28:26.593+0000] {processor.py:756} INFO - Processing file /opt/airflow/dags/producer.py for tasks to queue
[2023-07-07T12:28:26.594+0000] {logging_mixin.py:120} INFO - [2023-07-07T12:28:26.594+0000] {dagbag.py:537} INFO - Filling up the DagBag from /opt/airflow/dags/producer.py
[2023-07-07T12:28:26.606+0000] {processor.py:766} INFO - DAG(s) dict_keys(['producer']) retrieved from /opt/airflow/dags/producer.py
[2023-07-07T12:28:26.629+0000] {logging_mixin.py:120} INFO - [2023-07-07T12:28:26.628+0000] {dag.py:2585} INFO - Sync 1 DAGs
[2023-07-07T12:28:26.643+0000] {logging_mixin.py:120} INFO - [2023-07-07T12:28:26.643+0000] {dag.py:3340} INFO - Setting next_dagrun for producer to 2023-07-07T00:00:00+00:00, run_after=2023-07-08T00:00:00+00:00
[2023-07-07T12:28:26.656+0000] {processor.py:176} INFO - Processing /opt/airflow/dags/producer.py took 0.068 seconds
[2023-07-07T12:28:56.848+0000] {processor.py:154} INFO - Started process (PID=211) to work on /opt/airflow/dags/producer.py
[2023-07-07T12:28:56.851+0000] {processor.py:756} INFO - Processing file /opt/airflow/dags/producer.py for tasks to queue
[2023-07-07T12:28:56.851+0000] {logging_mixin.py:120} INFO - [2023-07-07T12:28:56.851+0000] {dagbag.py:537} INFO - Filling up the DagBag from /opt/airflow/dags/producer.py
[2023-07-07T12:28:56.864+0000] {processor.py:766} INFO - DAG(s) dict_keys(['producer']) retrieved from /opt/airflow/dags/producer.py
[2023-07-07T12:28:56.885+0000] {logging_mixin.py:120} INFO - [2023-07-07T12:28:56.885+0000] {dag.py:2585} INFO - Sync 1 DAGs
[2023-07-07T12:28:56.900+0000] {logging_mixin.py:120} INFO - [2023-07-07T12:28:56.900+0000] {dag.py:3340} INFO - Setting next_dagrun for producer to 2023-07-07T00:00:00+00:00, run_after=2023-07-08T00:00:00+00:00
[2023-07-07T12:28:56.915+0000] {processor.py:176} INFO - Processing /opt/airflow/dags/producer.py took 0.069 seconds
[2023-07-07T12:29:27.088+0000] {processor.py:154} INFO - Started process (PID=244) to work on /opt/airflow/dags/producer.py
[2023-07-07T12:29:27.089+0000] {processor.py:756} INFO - Processing file /opt/airflow/dags/producer.py for tasks to queue
[2023-07-07T12:29:27.090+0000] {logging_mixin.py:120} INFO - [2023-07-07T12:29:27.089+0000] {dagbag.py:537} INFO - Filling up the DagBag from /opt/airflow/dags/producer.py
[2023-07-07T12:29:27.103+0000] {processor.py:766} INFO - DAG(s) dict_keys(['producer']) retrieved from /opt/airflow/dags/producer.py
[2023-07-07T12:29:27.127+0000] {logging_mixin.py:120} INFO - [2023-07-07T12:29:27.127+0000] {dag.py:2585} INFO - Sync 1 DAGs
[2023-07-07T12:29:27.144+0000] {logging_mixin.py:120} INFO - [2023-07-07T12:29:27.144+0000] {dag.py:3340} INFO - Setting next_dagrun for producer to 2023-07-07T00:00:00+00:00, run_after=2023-07-08T00:00:00+00:00
[2023-07-07T12:29:27.158+0000] {processor.py:176} INFO - Processing /opt/airflow/dags/producer.py took 0.072 seconds
[2023-07-07T12:29:57.297+0000] {processor.py:154} INFO - Started process (PID=266) to work on /opt/airflow/dags/producer.py
[2023-07-07T12:29:57.300+0000] {processor.py:756} INFO - Processing file /opt/airflow/dags/producer.py for tasks to queue
[2023-07-07T12:29:57.301+0000] {logging_mixin.py:120} INFO - [2023-07-07T12:29:57.301+0000] {dagbag.py:537} INFO - Filling up the DagBag from /opt/airflow/dags/producer.py
[2023-07-07T12:29:57.314+0000] {processor.py:766} INFO - DAG(s) dict_keys(['producer']) retrieved from /opt/airflow/dags/producer.py
[2023-07-07T12:29:57.337+0000] {logging_mixin.py:120} INFO - [2023-07-07T12:29:57.337+0000] {dag.py:2585} INFO - Sync 1 DAGs
[2023-07-07T12:29:57.354+0000] {logging_mixin.py:120} INFO - [2023-07-07T12:29:57.354+0000] {dag.py:3340} INFO - Setting next_dagrun for producer to 2023-07-07T00:00:00+00:00, run_after=2023-07-08T00:00:00+00:00
[2023-07-07T12:29:57.368+0000] {processor.py:176} INFO - Processing /opt/airflow/dags/producer.py took 0.074 seconds
[2023-07-07T12:30:42.796+0000] {processor.py:154} INFO - Started process (PID=37) to work on /opt/airflow/dags/producer.py
[2023-07-07T12:30:42.800+0000] {processor.py:756} INFO - Processing file /opt/airflow/dags/producer.py for tasks to queue
[2023-07-07T12:30:42.800+0000] {logging_mixin.py:120} INFO - [2023-07-07T12:30:42.800+0000] {dagbag.py:537} INFO - Filling up the DagBag from /opt/airflow/dags/producer.py
[2023-07-07T12:30:42.860+0000] {processor.py:766} INFO - DAG(s) dict_keys(['producer']) retrieved from /opt/airflow/dags/producer.py
[2023-07-07T12:30:42.946+0000] {logging_mixin.py:120} INFO - [2023-07-07T12:30:42.945+0000] {dag.py:2585} INFO - Sync 1 DAGs
[2023-07-07T12:30:42.977+0000] {logging_mixin.py:120} INFO - [2023-07-07T12:30:42.977+0000] {dag.py:3340} INFO - Setting next_dagrun for producer to 2023-07-07T00:00:00+00:00, run_after=2023-07-08T00:00:00+00:00
[2023-07-07T12:30:42.996+0000] {processor.py:176} INFO - Processing /opt/airflow/dags/producer.py took 0.204 seconds
[2023-07-07T12:31:13.168+0000] {processor.py:154} INFO - Started process (PID=69) to work on /opt/airflow/dags/producer.py
[2023-07-07T12:31:13.169+0000] {processor.py:756} INFO - Processing file /opt/airflow/dags/producer.py for tasks to queue
[2023-07-07T12:31:13.170+0000] {logging_mixin.py:120} INFO - [2023-07-07T12:31:13.169+0000] {dagbag.py:537} INFO - Filling up the DagBag from /opt/airflow/dags/producer.py
[2023-07-07T12:31:13.185+0000] {processor.py:766} INFO - DAG(s) dict_keys(['producer']) retrieved from /opt/airflow/dags/producer.py
[2023-07-07T12:31:13.209+0000] {logging_mixin.py:120} INFO - [2023-07-07T12:31:13.209+0000] {dag.py:2585} INFO - Sync 1 DAGs
[2023-07-07T12:31:13.225+0000] {logging_mixin.py:120} INFO - [2023-07-07T12:31:13.225+0000] {dag.py:3340} INFO - Setting next_dagrun for producer to 2023-07-07T00:00:00+00:00, run_after=2023-07-08T00:00:00+00:00
[2023-07-07T12:31:13.238+0000] {processor.py:176} INFO - Processing /opt/airflow/dags/producer.py took 0.073 seconds
[2023-07-07T12:31:43.380+0000] {processor.py:154} INFO - Started process (PID=100) to work on /opt/airflow/dags/producer.py
[2023-07-07T12:31:43.381+0000] {processor.py:756} INFO - Processing file /opt/airflow/dags/producer.py for tasks to queue
[2023-07-07T12:31:43.381+0000] {logging_mixin.py:120} INFO - [2023-07-07T12:31:43.381+0000] {dagbag.py:537} INFO - Filling up the DagBag from /opt/airflow/dags/producer.py
[2023-07-07T12:31:43.396+0000] {processor.py:766} INFO - DAG(s) dict_keys(['producer']) retrieved from /opt/airflow/dags/producer.py
[2023-07-07T12:31:43.419+0000] {logging_mixin.py:120} INFO - [2023-07-07T12:31:43.419+0000] {dag.py:2585} INFO - Sync 1 DAGs
[2023-07-07T12:31:43.437+0000] {logging_mixin.py:120} INFO - [2023-07-07T12:31:43.437+0000] {dag.py:3340} INFO - Setting next_dagrun for producer to 2023-07-07T00:00:00+00:00, run_after=2023-07-08T00:00:00+00:00
[2023-07-07T12:31:43.449+0000] {processor.py:176} INFO - Processing /opt/airflow/dags/producer.py took 0.072 seconds
[2023-07-07T12:32:13.616+0000] {processor.py:154} INFO - Started process (PID=131) to work on /opt/airflow/dags/producer.py
[2023-07-07T12:32:13.619+0000] {processor.py:756} INFO - Processing file /opt/airflow/dags/producer.py for tasks to queue
[2023-07-07T12:32:13.619+0000] {logging_mixin.py:120} INFO - [2023-07-07T12:32:13.619+0000] {dagbag.py:537} INFO - Filling up the DagBag from /opt/airflow/dags/producer.py
[2023-07-07T12:32:13.633+0000] {processor.py:766} INFO - DAG(s) dict_keys(['producer']) retrieved from /opt/airflow/dags/producer.py
[2023-07-07T12:32:13.659+0000] {logging_mixin.py:120} INFO - [2023-07-07T12:32:13.659+0000] {dag.py:2585} INFO - Sync 1 DAGs
[2023-07-07T12:32:13.681+0000] {logging_mixin.py:120} INFO - [2023-07-07T12:32:13.681+0000] {dag.py:3340} INFO - Setting next_dagrun for producer to 2023-07-07T00:00:00+00:00, run_after=2023-07-08T00:00:00+00:00
[2023-07-07T12:32:13.698+0000] {processor.py:176} INFO - Processing /opt/airflow/dags/producer.py took 0.084 seconds
[2023-07-07T12:32:43.859+0000] {processor.py:154} INFO - Started process (PID=153) to work on /opt/airflow/dags/producer.py
[2023-07-07T12:32:43.860+0000] {processor.py:756} INFO - Processing file /opt/airflow/dags/producer.py for tasks to queue
[2023-07-07T12:32:43.861+0000] {logging_mixin.py:120} INFO - [2023-07-07T12:32:43.861+0000] {dagbag.py:537} INFO - Filling up the DagBag from /opt/airflow/dags/producer.py
[2023-07-07T12:32:43.880+0000] {processor.py:766} INFO - DAG(s) dict_keys(['producer']) retrieved from /opt/airflow/dags/producer.py
[2023-07-07T12:32:43.903+0000] {logging_mixin.py:120} INFO - [2023-07-07T12:32:43.903+0000] {dag.py:2585} INFO - Sync 1 DAGs
[2023-07-07T12:32:43.921+0000] {logging_mixin.py:120} INFO - [2023-07-07T12:32:43.921+0000] {dag.py:3340} INFO - Setting next_dagrun for producer to 2023-07-07T00:00:00+00:00, run_after=2023-07-08T00:00:00+00:00
[2023-07-07T12:32:43.935+0000] {processor.py:176} INFO - Processing /opt/airflow/dags/producer.py took 0.079 seconds
[2023-07-07T12:33:14.091+0000] {processor.py:154} INFO - Started process (PID=183) to work on /opt/airflow/dags/producer.py
[2023-07-07T12:33:14.095+0000] {processor.py:756} INFO - Processing file /opt/airflow/dags/producer.py for tasks to queue
[2023-07-07T12:33:14.095+0000] {logging_mixin.py:120} INFO - [2023-07-07T12:33:14.095+0000] {dagbag.py:537} INFO - Filling up the DagBag from /opt/airflow/dags/producer.py
[2023-07-07T12:33:14.108+0000] {processor.py:766} INFO - DAG(s) dict_keys(['producer']) retrieved from /opt/airflow/dags/producer.py
[2023-07-07T12:33:14.131+0000] {logging_mixin.py:120} INFO - [2023-07-07T12:33:14.131+0000] {dag.py:2585} INFO - Sync 1 DAGs
[2023-07-07T12:33:14.148+0000] {logging_mixin.py:120} INFO - [2023-07-07T12:33:14.148+0000] {dag.py:3340} INFO - Setting next_dagrun for producer to 2023-07-07T00:00:00+00:00, run_after=2023-07-08T00:00:00+00:00
[2023-07-07T12:33:14.162+0000] {processor.py:176} INFO - Processing /opt/airflow/dags/producer.py took 0.072 seconds
[2023-07-07T12:33:44.311+0000] {processor.py:154} INFO - Started process (PID=214) to work on /opt/airflow/dags/producer.py
[2023-07-07T12:33:44.312+0000] {processor.py:756} INFO - Processing file /opt/airflow/dags/producer.py for tasks to queue
[2023-07-07T12:33:44.312+0000] {logging_mixin.py:120} INFO - [2023-07-07T12:33:44.312+0000] {dagbag.py:537} INFO - Filling up the DagBag from /opt/airflow/dags/producer.py
[2023-07-07T12:33:44.326+0000] {processor.py:766} INFO - DAG(s) dict_keys(['producer']) retrieved from /opt/airflow/dags/producer.py
[2023-07-07T12:33:44.350+0000] {logging_mixin.py:120} INFO - [2023-07-07T12:33:44.350+0000] {dag.py:2585} INFO - Sync 1 DAGs
[2023-07-07T12:33:44.367+0000] {logging_mixin.py:120} INFO - [2023-07-07T12:33:44.367+0000] {dag.py:3340} INFO - Setting next_dagrun for producer to 2023-07-07T00:00:00+00:00, run_after=2023-07-08T00:00:00+00:00
[2023-07-07T12:33:44.381+0000] {processor.py:176} INFO - Processing /opt/airflow/dags/producer.py took 0.072 seconds
[2023-07-07T12:34:14.558+0000] {processor.py:154} INFO - Started process (PID=245) to work on /opt/airflow/dags/producer.py
[2023-07-07T12:34:14.562+0000] {processor.py:756} INFO - Processing file /opt/airflow/dags/producer.py for tasks to queue
[2023-07-07T12:34:14.562+0000] {logging_mixin.py:120} INFO - [2023-07-07T12:34:14.562+0000] {dagbag.py:537} INFO - Filling up the DagBag from /opt/airflow/dags/producer.py
[2023-07-07T12:34:14.577+0000] {processor.py:766} INFO - DAG(s) dict_keys(['producer']) retrieved from /opt/airflow/dags/producer.py
[2023-07-07T12:34:14.601+0000] {logging_mixin.py:120} INFO - [2023-07-07T12:34:14.601+0000] {dag.py:2585} INFO - Sync 1 DAGs
[2023-07-07T12:34:14.617+0000] {logging_mixin.py:120} INFO - [2023-07-07T12:34:14.617+0000] {dag.py:3340} INFO - Setting next_dagrun for producer to 2023-07-07T00:00:00+00:00, run_after=2023-07-08T00:00:00+00:00
[2023-07-07T12:34:14.633+0000] {processor.py:176} INFO - Processing /opt/airflow/dags/producer.py took 0.080 seconds
[2023-07-07T12:34:44.765+0000] {processor.py:154} INFO - Started process (PID=276) to work on /opt/airflow/dags/producer.py
[2023-07-07T12:34:44.765+0000] {processor.py:756} INFO - Processing file /opt/airflow/dags/producer.py for tasks to queue
[2023-07-07T12:34:44.766+0000] {logging_mixin.py:120} INFO - [2023-07-07T12:34:44.766+0000] {dagbag.py:537} INFO - Filling up the DagBag from /opt/airflow/dags/producer.py
[2023-07-07T12:34:44.780+0000] {processor.py:766} INFO - DAG(s) dict_keys(['producer']) retrieved from /opt/airflow/dags/producer.py
[2023-07-07T12:34:44.805+0000] {logging_mixin.py:120} INFO - [2023-07-07T12:34:44.804+0000] {dag.py:2585} INFO - Sync 1 DAGs
[2023-07-07T12:34:44.821+0000] {logging_mixin.py:120} INFO - [2023-07-07T12:34:44.821+0000] {dag.py:3340} INFO - Setting next_dagrun for producer to 2023-07-07T00:00:00+00:00, run_after=2023-07-08T00:00:00+00:00
[2023-07-07T12:34:44.840+0000] {processor.py:176} INFO - Processing /opt/airflow/dags/producer.py took 0.077 seconds
[2023-07-07T12:35:14.971+0000] {processor.py:154} INFO - Started process (PID=298) to work on /opt/airflow/dags/producer.py
[2023-07-07T12:35:14.975+0000] {processor.py:756} INFO - Processing file /opt/airflow/dags/producer.py for tasks to queue
[2023-07-07T12:35:14.975+0000] {logging_mixin.py:120} INFO - [2023-07-07T12:35:14.975+0000] {dagbag.py:537} INFO - Filling up the DagBag from /opt/airflow/dags/producer.py
[2023-07-07T12:35:14.989+0000] {processor.py:766} INFO - DAG(s) dict_keys(['producer']) retrieved from /opt/airflow/dags/producer.py
[2023-07-07T12:35:15.013+0000] {logging_mixin.py:120} INFO - [2023-07-07T12:35:15.012+0000] {dag.py:2585} INFO - Sync 1 DAGs
[2023-07-07T12:35:15.030+0000] {logging_mixin.py:120} INFO - [2023-07-07T12:35:15.029+0000] {dag.py:3340} INFO - Setting next_dagrun for producer to 2023-07-07T00:00:00+00:00, run_after=2023-07-08T00:00:00+00:00
[2023-07-07T12:35:15.044+0000] {processor.py:176} INFO - Processing /opt/airflow/dags/producer.py took 0.075 seconds
[2023-07-07T12:35:45.224+0000] {processor.py:154} INFO - Started process (PID=330) to work on /opt/airflow/dags/producer.py
[2023-07-07T12:35:45.228+0000] {processor.py:756} INFO - Processing file /opt/airflow/dags/producer.py for tasks to queue
[2023-07-07T12:35:45.228+0000] {logging_mixin.py:120} INFO - [2023-07-07T12:35:45.228+0000] {dagbag.py:537} INFO - Filling up the DagBag from /opt/airflow/dags/producer.py
[2023-07-07T12:35:45.245+0000] {processor.py:766} INFO - DAG(s) dict_keys(['producer']) retrieved from /opt/airflow/dags/producer.py
[2023-07-07T12:35:45.268+0000] {logging_mixin.py:120} INFO - [2023-07-07T12:35:45.268+0000] {dag.py:2585} INFO - Sync 1 DAGs
[2023-07-07T12:35:45.283+0000] {logging_mixin.py:120} INFO - [2023-07-07T12:35:45.283+0000] {dag.py:3340} INFO - Setting next_dagrun for producer to 2023-07-07T00:00:00+00:00, run_after=2023-07-08T00:00:00+00:00
[2023-07-07T12:35:45.297+0000] {processor.py:176} INFO - Processing /opt/airflow/dags/producer.py took 0.076 seconds
[2023-07-07T12:36:15.461+0000] {processor.py:154} INFO - Started process (PID=366) to work on /opt/airflow/dags/producer.py
[2023-07-07T12:36:15.462+0000] {processor.py:756} INFO - Processing file /opt/airflow/dags/producer.py for tasks to queue
[2023-07-07T12:36:15.462+0000] {logging_mixin.py:120} INFO - [2023-07-07T12:36:15.462+0000] {dagbag.py:537} INFO - Filling up the DagBag from /opt/airflow/dags/producer.py
[2023-07-07T12:36:15.479+0000] {processor.py:766} INFO - DAG(s) dict_keys(['producer']) retrieved from /opt/airflow/dags/producer.py
[2023-07-07T12:36:15.506+0000] {logging_mixin.py:120} INFO - [2023-07-07T12:36:15.506+0000] {dag.py:2585} INFO - Sync 1 DAGs
[2023-07-07T12:36:15.527+0000] {logging_mixin.py:120} INFO - [2023-07-07T12:36:15.527+0000] {dag.py:3340} INFO - Setting next_dagrun for producer to 2023-07-07T00:00:00+00:00, run_after=2023-07-08T00:00:00+00:00
[2023-07-07T12:36:15.548+0000] {processor.py:176} INFO - Processing /opt/airflow/dags/producer.py took 0.090 seconds
[2023-07-07T12:36:45.698+0000] {processor.py:154} INFO - Started process (PID=402) to work on /opt/airflow/dags/producer.py
[2023-07-07T12:36:45.698+0000] {processor.py:756} INFO - Processing file /opt/airflow/dags/producer.py for tasks to queue
[2023-07-07T12:36:45.698+0000] {logging_mixin.py:120} INFO - [2023-07-07T12:36:45.698+0000] {dagbag.py:537} INFO - Filling up the DagBag from /opt/airflow/dags/producer.py
[2023-07-07T12:36:45.711+0000] {processor.py:766} INFO - DAG(s) dict_keys(['producer']) retrieved from /opt/airflow/dags/producer.py
[2023-07-07T12:36:45.734+0000] {logging_mixin.py:120} INFO - [2023-07-07T12:36:45.734+0000] {dag.py:2585} INFO - Sync 1 DAGs
[2023-07-07T12:36:45.749+0000] {logging_mixin.py:120} INFO - [2023-07-07T12:36:45.749+0000] {dag.py:3340} INFO - Setting next_dagrun for producer to 2023-07-07T00:00:00+00:00, run_after=2023-07-08T00:00:00+00:00
[2023-07-07T12:36:45.763+0000] {processor.py:176} INFO - Processing /opt/airflow/dags/producer.py took 0.067 seconds
[2023-07-07T12:37:15.915+0000] {processor.py:154} INFO - Started process (PID=434) to work on /opt/airflow/dags/producer.py
[2023-07-07T12:37:15.916+0000] {processor.py:756} INFO - Processing file /opt/airflow/dags/producer.py for tasks to queue
[2023-07-07T12:37:15.917+0000] {logging_mixin.py:120} INFO - [2023-07-07T12:37:15.917+0000] {dagbag.py:537} INFO - Filling up the DagBag from /opt/airflow/dags/producer.py
[2023-07-07T12:37:15.932+0000] {processor.py:766} INFO - DAG(s) dict_keys(['producer']) retrieved from /opt/airflow/dags/producer.py
[2023-07-07T12:37:15.955+0000] {logging_mixin.py:120} INFO - [2023-07-07T12:37:15.955+0000] {dag.py:2585} INFO - Sync 1 DAGs
[2023-07-07T12:37:15.976+0000] {logging_mixin.py:120} INFO - [2023-07-07T12:37:15.976+0000] {dag.py:3340} INFO - Setting next_dagrun for producer to 2023-07-07T00:00:00+00:00, run_after=2023-07-08T00:00:00+00:00
[2023-07-07T12:37:15.994+0000] {processor.py:176} INFO - Processing /opt/airflow/dags/producer.py took 0.080 seconds
[2023-07-07T12:37:46.145+0000] {processor.py:154} INFO - Started process (PID=457) to work on /opt/airflow/dags/producer.py
[2023-07-07T12:37:46.146+0000] {processor.py:756} INFO - Processing file /opt/airflow/dags/producer.py for tasks to queue
[2023-07-07T12:37:46.146+0000] {logging_mixin.py:120} INFO - [2023-07-07T12:37:46.146+0000] {dagbag.py:537} INFO - Filling up the DagBag from /opt/airflow/dags/producer.py
[2023-07-07T12:37:46.161+0000] {processor.py:766} INFO - DAG(s) dict_keys(['producer']) retrieved from /opt/airflow/dags/producer.py
[2023-07-07T12:37:46.188+0000] {logging_mixin.py:120} INFO - [2023-07-07T12:37:46.188+0000] {dag.py:2585} INFO - Sync 1 DAGs
[2023-07-07T12:37:46.207+0000] {logging_mixin.py:120} INFO - [2023-07-07T12:37:46.207+0000] {dag.py:3340} INFO - Setting next_dagrun for producer to 2023-07-07T00:00:00+00:00, run_after=2023-07-08T00:00:00+00:00
[2023-07-07T12:37:46.222+0000] {processor.py:176} INFO - Processing /opt/airflow/dags/producer.py took 0.079 seconds
[2023-07-07T12:38:16.352+0000] {processor.py:154} INFO - Started process (PID=488) to work on /opt/airflow/dags/producer.py
[2023-07-07T12:38:16.356+0000] {processor.py:756} INFO - Processing file /opt/airflow/dags/producer.py for tasks to queue
[2023-07-07T12:38:16.357+0000] {logging_mixin.py:120} INFO - [2023-07-07T12:38:16.357+0000] {dagbag.py:537} INFO - Filling up the DagBag from /opt/airflow/dags/producer.py
[2023-07-07T12:38:16.373+0000] {processor.py:766} INFO - DAG(s) dict_keys(['producer']) retrieved from /opt/airflow/dags/producer.py
[2023-07-07T12:38:16.398+0000] {logging_mixin.py:120} INFO - [2023-07-07T12:38:16.398+0000] {dag.py:2585} INFO - Sync 1 DAGs
[2023-07-07T12:38:16.416+0000] {logging_mixin.py:120} INFO - [2023-07-07T12:38:16.415+0000] {dag.py:3340} INFO - Setting next_dagrun for producer to 2023-07-07T00:00:00+00:00, run_after=2023-07-08T00:00:00+00:00
[2023-07-07T12:38:16.431+0000] {processor.py:176} INFO - Processing /opt/airflow/dags/producer.py took 0.083 seconds
[2023-07-07T12:38:46.593+0000] {processor.py:154} INFO - Started process (PID=520) to work on /opt/airflow/dags/producer.py
[2023-07-07T12:38:46.594+0000] {processor.py:756} INFO - Processing file /opt/airflow/dags/producer.py for tasks to queue
[2023-07-07T12:38:46.594+0000] {logging_mixin.py:120} INFO - [2023-07-07T12:38:46.594+0000] {dagbag.py:537} INFO - Filling up the DagBag from /opt/airflow/dags/producer.py
[2023-07-07T12:38:46.609+0000] {processor.py:766} INFO - DAG(s) dict_keys(['producer']) retrieved from /opt/airflow/dags/producer.py
[2023-07-07T12:38:46.633+0000] {logging_mixin.py:120} INFO - [2023-07-07T12:38:46.633+0000] {dag.py:2585} INFO - Sync 1 DAGs
[2023-07-07T12:38:46.649+0000] {logging_mixin.py:120} INFO - [2023-07-07T12:38:46.649+0000] {dag.py:3340} INFO - Setting next_dagrun for producer to 2023-07-07T00:00:00+00:00, run_after=2023-07-08T00:00:00+00:00
[2023-07-07T12:38:46.664+0000] {processor.py:176} INFO - Processing /opt/airflow/dags/producer.py took 0.073 seconds
[2023-07-07T12:39:16.793+0000] {processor.py:154} INFO - Started process (PID=553) to work on /opt/airflow/dags/producer.py
[2023-07-07T12:39:16.796+0000] {processor.py:756} INFO - Processing file /opt/airflow/dags/producer.py for tasks to queue
[2023-07-07T12:39:16.797+0000] {logging_mixin.py:120} INFO - [2023-07-07T12:39:16.796+0000] {dagbag.py:537} INFO - Filling up the DagBag from /opt/airflow/dags/producer.py
[2023-07-07T12:39:16.812+0000] {processor.py:766} INFO - DAG(s) dict_keys(['producer']) retrieved from /opt/airflow/dags/producer.py
[2023-07-07T12:39:16.837+0000] {logging_mixin.py:120} INFO - [2023-07-07T12:39:16.837+0000] {dag.py:2585} INFO - Sync 1 DAGs
[2023-07-07T12:39:16.855+0000] {logging_mixin.py:120} INFO - [2023-07-07T12:39:16.855+0000] {dag.py:3340} INFO - Setting next_dagrun for producer to 2023-07-07T00:00:00+00:00, run_after=2023-07-08T00:00:00+00:00
[2023-07-07T12:39:16.870+0000] {processor.py:176} INFO - Processing /opt/airflow/dags/producer.py took 0.079 seconds
[2023-07-07T12:39:46.997+0000] {processor.py:154} INFO - Started process (PID=576) to work on /opt/airflow/dags/producer.py
[2023-07-07T12:39:46.998+0000] {processor.py:756} INFO - Processing file /opt/airflow/dags/producer.py for tasks to queue
[2023-07-07T12:39:46.998+0000] {logging_mixin.py:120} INFO - [2023-07-07T12:39:46.998+0000] {dagbag.py:537} INFO - Filling up the DagBag from /opt/airflow/dags/producer.py
[2023-07-07T12:39:47.012+0000] {processor.py:766} INFO - DAG(s) dict_keys(['producer']) retrieved from /opt/airflow/dags/producer.py
[2023-07-07T12:39:47.038+0000] {logging_mixin.py:120} INFO - [2023-07-07T12:39:47.037+0000] {dag.py:2585} INFO - Sync 1 DAGs
[2023-07-07T12:39:47.055+0000] {logging_mixin.py:120} INFO - [2023-07-07T12:39:47.055+0000] {dag.py:3340} INFO - Setting next_dagrun for producer to 2023-07-07T00:00:00+00:00, run_after=2023-07-08T00:00:00+00:00
[2023-07-07T12:39:47.069+0000] {processor.py:176} INFO - Processing /opt/airflow/dags/producer.py took 0.074 seconds
[2023-07-07T12:40:17.198+0000] {processor.py:154} INFO - Started process (PID=608) to work on /opt/airflow/dags/producer.py
[2023-07-07T12:40:17.198+0000] {processor.py:756} INFO - Processing file /opt/airflow/dags/producer.py for tasks to queue
[2023-07-07T12:40:17.199+0000] {logging_mixin.py:120} INFO - [2023-07-07T12:40:17.199+0000] {dagbag.py:537} INFO - Filling up the DagBag from /opt/airflow/dags/producer.py
[2023-07-07T12:40:17.212+0000] {processor.py:766} INFO - DAG(s) dict_keys(['producer']) retrieved from /opt/airflow/dags/producer.py
[2023-07-07T12:40:17.236+0000] {logging_mixin.py:120} INFO - [2023-07-07T12:40:17.236+0000] {dag.py:2585} INFO - Sync 1 DAGs
[2023-07-07T12:40:17.255+0000] {logging_mixin.py:120} INFO - [2023-07-07T12:40:17.254+0000] {dag.py:3340} INFO - Setting next_dagrun for producer to 2023-07-07T00:00:00+00:00, run_after=2023-07-08T00:00:00+00:00
[2023-07-07T12:40:17.270+0000] {processor.py:176} INFO - Processing /opt/airflow/dags/producer.py took 0.074 seconds
[2023-07-07T12:40:47.436+0000] {processor.py:154} INFO - Started process (PID=640) to work on /opt/airflow/dags/producer.py
[2023-07-07T12:40:47.436+0000] {processor.py:756} INFO - Processing file /opt/airflow/dags/producer.py for tasks to queue
[2023-07-07T12:40:47.437+0000] {logging_mixin.py:120} INFO - [2023-07-07T12:40:47.436+0000] {dagbag.py:537} INFO - Filling up the DagBag from /opt/airflow/dags/producer.py
[2023-07-07T12:40:47.450+0000] {processor.py:766} INFO - DAG(s) dict_keys(['producer']) retrieved from /opt/airflow/dags/producer.py
[2023-07-07T12:40:47.473+0000] {logging_mixin.py:120} INFO - [2023-07-07T12:40:47.473+0000] {dag.py:2585} INFO - Sync 1 DAGs
[2023-07-07T12:40:47.490+0000] {logging_mixin.py:120} INFO - [2023-07-07T12:40:47.490+0000] {dag.py:3340} INFO - Setting next_dagrun for producer to 2023-07-07T00:00:00+00:00, run_after=2023-07-08T00:00:00+00:00
[2023-07-07T12:40:47.505+0000] {processor.py:176} INFO - Processing /opt/airflow/dags/producer.py took 0.073 seconds
[2023-07-07T12:41:17.671+0000] {processor.py:154} INFO - Started process (PID=672) to work on /opt/airflow/dags/producer.py
[2023-07-07T12:41:17.675+0000] {processor.py:756} INFO - Processing file /opt/airflow/dags/producer.py for tasks to queue
[2023-07-07T12:41:17.675+0000] {logging_mixin.py:120} INFO - [2023-07-07T12:41:17.675+0000] {dagbag.py:537} INFO - Filling up the DagBag from /opt/airflow/dags/producer.py
[2023-07-07T12:41:17.688+0000] {processor.py:766} INFO - DAG(s) dict_keys(['producer']) retrieved from /opt/airflow/dags/producer.py
[2023-07-07T12:41:17.710+0000] {logging_mixin.py:120} INFO - [2023-07-07T12:41:17.710+0000] {dag.py:2585} INFO - Sync 1 DAGs
[2023-07-07T12:41:17.726+0000] {logging_mixin.py:120} INFO - [2023-07-07T12:41:17.726+0000] {dag.py:3340} INFO - Setting next_dagrun for producer to 2023-07-07T00:00:00+00:00, run_after=2023-07-08T00:00:00+00:00
[2023-07-07T12:41:17.739+0000] {processor.py:176} INFO - Processing /opt/airflow/dags/producer.py took 0.070 seconds
[2023-07-07T12:41:47.936+0000] {processor.py:154} INFO - Started process (PID=704) to work on /opt/airflow/dags/producer.py
[2023-07-07T12:41:47.936+0000] {processor.py:756} INFO - Processing file /opt/airflow/dags/producer.py for tasks to queue
[2023-07-07T12:41:47.937+0000] {logging_mixin.py:120} INFO - [2023-07-07T12:41:47.937+0000] {dagbag.py:537} INFO - Filling up the DagBag from /opt/airflow/dags/producer.py
[2023-07-07T12:41:47.950+0000] {processor.py:766} INFO - DAG(s) dict_keys(['producer']) retrieved from /opt/airflow/dags/producer.py
[2023-07-07T12:41:47.974+0000] {logging_mixin.py:120} INFO - [2023-07-07T12:41:47.974+0000] {dag.py:2585} INFO - Sync 1 DAGs
[2023-07-07T12:41:47.992+0000] {logging_mixin.py:120} INFO - [2023-07-07T12:41:47.992+0000] {dag.py:3340} INFO - Setting next_dagrun for producer to 2023-07-07T00:00:00+00:00, run_after=2023-07-08T00:00:00+00:00
[2023-07-07T12:41:48.007+0000] {processor.py:176} INFO - Processing /opt/airflow/dags/producer.py took 0.073 seconds
[2023-07-07T12:42:18.220+0000] {processor.py:154} INFO - Started process (PID=727) to work on /opt/airflow/dags/producer.py
[2023-07-07T12:42:18.223+0000] {processor.py:756} INFO - Processing file /opt/airflow/dags/producer.py for tasks to queue
[2023-07-07T12:42:18.224+0000] {logging_mixin.py:120} INFO - [2023-07-07T12:42:18.224+0000] {dagbag.py:537} INFO - Filling up the DagBag from /opt/airflow/dags/producer.py
[2023-07-07T12:42:18.237+0000] {processor.py:766} INFO - DAG(s) dict_keys(['producer']) retrieved from /opt/airflow/dags/producer.py
[2023-07-07T12:42:18.259+0000] {logging_mixin.py:120} INFO - [2023-07-07T12:42:18.259+0000] {dag.py:2585} INFO - Sync 1 DAGs
[2023-07-07T12:42:18.276+0000] {logging_mixin.py:120} INFO - [2023-07-07T12:42:18.276+0000] {dag.py:3340} INFO - Setting next_dagrun for producer to 2023-07-07T00:00:00+00:00, run_after=2023-07-08T00:00:00+00:00
[2023-07-07T12:42:18.292+0000] {processor.py:176} INFO - Processing /opt/airflow/dags/producer.py took 0.074 seconds
[2023-07-07T12:42:48.432+0000] {processor.py:154} INFO - Started process (PID=759) to work on /opt/airflow/dags/producer.py
[2023-07-07T12:42:48.432+0000] {processor.py:756} INFO - Processing file /opt/airflow/dags/producer.py for tasks to queue
[2023-07-07T12:42:48.433+0000] {logging_mixin.py:120} INFO - [2023-07-07T12:42:48.433+0000] {dagbag.py:537} INFO - Filling up the DagBag from /opt/airflow/dags/producer.py
[2023-07-07T12:42:48.447+0000] {processor.py:766} INFO - DAG(s) dict_keys(['producer']) retrieved from /opt/airflow/dags/producer.py
[2023-07-07T12:42:48.477+0000] {logging_mixin.py:120} INFO - [2023-07-07T12:42:48.477+0000] {dag.py:2585} INFO - Sync 1 DAGs
[2023-07-07T12:42:48.498+0000] {logging_mixin.py:120} INFO - [2023-07-07T12:42:48.498+0000] {dag.py:3340} INFO - Setting next_dagrun for producer to 2023-07-07T00:00:00+00:00, run_after=2023-07-08T00:00:00+00:00
[2023-07-07T12:42:48.513+0000] {processor.py:176} INFO - Processing /opt/airflow/dags/producer.py took 0.083 seconds
[2023-07-07T12:43:18.696+0000] {processor.py:154} INFO - Started process (PID=791) to work on /opt/airflow/dags/producer.py
[2023-07-07T12:43:18.699+0000] {processor.py:756} INFO - Processing file /opt/airflow/dags/producer.py for tasks to queue
[2023-07-07T12:43:18.700+0000] {logging_mixin.py:120} INFO - [2023-07-07T12:43:18.700+0000] {dagbag.py:537} INFO - Filling up the DagBag from /opt/airflow/dags/producer.py
[2023-07-07T12:43:18.713+0000] {processor.py:766} INFO - DAG(s) dict_keys(['producer']) retrieved from /opt/airflow/dags/producer.py
[2023-07-07T12:43:18.741+0000] {logging_mixin.py:120} INFO - [2023-07-07T12:43:18.741+0000] {dag.py:2585} INFO - Sync 1 DAGs
[2023-07-07T12:43:18.766+0000] {logging_mixin.py:120} INFO - [2023-07-07T12:43:18.766+0000] {dag.py:3340} INFO - Setting next_dagrun for producer to 2023-07-07T00:00:00+00:00, run_after=2023-07-08T00:00:00+00:00
[2023-07-07T12:43:18.784+0000] {processor.py:176} INFO - Processing /opt/airflow/dags/producer.py took 0.090 seconds
[2023-07-07T12:43:48.962+0000] {processor.py:154} INFO - Started process (PID=821) to work on /opt/airflow/dags/producer.py
[2023-07-07T12:43:48.962+0000] {processor.py:756} INFO - Processing file /opt/airflow/dags/producer.py for tasks to queue
[2023-07-07T12:43:48.962+0000] {logging_mixin.py:120} INFO - [2023-07-07T12:43:48.962+0000] {dagbag.py:537} INFO - Filling up the DagBag from /opt/airflow/dags/producer.py
[2023-07-07T12:43:48.977+0000] {processor.py:766} INFO - DAG(s) dict_keys(['producer']) retrieved from /opt/airflow/dags/producer.py
[2023-07-07T12:43:49.002+0000] {logging_mixin.py:120} INFO - [2023-07-07T12:43:49.002+0000] {dag.py:2585} INFO - Sync 1 DAGs
[2023-07-07T12:43:49.018+0000] {logging_mixin.py:120} INFO - [2023-07-07T12:43:49.018+0000] {dag.py:3340} INFO - Setting next_dagrun for producer to 2023-07-07T00:00:00+00:00, run_after=2023-07-08T00:00:00+00:00
[2023-07-07T12:43:49.034+0000] {processor.py:176} INFO - Processing /opt/airflow/dags/producer.py took 0.075 seconds
[2023-07-07T12:44:19.208+0000] {processor.py:154} INFO - Started process (PID=853) to work on /opt/airflow/dags/producer.py
[2023-07-07T12:44:19.211+0000] {processor.py:756} INFO - Processing file /opt/airflow/dags/producer.py for tasks to queue
[2023-07-07T12:44:19.212+0000] {logging_mixin.py:120} INFO - [2023-07-07T12:44:19.212+0000] {dagbag.py:537} INFO - Filling up the DagBag from /opt/airflow/dags/producer.py
[2023-07-07T12:44:19.225+0000] {processor.py:766} INFO - DAG(s) dict_keys(['producer']) retrieved from /opt/airflow/dags/producer.py
[2023-07-07T12:44:19.246+0000] {logging_mixin.py:120} INFO - [2023-07-07T12:44:19.246+0000] {dag.py:2585} INFO - Sync 1 DAGs
[2023-07-07T12:44:19.262+0000] {logging_mixin.py:120} INFO - [2023-07-07T12:44:19.262+0000] {dag.py:3340} INFO - Setting next_dagrun for producer to 2023-07-07T00:00:00+00:00, run_after=2023-07-08T00:00:00+00:00
[2023-07-07T12:44:19.277+0000] {processor.py:176} INFO - Processing /opt/airflow/dags/producer.py took 0.071 seconds
[2023-07-07T12:44:49.460+0000] {processor.py:154} INFO - Started process (PID=876) to work on /opt/airflow/dags/producer.py
[2023-07-07T12:44:49.461+0000] {processor.py:756} INFO - Processing file /opt/airflow/dags/producer.py for tasks to queue
[2023-07-07T12:44:49.461+0000] {logging_mixin.py:120} INFO - [2023-07-07T12:44:49.461+0000] {dagbag.py:537} INFO - Filling up the DagBag from /opt/airflow/dags/producer.py
[2023-07-07T12:44:49.477+0000] {processor.py:766} INFO - DAG(s) dict_keys(['producer']) retrieved from /opt/airflow/dags/producer.py
[2023-07-07T12:44:49.499+0000] {logging_mixin.py:120} INFO - [2023-07-07T12:44:49.499+0000] {dag.py:2585} INFO - Sync 1 DAGs
[2023-07-07T12:44:49.516+0000] {logging_mixin.py:120} INFO - [2023-07-07T12:44:49.516+0000] {dag.py:3340} INFO - Setting next_dagrun for producer to 2023-07-07T00:00:00+00:00, run_after=2023-07-08T00:00:00+00:00
[2023-07-07T12:44:49.535+0000] {processor.py:176} INFO - Processing /opt/airflow/dags/producer.py took 0.079 seconds
[2023-07-07T12:45:19.728+0000] {processor.py:154} INFO - Started process (PID=908) to work on /opt/airflow/dags/producer.py
[2023-07-07T12:45:19.732+0000] {processor.py:756} INFO - Processing file /opt/airflow/dags/producer.py for tasks to queue
[2023-07-07T12:45:19.732+0000] {logging_mixin.py:120} INFO - [2023-07-07T12:45:19.732+0000] {dagbag.py:537} INFO - Filling up the DagBag from /opt/airflow/dags/producer.py
[2023-07-07T12:45:19.749+0000] {processor.py:766} INFO - DAG(s) dict_keys(['producer']) retrieved from /opt/airflow/dags/producer.py
[2023-07-07T12:45:19.772+0000] {logging_mixin.py:120} INFO - [2023-07-07T12:45:19.772+0000] {dag.py:2585} INFO - Sync 1 DAGs
[2023-07-07T12:45:19.787+0000] {logging_mixin.py:120} INFO - [2023-07-07T12:45:19.787+0000] {dag.py:3340} INFO - Setting next_dagrun for producer to 2023-07-07T00:00:00+00:00, run_after=2023-07-08T00:00:00+00:00
[2023-07-07T12:45:19.800+0000] {processor.py:176} INFO - Processing /opt/airflow/dags/producer.py took 0.075 seconds
[2023-07-07T12:45:49.939+0000] {processor.py:154} INFO - Started process (PID=938) to work on /opt/airflow/dags/producer.py
[2023-07-07T12:45:49.940+0000] {processor.py:756} INFO - Processing file /opt/airflow/dags/producer.py for tasks to queue
[2023-07-07T12:45:49.940+0000] {logging_mixin.py:120} INFO - [2023-07-07T12:45:49.940+0000] {dagbag.py:537} INFO - Filling up the DagBag from /opt/airflow/dags/producer.py
[2023-07-07T12:45:49.953+0000] {processor.py:766} INFO - DAG(s) dict_keys(['producer']) retrieved from /opt/airflow/dags/producer.py
[2023-07-07T12:45:49.977+0000] {logging_mixin.py:120} INFO - [2023-07-07T12:45:49.977+0000] {dag.py:2585} INFO - Sync 1 DAGs
[2023-07-07T12:45:49.993+0000] {logging_mixin.py:120} INFO - [2023-07-07T12:45:49.993+0000] {dag.py:3340} INFO - Setting next_dagrun for producer to 2023-07-07T00:00:00+00:00, run_after=2023-07-08T00:00:00+00:00
[2023-07-07T12:45:50.007+0000] {processor.py:176} INFO - Processing /opt/airflow/dags/producer.py took 0.069 seconds
[2023-07-07T12:46:20.184+0000] {processor.py:154} INFO - Started process (PID=970) to work on /opt/airflow/dags/producer.py
[2023-07-07T12:46:20.185+0000] {processor.py:756} INFO - Processing file /opt/airflow/dags/producer.py for tasks to queue
[2023-07-07T12:46:20.185+0000] {logging_mixin.py:120} INFO - [2023-07-07T12:46:20.185+0000] {dagbag.py:537} INFO - Filling up the DagBag from /opt/airflow/dags/producer.py
[2023-07-07T12:46:20.198+0000] {processor.py:766} INFO - DAG(s) dict_keys(['producer']) retrieved from /opt/airflow/dags/producer.py
[2023-07-07T12:46:20.221+0000] {logging_mixin.py:120} INFO - [2023-07-07T12:46:20.221+0000] {dag.py:2585} INFO - Sync 1 DAGs
[2023-07-07T12:46:20.237+0000] {logging_mixin.py:120} INFO - [2023-07-07T12:46:20.237+0000] {dag.py:3340} INFO - Setting next_dagrun for producer to 2023-07-07T00:00:00+00:00, run_after=2023-07-08T00:00:00+00:00
[2023-07-07T12:46:20.251+0000] {processor.py:176} INFO - Processing /opt/airflow/dags/producer.py took 0.070 seconds
[2023-07-07T12:47:20.359+0000] {processor.py:154} INFO - Started process (PID=38) to work on /opt/airflow/dags/producer.py
[2023-07-07T12:47:20.360+0000] {processor.py:756} INFO - Processing file /opt/airflow/dags/producer.py for tasks to queue
[2023-07-07T12:47:20.360+0000] {logging_mixin.py:120} INFO - [2023-07-07T12:47:20.360+0000] {dagbag.py:537} INFO - Filling up the DagBag from /opt/airflow/dags/producer.py
[2023-07-07T12:47:20.386+0000] {processor.py:766} INFO - DAG(s) dict_keys(['producer']) retrieved from /opt/airflow/dags/producer.py
[2023-07-07T12:47:20.459+0000] {logging_mixin.py:120} INFO - [2023-07-07T12:47:20.458+0000] {dag.py:2585} INFO - Sync 1 DAGs
[2023-07-07T12:47:20.485+0000] {logging_mixin.py:120} INFO - [2023-07-07T12:47:20.485+0000] {dag.py:3340} INFO - Setting next_dagrun for producer to 2023-07-07T00:00:00+00:00, run_after=2023-07-08T00:00:00+00:00
[2023-07-07T12:47:20.508+0000] {processor.py:176} INFO - Processing /opt/airflow/dags/producer.py took 0.151 seconds
