[2023-07-07T12:00:23.879+0000] {processor.py:154} INFO - Started process (PID=38) to work on /opt/airflow/dags/user_processing.py
[2023-07-07T12:00:23.879+0000] {processor.py:756} INFO - Processing file /opt/airflow/dags/user_processing.py for tasks to queue
[2023-07-07T12:00:23.879+0000] {logging_mixin.py:120} INFO - [2023-07-07T12:00:23.879+0000] {dagbag.py:537} INFO - Filling up the DagBag from /opt/airflow/dags/user_processing.py
[2023-07-07T12:00:24.326+0000] {processor.py:766} INFO - DAG(s) dict_keys(['user_processing']) retrieved from /opt/airflow/dags/user_processing.py
[2023-07-07T12:00:24.446+0000] {logging_mixin.py:120} INFO - [2023-07-07T12:00:24.445+0000] {dag.py:2585} INFO - Sync 1 DAGs
[2023-07-07T12:00:24.463+0000] {logging_mixin.py:120} INFO - [2023-07-07T12:00:24.463+0000] {dag.py:3340} INFO - Setting next_dagrun for user_processing to 2023-07-06T00:00:00+00:00, run_after=2023-07-07T00:00:00+00:00
[2023-07-07T12:00:24.474+0000] {processor.py:176} INFO - Processing /opt/airflow/dags/user_processing.py took 0.598 seconds
[2023-07-07T12:00:54.921+0000] {processor.py:154} INFO - Started process (PID=104) to work on /opt/airflow/dags/user_processing.py
[2023-07-07T12:00:54.922+0000] {processor.py:756} INFO - Processing file /opt/airflow/dags/user_processing.py for tasks to queue
[2023-07-07T12:00:54.923+0000] {logging_mixin.py:120} INFO - [2023-07-07T12:00:54.922+0000] {dagbag.py:537} INFO - Filling up the DagBag from /opt/airflow/dags/user_processing.py
[2023-07-07T12:00:55.080+0000] {processor.py:766} INFO - DAG(s) dict_keys(['user_processing']) retrieved from /opt/airflow/dags/user_processing.py
[2023-07-07T12:00:55.179+0000] {logging_mixin.py:120} INFO - [2023-07-07T12:00:55.178+0000] {dag.py:2585} INFO - Sync 1 DAGs
[2023-07-07T12:00:55.194+0000] {logging_mixin.py:120} INFO - [2023-07-07T12:00:55.193+0000] {dag.py:3340} INFO - Setting next_dagrun for user_processing to 2023-07-06T00:00:00+00:00, run_after=2023-07-07T00:00:00+00:00
[2023-07-07T12:00:55.205+0000] {processor.py:176} INFO - Processing /opt/airflow/dags/user_processing.py took 0.285 seconds
[2023-07-07T12:01:26.001+0000] {processor.py:154} INFO - Started process (PID=173) to work on /opt/airflow/dags/user_processing.py
[2023-07-07T12:01:26.002+0000] {processor.py:756} INFO - Processing file /opt/airflow/dags/user_processing.py for tasks to queue
[2023-07-07T12:01:26.002+0000] {logging_mixin.py:120} INFO - [2023-07-07T12:01:26.002+0000] {dagbag.py:537} INFO - Filling up the DagBag from /opt/airflow/dags/user_processing.py
[2023-07-07T12:01:26.193+0000] {processor.py:766} INFO - DAG(s) dict_keys(['user_processing']) retrieved from /opt/airflow/dags/user_processing.py
[2023-07-07T12:01:26.350+0000] {logging_mixin.py:120} INFO - [2023-07-07T12:01:26.349+0000] {dag.py:2585} INFO - Sync 1 DAGs
[2023-07-07T12:01:26.380+0000] {logging_mixin.py:120} INFO - [2023-07-07T12:01:26.380+0000] {dag.py:3340} INFO - Setting next_dagrun for user_processing to 2023-07-06T00:00:00+00:00, run_after=2023-07-07T00:00:00+00:00
[2023-07-07T12:01:26.401+0000] {processor.py:176} INFO - Processing /opt/airflow/dags/user_processing.py took 0.401 seconds
[2023-07-07T12:01:56.629+0000] {processor.py:154} INFO - Started process (PID=240) to work on /opt/airflow/dags/user_processing.py
[2023-07-07T12:01:56.643+0000] {processor.py:756} INFO - Processing file /opt/airflow/dags/user_processing.py for tasks to queue
[2023-07-07T12:01:56.644+0000] {logging_mixin.py:120} INFO - [2023-07-07T12:01:56.644+0000] {dagbag.py:537} INFO - Filling up the DagBag from /opt/airflow/dags/user_processing.py
[2023-07-07T12:01:56.851+0000] {processor.py:766} INFO - DAG(s) dict_keys(['user_processing']) retrieved from /opt/airflow/dags/user_processing.py
[2023-07-07T12:01:56.968+0000] {logging_mixin.py:120} INFO - [2023-07-07T12:01:56.968+0000] {dag.py:2585} INFO - Sync 1 DAGs
[2023-07-07T12:01:56.985+0000] {logging_mixin.py:120} INFO - [2023-07-07T12:01:56.985+0000] {dag.py:3340} INFO - Setting next_dagrun for user_processing to 2023-07-06T00:00:00+00:00, run_after=2023-07-07T00:00:00+00:00
[2023-07-07T12:01:56.998+0000] {processor.py:176} INFO - Processing /opt/airflow/dags/user_processing.py took 0.371 seconds
[2023-07-07T12:02:33.973+0000] {processor.py:154} INFO - Started process (PID=39) to work on /opt/airflow/dags/user_processing.py
[2023-07-07T12:02:33.974+0000] {processor.py:756} INFO - Processing file /opt/airflow/dags/user_processing.py for tasks to queue
[2023-07-07T12:02:33.975+0000] {logging_mixin.py:120} INFO - [2023-07-07T12:02:33.974+0000] {dagbag.py:537} INFO - Filling up the DagBag from /opt/airflow/dags/user_processing.py
[2023-07-07T12:02:34.365+0000] {processor.py:766} INFO - DAG(s) dict_keys(['user_processing']) retrieved from /opt/airflow/dags/user_processing.py
[2023-07-07T12:02:34.631+0000] {logging_mixin.py:120} INFO - [2023-07-07T12:02:34.630+0000] {dag.py:2585} INFO - Sync 1 DAGs
[2023-07-07T12:02:34.667+0000] {logging_mixin.py:120} INFO - [2023-07-07T12:02:34.667+0000] {dag.py:3340} INFO - Setting next_dagrun for user_processing to 2023-07-06T00:00:00+00:00, run_after=2023-07-07T00:00:00+00:00
[2023-07-07T12:02:34.692+0000] {processor.py:176} INFO - Processing /opt/airflow/dags/user_processing.py took 0.721 seconds
[2023-07-07T12:03:05.510+0000] {processor.py:154} INFO - Started process (PID=109) to work on /opt/airflow/dags/user_processing.py
[2023-07-07T12:03:05.514+0000] {processor.py:756} INFO - Processing file /opt/airflow/dags/user_processing.py for tasks to queue
[2023-07-07T12:03:05.515+0000] {logging_mixin.py:120} INFO - [2023-07-07T12:03:05.514+0000] {dagbag.py:537} INFO - Filling up the DagBag from /opt/airflow/dags/user_processing.py
[2023-07-07T12:03:05.702+0000] {processor.py:766} INFO - DAG(s) dict_keys(['user_processing']) retrieved from /opt/airflow/dags/user_processing.py
[2023-07-07T12:03:05.818+0000] {logging_mixin.py:120} INFO - [2023-07-07T12:03:05.818+0000] {dag.py:2585} INFO - Sync 1 DAGs
[2023-07-07T12:03:05.835+0000] {logging_mixin.py:120} INFO - [2023-07-07T12:03:05.835+0000] {dag.py:3340} INFO - Setting next_dagrun for user_processing to 2023-07-06T00:00:00+00:00, run_after=2023-07-07T00:00:00+00:00
[2023-07-07T12:03:05.847+0000] {processor.py:176} INFO - Processing /opt/airflow/dags/user_processing.py took 0.340 seconds
[2023-07-07T12:03:35.868+0000] {processor.py:154} INFO - Started process (PID=180) to work on /opt/airflow/dags/user_processing.py
[2023-07-07T12:03:35.869+0000] {processor.py:756} INFO - Processing file /opt/airflow/dags/user_processing.py for tasks to queue
[2023-07-07T12:03:35.869+0000] {logging_mixin.py:120} INFO - [2023-07-07T12:03:35.869+0000] {dagbag.py:537} INFO - Filling up the DagBag from /opt/airflow/dags/user_processing.py
[2023-07-07T12:03:36.068+0000] {processor.py:766} INFO - DAG(s) dict_keys(['user_processing']) retrieved from /opt/airflow/dags/user_processing.py
[2023-07-07T12:03:36.186+0000] {logging_mixin.py:120} INFO - [2023-07-07T12:03:36.186+0000] {dag.py:2585} INFO - Sync 1 DAGs
[2023-07-07T12:03:36.204+0000] {logging_mixin.py:120} INFO - [2023-07-07T12:03:36.204+0000] {dag.py:3340} INFO - Setting next_dagrun for user_processing to 2023-07-06T00:00:00+00:00, run_after=2023-07-07T00:00:00+00:00
[2023-07-07T12:03:36.217+0000] {processor.py:176} INFO - Processing /opt/airflow/dags/user_processing.py took 0.351 seconds
[2023-07-07T12:04:06.231+0000] {processor.py:154} INFO - Started process (PID=242) to work on /opt/airflow/dags/user_processing.py
[2023-07-07T12:04:06.232+0000] {processor.py:756} INFO - Processing file /opt/airflow/dags/user_processing.py for tasks to queue
[2023-07-07T12:04:06.232+0000] {logging_mixin.py:120} INFO - [2023-07-07T12:04:06.232+0000] {dagbag.py:537} INFO - Filling up the DagBag from /opt/airflow/dags/user_processing.py
[2023-07-07T12:04:06.406+0000] {processor.py:766} INFO - DAG(s) dict_keys(['user_processing']) retrieved from /opt/airflow/dags/user_processing.py
[2023-07-07T12:04:06.508+0000] {logging_mixin.py:120} INFO - [2023-07-07T12:04:06.508+0000] {dag.py:2585} INFO - Sync 1 DAGs
[2023-07-07T12:04:06.523+0000] {logging_mixin.py:120} INFO - [2023-07-07T12:04:06.522+0000] {dag.py:3340} INFO - Setting next_dagrun for user_processing to 2023-07-06T00:00:00+00:00, run_after=2023-07-07T00:00:00+00:00
[2023-07-07T12:04:06.537+0000] {processor.py:176} INFO - Processing /opt/airflow/dags/user_processing.py took 0.307 seconds
[2023-07-07T12:04:36.597+0000] {processor.py:154} INFO - Started process (PID=310) to work on /opt/airflow/dags/user_processing.py
[2023-07-07T12:04:36.598+0000] {processor.py:756} INFO - Processing file /opt/airflow/dags/user_processing.py for tasks to queue
[2023-07-07T12:04:36.598+0000] {logging_mixin.py:120} INFO - [2023-07-07T12:04:36.598+0000] {dagbag.py:537} INFO - Filling up the DagBag from /opt/airflow/dags/user_processing.py
[2023-07-07T12:04:36.762+0000] {processor.py:766} INFO - DAG(s) dict_keys(['user_processing']) retrieved from /opt/airflow/dags/user_processing.py
[2023-07-07T12:04:36.864+0000] {logging_mixin.py:120} INFO - [2023-07-07T12:04:36.863+0000] {dag.py:2585} INFO - Sync 1 DAGs
[2023-07-07T12:04:36.878+0000] {logging_mixin.py:120} INFO - [2023-07-07T12:04:36.878+0000] {dag.py:3340} INFO - Setting next_dagrun for user_processing to 2023-07-06T00:00:00+00:00, run_after=2023-07-07T00:00:00+00:00
[2023-07-07T12:04:36.893+0000] {processor.py:176} INFO - Processing /opt/airflow/dags/user_processing.py took 0.298 seconds
[2023-07-07T12:05:07.797+0000] {processor.py:154} INFO - Started process (PID=377) to work on /opt/airflow/dags/user_processing.py
[2023-07-07T12:05:07.798+0000] {processor.py:756} INFO - Processing file /opt/airflow/dags/user_processing.py for tasks to queue
[2023-07-07T12:05:07.798+0000] {logging_mixin.py:120} INFO - [2023-07-07T12:05:07.798+0000] {dagbag.py:537} INFO - Filling up the DagBag from /opt/airflow/dags/user_processing.py
[2023-07-07T12:05:07.977+0000] {processor.py:766} INFO - DAG(s) dict_keys(['user_processing']) retrieved from /opt/airflow/dags/user_processing.py
[2023-07-07T12:05:08.088+0000] {logging_mixin.py:120} INFO - [2023-07-07T12:05:08.088+0000] {dag.py:2585} INFO - Sync 1 DAGs
[2023-07-07T12:05:08.105+0000] {logging_mixin.py:120} INFO - [2023-07-07T12:05:08.105+0000] {dag.py:3340} INFO - Setting next_dagrun for user_processing to 2023-07-06T00:00:00+00:00, run_after=2023-07-07T00:00:00+00:00
[2023-07-07T12:05:08.117+0000] {processor.py:176} INFO - Processing /opt/airflow/dags/user_processing.py took 0.323 seconds
[2023-07-07T12:05:38.185+0000] {processor.py:154} INFO - Started process (PID=448) to work on /opt/airflow/dags/user_processing.py
[2023-07-07T12:05:38.186+0000] {processor.py:756} INFO - Processing file /opt/airflow/dags/user_processing.py for tasks to queue
[2023-07-07T12:05:38.186+0000] {logging_mixin.py:120} INFO - [2023-07-07T12:05:38.186+0000] {dagbag.py:537} INFO - Filling up the DagBag from /opt/airflow/dags/user_processing.py
[2023-07-07T12:05:38.383+0000] {processor.py:766} INFO - DAG(s) dict_keys(['user_processing']) retrieved from /opt/airflow/dags/user_processing.py
[2023-07-07T12:05:38.504+0000] {logging_mixin.py:120} INFO - [2023-07-07T12:05:38.503+0000] {dag.py:2585} INFO - Sync 1 DAGs
[2023-07-07T12:05:38.523+0000] {logging_mixin.py:120} INFO - [2023-07-07T12:05:38.523+0000] {dag.py:3340} INFO - Setting next_dagrun for user_processing to 2023-07-06T00:00:00+00:00, run_after=2023-07-07T00:00:00+00:00
[2023-07-07T12:05:38.535+0000] {processor.py:176} INFO - Processing /opt/airflow/dags/user_processing.py took 0.352 seconds
[2023-07-07T12:06:09.406+0000] {processor.py:154} INFO - Started process (PID=516) to work on /opt/airflow/dags/user_processing.py
[2023-07-07T12:06:09.407+0000] {processor.py:756} INFO - Processing file /opt/airflow/dags/user_processing.py for tasks to queue
[2023-07-07T12:06:09.407+0000] {logging_mixin.py:120} INFO - [2023-07-07T12:06:09.407+0000] {dagbag.py:537} INFO - Filling up the DagBag from /opt/airflow/dags/user_processing.py
[2023-07-07T12:06:09.626+0000] {processor.py:766} INFO - DAG(s) dict_keys(['user_processing']) retrieved from /opt/airflow/dags/user_processing.py
[2023-07-07T12:06:09.775+0000] {logging_mixin.py:120} INFO - [2023-07-07T12:06:09.775+0000] {dag.py:2585} INFO - Sync 1 DAGs
[2023-07-07T12:06:09.797+0000] {logging_mixin.py:120} INFO - [2023-07-07T12:06:09.797+0000] {dag.py:3340} INFO - Setting next_dagrun for user_processing to 2023-07-06T00:00:00+00:00, run_after=2023-07-07T00:00:00+00:00
[2023-07-07T12:06:09.815+0000] {processor.py:176} INFO - Processing /opt/airflow/dags/user_processing.py took 0.410 seconds
[2023-07-07T12:06:40.800+0000] {processor.py:154} INFO - Started process (PID=585) to work on /opt/airflow/dags/user_processing.py
[2023-07-07T12:06:40.803+0000] {processor.py:756} INFO - Processing file /opt/airflow/dags/user_processing.py for tasks to queue
[2023-07-07T12:06:40.804+0000] {logging_mixin.py:120} INFO - [2023-07-07T12:06:40.804+0000] {dagbag.py:537} INFO - Filling up the DagBag from /opt/airflow/dags/user_processing.py
[2023-07-07T12:06:40.988+0000] {processor.py:766} INFO - DAG(s) dict_keys(['user_processing']) retrieved from /opt/airflow/dags/user_processing.py
[2023-07-07T12:06:41.107+0000] {logging_mixin.py:120} INFO - [2023-07-07T12:06:41.107+0000] {dag.py:2585} INFO - Sync 1 DAGs
[2023-07-07T12:06:41.128+0000] {logging_mixin.py:120} INFO - [2023-07-07T12:06:41.128+0000] {dag.py:3340} INFO - Setting next_dagrun for user_processing to 2023-07-06T00:00:00+00:00, run_after=2023-07-07T00:00:00+00:00
[2023-07-07T12:06:41.139+0000] {processor.py:176} INFO - Processing /opt/airflow/dags/user_processing.py took 0.342 seconds
[2023-07-07T12:07:12.009+0000] {processor.py:154} INFO - Started process (PID=644) to work on /opt/airflow/dags/user_processing.py
[2023-07-07T12:07:12.009+0000] {processor.py:756} INFO - Processing file /opt/airflow/dags/user_processing.py for tasks to queue
[2023-07-07T12:07:12.010+0000] {logging_mixin.py:120} INFO - [2023-07-07T12:07:12.010+0000] {dagbag.py:537} INFO - Filling up the DagBag from /opt/airflow/dags/user_processing.py
[2023-07-07T12:07:12.184+0000] {processor.py:766} INFO - DAG(s) dict_keys(['user_processing']) retrieved from /opt/airflow/dags/user_processing.py
[2023-07-07T12:07:12.300+0000] {logging_mixin.py:120} INFO - [2023-07-07T12:07:12.300+0000] {dag.py:2585} INFO - Sync 1 DAGs
[2023-07-07T12:07:12.317+0000] {logging_mixin.py:120} INFO - [2023-07-07T12:07:12.316+0000] {dag.py:3340} INFO - Setting next_dagrun for user_processing to 2023-07-06T00:00:00+00:00, run_after=2023-07-07T00:00:00+00:00
[2023-07-07T12:07:12.328+0000] {processor.py:176} INFO - Processing /opt/airflow/dags/user_processing.py took 0.321 seconds
[2023-07-07T12:07:42.451+0000] {processor.py:154} INFO - Started process (PID=712) to work on /opt/airflow/dags/user_processing.py
[2023-07-07T12:07:42.451+0000] {processor.py:756} INFO - Processing file /opt/airflow/dags/user_processing.py for tasks to queue
[2023-07-07T12:07:42.452+0000] {logging_mixin.py:120} INFO - [2023-07-07T12:07:42.452+0000] {dagbag.py:537} INFO - Filling up the DagBag from /opt/airflow/dags/user_processing.py
[2023-07-07T12:07:42.634+0000] {processor.py:766} INFO - DAG(s) dict_keys(['user_processing']) retrieved from /opt/airflow/dags/user_processing.py
[2023-07-07T12:07:42.745+0000] {logging_mixin.py:120} INFO - [2023-07-07T12:07:42.745+0000] {dag.py:2585} INFO - Sync 1 DAGs
[2023-07-07T12:07:42.763+0000] {logging_mixin.py:120} INFO - [2023-07-07T12:07:42.763+0000] {dag.py:3340} INFO - Setting next_dagrun for user_processing to 2023-07-06T00:00:00+00:00, run_after=2023-07-07T00:00:00+00:00
[2023-07-07T12:07:42.775+0000] {processor.py:176} INFO - Processing /opt/airflow/dags/user_processing.py took 0.326 seconds
[2023-07-07T12:08:12.855+0000] {processor.py:154} INFO - Started process (PID=783) to work on /opt/airflow/dags/user_processing.py
[2023-07-07T12:08:12.856+0000] {processor.py:756} INFO - Processing file /opt/airflow/dags/user_processing.py for tasks to queue
[2023-07-07T12:08:12.856+0000] {logging_mixin.py:120} INFO - [2023-07-07T12:08:12.856+0000] {dagbag.py:537} INFO - Filling up the DagBag from /opt/airflow/dags/user_processing.py
[2023-07-07T12:08:13.037+0000] {processor.py:766} INFO - DAG(s) dict_keys(['user_processing']) retrieved from /opt/airflow/dags/user_processing.py
[2023-07-07T12:08:13.150+0000] {logging_mixin.py:120} INFO - [2023-07-07T12:08:13.150+0000] {dag.py:2585} INFO - Sync 1 DAGs
[2023-07-07T12:08:13.168+0000] {logging_mixin.py:120} INFO - [2023-07-07T12:08:13.168+0000] {dag.py:3340} INFO - Setting next_dagrun for user_processing to 2023-07-06T00:00:00+00:00, run_after=2023-07-07T00:00:00+00:00
[2023-07-07T12:08:13.180+0000] {processor.py:176} INFO - Processing /opt/airflow/dags/user_processing.py took 0.327 seconds
[2023-07-07T12:08:43.214+0000] {processor.py:154} INFO - Started process (PID=852) to work on /opt/airflow/dags/user_processing.py
[2023-07-07T12:08:43.215+0000] {processor.py:756} INFO - Processing file /opt/airflow/dags/user_processing.py for tasks to queue
[2023-07-07T12:08:43.215+0000] {logging_mixin.py:120} INFO - [2023-07-07T12:08:43.215+0000] {dagbag.py:537} INFO - Filling up the DagBag from /opt/airflow/dags/user_processing.py
[2023-07-07T12:08:43.414+0000] {processor.py:766} INFO - DAG(s) dict_keys(['user_processing']) retrieved from /opt/airflow/dags/user_processing.py
[2023-07-07T12:08:43.536+0000] {logging_mixin.py:120} INFO - [2023-07-07T12:08:43.536+0000] {dag.py:2585} INFO - Sync 1 DAGs
[2023-07-07T12:08:43.553+0000] {logging_mixin.py:120} INFO - [2023-07-07T12:08:43.553+0000] {dag.py:3340} INFO - Setting next_dagrun for user_processing to 2023-07-06T00:00:00+00:00, run_after=2023-07-07T00:00:00+00:00
[2023-07-07T12:08:43.566+0000] {processor.py:176} INFO - Processing /opt/airflow/dags/user_processing.py took 0.353 seconds
[2023-07-07T12:09:13.663+0000] {processor.py:154} INFO - Started process (PID=921) to work on /opt/airflow/dags/user_processing.py
[2023-07-07T12:09:13.663+0000] {processor.py:756} INFO - Processing file /opt/airflow/dags/user_processing.py for tasks to queue
[2023-07-07T12:09:13.664+0000] {logging_mixin.py:120} INFO - [2023-07-07T12:09:13.664+0000] {dagbag.py:537} INFO - Filling up the DagBag from /opt/airflow/dags/user_processing.py
[2023-07-07T12:09:13.865+0000] {processor.py:766} INFO - DAG(s) dict_keys(['user_processing']) retrieved from /opt/airflow/dags/user_processing.py
[2023-07-07T12:09:13.980+0000] {logging_mixin.py:120} INFO - [2023-07-07T12:09:13.980+0000] {dag.py:2585} INFO - Sync 1 DAGs
[2023-07-07T12:09:13.997+0000] {logging_mixin.py:120} INFO - [2023-07-07T12:09:13.997+0000] {dag.py:3340} INFO - Setting next_dagrun for user_processing to 2023-07-06T00:00:00+00:00, run_after=2023-07-07T00:00:00+00:00
[2023-07-07T12:09:14.010+0000] {processor.py:176} INFO - Processing /opt/airflow/dags/user_processing.py took 0.348 seconds
[2023-07-07T12:09:44.639+0000] {processor.py:154} INFO - Started process (PID=977) to work on /opt/airflow/dags/user_processing.py
[2023-07-07T12:09:44.642+0000] {processor.py:756} INFO - Processing file /opt/airflow/dags/user_processing.py for tasks to queue
[2023-07-07T12:09:44.643+0000] {logging_mixin.py:120} INFO - [2023-07-07T12:09:44.643+0000] {dagbag.py:537} INFO - Filling up the DagBag from /opt/airflow/dags/user_processing.py
[2023-07-07T12:09:44.836+0000] {processor.py:766} INFO - DAG(s) dict_keys(['user_processing']) retrieved from /opt/airflow/dags/user_processing.py
[2023-07-07T12:09:44.968+0000] {logging_mixin.py:120} INFO - [2023-07-07T12:09:44.967+0000] {dag.py:2585} INFO - Sync 1 DAGs
[2023-07-07T12:09:44.988+0000] {logging_mixin.py:120} INFO - [2023-07-07T12:09:44.988+0000] {dag.py:3340} INFO - Setting next_dagrun for user_processing to 2023-07-06T00:00:00+00:00, run_after=2023-07-07T00:00:00+00:00
[2023-07-07T12:09:45.002+0000] {processor.py:176} INFO - Processing /opt/airflow/dags/user_processing.py took 0.365 seconds
[2023-07-07T12:10:15.042+0000] {processor.py:154} INFO - Started process (PID=1046) to work on /opt/airflow/dags/user_processing.py
[2023-07-07T12:10:15.042+0000] {processor.py:756} INFO - Processing file /opt/airflow/dags/user_processing.py for tasks to queue
[2023-07-07T12:10:15.043+0000] {logging_mixin.py:120} INFO - [2023-07-07T12:10:15.043+0000] {dagbag.py:537} INFO - Filling up the DagBag from /opt/airflow/dags/user_processing.py
[2023-07-07T12:10:15.246+0000] {processor.py:766} INFO - DAG(s) dict_keys(['user_processing']) retrieved from /opt/airflow/dags/user_processing.py
[2023-07-07T12:10:15.369+0000] {logging_mixin.py:120} INFO - [2023-07-07T12:10:15.369+0000] {dag.py:2585} INFO - Sync 1 DAGs
[2023-07-07T12:10:15.388+0000] {logging_mixin.py:120} INFO - [2023-07-07T12:10:15.388+0000] {dag.py:3340} INFO - Setting next_dagrun for user_processing to 2023-07-06T00:00:00+00:00, run_after=2023-07-07T00:00:00+00:00
[2023-07-07T12:10:15.400+0000] {processor.py:176} INFO - Processing /opt/airflow/dags/user_processing.py took 0.360 seconds
[2023-07-07T12:10:45.485+0000] {processor.py:154} INFO - Started process (PID=1115) to work on /opt/airflow/dags/user_processing.py
[2023-07-07T12:10:45.486+0000] {processor.py:756} INFO - Processing file /opt/airflow/dags/user_processing.py for tasks to queue
[2023-07-07T12:10:45.486+0000] {logging_mixin.py:120} INFO - [2023-07-07T12:10:45.486+0000] {dagbag.py:537} INFO - Filling up the DagBag from /opt/airflow/dags/user_processing.py
[2023-07-07T12:10:45.684+0000] {processor.py:766} INFO - DAG(s) dict_keys(['user_processing']) retrieved from /opt/airflow/dags/user_processing.py
[2023-07-07T12:10:45.807+0000] {logging_mixin.py:120} INFO - [2023-07-07T12:10:45.807+0000] {dag.py:2585} INFO - Sync 1 DAGs
[2023-07-07T12:10:45.827+0000] {logging_mixin.py:120} INFO - [2023-07-07T12:10:45.826+0000] {dag.py:3340} INFO - Setting next_dagrun for user_processing to 2023-07-06T00:00:00+00:00, run_after=2023-07-07T00:00:00+00:00
[2023-07-07T12:10:45.839+0000] {processor.py:176} INFO - Processing /opt/airflow/dags/user_processing.py took 0.356 seconds
[2023-07-07T12:11:15.901+0000] {processor.py:154} INFO - Started process (PID=1184) to work on /opt/airflow/dags/user_processing.py
[2023-07-07T12:11:15.902+0000] {processor.py:756} INFO - Processing file /opt/airflow/dags/user_processing.py for tasks to queue
[2023-07-07T12:11:15.902+0000] {logging_mixin.py:120} INFO - [2023-07-07T12:11:15.902+0000] {dagbag.py:537} INFO - Filling up the DagBag from /opt/airflow/dags/user_processing.py
[2023-07-07T12:11:16.141+0000] {processor.py:766} INFO - DAG(s) dict_keys(['user_processing']) retrieved from /opt/airflow/dags/user_processing.py
[2023-07-07T12:11:16.273+0000] {logging_mixin.py:120} INFO - [2023-07-07T12:11:16.273+0000] {dag.py:2585} INFO - Sync 1 DAGs
[2023-07-07T12:11:16.293+0000] {logging_mixin.py:120} INFO - [2023-07-07T12:11:16.293+0000] {dag.py:3340} INFO - Setting next_dagrun for user_processing to 2023-07-06T00:00:00+00:00, run_after=2023-07-07T00:00:00+00:00
[2023-07-07T12:11:16.306+0000] {processor.py:176} INFO - Processing /opt/airflow/dags/user_processing.py took 0.406 seconds
[2023-07-07T12:11:46.347+0000] {processor.py:154} INFO - Started process (PID=1254) to work on /opt/airflow/dags/user_processing.py
[2023-07-07T12:11:46.348+0000] {processor.py:756} INFO - Processing file /opt/airflow/dags/user_processing.py for tasks to queue
[2023-07-07T12:11:46.348+0000] {logging_mixin.py:120} INFO - [2023-07-07T12:11:46.348+0000] {dagbag.py:537} INFO - Filling up the DagBag from /opt/airflow/dags/user_processing.py
[2023-07-07T12:11:46.564+0000] {processor.py:766} INFO - DAG(s) dict_keys(['user_processing']) retrieved from /opt/airflow/dags/user_processing.py
[2023-07-07T12:11:46.689+0000] {logging_mixin.py:120} INFO - [2023-07-07T12:11:46.688+0000] {dag.py:2585} INFO - Sync 1 DAGs
[2023-07-07T12:11:46.709+0000] {logging_mixin.py:120} INFO - [2023-07-07T12:11:46.709+0000] {dag.py:3340} INFO - Setting next_dagrun for user_processing to 2023-07-06T00:00:00+00:00, run_after=2023-07-07T00:00:00+00:00
[2023-07-07T12:11:46.723+0000] {processor.py:176} INFO - Processing /opt/airflow/dags/user_processing.py took 0.378 seconds
[2023-07-07T12:12:17.363+0000] {processor.py:154} INFO - Started process (PID=1312) to work on /opt/airflow/dags/user_processing.py
[2023-07-07T12:12:17.364+0000] {processor.py:756} INFO - Processing file /opt/airflow/dags/user_processing.py for tasks to queue
[2023-07-07T12:12:17.364+0000] {logging_mixin.py:120} INFO - [2023-07-07T12:12:17.364+0000] {dagbag.py:537} INFO - Filling up the DagBag from /opt/airflow/dags/user_processing.py
[2023-07-07T12:12:17.558+0000] {processor.py:766} INFO - DAG(s) dict_keys(['user_processing']) retrieved from /opt/airflow/dags/user_processing.py
[2023-07-07T12:12:17.670+0000] {logging_mixin.py:120} INFO - [2023-07-07T12:12:17.669+0000] {dag.py:2585} INFO - Sync 1 DAGs
[2023-07-07T12:12:17.687+0000] {logging_mixin.py:120} INFO - [2023-07-07T12:12:17.687+0000] {dag.py:3340} INFO - Setting next_dagrun for user_processing to 2023-07-06T00:00:00+00:00, run_after=2023-07-07T00:00:00+00:00
[2023-07-07T12:12:17.698+0000] {processor.py:176} INFO - Processing /opt/airflow/dags/user_processing.py took 0.336 seconds
[2023-07-07T12:12:48.650+0000] {processor.py:154} INFO - Started process (PID=1382) to work on /opt/airflow/dags/user_processing.py
[2023-07-07T12:12:48.654+0000] {processor.py:756} INFO - Processing file /opt/airflow/dags/user_processing.py for tasks to queue
[2023-07-07T12:12:48.655+0000] {logging_mixin.py:120} INFO - [2023-07-07T12:12:48.654+0000] {dagbag.py:537} INFO - Filling up the DagBag from /opt/airflow/dags/user_processing.py
[2023-07-07T12:12:48.845+0000] {processor.py:766} INFO - DAG(s) dict_keys(['user_processing']) retrieved from /opt/airflow/dags/user_processing.py
[2023-07-07T12:12:48.957+0000] {logging_mixin.py:120} INFO - [2023-07-07T12:12:48.956+0000] {dag.py:2585} INFO - Sync 1 DAGs
[2023-07-07T12:12:48.974+0000] {logging_mixin.py:120} INFO - [2023-07-07T12:12:48.974+0000] {dag.py:3340} INFO - Setting next_dagrun for user_processing to 2023-07-06T00:00:00+00:00, run_after=2023-07-07T00:00:00+00:00
[2023-07-07T12:12:48.986+0000] {processor.py:176} INFO - Processing /opt/airflow/dags/user_processing.py took 0.342 seconds
[2023-07-07T12:13:19.093+0000] {processor.py:154} INFO - Started process (PID=1450) to work on /opt/airflow/dags/user_processing.py
[2023-07-07T12:13:19.096+0000] {processor.py:756} INFO - Processing file /opt/airflow/dags/user_processing.py for tasks to queue
[2023-07-07T12:13:19.097+0000] {logging_mixin.py:120} INFO - [2023-07-07T12:13:19.097+0000] {dagbag.py:537} INFO - Filling up the DagBag from /opt/airflow/dags/user_processing.py
[2023-07-07T12:13:19.285+0000] {processor.py:766} INFO - DAG(s) dict_keys(['user_processing']) retrieved from /opt/airflow/dags/user_processing.py
[2023-07-07T12:13:19.400+0000] {logging_mixin.py:120} INFO - [2023-07-07T12:13:19.400+0000] {dag.py:2585} INFO - Sync 1 DAGs
[2023-07-07T12:13:19.417+0000] {logging_mixin.py:120} INFO - [2023-07-07T12:13:19.417+0000] {dag.py:3340} INFO - Setting next_dagrun for user_processing to 2023-07-06T00:00:00+00:00, run_after=2023-07-07T00:00:00+00:00
[2023-07-07T12:13:19.429+0000] {processor.py:176} INFO - Processing /opt/airflow/dags/user_processing.py took 0.338 seconds
[2023-07-07T12:13:50.311+0000] {processor.py:154} INFO - Started process (PID=1517) to work on /opt/airflow/dags/user_processing.py
[2023-07-07T12:13:50.313+0000] {processor.py:756} INFO - Processing file /opt/airflow/dags/user_processing.py for tasks to queue
[2023-07-07T12:13:50.314+0000] {logging_mixin.py:120} INFO - [2023-07-07T12:13:50.314+0000] {dagbag.py:537} INFO - Filling up the DagBag from /opt/airflow/dags/user_processing.py
[2023-07-07T12:13:50.523+0000] {processor.py:766} INFO - DAG(s) dict_keys(['user_processing']) retrieved from /opt/airflow/dags/user_processing.py
[2023-07-07T12:13:50.649+0000] {logging_mixin.py:120} INFO - [2023-07-07T12:13:50.649+0000] {dag.py:2585} INFO - Sync 1 DAGs
[2023-07-07T12:13:50.672+0000] {logging_mixin.py:120} INFO - [2023-07-07T12:13:50.671+0000] {dag.py:3340} INFO - Setting next_dagrun for user_processing to 2023-07-06T00:00:00+00:00, run_after=2023-07-07T00:00:00+00:00
[2023-07-07T12:13:50.689+0000] {processor.py:176} INFO - Processing /opt/airflow/dags/user_processing.py took 0.380 seconds
[2023-07-07T12:14:21.368+0000] {processor.py:154} INFO - Started process (PID=1583) to work on /opt/airflow/dags/user_processing.py
[2023-07-07T12:14:21.372+0000] {processor.py:756} INFO - Processing file /opt/airflow/dags/user_processing.py for tasks to queue
[2023-07-07T12:14:21.374+0000] {logging_mixin.py:120} INFO - [2023-07-07T12:14:21.373+0000] {dagbag.py:537} INFO - Filling up the DagBag from /opt/airflow/dags/user_processing.py
[2023-07-07T12:14:21.554+0000] {processor.py:766} INFO - DAG(s) dict_keys(['user_processing']) retrieved from /opt/airflow/dags/user_processing.py
[2023-07-07T12:14:21.659+0000] {logging_mixin.py:120} INFO - [2023-07-07T12:14:21.659+0000] {dag.py:2585} INFO - Sync 1 DAGs
[2023-07-07T12:14:21.675+0000] {logging_mixin.py:120} INFO - [2023-07-07T12:14:21.675+0000] {dag.py:3340} INFO - Setting next_dagrun for user_processing to 2023-07-06T00:00:00+00:00, run_after=2023-07-07T00:00:00+00:00
[2023-07-07T12:14:21.687+0000] {processor.py:176} INFO - Processing /opt/airflow/dags/user_processing.py took 0.324 seconds
[2023-07-07T12:14:52.517+0000] {processor.py:154} INFO - Started process (PID=1651) to work on /opt/airflow/dags/user_processing.py
[2023-07-07T12:14:52.521+0000] {processor.py:756} INFO - Processing file /opt/airflow/dags/user_processing.py for tasks to queue
[2023-07-07T12:14:52.522+0000] {logging_mixin.py:120} INFO - [2023-07-07T12:14:52.522+0000] {dagbag.py:537} INFO - Filling up the DagBag from /opt/airflow/dags/user_processing.py
[2023-07-07T12:14:52.688+0000] {processor.py:766} INFO - DAG(s) dict_keys(['user_processing']) retrieved from /opt/airflow/dags/user_processing.py
[2023-07-07T12:14:52.794+0000] {logging_mixin.py:120} INFO - [2023-07-07T12:14:52.794+0000] {dag.py:2585} INFO - Sync 1 DAGs
[2023-07-07T12:14:52.809+0000] {logging_mixin.py:120} INFO - [2023-07-07T12:14:52.809+0000] {dag.py:3340} INFO - Setting next_dagrun for user_processing to 2023-07-06T00:00:00+00:00, run_after=2023-07-07T00:00:00+00:00
[2023-07-07T12:14:52.821+0000] {processor.py:176} INFO - Processing /opt/airflow/dags/user_processing.py took 0.306 seconds
[2023-07-07T12:15:22.839+0000] {processor.py:154} INFO - Started process (PID=1709) to work on /opt/airflow/dags/user_processing.py
[2023-07-07T12:15:22.840+0000] {processor.py:756} INFO - Processing file /opt/airflow/dags/user_processing.py for tasks to queue
[2023-07-07T12:15:22.840+0000] {logging_mixin.py:120} INFO - [2023-07-07T12:15:22.840+0000] {dagbag.py:537} INFO - Filling up the DagBag from /opt/airflow/dags/user_processing.py
[2023-07-07T12:15:23.070+0000] {processor.py:766} INFO - DAG(s) dict_keys(['user_processing']) retrieved from /opt/airflow/dags/user_processing.py
[2023-07-07T12:15:23.239+0000] {logging_mixin.py:120} INFO - [2023-07-07T12:15:23.239+0000] {dag.py:2585} INFO - Sync 1 DAGs
[2023-07-07T12:15:23.257+0000] {logging_mixin.py:120} INFO - [2023-07-07T12:15:23.257+0000] {dag.py:3340} INFO - Setting next_dagrun for user_processing to 2023-07-06T00:00:00+00:00, run_after=2023-07-07T00:00:00+00:00
[2023-07-07T12:15:23.271+0000] {processor.py:176} INFO - Processing /opt/airflow/dags/user_processing.py took 0.434 seconds
[2023-07-07T12:15:53.907+0000] {processor.py:154} INFO - Started process (PID=1776) to work on /opt/airflow/dags/user_processing.py
[2023-07-07T12:15:53.910+0000] {processor.py:756} INFO - Processing file /opt/airflow/dags/user_processing.py for tasks to queue
[2023-07-07T12:15:53.910+0000] {logging_mixin.py:120} INFO - [2023-07-07T12:15:53.910+0000] {dagbag.py:537} INFO - Filling up the DagBag from /opt/airflow/dags/user_processing.py
[2023-07-07T12:15:54.089+0000] {processor.py:766} INFO - DAG(s) dict_keys(['user_processing']) retrieved from /opt/airflow/dags/user_processing.py
[2023-07-07T12:15:54.198+0000] {logging_mixin.py:120} INFO - [2023-07-07T12:15:54.198+0000] {dag.py:2585} INFO - Sync 1 DAGs
[2023-07-07T12:15:54.215+0000] {logging_mixin.py:120} INFO - [2023-07-07T12:15:54.215+0000] {dag.py:3340} INFO - Setting next_dagrun for user_processing to 2023-07-06T00:00:00+00:00, run_after=2023-07-07T00:00:00+00:00
[2023-07-07T12:15:54.230+0000] {processor.py:176} INFO - Processing /opt/airflow/dags/user_processing.py took 0.325 seconds
[2023-07-07T12:16:25.145+0000] {processor.py:154} INFO - Started process (PID=1845) to work on /opt/airflow/dags/user_processing.py
[2023-07-07T12:16:25.145+0000] {processor.py:756} INFO - Processing file /opt/airflow/dags/user_processing.py for tasks to queue
[2023-07-07T12:16:25.146+0000] {logging_mixin.py:120} INFO - [2023-07-07T12:16:25.146+0000] {dagbag.py:537} INFO - Filling up the DagBag from /opt/airflow/dags/user_processing.py
[2023-07-07T12:16:25.325+0000] {processor.py:766} INFO - DAG(s) dict_keys(['user_processing']) retrieved from /opt/airflow/dags/user_processing.py
[2023-07-07T12:16:25.432+0000] {logging_mixin.py:120} INFO - [2023-07-07T12:16:25.432+0000] {dag.py:2585} INFO - Sync 1 DAGs
[2023-07-07T12:16:25.448+0000] {logging_mixin.py:120} INFO - [2023-07-07T12:16:25.448+0000] {dag.py:3340} INFO - Setting next_dagrun for user_processing to 2023-07-06T00:00:00+00:00, run_after=2023-07-07T00:00:00+00:00
[2023-07-07T12:16:25.463+0000] {processor.py:176} INFO - Processing /opt/airflow/dags/user_processing.py took 0.320 seconds
[2023-07-07T12:16:55.799+0000] {processor.py:154} INFO - Started process (PID=1912) to work on /opt/airflow/dags/user_processing.py
[2023-07-07T12:16:55.800+0000] {processor.py:756} INFO - Processing file /opt/airflow/dags/user_processing.py for tasks to queue
[2023-07-07T12:16:55.801+0000] {logging_mixin.py:120} INFO - [2023-07-07T12:16:55.801+0000] {dagbag.py:537} INFO - Filling up the DagBag from /opt/airflow/dags/user_processing.py
[2023-07-07T12:16:55.979+0000] {processor.py:766} INFO - DAG(s) dict_keys(['user_processing']) retrieved from /opt/airflow/dags/user_processing.py
[2023-07-07T12:16:56.090+0000] {logging_mixin.py:120} INFO - [2023-07-07T12:16:56.089+0000] {dag.py:2585} INFO - Sync 1 DAGs
[2023-07-07T12:16:56.106+0000] {logging_mixin.py:120} INFO - [2023-07-07T12:16:56.106+0000] {dag.py:3340} INFO - Setting next_dagrun for user_processing to 2023-07-06T00:00:00+00:00, run_after=2023-07-07T00:00:00+00:00
[2023-07-07T12:16:56.121+0000] {processor.py:176} INFO - Processing /opt/airflow/dags/user_processing.py took 0.324 seconds
[2023-07-07T12:17:26.876+0000] {processor.py:154} INFO - Started process (PID=1978) to work on /opt/airflow/dags/user_processing.py
[2023-07-07T12:17:26.877+0000] {processor.py:756} INFO - Processing file /opt/airflow/dags/user_processing.py for tasks to queue
[2023-07-07T12:17:26.878+0000] {logging_mixin.py:120} INFO - [2023-07-07T12:17:26.878+0000] {dagbag.py:537} INFO - Filling up the DagBag from /opt/airflow/dags/user_processing.py
[2023-07-07T12:17:27.055+0000] {processor.py:766} INFO - DAG(s) dict_keys(['user_processing']) retrieved from /opt/airflow/dags/user_processing.py
[2023-07-07T12:17:27.162+0000] {logging_mixin.py:120} INFO - [2023-07-07T12:17:27.162+0000] {dag.py:2585} INFO - Sync 1 DAGs
[2023-07-07T12:17:27.179+0000] {logging_mixin.py:120} INFO - [2023-07-07T12:17:27.179+0000] {dag.py:3340} INFO - Setting next_dagrun for user_processing to 2023-07-06T00:00:00+00:00, run_after=2023-07-07T00:00:00+00:00
[2023-07-07T12:17:27.190+0000] {processor.py:176} INFO - Processing /opt/airflow/dags/user_processing.py took 0.318 seconds
[2023-07-07T12:17:58.079+0000] {processor.py:154} INFO - Started process (PID=2045) to work on /opt/airflow/dags/user_processing.py
[2023-07-07T12:17:58.082+0000] {processor.py:756} INFO - Processing file /opt/airflow/dags/user_processing.py for tasks to queue
[2023-07-07T12:17:58.083+0000] {logging_mixin.py:120} INFO - [2023-07-07T12:17:58.083+0000] {dagbag.py:537} INFO - Filling up the DagBag from /opt/airflow/dags/user_processing.py
[2023-07-07T12:17:58.263+0000] {processor.py:766} INFO - DAG(s) dict_keys(['user_processing']) retrieved from /opt/airflow/dags/user_processing.py
[2023-07-07T12:17:58.373+0000] {logging_mixin.py:120} INFO - [2023-07-07T12:17:58.373+0000] {dag.py:2585} INFO - Sync 1 DAGs
[2023-07-07T12:17:58.388+0000] {logging_mixin.py:120} INFO - [2023-07-07T12:17:58.388+0000] {dag.py:3340} INFO - Setting next_dagrun for user_processing to 2023-07-06T00:00:00+00:00, run_after=2023-07-07T00:00:00+00:00
[2023-07-07T12:17:58.405+0000] {processor.py:176} INFO - Processing /opt/airflow/dags/user_processing.py took 0.328 seconds
[2023-07-07T12:18:29.296+0000] {processor.py:154} INFO - Started process (PID=2111) to work on /opt/airflow/dags/user_processing.py
[2023-07-07T12:18:29.296+0000] {processor.py:756} INFO - Processing file /opt/airflow/dags/user_processing.py for tasks to queue
[2023-07-07T12:18:29.297+0000] {logging_mixin.py:120} INFO - [2023-07-07T12:18:29.296+0000] {dagbag.py:537} INFO - Filling up the DagBag from /opt/airflow/dags/user_processing.py
[2023-07-07T12:18:29.484+0000] {processor.py:766} INFO - DAG(s) dict_keys(['user_processing']) retrieved from /opt/airflow/dags/user_processing.py
[2023-07-07T12:18:29.601+0000] {logging_mixin.py:120} INFO - [2023-07-07T12:18:29.600+0000] {dag.py:2585} INFO - Sync 1 DAGs
[2023-07-07T12:18:29.618+0000] {logging_mixin.py:120} INFO - [2023-07-07T12:18:29.618+0000] {dag.py:3340} INFO - Setting next_dagrun for user_processing to 2023-07-06T00:00:00+00:00, run_after=2023-07-07T00:00:00+00:00
[2023-07-07T12:18:29.634+0000] {processor.py:176} INFO - Processing /opt/airflow/dags/user_processing.py took 0.340 seconds
[2023-07-07T12:18:59.663+0000] {processor.py:154} INFO - Started process (PID=2171) to work on /opt/airflow/dags/user_processing.py
[2023-07-07T12:18:59.664+0000] {processor.py:756} INFO - Processing file /opt/airflow/dags/user_processing.py for tasks to queue
[2023-07-07T12:18:59.664+0000] {logging_mixin.py:120} INFO - [2023-07-07T12:18:59.664+0000] {dagbag.py:537} INFO - Filling up the DagBag from /opt/airflow/dags/user_processing.py
[2023-07-07T12:18:59.831+0000] {processor.py:766} INFO - DAG(s) dict_keys(['user_processing']) retrieved from /opt/airflow/dags/user_processing.py
[2023-07-07T12:18:59.931+0000] {logging_mixin.py:120} INFO - [2023-07-07T12:18:59.931+0000] {dag.py:2585} INFO - Sync 1 DAGs
[2023-07-07T12:18:59.946+0000] {logging_mixin.py:120} INFO - [2023-07-07T12:18:59.946+0000] {dag.py:3340} INFO - Setting next_dagrun for user_processing to 2023-07-06T00:00:00+00:00, run_after=2023-07-07T00:00:00+00:00
[2023-07-07T12:18:59.959+0000] {processor.py:176} INFO - Processing /opt/airflow/dags/user_processing.py took 0.299 seconds
[2023-07-07T12:19:30.926+0000] {processor.py:154} INFO - Started process (PID=2238) to work on /opt/airflow/dags/user_processing.py
[2023-07-07T12:19:30.928+0000] {processor.py:756} INFO - Processing file /opt/airflow/dags/user_processing.py for tasks to queue
[2023-07-07T12:19:30.928+0000] {logging_mixin.py:120} INFO - [2023-07-07T12:19:30.928+0000] {dagbag.py:537} INFO - Filling up the DagBag from /opt/airflow/dags/user_processing.py
[2023-07-07T12:19:31.090+0000] {processor.py:766} INFO - DAG(s) dict_keys(['user_processing']) retrieved from /opt/airflow/dags/user_processing.py
[2023-07-07T12:19:31.191+0000] {logging_mixin.py:120} INFO - [2023-07-07T12:19:31.191+0000] {dag.py:2585} INFO - Sync 1 DAGs
[2023-07-07T12:19:31.206+0000] {logging_mixin.py:120} INFO - [2023-07-07T12:19:31.206+0000] {dag.py:3340} INFO - Setting next_dagrun for user_processing to 2023-07-06T00:00:00+00:00, run_after=2023-07-07T00:00:00+00:00
[2023-07-07T12:19:31.220+0000] {processor.py:176} INFO - Processing /opt/airflow/dags/user_processing.py took 0.297 seconds
[2023-07-07T12:20:02.179+0000] {processor.py:154} INFO - Started process (PID=2306) to work on /opt/airflow/dags/user_processing.py
[2023-07-07T12:20:02.182+0000] {processor.py:756} INFO - Processing file /opt/airflow/dags/user_processing.py for tasks to queue
[2023-07-07T12:20:02.183+0000] {logging_mixin.py:120} INFO - [2023-07-07T12:20:02.183+0000] {dagbag.py:537} INFO - Filling up the DagBag from /opt/airflow/dags/user_processing.py
[2023-07-07T12:20:02.349+0000] {processor.py:766} INFO - DAG(s) dict_keys(['user_processing']) retrieved from /opt/airflow/dags/user_processing.py
[2023-07-07T12:20:02.450+0000] {logging_mixin.py:120} INFO - [2023-07-07T12:20:02.450+0000] {dag.py:2585} INFO - Sync 1 DAGs
[2023-07-07T12:20:02.466+0000] {logging_mixin.py:120} INFO - [2023-07-07T12:20:02.466+0000] {dag.py:3340} INFO - Setting next_dagrun for user_processing to 2023-07-06T00:00:00+00:00, run_after=2023-07-07T00:00:00+00:00
[2023-07-07T12:20:02.481+0000] {processor.py:176} INFO - Processing /opt/airflow/dags/user_processing.py took 0.305 seconds
[2023-07-07T12:20:33.342+0000] {processor.py:154} INFO - Started process (PID=2373) to work on /opt/airflow/dags/user_processing.py
[2023-07-07T12:20:33.343+0000] {processor.py:756} INFO - Processing file /opt/airflow/dags/user_processing.py for tasks to queue
[2023-07-07T12:20:33.344+0000] {logging_mixin.py:120} INFO - [2023-07-07T12:20:33.344+0000] {dagbag.py:537} INFO - Filling up the DagBag from /opt/airflow/dags/user_processing.py
[2023-07-07T12:20:33.511+0000] {processor.py:766} INFO - DAG(s) dict_keys(['user_processing']) retrieved from /opt/airflow/dags/user_processing.py
[2023-07-07T12:20:33.615+0000] {logging_mixin.py:120} INFO - [2023-07-07T12:20:33.615+0000] {dag.py:2585} INFO - Sync 1 DAGs
[2023-07-07T12:20:33.631+0000] {logging_mixin.py:120} INFO - [2023-07-07T12:20:33.631+0000] {dag.py:3340} INFO - Setting next_dagrun for user_processing to 2023-07-06T00:00:00+00:00, run_after=2023-07-07T00:00:00+00:00
[2023-07-07T12:20:33.646+0000] {processor.py:176} INFO - Processing /opt/airflow/dags/user_processing.py took 0.307 seconds
[2023-07-07T12:21:04.602+0000] {processor.py:154} INFO - Started process (PID=2440) to work on /opt/airflow/dags/user_processing.py
[2023-07-07T12:21:04.603+0000] {processor.py:756} INFO - Processing file /opt/airflow/dags/user_processing.py for tasks to queue
[2023-07-07T12:21:04.604+0000] {logging_mixin.py:120} INFO - [2023-07-07T12:21:04.604+0000] {dagbag.py:537} INFO - Filling up the DagBag from /opt/airflow/dags/user_processing.py
[2023-07-07T12:21:04.771+0000] {processor.py:766} INFO - DAG(s) dict_keys(['user_processing']) retrieved from /opt/airflow/dags/user_processing.py
[2023-07-07T12:21:04.873+0000] {logging_mixin.py:120} INFO - [2023-07-07T12:21:04.872+0000] {dag.py:2585} INFO - Sync 1 DAGs
[2023-07-07T12:21:04.887+0000] {logging_mixin.py:120} INFO - [2023-07-07T12:21:04.887+0000] {dag.py:3340} INFO - Setting next_dagrun for user_processing to 2023-07-06T00:00:00+00:00, run_after=2023-07-07T00:00:00+00:00
[2023-07-07T12:21:04.903+0000] {processor.py:176} INFO - Processing /opt/airflow/dags/user_processing.py took 0.305 seconds
[2023-07-07T12:21:58.107+0000] {processor.py:154} INFO - Started process (PID=39) to work on /opt/airflow/dags/user_processing.py
[2023-07-07T12:21:58.108+0000] {processor.py:756} INFO - Processing file /opt/airflow/dags/user_processing.py for tasks to queue
[2023-07-07T12:21:58.108+0000] {logging_mixin.py:120} INFO - [2023-07-07T12:21:58.108+0000] {dagbag.py:537} INFO - Filling up the DagBag from /opt/airflow/dags/user_processing.py
[2023-07-07T12:21:59.213+0000] {processor.py:766} INFO - DAG(s) dict_keys(['user_processing']) retrieved from /opt/airflow/dags/user_processing.py
[2023-07-07T12:21:59.612+0000] {logging_mixin.py:120} INFO - [2023-07-07T12:21:59.611+0000] {dag.py:2585} INFO - Sync 1 DAGs
[2023-07-07T12:21:59.658+0000] {logging_mixin.py:120} INFO - [2023-07-07T12:21:59.658+0000] {dag.py:3340} INFO - Setting next_dagrun for user_processing to 2023-07-06T00:00:00+00:00, run_after=2023-07-07T00:00:00+00:00
[2023-07-07T12:21:59.684+0000] {processor.py:176} INFO - Processing /opt/airflow/dags/user_processing.py took 1.580 seconds
[2023-07-07T12:22:30.240+0000] {processor.py:154} INFO - Started process (PID=115) to work on /opt/airflow/dags/user_processing.py
[2023-07-07T12:22:30.244+0000] {processor.py:756} INFO - Processing file /opt/airflow/dags/user_processing.py for tasks to queue
[2023-07-07T12:22:30.245+0000] {logging_mixin.py:120} INFO - [2023-07-07T12:22:30.244+0000] {dagbag.py:537} INFO - Filling up the DagBag from /opt/airflow/dags/user_processing.py
[2023-07-07T12:22:30.515+0000] {processor.py:766} INFO - DAG(s) dict_keys(['user_processing']) retrieved from /opt/airflow/dags/user_processing.py
[2023-07-07T12:22:30.630+0000] {logging_mixin.py:120} INFO - [2023-07-07T12:22:30.629+0000] {dag.py:2585} INFO - Sync 1 DAGs
[2023-07-07T12:22:30.647+0000] {logging_mixin.py:120} INFO - [2023-07-07T12:22:30.647+0000] {dag.py:3340} INFO - Setting next_dagrun for user_processing to 2023-07-06T00:00:00+00:00, run_after=2023-07-07T00:00:00+00:00
[2023-07-07T12:22:30.658+0000] {processor.py:176} INFO - Processing /opt/airflow/dags/user_processing.py took 0.420 seconds
[2023-07-07T12:23:01.623+0000] {processor.py:154} INFO - Started process (PID=185) to work on /opt/airflow/dags/user_processing.py
[2023-07-07T12:23:01.624+0000] {processor.py:756} INFO - Processing file /opt/airflow/dags/user_processing.py for tasks to queue
[2023-07-07T12:23:01.624+0000] {logging_mixin.py:120} INFO - [2023-07-07T12:23:01.624+0000] {dagbag.py:537} INFO - Filling up the DagBag from /opt/airflow/dags/user_processing.py
[2023-07-07T12:23:01.903+0000] {processor.py:766} INFO - DAG(s) dict_keys(['user_processing']) retrieved from /opt/airflow/dags/user_processing.py
[2023-07-07T12:23:02.018+0000] {logging_mixin.py:120} INFO - [2023-07-07T12:23:02.018+0000] {dag.py:2585} INFO - Sync 1 DAGs
[2023-07-07T12:23:02.035+0000] {logging_mixin.py:120} INFO - [2023-07-07T12:23:02.034+0000] {dag.py:3340} INFO - Setting next_dagrun for user_processing to 2023-07-06T00:00:00+00:00, run_after=2023-07-07T00:00:00+00:00
[2023-07-07T12:23:02.046+0000] {processor.py:176} INFO - Processing /opt/airflow/dags/user_processing.py took 0.425 seconds
[2023-07-07T12:23:32.089+0000] {processor.py:154} INFO - Started process (PID=254) to work on /opt/airflow/dags/user_processing.py
[2023-07-07T12:23:32.090+0000] {processor.py:756} INFO - Processing file /opt/airflow/dags/user_processing.py for tasks to queue
[2023-07-07T12:23:32.090+0000] {logging_mixin.py:120} INFO - [2023-07-07T12:23:32.090+0000] {dagbag.py:537} INFO - Filling up the DagBag from /opt/airflow/dags/user_processing.py
[2023-07-07T12:23:32.420+0000] {processor.py:766} INFO - DAG(s) dict_keys(['user_processing']) retrieved from /opt/airflow/dags/user_processing.py
[2023-07-07T12:23:32.543+0000] {logging_mixin.py:120} INFO - [2023-07-07T12:23:32.542+0000] {dag.py:2585} INFO - Sync 1 DAGs
[2023-07-07T12:23:32.569+0000] {logging_mixin.py:120} INFO - [2023-07-07T12:23:32.568+0000] {dag.py:3340} INFO - Setting next_dagrun for user_processing to 2023-07-06T00:00:00+00:00, run_after=2023-07-07T00:00:00+00:00
[2023-07-07T12:23:32.589+0000] {processor.py:176} INFO - Processing /opt/airflow/dags/user_processing.py took 0.502 seconds
[2023-07-07T12:24:02.658+0000] {processor.py:154} INFO - Started process (PID=324) to work on /opt/airflow/dags/user_processing.py
[2023-07-07T12:24:02.659+0000] {processor.py:756} INFO - Processing file /opt/airflow/dags/user_processing.py for tasks to queue
[2023-07-07T12:24:02.660+0000] {logging_mixin.py:120} INFO - [2023-07-07T12:24:02.660+0000] {dagbag.py:537} INFO - Filling up the DagBag from /opt/airflow/dags/user_processing.py
[2023-07-07T12:24:02.979+0000] {processor.py:766} INFO - DAG(s) dict_keys(['user_processing']) retrieved from /opt/airflow/dags/user_processing.py
[2023-07-07T12:24:03.097+0000] {logging_mixin.py:120} INFO - [2023-07-07T12:24:03.097+0000] {dag.py:2585} INFO - Sync 1 DAGs
[2023-07-07T12:24:03.115+0000] {logging_mixin.py:120} INFO - [2023-07-07T12:24:03.115+0000] {dag.py:3340} INFO - Setting next_dagrun for user_processing to 2023-07-06T00:00:00+00:00, run_after=2023-07-07T00:00:00+00:00
[2023-07-07T12:24:03.131+0000] {processor.py:176} INFO - Processing /opt/airflow/dags/user_processing.py took 0.476 seconds
[2023-07-07T12:24:33.176+0000] {processor.py:154} INFO - Started process (PID=389) to work on /opt/airflow/dags/user_processing.py
[2023-07-07T12:24:33.177+0000] {processor.py:756} INFO - Processing file /opt/airflow/dags/user_processing.py for tasks to queue
[2023-07-07T12:24:33.178+0000] {logging_mixin.py:120} INFO - [2023-07-07T12:24:33.178+0000] {dagbag.py:537} INFO - Filling up the DagBag from /opt/airflow/dags/user_processing.py
[2023-07-07T12:24:33.489+0000] {processor.py:766} INFO - DAG(s) dict_keys(['user_processing']) retrieved from /opt/airflow/dags/user_processing.py
[2023-07-07T12:24:33.600+0000] {logging_mixin.py:120} INFO - [2023-07-07T12:24:33.599+0000] {dag.py:2585} INFO - Sync 1 DAGs
[2023-07-07T12:24:33.616+0000] {logging_mixin.py:120} INFO - [2023-07-07T12:24:33.616+0000] {dag.py:3340} INFO - Setting next_dagrun for user_processing to 2023-07-06T00:00:00+00:00, run_after=2023-07-07T00:00:00+00:00
[2023-07-07T12:24:33.633+0000] {processor.py:176} INFO - Processing /opt/airflow/dags/user_processing.py took 0.459 seconds
[2023-07-07T12:25:04.541+0000] {processor.py:154} INFO - Started process (PID=448) to work on /opt/airflow/dags/user_processing.py
[2023-07-07T12:25:04.542+0000] {processor.py:756} INFO - Processing file /opt/airflow/dags/user_processing.py for tasks to queue
[2023-07-07T12:25:04.542+0000] {logging_mixin.py:120} INFO - [2023-07-07T12:25:04.542+0000] {dagbag.py:537} INFO - Filling up the DagBag from /opt/airflow/dags/user_processing.py
[2023-07-07T12:25:04.822+0000] {processor.py:766} INFO - DAG(s) dict_keys(['user_processing']) retrieved from /opt/airflow/dags/user_processing.py
[2023-07-07T12:25:04.935+0000] {logging_mixin.py:120} INFO - [2023-07-07T12:25:04.934+0000] {dag.py:2585} INFO - Sync 1 DAGs
[2023-07-07T12:25:04.951+0000] {logging_mixin.py:120} INFO - [2023-07-07T12:25:04.951+0000] {dag.py:3340} INFO - Setting next_dagrun for user_processing to 2023-07-06T00:00:00+00:00, run_after=2023-07-07T00:00:00+00:00
[2023-07-07T12:25:04.962+0000] {processor.py:176} INFO - Processing /opt/airflow/dags/user_processing.py took 0.423 seconds
[2023-07-07T12:25:55.356+0000] {processor.py:154} INFO - Started process (PID=39) to work on /opt/airflow/dags/user_processing.py
[2023-07-07T12:25:55.357+0000] {processor.py:756} INFO - Processing file /opt/airflow/dags/user_processing.py for tasks to queue
[2023-07-07T12:25:55.357+0000] {logging_mixin.py:120} INFO - [2023-07-07T12:25:55.357+0000] {dagbag.py:537} INFO - Filling up the DagBag from /opt/airflow/dags/user_processing.py
[2023-07-07T12:25:56.190+0000] {processor.py:766} INFO - DAG(s) dict_keys(['user_processing']) retrieved from /opt/airflow/dags/user_processing.py
[2023-07-07T12:25:56.331+0000] {logging_mixin.py:120} INFO - [2023-07-07T12:25:56.331+0000] {dag.py:2585} INFO - Sync 1 DAGs
[2023-07-07T12:25:56.347+0000] {logging_mixin.py:120} INFO - [2023-07-07T12:25:56.347+0000] {dag.py:3340} INFO - Setting next_dagrun for user_processing to 2023-07-06T00:00:00+00:00, run_after=2023-07-07T00:00:00+00:00
[2023-07-07T12:25:56.362+0000] {processor.py:176} INFO - Processing /opt/airflow/dags/user_processing.py took 1.008 seconds
[2023-07-07T12:26:26.561+0000] {processor.py:154} INFO - Started process (PID=69) to work on /opt/airflow/dags/user_processing.py
[2023-07-07T12:26:26.563+0000] {processor.py:756} INFO - Processing file /opt/airflow/dags/user_processing.py for tasks to queue
[2023-07-07T12:26:26.564+0000] {logging_mixin.py:120} INFO - [2023-07-07T12:26:26.564+0000] {dagbag.py:537} INFO - Filling up the DagBag from /opt/airflow/dags/user_processing.py
[2023-07-07T12:26:26.814+0000] {processor.py:766} INFO - DAG(s) dict_keys(['user_processing']) retrieved from /opt/airflow/dags/user_processing.py
[2023-07-07T12:26:26.913+0000] {logging_mixin.py:120} INFO - [2023-07-07T12:26:26.913+0000] {dag.py:2585} INFO - Sync 1 DAGs
[2023-07-07T12:26:26.928+0000] {logging_mixin.py:120} INFO - [2023-07-07T12:26:26.928+0000] {dag.py:3340} INFO - Setting next_dagrun for user_processing to 2023-07-06T00:00:00+00:00, run_after=2023-07-07T00:00:00+00:00
[2023-07-07T12:26:26.939+0000] {processor.py:176} INFO - Processing /opt/airflow/dags/user_processing.py took 0.383 seconds
[2023-07-07T12:26:57.812+0000] {processor.py:154} INFO - Started process (PID=98) to work on /opt/airflow/dags/user_processing.py
[2023-07-07T12:26:57.813+0000] {processor.py:756} INFO - Processing file /opt/airflow/dags/user_processing.py for tasks to queue
[2023-07-07T12:26:57.815+0000] {logging_mixin.py:120} INFO - [2023-07-07T12:26:57.814+0000] {dagbag.py:537} INFO - Filling up the DagBag from /opt/airflow/dags/user_processing.py
[2023-07-07T12:26:58.073+0000] {processor.py:766} INFO - DAG(s) dict_keys(['user_processing']) retrieved from /opt/airflow/dags/user_processing.py
[2023-07-07T12:26:58.172+0000] {logging_mixin.py:120} INFO - [2023-07-07T12:26:58.172+0000] {dag.py:2585} INFO - Sync 1 DAGs
[2023-07-07T12:26:58.186+0000] {logging_mixin.py:120} INFO - [2023-07-07T12:26:58.186+0000] {dag.py:3340} INFO - Setting next_dagrun for user_processing to 2023-07-06T00:00:00+00:00, run_after=2023-07-07T00:00:00+00:00
[2023-07-07T12:26:58.200+0000] {processor.py:176} INFO - Processing /opt/airflow/dags/user_processing.py took 0.389 seconds
[2023-07-07T12:27:29.161+0000] {processor.py:154} INFO - Started process (PID=130) to work on /opt/airflow/dags/user_processing.py
[2023-07-07T12:27:29.164+0000] {processor.py:756} INFO - Processing file /opt/airflow/dags/user_processing.py for tasks to queue
[2023-07-07T12:27:29.165+0000] {logging_mixin.py:120} INFO - [2023-07-07T12:27:29.165+0000] {dagbag.py:537} INFO - Filling up the DagBag from /opt/airflow/dags/user_processing.py
[2023-07-07T12:27:29.410+0000] {processor.py:766} INFO - DAG(s) dict_keys(['user_processing']) retrieved from /opt/airflow/dags/user_processing.py
[2023-07-07T12:27:29.507+0000] {logging_mixin.py:120} INFO - [2023-07-07T12:27:29.506+0000] {dag.py:2585} INFO - Sync 1 DAGs
[2023-07-07T12:27:29.520+0000] {logging_mixin.py:120} INFO - [2023-07-07T12:27:29.520+0000] {dag.py:3340} INFO - Setting next_dagrun for user_processing to 2023-07-06T00:00:00+00:00, run_after=2023-07-07T00:00:00+00:00
[2023-07-07T12:27:29.534+0000] {processor.py:176} INFO - Processing /opt/airflow/dags/user_processing.py took 0.375 seconds
[2023-07-07T12:28:00.367+0000] {processor.py:154} INFO - Started process (PID=161) to work on /opt/airflow/dags/user_processing.py
[2023-07-07T12:28:00.369+0000] {processor.py:756} INFO - Processing file /opt/airflow/dags/user_processing.py for tasks to queue
[2023-07-07T12:28:00.370+0000] {logging_mixin.py:120} INFO - [2023-07-07T12:28:00.370+0000] {dagbag.py:537} INFO - Filling up the DagBag from /opt/airflow/dags/user_processing.py
[2023-07-07T12:28:00.625+0000] {processor.py:766} INFO - DAG(s) dict_keys(['user_processing']) retrieved from /opt/airflow/dags/user_processing.py
[2023-07-07T12:28:00.726+0000] {logging_mixin.py:120} INFO - [2023-07-07T12:28:00.726+0000] {dag.py:2585} INFO - Sync 1 DAGs
[2023-07-07T12:28:00.740+0000] {logging_mixin.py:120} INFO - [2023-07-07T12:28:00.740+0000] {dag.py:3340} INFO - Setting next_dagrun for user_processing to 2023-07-06T00:00:00+00:00, run_after=2023-07-07T00:00:00+00:00
[2023-07-07T12:28:00.749+0000] {processor.py:176} INFO - Processing /opt/airflow/dags/user_processing.py took 0.384 seconds
[2023-07-07T12:28:31.629+0000] {processor.py:154} INFO - Started process (PID=189) to work on /opt/airflow/dags/user_processing.py
[2023-07-07T12:28:31.632+0000] {processor.py:756} INFO - Processing file /opt/airflow/dags/user_processing.py for tasks to queue
[2023-07-07T12:28:31.633+0000] {logging_mixin.py:120} INFO - [2023-07-07T12:28:31.633+0000] {dagbag.py:537} INFO - Filling up the DagBag from /opt/airflow/dags/user_processing.py
[2023-07-07T12:28:31.921+0000] {processor.py:766} INFO - DAG(s) dict_keys(['user_processing']) retrieved from /opt/airflow/dags/user_processing.py
[2023-07-07T12:28:32.037+0000] {logging_mixin.py:120} INFO - [2023-07-07T12:28:32.037+0000] {dag.py:2585} INFO - Sync 1 DAGs
[2023-07-07T12:28:32.055+0000] {logging_mixin.py:120} INFO - [2023-07-07T12:28:32.055+0000] {dag.py:3340} INFO - Setting next_dagrun for user_processing to 2023-07-06T00:00:00+00:00, run_after=2023-07-07T00:00:00+00:00
[2023-07-07T12:28:32.072+0000] {processor.py:176} INFO - Processing /opt/airflow/dags/user_processing.py took 0.444 seconds
[2023-07-07T12:29:02.899+0000] {processor.py:154} INFO - Started process (PID=213) to work on /opt/airflow/dags/user_processing.py
[2023-07-07T12:29:02.900+0000] {processor.py:756} INFO - Processing file /opt/airflow/dags/user_processing.py for tasks to queue
[2023-07-07T12:29:02.900+0000] {logging_mixin.py:120} INFO - [2023-07-07T12:29:02.900+0000] {dagbag.py:537} INFO - Filling up the DagBag from /opt/airflow/dags/user_processing.py
[2023-07-07T12:29:03.142+0000] {processor.py:766} INFO - DAG(s) dict_keys(['user_processing']) retrieved from /opt/airflow/dags/user_processing.py
[2023-07-07T12:29:03.241+0000] {logging_mixin.py:120} INFO - [2023-07-07T12:29:03.240+0000] {dag.py:2585} INFO - Sync 1 DAGs
[2023-07-07T12:29:03.255+0000] {logging_mixin.py:120} INFO - [2023-07-07T12:29:03.255+0000] {dag.py:3340} INFO - Setting next_dagrun for user_processing to 2023-07-06T00:00:00+00:00, run_after=2023-07-07T00:00:00+00:00
[2023-07-07T12:29:03.265+0000] {processor.py:176} INFO - Processing /opt/airflow/dags/user_processing.py took 0.369 seconds
[2023-07-07T12:29:34.151+0000] {processor.py:154} INFO - Started process (PID=246) to work on /opt/airflow/dags/user_processing.py
[2023-07-07T12:29:34.155+0000] {processor.py:756} INFO - Processing file /opt/airflow/dags/user_processing.py for tasks to queue
[2023-07-07T12:29:34.157+0000] {logging_mixin.py:120} INFO - [2023-07-07T12:29:34.156+0000] {dagbag.py:537} INFO - Filling up the DagBag from /opt/airflow/dags/user_processing.py
[2023-07-07T12:29:34.452+0000] {processor.py:766} INFO - DAG(s) dict_keys(['user_processing']) retrieved from /opt/airflow/dags/user_processing.py
[2023-07-07T12:29:34.557+0000] {logging_mixin.py:120} INFO - [2023-07-07T12:29:34.556+0000] {dag.py:2585} INFO - Sync 1 DAGs
[2023-07-07T12:29:34.572+0000] {logging_mixin.py:120} INFO - [2023-07-07T12:29:34.572+0000] {dag.py:3340} INFO - Setting next_dagrun for user_processing to 2023-07-06T00:00:00+00:00, run_after=2023-07-07T00:00:00+00:00
[2023-07-07T12:29:34.582+0000] {processor.py:176} INFO - Processing /opt/airflow/dags/user_processing.py took 0.436 seconds
[2023-07-07T12:30:05.352+0000] {processor.py:154} INFO - Started process (PID=277) to work on /opt/airflow/dags/user_processing.py
[2023-07-07T12:30:05.353+0000] {processor.py:756} INFO - Processing file /opt/airflow/dags/user_processing.py for tasks to queue
[2023-07-07T12:30:05.355+0000] {logging_mixin.py:120} INFO - [2023-07-07T12:30:05.354+0000] {dagbag.py:537} INFO - Filling up the DagBag from /opt/airflow/dags/user_processing.py
[2023-07-07T12:30:05.617+0000] {processor.py:766} INFO - DAG(s) dict_keys(['user_processing']) retrieved from /opt/airflow/dags/user_processing.py
[2023-07-07T12:30:05.720+0000] {logging_mixin.py:120} INFO - [2023-07-07T12:30:05.719+0000] {dag.py:2585} INFO - Sync 1 DAGs
[2023-07-07T12:30:05.734+0000] {logging_mixin.py:120} INFO - [2023-07-07T12:30:05.734+0000] {dag.py:3340} INFO - Setting next_dagrun for user_processing to 2023-07-06T00:00:00+00:00, run_after=2023-07-07T00:00:00+00:00
[2023-07-07T12:30:05.748+0000] {processor.py:176} INFO - Processing /opt/airflow/dags/user_processing.py took 0.402 seconds
[2023-07-07T12:30:43.016+0000] {processor.py:154} INFO - Started process (PID=39) to work on /opt/airflow/dags/user_processing.py
[2023-07-07T12:30:43.017+0000] {processor.py:756} INFO - Processing file /opt/airflow/dags/user_processing.py for tasks to queue
[2023-07-07T12:30:43.017+0000] {logging_mixin.py:120} INFO - [2023-07-07T12:30:43.017+0000] {dagbag.py:537} INFO - Filling up the DagBag from /opt/airflow/dags/user_processing.py
[2023-07-07T12:30:44.007+0000] {processor.py:766} INFO - DAG(s) dict_keys(['user_processing']) retrieved from /opt/airflow/dags/user_processing.py
[2023-07-07T12:30:44.208+0000] {logging_mixin.py:120} INFO - [2023-07-07T12:30:44.208+0000] {dag.py:2585} INFO - Sync 1 DAGs
[2023-07-07T12:30:44.226+0000] {logging_mixin.py:120} INFO - [2023-07-07T12:30:44.226+0000] {dag.py:3340} INFO - Setting next_dagrun for user_processing to 2023-07-06T00:00:00+00:00, run_after=2023-07-07T00:00:00+00:00
[2023-07-07T12:30:44.244+0000] {processor.py:176} INFO - Processing /opt/airflow/dags/user_processing.py took 1.231 seconds
[2023-07-07T12:31:15.192+0000] {processor.py:154} INFO - Started process (PID=71) to work on /opt/airflow/dags/user_processing.py
[2023-07-07T12:31:15.192+0000] {processor.py:756} INFO - Processing file /opt/airflow/dags/user_processing.py for tasks to queue
[2023-07-07T12:31:15.193+0000] {logging_mixin.py:120} INFO - [2023-07-07T12:31:15.193+0000] {dagbag.py:537} INFO - Filling up the DagBag from /opt/airflow/dags/user_processing.py
[2023-07-07T12:31:15.469+0000] {processor.py:766} INFO - DAG(s) dict_keys(['user_processing']) retrieved from /opt/airflow/dags/user_processing.py
[2023-07-07T12:31:15.574+0000] {logging_mixin.py:120} INFO - [2023-07-07T12:31:15.574+0000] {dag.py:2585} INFO - Sync 1 DAGs
[2023-07-07T12:31:15.589+0000] {logging_mixin.py:120} INFO - [2023-07-07T12:31:15.588+0000] {dag.py:3340} INFO - Setting next_dagrun for user_processing to 2023-07-06T00:00:00+00:00, run_after=2023-07-07T00:00:00+00:00
[2023-07-07T12:31:15.603+0000] {processor.py:176} INFO - Processing /opt/airflow/dags/user_processing.py took 0.414 seconds
[2023-07-07T12:31:46.420+0000] {processor.py:154} INFO - Started process (PID=102) to work on /opt/airflow/dags/user_processing.py
[2023-07-07T12:31:46.424+0000] {processor.py:756} INFO - Processing file /opt/airflow/dags/user_processing.py for tasks to queue
[2023-07-07T12:31:46.426+0000] {logging_mixin.py:120} INFO - [2023-07-07T12:31:46.425+0000] {dagbag.py:537} INFO - Filling up the DagBag from /opt/airflow/dags/user_processing.py
[2023-07-07T12:31:46.684+0000] {processor.py:766} INFO - DAG(s) dict_keys(['user_processing']) retrieved from /opt/airflow/dags/user_processing.py
[2023-07-07T12:31:46.787+0000] {logging_mixin.py:120} INFO - [2023-07-07T12:31:46.787+0000] {dag.py:2585} INFO - Sync 1 DAGs
[2023-07-07T12:31:46.801+0000] {logging_mixin.py:120} INFO - [2023-07-07T12:31:46.801+0000] {dag.py:3340} INFO - Setting next_dagrun for user_processing to 2023-07-06T00:00:00+00:00, run_after=2023-07-07T00:00:00+00:00
[2023-07-07T12:31:46.815+0000] {processor.py:176} INFO - Processing /opt/airflow/dags/user_processing.py took 0.401 seconds
[2023-07-07T12:32:17.666+0000] {processor.py:154} INFO - Started process (PID=133) to work on /opt/airflow/dags/user_processing.py
[2023-07-07T12:32:17.668+0000] {processor.py:756} INFO - Processing file /opt/airflow/dags/user_processing.py for tasks to queue
[2023-07-07T12:32:17.669+0000] {logging_mixin.py:120} INFO - [2023-07-07T12:32:17.669+0000] {dagbag.py:537} INFO - Filling up the DagBag from /opt/airflow/dags/user_processing.py
[2023-07-07T12:32:17.933+0000] {processor.py:766} INFO - DAG(s) dict_keys(['user_processing']) retrieved from /opt/airflow/dags/user_processing.py
[2023-07-07T12:32:18.045+0000] {logging_mixin.py:120} INFO - [2023-07-07T12:32:18.045+0000] {dag.py:2585} INFO - Sync 1 DAGs
[2023-07-07T12:32:18.060+0000] {logging_mixin.py:120} INFO - [2023-07-07T12:32:18.060+0000] {dag.py:3340} INFO - Setting next_dagrun for user_processing to 2023-07-06T00:00:00+00:00, run_after=2023-07-07T00:00:00+00:00
[2023-07-07T12:32:18.074+0000] {processor.py:176} INFO - Processing /opt/airflow/dags/user_processing.py took 0.414 seconds
[2023-07-07T12:32:48.887+0000] {processor.py:154} INFO - Started process (PID=163) to work on /opt/airflow/dags/user_processing.py
[2023-07-07T12:32:48.888+0000] {processor.py:756} INFO - Processing file /opt/airflow/dags/user_processing.py for tasks to queue
[2023-07-07T12:32:48.889+0000] {logging_mixin.py:120} INFO - [2023-07-07T12:32:48.889+0000] {dagbag.py:537} INFO - Filling up the DagBag from /opt/airflow/dags/user_processing.py
[2023-07-07T12:32:49.150+0000] {processor.py:766} INFO - DAG(s) dict_keys(['user_processing']) retrieved from /opt/airflow/dags/user_processing.py
[2023-07-07T12:32:49.257+0000] {logging_mixin.py:120} INFO - [2023-07-07T12:32:49.257+0000] {dag.py:2585} INFO - Sync 1 DAGs
[2023-07-07T12:32:49.273+0000] {logging_mixin.py:120} INFO - [2023-07-07T12:32:49.273+0000] {dag.py:3340} INFO - Setting next_dagrun for user_processing to 2023-07-06T00:00:00+00:00, run_after=2023-07-07T00:00:00+00:00
[2023-07-07T12:32:49.284+0000] {processor.py:176} INFO - Processing /opt/airflow/dags/user_processing.py took 0.401 seconds
[2023-07-07T12:33:20.135+0000] {processor.py:154} INFO - Started process (PID=194) to work on /opt/airflow/dags/user_processing.py
[2023-07-07T12:33:20.139+0000] {processor.py:756} INFO - Processing file /opt/airflow/dags/user_processing.py for tasks to queue
[2023-07-07T12:33:20.139+0000] {logging_mixin.py:120} INFO - [2023-07-07T12:33:20.139+0000] {dagbag.py:537} INFO - Filling up the DagBag from /opt/airflow/dags/user_processing.py
[2023-07-07T12:33:20.396+0000] {processor.py:766} INFO - DAG(s) dict_keys(['user_processing']) retrieved from /opt/airflow/dags/user_processing.py
[2023-07-07T12:33:20.497+0000] {logging_mixin.py:120} INFO - [2023-07-07T12:33:20.497+0000] {dag.py:2585} INFO - Sync 1 DAGs
[2023-07-07T12:33:20.512+0000] {logging_mixin.py:120} INFO - [2023-07-07T12:33:20.512+0000] {dag.py:3340} INFO - Setting next_dagrun for user_processing to 2023-07-06T00:00:00+00:00, run_after=2023-07-07T00:00:00+00:00
[2023-07-07T12:33:20.525+0000] {processor.py:176} INFO - Processing /opt/airflow/dags/user_processing.py took 0.395 seconds
[2023-07-07T12:33:51.352+0000] {processor.py:154} INFO - Started process (PID=225) to work on /opt/airflow/dags/user_processing.py
[2023-07-07T12:33:51.355+0000] {processor.py:756} INFO - Processing file /opt/airflow/dags/user_processing.py for tasks to queue
[2023-07-07T12:33:51.356+0000] {logging_mixin.py:120} INFO - [2023-07-07T12:33:51.356+0000] {dagbag.py:537} INFO - Filling up the DagBag from /opt/airflow/dags/user_processing.py
[2023-07-07T12:33:51.633+0000] {processor.py:766} INFO - DAG(s) dict_keys(['user_processing']) retrieved from /opt/airflow/dags/user_processing.py
[2023-07-07T12:33:51.745+0000] {logging_mixin.py:120} INFO - [2023-07-07T12:33:51.744+0000] {dag.py:2585} INFO - Sync 1 DAGs
[2023-07-07T12:33:51.763+0000] {logging_mixin.py:120} INFO - [2023-07-07T12:33:51.763+0000] {dag.py:3340} INFO - Setting next_dagrun for user_processing to 2023-07-06T00:00:00+00:00, run_after=2023-07-07T00:00:00+00:00
[2023-07-07T12:33:51.774+0000] {processor.py:176} INFO - Processing /opt/airflow/dags/user_processing.py took 0.424 seconds
[2023-07-07T12:34:22.608+0000] {processor.py:154} INFO - Started process (PID=256) to work on /opt/airflow/dags/user_processing.py
[2023-07-07T12:34:22.609+0000] {processor.py:756} INFO - Processing file /opt/airflow/dags/user_processing.py for tasks to queue
[2023-07-07T12:34:22.609+0000] {logging_mixin.py:120} INFO - [2023-07-07T12:34:22.609+0000] {dagbag.py:537} INFO - Filling up the DagBag from /opt/airflow/dags/user_processing.py
[2023-07-07T12:34:22.906+0000] {processor.py:766} INFO - DAG(s) dict_keys(['user_processing']) retrieved from /opt/airflow/dags/user_processing.py
[2023-07-07T12:34:23.017+0000] {logging_mixin.py:120} INFO - [2023-07-07T12:34:23.016+0000] {dag.py:2585} INFO - Sync 1 DAGs
[2023-07-07T12:34:23.033+0000] {logging_mixin.py:120} INFO - [2023-07-07T12:34:23.032+0000] {dag.py:3340} INFO - Setting next_dagrun for user_processing to 2023-07-06T00:00:00+00:00, run_after=2023-07-07T00:00:00+00:00
[2023-07-07T12:34:23.044+0000] {processor.py:176} INFO - Processing /opt/airflow/dags/user_processing.py took 0.438 seconds
[2023-07-07T12:34:53.814+0000] {processor.py:154} INFO - Started process (PID=278) to work on /opt/airflow/dags/user_processing.py
[2023-07-07T12:34:53.818+0000] {processor.py:756} INFO - Processing file /opt/airflow/dags/user_processing.py for tasks to queue
[2023-07-07T12:34:53.819+0000] {logging_mixin.py:120} INFO - [2023-07-07T12:34:53.819+0000] {dagbag.py:537} INFO - Filling up the DagBag from /opt/airflow/dags/user_processing.py
[2023-07-07T12:34:54.078+0000] {processor.py:766} INFO - DAG(s) dict_keys(['user_processing']) retrieved from /opt/airflow/dags/user_processing.py
[2023-07-07T12:34:54.201+0000] {logging_mixin.py:120} INFO - [2023-07-07T12:34:54.201+0000] {dag.py:2585} INFO - Sync 1 DAGs
[2023-07-07T12:34:54.218+0000] {logging_mixin.py:120} INFO - [2023-07-07T12:34:54.218+0000] {dag.py:3340} INFO - Setting next_dagrun for user_processing to 2023-07-06T00:00:00+00:00, run_after=2023-07-07T00:00:00+00:00
[2023-07-07T12:34:54.232+0000] {processor.py:176} INFO - Processing /opt/airflow/dags/user_processing.py took 0.419 seconds
[2023-07-07T12:35:25.027+0000] {processor.py:154} INFO - Started process (PID=309) to work on /opt/airflow/dags/user_processing.py
[2023-07-07T12:35:25.029+0000] {processor.py:756} INFO - Processing file /opt/airflow/dags/user_processing.py for tasks to queue
[2023-07-07T12:35:25.029+0000] {logging_mixin.py:120} INFO - [2023-07-07T12:35:25.029+0000] {dagbag.py:537} INFO - Filling up the DagBag from /opt/airflow/dags/user_processing.py
[2023-07-07T12:35:25.311+0000] {processor.py:766} INFO - DAG(s) dict_keys(['user_processing']) retrieved from /opt/airflow/dags/user_processing.py
[2023-07-07T12:35:25.418+0000] {logging_mixin.py:120} INFO - [2023-07-07T12:35:25.418+0000] {dag.py:2585} INFO - Sync 1 DAGs
[2023-07-07T12:35:25.433+0000] {logging_mixin.py:120} INFO - [2023-07-07T12:35:25.433+0000] {dag.py:3340} INFO - Setting next_dagrun for user_processing to 2023-07-06T00:00:00+00:00, run_after=2023-07-07T00:00:00+00:00
[2023-07-07T12:35:25.444+0000] {processor.py:176} INFO - Processing /opt/airflow/dags/user_processing.py took 0.419 seconds
[2023-07-07T12:35:56.293+0000] {processor.py:154} INFO - Started process (PID=341) to work on /opt/airflow/dags/user_processing.py
[2023-07-07T12:35:56.294+0000] {processor.py:756} INFO - Processing file /opt/airflow/dags/user_processing.py for tasks to queue
[2023-07-07T12:35:56.295+0000] {logging_mixin.py:120} INFO - [2023-07-07T12:35:56.294+0000] {dagbag.py:537} INFO - Filling up the DagBag from /opt/airflow/dags/user_processing.py
[2023-07-07T12:35:56.548+0000] {processor.py:766} INFO - DAG(s) dict_keys(['user_processing']) retrieved from /opt/airflow/dags/user_processing.py
[2023-07-07T12:35:56.649+0000] {logging_mixin.py:120} INFO - [2023-07-07T12:35:56.649+0000] {dag.py:2585} INFO - Sync 1 DAGs
[2023-07-07T12:35:56.663+0000] {logging_mixin.py:120} INFO - [2023-07-07T12:35:56.663+0000] {dag.py:3340} INFO - Setting next_dagrun for user_processing to 2023-07-06T00:00:00+00:00, run_after=2023-07-07T00:00:00+00:00
[2023-07-07T12:35:56.677+0000] {processor.py:176} INFO - Processing /opt/airflow/dags/user_processing.py took 0.386 seconds
[2023-07-07T12:36:27.587+0000] {processor.py:154} INFO - Started process (PID=381) to work on /opt/airflow/dags/user_processing.py
[2023-07-07T12:36:27.590+0000] {processor.py:756} INFO - Processing file /opt/airflow/dags/user_processing.py for tasks to queue
[2023-07-07T12:36:27.591+0000] {logging_mixin.py:120} INFO - [2023-07-07T12:36:27.591+0000] {dagbag.py:537} INFO - Filling up the DagBag from /opt/airflow/dags/user_processing.py
[2023-07-07T12:36:27.845+0000] {processor.py:766} INFO - DAG(s) dict_keys(['user_processing']) retrieved from /opt/airflow/dags/user_processing.py
[2023-07-07T12:36:27.949+0000] {logging_mixin.py:120} INFO - [2023-07-07T12:36:27.949+0000] {dag.py:2585} INFO - Sync 1 DAGs
[2023-07-07T12:36:27.963+0000] {logging_mixin.py:120} INFO - [2023-07-07T12:36:27.963+0000] {dag.py:3340} INFO - Setting next_dagrun for user_processing to 2023-07-06T00:00:00+00:00, run_after=2023-07-07T00:00:00+00:00
[2023-07-07T12:36:27.977+0000] {processor.py:176} INFO - Processing /opt/airflow/dags/user_processing.py took 0.392 seconds
[2023-07-07T12:36:58.776+0000] {processor.py:154} INFO - Started process (PID=413) to work on /opt/airflow/dags/user_processing.py
[2023-07-07T12:36:58.776+0000] {processor.py:756} INFO - Processing file /opt/airflow/dags/user_processing.py for tasks to queue
[2023-07-07T12:36:58.777+0000] {logging_mixin.py:120} INFO - [2023-07-07T12:36:58.777+0000] {dagbag.py:537} INFO - Filling up the DagBag from /opt/airflow/dags/user_processing.py
[2023-07-07T12:36:59.045+0000] {processor.py:766} INFO - DAG(s) dict_keys(['user_processing']) retrieved from /opt/airflow/dags/user_processing.py
[2023-07-07T12:36:59.147+0000] {logging_mixin.py:120} INFO - [2023-07-07T12:36:59.147+0000] {dag.py:2585} INFO - Sync 1 DAGs
[2023-07-07T12:36:59.162+0000] {logging_mixin.py:120} INFO - [2023-07-07T12:36:59.162+0000] {dag.py:3340} INFO - Setting next_dagrun for user_processing to 2023-07-06T00:00:00+00:00, run_after=2023-07-07T00:00:00+00:00
[2023-07-07T12:36:59.177+0000] {processor.py:176} INFO - Processing /opt/airflow/dags/user_processing.py took 0.403 seconds
[2023-07-07T12:37:30.067+0000] {processor.py:154} INFO - Started process (PID=445) to work on /opt/airflow/dags/user_processing.py
[2023-07-07T12:37:30.068+0000] {processor.py:756} INFO - Processing file /opt/airflow/dags/user_processing.py for tasks to queue
[2023-07-07T12:37:30.069+0000] {logging_mixin.py:120} INFO - [2023-07-07T12:37:30.068+0000] {dagbag.py:537} INFO - Filling up the DagBag from /opt/airflow/dags/user_processing.py
[2023-07-07T12:37:30.328+0000] {processor.py:766} INFO - DAG(s) dict_keys(['user_processing']) retrieved from /opt/airflow/dags/user_processing.py
[2023-07-07T12:37:30.474+0000] {logging_mixin.py:120} INFO - [2023-07-07T12:37:30.474+0000] {dag.py:2585} INFO - Sync 1 DAGs
[2023-07-07T12:37:30.492+0000] {logging_mixin.py:120} INFO - [2023-07-07T12:37:30.491+0000] {dag.py:3340} INFO - Setting next_dagrun for user_processing to 2023-07-06T00:00:00+00:00, run_after=2023-07-07T00:00:00+00:00
[2023-07-07T12:37:30.509+0000] {processor.py:176} INFO - Processing /opt/airflow/dags/user_processing.py took 0.445 seconds
[2023-07-07T12:38:01.280+0000] {processor.py:154} INFO - Started process (PID=476) to work on /opt/airflow/dags/user_processing.py
[2023-07-07T12:38:01.281+0000] {processor.py:756} INFO - Processing file /opt/airflow/dags/user_processing.py for tasks to queue
[2023-07-07T12:38:01.281+0000] {logging_mixin.py:120} INFO - [2023-07-07T12:38:01.281+0000] {dagbag.py:537} INFO - Filling up the DagBag from /opt/airflow/dags/user_processing.py
[2023-07-07T12:38:01.559+0000] {processor.py:766} INFO - DAG(s) dict_keys(['user_processing']) retrieved from /opt/airflow/dags/user_processing.py
[2023-07-07T12:38:01.665+0000] {logging_mixin.py:120} INFO - [2023-07-07T12:38:01.665+0000] {dag.py:2585} INFO - Sync 1 DAGs
[2023-07-07T12:38:01.680+0000] {logging_mixin.py:120} INFO - [2023-07-07T12:38:01.680+0000] {dag.py:3340} INFO - Setting next_dagrun for user_processing to 2023-07-06T00:00:00+00:00, run_after=2023-07-07T00:00:00+00:00
[2023-07-07T12:38:01.696+0000] {processor.py:176} INFO - Processing /opt/airflow/dags/user_processing.py took 0.418 seconds
[2023-07-07T12:38:32.509+0000] {processor.py:154} INFO - Started process (PID=508) to work on /opt/airflow/dags/user_processing.py
[2023-07-07T12:38:32.513+0000] {processor.py:756} INFO - Processing file /opt/airflow/dags/user_processing.py for tasks to queue
[2023-07-07T12:38:32.513+0000] {logging_mixin.py:120} INFO - [2023-07-07T12:38:32.513+0000] {dagbag.py:537} INFO - Filling up the DagBag from /opt/airflow/dags/user_processing.py
[2023-07-07T12:38:32.822+0000] {processor.py:766} INFO - DAG(s) dict_keys(['user_processing']) retrieved from /opt/airflow/dags/user_processing.py
[2023-07-07T12:38:32.943+0000] {logging_mixin.py:120} INFO - [2023-07-07T12:38:32.943+0000] {dag.py:2585} INFO - Sync 1 DAGs
[2023-07-07T12:38:32.961+0000] {logging_mixin.py:120} INFO - [2023-07-07T12:38:32.961+0000] {dag.py:3340} INFO - Setting next_dagrun for user_processing to 2023-07-06T00:00:00+00:00, run_after=2023-07-07T00:00:00+00:00
[2023-07-07T12:38:32.981+0000] {processor.py:176} INFO - Processing /opt/airflow/dags/user_processing.py took 0.474 seconds
[2023-07-07T12:39:03.730+0000] {processor.py:154} INFO - Started process (PID=531) to work on /opt/airflow/dags/user_processing.py
[2023-07-07T12:39:03.730+0000] {processor.py:756} INFO - Processing file /opt/airflow/dags/user_processing.py for tasks to queue
[2023-07-07T12:39:03.730+0000] {logging_mixin.py:120} INFO - [2023-07-07T12:39:03.730+0000] {dagbag.py:537} INFO - Filling up the DagBag from /opt/airflow/dags/user_processing.py
[2023-07-07T12:39:04.029+0000] {processor.py:766} INFO - DAG(s) dict_keys(['user_processing']) retrieved from /opt/airflow/dags/user_processing.py
[2023-07-07T12:39:04.148+0000] {logging_mixin.py:120} INFO - [2023-07-07T12:39:04.147+0000] {dag.py:2585} INFO - Sync 1 DAGs
[2023-07-07T12:39:04.166+0000] {logging_mixin.py:120} INFO - [2023-07-07T12:39:04.166+0000] {dag.py:3340} INFO - Setting next_dagrun for user_processing to 2023-07-06T00:00:00+00:00, run_after=2023-07-07T00:00:00+00:00
[2023-07-07T12:39:04.183+0000] {processor.py:176} INFO - Processing /opt/airflow/dags/user_processing.py took 0.455 seconds
[2023-07-07T12:39:34.937+0000] {processor.py:154} INFO - Started process (PID=564) to work on /opt/airflow/dags/user_processing.py
[2023-07-07T12:39:34.938+0000] {processor.py:756} INFO - Processing file /opt/airflow/dags/user_processing.py for tasks to queue
[2023-07-07T12:39:34.939+0000] {logging_mixin.py:120} INFO - [2023-07-07T12:39:34.938+0000] {dagbag.py:537} INFO - Filling up the DagBag from /opt/airflow/dags/user_processing.py
[2023-07-07T12:39:35.231+0000] {processor.py:766} INFO - DAG(s) dict_keys(['user_processing']) retrieved from /opt/airflow/dags/user_processing.py
[2023-07-07T12:39:35.342+0000] {logging_mixin.py:120} INFO - [2023-07-07T12:39:35.342+0000] {dag.py:2585} INFO - Sync 1 DAGs
[2023-07-07T12:39:35.358+0000] {logging_mixin.py:120} INFO - [2023-07-07T12:39:35.358+0000] {dag.py:3340} INFO - Setting next_dagrun for user_processing to 2023-07-06T00:00:00+00:00, run_after=2023-07-07T00:00:00+00:00
[2023-07-07T12:39:35.373+0000] {processor.py:176} INFO - Processing /opt/airflow/dags/user_processing.py took 0.438 seconds
[2023-07-07T12:40:06.144+0000] {processor.py:154} INFO - Started process (PID=596) to work on /opt/airflow/dags/user_processing.py
[2023-07-07T12:40:06.146+0000] {processor.py:756} INFO - Processing file /opt/airflow/dags/user_processing.py for tasks to queue
[2023-07-07T12:40:06.146+0000] {logging_mixin.py:120} INFO - [2023-07-07T12:40:06.146+0000] {dagbag.py:537} INFO - Filling up the DagBag from /opt/airflow/dags/user_processing.py
[2023-07-07T12:40:06.427+0000] {processor.py:766} INFO - DAG(s) dict_keys(['user_processing']) retrieved from /opt/airflow/dags/user_processing.py
[2023-07-07T12:40:06.531+0000] {logging_mixin.py:120} INFO - [2023-07-07T12:40:06.531+0000] {dag.py:2585} INFO - Sync 1 DAGs
[2023-07-07T12:40:06.546+0000] {logging_mixin.py:120} INFO - [2023-07-07T12:40:06.546+0000] {dag.py:3340} INFO - Setting next_dagrun for user_processing to 2023-07-06T00:00:00+00:00, run_after=2023-07-07T00:00:00+00:00
[2023-07-07T12:40:06.561+0000] {processor.py:176} INFO - Processing /opt/airflow/dags/user_processing.py took 0.419 seconds
[2023-07-07T12:40:37.361+0000] {processor.py:154} INFO - Started process (PID=628) to work on /opt/airflow/dags/user_processing.py
[2023-07-07T12:40:37.362+0000] {processor.py:756} INFO - Processing file /opt/airflow/dags/user_processing.py for tasks to queue
[2023-07-07T12:40:37.362+0000] {logging_mixin.py:120} INFO - [2023-07-07T12:40:37.362+0000] {dagbag.py:537} INFO - Filling up the DagBag from /opt/airflow/dags/user_processing.py
[2023-07-07T12:40:37.681+0000] {processor.py:766} INFO - DAG(s) dict_keys(['user_processing']) retrieved from /opt/airflow/dags/user_processing.py
[2023-07-07T12:40:37.805+0000] {logging_mixin.py:120} INFO - [2023-07-07T12:40:37.804+0000] {dag.py:2585} INFO - Sync 1 DAGs
[2023-07-07T12:40:37.823+0000] {logging_mixin.py:120} INFO - [2023-07-07T12:40:37.823+0000] {dag.py:3340} INFO - Setting next_dagrun for user_processing to 2023-07-06T00:00:00+00:00, run_after=2023-07-07T00:00:00+00:00
[2023-07-07T12:40:37.839+0000] {processor.py:176} INFO - Processing /opt/airflow/dags/user_processing.py took 0.479 seconds
[2023-07-07T12:41:08.609+0000] {processor.py:154} INFO - Started process (PID=660) to work on /opt/airflow/dags/user_processing.py
[2023-07-07T12:41:08.613+0000] {processor.py:756} INFO - Processing file /opt/airflow/dags/user_processing.py for tasks to queue
[2023-07-07T12:41:08.613+0000] {logging_mixin.py:120} INFO - [2023-07-07T12:41:08.613+0000] {dagbag.py:537} INFO - Filling up the DagBag from /opt/airflow/dags/user_processing.py
[2023-07-07T12:41:08.870+0000] {processor.py:766} INFO - DAG(s) dict_keys(['user_processing']) retrieved from /opt/airflow/dags/user_processing.py
[2023-07-07T12:41:08.988+0000] {logging_mixin.py:120} INFO - [2023-07-07T12:41:08.988+0000] {dag.py:2585} INFO - Sync 1 DAGs
[2023-07-07T12:41:09.003+0000] {logging_mixin.py:120} INFO - [2023-07-07T12:41:09.003+0000] {dag.py:3340} INFO - Setting next_dagrun for user_processing to 2023-07-06T00:00:00+00:00, run_after=2023-07-07T00:00:00+00:00
[2023-07-07T12:41:09.014+0000] {processor.py:176} INFO - Processing /opt/airflow/dags/user_processing.py took 0.408 seconds
[2023-07-07T12:41:39.874+0000] {processor.py:154} INFO - Started process (PID=692) to work on /opt/airflow/dags/user_processing.py
[2023-07-07T12:41:39.878+0000] {processor.py:756} INFO - Processing file /opt/airflow/dags/user_processing.py for tasks to queue
[2023-07-07T12:41:39.878+0000] {logging_mixin.py:120} INFO - [2023-07-07T12:41:39.878+0000] {dagbag.py:537} INFO - Filling up the DagBag from /opt/airflow/dags/user_processing.py
[2023-07-07T12:41:40.125+0000] {processor.py:766} INFO - DAG(s) dict_keys(['user_processing']) retrieved from /opt/airflow/dags/user_processing.py
[2023-07-07T12:41:40.224+0000] {logging_mixin.py:120} INFO - [2023-07-07T12:41:40.224+0000] {dag.py:2585} INFO - Sync 1 DAGs
[2023-07-07T12:41:40.237+0000] {logging_mixin.py:120} INFO - [2023-07-07T12:41:40.237+0000] {dag.py:3340} INFO - Setting next_dagrun for user_processing to 2023-07-06T00:00:00+00:00, run_after=2023-07-07T00:00:00+00:00
[2023-07-07T12:41:40.252+0000] {processor.py:176} INFO - Processing /opt/airflow/dags/user_processing.py took 0.380 seconds
[2023-07-07T12:42:11.159+0000] {processor.py:154} INFO - Started process (PID=724) to work on /opt/airflow/dags/user_processing.py
[2023-07-07T12:42:11.163+0000] {processor.py:756} INFO - Processing file /opt/airflow/dags/user_processing.py for tasks to queue
[2023-07-07T12:42:11.163+0000] {logging_mixin.py:120} INFO - [2023-07-07T12:42:11.163+0000] {dagbag.py:537} INFO - Filling up the DagBag from /opt/airflow/dags/user_processing.py
[2023-07-07T12:42:11.412+0000] {processor.py:766} INFO - DAG(s) dict_keys(['user_processing']) retrieved from /opt/airflow/dags/user_processing.py
[2023-07-07T12:42:11.513+0000] {logging_mixin.py:120} INFO - [2023-07-07T12:42:11.513+0000] {dag.py:2585} INFO - Sync 1 DAGs
[2023-07-07T12:42:11.527+0000] {logging_mixin.py:120} INFO - [2023-07-07T12:42:11.527+0000] {dag.py:3340} INFO - Setting next_dagrun for user_processing to 2023-07-06T00:00:00+00:00, run_after=2023-07-07T00:00:00+00:00
[2023-07-07T12:42:11.542+0000] {processor.py:176} INFO - Processing /opt/airflow/dags/user_processing.py took 0.384 seconds
[2023-07-07T12:42:42.389+0000] {processor.py:154} INFO - Started process (PID=756) to work on /opt/airflow/dags/user_processing.py
[2023-07-07T12:42:42.392+0000] {processor.py:756} INFO - Processing file /opt/airflow/dags/user_processing.py for tasks to queue
[2023-07-07T12:42:42.393+0000] {logging_mixin.py:120} INFO - [2023-07-07T12:42:42.393+0000] {dagbag.py:537} INFO - Filling up the DagBag from /opt/airflow/dags/user_processing.py
[2023-07-07T12:42:42.694+0000] {processor.py:766} INFO - DAG(s) dict_keys(['user_processing']) retrieved from /opt/airflow/dags/user_processing.py
[2023-07-07T12:42:42.808+0000] {logging_mixin.py:120} INFO - [2023-07-07T12:42:42.807+0000] {dag.py:2585} INFO - Sync 1 DAGs
[2023-07-07T12:42:42.824+0000] {logging_mixin.py:120} INFO - [2023-07-07T12:42:42.824+0000] {dag.py:3340} INFO - Setting next_dagrun for user_processing to 2023-07-06T00:00:00+00:00, run_after=2023-07-07T00:00:00+00:00
[2023-07-07T12:42:42.834+0000] {processor.py:176} INFO - Processing /opt/airflow/dags/user_processing.py took 0.447 seconds
[2023-07-07T12:43:13.664+0000] {processor.py:154} INFO - Started process (PID=788) to work on /opt/airflow/dags/user_processing.py
[2023-07-07T12:43:13.667+0000] {processor.py:756} INFO - Processing file /opt/airflow/dags/user_processing.py for tasks to queue
[2023-07-07T12:43:13.668+0000] {logging_mixin.py:120} INFO - [2023-07-07T12:43:13.668+0000] {dagbag.py:537} INFO - Filling up the DagBag from /opt/airflow/dags/user_processing.py
[2023-07-07T12:43:13.977+0000] {processor.py:766} INFO - DAG(s) dict_keys(['user_processing']) retrieved from /opt/airflow/dags/user_processing.py
[2023-07-07T12:43:14.099+0000] {logging_mixin.py:120} INFO - [2023-07-07T12:43:14.099+0000] {dag.py:2585} INFO - Sync 1 DAGs
[2023-07-07T12:43:14.117+0000] {logging_mixin.py:120} INFO - [2023-07-07T12:43:14.116+0000] {dag.py:3340} INFO - Setting next_dagrun for user_processing to 2023-07-06T00:00:00+00:00, run_after=2023-07-07T00:00:00+00:00
[2023-07-07T12:43:14.130+0000] {processor.py:176} INFO - Processing /opt/airflow/dags/user_processing.py took 0.468 seconds
[2023-07-07T12:43:44.917+0000] {processor.py:154} INFO - Started process (PID=810) to work on /opt/airflow/dags/user_processing.py
[2023-07-07T12:43:44.917+0000] {processor.py:756} INFO - Processing file /opt/airflow/dags/user_processing.py for tasks to queue
[2023-07-07T12:43:44.918+0000] {logging_mixin.py:120} INFO - [2023-07-07T12:43:44.918+0000] {dagbag.py:537} INFO - Filling up the DagBag from /opt/airflow/dags/user_processing.py
[2023-07-07T12:43:45.166+0000] {processor.py:766} INFO - DAG(s) dict_keys(['user_processing']) retrieved from /opt/airflow/dags/user_processing.py
[2023-07-07T12:43:45.266+0000] {logging_mixin.py:120} INFO - [2023-07-07T12:43:45.265+0000] {dag.py:2585} INFO - Sync 1 DAGs
[2023-07-07T12:43:45.280+0000] {logging_mixin.py:120} INFO - [2023-07-07T12:43:45.280+0000] {dag.py:3340} INFO - Setting next_dagrun for user_processing to 2023-07-06T00:00:00+00:00, run_after=2023-07-07T00:00:00+00:00
[2023-07-07T12:43:45.290+0000] {processor.py:176} INFO - Processing /opt/airflow/dags/user_processing.py took 0.375 seconds
[2023-07-07T12:44:16.172+0000] {processor.py:154} INFO - Started process (PID=841) to work on /opt/airflow/dags/user_processing.py
[2023-07-07T12:44:16.173+0000] {processor.py:756} INFO - Processing file /opt/airflow/dags/user_processing.py for tasks to queue
[2023-07-07T12:44:16.173+0000] {logging_mixin.py:120} INFO - [2023-07-07T12:44:16.173+0000] {dagbag.py:537} INFO - Filling up the DagBag from /opt/airflow/dags/user_processing.py
[2023-07-07T12:44:16.453+0000] {processor.py:766} INFO - DAG(s) dict_keys(['user_processing']) retrieved from /opt/airflow/dags/user_processing.py
[2023-07-07T12:44:16.564+0000] {logging_mixin.py:120} INFO - [2023-07-07T12:44:16.563+0000] {dag.py:2585} INFO - Sync 1 DAGs
[2023-07-07T12:44:16.580+0000] {logging_mixin.py:120} INFO - [2023-07-07T12:44:16.580+0000] {dag.py:3340} INFO - Setting next_dagrun for user_processing to 2023-07-06T00:00:00+00:00, run_after=2023-07-07T00:00:00+00:00
[2023-07-07T12:44:16.593+0000] {processor.py:176} INFO - Processing /opt/airflow/dags/user_processing.py took 0.423 seconds
[2023-07-07T12:44:47.367+0000] {processor.py:154} INFO - Started process (PID=874) to work on /opt/airflow/dags/user_processing.py
[2023-07-07T12:44:47.368+0000] {processor.py:756} INFO - Processing file /opt/airflow/dags/user_processing.py for tasks to queue
[2023-07-07T12:44:47.369+0000] {logging_mixin.py:120} INFO - [2023-07-07T12:44:47.368+0000] {dagbag.py:537} INFO - Filling up the DagBag from /opt/airflow/dags/user_processing.py
[2023-07-07T12:44:47.633+0000] {processor.py:766} INFO - DAG(s) dict_keys(['user_processing']) retrieved from /opt/airflow/dags/user_processing.py
[2023-07-07T12:44:47.734+0000] {logging_mixin.py:120} INFO - [2023-07-07T12:44:47.734+0000] {dag.py:2585} INFO - Sync 1 DAGs
[2023-07-07T12:44:47.749+0000] {logging_mixin.py:120} INFO - [2023-07-07T12:44:47.749+0000] {dag.py:3340} INFO - Setting next_dagrun for user_processing to 2023-07-06T00:00:00+00:00, run_after=2023-07-07T00:00:00+00:00
[2023-07-07T12:44:47.758+0000] {processor.py:176} INFO - Processing /opt/airflow/dags/user_processing.py took 0.393 seconds
[2023-07-07T12:45:18.696+0000] {processor.py:154} INFO - Started process (PID=906) to work on /opt/airflow/dags/user_processing.py
[2023-07-07T12:45:18.698+0000] {processor.py:756} INFO - Processing file /opt/airflow/dags/user_processing.py for tasks to queue
[2023-07-07T12:45:18.699+0000] {logging_mixin.py:120} INFO - [2023-07-07T12:45:18.698+0000] {dagbag.py:537} INFO - Filling up the DagBag from /opt/airflow/dags/user_processing.py
[2023-07-07T12:45:18.953+0000] {processor.py:766} INFO - DAG(s) dict_keys(['user_processing']) retrieved from /opt/airflow/dags/user_processing.py
[2023-07-07T12:45:19.054+0000] {logging_mixin.py:120} INFO - [2023-07-07T12:45:19.053+0000] {dag.py:2585} INFO - Sync 1 DAGs
[2023-07-07T12:45:19.068+0000] {logging_mixin.py:120} INFO - [2023-07-07T12:45:19.067+0000] {dag.py:3340} INFO - Setting next_dagrun for user_processing to 2023-07-06T00:00:00+00:00, run_after=2023-07-07T00:00:00+00:00
[2023-07-07T12:45:19.082+0000] {processor.py:176} INFO - Processing /opt/airflow/dags/user_processing.py took 0.392 seconds
[2023-07-07T12:45:50.019+0000] {processor.py:154} INFO - Started process (PID=940) to work on /opt/airflow/dags/user_processing.py
[2023-07-07T12:45:50.020+0000] {processor.py:756} INFO - Processing file /opt/airflow/dags/user_processing.py for tasks to queue
[2023-07-07T12:45:50.020+0000] {logging_mixin.py:120} INFO - [2023-07-07T12:45:50.020+0000] {dagbag.py:537} INFO - Filling up the DagBag from /opt/airflow/dags/user_processing.py
[2023-07-07T12:45:50.292+0000] {processor.py:766} INFO - DAG(s) dict_keys(['user_processing']) retrieved from /opt/airflow/dags/user_processing.py
[2023-07-07T12:45:50.394+0000] {logging_mixin.py:120} INFO - [2023-07-07T12:45:50.394+0000] {dag.py:2585} INFO - Sync 1 DAGs
[2023-07-07T12:45:50.409+0000] {logging_mixin.py:120} INFO - [2023-07-07T12:45:50.409+0000] {dag.py:3340} INFO - Setting next_dagrun for user_processing to 2023-07-06T00:00:00+00:00, run_after=2023-07-07T00:00:00+00:00
[2023-07-07T12:45:50.423+0000] {processor.py:176} INFO - Processing /opt/airflow/dags/user_processing.py took 0.406 seconds
[2023-07-07T12:46:21.264+0000] {processor.py:154} INFO - Started process (PID=972) to work on /opt/airflow/dags/user_processing.py
[2023-07-07T12:46:21.264+0000] {processor.py:756} INFO - Processing file /opt/airflow/dags/user_processing.py for tasks to queue
[2023-07-07T12:46:21.265+0000] {logging_mixin.py:120} INFO - [2023-07-07T12:46:21.265+0000] {dagbag.py:537} INFO - Filling up the DagBag from /opt/airflow/dags/user_processing.py
[2023-07-07T12:46:21.523+0000] {processor.py:766} INFO - DAG(s) dict_keys(['user_processing']) retrieved from /opt/airflow/dags/user_processing.py
[2023-07-07T12:46:21.628+0000] {logging_mixin.py:120} INFO - [2023-07-07T12:46:21.628+0000] {dag.py:2585} INFO - Sync 1 DAGs
[2023-07-07T12:46:21.642+0000] {logging_mixin.py:120} INFO - [2023-07-07T12:46:21.642+0000] {dag.py:3340} INFO - Setting next_dagrun for user_processing to 2023-07-06T00:00:00+00:00, run_after=2023-07-07T00:00:00+00:00
[2023-07-07T12:46:21.655+0000] {processor.py:176} INFO - Processing /opt/airflow/dags/user_processing.py took 0.393 seconds
[2023-07-07T12:47:20.525+0000] {processor.py:154} INFO - Started process (PID=40) to work on /opt/airflow/dags/user_processing.py
[2023-07-07T12:47:20.526+0000] {processor.py:756} INFO - Processing file /opt/airflow/dags/user_processing.py for tasks to queue
[2023-07-07T12:47:20.526+0000] {logging_mixin.py:120} INFO - [2023-07-07T12:47:20.526+0000] {dagbag.py:537} INFO - Filling up the DagBag from /opt/airflow/dags/user_processing.py
[2023-07-07T12:47:20.948+0000] {processor.py:766} INFO - DAG(s) dict_keys(['user_processing']) retrieved from /opt/airflow/dags/user_processing.py
[2023-07-07T12:47:21.069+0000] {logging_mixin.py:120} INFO - [2023-07-07T12:47:21.069+0000] {dag.py:2585} INFO - Sync 1 DAGs
[2023-07-07T12:47:21.088+0000] {logging_mixin.py:120} INFO - [2023-07-07T12:47:21.088+0000] {dag.py:3340} INFO - Setting next_dagrun for user_processing to 2023-07-06T00:00:00+00:00, run_after=2023-07-07T00:00:00+00:00
[2023-07-07T12:47:21.100+0000] {processor.py:176} INFO - Processing /opt/airflow/dags/user_processing.py took 0.578 seconds
