[2023-07-08T12:18:40.937+0000] {processor.py:154} INFO - Started process (PID=1604) to work on /opt/airflow/dags/group/group_transforms.py
[2023-07-08T12:18:40.937+0000] {processor.py:756} INFO - Processing file /opt/airflow/dags/group/group_transforms.py for tasks to queue
[2023-07-08T12:18:40.937+0000] {logging_mixin.py:120} INFO - [2023-07-08T12:18:40.937+0000] {dagbag.py:537} INFO - Filling up the DagBag from /opt/airflow/dags/group/group_transforms.py
[2023-07-08T12:18:40.940+0000] {processor.py:768} WARNING - No viable dags retrieved from /opt/airflow/dags/group/group_transforms.py
[2023-07-08T12:18:40.947+0000] {processor.py:176} INFO - Processing /opt/airflow/dags/group/group_transforms.py took 0.012 seconds
[2023-07-08T12:19:11.264+0000] {processor.py:154} INFO - Started process (PID=1638) to work on /opt/airflow/dags/group/group_transforms.py
[2023-07-08T12:19:11.265+0000] {processor.py:756} INFO - Processing file /opt/airflow/dags/group/group_transforms.py for tasks to queue
[2023-07-08T12:19:11.265+0000] {logging_mixin.py:120} INFO - [2023-07-08T12:19:11.265+0000] {dagbag.py:537} INFO - Filling up the DagBag from /opt/airflow/dags/group/group_transforms.py
[2023-07-08T12:19:11.268+0000] {processor.py:768} WARNING - No viable dags retrieved from /opt/airflow/dags/group/group_transforms.py
[2023-07-08T12:19:11.275+0000] {processor.py:176} INFO - Processing /opt/airflow/dags/group/group_transforms.py took 0.013 seconds
[2023-07-08T12:19:41.564+0000] {processor.py:154} INFO - Started process (PID=1672) to work on /opt/airflow/dags/group/group_transforms.py
[2023-07-08T12:19:41.565+0000] {processor.py:756} INFO - Processing file /opt/airflow/dags/group/group_transforms.py for tasks to queue
[2023-07-08T12:19:41.566+0000] {logging_mixin.py:120} INFO - [2023-07-08T12:19:41.565+0000] {dagbag.py:537} INFO - Filling up the DagBag from /opt/airflow/dags/group/group_transforms.py
[2023-07-08T12:19:41.568+0000] {processor.py:768} WARNING - No viable dags retrieved from /opt/airflow/dags/group/group_transforms.py
[2023-07-08T12:19:41.576+0000] {processor.py:176} INFO - Processing /opt/airflow/dags/group/group_transforms.py took 0.014 seconds
[2023-07-08T12:20:11.870+0000] {processor.py:154} INFO - Started process (PID=1707) to work on /opt/airflow/dags/group/group_transforms.py
[2023-07-08T12:20:11.870+0000] {processor.py:756} INFO - Processing file /opt/airflow/dags/group/group_transforms.py for tasks to queue
[2023-07-08T12:20:11.870+0000] {logging_mixin.py:120} INFO - [2023-07-08T12:20:11.870+0000] {dagbag.py:537} INFO - Filling up the DagBag from /opt/airflow/dags/group/group_transforms.py
[2023-07-08T12:20:11.873+0000] {processor.py:768} WARNING - No viable dags retrieved from /opt/airflow/dags/group/group_transforms.py
[2023-07-08T12:20:11.880+0000] {processor.py:176} INFO - Processing /opt/airflow/dags/group/group_transforms.py took 0.013 seconds
[2023-07-08T12:20:42.142+0000] {processor.py:154} INFO - Started process (PID=1738) to work on /opt/airflow/dags/group/group_transforms.py
[2023-07-08T12:20:42.145+0000] {processor.py:756} INFO - Processing file /opt/airflow/dags/group/group_transforms.py for tasks to queue
[2023-07-08T12:20:42.146+0000] {logging_mixin.py:120} INFO - [2023-07-08T12:20:42.146+0000] {dagbag.py:537} INFO - Filling up the DagBag from /opt/airflow/dags/group/group_transforms.py
[2023-07-08T12:20:42.148+0000] {processor.py:768} WARNING - No viable dags retrieved from /opt/airflow/dags/group/group_transforms.py
[2023-07-08T12:20:42.156+0000] {processor.py:176} INFO - Processing /opt/airflow/dags/group/group_transforms.py took 0.016 seconds
[2023-07-08T12:21:12.462+0000] {processor.py:154} INFO - Started process (PID=1767) to work on /opt/airflow/dags/group/group_transforms.py
[2023-07-08T12:21:12.466+0000] {processor.py:756} INFO - Processing file /opt/airflow/dags/group/group_transforms.py for tasks to queue
[2023-07-08T12:21:12.467+0000] {logging_mixin.py:120} INFO - [2023-07-08T12:21:12.467+0000] {dagbag.py:537} INFO - Filling up the DagBag from /opt/airflow/dags/group/group_transforms.py
[2023-07-08T12:21:12.475+0000] {processor.py:768} WARNING - No viable dags retrieved from /opt/airflow/dags/group/group_transforms.py
[2023-07-08T12:21:12.487+0000] {processor.py:176} INFO - Processing /opt/airflow/dags/group/group_transforms.py took 0.029 seconds
[2023-07-08T12:21:42.808+0000] {processor.py:154} INFO - Started process (PID=1802) to work on /opt/airflow/dags/group/group_transforms.py
[2023-07-08T12:21:42.810+0000] {processor.py:756} INFO - Processing file /opt/airflow/dags/group/group_transforms.py for tasks to queue
[2023-07-08T12:21:42.811+0000] {logging_mixin.py:120} INFO - [2023-07-08T12:21:42.811+0000] {dagbag.py:537} INFO - Filling up the DagBag from /opt/airflow/dags/group/group_transforms.py
[2023-07-08T12:21:42.819+0000] {processor.py:768} WARNING - No viable dags retrieved from /opt/airflow/dags/group/group_transforms.py
[2023-07-08T12:21:42.836+0000] {processor.py:176} INFO - Processing /opt/airflow/dags/group/group_transforms.py took 0.035 seconds
[2023-07-08T12:22:13.117+0000] {processor.py:154} INFO - Started process (PID=1837) to work on /opt/airflow/dags/group/group_transforms.py
[2023-07-08T12:22:13.117+0000] {processor.py:756} INFO - Processing file /opt/airflow/dags/group/group_transforms.py for tasks to queue
[2023-07-08T12:22:13.118+0000] {logging_mixin.py:120} INFO - [2023-07-08T12:22:13.118+0000] {dagbag.py:537} INFO - Filling up the DagBag from /opt/airflow/dags/group/group_transforms.py
[2023-07-08T12:22:13.121+0000] {processor.py:768} WARNING - No viable dags retrieved from /opt/airflow/dags/group/group_transforms.py
[2023-07-08T12:22:13.128+0000] {processor.py:176} INFO - Processing /opt/airflow/dags/group/group_transforms.py took 0.013 seconds
[2023-07-08T12:22:43.431+0000] {processor.py:154} INFO - Started process (PID=1871) to work on /opt/airflow/dags/group/group_transforms.py
[2023-07-08T12:22:43.435+0000] {processor.py:756} INFO - Processing file /opt/airflow/dags/group/group_transforms.py for tasks to queue
[2023-07-08T12:22:43.436+0000] {logging_mixin.py:120} INFO - [2023-07-08T12:22:43.436+0000] {dagbag.py:537} INFO - Filling up the DagBag from /opt/airflow/dags/group/group_transforms.py
[2023-07-08T12:22:43.443+0000] {processor.py:768} WARNING - No viable dags retrieved from /opt/airflow/dags/group/group_transforms.py
[2023-07-08T12:22:43.453+0000] {processor.py:176} INFO - Processing /opt/airflow/dags/group/group_transforms.py took 0.029 seconds
[2023-07-08T12:23:13.709+0000] {processor.py:154} INFO - Started process (PID=1904) to work on /opt/airflow/dags/group/group_transforms.py
[2023-07-08T12:23:13.710+0000] {processor.py:756} INFO - Processing file /opt/airflow/dags/group/group_transforms.py for tasks to queue
[2023-07-08T12:23:13.711+0000] {logging_mixin.py:120} INFO - [2023-07-08T12:23:13.710+0000] {dagbag.py:537} INFO - Filling up the DagBag from /opt/airflow/dags/group/group_transforms.py
[2023-07-08T12:23:13.713+0000] {processor.py:768} WARNING - No viable dags retrieved from /opt/airflow/dags/group/group_transforms.py
[2023-07-08T12:23:13.721+0000] {processor.py:176} INFO - Processing /opt/airflow/dags/group/group_transforms.py took 0.014 seconds
[2023-07-08T12:23:44.024+0000] {processor.py:154} INFO - Started process (PID=1932) to work on /opt/airflow/dags/group/group_transforms.py
[2023-07-08T12:23:44.027+0000] {processor.py:756} INFO - Processing file /opt/airflow/dags/group/group_transforms.py for tasks to queue
[2023-07-08T12:23:44.028+0000] {logging_mixin.py:120} INFO - [2023-07-08T12:23:44.027+0000] {dagbag.py:537} INFO - Filling up the DagBag from /opt/airflow/dags/group/group_transforms.py
[2023-07-08T12:23:44.030+0000] {processor.py:768} WARNING - No viable dags retrieved from /opt/airflow/dags/group/group_transforms.py
[2023-07-08T12:23:44.037+0000] {processor.py:176} INFO - Processing /opt/airflow/dags/group/group_transforms.py took 0.017 seconds
[2023-07-08T12:24:14.329+0000] {processor.py:154} INFO - Started process (PID=1967) to work on /opt/airflow/dags/group/group_transforms.py
[2023-07-08T12:24:14.332+0000] {processor.py:756} INFO - Processing file /opt/airflow/dags/group/group_transforms.py for tasks to queue
[2023-07-08T12:24:14.333+0000] {logging_mixin.py:120} INFO - [2023-07-08T12:24:14.333+0000] {dagbag.py:537} INFO - Filling up the DagBag from /opt/airflow/dags/group/group_transforms.py
[2023-07-08T12:24:14.336+0000] {processor.py:768} WARNING - No viable dags retrieved from /opt/airflow/dags/group/group_transforms.py
[2023-07-08T12:24:14.345+0000] {processor.py:176} INFO - Processing /opt/airflow/dags/group/group_transforms.py took 0.018 seconds
[2023-07-08T12:24:44.648+0000] {processor.py:154} INFO - Started process (PID=2005) to work on /opt/airflow/dags/group/group_transforms.py
[2023-07-08T12:24:44.649+0000] {processor.py:756} INFO - Processing file /opt/airflow/dags/group/group_transforms.py for tasks to queue
[2023-07-08T12:24:44.650+0000] {logging_mixin.py:120} INFO - [2023-07-08T12:24:44.650+0000] {dagbag.py:537} INFO - Filling up the DagBag from /opt/airflow/dags/group/group_transforms.py
[2023-07-08T12:24:44.654+0000] {processor.py:768} WARNING - No viable dags retrieved from /opt/airflow/dags/group/group_transforms.py
[2023-07-08T12:24:44.661+0000] {processor.py:176} INFO - Processing /opt/airflow/dags/group/group_transforms.py took 0.016 seconds
[2023-07-08T12:25:14.910+0000] {processor.py:154} INFO - Started process (PID=2040) to work on /opt/airflow/dags/group/group_transforms.py
[2023-07-08T12:25:14.911+0000] {processor.py:756} INFO - Processing file /opt/airflow/dags/group/group_transforms.py for tasks to queue
[2023-07-08T12:25:14.911+0000] {logging_mixin.py:120} INFO - [2023-07-08T12:25:14.911+0000] {dagbag.py:537} INFO - Filling up the DagBag from /opt/airflow/dags/group/group_transforms.py
[2023-07-08T12:25:14.914+0000] {processor.py:768} WARNING - No viable dags retrieved from /opt/airflow/dags/group/group_transforms.py
[2023-07-08T12:25:14.941+0000] {processor.py:176} INFO - Processing /opt/airflow/dags/group/group_transforms.py took 0.034 seconds
[2023-07-08T12:25:28.339+0000] {processor.py:154} INFO - Started process (PID=2052) to work on /opt/airflow/dags/group/group_transforms.py
[2023-07-08T12:25:28.343+0000] {processor.py:756} INFO - Processing file /opt/airflow/dags/group/group_transforms.py for tasks to queue
[2023-07-08T12:25:28.344+0000] {logging_mixin.py:120} INFO - [2023-07-08T12:25:28.344+0000] {dagbag.py:537} INFO - Filling up the DagBag from /opt/airflow/dags/group/group_transforms.py
[2023-07-08T12:25:28.350+0000] {processor.py:768} WARNING - No viable dags retrieved from /opt/airflow/dags/group/group_transforms.py
[2023-07-08T12:25:28.359+0000] {processor.py:176} INFO - Processing /opt/airflow/dags/group/group_transforms.py took 0.026 seconds
[2023-07-08T12:25:48.575+0000] {processor.py:154} INFO - Started process (PID=2076) to work on /opt/airflow/dags/group/group_transforms.py
[2023-07-08T12:25:48.579+0000] {processor.py:756} INFO - Processing file /opt/airflow/dags/group/group_transforms.py for tasks to queue
[2023-07-08T12:25:48.580+0000] {logging_mixin.py:120} INFO - [2023-07-08T12:25:48.580+0000] {dagbag.py:537} INFO - Filling up the DagBag from /opt/airflow/dags/group/group_transforms.py
[2023-07-08T12:25:48.587+0000] {processor.py:768} WARNING - No viable dags retrieved from /opt/airflow/dags/group/group_transforms.py
[2023-07-08T12:25:48.597+0000] {processor.py:176} INFO - Processing /opt/airflow/dags/group/group_transforms.py took 0.026 seconds
[2023-07-08T12:26:06.775+0000] {processor.py:154} INFO - Started process (PID=2091) to work on /opt/airflow/dags/group/group_transforms.py
[2023-07-08T12:26:06.777+0000] {processor.py:756} INFO - Processing file /opt/airflow/dags/group/group_transforms.py for tasks to queue
[2023-07-08T12:26:06.777+0000] {logging_mixin.py:120} INFO - [2023-07-08T12:26:06.777+0000] {dagbag.py:537} INFO - Filling up the DagBag from /opt/airflow/dags/group/group_transforms.py
[2023-07-08T12:26:06.783+0000] {processor.py:768} WARNING - No viable dags retrieved from /opt/airflow/dags/group/group_transforms.py
[2023-07-08T12:26:06.791+0000] {processor.py:176} INFO - Processing /opt/airflow/dags/group/group_transforms.py took 0.019 seconds
[2023-07-08T12:26:37.130+0000] {processor.py:154} INFO - Started process (PID=2127) to work on /opt/airflow/dags/group/group_transforms.py
[2023-07-08T12:26:37.135+0000] {processor.py:756} INFO - Processing file /opt/airflow/dags/group/group_transforms.py for tasks to queue
[2023-07-08T12:26:37.136+0000] {logging_mixin.py:120} INFO - [2023-07-08T12:26:37.136+0000] {dagbag.py:537} INFO - Filling up the DagBag from /opt/airflow/dags/group/group_transforms.py
[2023-07-08T12:26:37.146+0000] {processor.py:768} WARNING - No viable dags retrieved from /opt/airflow/dags/group/group_transforms.py
[2023-07-08T12:26:37.165+0000] {processor.py:176} INFO - Processing /opt/airflow/dags/group/group_transforms.py took 0.040 seconds
[2023-07-08T12:27:07.489+0000] {processor.py:154} INFO - Started process (PID=2162) to work on /opt/airflow/dags/group/group_transforms.py
[2023-07-08T12:27:07.493+0000] {processor.py:756} INFO - Processing file /opt/airflow/dags/group/group_transforms.py for tasks to queue
[2023-07-08T12:27:07.493+0000] {logging_mixin.py:120} INFO - [2023-07-08T12:27:07.493+0000] {dagbag.py:537} INFO - Filling up the DagBag from /opt/airflow/dags/group/group_transforms.py
[2023-07-08T12:27:07.498+0000] {processor.py:768} WARNING - No viable dags retrieved from /opt/airflow/dags/group/group_transforms.py
[2023-07-08T12:27:07.505+0000] {processor.py:176} INFO - Processing /opt/airflow/dags/group/group_transforms.py took 0.020 seconds
[2023-07-08T12:27:37.839+0000] {processor.py:154} INFO - Started process (PID=2196) to work on /opt/airflow/dags/group/group_transforms.py
[2023-07-08T12:27:37.843+0000] {processor.py:756} INFO - Processing file /opt/airflow/dags/group/group_transforms.py for tasks to queue
[2023-07-08T12:27:37.844+0000] {logging_mixin.py:120} INFO - [2023-07-08T12:27:37.844+0000] {dagbag.py:537} INFO - Filling up the DagBag from /opt/airflow/dags/group/group_transforms.py
[2023-07-08T12:27:37.852+0000] {processor.py:768} WARNING - No viable dags retrieved from /opt/airflow/dags/group/group_transforms.py
[2023-07-08T12:27:37.863+0000] {processor.py:176} INFO - Processing /opt/airflow/dags/group/group_transforms.py took 0.026 seconds
[2023-07-08T12:28:08.186+0000] {processor.py:154} INFO - Started process (PID=2231) to work on /opt/airflow/dags/group/group_transforms.py
[2023-07-08T12:28:08.190+0000] {processor.py:756} INFO - Processing file /opt/airflow/dags/group/group_transforms.py for tasks to queue
[2023-07-08T12:28:08.191+0000] {logging_mixin.py:120} INFO - [2023-07-08T12:28:08.191+0000] {dagbag.py:537} INFO - Filling up the DagBag from /opt/airflow/dags/group/group_transforms.py
[2023-07-08T12:28:08.197+0000] {processor.py:768} WARNING - No viable dags retrieved from /opt/airflow/dags/group/group_transforms.py
[2023-07-08T12:28:08.210+0000] {processor.py:176} INFO - Processing /opt/airflow/dags/group/group_transforms.py took 0.030 seconds
[2023-07-08T12:28:38.492+0000] {processor.py:154} INFO - Started process (PID=2262) to work on /opt/airflow/dags/group/group_transforms.py
[2023-07-08T12:28:38.493+0000] {processor.py:756} INFO - Processing file /opt/airflow/dags/group/group_transforms.py for tasks to queue
[2023-07-08T12:28:38.493+0000] {logging_mixin.py:120} INFO - [2023-07-08T12:28:38.493+0000] {dagbag.py:537} INFO - Filling up the DagBag from /opt/airflow/dags/group/group_transforms.py
[2023-07-08T12:28:38.496+0000] {processor.py:768} WARNING - No viable dags retrieved from /opt/airflow/dags/group/group_transforms.py
[2023-07-08T12:28:38.503+0000] {processor.py:176} INFO - Processing /opt/airflow/dags/group/group_transforms.py took 0.013 seconds
[2023-07-08T12:29:08.844+0000] {processor.py:154} INFO - Started process (PID=2290) to work on /opt/airflow/dags/group/group_transforms.py
[2023-07-08T12:29:08.847+0000] {processor.py:756} INFO - Processing file /opt/airflow/dags/group/group_transforms.py for tasks to queue
[2023-07-08T12:29:08.847+0000] {logging_mixin.py:120} INFO - [2023-07-08T12:29:08.847+0000] {dagbag.py:537} INFO - Filling up the DagBag from /opt/airflow/dags/group/group_transforms.py
[2023-07-08T12:29:08.850+0000] {processor.py:768} WARNING - No viable dags retrieved from /opt/airflow/dags/group/group_transforms.py
[2023-07-08T12:29:08.858+0000] {processor.py:176} INFO - Processing /opt/airflow/dags/group/group_transforms.py took 0.016 seconds
[2023-07-08T12:29:39.157+0000] {processor.py:154} INFO - Started process (PID=2325) to work on /opt/airflow/dags/group/group_transforms.py
[2023-07-08T12:29:39.162+0000] {processor.py:756} INFO - Processing file /opt/airflow/dags/group/group_transforms.py for tasks to queue
[2023-07-08T12:29:39.163+0000] {logging_mixin.py:120} INFO - [2023-07-08T12:29:39.162+0000] {dagbag.py:537} INFO - Filling up the DagBag from /opt/airflow/dags/group/group_transforms.py
[2023-07-08T12:29:39.171+0000] {processor.py:768} WARNING - No viable dags retrieved from /opt/airflow/dags/group/group_transforms.py
[2023-07-08T12:29:39.182+0000] {processor.py:176} INFO - Processing /opt/airflow/dags/group/group_transforms.py took 0.029 seconds
[2023-07-08T12:30:09.469+0000] {processor.py:154} INFO - Started process (PID=2360) to work on /opt/airflow/dags/group/group_transforms.py
[2023-07-08T12:30:09.471+0000] {processor.py:756} INFO - Processing file /opt/airflow/dags/group/group_transforms.py for tasks to queue
[2023-07-08T12:30:09.472+0000] {logging_mixin.py:120} INFO - [2023-07-08T12:30:09.472+0000] {dagbag.py:537} INFO - Filling up the DagBag from /opt/airflow/dags/group/group_transforms.py
[2023-07-08T12:30:09.479+0000] {processor.py:768} WARNING - No viable dags retrieved from /opt/airflow/dags/group/group_transforms.py
[2023-07-08T12:30:09.488+0000] {processor.py:176} INFO - Processing /opt/airflow/dags/group/group_transforms.py took 0.024 seconds
[2023-07-08T12:30:39.789+0000] {processor.py:154} INFO - Started process (PID=2395) to work on /opt/airflow/dags/group/group_transforms.py
[2023-07-08T12:30:39.791+0000] {processor.py:756} INFO - Processing file /opt/airflow/dags/group/group_transforms.py for tasks to queue
[2023-07-08T12:30:39.792+0000] {logging_mixin.py:120} INFO - [2023-07-08T12:30:39.791+0000] {dagbag.py:537} INFO - Filling up the DagBag from /opt/airflow/dags/group/group_transforms.py
[2023-07-08T12:30:39.797+0000] {processor.py:768} WARNING - No viable dags retrieved from /opt/airflow/dags/group/group_transforms.py
[2023-07-08T12:30:39.805+0000] {processor.py:176} INFO - Processing /opt/airflow/dags/group/group_transforms.py took 0.021 seconds
