[2023-07-08T12:14:19.137+0000] {taskinstance.py:1165} INFO - Dependencies all met for <TaskInstance: group_dag.transforms.transform_b scheduled__2023-07-08T12:13:04.152109+00:00 [queued]>
[2023-07-08T12:14:19.143+0000] {taskinstance.py:1165} INFO - Dependencies all met for <TaskInstance: group_dag.transforms.transform_b scheduled__2023-07-08T12:13:04.152109+00:00 [queued]>
[2023-07-08T12:14:19.143+0000] {taskinstance.py:1362} INFO - 
--------------------------------------------------------------------------------
[2023-07-08T12:14:19.143+0000] {taskinstance.py:1363} INFO - Starting attempt 1 of 1
[2023-07-08T12:14:19.143+0000] {taskinstance.py:1364} INFO - 
--------------------------------------------------------------------------------
[2023-07-08T12:14:19.153+0000] {taskinstance.py:1383} INFO - Executing <Task(BashOperator): transform_b> on 2023-07-08 12:13:04.152109+00:00
[2023-07-08T12:14:19.156+0000] {standard_task_runner.py:55} INFO - Started process 1108 to run task
[2023-07-08T12:14:19.158+0000] {standard_task_runner.py:82} INFO - Running: ['***', 'tasks', 'run', 'group_dag.transforms', 'transform_b', 'scheduled__2023-07-08T12:13:04.152109+00:00', '--job-id', '72', '--raw', '--subdir', 'DAGS_FOLDER/group_dag.py', '--cfg-path', '/tmp/tmph3klolbk']
[2023-07-08T12:14:19.159+0000] {standard_task_runner.py:83} INFO - Job 72: Subtask transform_b
[2023-07-08T12:14:19.198+0000] {task_command.py:376} INFO - Running <TaskInstance: group_dag.transforms.transform_b scheduled__2023-07-08T12:13:04.152109+00:00 [running]> on host c727280cb8a1
[2023-07-08T12:14:19.247+0000] {taskinstance.py:1592} INFO - Exporting the following env vars:
AIRFLOW_CTX_DAG_OWNER=***
AIRFLOW_CTX_DAG_ID=group_dag.transforms
AIRFLOW_CTX_TASK_ID=transform_b
AIRFLOW_CTX_EXECUTION_DATE=2023-07-08T12:13:04.152109+00:00
AIRFLOW_CTX_TRY_NUMBER=1
AIRFLOW_CTX_DAG_RUN_ID=scheduled__2023-07-08T12:13:04.152109+00:00
[2023-07-08T12:14:19.248+0000] {subprocess.py:63} INFO - Tmp dir root location: 
 /tmp
[2023-07-08T12:14:19.248+0000] {subprocess.py:75} INFO - Running command: ['/bin/bash', '-c', 'sleep 10']
[2023-07-08T12:14:19.258+0000] {subprocess.py:86} INFO - Output:
[2023-07-08T12:14:29.261+0000] {subprocess.py:97} INFO - Command exited with return code 0
[2023-07-08T12:14:29.279+0000] {taskinstance.py:1406} INFO - Marking task as SUCCESS. dag_id=group_dag.transforms, task_id=transform_b, execution_date=20230708T121304, start_date=20230708T121419, end_date=20230708T121429
[2023-07-08T12:14:29.307+0000] {local_task_job.py:164} INFO - Task exited with return code 0
[2023-07-08T12:14:29.319+0000] {local_task_job.py:273} INFO - 0 downstream tasks scheduled from follow-on schedule check
