[2023-07-08T13:06:46.127+0000] {taskinstance.py:1165} INFO - Dependencies all met for <TaskInstance: xcom_dag.t1 manual__2023-07-08T13:06:45.577957+00:00 [queued]>
[2023-07-08T13:06:46.134+0000] {taskinstance.py:1165} INFO - Dependencies all met for <TaskInstance: xcom_dag.t1 manual__2023-07-08T13:06:45.577957+00:00 [queued]>
[2023-07-08T13:06:46.134+0000] {taskinstance.py:1362} INFO - 
--------------------------------------------------------------------------------
[2023-07-08T13:06:46.134+0000] {taskinstance.py:1363} INFO - Starting attempt 1 of 1
[2023-07-08T13:06:46.134+0000] {taskinstance.py:1364} INFO - 
--------------------------------------------------------------------------------
[2023-07-08T13:06:46.144+0000] {taskinstance.py:1383} INFO - Executing <Task(PythonOperator): t1> on 2023-07-08 13:06:45.577957+00:00
[2023-07-08T13:06:46.148+0000] {standard_task_runner.py:55} INFO - Started process 3701 to run task
[2023-07-08T13:06:46.150+0000] {standard_task_runner.py:82} INFO - Running: ['***', 'tasks', 'run', 'xcom_dag', 't1', 'manual__2023-07-08T13:06:45.577957+00:00', '--job-id', '77', '--raw', '--subdir', 'DAGS_FOLDER/xcom_dag.py', '--cfg-path', '/tmp/tmp5y4fcxzu']
[2023-07-08T13:06:46.150+0000] {standard_task_runner.py:83} INFO - Job 77: Subtask t1
[2023-07-08T13:06:46.188+0000] {task_command.py:376} INFO - Running <TaskInstance: xcom_dag.t1 manual__2023-07-08T13:06:45.577957+00:00 [running]> on host c727280cb8a1
[2023-07-08T13:06:46.234+0000] {taskinstance.py:1592} INFO - Exporting the following env vars:
AIRFLOW_CTX_DAG_OWNER=***
AIRFLOW_CTX_DAG_ID=xcom_dag
AIRFLOW_CTX_TASK_ID=t1
AIRFLOW_CTX_EXECUTION_DATE=2023-07-08T13:06:45.577957+00:00
AIRFLOW_CTX_TRY_NUMBER=1
AIRFLOW_CTX_DAG_RUN_ID=manual__2023-07-08T13:06:45.577957+00:00
[2023-07-08T13:06:46.244+0000] {python.py:177} INFO - Done. Returned value was: None
[2023-07-08T13:06:46.250+0000] {taskinstance.py:1406} INFO - Marking task as SUCCESS. dag_id=xcom_dag, task_id=t1, execution_date=20230708T130645, start_date=20230708T130646, end_date=20230708T130646
[2023-07-08T13:06:46.281+0000] {local_task_job.py:164} INFO - Task exited with return code 0
[2023-07-08T13:06:46.301+0000] {local_task_job.py:273} INFO - 1 downstream tasks scheduled from follow-on schedule check
