[2023-07-04T14:02:16.296+0000] {processor.py:154} INFO - Started process (PID=42) to work on /opt/airflow/dags/user_processing.py
[2023-07-04T14:02:16.297+0000] {processor.py:756} INFO - Processing file /opt/airflow/dags/user_processing.py for tasks to queue
[2023-07-04T14:02:16.298+0000] {logging_mixin.py:120} INFO - [2023-07-04T14:02:16.297+0000] {dagbag.py:537} INFO - Filling up the DagBag from /opt/airflow/dags/user_processing.py
[2023-07-04T14:02:16.308+0000] {processor.py:766} INFO - DAG(s) dict_keys(['user_processing']) retrieved from /opt/airflow/dags/user_processing.py
[2023-07-04T14:02:16.416+0000] {logging_mixin.py:120} INFO - [2023-07-04T14:02:16.416+0000] {manager.py:507} INFO - Created Permission View: can edit on DAG:user_processing
[2023-07-04T14:02:16.426+0000] {logging_mixin.py:120} INFO - [2023-07-04T14:02:16.426+0000] {manager.py:507} INFO - Created Permission View: can delete on DAG:user_processing
[2023-07-04T14:02:16.434+0000] {logging_mixin.py:120} INFO - [2023-07-04T14:02:16.434+0000] {manager.py:507} INFO - Created Permission View: can read on DAG:user_processing
[2023-07-04T14:02:16.434+0000] {logging_mixin.py:120} INFO - [2023-07-04T14:02:16.434+0000] {dag.py:2585} INFO - Sync 1 DAGs
[2023-07-04T14:02:16.447+0000] {logging_mixin.py:120} INFO - [2023-07-04T14:02:16.447+0000] {dag.py:2606} INFO - Creating ORM DAG for user_processing
[2023-07-04T14:02:16.456+0000] {logging_mixin.py:120} INFO - [2023-07-04T14:02:16.456+0000] {dag.py:3340} INFO - Setting next_dagrun for user_processing to 2023-07-03T00:00:00+00:00, run_after=2023-07-04T00:00:00+00:00
[2023-07-04T14:02:16.469+0000] {processor.py:176} INFO - Processing /opt/airflow/dags/user_processing.py took 0.176 seconds
[2023-07-04T14:02:46.924+0000] {processor.py:154} INFO - Started process (PID=106) to work on /opt/airflow/dags/user_processing.py
[2023-07-04T14:02:46.925+0000] {processor.py:756} INFO - Processing file /opt/airflow/dags/user_processing.py for tasks to queue
[2023-07-04T14:02:46.925+0000] {logging_mixin.py:120} INFO - [2023-07-04T14:02:46.925+0000] {dagbag.py:537} INFO - Filling up the DagBag from /opt/airflow/dags/user_processing.py
[2023-07-04T14:02:46.936+0000] {processor.py:766} INFO - DAG(s) dict_keys(['user_processing']) retrieved from /opt/airflow/dags/user_processing.py
[2023-07-04T14:02:46.970+0000] {logging_mixin.py:120} INFO - [2023-07-04T14:02:46.970+0000] {dag.py:2585} INFO - Sync 1 DAGs
[2023-07-04T14:02:46.987+0000] {logging_mixin.py:120} INFO - [2023-07-04T14:02:46.987+0000] {dag.py:3340} INFO - Setting next_dagrun for user_processing to 2023-07-03T00:00:00+00:00, run_after=2023-07-04T00:00:00+00:00
[2023-07-04T14:02:47.001+0000] {processor.py:176} INFO - Processing /opt/airflow/dags/user_processing.py took 0.079 seconds
[2023-07-04T14:03:17.194+0000] {processor.py:154} INFO - Started process (PID=171) to work on /opt/airflow/dags/user_processing.py
[2023-07-04T14:03:17.195+0000] {processor.py:756} INFO - Processing file /opt/airflow/dags/user_processing.py for tasks to queue
[2023-07-04T14:03:17.195+0000] {logging_mixin.py:120} INFO - [2023-07-04T14:03:17.195+0000] {dagbag.py:537} INFO - Filling up the DagBag from /opt/airflow/dags/user_processing.py
[2023-07-04T14:03:17.213+0000] {processor.py:766} INFO - DAG(s) dict_keys(['user_processing']) retrieved from /opt/airflow/dags/user_processing.py
[2023-07-04T14:03:17.237+0000] {logging_mixin.py:120} INFO - [2023-07-04T14:03:17.237+0000] {dag.py:2585} INFO - Sync 1 DAGs
[2023-07-04T14:03:17.257+0000] {logging_mixin.py:120} INFO - [2023-07-04T14:03:17.256+0000] {dag.py:3340} INFO - Setting next_dagrun for user_processing to 2023-07-03T00:00:00+00:00, run_after=2023-07-04T00:00:00+00:00
[2023-07-04T14:03:17.270+0000] {processor.py:176} INFO - Processing /opt/airflow/dags/user_processing.py took 0.079 seconds
[2023-07-04T14:03:47.446+0000] {processor.py:154} INFO - Started process (PID=234) to work on /opt/airflow/dags/user_processing.py
[2023-07-04T14:03:47.447+0000] {processor.py:756} INFO - Processing file /opt/airflow/dags/user_processing.py for tasks to queue
[2023-07-04T14:03:47.448+0000] {logging_mixin.py:120} INFO - [2023-07-04T14:03:47.447+0000] {dagbag.py:537} INFO - Filling up the DagBag from /opt/airflow/dags/user_processing.py
[2023-07-04T14:03:47.456+0000] {processor.py:766} INFO - DAG(s) dict_keys(['user_processing']) retrieved from /opt/airflow/dags/user_processing.py
[2023-07-04T14:03:47.488+0000] {logging_mixin.py:120} INFO - [2023-07-04T14:03:47.488+0000] {dag.py:2585} INFO - Sync 1 DAGs
[2023-07-04T14:03:47.512+0000] {logging_mixin.py:120} INFO - [2023-07-04T14:03:47.512+0000] {dag.py:3340} INFO - Setting next_dagrun for user_processing to 2023-07-03T00:00:00+00:00, run_after=2023-07-04T00:00:00+00:00
[2023-07-04T14:03:47.527+0000] {processor.py:176} INFO - Processing /opt/airflow/dags/user_processing.py took 0.083 seconds
[2023-07-04T14:04:17.732+0000] {processor.py:154} INFO - Started process (PID=289) to work on /opt/airflow/dags/user_processing.py
[2023-07-04T14:04:17.733+0000] {processor.py:756} INFO - Processing file /opt/airflow/dags/user_processing.py for tasks to queue
[2023-07-04T14:04:17.733+0000] {logging_mixin.py:120} INFO - [2023-07-04T14:04:17.733+0000] {dagbag.py:537} INFO - Filling up the DagBag from /opt/airflow/dags/user_processing.py
[2023-07-04T14:04:17.741+0000] {processor.py:766} INFO - DAG(s) dict_keys(['user_processing']) retrieved from /opt/airflow/dags/user_processing.py
[2023-07-04T14:04:17.764+0000] {logging_mixin.py:120} INFO - [2023-07-04T14:04:17.764+0000] {dag.py:2585} INFO - Sync 1 DAGs
[2023-07-04T14:04:17.781+0000] {logging_mixin.py:120} INFO - [2023-07-04T14:04:17.781+0000] {dag.py:3340} INFO - Setting next_dagrun for user_processing to 2023-07-03T00:00:00+00:00, run_after=2023-07-04T00:00:00+00:00
[2023-07-04T14:04:17.792+0000] {processor.py:176} INFO - Processing /opt/airflow/dags/user_processing.py took 0.062 seconds
[2023-07-04T14:04:48.803+0000] {processor.py:154} INFO - Started process (PID=354) to work on /opt/airflow/dags/user_processing.py
[2023-07-04T14:04:48.806+0000] {processor.py:756} INFO - Processing file /opt/airflow/dags/user_processing.py for tasks to queue
[2023-07-04T14:04:48.807+0000] {logging_mixin.py:120} INFO - [2023-07-04T14:04:48.807+0000] {dagbag.py:537} INFO - Filling up the DagBag from /opt/airflow/dags/user_processing.py
[2023-07-04T14:04:48.816+0000] {processor.py:766} INFO - DAG(s) dict_keys(['user_processing']) retrieved from /opt/airflow/dags/user_processing.py
[2023-07-04T14:04:48.839+0000] {logging_mixin.py:120} INFO - [2023-07-04T14:04:48.838+0000] {dag.py:2585} INFO - Sync 1 DAGs
[2023-07-04T14:04:48.856+0000] {logging_mixin.py:120} INFO - [2023-07-04T14:04:48.856+0000] {dag.py:3340} INFO - Setting next_dagrun for user_processing to 2023-07-03T00:00:00+00:00, run_after=2023-07-04T00:00:00+00:00
[2023-07-04T14:04:48.869+0000] {processor.py:176} INFO - Processing /opt/airflow/dags/user_processing.py took 0.068 seconds
[2023-07-04T14:05:19.811+0000] {processor.py:154} INFO - Started process (PID=418) to work on /opt/airflow/dags/user_processing.py
[2023-07-04T14:05:19.812+0000] {processor.py:756} INFO - Processing file /opt/airflow/dags/user_processing.py for tasks to queue
[2023-07-04T14:05:19.812+0000] {logging_mixin.py:120} INFO - [2023-07-04T14:05:19.812+0000] {dagbag.py:537} INFO - Filling up the DagBag from /opt/airflow/dags/user_processing.py
[2023-07-04T14:05:19.822+0000] {processor.py:766} INFO - DAG(s) dict_keys(['user_processing']) retrieved from /opt/airflow/dags/user_processing.py
[2023-07-04T14:05:19.847+0000] {logging_mixin.py:120} INFO - [2023-07-04T14:05:19.847+0000] {dag.py:2585} INFO - Sync 1 DAGs
[2023-07-04T14:05:19.874+0000] {logging_mixin.py:120} INFO - [2023-07-04T14:05:19.874+0000] {dag.py:3340} INFO - Setting next_dagrun for user_processing to 2023-07-03T00:00:00+00:00, run_after=2023-07-04T00:00:00+00:00
[2023-07-04T14:05:19.886+0000] {processor.py:176} INFO - Processing /opt/airflow/dags/user_processing.py took 0.077 seconds
[2023-07-04T14:05:50.561+0000] {processor.py:154} INFO - Started process (PID=482) to work on /opt/airflow/dags/user_processing.py
[2023-07-04T14:05:50.561+0000] {processor.py:756} INFO - Processing file /opt/airflow/dags/user_processing.py for tasks to queue
[2023-07-04T14:05:50.562+0000] {logging_mixin.py:120} INFO - [2023-07-04T14:05:50.562+0000] {dagbag.py:537} INFO - Filling up the DagBag from /opt/airflow/dags/user_processing.py
[2023-07-04T14:05:50.570+0000] {processor.py:766} INFO - DAG(s) dict_keys(['user_processing']) retrieved from /opt/airflow/dags/user_processing.py
[2023-07-04T14:05:50.591+0000] {logging_mixin.py:120} INFO - [2023-07-04T14:05:50.591+0000] {dag.py:2585} INFO - Sync 1 DAGs
[2023-07-04T14:05:50.607+0000] {logging_mixin.py:120} INFO - [2023-07-04T14:05:50.607+0000] {dag.py:3340} INFO - Setting next_dagrun for user_processing to 2023-07-03T00:00:00+00:00, run_after=2023-07-04T00:00:00+00:00
[2023-07-04T14:05:50.619+0000] {processor.py:176} INFO - Processing /opt/airflow/dags/user_processing.py took 0.060 seconds
[2023-07-04T14:06:20.669+0000] {processor.py:154} INFO - Started process (PID=546) to work on /opt/airflow/dags/user_processing.py
[2023-07-04T14:06:20.671+0000] {processor.py:756} INFO - Processing file /opt/airflow/dags/user_processing.py for tasks to queue
[2023-07-04T14:06:20.671+0000] {logging_mixin.py:120} INFO - [2023-07-04T14:06:20.671+0000] {dagbag.py:537} INFO - Filling up the DagBag from /opt/airflow/dags/user_processing.py
[2023-07-04T14:06:20.689+0000] {processor.py:766} INFO - DAG(s) dict_keys(['user_processing']) retrieved from /opt/airflow/dags/user_processing.py
[2023-07-04T14:06:20.713+0000] {logging_mixin.py:120} INFO - [2023-07-04T14:06:20.712+0000] {dag.py:2585} INFO - Sync 1 DAGs
[2023-07-04T14:06:20.729+0000] {logging_mixin.py:120} INFO - [2023-07-04T14:06:20.729+0000] {dag.py:3340} INFO - Setting next_dagrun for user_processing to 2023-07-03T00:00:00+00:00, run_after=2023-07-04T00:00:00+00:00
[2023-07-04T14:06:20.741+0000] {processor.py:176} INFO - Processing /opt/airflow/dags/user_processing.py took 0.076 seconds
[2023-07-04T14:06:51.004+0000] {processor.py:154} INFO - Started process (PID=610) to work on /opt/airflow/dags/user_processing.py
[2023-07-04T14:06:51.007+0000] {processor.py:756} INFO - Processing file /opt/airflow/dags/user_processing.py for tasks to queue
[2023-07-04T14:06:51.007+0000] {logging_mixin.py:120} INFO - [2023-07-04T14:06:51.007+0000] {dagbag.py:537} INFO - Filling up the DagBag from /opt/airflow/dags/user_processing.py
[2023-07-04T14:06:51.018+0000] {processor.py:766} INFO - DAG(s) dict_keys(['user_processing']) retrieved from /opt/airflow/dags/user_processing.py
[2023-07-04T14:06:51.042+0000] {logging_mixin.py:120} INFO - [2023-07-04T14:06:51.041+0000] {dag.py:2585} INFO - Sync 1 DAGs
[2023-07-04T14:06:51.060+0000] {logging_mixin.py:120} INFO - [2023-07-04T14:06:51.060+0000] {dag.py:3340} INFO - Setting next_dagrun for user_processing to 2023-07-03T00:00:00+00:00, run_after=2023-07-04T00:00:00+00:00
[2023-07-04T14:06:51.075+0000] {processor.py:176} INFO - Processing /opt/airflow/dags/user_processing.py took 0.073 seconds
[2023-07-04T14:07:21.154+0000] {processor.py:154} INFO - Started process (PID=665) to work on /opt/airflow/dags/user_processing.py
[2023-07-04T14:07:21.155+0000] {processor.py:756} INFO - Processing file /opt/airflow/dags/user_processing.py for tasks to queue
[2023-07-04T14:07:21.155+0000] {logging_mixin.py:120} INFO - [2023-07-04T14:07:21.155+0000] {dagbag.py:537} INFO - Filling up the DagBag from /opt/airflow/dags/user_processing.py
[2023-07-04T14:07:21.166+0000] {processor.py:766} INFO - DAG(s) dict_keys(['user_processing']) retrieved from /opt/airflow/dags/user_processing.py
[2023-07-04T14:07:21.187+0000] {logging_mixin.py:120} INFO - [2023-07-04T14:07:21.187+0000] {dag.py:2585} INFO - Sync 1 DAGs
[2023-07-04T14:07:21.204+0000] {logging_mixin.py:120} INFO - [2023-07-04T14:07:21.203+0000] {dag.py:3340} INFO - Setting next_dagrun for user_processing to 2023-07-03T00:00:00+00:00, run_after=2023-07-04T00:00:00+00:00
[2023-07-04T14:07:21.215+0000] {processor.py:176} INFO - Processing /opt/airflow/dags/user_processing.py took 0.063 seconds
[2023-07-04T14:07:51.382+0000] {processor.py:154} INFO - Started process (PID=729) to work on /opt/airflow/dags/user_processing.py
[2023-07-04T14:07:51.383+0000] {processor.py:756} INFO - Processing file /opt/airflow/dags/user_processing.py for tasks to queue
[2023-07-04T14:07:51.383+0000] {logging_mixin.py:120} INFO - [2023-07-04T14:07:51.383+0000] {dagbag.py:537} INFO - Filling up the DagBag from /opt/airflow/dags/user_processing.py
[2023-07-04T14:07:51.392+0000] {processor.py:766} INFO - DAG(s) dict_keys(['user_processing']) retrieved from /opt/airflow/dags/user_processing.py
[2023-07-04T14:07:51.415+0000] {logging_mixin.py:120} INFO - [2023-07-04T14:07:51.415+0000] {dag.py:2585} INFO - Sync 1 DAGs
[2023-07-04T14:07:51.432+0000] {logging_mixin.py:120} INFO - [2023-07-04T14:07:51.432+0000] {dag.py:3340} INFO - Setting next_dagrun for user_processing to 2023-07-03T00:00:00+00:00, run_after=2023-07-04T00:00:00+00:00
[2023-07-04T14:07:51.444+0000] {processor.py:176} INFO - Processing /opt/airflow/dags/user_processing.py took 0.064 seconds
[2023-07-04T14:08:22.296+0000] {processor.py:154} INFO - Started process (PID=793) to work on /opt/airflow/dags/user_processing.py
[2023-07-04T14:08:22.298+0000] {processor.py:756} INFO - Processing file /opt/airflow/dags/user_processing.py for tasks to queue
[2023-07-04T14:08:22.298+0000] {logging_mixin.py:120} INFO - [2023-07-04T14:08:22.298+0000] {dagbag.py:537} INFO - Filling up the DagBag from /opt/airflow/dags/user_processing.py
[2023-07-04T14:08:22.306+0000] {processor.py:766} INFO - DAG(s) dict_keys(['user_processing']) retrieved from /opt/airflow/dags/user_processing.py
[2023-07-04T14:08:22.328+0000] {logging_mixin.py:120} INFO - [2023-07-04T14:08:22.328+0000] {dag.py:2585} INFO - Sync 1 DAGs
[2023-07-04T14:08:22.345+0000] {logging_mixin.py:120} INFO - [2023-07-04T14:08:22.344+0000] {dag.py:3340} INFO - Setting next_dagrun for user_processing to 2023-07-03T00:00:00+00:00, run_after=2023-07-04T00:00:00+00:00
[2023-07-04T14:08:22.356+0000] {processor.py:176} INFO - Processing /opt/airflow/dags/user_processing.py took 0.062 seconds
[2023-07-04T14:08:53.236+0000] {processor.py:154} INFO - Started process (PID=857) to work on /opt/airflow/dags/user_processing.py
[2023-07-04T14:08:53.237+0000] {processor.py:756} INFO - Processing file /opt/airflow/dags/user_processing.py for tasks to queue
[2023-07-04T14:08:53.237+0000] {logging_mixin.py:120} INFO - [2023-07-04T14:08:53.237+0000] {dagbag.py:537} INFO - Filling up the DagBag from /opt/airflow/dags/user_processing.py
[2023-07-04T14:08:53.247+0000] {processor.py:766} INFO - DAG(s) dict_keys(['user_processing']) retrieved from /opt/airflow/dags/user_processing.py
[2023-07-04T14:08:53.270+0000] {logging_mixin.py:120} INFO - [2023-07-04T14:08:53.270+0000] {dag.py:2585} INFO - Sync 1 DAGs
[2023-07-04T14:08:53.288+0000] {logging_mixin.py:120} INFO - [2023-07-04T14:08:53.288+0000] {dag.py:3340} INFO - Setting next_dagrun for user_processing to 2023-07-03T00:00:00+00:00, run_after=2023-07-04T00:00:00+00:00
[2023-07-04T14:08:53.302+0000] {processor.py:176} INFO - Processing /opt/airflow/dags/user_processing.py took 0.067 seconds
[2023-07-04T14:09:23.359+0000] {processor.py:154} INFO - Started process (PID=912) to work on /opt/airflow/dags/user_processing.py
[2023-07-04T14:09:23.362+0000] {processor.py:756} INFO - Processing file /opt/airflow/dags/user_processing.py for tasks to queue
[2023-07-04T14:09:23.363+0000] {logging_mixin.py:120} INFO - [2023-07-04T14:09:23.363+0000] {dagbag.py:537} INFO - Filling up the DagBag from /opt/airflow/dags/user_processing.py
[2023-07-04T14:09:23.371+0000] {processor.py:766} INFO - DAG(s) dict_keys(['user_processing']) retrieved from /opt/airflow/dags/user_processing.py
[2023-07-04T14:09:23.392+0000] {logging_mixin.py:120} INFO - [2023-07-04T14:09:23.392+0000] {dag.py:2585} INFO - Sync 1 DAGs
[2023-07-04T14:09:23.412+0000] {logging_mixin.py:120} INFO - [2023-07-04T14:09:23.412+0000] {dag.py:3340} INFO - Setting next_dagrun for user_processing to 2023-07-03T00:00:00+00:00, run_after=2023-07-04T00:00:00+00:00
[2023-07-04T14:09:23.424+0000] {processor.py:176} INFO - Processing /opt/airflow/dags/user_processing.py took 0.068 seconds
[2023-07-04T14:09:53.624+0000] {processor.py:154} INFO - Started process (PID=976) to work on /opt/airflow/dags/user_processing.py
[2023-07-04T14:09:53.627+0000] {processor.py:756} INFO - Processing file /opt/airflow/dags/user_processing.py for tasks to queue
[2023-07-04T14:09:53.628+0000] {logging_mixin.py:120} INFO - [2023-07-04T14:09:53.628+0000] {dagbag.py:537} INFO - Filling up the DagBag from /opt/airflow/dags/user_processing.py
[2023-07-04T14:09:53.635+0000] {processor.py:766} INFO - DAG(s) dict_keys(['user_processing']) retrieved from /opt/airflow/dags/user_processing.py
[2023-07-04T14:09:53.656+0000] {logging_mixin.py:120} INFO - [2023-07-04T14:09:53.656+0000] {dag.py:2585} INFO - Sync 1 DAGs
[2023-07-04T14:09:53.670+0000] {logging_mixin.py:120} INFO - [2023-07-04T14:09:53.670+0000] {dag.py:3340} INFO - Setting next_dagrun for user_processing to 2023-07-03T00:00:00+00:00, run_after=2023-07-04T00:00:00+00:00
[2023-07-04T14:09:53.682+0000] {processor.py:176} INFO - Processing /opt/airflow/dags/user_processing.py took 0.060 seconds
[2023-07-04T14:10:24.563+0000] {processor.py:154} INFO - Started process (PID=1040) to work on /opt/airflow/dags/user_processing.py
[2023-07-04T14:10:24.564+0000] {processor.py:756} INFO - Processing file /opt/airflow/dags/user_processing.py for tasks to queue
[2023-07-04T14:10:24.565+0000] {logging_mixin.py:120} INFO - [2023-07-04T14:10:24.564+0000] {dagbag.py:537} INFO - Filling up the DagBag from /opt/airflow/dags/user_processing.py
[2023-07-04T14:10:24.573+0000] {processor.py:766} INFO - DAG(s) dict_keys(['user_processing']) retrieved from /opt/airflow/dags/user_processing.py
[2023-07-04T14:10:24.597+0000] {logging_mixin.py:120} INFO - [2023-07-04T14:10:24.597+0000] {dag.py:2585} INFO - Sync 1 DAGs
[2023-07-04T14:10:24.614+0000] {logging_mixin.py:120} INFO - [2023-07-04T14:10:24.614+0000] {dag.py:3340} INFO - Setting next_dagrun for user_processing to 2023-07-03T00:00:00+00:00, run_after=2023-07-04T00:00:00+00:00
[2023-07-04T14:10:24.626+0000] {processor.py:176} INFO - Processing /opt/airflow/dags/user_processing.py took 0.064 seconds
[2023-07-04T14:10:55.634+0000] {processor.py:154} INFO - Started process (PID=1104) to work on /opt/airflow/dags/user_processing.py
[2023-07-04T14:10:55.635+0000] {processor.py:756} INFO - Processing file /opt/airflow/dags/user_processing.py for tasks to queue
[2023-07-04T14:10:55.635+0000] {logging_mixin.py:120} INFO - [2023-07-04T14:10:55.635+0000] {dagbag.py:537} INFO - Filling up the DagBag from /opt/airflow/dags/user_processing.py
[2023-07-04T14:10:55.645+0000] {processor.py:766} INFO - DAG(s) dict_keys(['user_processing']) retrieved from /opt/airflow/dags/user_processing.py
[2023-07-04T14:10:55.666+0000] {logging_mixin.py:120} INFO - [2023-07-04T14:10:55.666+0000] {dag.py:2585} INFO - Sync 1 DAGs
[2023-07-04T14:10:55.683+0000] {logging_mixin.py:120} INFO - [2023-07-04T14:10:55.683+0000] {dag.py:3340} INFO - Setting next_dagrun for user_processing to 2023-07-03T00:00:00+00:00, run_after=2023-07-04T00:00:00+00:00
[2023-07-04T14:10:55.693+0000] {processor.py:176} INFO - Processing /opt/airflow/dags/user_processing.py took 0.060 seconds
[2023-07-04T14:11:26.600+0000] {processor.py:154} INFO - Started process (PID=1168) to work on /opt/airflow/dags/user_processing.py
[2023-07-04T14:11:26.600+0000] {processor.py:756} INFO - Processing file /opt/airflow/dags/user_processing.py for tasks to queue
[2023-07-04T14:11:26.601+0000] {logging_mixin.py:120} INFO - [2023-07-04T14:11:26.601+0000] {dagbag.py:537} INFO - Filling up the DagBag from /opt/airflow/dags/user_processing.py
[2023-07-04T14:11:26.610+0000] {processor.py:766} INFO - DAG(s) dict_keys(['user_processing']) retrieved from /opt/airflow/dags/user_processing.py
[2023-07-04T14:11:26.633+0000] {logging_mixin.py:120} INFO - [2023-07-04T14:11:26.632+0000] {dag.py:2585} INFO - Sync 1 DAGs
[2023-07-04T14:11:26.650+0000] {logging_mixin.py:120} INFO - [2023-07-04T14:11:26.650+0000] {dag.py:3340} INFO - Setting next_dagrun for user_processing to 2023-07-03T00:00:00+00:00, run_after=2023-07-04T00:00:00+00:00
[2023-07-04T14:11:26.662+0000] {processor.py:176} INFO - Processing /opt/airflow/dags/user_processing.py took 0.063 seconds
[2023-07-04T14:11:57.584+0000] {processor.py:154} INFO - Started process (PID=1232) to work on /opt/airflow/dags/user_processing.py
[2023-07-04T14:11:57.585+0000] {processor.py:756} INFO - Processing file /opt/airflow/dags/user_processing.py for tasks to queue
[2023-07-04T14:11:57.586+0000] {logging_mixin.py:120} INFO - [2023-07-04T14:11:57.586+0000] {dagbag.py:537} INFO - Filling up the DagBag from /opt/airflow/dags/user_processing.py
[2023-07-04T14:11:57.598+0000] {processor.py:766} INFO - DAG(s) dict_keys(['user_processing']) retrieved from /opt/airflow/dags/user_processing.py
[2023-07-04T14:11:57.623+0000] {logging_mixin.py:120} INFO - [2023-07-04T14:11:57.623+0000] {dag.py:2585} INFO - Sync 1 DAGs
[2023-07-04T14:11:57.641+0000] {logging_mixin.py:120} INFO - [2023-07-04T14:11:57.641+0000] {dag.py:3340} INFO - Setting next_dagrun for user_processing to 2023-07-03T00:00:00+00:00, run_after=2023-07-04T00:00:00+00:00
[2023-07-04T14:11:57.653+0000] {processor.py:176} INFO - Processing /opt/airflow/dags/user_processing.py took 0.070 seconds
[2023-07-04T14:12:27.684+0000] {processor.py:154} INFO - Started process (PID=1287) to work on /opt/airflow/dags/user_processing.py
[2023-07-04T14:12:27.685+0000] {processor.py:756} INFO - Processing file /opt/airflow/dags/user_processing.py for tasks to queue
[2023-07-04T14:12:27.685+0000] {logging_mixin.py:120} INFO - [2023-07-04T14:12:27.685+0000] {dagbag.py:537} INFO - Filling up the DagBag from /opt/airflow/dags/user_processing.py
[2023-07-04T14:12:27.694+0000] {processor.py:766} INFO - DAG(s) dict_keys(['user_processing']) retrieved from /opt/airflow/dags/user_processing.py
[2023-07-04T14:12:27.717+0000] {logging_mixin.py:120} INFO - [2023-07-04T14:12:27.717+0000] {dag.py:2585} INFO - Sync 1 DAGs
[2023-07-04T14:12:27.736+0000] {logging_mixin.py:120} INFO - [2023-07-04T14:12:27.735+0000] {dag.py:3340} INFO - Setting next_dagrun for user_processing to 2023-07-03T00:00:00+00:00, run_after=2023-07-04T00:00:00+00:00
[2023-07-04T14:12:27.749+0000] {processor.py:176} INFO - Processing /opt/airflow/dags/user_processing.py took 0.067 seconds
[2023-07-04T14:12:57.808+0000] {processor.py:154} INFO - Started process (PID=1350) to work on /opt/airflow/dags/user_processing.py
[2023-07-04T14:12:57.811+0000] {processor.py:756} INFO - Processing file /opt/airflow/dags/user_processing.py for tasks to queue
[2023-07-04T14:12:57.813+0000] {logging_mixin.py:120} INFO - [2023-07-04T14:12:57.812+0000] {dagbag.py:537} INFO - Filling up the DagBag from /opt/airflow/dags/user_processing.py
[2023-07-04T14:12:57.822+0000] {processor.py:766} INFO - DAG(s) dict_keys(['user_processing']) retrieved from /opt/airflow/dags/user_processing.py
[2023-07-04T14:12:57.857+0000] {logging_mixin.py:120} INFO - [2023-07-04T14:12:57.857+0000] {dag.py:2585} INFO - Sync 1 DAGs
[2023-07-04T14:12:57.883+0000] {logging_mixin.py:120} INFO - [2023-07-04T14:12:57.882+0000] {dag.py:3340} INFO - Setting next_dagrun for user_processing to 2023-07-03T00:00:00+00:00, run_after=2023-07-04T00:00:00+00:00
[2023-07-04T14:12:57.896+0000] {processor.py:176} INFO - Processing /opt/airflow/dags/user_processing.py took 0.091 seconds
[2023-07-04T14:13:27.953+0000] {processor.py:154} INFO - Started process (PID=1414) to work on /opt/airflow/dags/user_processing.py
[2023-07-04T14:13:27.955+0000] {processor.py:756} INFO - Processing file /opt/airflow/dags/user_processing.py for tasks to queue
[2023-07-04T14:13:27.955+0000] {logging_mixin.py:120} INFO - [2023-07-04T14:13:27.955+0000] {dagbag.py:537} INFO - Filling up the DagBag from /opt/airflow/dags/user_processing.py
[2023-07-04T14:13:27.964+0000] {processor.py:766} INFO - DAG(s) dict_keys(['user_processing']) retrieved from /opt/airflow/dags/user_processing.py
[2023-07-04T14:13:27.987+0000] {logging_mixin.py:120} INFO - [2023-07-04T14:13:27.987+0000] {dag.py:2585} INFO - Sync 1 DAGs
[2023-07-04T14:13:28.005+0000] {logging_mixin.py:120} INFO - [2023-07-04T14:13:28.005+0000] {dag.py:3340} INFO - Setting next_dagrun for user_processing to 2023-07-03T00:00:00+00:00, run_after=2023-07-04T00:00:00+00:00
[2023-07-04T14:13:28.019+0000] {processor.py:176} INFO - Processing /opt/airflow/dags/user_processing.py took 0.067 seconds
[2023-07-04T14:13:58.779+0000] {processor.py:154} INFO - Started process (PID=1478) to work on /opt/airflow/dags/user_processing.py
[2023-07-04T14:13:58.780+0000] {processor.py:756} INFO - Processing file /opt/airflow/dags/user_processing.py for tasks to queue
[2023-07-04T14:13:58.781+0000] {logging_mixin.py:120} INFO - [2023-07-04T14:13:58.781+0000] {dagbag.py:537} INFO - Filling up the DagBag from /opt/airflow/dags/user_processing.py
[2023-07-04T14:13:58.792+0000] {processor.py:766} INFO - DAG(s) dict_keys(['user_processing']) retrieved from /opt/airflow/dags/user_processing.py
[2023-07-04T14:13:58.835+0000] {logging_mixin.py:120} INFO - [2023-07-04T14:13:58.835+0000] {dag.py:2585} INFO - Sync 1 DAGs
[2023-07-04T14:13:58.856+0000] {logging_mixin.py:120} INFO - [2023-07-04T14:13:58.856+0000] {dag.py:3340} INFO - Setting next_dagrun for user_processing to 2023-07-03T00:00:00+00:00, run_after=2023-07-04T00:00:00+00:00
[2023-07-04T14:13:58.871+0000] {processor.py:176} INFO - Processing /opt/airflow/dags/user_processing.py took 0.097 seconds
[2023-07-04T14:14:29.737+0000] {processor.py:154} INFO - Started process (PID=1542) to work on /opt/airflow/dags/user_processing.py
[2023-07-04T14:14:29.738+0000] {processor.py:756} INFO - Processing file /opt/airflow/dags/user_processing.py for tasks to queue
[2023-07-04T14:14:29.738+0000] {logging_mixin.py:120} INFO - [2023-07-04T14:14:29.738+0000] {dagbag.py:537} INFO - Filling up the DagBag from /opt/airflow/dags/user_processing.py
[2023-07-04T14:14:29.752+0000] {processor.py:766} INFO - DAG(s) dict_keys(['user_processing']) retrieved from /opt/airflow/dags/user_processing.py
[2023-07-04T14:14:29.780+0000] {logging_mixin.py:120} INFO - [2023-07-04T14:14:29.780+0000] {dag.py:2585} INFO - Sync 1 DAGs
[2023-07-04T14:14:29.801+0000] {logging_mixin.py:120} INFO - [2023-07-04T14:14:29.801+0000] {dag.py:3340} INFO - Setting next_dagrun for user_processing to 2023-07-03T00:00:00+00:00, run_after=2023-07-04T00:00:00+00:00
[2023-07-04T14:14:29.814+0000] {processor.py:176} INFO - Processing /opt/airflow/dags/user_processing.py took 0.079 seconds
[2023-07-04T14:15:00.637+0000] {processor.py:154} INFO - Started process (PID=1596) to work on /opt/airflow/dags/user_processing.py
[2023-07-04T14:15:00.638+0000] {processor.py:756} INFO - Processing file /opt/airflow/dags/user_processing.py for tasks to queue
[2023-07-04T14:15:00.639+0000] {logging_mixin.py:120} INFO - [2023-07-04T14:15:00.638+0000] {dagbag.py:537} INFO - Filling up the DagBag from /opt/airflow/dags/user_processing.py
[2023-07-04T14:15:00.651+0000] {processor.py:766} INFO - DAG(s) dict_keys(['user_processing']) retrieved from /opt/airflow/dags/user_processing.py
[2023-07-04T14:15:00.687+0000] {logging_mixin.py:120} INFO - [2023-07-04T14:15:00.687+0000] {dag.py:2585} INFO - Sync 1 DAGs
[2023-07-04T14:15:00.706+0000] {logging_mixin.py:120} INFO - [2023-07-04T14:15:00.706+0000] {dag.py:3340} INFO - Setting next_dagrun for user_processing to 2023-07-03T00:00:00+00:00, run_after=2023-07-04T00:00:00+00:00
[2023-07-04T14:15:00.719+0000] {processor.py:176} INFO - Processing /opt/airflow/dags/user_processing.py took 0.085 seconds
[2023-07-04T14:15:31.488+0000] {processor.py:154} INFO - Started process (PID=1660) to work on /opt/airflow/dags/user_processing.py
[2023-07-04T14:15:31.488+0000] {processor.py:756} INFO - Processing file /opt/airflow/dags/user_processing.py for tasks to queue
[2023-07-04T14:15:31.489+0000] {logging_mixin.py:120} INFO - [2023-07-04T14:15:31.489+0000] {dagbag.py:537} INFO - Filling up the DagBag from /opt/airflow/dags/user_processing.py
[2023-07-04T14:15:31.498+0000] {processor.py:766} INFO - DAG(s) dict_keys(['user_processing']) retrieved from /opt/airflow/dags/user_processing.py
[2023-07-04T14:15:31.523+0000] {logging_mixin.py:120} INFO - [2023-07-04T14:15:31.523+0000] {dag.py:2585} INFO - Sync 1 DAGs
[2023-07-04T14:15:31.542+0000] {logging_mixin.py:120} INFO - [2023-07-04T14:15:31.541+0000] {dag.py:3340} INFO - Setting next_dagrun for user_processing to 2023-07-03T00:00:00+00:00, run_after=2023-07-04T00:00:00+00:00
[2023-07-04T14:15:31.555+0000] {processor.py:176} INFO - Processing /opt/airflow/dags/user_processing.py took 0.069 seconds
[2023-07-04T14:16:02.422+0000] {processor.py:154} INFO - Started process (PID=1724) to work on /opt/airflow/dags/user_processing.py
[2023-07-04T14:16:02.422+0000] {processor.py:756} INFO - Processing file /opt/airflow/dags/user_processing.py for tasks to queue
[2023-07-04T14:16:02.423+0000] {logging_mixin.py:120} INFO - [2023-07-04T14:16:02.423+0000] {dagbag.py:537} INFO - Filling up the DagBag from /opt/airflow/dags/user_processing.py
[2023-07-04T14:16:02.432+0000] {processor.py:766} INFO - DAG(s) dict_keys(['user_processing']) retrieved from /opt/airflow/dags/user_processing.py
[2023-07-04T14:16:02.454+0000] {logging_mixin.py:120} INFO - [2023-07-04T14:16:02.454+0000] {dag.py:2585} INFO - Sync 1 DAGs
[2023-07-04T14:16:02.470+0000] {logging_mixin.py:120} INFO - [2023-07-04T14:16:02.470+0000] {dag.py:3340} INFO - Setting next_dagrun for user_processing to 2023-07-03T00:00:00+00:00, run_after=2023-07-04T00:00:00+00:00
[2023-07-04T14:16:02.480+0000] {processor.py:176} INFO - Processing /opt/airflow/dags/user_processing.py took 0.062 seconds
[2023-07-04T14:16:33.217+0000] {processor.py:154} INFO - Started process (PID=1787) to work on /opt/airflow/dags/user_processing.py
[2023-07-04T14:16:33.218+0000] {processor.py:756} INFO - Processing file /opt/airflow/dags/user_processing.py for tasks to queue
[2023-07-04T14:16:33.218+0000] {logging_mixin.py:120} INFO - [2023-07-04T14:16:33.218+0000] {dagbag.py:537} INFO - Filling up the DagBag from /opt/airflow/dags/user_processing.py
[2023-07-04T14:16:33.227+0000] {processor.py:766} INFO - DAG(s) dict_keys(['user_processing']) retrieved from /opt/airflow/dags/user_processing.py
[2023-07-04T14:16:33.249+0000] {logging_mixin.py:120} INFO - [2023-07-04T14:16:33.249+0000] {dag.py:2585} INFO - Sync 1 DAGs
[2023-07-04T14:16:33.264+0000] {logging_mixin.py:120} INFO - [2023-07-04T14:16:33.264+0000] {dag.py:3340} INFO - Setting next_dagrun for user_processing to 2023-07-03T00:00:00+00:00, run_after=2023-07-04T00:00:00+00:00
[2023-07-04T14:16:33.276+0000] {processor.py:176} INFO - Processing /opt/airflow/dags/user_processing.py took 0.061 seconds
[2023-07-04T14:17:03.992+0000] {processor.py:154} INFO - Started process (PID=1851) to work on /opt/airflow/dags/user_processing.py
[2023-07-04T14:17:03.993+0000] {processor.py:756} INFO - Processing file /opt/airflow/dags/user_processing.py for tasks to queue
[2023-07-04T14:17:03.993+0000] {logging_mixin.py:120} INFO - [2023-07-04T14:17:03.993+0000] {dagbag.py:537} INFO - Filling up the DagBag from /opt/airflow/dags/user_processing.py
[2023-07-04T14:17:04.002+0000] {processor.py:766} INFO - DAG(s) dict_keys(['user_processing']) retrieved from /opt/airflow/dags/user_processing.py
[2023-07-04T14:17:04.023+0000] {logging_mixin.py:120} INFO - [2023-07-04T14:17:04.023+0000] {dag.py:2585} INFO - Sync 1 DAGs
[2023-07-04T14:17:04.039+0000] {logging_mixin.py:120} INFO - [2023-07-04T14:17:04.039+0000] {dag.py:3340} INFO - Setting next_dagrun for user_processing to 2023-07-03T00:00:00+00:00, run_after=2023-07-04T00:00:00+00:00
[2023-07-04T14:17:04.051+0000] {processor.py:176} INFO - Processing /opt/airflow/dags/user_processing.py took 0.061 seconds
[2023-07-04T14:17:34.811+0000] {processor.py:154} INFO - Started process (PID=1915) to work on /opt/airflow/dags/user_processing.py
[2023-07-04T14:17:34.812+0000] {processor.py:756} INFO - Processing file /opt/airflow/dags/user_processing.py for tasks to queue
[2023-07-04T14:17:34.812+0000] {logging_mixin.py:120} INFO - [2023-07-04T14:17:34.812+0000] {dagbag.py:537} INFO - Filling up the DagBag from /opt/airflow/dags/user_processing.py
[2023-07-04T14:17:34.824+0000] {processor.py:766} INFO - DAG(s) dict_keys(['user_processing']) retrieved from /opt/airflow/dags/user_processing.py
[2023-07-04T14:17:34.855+0000] {logging_mixin.py:120} INFO - [2023-07-04T14:17:34.855+0000] {dag.py:2585} INFO - Sync 1 DAGs
[2023-07-04T14:17:34.874+0000] {logging_mixin.py:120} INFO - [2023-07-04T14:17:34.874+0000] {dag.py:3340} INFO - Setting next_dagrun for user_processing to 2023-07-03T00:00:00+00:00, run_after=2023-07-04T00:00:00+00:00
[2023-07-04T14:17:34.886+0000] {processor.py:176} INFO - Processing /opt/airflow/dags/user_processing.py took 0.077 seconds
[2023-07-04T14:18:05.632+0000] {processor.py:154} INFO - Started process (PID=1970) to work on /opt/airflow/dags/user_processing.py
[2023-07-04T14:18:05.633+0000] {processor.py:756} INFO - Processing file /opt/airflow/dags/user_processing.py for tasks to queue
[2023-07-04T14:18:05.637+0000] {logging_mixin.py:120} INFO - [2023-07-04T14:18:05.637+0000] {dagbag.py:537} INFO - Filling up the DagBag from /opt/airflow/dags/user_processing.py
[2023-07-04T14:18:05.648+0000] {processor.py:766} INFO - DAG(s) dict_keys(['user_processing']) retrieved from /opt/airflow/dags/user_processing.py
[2023-07-04T14:18:05.680+0000] {logging_mixin.py:120} INFO - [2023-07-04T14:18:05.680+0000] {dag.py:2585} INFO - Sync 1 DAGs
[2023-07-04T14:18:05.701+0000] {logging_mixin.py:120} INFO - [2023-07-04T14:18:05.701+0000] {dag.py:3340} INFO - Setting next_dagrun for user_processing to 2023-07-03T00:00:00+00:00, run_after=2023-07-04T00:00:00+00:00
[2023-07-04T14:18:05.717+0000] {processor.py:176} INFO - Processing /opt/airflow/dags/user_processing.py took 0.088 seconds
[2023-07-04T14:18:36.504+0000] {processor.py:154} INFO - Started process (PID=2034) to work on /opt/airflow/dags/user_processing.py
[2023-07-04T14:18:36.505+0000] {processor.py:756} INFO - Processing file /opt/airflow/dags/user_processing.py for tasks to queue
[2023-07-04T14:18:36.505+0000] {logging_mixin.py:120} INFO - [2023-07-04T14:18:36.505+0000] {dagbag.py:537} INFO - Filling up the DagBag from /opt/airflow/dags/user_processing.py
[2023-07-04T14:18:36.515+0000] {processor.py:766} INFO - DAG(s) dict_keys(['user_processing']) retrieved from /opt/airflow/dags/user_processing.py
[2023-07-04T14:18:36.541+0000] {logging_mixin.py:120} INFO - [2023-07-04T14:18:36.540+0000] {dag.py:2585} INFO - Sync 1 DAGs
[2023-07-04T14:18:36.556+0000] {logging_mixin.py:120} INFO - [2023-07-04T14:18:36.556+0000] {dag.py:3340} INFO - Setting next_dagrun for user_processing to 2023-07-03T00:00:00+00:00, run_after=2023-07-04T00:00:00+00:00
[2023-07-04T14:18:36.568+0000] {processor.py:176} INFO - Processing /opt/airflow/dags/user_processing.py took 0.067 seconds
[2023-07-04T14:19:01.233+0000] {processor.py:154} INFO - Started process (PID=2098) to work on /opt/airflow/dags/user_processing.py
[2023-07-04T14:19:01.236+0000] {processor.py:756} INFO - Processing file /opt/airflow/dags/user_processing.py for tasks to queue
[2023-07-04T14:19:01.237+0000] {logging_mixin.py:120} INFO - [2023-07-04T14:19:01.237+0000] {dagbag.py:537} INFO - Filling up the DagBag from /opt/airflow/dags/user_processing.py
[2023-07-04T14:19:01.289+0000] {processor.py:766} INFO - DAG(s) dict_keys(['user_processing']) retrieved from /opt/airflow/dags/user_processing.py
[2023-07-04T14:19:01.342+0000] {logging_mixin.py:120} INFO - [2023-07-04T14:19:01.342+0000] {dag.py:2585} INFO - Sync 1 DAGs
[2023-07-04T14:19:01.359+0000] {logging_mixin.py:120} INFO - [2023-07-04T14:19:01.359+0000] {dag.py:3340} INFO - Setting next_dagrun for user_processing to 2023-07-03T00:00:00+00:00, run_after=2023-07-04T00:00:00+00:00
[2023-07-04T14:19:01.373+0000] {processor.py:176} INFO - Processing /opt/airflow/dags/user_processing.py took 0.142 seconds
[2023-07-04T14:19:32.035+0000] {processor.py:154} INFO - Started process (PID=2153) to work on /opt/airflow/dags/user_processing.py
[2023-07-04T14:19:32.036+0000] {processor.py:756} INFO - Processing file /opt/airflow/dags/user_processing.py for tasks to queue
[2023-07-04T14:19:32.037+0000] {logging_mixin.py:120} INFO - [2023-07-04T14:19:32.036+0000] {dagbag.py:537} INFO - Filling up the DagBag from /opt/airflow/dags/user_processing.py
[2023-07-04T14:19:32.076+0000] {processor.py:766} INFO - DAG(s) dict_keys(['user_processing']) retrieved from /opt/airflow/dags/user_processing.py
[2023-07-04T14:19:32.099+0000] {logging_mixin.py:120} INFO - [2023-07-04T14:19:32.099+0000] {dag.py:2585} INFO - Sync 1 DAGs
[2023-07-04T14:19:32.116+0000] {logging_mixin.py:120} INFO - [2023-07-04T14:19:32.116+0000] {dag.py:3340} INFO - Setting next_dagrun for user_processing to 2023-07-03T00:00:00+00:00, run_after=2023-07-04T00:00:00+00:00
[2023-07-04T14:19:32.126+0000] {processor.py:176} INFO - Processing /opt/airflow/dags/user_processing.py took 0.092 seconds
[2023-07-04T14:20:02.954+0000] {processor.py:154} INFO - Started process (PID=2217) to work on /opt/airflow/dags/user_processing.py
[2023-07-04T14:20:02.958+0000] {processor.py:756} INFO - Processing file /opt/airflow/dags/user_processing.py for tasks to queue
[2023-07-04T14:20:02.959+0000] {logging_mixin.py:120} INFO - [2023-07-04T14:20:02.959+0000] {dagbag.py:537} INFO - Filling up the DagBag from /opt/airflow/dags/user_processing.py
[2023-07-04T14:20:03.000+0000] {processor.py:766} INFO - DAG(s) dict_keys(['user_processing']) retrieved from /opt/airflow/dags/user_processing.py
[2023-07-04T14:20:03.023+0000] {logging_mixin.py:120} INFO - [2023-07-04T14:20:03.022+0000] {dag.py:2585} INFO - Sync 1 DAGs
[2023-07-04T14:20:03.039+0000] {logging_mixin.py:120} INFO - [2023-07-04T14:20:03.039+0000] {dag.py:3340} INFO - Setting next_dagrun for user_processing to 2023-07-03T00:00:00+00:00, run_after=2023-07-04T00:00:00+00:00
[2023-07-04T14:20:03.050+0000] {processor.py:176} INFO - Processing /opt/airflow/dags/user_processing.py took 0.100 seconds
[2023-07-04T14:20:33.838+0000] {processor.py:154} INFO - Started process (PID=2281) to work on /opt/airflow/dags/user_processing.py
[2023-07-04T14:20:33.838+0000] {processor.py:756} INFO - Processing file /opt/airflow/dags/user_processing.py for tasks to queue
[2023-07-04T14:20:33.839+0000] {logging_mixin.py:120} INFO - [2023-07-04T14:20:33.839+0000] {dagbag.py:537} INFO - Filling up the DagBag from /opt/airflow/dags/user_processing.py
[2023-07-04T14:20:33.874+0000] {processor.py:766} INFO - DAG(s) dict_keys(['user_processing']) retrieved from /opt/airflow/dags/user_processing.py
[2023-07-04T14:20:33.895+0000] {logging_mixin.py:120} INFO - [2023-07-04T14:20:33.895+0000] {dag.py:2585} INFO - Sync 1 DAGs
[2023-07-04T14:20:33.910+0000] {logging_mixin.py:120} INFO - [2023-07-04T14:20:33.909+0000] {dag.py:3340} INFO - Setting next_dagrun for user_processing to 2023-07-03T00:00:00+00:00, run_after=2023-07-04T00:00:00+00:00
[2023-07-04T14:20:33.920+0000] {processor.py:176} INFO - Processing /opt/airflow/dags/user_processing.py took 0.084 seconds
[2023-07-04T14:21:04.705+0000] {processor.py:154} INFO - Started process (PID=2345) to work on /opt/airflow/dags/user_processing.py
[2023-07-04T14:21:04.707+0000] {processor.py:756} INFO - Processing file /opt/airflow/dags/user_processing.py for tasks to queue
[2023-07-04T14:21:04.708+0000] {logging_mixin.py:120} INFO - [2023-07-04T14:21:04.707+0000] {dagbag.py:537} INFO - Filling up the DagBag from /opt/airflow/dags/user_processing.py
[2023-07-04T14:21:04.748+0000] {processor.py:766} INFO - DAG(s) dict_keys(['user_processing']) retrieved from /opt/airflow/dags/user_processing.py
[2023-07-04T14:21:04.769+0000] {logging_mixin.py:120} INFO - [2023-07-04T14:21:04.769+0000] {dag.py:2585} INFO - Sync 1 DAGs
[2023-07-04T14:21:04.782+0000] {logging_mixin.py:120} INFO - [2023-07-04T14:21:04.782+0000] {dag.py:3340} INFO - Setting next_dagrun for user_processing to 2023-07-03T00:00:00+00:00, run_after=2023-07-04T00:00:00+00:00
[2023-07-04T14:21:04.794+0000] {processor.py:176} INFO - Processing /opt/airflow/dags/user_processing.py took 0.091 seconds
[2023-07-04T14:21:35.519+0000] {processor.py:154} INFO - Started process (PID=2409) to work on /opt/airflow/dags/user_processing.py
[2023-07-04T14:21:35.520+0000] {processor.py:756} INFO - Processing file /opt/airflow/dags/user_processing.py for tasks to queue
[2023-07-04T14:21:35.520+0000] {logging_mixin.py:120} INFO - [2023-07-04T14:21:35.520+0000] {dagbag.py:537} INFO - Filling up the DagBag from /opt/airflow/dags/user_processing.py
[2023-07-04T14:21:35.558+0000] {processor.py:766} INFO - DAG(s) dict_keys(['user_processing']) retrieved from /opt/airflow/dags/user_processing.py
[2023-07-04T14:21:35.582+0000] {logging_mixin.py:120} INFO - [2023-07-04T14:21:35.582+0000] {dag.py:2585} INFO - Sync 1 DAGs
[2023-07-04T14:21:35.599+0000] {logging_mixin.py:120} INFO - [2023-07-04T14:21:35.599+0000] {dag.py:3340} INFO - Setting next_dagrun for user_processing to 2023-07-03T00:00:00+00:00, run_after=2023-07-04T00:00:00+00:00
[2023-07-04T14:21:35.611+0000] {processor.py:176} INFO - Processing /opt/airflow/dags/user_processing.py took 0.093 seconds
[2023-07-04T14:22:06.307+0000] {processor.py:154} INFO - Started process (PID=2473) to work on /opt/airflow/dags/user_processing.py
[2023-07-04T14:22:06.307+0000] {processor.py:756} INFO - Processing file /opt/airflow/dags/user_processing.py for tasks to queue
[2023-07-04T14:22:06.308+0000] {logging_mixin.py:120} INFO - [2023-07-04T14:22:06.308+0000] {dagbag.py:537} INFO - Filling up the DagBag from /opt/airflow/dags/user_processing.py
[2023-07-04T14:22:06.349+0000] {processor.py:766} INFO - DAG(s) dict_keys(['user_processing']) retrieved from /opt/airflow/dags/user_processing.py
[2023-07-04T14:22:06.373+0000] {logging_mixin.py:120} INFO - [2023-07-04T14:22:06.373+0000] {dag.py:2585} INFO - Sync 1 DAGs
[2023-07-04T14:22:06.391+0000] {logging_mixin.py:120} INFO - [2023-07-04T14:22:06.391+0000] {dag.py:3340} INFO - Setting next_dagrun for user_processing to 2023-07-03T00:00:00+00:00, run_after=2023-07-04T00:00:00+00:00
[2023-07-04T14:22:06.403+0000] {processor.py:176} INFO - Processing /opt/airflow/dags/user_processing.py took 0.098 seconds
[2023-07-04T14:22:37.067+0000] {processor.py:154} INFO - Started process (PID=2528) to work on /opt/airflow/dags/user_processing.py
[2023-07-04T14:22:37.067+0000] {processor.py:756} INFO - Processing file /opt/airflow/dags/user_processing.py for tasks to queue
[2023-07-04T14:22:37.067+0000] {logging_mixin.py:120} INFO - [2023-07-04T14:22:37.067+0000] {dagbag.py:537} INFO - Filling up the DagBag from /opt/airflow/dags/user_processing.py
[2023-07-04T14:22:37.105+0000] {processor.py:766} INFO - DAG(s) dict_keys(['user_processing']) retrieved from /opt/airflow/dags/user_processing.py
[2023-07-04T14:22:37.128+0000] {logging_mixin.py:120} INFO - [2023-07-04T14:22:37.128+0000] {dag.py:2585} INFO - Sync 1 DAGs
[2023-07-04T14:22:37.144+0000] {logging_mixin.py:120} INFO - [2023-07-04T14:22:37.144+0000] {dag.py:3340} INFO - Setting next_dagrun for user_processing to 2023-07-03T00:00:00+00:00, run_after=2023-07-04T00:00:00+00:00
[2023-07-04T14:22:37.156+0000] {processor.py:176} INFO - Processing /opt/airflow/dags/user_processing.py took 0.091 seconds
[2023-07-04T14:23:07.896+0000] {processor.py:154} INFO - Started process (PID=2601) to work on /opt/airflow/dags/user_processing.py
[2023-07-04T14:23:07.899+0000] {processor.py:756} INFO - Processing file /opt/airflow/dags/user_processing.py for tasks to queue
[2023-07-04T14:23:07.900+0000] {logging_mixin.py:120} INFO - [2023-07-04T14:23:07.900+0000] {dagbag.py:537} INFO - Filling up the DagBag from /opt/airflow/dags/user_processing.py
[2023-07-04T14:23:07.937+0000] {processor.py:766} INFO - DAG(s) dict_keys(['user_processing']) retrieved from /opt/airflow/dags/user_processing.py
[2023-07-04T14:23:07.960+0000] {logging_mixin.py:120} INFO - [2023-07-04T14:23:07.960+0000] {dag.py:2585} INFO - Sync 1 DAGs
[2023-07-04T14:23:07.975+0000] {logging_mixin.py:120} INFO - [2023-07-04T14:23:07.975+0000] {dag.py:3340} INFO - Setting next_dagrun for user_processing to 2023-07-03T00:00:00+00:00, run_after=2023-07-04T00:00:00+00:00
[2023-07-04T14:23:07.987+0000] {processor.py:176} INFO - Processing /opt/airflow/dags/user_processing.py took 0.095 seconds
[2023-07-04T14:23:38.844+0000] {processor.py:154} INFO - Started process (PID=2665) to work on /opt/airflow/dags/user_processing.py
[2023-07-04T14:23:38.845+0000] {processor.py:756} INFO - Processing file /opt/airflow/dags/user_processing.py for tasks to queue
[2023-07-04T14:23:38.846+0000] {logging_mixin.py:120} INFO - [2023-07-04T14:23:38.846+0000] {dagbag.py:537} INFO - Filling up the DagBag from /opt/airflow/dags/user_processing.py
[2023-07-04T14:23:38.880+0000] {processor.py:766} INFO - DAG(s) dict_keys(['user_processing']) retrieved from /opt/airflow/dags/user_processing.py
[2023-07-04T14:23:38.901+0000] {logging_mixin.py:120} INFO - [2023-07-04T14:23:38.901+0000] {dag.py:2585} INFO - Sync 1 DAGs
[2023-07-04T14:23:38.917+0000] {logging_mixin.py:120} INFO - [2023-07-04T14:23:38.917+0000] {dag.py:3340} INFO - Setting next_dagrun for user_processing to 2023-07-03T00:00:00+00:00, run_after=2023-07-04T00:00:00+00:00
[2023-07-04T14:23:38.928+0000] {processor.py:176} INFO - Processing /opt/airflow/dags/user_processing.py took 0.087 seconds
[2023-07-04T14:24:09.632+0000] {processor.py:154} INFO - Started process (PID=2729) to work on /opt/airflow/dags/user_processing.py
[2023-07-04T14:24:09.632+0000] {processor.py:756} INFO - Processing file /opt/airflow/dags/user_processing.py for tasks to queue
[2023-07-04T14:24:09.633+0000] {logging_mixin.py:120} INFO - [2023-07-04T14:24:09.633+0000] {dagbag.py:537} INFO - Filling up the DagBag from /opt/airflow/dags/user_processing.py
[2023-07-04T14:24:09.672+0000] {processor.py:766} INFO - DAG(s) dict_keys(['user_processing']) retrieved from /opt/airflow/dags/user_processing.py
[2023-07-04T14:24:09.694+0000] {logging_mixin.py:120} INFO - [2023-07-04T14:24:09.694+0000] {dag.py:2585} INFO - Sync 1 DAGs
[2023-07-04T14:24:09.711+0000] {logging_mixin.py:120} INFO - [2023-07-04T14:24:09.711+0000] {dag.py:3340} INFO - Setting next_dagrun for user_processing to 2023-07-03T00:00:00+00:00, run_after=2023-07-04T00:00:00+00:00
[2023-07-04T14:24:09.725+0000] {processor.py:176} INFO - Processing /opt/airflow/dags/user_processing.py took 0.096 seconds
[2023-07-04T14:24:40.490+0000] {processor.py:154} INFO - Started process (PID=2795) to work on /opt/airflow/dags/user_processing.py
[2023-07-04T14:24:40.491+0000] {processor.py:756} INFO - Processing file /opt/airflow/dags/user_processing.py for tasks to queue
[2023-07-04T14:24:40.491+0000] {logging_mixin.py:120} INFO - [2023-07-04T14:24:40.491+0000] {dagbag.py:537} INFO - Filling up the DagBag from /opt/airflow/dags/user_processing.py
[2023-07-04T14:24:40.527+0000] {processor.py:766} INFO - DAG(s) dict_keys(['user_processing']) retrieved from /opt/airflow/dags/user_processing.py
[2023-07-04T14:24:40.552+0000] {logging_mixin.py:120} INFO - [2023-07-04T14:24:40.552+0000] {dag.py:2585} INFO - Sync 1 DAGs
[2023-07-04T14:24:40.570+0000] {logging_mixin.py:120} INFO - [2023-07-04T14:24:40.570+0000] {dag.py:3340} INFO - Setting next_dagrun for user_processing to 2023-07-03T00:00:00+00:00, run_after=2023-07-04T00:00:00+00:00
[2023-07-04T14:24:40.579+0000] {processor.py:176} INFO - Processing /opt/airflow/dags/user_processing.py took 0.091 seconds
[2023-07-04T14:25:11.526+0000] {processor.py:154} INFO - Started process (PID=2859) to work on /opt/airflow/dags/user_processing.py
[2023-07-04T14:25:11.527+0000] {processor.py:756} INFO - Processing file /opt/airflow/dags/user_processing.py for tasks to queue
[2023-07-04T14:25:11.528+0000] {logging_mixin.py:120} INFO - [2023-07-04T14:25:11.527+0000] {dagbag.py:537} INFO - Filling up the DagBag from /opt/airflow/dags/user_processing.py
[2023-07-04T14:25:11.568+0000] {processor.py:766} INFO - DAG(s) dict_keys(['user_processing']) retrieved from /opt/airflow/dags/user_processing.py
[2023-07-04T14:25:11.591+0000] {logging_mixin.py:120} INFO - [2023-07-04T14:25:11.591+0000] {dag.py:2585} INFO - Sync 1 DAGs
[2023-07-04T14:25:11.607+0000] {logging_mixin.py:120} INFO - [2023-07-04T14:25:11.607+0000] {dag.py:3340} INFO - Setting next_dagrun for user_processing to 2023-07-03T00:00:00+00:00, run_after=2023-07-04T00:00:00+00:00
[2023-07-04T14:25:11.621+0000] {processor.py:176} INFO - Processing /opt/airflow/dags/user_processing.py took 0.097 seconds
[2023-07-04T14:25:41.657+0000] {processor.py:154} INFO - Started process (PID=2914) to work on /opt/airflow/dags/user_processing.py
[2023-07-04T14:25:41.661+0000] {processor.py:756} INFO - Processing file /opt/airflow/dags/user_processing.py for tasks to queue
[2023-07-04T14:25:41.661+0000] {logging_mixin.py:120} INFO - [2023-07-04T14:25:41.661+0000] {dagbag.py:537} INFO - Filling up the DagBag from /opt/airflow/dags/user_processing.py
[2023-07-04T14:25:41.703+0000] {processor.py:766} INFO - DAG(s) dict_keys(['user_processing']) retrieved from /opt/airflow/dags/user_processing.py
[2023-07-04T14:25:41.725+0000] {logging_mixin.py:120} INFO - [2023-07-04T14:25:41.725+0000] {dag.py:2585} INFO - Sync 1 DAGs
[2023-07-04T14:25:41.742+0000] {logging_mixin.py:120} INFO - [2023-07-04T14:25:41.742+0000] {dag.py:3340} INFO - Setting next_dagrun for user_processing to 2023-07-03T00:00:00+00:00, run_after=2023-07-04T00:00:00+00:00
[2023-07-04T14:25:41.755+0000] {processor.py:176} INFO - Processing /opt/airflow/dags/user_processing.py took 0.100 seconds
[2023-07-04T14:26:11.831+0000] {processor.py:154} INFO - Started process (PID=2978) to work on /opt/airflow/dags/user_processing.py
[2023-07-04T14:26:11.835+0000] {processor.py:756} INFO - Processing file /opt/airflow/dags/user_processing.py for tasks to queue
[2023-07-04T14:26:11.836+0000] {logging_mixin.py:120} INFO - [2023-07-04T14:26:11.836+0000] {dagbag.py:537} INFO - Filling up the DagBag from /opt/airflow/dags/user_processing.py
[2023-07-04T14:26:11.875+0000] {processor.py:766} INFO - DAG(s) dict_keys(['user_processing']) retrieved from /opt/airflow/dags/user_processing.py
[2023-07-04T14:26:11.897+0000] {logging_mixin.py:120} INFO - [2023-07-04T14:26:11.897+0000] {dag.py:2585} INFO - Sync 1 DAGs
[2023-07-04T14:26:11.914+0000] {logging_mixin.py:120} INFO - [2023-07-04T14:26:11.914+0000] {dag.py:3340} INFO - Setting next_dagrun for user_processing to 2023-07-03T00:00:00+00:00, run_after=2023-07-04T00:00:00+00:00
[2023-07-04T14:26:11.927+0000] {processor.py:176} INFO - Processing /opt/airflow/dags/user_processing.py took 0.099 seconds
[2023-07-04T14:26:41.983+0000] {processor.py:154} INFO - Started process (PID=3042) to work on /opt/airflow/dags/user_processing.py
[2023-07-04T14:26:41.983+0000] {processor.py:756} INFO - Processing file /opt/airflow/dags/user_processing.py for tasks to queue
[2023-07-04T14:26:41.984+0000] {logging_mixin.py:120} INFO - [2023-07-04T14:26:41.984+0000] {dagbag.py:537} INFO - Filling up the DagBag from /opt/airflow/dags/user_processing.py
[2023-07-04T14:26:42.022+0000] {processor.py:766} INFO - DAG(s) dict_keys(['user_processing']) retrieved from /opt/airflow/dags/user_processing.py
[2023-07-04T14:26:42.044+0000] {logging_mixin.py:120} INFO - [2023-07-04T14:26:42.044+0000] {dag.py:2585} INFO - Sync 1 DAGs
[2023-07-04T14:26:42.059+0000] {logging_mixin.py:120} INFO - [2023-07-04T14:26:42.059+0000] {dag.py:3340} INFO - Setting next_dagrun for user_processing to 2023-07-03T00:00:00+00:00, run_after=2023-07-04T00:00:00+00:00
[2023-07-04T14:26:42.070+0000] {processor.py:176} INFO - Processing /opt/airflow/dags/user_processing.py took 0.090 seconds
[2023-07-04T14:27:13.048+0000] {processor.py:154} INFO - Started process (PID=3106) to work on /opt/airflow/dags/user_processing.py
[2023-07-04T14:27:13.051+0000] {processor.py:756} INFO - Processing file /opt/airflow/dags/user_processing.py for tasks to queue
[2023-07-04T14:27:13.052+0000] {logging_mixin.py:120} INFO - [2023-07-04T14:27:13.051+0000] {dagbag.py:537} INFO - Filling up the DagBag from /opt/airflow/dags/user_processing.py
[2023-07-04T14:27:13.090+0000] {processor.py:766} INFO - DAG(s) dict_keys(['user_processing']) retrieved from /opt/airflow/dags/user_processing.py
[2023-07-04T14:27:13.113+0000] {logging_mixin.py:120} INFO - [2023-07-04T14:27:13.112+0000] {dag.py:2585} INFO - Sync 1 DAGs
[2023-07-04T14:27:13.128+0000] {logging_mixin.py:120} INFO - [2023-07-04T14:27:13.128+0000] {dag.py:3340} INFO - Setting next_dagrun for user_processing to 2023-07-03T00:00:00+00:00, run_after=2023-07-04T00:00:00+00:00
[2023-07-04T14:27:13.141+0000] {processor.py:176} INFO - Processing /opt/airflow/dags/user_processing.py took 0.095 seconds
[2023-07-04T14:27:43.168+0000] {processor.py:154} INFO - Started process (PID=3171) to work on /opt/airflow/dags/user_processing.py
[2023-07-04T14:27:43.168+0000] {processor.py:756} INFO - Processing file /opt/airflow/dags/user_processing.py for tasks to queue
[2023-07-04T14:27:43.169+0000] {logging_mixin.py:120} INFO - [2023-07-04T14:27:43.169+0000] {dagbag.py:537} INFO - Filling up the DagBag from /opt/airflow/dags/user_processing.py
[2023-07-04T14:27:43.208+0000] {processor.py:766} INFO - DAG(s) dict_keys(['user_processing']) retrieved from /opt/airflow/dags/user_processing.py
[2023-07-04T14:27:43.233+0000] {logging_mixin.py:120} INFO - [2023-07-04T14:27:43.233+0000] {dag.py:2585} INFO - Sync 1 DAGs
[2023-07-04T14:27:43.252+0000] {logging_mixin.py:120} INFO - [2023-07-04T14:27:43.252+0000] {dag.py:3340} INFO - Setting next_dagrun for user_processing to 2023-07-03T00:00:00+00:00, run_after=2023-07-04T00:00:00+00:00
[2023-07-04T14:27:43.266+0000] {processor.py:176} INFO - Processing /opt/airflow/dags/user_processing.py took 0.100 seconds
[2023-07-04T14:28:14.170+0000] {processor.py:154} INFO - Started process (PID=3226) to work on /opt/airflow/dags/user_processing.py
[2023-07-04T14:28:14.171+0000] {processor.py:756} INFO - Processing file /opt/airflow/dags/user_processing.py for tasks to queue
[2023-07-04T14:28:14.171+0000] {logging_mixin.py:120} INFO - [2023-07-04T14:28:14.171+0000] {dagbag.py:537} INFO - Filling up the DagBag from /opt/airflow/dags/user_processing.py
[2023-07-04T14:28:14.207+0000] {processor.py:766} INFO - DAG(s) dict_keys(['user_processing']) retrieved from /opt/airflow/dags/user_processing.py
[2023-07-04T14:28:14.229+0000] {logging_mixin.py:120} INFO - [2023-07-04T14:28:14.229+0000] {dag.py:2585} INFO - Sync 1 DAGs
[2023-07-04T14:28:14.244+0000] {logging_mixin.py:120} INFO - [2023-07-04T14:28:14.244+0000] {dag.py:3340} INFO - Setting next_dagrun for user_processing to 2023-07-03T00:00:00+00:00, run_after=2023-07-04T00:00:00+00:00
[2023-07-04T14:28:14.256+0000] {processor.py:176} INFO - Processing /opt/airflow/dags/user_processing.py took 0.087 seconds
[2023-07-04T14:28:45.021+0000] {processor.py:154} INFO - Started process (PID=3290) to work on /opt/airflow/dags/user_processing.py
[2023-07-04T14:28:45.024+0000] {processor.py:756} INFO - Processing file /opt/airflow/dags/user_processing.py for tasks to queue
[2023-07-04T14:28:45.025+0000] {logging_mixin.py:120} INFO - [2023-07-04T14:28:45.025+0000] {dagbag.py:537} INFO - Filling up the DagBag from /opt/airflow/dags/user_processing.py
[2023-07-04T14:28:45.074+0000] {processor.py:766} INFO - DAG(s) dict_keys(['user_processing']) retrieved from /opt/airflow/dags/user_processing.py
[2023-07-04T14:28:45.099+0000] {logging_mixin.py:120} INFO - [2023-07-04T14:28:45.098+0000] {dag.py:2585} INFO - Sync 1 DAGs
[2023-07-04T14:28:45.114+0000] {logging_mixin.py:120} INFO - [2023-07-04T14:28:45.114+0000] {dag.py:3340} INFO - Setting next_dagrun for user_processing to 2023-07-03T00:00:00+00:00, run_after=2023-07-04T00:00:00+00:00
[2023-07-04T14:28:45.125+0000] {processor.py:176} INFO - Processing /opt/airflow/dags/user_processing.py took 0.106 seconds
[2023-07-04T14:29:15.833+0000] {processor.py:154} INFO - Started process (PID=3354) to work on /opt/airflow/dags/user_processing.py
[2023-07-04T14:29:15.833+0000] {processor.py:756} INFO - Processing file /opt/airflow/dags/user_processing.py for tasks to queue
[2023-07-04T14:29:15.834+0000] {logging_mixin.py:120} INFO - [2023-07-04T14:29:15.834+0000] {dagbag.py:537} INFO - Filling up the DagBag from /opt/airflow/dags/user_processing.py
[2023-07-04T14:29:15.872+0000] {processor.py:766} INFO - DAG(s) dict_keys(['user_processing']) retrieved from /opt/airflow/dags/user_processing.py
[2023-07-04T14:29:15.892+0000] {logging_mixin.py:120} INFO - [2023-07-04T14:29:15.892+0000] {dag.py:2585} INFO - Sync 1 DAGs
[2023-07-04T14:29:15.906+0000] {logging_mixin.py:120} INFO - [2023-07-04T14:29:15.906+0000] {dag.py:3340} INFO - Setting next_dagrun for user_processing to 2023-07-03T00:00:00+00:00, run_after=2023-07-04T00:00:00+00:00
[2023-07-04T14:29:15.917+0000] {processor.py:176} INFO - Processing /opt/airflow/dags/user_processing.py took 0.087 seconds
[2023-07-04T14:29:37.737+0000] {processor.py:154} INFO - Started process (PID=3409) to work on /opt/airflow/dags/user_processing.py
[2023-07-04T14:29:37.740+0000] {processor.py:756} INFO - Processing file /opt/airflow/dags/user_processing.py for tasks to queue
[2023-07-04T14:29:37.741+0000] {logging_mixin.py:120} INFO - [2023-07-04T14:29:37.741+0000] {dagbag.py:537} INFO - Filling up the DagBag from /opt/airflow/dags/user_processing.py
[2023-07-04T14:29:37.800+0000] {processor.py:766} INFO - DAG(s) dict_keys(['user_processing']) retrieved from /opt/airflow/dags/user_processing.py
[2023-07-04T14:29:37.922+0000] {logging_mixin.py:120} INFO - [2023-07-04T14:29:37.922+0000] {dag.py:2585} INFO - Sync 1 DAGs
[2023-07-04T14:29:37.936+0000] {logging_mixin.py:120} INFO - [2023-07-04T14:29:37.936+0000] {dag.py:3340} INFO - Setting next_dagrun for user_processing to 2023-07-03T00:00:00+00:00, run_after=2023-07-04T00:00:00+00:00
[2023-07-04T14:29:37.950+0000] {processor.py:176} INFO - Processing /opt/airflow/dags/user_processing.py took 0.217 seconds
[2023-07-04T14:30:07.983+0000] {processor.py:154} INFO - Started process (PID=3472) to work on /opt/airflow/dags/user_processing.py
[2023-07-04T14:30:07.983+0000] {processor.py:756} INFO - Processing file /opt/airflow/dags/user_processing.py for tasks to queue
[2023-07-04T14:30:07.984+0000] {logging_mixin.py:120} INFO - [2023-07-04T14:30:07.984+0000] {dagbag.py:537} INFO - Filling up the DagBag from /opt/airflow/dags/user_processing.py
[2023-07-04T14:30:08.032+0000] {processor.py:766} INFO - DAG(s) dict_keys(['user_processing']) retrieved from /opt/airflow/dags/user_processing.py
[2023-07-04T14:30:08.133+0000] {logging_mixin.py:120} INFO - [2023-07-04T14:30:08.133+0000] {dag.py:2585} INFO - Sync 1 DAGs
[2023-07-04T14:30:08.149+0000] {logging_mixin.py:120} INFO - [2023-07-04T14:30:08.148+0000] {dag.py:3340} INFO - Setting next_dagrun for user_processing to 2023-07-03T00:00:00+00:00, run_after=2023-07-04T00:00:00+00:00
[2023-07-04T14:30:08.162+0000] {processor.py:176} INFO - Processing /opt/airflow/dags/user_processing.py took 0.183 seconds
[2023-07-04T14:30:38.293+0000] {processor.py:154} INFO - Started process (PID=3536) to work on /opt/airflow/dags/user_processing.py
[2023-07-04T14:30:38.297+0000] {processor.py:756} INFO - Processing file /opt/airflow/dags/user_processing.py for tasks to queue
[2023-07-04T14:30:38.298+0000] {logging_mixin.py:120} INFO - [2023-07-04T14:30:38.298+0000] {dagbag.py:537} INFO - Filling up the DagBag from /opt/airflow/dags/user_processing.py
[2023-07-04T14:30:38.348+0000] {processor.py:766} INFO - DAG(s) dict_keys(['user_processing']) retrieved from /opt/airflow/dags/user_processing.py
[2023-07-04T14:30:38.451+0000] {logging_mixin.py:120} INFO - [2023-07-04T14:30:38.451+0000] {dag.py:2585} INFO - Sync 1 DAGs
[2023-07-04T14:30:38.466+0000] {logging_mixin.py:120} INFO - [2023-07-04T14:30:38.466+0000] {dag.py:3340} INFO - Setting next_dagrun for user_processing to 2023-07-03T00:00:00+00:00, run_after=2023-07-04T00:00:00+00:00
[2023-07-04T14:30:38.481+0000] {processor.py:176} INFO - Processing /opt/airflow/dags/user_processing.py took 0.193 seconds
[2023-07-04T14:31:09.167+0000] {processor.py:154} INFO - Started process (PID=3599) to work on /opt/airflow/dags/user_processing.py
[2023-07-04T14:31:09.168+0000] {processor.py:756} INFO - Processing file /opt/airflow/dags/user_processing.py for tasks to queue
[2023-07-04T14:31:09.168+0000] {logging_mixin.py:120} INFO - [2023-07-04T14:31:09.168+0000] {dagbag.py:537} INFO - Filling up the DagBag from /opt/airflow/dags/user_processing.py
[2023-07-04T14:31:09.218+0000] {processor.py:766} INFO - DAG(s) dict_keys(['user_processing']) retrieved from /opt/airflow/dags/user_processing.py
[2023-07-04T14:31:09.332+0000] {logging_mixin.py:120} INFO - [2023-07-04T14:31:09.332+0000] {dag.py:2585} INFO - Sync 1 DAGs
[2023-07-04T14:31:09.352+0000] {logging_mixin.py:120} INFO - [2023-07-04T14:31:09.352+0000] {dag.py:3340} INFO - Setting next_dagrun for user_processing to 2023-07-03T00:00:00+00:00, run_after=2023-07-04T00:00:00+00:00
[2023-07-04T14:31:09.365+0000] {processor.py:176} INFO - Processing /opt/airflow/dags/user_processing.py took 0.201 seconds
[2023-07-04T14:31:40.006+0000] {processor.py:154} INFO - Started process (PID=3654) to work on /opt/airflow/dags/user_processing.py
[2023-07-04T14:31:40.007+0000] {processor.py:756} INFO - Processing file /opt/airflow/dags/user_processing.py for tasks to queue
[2023-07-04T14:31:40.007+0000] {logging_mixin.py:120} INFO - [2023-07-04T14:31:40.007+0000] {dagbag.py:537} INFO - Filling up the DagBag from /opt/airflow/dags/user_processing.py
[2023-07-04T14:31:40.052+0000] {processor.py:766} INFO - DAG(s) dict_keys(['user_processing']) retrieved from /opt/airflow/dags/user_processing.py
[2023-07-04T14:31:40.160+0000] {logging_mixin.py:120} INFO - [2023-07-04T14:31:40.160+0000] {dag.py:2585} INFO - Sync 1 DAGs
[2023-07-04T14:31:40.175+0000] {logging_mixin.py:120} INFO - [2023-07-04T14:31:40.175+0000] {dag.py:3340} INFO - Setting next_dagrun for user_processing to 2023-07-03T00:00:00+00:00, run_after=2023-07-04T00:00:00+00:00
[2023-07-04T14:31:40.187+0000] {processor.py:176} INFO - Processing /opt/airflow/dags/user_processing.py took 0.183 seconds
[2023-07-04T14:32:10.831+0000] {processor.py:154} INFO - Started process (PID=3718) to work on /opt/airflow/dags/user_processing.py
[2023-07-04T14:32:10.831+0000] {processor.py:756} INFO - Processing file /opt/airflow/dags/user_processing.py for tasks to queue
[2023-07-04T14:32:10.832+0000] {logging_mixin.py:120} INFO - [2023-07-04T14:32:10.832+0000] {dagbag.py:537} INFO - Filling up the DagBag from /opt/airflow/dags/user_processing.py
[2023-07-04T14:32:10.900+0000] {processor.py:766} INFO - DAG(s) dict_keys(['user_processing']) retrieved from /opt/airflow/dags/user_processing.py
[2023-07-04T14:32:11.019+0000] {logging_mixin.py:120} INFO - [2023-07-04T14:32:11.019+0000] {dag.py:2585} INFO - Sync 1 DAGs
[2023-07-04T14:32:11.035+0000] {logging_mixin.py:120} INFO - [2023-07-04T14:32:11.035+0000] {dag.py:3340} INFO - Setting next_dagrun for user_processing to 2023-07-03T00:00:00+00:00, run_after=2023-07-04T00:00:00+00:00
[2023-07-04T14:32:11.046+0000] {processor.py:176} INFO - Processing /opt/airflow/dags/user_processing.py took 0.218 seconds
[2023-07-04T14:32:41.635+0000] {processor.py:154} INFO - Started process (PID=3782) to work on /opt/airflow/dags/user_processing.py
[2023-07-04T14:32:41.638+0000] {processor.py:756} INFO - Processing file /opt/airflow/dags/user_processing.py for tasks to queue
[2023-07-04T14:32:41.639+0000] {logging_mixin.py:120} INFO - [2023-07-04T14:32:41.639+0000] {dagbag.py:537} INFO - Filling up the DagBag from /opt/airflow/dags/user_processing.py
[2023-07-04T14:32:41.690+0000] {processor.py:766} INFO - DAG(s) dict_keys(['user_processing']) retrieved from /opt/airflow/dags/user_processing.py
[2023-07-04T14:32:41.791+0000] {logging_mixin.py:120} INFO - [2023-07-04T14:32:41.791+0000] {dag.py:2585} INFO - Sync 1 DAGs
[2023-07-04T14:32:41.806+0000] {logging_mixin.py:120} INFO - [2023-07-04T14:32:41.806+0000] {dag.py:3340} INFO - Setting next_dagrun for user_processing to 2023-07-03T00:00:00+00:00, run_after=2023-07-04T00:00:00+00:00
[2023-07-04T14:32:41.821+0000] {processor.py:176} INFO - Processing /opt/airflow/dags/user_processing.py took 0.188 seconds
[2023-07-04T14:33:12.416+0000] {processor.py:154} INFO - Started process (PID=3853) to work on /opt/airflow/dags/user_processing.py
[2023-07-04T14:33:12.420+0000] {processor.py:756} INFO - Processing file /opt/airflow/dags/user_processing.py for tasks to queue
[2023-07-04T14:33:12.420+0000] {logging_mixin.py:120} INFO - [2023-07-04T14:33:12.420+0000] {dagbag.py:537} INFO - Filling up the DagBag from /opt/airflow/dags/user_processing.py
[2023-07-04T14:33:12.473+0000] {processor.py:766} INFO - DAG(s) dict_keys(['user_processing']) retrieved from /opt/airflow/dags/user_processing.py
[2023-07-04T14:33:12.573+0000] {logging_mixin.py:120} INFO - [2023-07-04T14:33:12.573+0000] {dag.py:2585} INFO - Sync 1 DAGs
[2023-07-04T14:33:12.588+0000] {logging_mixin.py:120} INFO - [2023-07-04T14:33:12.588+0000] {dag.py:3340} INFO - Setting next_dagrun for user_processing to 2023-07-03T00:00:00+00:00, run_after=2023-07-04T00:00:00+00:00
[2023-07-04T14:33:12.603+0000] {processor.py:176} INFO - Processing /opt/airflow/dags/user_processing.py took 0.188 seconds
[2023-07-04T14:33:43.117+0000] {processor.py:154} INFO - Started process (PID=3917) to work on /opt/airflow/dags/user_processing.py
[2023-07-04T14:33:43.117+0000] {processor.py:756} INFO - Processing file /opt/airflow/dags/user_processing.py for tasks to queue
[2023-07-04T14:33:43.118+0000] {logging_mixin.py:120} INFO - [2023-07-04T14:33:43.118+0000] {dagbag.py:537} INFO - Filling up the DagBag from /opt/airflow/dags/user_processing.py
[2023-07-04T14:33:43.168+0000] {processor.py:766} INFO - DAG(s) dict_keys(['user_processing']) retrieved from /opt/airflow/dags/user_processing.py
[2023-07-04T14:33:43.269+0000] {logging_mixin.py:120} INFO - [2023-07-04T14:33:43.269+0000] {dag.py:2585} INFO - Sync 1 DAGs
[2023-07-04T14:33:43.284+0000] {logging_mixin.py:120} INFO - [2023-07-04T14:33:43.284+0000] {dag.py:3340} INFO - Setting next_dagrun for user_processing to 2023-07-03T00:00:00+00:00, run_after=2023-07-04T00:00:00+00:00
[2023-07-04T14:33:43.301+0000] {processor.py:176} INFO - Processing /opt/airflow/dags/user_processing.py took 0.186 seconds
[2023-07-04T14:34:13.902+0000] {processor.py:154} INFO - Started process (PID=3984) to work on /opt/airflow/dags/user_processing.py
[2023-07-04T14:34:13.906+0000] {processor.py:756} INFO - Processing file /opt/airflow/dags/user_processing.py for tasks to queue
[2023-07-04T14:34:13.906+0000] {logging_mixin.py:120} INFO - [2023-07-04T14:34:13.906+0000] {dagbag.py:537} INFO - Filling up the DagBag from /opt/airflow/dags/user_processing.py
[2023-07-04T14:34:13.952+0000] {processor.py:766} INFO - DAG(s) dict_keys(['user_processing']) retrieved from /opt/airflow/dags/user_processing.py
[2023-07-04T14:34:14.060+0000] {logging_mixin.py:120} INFO - [2023-07-04T14:34:14.060+0000] {dag.py:2585} INFO - Sync 1 DAGs
[2023-07-04T14:34:14.077+0000] {logging_mixin.py:120} INFO - [2023-07-04T14:34:14.077+0000] {dag.py:3340} INFO - Setting next_dagrun for user_processing to 2023-07-03T00:00:00+00:00, run_after=2023-07-04T00:00:00+00:00
[2023-07-04T14:34:14.094+0000] {processor.py:176} INFO - Processing /opt/airflow/dags/user_processing.py took 0.193 seconds
[2023-07-04T14:34:44.588+0000] {processor.py:154} INFO - Started process (PID=4038) to work on /opt/airflow/dags/user_processing.py
[2023-07-04T14:34:44.589+0000] {processor.py:756} INFO - Processing file /opt/airflow/dags/user_processing.py for tasks to queue
[2023-07-04T14:34:44.590+0000] {logging_mixin.py:120} INFO - [2023-07-04T14:34:44.589+0000] {dagbag.py:537} INFO - Filling up the DagBag from /opt/airflow/dags/user_processing.py
[2023-07-04T14:34:44.636+0000] {processor.py:766} INFO - DAG(s) dict_keys(['user_processing']) retrieved from /opt/airflow/dags/user_processing.py
[2023-07-04T14:34:44.736+0000] {logging_mixin.py:120} INFO - [2023-07-04T14:34:44.736+0000] {dag.py:2585} INFO - Sync 1 DAGs
[2023-07-04T14:34:44.751+0000] {logging_mixin.py:120} INFO - [2023-07-04T14:34:44.751+0000] {dag.py:3340} INFO - Setting next_dagrun for user_processing to 2023-07-03T00:00:00+00:00, run_after=2023-07-04T00:00:00+00:00
[2023-07-04T14:34:44.763+0000] {processor.py:176} INFO - Processing /opt/airflow/dags/user_processing.py took 0.178 seconds
[2023-07-04T14:35:08.433+0000] {processor.py:154} INFO - Started process (PID=4082) to work on /opt/airflow/dags/user_processing.py
[2023-07-04T14:35:08.436+0000] {processor.py:756} INFO - Processing file /opt/airflow/dags/user_processing.py for tasks to queue
[2023-07-04T14:35:08.437+0000] {logging_mixin.py:120} INFO - [2023-07-04T14:35:08.437+0000] {dagbag.py:537} INFO - Filling up the DagBag from /opt/airflow/dags/user_processing.py
[2023-07-04T14:35:08.488+0000] {processor.py:766} INFO - DAG(s) dict_keys(['user_processing']) retrieved from /opt/airflow/dags/user_processing.py
[2023-07-04T14:35:08.601+0000] {logging_mixin.py:120} INFO - [2023-07-04T14:35:08.601+0000] {dag.py:2585} INFO - Sync 1 DAGs
[2023-07-04T14:35:08.619+0000] {logging_mixin.py:120} INFO - [2023-07-04T14:35:08.619+0000] {dag.py:3340} INFO - Setting next_dagrun for user_processing to 2023-07-03T00:00:00+00:00, run_after=2023-07-04T00:00:00+00:00
[2023-07-04T14:35:08.632+0000] {processor.py:176} INFO - Processing /opt/airflow/dags/user_processing.py took 0.201 seconds
[2023-07-04T14:35:25.412+0000] {processor.py:154} INFO - Started process (PID=4111) to work on /opt/airflow/dags/user_processing.py
[2023-07-04T14:35:25.413+0000] {processor.py:756} INFO - Processing file /opt/airflow/dags/user_processing.py for tasks to queue
[2023-07-04T14:35:25.413+0000] {logging_mixin.py:120} INFO - [2023-07-04T14:35:25.413+0000] {dagbag.py:537} INFO - Filling up the DagBag from /opt/airflow/dags/user_processing.py
[2023-07-04T14:35:25.454+0000] {logging_mixin.py:120} INFO - [2023-07-04T14:35:25.452+0000] {dagbag.py:342} ERROR - Failed to import: /opt/airflow/dags/user_processing.py
Traceback (most recent call last):
  File "/home/airflow/.local/lib/python3.7/site-packages/airflow/models/dagbag.py", line 338, in parse
    loader.exec_module(new_module)
  File "<frozen importlib._bootstrap_external>", line 728, in exec_module
  File "<frozen importlib._bootstrap>", line 219, in _call_with_frames_removed
  File "/opt/airflow/dags/user_processing.py", line 6, in <module>
    import jsom
ModuleNotFoundError: No module named 'jsom'
[2023-07-04T14:35:25.454+0000] {processor.py:768} WARNING - No viable dags retrieved from /opt/airflow/dags/user_processing.py
[2023-07-04T14:35:25.467+0000] {processor.py:176} INFO - Processing /opt/airflow/dags/user_processing.py took 0.057 seconds
[2023-07-04T14:35:26.422+0000] {processor.py:154} INFO - Started process (PID=4112) to work on /opt/airflow/dags/user_processing.py
[2023-07-04T14:35:26.422+0000] {processor.py:756} INFO - Processing file /opt/airflow/dags/user_processing.py for tasks to queue
[2023-07-04T14:35:26.423+0000] {logging_mixin.py:120} INFO - [2023-07-04T14:35:26.423+0000] {dagbag.py:537} INFO - Filling up the DagBag from /opt/airflow/dags/user_processing.py
[2023-07-04T14:35:26.471+0000] {processor.py:766} INFO - DAG(s) dict_keys(['user_processing']) retrieved from /opt/airflow/dags/user_processing.py
[2023-07-04T14:35:26.581+0000] {logging_mixin.py:120} INFO - [2023-07-04T14:35:26.581+0000] {dag.py:2585} INFO - Sync 1 DAGs
[2023-07-04T14:35:26.600+0000] {logging_mixin.py:120} INFO - [2023-07-04T14:35:26.600+0000] {dag.py:3340} INFO - Setting next_dagrun for user_processing to 2023-07-03T00:00:00+00:00, run_after=2023-07-04T00:00:00+00:00
[2023-07-04T14:35:26.618+0000] {processor.py:176} INFO - Processing /opt/airflow/dags/user_processing.py took 0.198 seconds
[2023-07-04T14:35:57.354+0000] {processor.py:154} INFO - Started process (PID=4175) to work on /opt/airflow/dags/user_processing.py
[2023-07-04T14:35:57.357+0000] {processor.py:756} INFO - Processing file /opt/airflow/dags/user_processing.py for tasks to queue
[2023-07-04T14:35:57.358+0000] {logging_mixin.py:120} INFO - [2023-07-04T14:35:57.358+0000] {dagbag.py:537} INFO - Filling up the DagBag from /opt/airflow/dags/user_processing.py
[2023-07-04T14:35:57.404+0000] {processor.py:766} INFO - DAG(s) dict_keys(['user_processing']) retrieved from /opt/airflow/dags/user_processing.py
[2023-07-04T14:35:57.510+0000] {logging_mixin.py:120} INFO - [2023-07-04T14:35:57.510+0000] {dag.py:2585} INFO - Sync 1 DAGs
[2023-07-04T14:35:57.526+0000] {logging_mixin.py:120} INFO - [2023-07-04T14:35:57.526+0000] {dag.py:3340} INFO - Setting next_dagrun for user_processing to 2023-07-03T00:00:00+00:00, run_after=2023-07-04T00:00:00+00:00
[2023-07-04T14:35:57.540+0000] {processor.py:176} INFO - Processing /opt/airflow/dags/user_processing.py took 0.187 seconds
[2023-07-04T14:36:28.218+0000] {processor.py:154} INFO - Started process (PID=4238) to work on /opt/airflow/dags/user_processing.py
[2023-07-04T14:36:28.219+0000] {processor.py:756} INFO - Processing file /opt/airflow/dags/user_processing.py for tasks to queue
[2023-07-04T14:36:28.219+0000] {logging_mixin.py:120} INFO - [2023-07-04T14:36:28.219+0000] {dagbag.py:537} INFO - Filling up the DagBag from /opt/airflow/dags/user_processing.py
[2023-07-04T14:36:28.269+0000] {processor.py:766} INFO - DAG(s) dict_keys(['user_processing']) retrieved from /opt/airflow/dags/user_processing.py
[2023-07-04T14:36:28.373+0000] {logging_mixin.py:120} INFO - [2023-07-04T14:36:28.373+0000] {dag.py:2585} INFO - Sync 1 DAGs
[2023-07-04T14:36:28.388+0000] {logging_mixin.py:120} INFO - [2023-07-04T14:36:28.388+0000] {dag.py:3340} INFO - Setting next_dagrun for user_processing to 2023-07-03T00:00:00+00:00, run_after=2023-07-04T00:00:00+00:00
[2023-07-04T14:36:28.403+0000] {processor.py:176} INFO - Processing /opt/airflow/dags/user_processing.py took 0.190 seconds
[2023-07-04T14:36:59.167+0000] {processor.py:154} INFO - Started process (PID=4302) to work on /opt/airflow/dags/user_processing.py
[2023-07-04T14:36:59.168+0000] {processor.py:756} INFO - Processing file /opt/airflow/dags/user_processing.py for tasks to queue
[2023-07-04T14:36:59.169+0000] {logging_mixin.py:120} INFO - [2023-07-04T14:36:59.169+0000] {dagbag.py:537} INFO - Filling up the DagBag from /opt/airflow/dags/user_processing.py
[2023-07-04T14:36:59.220+0000] {processor.py:766} INFO - DAG(s) dict_keys(['user_processing']) retrieved from /opt/airflow/dags/user_processing.py
[2023-07-04T14:36:59.321+0000] {logging_mixin.py:120} INFO - [2023-07-04T14:36:59.321+0000] {dag.py:2585} INFO - Sync 1 DAGs
[2023-07-04T14:36:59.336+0000] {logging_mixin.py:120} INFO - [2023-07-04T14:36:59.336+0000] {dag.py:3340} INFO - Setting next_dagrun for user_processing to 2023-07-03T00:00:00+00:00, run_after=2023-07-04T00:00:00+00:00
[2023-07-04T14:36:59.349+0000] {processor.py:176} INFO - Processing /opt/airflow/dags/user_processing.py took 0.187 seconds
[2023-07-04T14:37:29.406+0000] {processor.py:154} INFO - Started process (PID=4366) to work on /opt/airflow/dags/user_processing.py
[2023-07-04T14:37:29.406+0000] {processor.py:756} INFO - Processing file /opt/airflow/dags/user_processing.py for tasks to queue
[2023-07-04T14:37:29.407+0000] {logging_mixin.py:120} INFO - [2023-07-04T14:37:29.407+0000] {dagbag.py:537} INFO - Filling up the DagBag from /opt/airflow/dags/user_processing.py
[2023-07-04T14:37:29.460+0000] {processor.py:766} INFO - DAG(s) dict_keys(['user_processing']) retrieved from /opt/airflow/dags/user_processing.py
[2023-07-04T14:37:29.579+0000] {logging_mixin.py:120} INFO - [2023-07-04T14:37:29.579+0000] {dag.py:2585} INFO - Sync 1 DAGs
[2023-07-04T14:37:29.599+0000] {logging_mixin.py:120} INFO - [2023-07-04T14:37:29.599+0000] {dag.py:3340} INFO - Setting next_dagrun for user_processing to 2023-07-03T00:00:00+00:00, run_after=2023-07-04T00:00:00+00:00
[2023-07-04T14:37:29.617+0000] {processor.py:176} INFO - Processing /opt/airflow/dags/user_processing.py took 0.212 seconds
[2023-07-04T14:37:59.713+0000] {processor.py:154} INFO - Started process (PID=4421) to work on /opt/airflow/dags/user_processing.py
[2023-07-04T14:37:59.714+0000] {processor.py:756} INFO - Processing file /opt/airflow/dags/user_processing.py for tasks to queue
[2023-07-04T14:37:59.714+0000] {logging_mixin.py:120} INFO - [2023-07-04T14:37:59.714+0000] {dagbag.py:537} INFO - Filling up the DagBag from /opt/airflow/dags/user_processing.py
[2023-07-04T14:37:59.762+0000] {processor.py:766} INFO - DAG(s) dict_keys(['user_processing']) retrieved from /opt/airflow/dags/user_processing.py
[2023-07-04T14:37:59.873+0000] {logging_mixin.py:120} INFO - [2023-07-04T14:37:59.873+0000] {dag.py:2585} INFO - Sync 1 DAGs
[2023-07-04T14:37:59.890+0000] {logging_mixin.py:120} INFO - [2023-07-04T14:37:59.890+0000] {dag.py:3340} INFO - Setting next_dagrun for user_processing to 2023-07-03T00:00:00+00:00, run_after=2023-07-04T00:00:00+00:00
[2023-07-04T14:37:59.902+0000] {processor.py:176} INFO - Processing /opt/airflow/dags/user_processing.py took 0.191 seconds
[2023-07-04T14:38:29.928+0000] {processor.py:154} INFO - Started process (PID=4485) to work on /opt/airflow/dags/user_processing.py
[2023-07-04T14:38:29.932+0000] {processor.py:756} INFO - Processing file /opt/airflow/dags/user_processing.py for tasks to queue
[2023-07-04T14:38:29.932+0000] {logging_mixin.py:120} INFO - [2023-07-04T14:38:29.932+0000] {dagbag.py:537} INFO - Filling up the DagBag from /opt/airflow/dags/user_processing.py
[2023-07-04T14:38:29.977+0000] {processor.py:766} INFO - DAG(s) dict_keys(['user_processing']) retrieved from /opt/airflow/dags/user_processing.py
[2023-07-04T14:38:30.086+0000] {logging_mixin.py:120} INFO - [2023-07-04T14:38:30.086+0000] {dag.py:2585} INFO - Sync 1 DAGs
[2023-07-04T14:38:30.103+0000] {logging_mixin.py:120} INFO - [2023-07-04T14:38:30.103+0000] {dag.py:3340} INFO - Setting next_dagrun for user_processing to 2023-07-03T00:00:00+00:00, run_after=2023-07-04T00:00:00+00:00
[2023-07-04T14:38:30.114+0000] {processor.py:176} INFO - Processing /opt/airflow/dags/user_processing.py took 0.189 seconds
[2023-07-04T14:39:00.863+0000] {processor.py:154} INFO - Started process (PID=4549) to work on /opt/airflow/dags/user_processing.py
[2023-07-04T14:39:00.867+0000] {processor.py:756} INFO - Processing file /opt/airflow/dags/user_processing.py for tasks to queue
[2023-07-04T14:39:00.867+0000] {logging_mixin.py:120} INFO - [2023-07-04T14:39:00.867+0000] {dagbag.py:537} INFO - Filling up the DagBag from /opt/airflow/dags/user_processing.py
[2023-07-04T14:39:00.913+0000] {processor.py:766} INFO - DAG(s) dict_keys(['user_processing']) retrieved from /opt/airflow/dags/user_processing.py
[2023-07-04T14:39:01.019+0000] {logging_mixin.py:120} INFO - [2023-07-04T14:39:01.019+0000] {dag.py:2585} INFO - Sync 1 DAGs
[2023-07-04T14:39:01.035+0000] {logging_mixin.py:120} INFO - [2023-07-04T14:39:01.035+0000] {dag.py:3340} INFO - Setting next_dagrun for user_processing to 2023-07-03T00:00:00+00:00, run_after=2023-07-04T00:00:00+00:00
[2023-07-04T14:39:01.046+0000] {processor.py:176} INFO - Processing /opt/airflow/dags/user_processing.py took 0.186 seconds
[2023-07-04T14:39:31.627+0000] {processor.py:154} INFO - Started process (PID=4612) to work on /opt/airflow/dags/user_processing.py
[2023-07-04T14:39:31.628+0000] {processor.py:756} INFO - Processing file /opt/airflow/dags/user_processing.py for tasks to queue
[2023-07-04T14:39:31.629+0000] {logging_mixin.py:120} INFO - [2023-07-04T14:39:31.628+0000] {dagbag.py:537} INFO - Filling up the DagBag from /opt/airflow/dags/user_processing.py
[2023-07-04T14:39:31.681+0000] {processor.py:766} INFO - DAG(s) dict_keys(['user_processing']) retrieved from /opt/airflow/dags/user_processing.py
[2023-07-04T14:39:31.806+0000] {logging_mixin.py:120} INFO - [2023-07-04T14:39:31.806+0000] {dag.py:2585} INFO - Sync 1 DAGs
[2023-07-04T14:39:31.825+0000] {logging_mixin.py:120} INFO - [2023-07-04T14:39:31.825+0000] {dag.py:3340} INFO - Setting next_dagrun for user_processing to 2023-07-03T00:00:00+00:00, run_after=2023-07-04T00:00:00+00:00
[2023-07-04T14:39:31.842+0000] {processor.py:176} INFO - Processing /opt/airflow/dags/user_processing.py took 0.217 seconds
[2023-07-04T14:40:02.549+0000] {processor.py:154} INFO - Started process (PID=4675) to work on /opt/airflow/dags/user_processing.py
[2023-07-04T14:40:02.552+0000] {processor.py:756} INFO - Processing file /opt/airflow/dags/user_processing.py for tasks to queue
[2023-07-04T14:40:02.553+0000] {logging_mixin.py:120} INFO - [2023-07-04T14:40:02.553+0000] {dagbag.py:537} INFO - Filling up the DagBag from /opt/airflow/dags/user_processing.py
[2023-07-04T14:40:02.601+0000] {processor.py:766} INFO - DAG(s) dict_keys(['user_processing']) retrieved from /opt/airflow/dags/user_processing.py
[2023-07-04T14:40:02.714+0000] {logging_mixin.py:120} INFO - [2023-07-04T14:40:02.714+0000] {dag.py:2585} INFO - Sync 1 DAGs
[2023-07-04T14:40:02.731+0000] {logging_mixin.py:120} INFO - [2023-07-04T14:40:02.731+0000] {dag.py:3340} INFO - Setting next_dagrun for user_processing to 2023-07-03T00:00:00+00:00, run_after=2023-07-04T00:00:00+00:00
[2023-07-04T14:40:02.744+0000] {processor.py:176} INFO - Processing /opt/airflow/dags/user_processing.py took 0.197 seconds
[2023-07-04T14:40:33.411+0000] {processor.py:154} INFO - Started process (PID=4739) to work on /opt/airflow/dags/user_processing.py
[2023-07-04T14:40:33.415+0000] {processor.py:756} INFO - Processing file /opt/airflow/dags/user_processing.py for tasks to queue
[2023-07-04T14:40:33.415+0000] {logging_mixin.py:120} INFO - [2023-07-04T14:40:33.415+0000] {dagbag.py:537} INFO - Filling up the DagBag from /opt/airflow/dags/user_processing.py
[2023-07-04T14:40:33.474+0000] {processor.py:766} INFO - DAG(s) dict_keys(['user_processing']) retrieved from /opt/airflow/dags/user_processing.py
[2023-07-04T14:40:33.606+0000] {logging_mixin.py:120} INFO - [2023-07-04T14:40:33.606+0000] {dag.py:2585} INFO - Sync 1 DAGs
[2023-07-04T14:40:33.629+0000] {logging_mixin.py:120} INFO - [2023-07-04T14:40:33.628+0000] {dag.py:3340} INFO - Setting next_dagrun for user_processing to 2023-07-03T00:00:00+00:00, run_after=2023-07-04T00:00:00+00:00
[2023-07-04T14:40:33.642+0000] {processor.py:176} INFO - Processing /opt/airflow/dags/user_processing.py took 0.233 seconds
[2023-07-04T14:40:36.917+0000] {processor.py:154} INFO - Started process (PID=4749) to work on /opt/airflow/dags/user_processing.py
[2023-07-04T14:40:36.917+0000] {processor.py:756} INFO - Processing file /opt/airflow/dags/user_processing.py for tasks to queue
[2023-07-04T14:40:36.918+0000] {logging_mixin.py:120} INFO - [2023-07-04T14:40:36.918+0000] {dagbag.py:537} INFO - Filling up the DagBag from /opt/airflow/dags/user_processing.py
[2023-07-04T14:40:36.965+0000] {processor.py:766} INFO - DAG(s) dict_keys(['user_processing']) retrieved from /opt/airflow/dags/user_processing.py
[2023-07-04T14:40:37.105+0000] {logging_mixin.py:120} INFO - [2023-07-04T14:40:37.104+0000] {dag.py:2585} INFO - Sync 1 DAGs
[2023-07-04T14:40:37.123+0000] {logging_mixin.py:120} INFO - [2023-07-04T14:40:37.123+0000] {dag.py:3340} INFO - Setting next_dagrun for user_processing to 2023-07-03T00:00:00+00:00, run_after=2023-07-04T00:00:00+00:00
[2023-07-04T14:40:37.136+0000] {processor.py:176} INFO - Processing /opt/airflow/dags/user_processing.py took 0.222 seconds
[2023-07-04T14:41:07.167+0000] {processor.py:154} INFO - Started process (PID=4815) to work on /opt/airflow/dags/user_processing.py
[2023-07-04T14:41:07.168+0000] {processor.py:756} INFO - Processing file /opt/airflow/dags/user_processing.py for tasks to queue
[2023-07-04T14:41:07.168+0000] {logging_mixin.py:120} INFO - [2023-07-04T14:41:07.168+0000] {dagbag.py:537} INFO - Filling up the DagBag from /opt/airflow/dags/user_processing.py
[2023-07-04T14:41:07.215+0000] {processor.py:766} INFO - DAG(s) dict_keys(['user_processing']) retrieved from /opt/airflow/dags/user_processing.py
[2023-07-04T14:41:07.326+0000] {logging_mixin.py:120} INFO - [2023-07-04T14:41:07.326+0000] {dag.py:2585} INFO - Sync 1 DAGs
[2023-07-04T14:41:07.344+0000] {logging_mixin.py:120} INFO - [2023-07-04T14:41:07.343+0000] {dag.py:3340} INFO - Setting next_dagrun for user_processing to 2023-07-03T00:00:00+00:00, run_after=2023-07-04T00:00:00+00:00
[2023-07-04T14:41:07.355+0000] {processor.py:176} INFO - Processing /opt/airflow/dags/user_processing.py took 0.190 seconds
[2023-07-04T14:41:38.042+0000] {processor.py:154} INFO - Started process (PID=4874) to work on /opt/airflow/dags/user_processing.py
[2023-07-04T14:41:38.043+0000] {processor.py:756} INFO - Processing file /opt/airflow/dags/user_processing.py for tasks to queue
[2023-07-04T14:41:38.043+0000] {logging_mixin.py:120} INFO - [2023-07-04T14:41:38.043+0000] {dagbag.py:537} INFO - Filling up the DagBag from /opt/airflow/dags/user_processing.py
[2023-07-04T14:41:38.094+0000] {processor.py:766} INFO - DAG(s) dict_keys(['user_processing']) retrieved from /opt/airflow/dags/user_processing.py
[2023-07-04T14:41:38.214+0000] {logging_mixin.py:120} INFO - [2023-07-04T14:41:38.214+0000] {dag.py:2585} INFO - Sync 1 DAGs
[2023-07-04T14:41:38.232+0000] {logging_mixin.py:120} INFO - [2023-07-04T14:41:38.231+0000] {dag.py:3340} INFO - Setting next_dagrun for user_processing to 2023-07-03T00:00:00+00:00, run_after=2023-07-04T00:00:00+00:00
[2023-07-04T14:41:38.243+0000] {processor.py:176} INFO - Processing /opt/airflow/dags/user_processing.py took 0.203 seconds
[2023-07-04T14:42:08.307+0000] {processor.py:154} INFO - Started process (PID=4932) to work on /opt/airflow/dags/user_processing.py
[2023-07-04T14:42:08.307+0000] {processor.py:756} INFO - Processing file /opt/airflow/dags/user_processing.py for tasks to queue
[2023-07-04T14:42:08.308+0000] {logging_mixin.py:120} INFO - [2023-07-04T14:42:08.308+0000] {dagbag.py:537} INFO - Filling up the DagBag from /opt/airflow/dags/user_processing.py
[2023-07-04T14:42:08.356+0000] {processor.py:766} INFO - DAG(s) dict_keys(['user_processing']) retrieved from /opt/airflow/dags/user_processing.py
[2023-07-04T14:42:08.467+0000] {logging_mixin.py:120} INFO - [2023-07-04T14:42:08.467+0000] {dag.py:2585} INFO - Sync 1 DAGs
[2023-07-04T14:42:08.484+0000] {logging_mixin.py:120} INFO - [2023-07-04T14:42:08.484+0000] {dag.py:3340} INFO - Setting next_dagrun for user_processing to 2023-07-03T00:00:00+00:00, run_after=2023-07-04T00:00:00+00:00
[2023-07-04T14:42:08.497+0000] {processor.py:176} INFO - Processing /opt/airflow/dags/user_processing.py took 0.192 seconds
[2023-07-04T14:42:38.548+0000] {processor.py:154} INFO - Started process (PID=4997) to work on /opt/airflow/dags/user_processing.py
[2023-07-04T14:42:38.548+0000] {processor.py:756} INFO - Processing file /opt/airflow/dags/user_processing.py for tasks to queue
[2023-07-04T14:42:38.549+0000] {logging_mixin.py:120} INFO - [2023-07-04T14:42:38.548+0000] {dagbag.py:537} INFO - Filling up the DagBag from /opt/airflow/dags/user_processing.py
[2023-07-04T14:42:38.605+0000] {processor.py:766} INFO - DAG(s) dict_keys(['user_processing']) retrieved from /opt/airflow/dags/user_processing.py
[2023-07-04T14:42:38.727+0000] {logging_mixin.py:120} INFO - [2023-07-04T14:42:38.727+0000] {dag.py:2585} INFO - Sync 1 DAGs
[2023-07-04T14:42:38.745+0000] {logging_mixin.py:120} INFO - [2023-07-04T14:42:38.745+0000] {dag.py:3340} INFO - Setting next_dagrun for user_processing to 2023-07-03T00:00:00+00:00, run_after=2023-07-04T00:00:00+00:00
[2023-07-04T14:42:38.759+0000] {processor.py:176} INFO - Processing /opt/airflow/dags/user_processing.py took 0.214 seconds
[2023-07-04T14:43:09.524+0000] {processor.py:154} INFO - Started process (PID=5060) to work on /opt/airflow/dags/user_processing.py
[2023-07-04T14:43:09.525+0000] {processor.py:756} INFO - Processing file /opt/airflow/dags/user_processing.py for tasks to queue
[2023-07-04T14:43:09.526+0000] {logging_mixin.py:120} INFO - [2023-07-04T14:43:09.526+0000] {dagbag.py:537} INFO - Filling up the DagBag from /opt/airflow/dags/user_processing.py
[2023-07-04T14:43:09.573+0000] {processor.py:766} INFO - DAG(s) dict_keys(['user_processing']) retrieved from /opt/airflow/dags/user_processing.py
[2023-07-04T14:43:09.682+0000] {logging_mixin.py:120} INFO - [2023-07-04T14:43:09.682+0000] {dag.py:2585} INFO - Sync 1 DAGs
[2023-07-04T14:43:09.698+0000] {logging_mixin.py:120} INFO - [2023-07-04T14:43:09.698+0000] {dag.py:3340} INFO - Setting next_dagrun for user_processing to 2023-07-03T00:00:00+00:00, run_after=2023-07-04T00:00:00+00:00
[2023-07-04T14:43:09.711+0000] {processor.py:176} INFO - Processing /opt/airflow/dags/user_processing.py took 0.190 seconds
[2023-07-04T14:43:40.405+0000] {processor.py:154} INFO - Started process (PID=5124) to work on /opt/airflow/dags/user_processing.py
[2023-07-04T14:43:40.409+0000] {processor.py:756} INFO - Processing file /opt/airflow/dags/user_processing.py for tasks to queue
[2023-07-04T14:43:40.409+0000] {logging_mixin.py:120} INFO - [2023-07-04T14:43:40.409+0000] {dagbag.py:537} INFO - Filling up the DagBag from /opt/airflow/dags/user_processing.py
[2023-07-04T14:43:40.456+0000] {processor.py:766} INFO - DAG(s) dict_keys(['user_processing']) retrieved from /opt/airflow/dags/user_processing.py
[2023-07-04T14:43:40.571+0000] {logging_mixin.py:120} INFO - [2023-07-04T14:43:40.571+0000] {dag.py:2585} INFO - Sync 1 DAGs
[2023-07-04T14:43:40.588+0000] {logging_mixin.py:120} INFO - [2023-07-04T14:43:40.587+0000] {dag.py:3340} INFO - Setting next_dagrun for user_processing to 2023-07-03T00:00:00+00:00, run_after=2023-07-04T00:00:00+00:00
[2023-07-04T14:43:40.599+0000] {processor.py:176} INFO - Processing /opt/airflow/dags/user_processing.py took 0.200 seconds
[2023-07-04T14:44:11.350+0000] {processor.py:154} INFO - Started process (PID=5188) to work on /opt/airflow/dags/user_processing.py
[2023-07-04T14:44:11.354+0000] {processor.py:756} INFO - Processing file /opt/airflow/dags/user_processing.py for tasks to queue
[2023-07-04T14:44:11.354+0000] {logging_mixin.py:120} INFO - [2023-07-04T14:44:11.354+0000] {dagbag.py:537} INFO - Filling up the DagBag from /opt/airflow/dags/user_processing.py
[2023-07-04T14:44:11.401+0000] {processor.py:766} INFO - DAG(s) dict_keys(['user_processing']) retrieved from /opt/airflow/dags/user_processing.py
[2023-07-04T14:44:11.512+0000] {logging_mixin.py:120} INFO - [2023-07-04T14:44:11.512+0000] {dag.py:2585} INFO - Sync 1 DAGs
[2023-07-04T14:44:11.529+0000] {logging_mixin.py:120} INFO - [2023-07-04T14:44:11.529+0000] {dag.py:3340} INFO - Setting next_dagrun for user_processing to 2023-07-03T00:00:00+00:00, run_after=2023-07-04T00:00:00+00:00
[2023-07-04T14:44:11.540+0000] {processor.py:176} INFO - Processing /opt/airflow/dags/user_processing.py took 0.195 seconds
[2023-07-04T14:44:42.293+0000] {processor.py:154} INFO - Started process (PID=5243) to work on /opt/airflow/dags/user_processing.py
[2023-07-04T14:44:42.296+0000] {processor.py:756} INFO - Processing file /opt/airflow/dags/user_processing.py for tasks to queue
[2023-07-04T14:44:42.296+0000] {logging_mixin.py:120} INFO - [2023-07-04T14:44:42.296+0000] {dagbag.py:537} INFO - Filling up the DagBag from /opt/airflow/dags/user_processing.py
[2023-07-04T14:44:42.345+0000] {processor.py:766} INFO - DAG(s) dict_keys(['user_processing']) retrieved from /opt/airflow/dags/user_processing.py
[2023-07-04T14:44:42.457+0000] {logging_mixin.py:120} INFO - [2023-07-04T14:44:42.457+0000] {dag.py:2585} INFO - Sync 1 DAGs
[2023-07-04T14:44:42.475+0000] {logging_mixin.py:120} INFO - [2023-07-04T14:44:42.475+0000] {dag.py:3340} INFO - Setting next_dagrun for user_processing to 2023-07-03T00:00:00+00:00, run_after=2023-07-04T00:00:00+00:00
[2023-07-04T14:44:42.487+0000] {processor.py:176} INFO - Processing /opt/airflow/dags/user_processing.py took 0.196 seconds
[2023-07-04T14:45:12.584+0000] {processor.py:154} INFO - Started process (PID=5308) to work on /opt/airflow/dags/user_processing.py
[2023-07-04T14:45:12.585+0000] {processor.py:756} INFO - Processing file /opt/airflow/dags/user_processing.py for tasks to queue
[2023-07-04T14:45:12.585+0000] {logging_mixin.py:120} INFO - [2023-07-04T14:45:12.585+0000] {dagbag.py:537} INFO - Filling up the DagBag from /opt/airflow/dags/user_processing.py
[2023-07-04T14:45:12.633+0000] {processor.py:766} INFO - DAG(s) dict_keys(['user_processing']) retrieved from /opt/airflow/dags/user_processing.py
[2023-07-04T14:45:12.743+0000] {logging_mixin.py:120} INFO - [2023-07-04T14:45:12.743+0000] {dag.py:2585} INFO - Sync 1 DAGs
[2023-07-04T14:45:12.760+0000] {logging_mixin.py:120} INFO - [2023-07-04T14:45:12.760+0000] {dag.py:3340} INFO - Setting next_dagrun for user_processing to 2023-07-03T00:00:00+00:00, run_after=2023-07-04T00:00:00+00:00
[2023-07-04T14:45:12.772+0000] {processor.py:176} INFO - Processing /opt/airflow/dags/user_processing.py took 0.190 seconds
