[2023-07-08T08:52:42.254+0000] {taskinstance.py:1165} INFO - Dependencies all met for <TaskInstance: parallel_dag.load_a scheduled__2023-07-07T00:00:00+00:00 [queued]>
[2023-07-08T08:52:42.261+0000] {taskinstance.py:1165} INFO - Dependencies all met for <TaskInstance: parallel_dag.load_a scheduled__2023-07-07T00:00:00+00:00 [queued]>
[2023-07-08T08:52:42.261+0000] {taskinstance.py:1362} INFO - 
--------------------------------------------------------------------------------
[2023-07-08T08:52:42.261+0000] {taskinstance.py:1363} INFO - Starting attempt 1 of 1
[2023-07-08T08:52:42.261+0000] {taskinstance.py:1364} INFO - 
--------------------------------------------------------------------------------
[2023-07-08T08:52:42.271+0000] {taskinstance.py:1383} INFO - Executing <Task(BashOperator): load_a> on 2023-07-07 00:00:00+00:00
[2023-07-08T08:52:42.274+0000] {standard_task_runner.py:55} INFO - Started process 72 to run task
[2023-07-08T08:52:42.276+0000] {standard_task_runner.py:82} INFO - Running: ['***', 'tasks', 'run', 'parallel_dag', 'load_a', 'scheduled__2023-07-07T00:00:00+00:00', '--job-id', '52', '--raw', '--subdir', 'DAGS_FOLDER/parallel_dag.py', '--cfg-path', '/tmp/tmp44ylkat_']
[2023-07-08T08:52:42.276+0000] {standard_task_runner.py:83} INFO - Job 52: Subtask load_a
[2023-07-08T08:52:42.310+0000] {task_command.py:376} INFO - Running <TaskInstance: parallel_dag.load_a scheduled__2023-07-07T00:00:00+00:00 [running]> on host c727280cb8a1
[2023-07-08T08:52:42.349+0000] {taskinstance.py:1592} INFO - Exporting the following env vars:
AIRFLOW_CTX_DAG_OWNER=***
AIRFLOW_CTX_DAG_ID=parallel_dag
AIRFLOW_CTX_TASK_ID=load_a
AIRFLOW_CTX_EXECUTION_DATE=2023-07-07T00:00:00+00:00
AIRFLOW_CTX_TRY_NUMBER=1
AIRFLOW_CTX_DAG_RUN_ID=scheduled__2023-07-07T00:00:00+00:00
[2023-07-08T08:52:42.350+0000] {subprocess.py:63} INFO - Tmp dir root location: 
 /tmp
[2023-07-08T08:52:42.350+0000] {subprocess.py:75} INFO - Running command: ['/bin/bash', '-c', 'sleep 10']
[2023-07-08T08:52:42.357+0000] {subprocess.py:86} INFO - Output:
[2023-07-08T11:52:50.601+0000] {subprocess.py:97} INFO - Command exited with return code 0
[2023-07-08T11:52:50.621+0000] {taskinstance.py:1406} INFO - Marking task as SUCCESS. dag_id=parallel_dag, task_id=load_a, execution_date=20230707T000000, start_date=20230708T085242, end_date=20230708T115250
[2023-07-08T11:52:50.635+0000] {local_task_job.py:164} INFO - Task exited with return code 0
[2023-07-08T11:52:50.649+0000] {local_task_job.py:273} INFO - 0 downstream tasks scheduled from follow-on schedule check
