[2023-07-04T13:22:01.049+0000] {taskinstance.py:1165} INFO - Dependencies all met for <TaskInstance: example_bash_operator.run_after_loop scheduled__2023-07-03T00:00:00+00:00 [queued]>
[2023-07-04T13:22:01.055+0000] {taskinstance.py:1165} INFO - Dependencies all met for <TaskInstance: example_bash_operator.run_after_loop scheduled__2023-07-03T00:00:00+00:00 [queued]>
[2023-07-04T13:22:01.055+0000] {taskinstance.py:1362} INFO - 
--------------------------------------------------------------------------------
[2023-07-04T13:22:01.055+0000] {taskinstance.py:1363} INFO - Starting attempt 1 of 1
[2023-07-04T13:22:01.055+0000] {taskinstance.py:1364} INFO - 
--------------------------------------------------------------------------------
[2023-07-04T13:22:01.063+0000] {taskinstance.py:1383} INFO - Executing <Task(BashOperator): run_after_loop> on 2023-07-03 00:00:00+00:00
[2023-07-04T13:22:01.067+0000] {standard_task_runner.py:55} INFO - Started process 347 to run task
[2023-07-04T13:22:01.069+0000] {standard_task_runner.py:82} INFO - Running: ['***', 'tasks', 'run', 'example_bash_operator', 'run_after_loop', 'scheduled__2023-07-03T00:00:00+00:00', '--job-id', '8', '--raw', '--subdir', '/home/***/.local/lib/python3.7/site-packages/***/example_dags/example_bash_operator.py', '--cfg-path', '/tmp/tmpw4gg09eq']
[2023-07-04T13:22:01.069+0000] {standard_task_runner.py:83} INFO - Job 8: Subtask run_after_loop
[2023-07-04T13:22:01.103+0000] {task_command.py:376} INFO - Running <TaskInstance: example_bash_operator.run_after_loop scheduled__2023-07-03T00:00:00+00:00 [running]> on host 7dd72e0090f8
[2023-07-04T13:22:01.143+0000] {taskinstance.py:1592} INFO - Exporting the following env vars:
AIRFLOW_CTX_DAG_OWNER=***
AIRFLOW_CTX_DAG_ID=example_bash_operator
AIRFLOW_CTX_TASK_ID=run_after_loop
AIRFLOW_CTX_EXECUTION_DATE=2023-07-03T00:00:00+00:00
AIRFLOW_CTX_TRY_NUMBER=1
AIRFLOW_CTX_DAG_RUN_ID=scheduled__2023-07-03T00:00:00+00:00
[2023-07-04T13:22:01.144+0000] {subprocess.py:63} INFO - Tmp dir root location: 
 /tmp
[2023-07-04T13:22:01.144+0000] {subprocess.py:75} INFO - Running command: ['/bin/bash', '-c', 'echo 1']
[2023-07-04T13:22:01.152+0000] {subprocess.py:86} INFO - Output:
[2023-07-04T13:22:01.153+0000] {subprocess.py:93} INFO - 1
[2023-07-04T13:22:01.153+0000] {subprocess.py:97} INFO - Command exited with return code 0
[2023-07-04T13:22:01.169+0000] {taskinstance.py:1406} INFO - Marking task as SUCCESS. dag_id=example_bash_operator, task_id=run_after_loop, execution_date=20230703T000000, start_date=20230704T132201, end_date=20230704T132201
[2023-07-04T13:22:01.201+0000] {local_task_job.py:164} INFO - Task exited with return code 0
[2023-07-04T13:22:01.224+0000] {local_task_job.py:273} INFO - 0 downstream tasks scheduled from follow-on schedule check
