[2023-07-08T12:13:55.678+0000] {taskinstance.py:1165} INFO - Dependencies all met for <TaskInstance: group_dag.transforms.transform_c scheduled__2023-07-07T00:00:00+00:00 [queued]>
[2023-07-08T12:13:55.687+0000] {taskinstance.py:1165} INFO - Dependencies all met for <TaskInstance: group_dag.transforms.transform_c scheduled__2023-07-07T00:00:00+00:00 [queued]>
[2023-07-08T12:13:55.687+0000] {taskinstance.py:1362} INFO - 
--------------------------------------------------------------------------------
[2023-07-08T12:13:55.687+0000] {taskinstance.py:1363} INFO - Starting attempt 1 of 1
[2023-07-08T12:13:55.688+0000] {taskinstance.py:1364} INFO - 
--------------------------------------------------------------------------------
[2023-07-08T12:13:55.702+0000] {taskinstance.py:1383} INFO - Executing <Task(BashOperator): transform_c> on 2023-07-07 00:00:00+00:00
[2023-07-08T12:13:55.707+0000] {standard_task_runner.py:55} INFO - Started process 1077 to run task
[2023-07-08T12:13:55.709+0000] {standard_task_runner.py:82} INFO - Running: ['***', 'tasks', 'run', 'group_dag.transforms', 'transform_c', 'scheduled__2023-07-07T00:00:00+00:00', '--job-id', '66', '--raw', '--subdir', 'DAGS_FOLDER/group_dag.py', '--cfg-path', '/tmp/tmpjzoteyvp']
[2023-07-08T12:13:55.710+0000] {standard_task_runner.py:83} INFO - Job 66: Subtask transform_c
[2023-07-08T12:13:55.747+0000] {task_command.py:376} INFO - Running <TaskInstance: group_dag.transforms.transform_c scheduled__2023-07-07T00:00:00+00:00 [running]> on host c727280cb8a1
[2023-07-08T12:13:55.791+0000] {taskinstance.py:1592} INFO - Exporting the following env vars:
AIRFLOW_CTX_DAG_OWNER=***
AIRFLOW_CTX_DAG_ID=group_dag.transforms
AIRFLOW_CTX_TASK_ID=transform_c
AIRFLOW_CTX_EXECUTION_DATE=2023-07-07T00:00:00+00:00
AIRFLOW_CTX_TRY_NUMBER=1
AIRFLOW_CTX_DAG_RUN_ID=scheduled__2023-07-07T00:00:00+00:00
[2023-07-08T12:13:55.792+0000] {subprocess.py:63} INFO - Tmp dir root location: 
 /tmp
[2023-07-08T12:13:55.792+0000] {subprocess.py:75} INFO - Running command: ['/bin/bash', '-c', 'sleep 10']
[2023-07-08T12:13:55.800+0000] {subprocess.py:86} INFO - Output:
[2023-07-08T12:14:05.802+0000] {subprocess.py:97} INFO - Command exited with return code 0
[2023-07-08T12:14:05.825+0000] {taskinstance.py:1406} INFO - Marking task as SUCCESS. dag_id=group_dag.transforms, task_id=transform_c, execution_date=20230707T000000, start_date=20230708T121355, end_date=20230708T121405
[2023-07-08T12:14:05.844+0000] {local_task_job.py:164} INFO - Task exited with return code 0
[2023-07-08T12:14:05.862+0000] {local_task_job.py:273} INFO - 0 downstream tasks scheduled from follow-on schedule check
