[2023-07-08T12:12:42.540+0000] {taskinstance.py:1165} INFO - Dependencies all met for <TaskInstance: group_dag.downloads scheduled__2023-07-07T00:00:00+00:00 [queued]>
[2023-07-08T12:12:42.544+0000] {taskinstance.py:1165} INFO - Dependencies all met for <TaskInstance: group_dag.downloads scheduled__2023-07-07T00:00:00+00:00 [queued]>
[2023-07-08T12:12:42.544+0000] {taskinstance.py:1362} INFO - 
--------------------------------------------------------------------------------
[2023-07-08T12:12:42.544+0000] {taskinstance.py:1363} INFO - Starting attempt 1 of 1
[2023-07-08T12:12:42.544+0000] {taskinstance.py:1364} INFO - 
--------------------------------------------------------------------------------
[2023-07-08T12:12:42.553+0000] {taskinstance.py:1383} INFO - Executing <Task(SubDagOperator): downloads> on 2023-07-07 00:00:00+00:00
[2023-07-08T12:12:42.556+0000] {standard_task_runner.py:55} INFO - Started process 984 to run task
[2023-07-08T12:12:42.558+0000] {standard_task_runner.py:82} INFO - Running: ['***', 'tasks', 'run', 'group_dag', 'downloads', 'scheduled__2023-07-07T00:00:00+00:00', '--job-id', '56', '--raw', '--subdir', 'DAGS_FOLDER/group_dag.py', '--cfg-path', '/tmp/tmpy72p3k4k']
[2023-07-08T12:12:42.558+0000] {standard_task_runner.py:83} INFO - Job 56: Subtask downloads
[2023-07-08T12:12:42.591+0000] {task_command.py:376} INFO - Running <TaskInstance: group_dag.downloads scheduled__2023-07-07T00:00:00+00:00 [running]> on host c727280cb8a1
[2023-07-08T12:12:42.630+0000] {taskinstance.py:1592} INFO - Exporting the following env vars:
AIRFLOW_CTX_DAG_OWNER=***
AIRFLOW_CTX_DAG_ID=group_dag
AIRFLOW_CTX_TASK_ID=downloads
AIRFLOW_CTX_EXECUTION_DATE=2023-07-07T00:00:00+00:00
AIRFLOW_CTX_TRY_NUMBER=1
AIRFLOW_CTX_DAG_RUN_ID=scheduled__2023-07-07T00:00:00+00:00
[2023-07-08T12:12:42.631+0000] {warnings.py:110} WARNING - /home/***/.local/lib/python3.7/site-packages/***/utils/context.py:204: AirflowContextDeprecationWarning: Accessing 'execution_date' from the template is deprecated and will be removed in a future version. Please use 'data_interval_start' or 'logical_date' instead.
  warnings.warn(_create_deprecation_warning(key, self._deprecation_replacements[key]))

[2023-07-08T12:12:42.650+0000] {subdag.py:171} INFO - Created DagRun: scheduled__2023-07-07T00:00:00+00:00
[2023-07-08T12:13:42.759+0000] {base.py:213} INFO - Success criteria met. Exiting.
[2023-07-08T12:13:42.771+0000] {subdag.py:186} INFO - Execution finished. State is success
[2023-07-08T12:13:42.785+0000] {taskinstance.py:1406} INFO - Marking task as SUCCESS. dag_id=group_dag, task_id=downloads, execution_date=20230707T000000, start_date=20230708T121242, end_date=20230708T121342
[2023-07-08T12:13:42.849+0000] {local_task_job.py:164} INFO - Task exited with return code 0
[2023-07-08T12:13:42.907+0000] {local_task_job.py:273} INFO - 1 downstream tasks scheduled from follow-on schedule check
