[2023-07-06T12:16:42.522+0000] {taskinstance.py:1165} INFO - Dependencies all met for <TaskInstance: user_processing.extract_user scheduled__2023-07-05T00:00:00+00:00 [queued]>
[2023-07-06T12:16:42.528+0000] {taskinstance.py:1165} INFO - Dependencies all met for <TaskInstance: user_processing.extract_user scheduled__2023-07-05T00:00:00+00:00 [queued]>
[2023-07-06T12:16:42.529+0000] {taskinstance.py:1362} INFO - 
--------------------------------------------------------------------------------
[2023-07-06T12:16:42.529+0000] {taskinstance.py:1363} INFO - Starting attempt 1 of 1
[2023-07-06T12:16:42.529+0000] {taskinstance.py:1364} INFO - 
--------------------------------------------------------------------------------
[2023-07-06T12:16:42.536+0000] {taskinstance.py:1383} INFO - Executing <Task(SimpleHttpOperator): extract_user> on 2023-07-05 00:00:00+00:00
[2023-07-06T12:16:42.541+0000] {standard_task_runner.py:55} INFO - Started process 291 to run task
[2023-07-06T12:16:42.543+0000] {standard_task_runner.py:82} INFO - Running: ['***', 'tasks', 'run', 'user_processing', 'extract_user', 'scheduled__2023-07-05T00:00:00+00:00', '--job-id', '19', '--raw', '--subdir', 'DAGS_FOLDER/user_processing.py', '--cfg-path', '/tmp/tmpftza7t09']
[2023-07-06T12:16:42.544+0000] {standard_task_runner.py:83} INFO - Job 19: Subtask extract_user
[2023-07-06T12:16:42.578+0000] {task_command.py:376} INFO - Running <TaskInstance: user_processing.extract_user scheduled__2023-07-05T00:00:00+00:00 [running]> on host 7dd72e0090f8
[2023-07-06T12:16:42.615+0000] {taskinstance.py:1592} INFO - Exporting the following env vars:
AIRFLOW_CTX_DAG_OWNER=***
AIRFLOW_CTX_DAG_ID=user_processing
AIRFLOW_CTX_TASK_ID=extract_user
AIRFLOW_CTX_EXECUTION_DATE=2023-07-05T00:00:00+00:00
AIRFLOW_CTX_TRY_NUMBER=1
AIRFLOW_CTX_DAG_RUN_ID=scheduled__2023-07-05T00:00:00+00:00
[2023-07-06T12:16:42.616+0000] {http.py:121} INFO - Calling HTTP method
[2023-07-06T12:16:42.621+0000] {base.py:71} INFO - Using connection ID 'user_api' for task execution.
[2023-07-06T12:16:42.622+0000] {http.py:148} INFO - Sending 'GET' to url: https://randomuser.me/api/
[2023-07-06T12:16:42.928+0000] {http.py:125} INFO - {"results":[{"gender":"female","name":{"title":"Miss","first":"Nanna","last":"Mutlu"},"location":{"street":{"number":5533,"name":"Eremietenhove"},"city":"Hoogerheide","state":"Noord-Holland","country":"Netherlands","postcode":"8179 AY","coordinates":{"latitude":"33.5241","longitude":"66.9335"},"timezone":{"offset":"+5:45","description":"Kathmandu"}},"email":"nanna.mutlu@example.com","login":{"uuid":"a73b8859-c372-4bbb-a9c0-8607e16f3c9f","username":"angrylion440","password":"shai","salt":"oEkTTSNK","md5":"ffcc8ea45595443c5170d7687d868428","sha1":"87cb1a291ba541abb2ead38d718b0077b763e384","sha256":"a9d6a4a66a4bfde6dfa6de0f7f3adce72f87c2ea5998e5a0c99085610810b460"},"dob":{"date":"1945-10-01T12:22:41.611Z","age":77},"registered":{"date":"2012-03-21T19:26:26.936Z","age":11},"phone":"(004) 9176994","cell":"(06) 24908919","id":{"name":"BSN","value":"71648812"},"picture":{"large":"https://randomuser.me/api/portraits/women/88.jpg","medium":"https://randomuser.me/api/portraits/med/women/88.jpg","thumbnail":"https://randomuser.me/api/portraits/thumb/women/88.jpg"},"nat":"NL"}],"info":{"seed":"3bf16d3dbcf5ec66","results":1,"page":1,"version":"1.4"}}
[2023-07-06T12:16:42.976+0000] {taskinstance.py:1406} INFO - Marking task as SUCCESS. dag_id=user_processing, task_id=extract_user, execution_date=20230705T000000, start_date=20230706T121642, end_date=20230706T121642
[2023-07-06T12:16:43.036+0000] {local_task_job.py:164} INFO - Task exited with return code 0
[2023-07-06T12:16:43.075+0000] {local_task_job.py:273} INFO - 1 downstream tasks scheduled from follow-on schedule check
