[2023-07-07T12:36:26.438+0000] {taskinstance.py:1165} INFO - Dependencies all met for <TaskInstance: parallel_dag.transform scheduled__2023-07-06T00:00:00+00:00 [queued]>
[2023-07-07T12:36:26.444+0000] {taskinstance.py:1165} INFO - Dependencies all met for <TaskInstance: parallel_dag.transform scheduled__2023-07-06T00:00:00+00:00 [queued]>
[2023-07-07T12:36:26.444+0000] {taskinstance.py:1362} INFO - 
--------------------------------------------------------------------------------
[2023-07-07T12:36:26.444+0000] {taskinstance.py:1363} INFO - Starting attempt 1 of 1
[2023-07-07T12:36:26.444+0000] {taskinstance.py:1364} INFO - 
--------------------------------------------------------------------------------
[2023-07-07T12:36:26.452+0000] {taskinstance.py:1383} INFO - Executing <Task(BashOperator): transform> on 2023-07-06 00:00:00+00:00
[2023-07-07T12:36:26.456+0000] {standard_task_runner.py:55} INFO - Started process 357 to run task
[2023-07-07T12:36:26.458+0000] {standard_task_runner.py:82} INFO - Running: ['***', 'tasks', 'run', 'parallel_dag', 'transform', 'scheduled__2023-07-06T00:00:00+00:00', '--job-id', '45', '--raw', '--subdir', 'DAGS_FOLDER/parallel_dag.py', '--cfg-path', '/tmp/tmpitu9bgri']
[2023-07-07T12:36:26.458+0000] {standard_task_runner.py:83} INFO - Job 45: Subtask transform
[2023-07-07T12:36:26.492+0000] {task_command.py:376} INFO - Running <TaskInstance: parallel_dag.transform scheduled__2023-07-06T00:00:00+00:00 [running]> on host c727280cb8a1
[2023-07-07T12:36:26.531+0000] {taskinstance.py:1592} INFO - Exporting the following env vars:
AIRFLOW_CTX_DAG_OWNER=***
AIRFLOW_CTX_DAG_ID=parallel_dag
AIRFLOW_CTX_TASK_ID=transform
AIRFLOW_CTX_EXECUTION_DATE=2023-07-06T00:00:00+00:00
AIRFLOW_CTX_TRY_NUMBER=1
AIRFLOW_CTX_DAG_RUN_ID=scheduled__2023-07-06T00:00:00+00:00
[2023-07-07T12:36:26.532+0000] {subprocess.py:63} INFO - Tmp dir root location: 
 /tmp
[2023-07-07T12:36:26.532+0000] {subprocess.py:75} INFO - Running command: ['/bin/bash', '-c', 'sleep 10']
[2023-07-07T12:36:26.542+0000] {subprocess.py:86} INFO - Output:
[2023-07-07T12:36:36.544+0000] {subprocess.py:97} INFO - Command exited with return code 0
[2023-07-07T12:36:36.565+0000] {taskinstance.py:1406} INFO - Marking task as SUCCESS. dag_id=parallel_dag, task_id=transform, execution_date=20230706T000000, start_date=20230707T123626, end_date=20230707T123636
[2023-07-07T12:36:36.580+0000] {local_task_job.py:164} INFO - Task exited with return code 0
[2023-07-07T12:36:36.592+0000] {local_task_job.py:273} INFO - 0 downstream tasks scheduled from follow-on schedule check
