[2023-07-07T12:00:26.061+0000] {processor.py:154} INFO - Started process (PID=67) to work on /home/airflow/.local/lib/python3.7/site-packages/airflow/example_dags/example_branch_datetime_operator.py
[2023-07-07T12:00:26.062+0000] {processor.py:756} INFO - Processing file /home/airflow/.local/lib/python3.7/site-packages/airflow/example_dags/example_branch_datetime_operator.py for tasks to queue
[2023-07-07T12:00:26.062+0000] {logging_mixin.py:120} INFO - [2023-07-07T12:00:26.062+0000] {dagbag.py:537} INFO - Filling up the DagBag from /home/airflow/.local/lib/python3.7/site-packages/airflow/example_dags/example_branch_datetime_operator.py
[2023-07-07T12:00:26.081+0000] {processor.py:766} INFO - DAG(s) dict_keys(['example_branch_datetime_operator', 'example_branch_datetime_operator_2', 'example_branch_datetime_operator_3']) retrieved from /home/airflow/.local/lib/python3.7/site-packages/airflow/example_dags/example_branch_datetime_operator.py
[2023-07-07T12:00:26.129+0000] {logging_mixin.py:120} INFO - [2023-07-07T12:00:26.128+0000] {dag.py:2585} INFO - Sync 3 DAGs
[2023-07-07T12:00:26.158+0000] {logging_mixin.py:120} INFO - [2023-07-07T12:00:26.157+0000] {dag.py:3340} INFO - Setting next_dagrun for example_branch_datetime_operator to 2023-07-06T00:00:00+00:00, run_after=2023-07-07T00:00:00+00:00
[2023-07-07T12:00:26.162+0000] {logging_mixin.py:120} INFO - [2023-07-07T12:00:26.162+0000] {dag.py:3340} INFO - Setting next_dagrun for example_branch_datetime_operator_2 to 2023-07-06T00:00:00+00:00, run_after=2023-07-07T00:00:00+00:00
[2023-07-07T12:00:26.165+0000] {logging_mixin.py:120} INFO - [2023-07-07T12:00:26.164+0000] {dag.py:3340} INFO - Setting next_dagrun for example_branch_datetime_operator_3 to 2023-07-06T00:00:00+00:00, run_after=2023-07-07T00:00:00+00:00
[2023-07-07T12:00:26.215+0000] {processor.py:176} INFO - Processing /home/airflow/.local/lib/python3.7/site-packages/airflow/example_dags/example_branch_datetime_operator.py took 0.156 seconds
[2023-07-07T12:00:56.468+0000] {processor.py:154} INFO - Started process (PID=133) to work on /home/airflow/.local/lib/python3.7/site-packages/airflow/example_dags/example_branch_datetime_operator.py
[2023-07-07T12:00:56.469+0000] {processor.py:756} INFO - Processing file /home/airflow/.local/lib/python3.7/site-packages/airflow/example_dags/example_branch_datetime_operator.py for tasks to queue
[2023-07-07T12:00:56.469+0000] {logging_mixin.py:120} INFO - [2023-07-07T12:00:56.469+0000] {dagbag.py:537} INFO - Filling up the DagBag from /home/airflow/.local/lib/python3.7/site-packages/airflow/example_dags/example_branch_datetime_operator.py
[2023-07-07T12:00:56.479+0000] {processor.py:766} INFO - DAG(s) dict_keys(['example_branch_datetime_operator_2', 'example_branch_datetime_operator_3', 'example_branch_datetime_operator']) retrieved from /home/airflow/.local/lib/python3.7/site-packages/airflow/example_dags/example_branch_datetime_operator.py
[2023-07-07T12:00:56.505+0000] {logging_mixin.py:120} INFO - [2023-07-07T12:00:56.504+0000] {dag.py:2585} INFO - Sync 3 DAGs
[2023-07-07T12:00:56.521+0000] {logging_mixin.py:120} INFO - [2023-07-07T12:00:56.521+0000] {dag.py:3340} INFO - Setting next_dagrun for example_branch_datetime_operator to 2023-07-06T00:00:00+00:00, run_after=2023-07-07T00:00:00+00:00
[2023-07-07T12:00:56.524+0000] {logging_mixin.py:120} INFO - [2023-07-07T12:00:56.524+0000] {dag.py:3340} INFO - Setting next_dagrun for example_branch_datetime_operator_2 to 2023-07-06T00:00:00+00:00, run_after=2023-07-07T00:00:00+00:00
[2023-07-07T12:00:56.526+0000] {logging_mixin.py:120} INFO - [2023-07-07T12:00:56.526+0000] {dag.py:3340} INFO - Setting next_dagrun for example_branch_datetime_operator_3 to 2023-07-06T00:00:00+00:00, run_after=2023-07-07T00:00:00+00:00
[2023-07-07T12:00:56.536+0000] {processor.py:176} INFO - Processing /home/airflow/.local/lib/python3.7/site-packages/airflow/example_dags/example_branch_datetime_operator.py took 0.070 seconds
[2023-07-07T12:01:27.978+0000] {processor.py:154} INFO - Started process (PID=202) to work on /home/airflow/.local/lib/python3.7/site-packages/airflow/example_dags/example_branch_datetime_operator.py
[2023-07-07T12:01:27.979+0000] {processor.py:756} INFO - Processing file /home/airflow/.local/lib/python3.7/site-packages/airflow/example_dags/example_branch_datetime_operator.py for tasks to queue
[2023-07-07T12:01:27.979+0000] {logging_mixin.py:120} INFO - [2023-07-07T12:01:27.979+0000] {dagbag.py:537} INFO - Filling up the DagBag from /home/airflow/.local/lib/python3.7/site-packages/airflow/example_dags/example_branch_datetime_operator.py
[2023-07-07T12:01:27.991+0000] {processor.py:766} INFO - DAG(s) dict_keys(['example_branch_datetime_operator', 'example_branch_datetime_operator_3', 'example_branch_datetime_operator_2']) retrieved from /home/airflow/.local/lib/python3.7/site-packages/airflow/example_dags/example_branch_datetime_operator.py
[2023-07-07T12:01:28.019+0000] {logging_mixin.py:120} INFO - [2023-07-07T12:01:28.019+0000] {dag.py:2585} INFO - Sync 3 DAGs
[2023-07-07T12:01:28.036+0000] {logging_mixin.py:120} INFO - [2023-07-07T12:01:28.036+0000] {dag.py:3340} INFO - Setting next_dagrun for example_branch_datetime_operator to 2023-07-06T00:00:00+00:00, run_after=2023-07-07T00:00:00+00:00
[2023-07-07T12:01:28.039+0000] {logging_mixin.py:120} INFO - [2023-07-07T12:01:28.039+0000] {dag.py:3340} INFO - Setting next_dagrun for example_branch_datetime_operator_2 to 2023-07-06T00:00:00+00:00, run_after=2023-07-07T00:00:00+00:00
[2023-07-07T12:01:28.041+0000] {logging_mixin.py:120} INFO - [2023-07-07T12:01:28.041+0000] {dag.py:3340} INFO - Setting next_dagrun for example_branch_datetime_operator_3 to 2023-07-06T00:00:00+00:00, run_after=2023-07-07T00:00:00+00:00
[2023-07-07T12:01:28.052+0000] {processor.py:176} INFO - Processing /home/airflow/.local/lib/python3.7/site-packages/airflow/example_dags/example_branch_datetime_operator.py took 0.076 seconds
[2023-07-07T12:01:59.492+0000] {processor.py:154} INFO - Started process (PID=269) to work on /home/airflow/.local/lib/python3.7/site-packages/airflow/example_dags/example_branch_datetime_operator.py
[2023-07-07T12:01:59.493+0000] {processor.py:756} INFO - Processing file /home/airflow/.local/lib/python3.7/site-packages/airflow/example_dags/example_branch_datetime_operator.py for tasks to queue
[2023-07-07T12:01:59.493+0000] {logging_mixin.py:120} INFO - [2023-07-07T12:01:59.493+0000] {dagbag.py:537} INFO - Filling up the DagBag from /home/airflow/.local/lib/python3.7/site-packages/airflow/example_dags/example_branch_datetime_operator.py
[2023-07-07T12:01:59.504+0000] {processor.py:766} INFO - DAG(s) dict_keys(['example_branch_datetime_operator_3', 'example_branch_datetime_operator', 'example_branch_datetime_operator_2']) retrieved from /home/airflow/.local/lib/python3.7/site-packages/airflow/example_dags/example_branch_datetime_operator.py
[2023-07-07T12:01:59.531+0000] {logging_mixin.py:120} INFO - [2023-07-07T12:01:59.531+0000] {dag.py:2585} INFO - Sync 3 DAGs
[2023-07-07T12:01:59.549+0000] {logging_mixin.py:120} INFO - [2023-07-07T12:01:59.549+0000] {dag.py:3340} INFO - Setting next_dagrun for example_branch_datetime_operator to 2023-07-06T00:00:00+00:00, run_after=2023-07-07T00:00:00+00:00
[2023-07-07T12:01:59.552+0000] {logging_mixin.py:120} INFO - [2023-07-07T12:01:59.552+0000] {dag.py:3340} INFO - Setting next_dagrun for example_branch_datetime_operator_2 to 2023-07-06T00:00:00+00:00, run_after=2023-07-07T00:00:00+00:00
[2023-07-07T12:01:59.554+0000] {logging_mixin.py:120} INFO - [2023-07-07T12:01:59.553+0000] {dag.py:3340} INFO - Setting next_dagrun for example_branch_datetime_operator_3 to 2023-07-06T00:00:00+00:00, run_after=2023-07-07T00:00:00+00:00
[2023-07-07T12:01:59.564+0000] {processor.py:176} INFO - Processing /home/airflow/.local/lib/python3.7/site-packages/airflow/example_dags/example_branch_datetime_operator.py took 0.073 seconds
[2023-07-07T12:02:37.427+0000] {processor.py:154} INFO - Started process (PID=68) to work on /home/airflow/.local/lib/python3.7/site-packages/airflow/example_dags/example_branch_datetime_operator.py
[2023-07-07T12:02:37.430+0000] {processor.py:756} INFO - Processing file /home/airflow/.local/lib/python3.7/site-packages/airflow/example_dags/example_branch_datetime_operator.py for tasks to queue
[2023-07-07T12:02:37.431+0000] {logging_mixin.py:120} INFO - [2023-07-07T12:02:37.431+0000] {dagbag.py:537} INFO - Filling up the DagBag from /home/airflow/.local/lib/python3.7/site-packages/airflow/example_dags/example_branch_datetime_operator.py
[2023-07-07T12:02:37.456+0000] {processor.py:766} INFO - DAG(s) dict_keys(['example_branch_datetime_operator', 'example_branch_datetime_operator_3', 'example_branch_datetime_operator_2']) retrieved from /home/airflow/.local/lib/python3.7/site-packages/airflow/example_dags/example_branch_datetime_operator.py
[2023-07-07T12:02:37.524+0000] {logging_mixin.py:120} INFO - [2023-07-07T12:02:37.523+0000] {dag.py:2585} INFO - Sync 3 DAGs
[2023-07-07T12:02:37.559+0000] {logging_mixin.py:120} INFO - [2023-07-07T12:02:37.559+0000] {dag.py:3340} INFO - Setting next_dagrun for example_branch_datetime_operator to 2023-07-06T00:00:00+00:00, run_after=2023-07-07T00:00:00+00:00
[2023-07-07T12:02:37.565+0000] {logging_mixin.py:120} INFO - [2023-07-07T12:02:37.565+0000] {dag.py:3340} INFO - Setting next_dagrun for example_branch_datetime_operator_2 to 2023-07-06T00:00:00+00:00, run_after=2023-07-07T00:00:00+00:00
[2023-07-07T12:02:37.569+0000] {logging_mixin.py:120} INFO - [2023-07-07T12:02:37.569+0000] {dag.py:3340} INFO - Setting next_dagrun for example_branch_datetime_operator_3 to 2023-07-06T00:00:00+00:00, run_after=2023-07-07T00:00:00+00:00
[2023-07-07T12:02:37.591+0000] {processor.py:176} INFO - Processing /home/airflow/.local/lib/python3.7/site-packages/airflow/example_dags/example_branch_datetime_operator.py took 0.167 seconds
[2023-07-07T12:03:07.912+0000] {processor.py:154} INFO - Started process (PID=135) to work on /home/airflow/.local/lib/python3.7/site-packages/airflow/example_dags/example_branch_datetime_operator.py
[2023-07-07T12:03:07.913+0000] {processor.py:756} INFO - Processing file /home/airflow/.local/lib/python3.7/site-packages/airflow/example_dags/example_branch_datetime_operator.py for tasks to queue
[2023-07-07T12:03:07.913+0000] {logging_mixin.py:120} INFO - [2023-07-07T12:03:07.913+0000] {dagbag.py:537} INFO - Filling up the DagBag from /home/airflow/.local/lib/python3.7/site-packages/airflow/example_dags/example_branch_datetime_operator.py
[2023-07-07T12:03:07.925+0000] {processor.py:766} INFO - DAG(s) dict_keys(['example_branch_datetime_operator_2', 'example_branch_datetime_operator_3', 'example_branch_datetime_operator']) retrieved from /home/airflow/.local/lib/python3.7/site-packages/airflow/example_dags/example_branch_datetime_operator.py
[2023-07-07T12:03:07.954+0000] {logging_mixin.py:120} INFO - [2023-07-07T12:03:07.954+0000] {dag.py:2585} INFO - Sync 3 DAGs
[2023-07-07T12:03:07.973+0000] {logging_mixin.py:120} INFO - [2023-07-07T12:03:07.973+0000] {dag.py:3340} INFO - Setting next_dagrun for example_branch_datetime_operator to 2023-07-06T00:00:00+00:00, run_after=2023-07-07T00:00:00+00:00
[2023-07-07T12:03:07.977+0000] {logging_mixin.py:120} INFO - [2023-07-07T12:03:07.977+0000] {dag.py:3340} INFO - Setting next_dagrun for example_branch_datetime_operator_2 to 2023-07-06T00:00:00+00:00, run_after=2023-07-07T00:00:00+00:00
[2023-07-07T12:03:07.978+0000] {logging_mixin.py:120} INFO - [2023-07-07T12:03:07.978+0000] {dag.py:3340} INFO - Setting next_dagrun for example_branch_datetime_operator_3 to 2023-07-06T00:00:00+00:00, run_after=2023-07-07T00:00:00+00:00
[2023-07-07T12:03:07.990+0000] {processor.py:176} INFO - Processing /home/airflow/.local/lib/python3.7/site-packages/airflow/example_dags/example_branch_datetime_operator.py took 0.080 seconds
[2023-07-07T12:03:38.161+0000] {processor.py:154} INFO - Started process (PID=202) to work on /home/airflow/.local/lib/python3.7/site-packages/airflow/example_dags/example_branch_datetime_operator.py
[2023-07-07T12:03:38.161+0000] {processor.py:756} INFO - Processing file /home/airflow/.local/lib/python3.7/site-packages/airflow/example_dags/example_branch_datetime_operator.py for tasks to queue
[2023-07-07T12:03:38.161+0000] {logging_mixin.py:120} INFO - [2023-07-07T12:03:38.161+0000] {dagbag.py:537} INFO - Filling up the DagBag from /home/airflow/.local/lib/python3.7/site-packages/airflow/example_dags/example_branch_datetime_operator.py
[2023-07-07T12:03:38.171+0000] {processor.py:766} INFO - DAG(s) dict_keys(['example_branch_datetime_operator', 'example_branch_datetime_operator_2', 'example_branch_datetime_operator_3']) retrieved from /home/airflow/.local/lib/python3.7/site-packages/airflow/example_dags/example_branch_datetime_operator.py
[2023-07-07T12:03:38.199+0000] {logging_mixin.py:120} INFO - [2023-07-07T12:03:38.198+0000] {dag.py:2585} INFO - Sync 3 DAGs
[2023-07-07T12:03:38.215+0000] {logging_mixin.py:120} INFO - [2023-07-07T12:03:38.215+0000] {dag.py:3340} INFO - Setting next_dagrun for example_branch_datetime_operator to 2023-07-06T00:00:00+00:00, run_after=2023-07-07T00:00:00+00:00
[2023-07-07T12:03:38.218+0000] {logging_mixin.py:120} INFO - [2023-07-07T12:03:38.218+0000] {dag.py:3340} INFO - Setting next_dagrun for example_branch_datetime_operator_2 to 2023-07-06T00:00:00+00:00, run_after=2023-07-07T00:00:00+00:00
[2023-07-07T12:03:38.220+0000] {logging_mixin.py:120} INFO - [2023-07-07T12:03:38.220+0000] {dag.py:3340} INFO - Setting next_dagrun for example_branch_datetime_operator_3 to 2023-07-06T00:00:00+00:00, run_after=2023-07-07T00:00:00+00:00
[2023-07-07T12:03:38.231+0000] {processor.py:176} INFO - Processing /home/airflow/.local/lib/python3.7/site-packages/airflow/example_dags/example_branch_datetime_operator.py took 0.072 seconds
[2023-07-07T12:04:08.369+0000] {processor.py:154} INFO - Started process (PID=270) to work on /home/airflow/.local/lib/python3.7/site-packages/airflow/example_dags/example_branch_datetime_operator.py
[2023-07-07T12:04:08.370+0000] {processor.py:756} INFO - Processing file /home/airflow/.local/lib/python3.7/site-packages/airflow/example_dags/example_branch_datetime_operator.py for tasks to queue
[2023-07-07T12:04:08.371+0000] {logging_mixin.py:120} INFO - [2023-07-07T12:04:08.371+0000] {dagbag.py:537} INFO - Filling up the DagBag from /home/airflow/.local/lib/python3.7/site-packages/airflow/example_dags/example_branch_datetime_operator.py
[2023-07-07T12:04:08.382+0000] {processor.py:766} INFO - DAG(s) dict_keys(['example_branch_datetime_operator_2', 'example_branch_datetime_operator_3', 'example_branch_datetime_operator']) retrieved from /home/airflow/.local/lib/python3.7/site-packages/airflow/example_dags/example_branch_datetime_operator.py
[2023-07-07T12:04:08.415+0000] {logging_mixin.py:120} INFO - [2023-07-07T12:04:08.415+0000] {dag.py:2585} INFO - Sync 3 DAGs
[2023-07-07T12:04:08.433+0000] {logging_mixin.py:120} INFO - [2023-07-07T12:04:08.433+0000] {dag.py:3340} INFO - Setting next_dagrun for example_branch_datetime_operator to 2023-07-06T00:00:00+00:00, run_after=2023-07-07T00:00:00+00:00
[2023-07-07T12:04:08.437+0000] {logging_mixin.py:120} INFO - [2023-07-07T12:04:08.437+0000] {dag.py:3340} INFO - Setting next_dagrun for example_branch_datetime_operator_2 to 2023-07-06T00:00:00+00:00, run_after=2023-07-07T00:00:00+00:00
[2023-07-07T12:04:08.439+0000] {logging_mixin.py:120} INFO - [2023-07-07T12:04:08.439+0000] {dag.py:3340} INFO - Setting next_dagrun for example_branch_datetime_operator_3 to 2023-07-06T00:00:00+00:00, run_after=2023-07-07T00:00:00+00:00
[2023-07-07T12:04:08.451+0000] {processor.py:176} INFO - Processing /home/airflow/.local/lib/python3.7/site-packages/airflow/example_dags/example_branch_datetime_operator.py took 0.083 seconds
[2023-07-07T12:04:38.660+0000] {processor.py:154} INFO - Started process (PID=328) to work on /home/airflow/.local/lib/python3.7/site-packages/airflow/example_dags/example_branch_datetime_operator.py
[2023-07-07T12:04:38.661+0000] {processor.py:756} INFO - Processing file /home/airflow/.local/lib/python3.7/site-packages/airflow/example_dags/example_branch_datetime_operator.py for tasks to queue
[2023-07-07T12:04:38.661+0000] {logging_mixin.py:120} INFO - [2023-07-07T12:04:38.661+0000] {dagbag.py:537} INFO - Filling up the DagBag from /home/airflow/.local/lib/python3.7/site-packages/airflow/example_dags/example_branch_datetime_operator.py
[2023-07-07T12:04:38.672+0000] {processor.py:766} INFO - DAG(s) dict_keys(['example_branch_datetime_operator_2', 'example_branch_datetime_operator_3', 'example_branch_datetime_operator']) retrieved from /home/airflow/.local/lib/python3.7/site-packages/airflow/example_dags/example_branch_datetime_operator.py
[2023-07-07T12:04:38.699+0000] {logging_mixin.py:120} INFO - [2023-07-07T12:04:38.699+0000] {dag.py:2585} INFO - Sync 3 DAGs
[2023-07-07T12:04:38.716+0000] {logging_mixin.py:120} INFO - [2023-07-07T12:04:38.716+0000] {dag.py:3340} INFO - Setting next_dagrun for example_branch_datetime_operator to 2023-07-06T00:00:00+00:00, run_after=2023-07-07T00:00:00+00:00
[2023-07-07T12:04:38.719+0000] {logging_mixin.py:120} INFO - [2023-07-07T12:04:38.719+0000] {dag.py:3340} INFO - Setting next_dagrun for example_branch_datetime_operator_2 to 2023-07-06T00:00:00+00:00, run_after=2023-07-07T00:00:00+00:00
[2023-07-07T12:04:38.721+0000] {logging_mixin.py:120} INFO - [2023-07-07T12:04:38.721+0000] {dag.py:3340} INFO - Setting next_dagrun for example_branch_datetime_operator_3 to 2023-07-06T00:00:00+00:00, run_after=2023-07-07T00:00:00+00:00
[2023-07-07T12:04:38.732+0000] {processor.py:176} INFO - Processing /home/airflow/.local/lib/python3.7/site-packages/airflow/example_dags/example_branch_datetime_operator.py took 0.074 seconds
[2023-07-07T12:05:09.819+0000] {processor.py:154} INFO - Started process (PID=396) to work on /home/airflow/.local/lib/python3.7/site-packages/airflow/example_dags/example_branch_datetime_operator.py
[2023-07-07T12:05:09.820+0000] {processor.py:756} INFO - Processing file /home/airflow/.local/lib/python3.7/site-packages/airflow/example_dags/example_branch_datetime_operator.py for tasks to queue
[2023-07-07T12:05:09.821+0000] {logging_mixin.py:120} INFO - [2023-07-07T12:05:09.821+0000] {dagbag.py:537} INFO - Filling up the DagBag from /home/airflow/.local/lib/python3.7/site-packages/airflow/example_dags/example_branch_datetime_operator.py
[2023-07-07T12:05:09.833+0000] {processor.py:766} INFO - DAG(s) dict_keys(['example_branch_datetime_operator_2', 'example_branch_datetime_operator', 'example_branch_datetime_operator_3']) retrieved from /home/airflow/.local/lib/python3.7/site-packages/airflow/example_dags/example_branch_datetime_operator.py
[2023-07-07T12:05:09.863+0000] {logging_mixin.py:120} INFO - [2023-07-07T12:05:09.863+0000] {dag.py:2585} INFO - Sync 3 DAGs
[2023-07-07T12:05:09.882+0000] {logging_mixin.py:120} INFO - [2023-07-07T12:05:09.882+0000] {dag.py:3340} INFO - Setting next_dagrun for example_branch_datetime_operator to 2023-07-06T00:00:00+00:00, run_after=2023-07-07T00:00:00+00:00
[2023-07-07T12:05:09.885+0000] {logging_mixin.py:120} INFO - [2023-07-07T12:05:09.885+0000] {dag.py:3340} INFO - Setting next_dagrun for example_branch_datetime_operator_2 to 2023-07-06T00:00:00+00:00, run_after=2023-07-07T00:00:00+00:00
[2023-07-07T12:05:09.886+0000] {logging_mixin.py:120} INFO - [2023-07-07T12:05:09.886+0000] {dag.py:3340} INFO - Setting next_dagrun for example_branch_datetime_operator_3 to 2023-07-06T00:00:00+00:00, run_after=2023-07-07T00:00:00+00:00
[2023-07-07T12:05:09.898+0000] {processor.py:176} INFO - Processing /home/airflow/.local/lib/python3.7/site-packages/airflow/example_dags/example_branch_datetime_operator.py took 0.080 seconds
[2023-07-07T12:05:40.113+0000] {processor.py:154} INFO - Started process (PID=464) to work on /home/airflow/.local/lib/python3.7/site-packages/airflow/example_dags/example_branch_datetime_operator.py
[2023-07-07T12:05:40.114+0000] {processor.py:756} INFO - Processing file /home/airflow/.local/lib/python3.7/site-packages/airflow/example_dags/example_branch_datetime_operator.py for tasks to queue
[2023-07-07T12:05:40.115+0000] {logging_mixin.py:120} INFO - [2023-07-07T12:05:40.115+0000] {dagbag.py:537} INFO - Filling up the DagBag from /home/airflow/.local/lib/python3.7/site-packages/airflow/example_dags/example_branch_datetime_operator.py
[2023-07-07T12:05:40.126+0000] {processor.py:766} INFO - DAG(s) dict_keys(['example_branch_datetime_operator_2', 'example_branch_datetime_operator', 'example_branch_datetime_operator_3']) retrieved from /home/airflow/.local/lib/python3.7/site-packages/airflow/example_dags/example_branch_datetime_operator.py
[2023-07-07T12:05:40.158+0000] {logging_mixin.py:120} INFO - [2023-07-07T12:05:40.158+0000] {dag.py:2585} INFO - Sync 3 DAGs
[2023-07-07T12:05:40.176+0000] {logging_mixin.py:120} INFO - [2023-07-07T12:05:40.176+0000] {dag.py:3340} INFO - Setting next_dagrun for example_branch_datetime_operator to 2023-07-06T00:00:00+00:00, run_after=2023-07-07T00:00:00+00:00
[2023-07-07T12:05:40.179+0000] {logging_mixin.py:120} INFO - [2023-07-07T12:05:40.179+0000] {dag.py:3340} INFO - Setting next_dagrun for example_branch_datetime_operator_2 to 2023-07-06T00:00:00+00:00, run_after=2023-07-07T00:00:00+00:00
[2023-07-07T12:05:40.181+0000] {logging_mixin.py:120} INFO - [2023-07-07T12:05:40.181+0000] {dag.py:3340} INFO - Setting next_dagrun for example_branch_datetime_operator_3 to 2023-07-06T00:00:00+00:00, run_after=2023-07-07T00:00:00+00:00
[2023-07-07T12:05:40.192+0000] {processor.py:176} INFO - Processing /home/airflow/.local/lib/python3.7/site-packages/airflow/example_dags/example_branch_datetime_operator.py took 0.081 seconds
[2023-07-07T12:06:10.369+0000] {processor.py:154} INFO - Started process (PID=530) to work on /home/airflow/.local/lib/python3.7/site-packages/airflow/example_dags/example_branch_datetime_operator.py
[2023-07-07T12:06:10.369+0000] {processor.py:756} INFO - Processing file /home/airflow/.local/lib/python3.7/site-packages/airflow/example_dags/example_branch_datetime_operator.py for tasks to queue
[2023-07-07T12:06:10.369+0000] {logging_mixin.py:120} INFO - [2023-07-07T12:06:10.369+0000] {dagbag.py:537} INFO - Filling up the DagBag from /home/airflow/.local/lib/python3.7/site-packages/airflow/example_dags/example_branch_datetime_operator.py
[2023-07-07T12:06:10.380+0000] {processor.py:766} INFO - DAG(s) dict_keys(['example_branch_datetime_operator', 'example_branch_datetime_operator_3', 'example_branch_datetime_operator_2']) retrieved from /home/airflow/.local/lib/python3.7/site-packages/airflow/example_dags/example_branch_datetime_operator.py
[2023-07-07T12:06:10.410+0000] {logging_mixin.py:120} INFO - [2023-07-07T12:06:10.410+0000] {dag.py:2585} INFO - Sync 3 DAGs
[2023-07-07T12:06:10.428+0000] {logging_mixin.py:120} INFO - [2023-07-07T12:06:10.428+0000] {dag.py:3340} INFO - Setting next_dagrun for example_branch_datetime_operator to 2023-07-06T00:00:00+00:00, run_after=2023-07-07T00:00:00+00:00
[2023-07-07T12:06:10.431+0000] {logging_mixin.py:120} INFO - [2023-07-07T12:06:10.431+0000] {dag.py:3340} INFO - Setting next_dagrun for example_branch_datetime_operator_2 to 2023-07-06T00:00:00+00:00, run_after=2023-07-07T00:00:00+00:00
[2023-07-07T12:06:10.433+0000] {logging_mixin.py:120} INFO - [2023-07-07T12:06:10.433+0000] {dag.py:3340} INFO - Setting next_dagrun for example_branch_datetime_operator_3 to 2023-07-06T00:00:00+00:00, run_after=2023-07-07T00:00:00+00:00
[2023-07-07T12:06:10.444+0000] {processor.py:176} INFO - Processing /home/airflow/.local/lib/python3.7/site-packages/airflow/example_dags/example_branch_datetime_operator.py took 0.077 seconds
[2023-07-07T12:06:41.489+0000] {processor.py:154} INFO - Started process (PID=597) to work on /home/airflow/.local/lib/python3.7/site-packages/airflow/example_dags/example_branch_datetime_operator.py
[2023-07-07T12:06:41.490+0000] {processor.py:756} INFO - Processing file /home/airflow/.local/lib/python3.7/site-packages/airflow/example_dags/example_branch_datetime_operator.py for tasks to queue
[2023-07-07T12:06:41.490+0000] {logging_mixin.py:120} INFO - [2023-07-07T12:06:41.490+0000] {dagbag.py:537} INFO - Filling up the DagBag from /home/airflow/.local/lib/python3.7/site-packages/airflow/example_dags/example_branch_datetime_operator.py
[2023-07-07T12:06:41.499+0000] {processor.py:766} INFO - DAG(s) dict_keys(['example_branch_datetime_operator_2', 'example_branch_datetime_operator', 'example_branch_datetime_operator_3']) retrieved from /home/airflow/.local/lib/python3.7/site-packages/airflow/example_dags/example_branch_datetime_operator.py
[2023-07-07T12:06:41.525+0000] {logging_mixin.py:120} INFO - [2023-07-07T12:06:41.525+0000] {dag.py:2585} INFO - Sync 3 DAGs
[2023-07-07T12:06:41.541+0000] {logging_mixin.py:120} INFO - [2023-07-07T12:06:41.541+0000] {dag.py:3340} INFO - Setting next_dagrun for example_branch_datetime_operator to 2023-07-06T00:00:00+00:00, run_after=2023-07-07T00:00:00+00:00
[2023-07-07T12:06:41.544+0000] {logging_mixin.py:120} INFO - [2023-07-07T12:06:41.544+0000] {dag.py:3340} INFO - Setting next_dagrun for example_branch_datetime_operator_2 to 2023-07-06T00:00:00+00:00, run_after=2023-07-07T00:00:00+00:00
[2023-07-07T12:06:41.546+0000] {logging_mixin.py:120} INFO - [2023-07-07T12:06:41.546+0000] {dag.py:3340} INFO - Setting next_dagrun for example_branch_datetime_operator_3 to 2023-07-06T00:00:00+00:00, run_after=2023-07-07T00:00:00+00:00
[2023-07-07T12:06:41.555+0000] {processor.py:176} INFO - Processing /home/airflow/.local/lib/python3.7/site-packages/airflow/example_dags/example_branch_datetime_operator.py took 0.068 seconds
[2023-07-07T12:07:12.640+0000] {processor.py:154} INFO - Started process (PID=655) to work on /home/airflow/.local/lib/python3.7/site-packages/airflow/example_dags/example_branch_datetime_operator.py
[2023-07-07T12:07:12.640+0000] {processor.py:756} INFO - Processing file /home/airflow/.local/lib/python3.7/site-packages/airflow/example_dags/example_branch_datetime_operator.py for tasks to queue
[2023-07-07T12:07:12.641+0000] {logging_mixin.py:120} INFO - [2023-07-07T12:07:12.641+0000] {dagbag.py:537} INFO - Filling up the DagBag from /home/airflow/.local/lib/python3.7/site-packages/airflow/example_dags/example_branch_datetime_operator.py
[2023-07-07T12:07:12.652+0000] {processor.py:766} INFO - DAG(s) dict_keys(['example_branch_datetime_operator_3', 'example_branch_datetime_operator_2', 'example_branch_datetime_operator']) retrieved from /home/airflow/.local/lib/python3.7/site-packages/airflow/example_dags/example_branch_datetime_operator.py
[2023-07-07T12:07:12.683+0000] {logging_mixin.py:120} INFO - [2023-07-07T12:07:12.683+0000] {dag.py:2585} INFO - Sync 3 DAGs
[2023-07-07T12:07:12.709+0000] {logging_mixin.py:120} INFO - [2023-07-07T12:07:12.708+0000] {dag.py:3340} INFO - Setting next_dagrun for example_branch_datetime_operator to 2023-07-06T00:00:00+00:00, run_after=2023-07-07T00:00:00+00:00
[2023-07-07T12:07:12.712+0000] {logging_mixin.py:120} INFO - [2023-07-07T12:07:12.712+0000] {dag.py:3340} INFO - Setting next_dagrun for example_branch_datetime_operator_2 to 2023-07-06T00:00:00+00:00, run_after=2023-07-07T00:00:00+00:00
[2023-07-07T12:07:12.714+0000] {logging_mixin.py:120} INFO - [2023-07-07T12:07:12.714+0000] {dag.py:3340} INFO - Setting next_dagrun for example_branch_datetime_operator_3 to 2023-07-06T00:00:00+00:00, run_after=2023-07-07T00:00:00+00:00
[2023-07-07T12:07:12.727+0000] {processor.py:176} INFO - Processing /home/airflow/.local/lib/python3.7/site-packages/airflow/example_dags/example_branch_datetime_operator.py took 0.090 seconds
[2023-07-07T12:07:42.963+0000] {processor.py:154} INFO - Started process (PID=722) to work on /home/airflow/.local/lib/python3.7/site-packages/airflow/example_dags/example_branch_datetime_operator.py
[2023-07-07T12:07:42.964+0000] {processor.py:756} INFO - Processing file /home/airflow/.local/lib/python3.7/site-packages/airflow/example_dags/example_branch_datetime_operator.py for tasks to queue
[2023-07-07T12:07:42.964+0000] {logging_mixin.py:120} INFO - [2023-07-07T12:07:42.964+0000] {dagbag.py:537} INFO - Filling up the DagBag from /home/airflow/.local/lib/python3.7/site-packages/airflow/example_dags/example_branch_datetime_operator.py
[2023-07-07T12:07:42.975+0000] {processor.py:766} INFO - DAG(s) dict_keys(['example_branch_datetime_operator_2', 'example_branch_datetime_operator_3', 'example_branch_datetime_operator']) retrieved from /home/airflow/.local/lib/python3.7/site-packages/airflow/example_dags/example_branch_datetime_operator.py
[2023-07-07T12:07:43.002+0000] {logging_mixin.py:120} INFO - [2023-07-07T12:07:43.002+0000] {dag.py:2585} INFO - Sync 3 DAGs
[2023-07-07T12:07:43.019+0000] {logging_mixin.py:120} INFO - [2023-07-07T12:07:43.019+0000] {dag.py:3340} INFO - Setting next_dagrun for example_branch_datetime_operator to 2023-07-06T00:00:00+00:00, run_after=2023-07-07T00:00:00+00:00
[2023-07-07T12:07:43.022+0000] {logging_mixin.py:120} INFO - [2023-07-07T12:07:43.022+0000] {dag.py:3340} INFO - Setting next_dagrun for example_branch_datetime_operator_2 to 2023-07-06T00:00:00+00:00, run_after=2023-07-07T00:00:00+00:00
[2023-07-07T12:07:43.023+0000] {logging_mixin.py:120} INFO - [2023-07-07T12:07:43.023+0000] {dag.py:3340} INFO - Setting next_dagrun for example_branch_datetime_operator_3 to 2023-07-06T00:00:00+00:00, run_after=2023-07-07T00:00:00+00:00
[2023-07-07T12:07:43.034+0000] {processor.py:176} INFO - Processing /home/airflow/.local/lib/python3.7/site-packages/airflow/example_dags/example_branch_datetime_operator.py took 0.073 seconds
[2023-07-07T12:08:13.273+0000] {processor.py:154} INFO - Started process (PID=789) to work on /home/airflow/.local/lib/python3.7/site-packages/airflow/example_dags/example_branch_datetime_operator.py
[2023-07-07T12:08:13.274+0000] {processor.py:756} INFO - Processing file /home/airflow/.local/lib/python3.7/site-packages/airflow/example_dags/example_branch_datetime_operator.py for tasks to queue
[2023-07-07T12:08:13.274+0000] {logging_mixin.py:120} INFO - [2023-07-07T12:08:13.274+0000] {dagbag.py:537} INFO - Filling up the DagBag from /home/airflow/.local/lib/python3.7/site-packages/airflow/example_dags/example_branch_datetime_operator.py
[2023-07-07T12:08:13.284+0000] {processor.py:766} INFO - DAG(s) dict_keys(['example_branch_datetime_operator_3', 'example_branch_datetime_operator', 'example_branch_datetime_operator_2']) retrieved from /home/airflow/.local/lib/python3.7/site-packages/airflow/example_dags/example_branch_datetime_operator.py
[2023-07-07T12:08:13.311+0000] {logging_mixin.py:120} INFO - [2023-07-07T12:08:13.311+0000] {dag.py:2585} INFO - Sync 3 DAGs
[2023-07-07T12:08:13.328+0000] {logging_mixin.py:120} INFO - [2023-07-07T12:08:13.328+0000] {dag.py:3340} INFO - Setting next_dagrun for example_branch_datetime_operator to 2023-07-06T00:00:00+00:00, run_after=2023-07-07T00:00:00+00:00
[2023-07-07T12:08:13.332+0000] {logging_mixin.py:120} INFO - [2023-07-07T12:08:13.331+0000] {dag.py:3340} INFO - Setting next_dagrun for example_branch_datetime_operator_2 to 2023-07-06T00:00:00+00:00, run_after=2023-07-07T00:00:00+00:00
[2023-07-07T12:08:13.333+0000] {logging_mixin.py:120} INFO - [2023-07-07T12:08:13.333+0000] {dag.py:3340} INFO - Setting next_dagrun for example_branch_datetime_operator_3 to 2023-07-06T00:00:00+00:00, run_after=2023-07-07T00:00:00+00:00
[2023-07-07T12:08:13.345+0000] {processor.py:176} INFO - Processing /home/airflow/.local/lib/python3.7/site-packages/airflow/example_dags/example_branch_datetime_operator.py took 0.074 seconds
[2023-07-07T12:08:43.517+0000] {processor.py:154} INFO - Started process (PID=856) to work on /home/airflow/.local/lib/python3.7/site-packages/airflow/example_dags/example_branch_datetime_operator.py
[2023-07-07T12:08:43.518+0000] {processor.py:756} INFO - Processing file /home/airflow/.local/lib/python3.7/site-packages/airflow/example_dags/example_branch_datetime_operator.py for tasks to queue
[2023-07-07T12:08:43.519+0000] {logging_mixin.py:120} INFO - [2023-07-07T12:08:43.518+0000] {dagbag.py:537} INFO - Filling up the DagBag from /home/airflow/.local/lib/python3.7/site-packages/airflow/example_dags/example_branch_datetime_operator.py
[2023-07-07T12:08:43.531+0000] {processor.py:766} INFO - DAG(s) dict_keys(['example_branch_datetime_operator', 'example_branch_datetime_operator_2', 'example_branch_datetime_operator_3']) retrieved from /home/airflow/.local/lib/python3.7/site-packages/airflow/example_dags/example_branch_datetime_operator.py
[2023-07-07T12:08:43.561+0000] {logging_mixin.py:120} INFO - [2023-07-07T12:08:43.561+0000] {dag.py:2585} INFO - Sync 3 DAGs
[2023-07-07T12:08:43.582+0000] {logging_mixin.py:120} INFO - [2023-07-07T12:08:43.582+0000] {dag.py:3340} INFO - Setting next_dagrun for example_branch_datetime_operator to 2023-07-06T00:00:00+00:00, run_after=2023-07-07T00:00:00+00:00
[2023-07-07T12:08:43.585+0000] {logging_mixin.py:120} INFO - [2023-07-07T12:08:43.585+0000] {dag.py:3340} INFO - Setting next_dagrun for example_branch_datetime_operator_2 to 2023-07-06T00:00:00+00:00, run_after=2023-07-07T00:00:00+00:00
[2023-07-07T12:08:43.587+0000] {logging_mixin.py:120} INFO - [2023-07-07T12:08:43.586+0000] {dag.py:3340} INFO - Setting next_dagrun for example_branch_datetime_operator_3 to 2023-07-06T00:00:00+00:00, run_after=2023-07-07T00:00:00+00:00
[2023-07-07T12:08:43.598+0000] {processor.py:176} INFO - Processing /home/airflow/.local/lib/python3.7/site-packages/airflow/example_dags/example_branch_datetime_operator.py took 0.082 seconds
[2023-07-07T12:09:13.755+0000] {processor.py:154} INFO - Started process (PID=923) to work on /home/airflow/.local/lib/python3.7/site-packages/airflow/example_dags/example_branch_datetime_operator.py
[2023-07-07T12:09:13.756+0000] {processor.py:756} INFO - Processing file /home/airflow/.local/lib/python3.7/site-packages/airflow/example_dags/example_branch_datetime_operator.py for tasks to queue
[2023-07-07T12:09:13.756+0000] {logging_mixin.py:120} INFO - [2023-07-07T12:09:13.756+0000] {dagbag.py:537} INFO - Filling up the DagBag from /home/airflow/.local/lib/python3.7/site-packages/airflow/example_dags/example_branch_datetime_operator.py
[2023-07-07T12:09:13.767+0000] {processor.py:766} INFO - DAG(s) dict_keys(['example_branch_datetime_operator_2', 'example_branch_datetime_operator', 'example_branch_datetime_operator_3']) retrieved from /home/airflow/.local/lib/python3.7/site-packages/airflow/example_dags/example_branch_datetime_operator.py
[2023-07-07T12:09:13.798+0000] {logging_mixin.py:120} INFO - [2023-07-07T12:09:13.798+0000] {dag.py:2585} INFO - Sync 3 DAGs
[2023-07-07T12:09:13.817+0000] {logging_mixin.py:120} INFO - [2023-07-07T12:09:13.817+0000] {dag.py:3340} INFO - Setting next_dagrun for example_branch_datetime_operator to 2023-07-06T00:00:00+00:00, run_after=2023-07-07T00:00:00+00:00
[2023-07-07T12:09:13.820+0000] {logging_mixin.py:120} INFO - [2023-07-07T12:09:13.820+0000] {dag.py:3340} INFO - Setting next_dagrun for example_branch_datetime_operator_2 to 2023-07-06T00:00:00+00:00, run_after=2023-07-07T00:00:00+00:00
[2023-07-07T12:09:13.822+0000] {logging_mixin.py:120} INFO - [2023-07-07T12:09:13.822+0000] {dag.py:3340} INFO - Setting next_dagrun for example_branch_datetime_operator_3 to 2023-07-06T00:00:00+00:00, run_after=2023-07-07T00:00:00+00:00
[2023-07-07T12:09:13.833+0000] {processor.py:176} INFO - Processing /home/airflow/.local/lib/python3.7/site-packages/airflow/example_dags/example_branch_datetime_operator.py took 0.080 seconds
[2023-07-07T12:09:44.940+0000] {processor.py:154} INFO - Started process (PID=981) to work on /home/airflow/.local/lib/python3.7/site-packages/airflow/example_dags/example_branch_datetime_operator.py
[2023-07-07T12:09:44.940+0000] {processor.py:756} INFO - Processing file /home/airflow/.local/lib/python3.7/site-packages/airflow/example_dags/example_branch_datetime_operator.py for tasks to queue
[2023-07-07T12:09:44.941+0000] {logging_mixin.py:120} INFO - [2023-07-07T12:09:44.941+0000] {dagbag.py:537} INFO - Filling up the DagBag from /home/airflow/.local/lib/python3.7/site-packages/airflow/example_dags/example_branch_datetime_operator.py
[2023-07-07T12:09:44.953+0000] {processor.py:766} INFO - DAG(s) dict_keys(['example_branch_datetime_operator_3', 'example_branch_datetime_operator_2', 'example_branch_datetime_operator']) retrieved from /home/airflow/.local/lib/python3.7/site-packages/airflow/example_dags/example_branch_datetime_operator.py
[2023-07-07T12:09:44.986+0000] {logging_mixin.py:120} INFO - [2023-07-07T12:09:44.985+0000] {dag.py:2585} INFO - Sync 3 DAGs
[2023-07-07T12:09:45.005+0000] {logging_mixin.py:120} INFO - [2023-07-07T12:09:45.005+0000] {dag.py:3340} INFO - Setting next_dagrun for example_branch_datetime_operator to 2023-07-06T00:00:00+00:00, run_after=2023-07-07T00:00:00+00:00
[2023-07-07T12:09:45.008+0000] {logging_mixin.py:120} INFO - [2023-07-07T12:09:45.008+0000] {dag.py:3340} INFO - Setting next_dagrun for example_branch_datetime_operator_2 to 2023-07-06T00:00:00+00:00, run_after=2023-07-07T00:00:00+00:00
[2023-07-07T12:09:45.010+0000] {logging_mixin.py:120} INFO - [2023-07-07T12:09:45.010+0000] {dag.py:3340} INFO - Setting next_dagrun for example_branch_datetime_operator_3 to 2023-07-06T00:00:00+00:00, run_after=2023-07-07T00:00:00+00:00
[2023-07-07T12:09:45.025+0000] {processor.py:176} INFO - Processing /home/airflow/.local/lib/python3.7/site-packages/airflow/example_dags/example_branch_datetime_operator.py took 0.087 seconds
[2023-07-07T12:10:15.134+0000] {processor.py:154} INFO - Started process (PID=1049) to work on /home/airflow/.local/lib/python3.7/site-packages/airflow/example_dags/example_branch_datetime_operator.py
[2023-07-07T12:10:15.134+0000] {processor.py:756} INFO - Processing file /home/airflow/.local/lib/python3.7/site-packages/airflow/example_dags/example_branch_datetime_operator.py for tasks to queue
[2023-07-07T12:10:15.134+0000] {logging_mixin.py:120} INFO - [2023-07-07T12:10:15.134+0000] {dagbag.py:537} INFO - Filling up the DagBag from /home/airflow/.local/lib/python3.7/site-packages/airflow/example_dags/example_branch_datetime_operator.py
[2023-07-07T12:10:15.146+0000] {processor.py:766} INFO - DAG(s) dict_keys(['example_branch_datetime_operator_3', 'example_branch_datetime_operator_2', 'example_branch_datetime_operator']) retrieved from /home/airflow/.local/lib/python3.7/site-packages/airflow/example_dags/example_branch_datetime_operator.py
[2023-07-07T12:10:15.177+0000] {logging_mixin.py:120} INFO - [2023-07-07T12:10:15.177+0000] {dag.py:2585} INFO - Sync 3 DAGs
[2023-07-07T12:10:15.198+0000] {logging_mixin.py:120} INFO - [2023-07-07T12:10:15.198+0000] {dag.py:3340} INFO - Setting next_dagrun for example_branch_datetime_operator to 2023-07-06T00:00:00+00:00, run_after=2023-07-07T00:00:00+00:00
[2023-07-07T12:10:15.202+0000] {logging_mixin.py:120} INFO - [2023-07-07T12:10:15.202+0000] {dag.py:3340} INFO - Setting next_dagrun for example_branch_datetime_operator_2 to 2023-07-06T00:00:00+00:00, run_after=2023-07-07T00:00:00+00:00
[2023-07-07T12:10:15.203+0000] {logging_mixin.py:120} INFO - [2023-07-07T12:10:15.203+0000] {dag.py:3340} INFO - Setting next_dagrun for example_branch_datetime_operator_3 to 2023-07-06T00:00:00+00:00, run_after=2023-07-07T00:00:00+00:00
[2023-07-07T12:10:15.218+0000] {processor.py:176} INFO - Processing /home/airflow/.local/lib/python3.7/site-packages/airflow/example_dags/example_branch_datetime_operator.py took 0.086 seconds
[2023-07-07T12:10:45.398+0000] {processor.py:154} INFO - Started process (PID=1114) to work on /home/airflow/.local/lib/python3.7/site-packages/airflow/example_dags/example_branch_datetime_operator.py
[2023-07-07T12:10:45.399+0000] {processor.py:756} INFO - Processing file /home/airflow/.local/lib/python3.7/site-packages/airflow/example_dags/example_branch_datetime_operator.py for tasks to queue
[2023-07-07T12:10:45.399+0000] {logging_mixin.py:120} INFO - [2023-07-07T12:10:45.399+0000] {dagbag.py:537} INFO - Filling up the DagBag from /home/airflow/.local/lib/python3.7/site-packages/airflow/example_dags/example_branch_datetime_operator.py
[2023-07-07T12:10:45.411+0000] {processor.py:766} INFO - DAG(s) dict_keys(['example_branch_datetime_operator', 'example_branch_datetime_operator_2', 'example_branch_datetime_operator_3']) retrieved from /home/airflow/.local/lib/python3.7/site-packages/airflow/example_dags/example_branch_datetime_operator.py
[2023-07-07T12:10:45.443+0000] {logging_mixin.py:120} INFO - [2023-07-07T12:10:45.443+0000] {dag.py:2585} INFO - Sync 3 DAGs
[2023-07-07T12:10:45.463+0000] {logging_mixin.py:120} INFO - [2023-07-07T12:10:45.462+0000] {dag.py:3340} INFO - Setting next_dagrun for example_branch_datetime_operator to 2023-07-06T00:00:00+00:00, run_after=2023-07-07T00:00:00+00:00
[2023-07-07T12:10:45.466+0000] {logging_mixin.py:120} INFO - [2023-07-07T12:10:45.466+0000] {dag.py:3340} INFO - Setting next_dagrun for example_branch_datetime_operator_2 to 2023-07-06T00:00:00+00:00, run_after=2023-07-07T00:00:00+00:00
[2023-07-07T12:10:45.467+0000] {logging_mixin.py:120} INFO - [2023-07-07T12:10:45.467+0000] {dag.py:3340} INFO - Setting next_dagrun for example_branch_datetime_operator_3 to 2023-07-06T00:00:00+00:00, run_after=2023-07-07T00:00:00+00:00
[2023-07-07T12:10:45.480+0000] {processor.py:176} INFO - Processing /home/airflow/.local/lib/python3.7/site-packages/airflow/example_dags/example_branch_datetime_operator.py took 0.084 seconds
[2023-07-07T12:11:15.634+0000] {processor.py:154} INFO - Started process (PID=1180) to work on /home/airflow/.local/lib/python3.7/site-packages/airflow/example_dags/example_branch_datetime_operator.py
[2023-07-07T12:11:15.634+0000] {processor.py:756} INFO - Processing file /home/airflow/.local/lib/python3.7/site-packages/airflow/example_dags/example_branch_datetime_operator.py for tasks to queue
[2023-07-07T12:11:15.635+0000] {logging_mixin.py:120} INFO - [2023-07-07T12:11:15.635+0000] {dagbag.py:537} INFO - Filling up the DagBag from /home/airflow/.local/lib/python3.7/site-packages/airflow/example_dags/example_branch_datetime_operator.py
[2023-07-07T12:11:15.648+0000] {processor.py:766} INFO - DAG(s) dict_keys(['example_branch_datetime_operator', 'example_branch_datetime_operator_3', 'example_branch_datetime_operator_2']) retrieved from /home/airflow/.local/lib/python3.7/site-packages/airflow/example_dags/example_branch_datetime_operator.py
[2023-07-07T12:11:15.681+0000] {logging_mixin.py:120} INFO - [2023-07-07T12:11:15.681+0000] {dag.py:2585} INFO - Sync 3 DAGs
[2023-07-07T12:11:15.702+0000] {logging_mixin.py:120} INFO - [2023-07-07T12:11:15.702+0000] {dag.py:3340} INFO - Setting next_dagrun for example_branch_datetime_operator to 2023-07-06T00:00:00+00:00, run_after=2023-07-07T00:00:00+00:00
[2023-07-07T12:11:15.706+0000] {logging_mixin.py:120} INFO - [2023-07-07T12:11:15.706+0000] {dag.py:3340} INFO - Setting next_dagrun for example_branch_datetime_operator_2 to 2023-07-06T00:00:00+00:00, run_after=2023-07-07T00:00:00+00:00
[2023-07-07T12:11:15.709+0000] {logging_mixin.py:120} INFO - [2023-07-07T12:11:15.709+0000] {dag.py:3340} INFO - Setting next_dagrun for example_branch_datetime_operator_3 to 2023-07-06T00:00:00+00:00, run_after=2023-07-07T00:00:00+00:00
[2023-07-07T12:11:15.723+0000] {processor.py:176} INFO - Processing /home/airflow/.local/lib/python3.7/site-packages/airflow/example_dags/example_branch_datetime_operator.py took 0.091 seconds
[2023-07-07T12:11:45.877+0000] {processor.py:154} INFO - Started process (PID=1246) to work on /home/airflow/.local/lib/python3.7/site-packages/airflow/example_dags/example_branch_datetime_operator.py
[2023-07-07T12:11:45.879+0000] {processor.py:756} INFO - Processing file /home/airflow/.local/lib/python3.7/site-packages/airflow/example_dags/example_branch_datetime_operator.py for tasks to queue
[2023-07-07T12:11:45.880+0000] {logging_mixin.py:120} INFO - [2023-07-07T12:11:45.880+0000] {dagbag.py:537} INFO - Filling up the DagBag from /home/airflow/.local/lib/python3.7/site-packages/airflow/example_dags/example_branch_datetime_operator.py
[2023-07-07T12:11:45.893+0000] {processor.py:766} INFO - DAG(s) dict_keys(['example_branch_datetime_operator', 'example_branch_datetime_operator_2', 'example_branch_datetime_operator_3']) retrieved from /home/airflow/.local/lib/python3.7/site-packages/airflow/example_dags/example_branch_datetime_operator.py
[2023-07-07T12:11:45.927+0000] {logging_mixin.py:120} INFO - [2023-07-07T12:11:45.927+0000] {dag.py:2585} INFO - Sync 3 DAGs
[2023-07-07T12:11:45.946+0000] {logging_mixin.py:120} INFO - [2023-07-07T12:11:45.946+0000] {dag.py:3340} INFO - Setting next_dagrun for example_branch_datetime_operator to 2023-07-06T00:00:00+00:00, run_after=2023-07-07T00:00:00+00:00
[2023-07-07T12:11:45.949+0000] {logging_mixin.py:120} INFO - [2023-07-07T12:11:45.949+0000] {dag.py:3340} INFO - Setting next_dagrun for example_branch_datetime_operator_2 to 2023-07-06T00:00:00+00:00, run_after=2023-07-07T00:00:00+00:00
[2023-07-07T12:11:45.951+0000] {logging_mixin.py:120} INFO - [2023-07-07T12:11:45.951+0000] {dag.py:3340} INFO - Setting next_dagrun for example_branch_datetime_operator_3 to 2023-07-06T00:00:00+00:00, run_after=2023-07-07T00:00:00+00:00
[2023-07-07T12:11:45.967+0000] {processor.py:176} INFO - Processing /home/airflow/.local/lib/python3.7/site-packages/airflow/example_dags/example_branch_datetime_operator.py took 0.092 seconds
[2023-07-07T12:12:16.096+0000] {processor.py:154} INFO - Started process (PID=1306) to work on /home/airflow/.local/lib/python3.7/site-packages/airflow/example_dags/example_branch_datetime_operator.py
[2023-07-07T12:12:16.097+0000] {processor.py:756} INFO - Processing file /home/airflow/.local/lib/python3.7/site-packages/airflow/example_dags/example_branch_datetime_operator.py for tasks to queue
[2023-07-07T12:12:16.097+0000] {logging_mixin.py:120} INFO - [2023-07-07T12:12:16.097+0000] {dagbag.py:537} INFO - Filling up the DagBag from /home/airflow/.local/lib/python3.7/site-packages/airflow/example_dags/example_branch_datetime_operator.py
[2023-07-07T12:12:16.109+0000] {processor.py:766} INFO - DAG(s) dict_keys(['example_branch_datetime_operator_3', 'example_branch_datetime_operator_2', 'example_branch_datetime_operator']) retrieved from /home/airflow/.local/lib/python3.7/site-packages/airflow/example_dags/example_branch_datetime_operator.py
[2023-07-07T12:12:16.140+0000] {logging_mixin.py:120} INFO - [2023-07-07T12:12:16.140+0000] {dag.py:2585} INFO - Sync 3 DAGs
[2023-07-07T12:12:16.156+0000] {logging_mixin.py:120} INFO - [2023-07-07T12:12:16.156+0000] {dag.py:3340} INFO - Setting next_dagrun for example_branch_datetime_operator to 2023-07-06T00:00:00+00:00, run_after=2023-07-07T00:00:00+00:00
[2023-07-07T12:12:16.159+0000] {logging_mixin.py:120} INFO - [2023-07-07T12:12:16.159+0000] {dag.py:3340} INFO - Setting next_dagrun for example_branch_datetime_operator_2 to 2023-07-06T00:00:00+00:00, run_after=2023-07-07T00:00:00+00:00
[2023-07-07T12:12:16.161+0000] {logging_mixin.py:120} INFO - [2023-07-07T12:12:16.161+0000] {dag.py:3340} INFO - Setting next_dagrun for example_branch_datetime_operator_3 to 2023-07-06T00:00:00+00:00, run_after=2023-07-07T00:00:00+00:00
[2023-07-07T12:12:16.174+0000] {processor.py:176} INFO - Processing /home/airflow/.local/lib/python3.7/site-packages/airflow/example_dags/example_branch_datetime_operator.py took 0.080 seconds
[2023-07-07T12:12:46.280+0000] {processor.py:154} INFO - Started process (PID=1373) to work on /home/airflow/.local/lib/python3.7/site-packages/airflow/example_dags/example_branch_datetime_operator.py
[2023-07-07T12:12:46.281+0000] {processor.py:756} INFO - Processing file /home/airflow/.local/lib/python3.7/site-packages/airflow/example_dags/example_branch_datetime_operator.py for tasks to queue
[2023-07-07T12:12:46.281+0000] {logging_mixin.py:120} INFO - [2023-07-07T12:12:46.281+0000] {dagbag.py:537} INFO - Filling up the DagBag from /home/airflow/.local/lib/python3.7/site-packages/airflow/example_dags/example_branch_datetime_operator.py
[2023-07-07T12:12:46.292+0000] {processor.py:766} INFO - DAG(s) dict_keys(['example_branch_datetime_operator_2', 'example_branch_datetime_operator_3', 'example_branch_datetime_operator']) retrieved from /home/airflow/.local/lib/python3.7/site-packages/airflow/example_dags/example_branch_datetime_operator.py
[2023-07-07T12:12:46.324+0000] {logging_mixin.py:120} INFO - [2023-07-07T12:12:46.323+0000] {dag.py:2585} INFO - Sync 3 DAGs
[2023-07-07T12:12:46.342+0000] {logging_mixin.py:120} INFO - [2023-07-07T12:12:46.342+0000] {dag.py:3340} INFO - Setting next_dagrun for example_branch_datetime_operator to 2023-07-06T00:00:00+00:00, run_after=2023-07-07T00:00:00+00:00
[2023-07-07T12:12:46.345+0000] {logging_mixin.py:120} INFO - [2023-07-07T12:12:46.345+0000] {dag.py:3340} INFO - Setting next_dagrun for example_branch_datetime_operator_2 to 2023-07-06T00:00:00+00:00, run_after=2023-07-07T00:00:00+00:00
[2023-07-07T12:12:46.346+0000] {logging_mixin.py:120} INFO - [2023-07-07T12:12:46.346+0000] {dag.py:3340} INFO - Setting next_dagrun for example_branch_datetime_operator_3 to 2023-07-06T00:00:00+00:00, run_after=2023-07-07T00:00:00+00:00
[2023-07-07T12:12:46.357+0000] {processor.py:176} INFO - Processing /home/airflow/.local/lib/python3.7/site-packages/airflow/example_dags/example_branch_datetime_operator.py took 0.079 seconds
[2023-07-07T12:13:16.726+0000] {processor.py:154} INFO - Started process (PID=1441) to work on /home/airflow/.local/lib/python3.7/site-packages/airflow/example_dags/example_branch_datetime_operator.py
[2023-07-07T12:13:16.728+0000] {processor.py:756} INFO - Processing file /home/airflow/.local/lib/python3.7/site-packages/airflow/example_dags/example_branch_datetime_operator.py for tasks to queue
[2023-07-07T12:13:16.728+0000] {logging_mixin.py:120} INFO - [2023-07-07T12:13:16.728+0000] {dagbag.py:537} INFO - Filling up the DagBag from /home/airflow/.local/lib/python3.7/site-packages/airflow/example_dags/example_branch_datetime_operator.py
[2023-07-07T12:13:16.742+0000] {processor.py:766} INFO - DAG(s) dict_keys(['example_branch_datetime_operator_2', 'example_branch_datetime_operator', 'example_branch_datetime_operator_3']) retrieved from /home/airflow/.local/lib/python3.7/site-packages/airflow/example_dags/example_branch_datetime_operator.py
[2023-07-07T12:13:16.776+0000] {logging_mixin.py:120} INFO - [2023-07-07T12:13:16.776+0000] {dag.py:2585} INFO - Sync 3 DAGs
[2023-07-07T12:13:16.796+0000] {logging_mixin.py:120} INFO - [2023-07-07T12:13:16.796+0000] {dag.py:3340} INFO - Setting next_dagrun for example_branch_datetime_operator to 2023-07-06T00:00:00+00:00, run_after=2023-07-07T00:00:00+00:00
[2023-07-07T12:13:16.799+0000] {logging_mixin.py:120} INFO - [2023-07-07T12:13:16.799+0000] {dag.py:3340} INFO - Setting next_dagrun for example_branch_datetime_operator_2 to 2023-07-06T00:00:00+00:00, run_after=2023-07-07T00:00:00+00:00
[2023-07-07T12:13:16.802+0000] {logging_mixin.py:120} INFO - [2023-07-07T12:13:16.801+0000] {dag.py:3340} INFO - Setting next_dagrun for example_branch_datetime_operator_3 to 2023-07-06T00:00:00+00:00, run_after=2023-07-07T00:00:00+00:00
[2023-07-07T12:13:16.815+0000] {processor.py:176} INFO - Processing /home/airflow/.local/lib/python3.7/site-packages/airflow/example_dags/example_branch_datetime_operator.py took 0.091 seconds
[2023-07-07T12:13:46.850+0000] {processor.py:154} INFO - Started process (PID=1508) to work on /home/airflow/.local/lib/python3.7/site-packages/airflow/example_dags/example_branch_datetime_operator.py
[2023-07-07T12:13:46.850+0000] {processor.py:756} INFO - Processing file /home/airflow/.local/lib/python3.7/site-packages/airflow/example_dags/example_branch_datetime_operator.py for tasks to queue
[2023-07-07T12:13:46.851+0000] {logging_mixin.py:120} INFO - [2023-07-07T12:13:46.851+0000] {dagbag.py:537} INFO - Filling up the DagBag from /home/airflow/.local/lib/python3.7/site-packages/airflow/example_dags/example_branch_datetime_operator.py
[2023-07-07T12:13:46.864+0000] {processor.py:766} INFO - DAG(s) dict_keys(['example_branch_datetime_operator_2', 'example_branch_datetime_operator', 'example_branch_datetime_operator_3']) retrieved from /home/airflow/.local/lib/python3.7/site-packages/airflow/example_dags/example_branch_datetime_operator.py
[2023-07-07T12:13:46.902+0000] {logging_mixin.py:120} INFO - [2023-07-07T12:13:46.902+0000] {dag.py:2585} INFO - Sync 3 DAGs
[2023-07-07T12:13:46.924+0000] {logging_mixin.py:120} INFO - [2023-07-07T12:13:46.924+0000] {dag.py:3340} INFO - Setting next_dagrun for example_branch_datetime_operator to 2023-07-06T00:00:00+00:00, run_after=2023-07-07T00:00:00+00:00
[2023-07-07T12:13:46.928+0000] {logging_mixin.py:120} INFO - [2023-07-07T12:13:46.928+0000] {dag.py:3340} INFO - Setting next_dagrun for example_branch_datetime_operator_2 to 2023-07-06T00:00:00+00:00, run_after=2023-07-07T00:00:00+00:00
[2023-07-07T12:13:46.930+0000] {logging_mixin.py:120} INFO - [2023-07-07T12:13:46.929+0000] {dag.py:3340} INFO - Setting next_dagrun for example_branch_datetime_operator_3 to 2023-07-06T00:00:00+00:00, run_after=2023-07-07T00:00:00+00:00
[2023-07-07T12:13:46.944+0000] {processor.py:176} INFO - Processing /home/airflow/.local/lib/python3.7/site-packages/airflow/example_dags/example_branch_datetime_operator.py took 0.096 seconds
[2023-07-07T12:14:17.953+0000] {processor.py:154} INFO - Started process (PID=1566) to work on /home/airflow/.local/lib/python3.7/site-packages/airflow/example_dags/example_branch_datetime_operator.py
[2023-07-07T12:14:17.953+0000] {processor.py:756} INFO - Processing file /home/airflow/.local/lib/python3.7/site-packages/airflow/example_dags/example_branch_datetime_operator.py for tasks to queue
[2023-07-07T12:14:17.954+0000] {logging_mixin.py:120} INFO - [2023-07-07T12:14:17.953+0000] {dagbag.py:537} INFO - Filling up the DagBag from /home/airflow/.local/lib/python3.7/site-packages/airflow/example_dags/example_branch_datetime_operator.py
[2023-07-07T12:14:17.965+0000] {processor.py:766} INFO - DAG(s) dict_keys(['example_branch_datetime_operator_3', 'example_branch_datetime_operator_2', 'example_branch_datetime_operator']) retrieved from /home/airflow/.local/lib/python3.7/site-packages/airflow/example_dags/example_branch_datetime_operator.py
[2023-07-07T12:14:17.990+0000] {logging_mixin.py:120} INFO - [2023-07-07T12:14:17.990+0000] {dag.py:2585} INFO - Sync 3 DAGs
[2023-07-07T12:14:18.006+0000] {logging_mixin.py:120} INFO - [2023-07-07T12:14:18.005+0000] {dag.py:3340} INFO - Setting next_dagrun for example_branch_datetime_operator to 2023-07-06T00:00:00+00:00, run_after=2023-07-07T00:00:00+00:00
[2023-07-07T12:14:18.008+0000] {logging_mixin.py:120} INFO - [2023-07-07T12:14:18.008+0000] {dag.py:3340} INFO - Setting next_dagrun for example_branch_datetime_operator_2 to 2023-07-06T00:00:00+00:00, run_after=2023-07-07T00:00:00+00:00
[2023-07-07T12:14:18.010+0000] {logging_mixin.py:120} INFO - [2023-07-07T12:14:18.010+0000] {dag.py:3340} INFO - Setting next_dagrun for example_branch_datetime_operator_3 to 2023-07-06T00:00:00+00:00, run_after=2023-07-07T00:00:00+00:00
[2023-07-07T12:14:18.024+0000] {processor.py:176} INFO - Processing /home/airflow/.local/lib/python3.7/site-packages/airflow/example_dags/example_branch_datetime_operator.py took 0.074 seconds
[2023-07-07T12:14:48.102+0000] {processor.py:154} INFO - Started process (PID=1632) to work on /home/airflow/.local/lib/python3.7/site-packages/airflow/example_dags/example_branch_datetime_operator.py
[2023-07-07T12:14:48.106+0000] {processor.py:756} INFO - Processing file /home/airflow/.local/lib/python3.7/site-packages/airflow/example_dags/example_branch_datetime_operator.py for tasks to queue
[2023-07-07T12:14:48.107+0000] {logging_mixin.py:120} INFO - [2023-07-07T12:14:48.107+0000] {dagbag.py:537} INFO - Filling up the DagBag from /home/airflow/.local/lib/python3.7/site-packages/airflow/example_dags/example_branch_datetime_operator.py
[2023-07-07T12:14:48.127+0000] {processor.py:766} INFO - DAG(s) dict_keys(['example_branch_datetime_operator_3', 'example_branch_datetime_operator', 'example_branch_datetime_operator_2']) retrieved from /home/airflow/.local/lib/python3.7/site-packages/airflow/example_dags/example_branch_datetime_operator.py
[2023-07-07T12:14:48.155+0000] {logging_mixin.py:120} INFO - [2023-07-07T12:14:48.155+0000] {dag.py:2585} INFO - Sync 3 DAGs
[2023-07-07T12:14:48.175+0000] {logging_mixin.py:120} INFO - [2023-07-07T12:14:48.175+0000] {dag.py:3340} INFO - Setting next_dagrun for example_branch_datetime_operator to 2023-07-06T00:00:00+00:00, run_after=2023-07-07T00:00:00+00:00
[2023-07-07T12:14:48.177+0000] {logging_mixin.py:120} INFO - [2023-07-07T12:14:48.177+0000] {dag.py:3340} INFO - Setting next_dagrun for example_branch_datetime_operator_2 to 2023-07-06T00:00:00+00:00, run_after=2023-07-07T00:00:00+00:00
[2023-07-07T12:14:48.179+0000] {logging_mixin.py:120} INFO - [2023-07-07T12:14:48.179+0000] {dag.py:3340} INFO - Setting next_dagrun for example_branch_datetime_operator_3 to 2023-07-06T00:00:00+00:00, run_after=2023-07-07T00:00:00+00:00
[2023-07-07T12:14:48.189+0000] {processor.py:176} INFO - Processing /home/airflow/.local/lib/python3.7/site-packages/airflow/example_dags/example_branch_datetime_operator.py took 0.092 seconds
[2023-07-07T12:15:18.393+0000] {processor.py:154} INFO - Started process (PID=1700) to work on /home/airflow/.local/lib/python3.7/site-packages/airflow/example_dags/example_branch_datetime_operator.py
[2023-07-07T12:15:18.394+0000] {processor.py:756} INFO - Processing file /home/airflow/.local/lib/python3.7/site-packages/airflow/example_dags/example_branch_datetime_operator.py for tasks to queue
[2023-07-07T12:15:18.394+0000] {logging_mixin.py:120} INFO - [2023-07-07T12:15:18.394+0000] {dagbag.py:537} INFO - Filling up the DagBag from /home/airflow/.local/lib/python3.7/site-packages/airflow/example_dags/example_branch_datetime_operator.py
[2023-07-07T12:15:18.408+0000] {processor.py:766} INFO - DAG(s) dict_keys(['example_branch_datetime_operator', 'example_branch_datetime_operator_3', 'example_branch_datetime_operator_2']) retrieved from /home/airflow/.local/lib/python3.7/site-packages/airflow/example_dags/example_branch_datetime_operator.py
[2023-07-07T12:15:18.444+0000] {logging_mixin.py:120} INFO - [2023-07-07T12:15:18.444+0000] {dag.py:2585} INFO - Sync 3 DAGs
[2023-07-07T12:15:18.463+0000] {logging_mixin.py:120} INFO - [2023-07-07T12:15:18.463+0000] {dag.py:3340} INFO - Setting next_dagrun for example_branch_datetime_operator to 2023-07-06T00:00:00+00:00, run_after=2023-07-07T00:00:00+00:00
[2023-07-07T12:15:18.467+0000] {logging_mixin.py:120} INFO - [2023-07-07T12:15:18.467+0000] {dag.py:3340} INFO - Setting next_dagrun for example_branch_datetime_operator_2 to 2023-07-06T00:00:00+00:00, run_after=2023-07-07T00:00:00+00:00
[2023-07-07T12:15:18.470+0000] {logging_mixin.py:120} INFO - [2023-07-07T12:15:18.470+0000] {dag.py:3340} INFO - Setting next_dagrun for example_branch_datetime_operator_3 to 2023-07-06T00:00:00+00:00, run_after=2023-07-07T00:00:00+00:00
[2023-07-07T12:15:18.484+0000] {processor.py:176} INFO - Processing /home/airflow/.local/lib/python3.7/site-packages/airflow/example_dags/example_branch_datetime_operator.py took 0.092 seconds
[2023-07-07T12:15:49.431+0000] {processor.py:154} INFO - Started process (PID=1767) to work on /home/airflow/.local/lib/python3.7/site-packages/airflow/example_dags/example_branch_datetime_operator.py
[2023-07-07T12:15:49.432+0000] {processor.py:756} INFO - Processing file /home/airflow/.local/lib/python3.7/site-packages/airflow/example_dags/example_branch_datetime_operator.py for tasks to queue
[2023-07-07T12:15:49.433+0000] {logging_mixin.py:120} INFO - [2023-07-07T12:15:49.432+0000] {dagbag.py:537} INFO - Filling up the DagBag from /home/airflow/.local/lib/python3.7/site-packages/airflow/example_dags/example_branch_datetime_operator.py
[2023-07-07T12:15:49.443+0000] {processor.py:766} INFO - DAG(s) dict_keys(['example_branch_datetime_operator', 'example_branch_datetime_operator_3', 'example_branch_datetime_operator_2']) retrieved from /home/airflow/.local/lib/python3.7/site-packages/airflow/example_dags/example_branch_datetime_operator.py
[2023-07-07T12:15:49.470+0000] {logging_mixin.py:120} INFO - [2023-07-07T12:15:49.470+0000] {dag.py:2585} INFO - Sync 3 DAGs
[2023-07-07T12:15:49.488+0000] {logging_mixin.py:120} INFO - [2023-07-07T12:15:49.488+0000] {dag.py:3340} INFO - Setting next_dagrun for example_branch_datetime_operator to 2023-07-06T00:00:00+00:00, run_after=2023-07-07T00:00:00+00:00
[2023-07-07T12:15:49.491+0000] {logging_mixin.py:120} INFO - [2023-07-07T12:15:49.491+0000] {dag.py:3340} INFO - Setting next_dagrun for example_branch_datetime_operator_2 to 2023-07-06T00:00:00+00:00, run_after=2023-07-07T00:00:00+00:00
[2023-07-07T12:15:49.492+0000] {logging_mixin.py:120} INFO - [2023-07-07T12:15:49.492+0000] {dag.py:3340} INFO - Setting next_dagrun for example_branch_datetime_operator_3 to 2023-07-06T00:00:00+00:00, run_after=2023-07-07T00:00:00+00:00
[2023-07-07T12:15:49.504+0000] {processor.py:176} INFO - Processing /home/airflow/.local/lib/python3.7/site-packages/airflow/example_dags/example_branch_datetime_operator.py took 0.074 seconds
[2023-07-07T12:16:19.705+0000] {processor.py:154} INFO - Started process (PID=1836) to work on /home/airflow/.local/lib/python3.7/site-packages/airflow/example_dags/example_branch_datetime_operator.py
[2023-07-07T12:16:19.705+0000] {processor.py:756} INFO - Processing file /home/airflow/.local/lib/python3.7/site-packages/airflow/example_dags/example_branch_datetime_operator.py for tasks to queue
[2023-07-07T12:16:19.706+0000] {logging_mixin.py:120} INFO - [2023-07-07T12:16:19.706+0000] {dagbag.py:537} INFO - Filling up the DagBag from /home/airflow/.local/lib/python3.7/site-packages/airflow/example_dags/example_branch_datetime_operator.py
[2023-07-07T12:16:19.716+0000] {processor.py:766} INFO - DAG(s) dict_keys(['example_branch_datetime_operator', 'example_branch_datetime_operator_2', 'example_branch_datetime_operator_3']) retrieved from /home/airflow/.local/lib/python3.7/site-packages/airflow/example_dags/example_branch_datetime_operator.py
[2023-07-07T12:16:19.742+0000] {logging_mixin.py:120} INFO - [2023-07-07T12:16:19.742+0000] {dag.py:2585} INFO - Sync 3 DAGs
[2023-07-07T12:16:19.757+0000] {logging_mixin.py:120} INFO - [2023-07-07T12:16:19.757+0000] {dag.py:3340} INFO - Setting next_dagrun for example_branch_datetime_operator to 2023-07-06T00:00:00+00:00, run_after=2023-07-07T00:00:00+00:00
[2023-07-07T12:16:19.760+0000] {logging_mixin.py:120} INFO - [2023-07-07T12:16:19.760+0000] {dag.py:3340} INFO - Setting next_dagrun for example_branch_datetime_operator_2 to 2023-07-06T00:00:00+00:00, run_after=2023-07-07T00:00:00+00:00
[2023-07-07T12:16:19.762+0000] {logging_mixin.py:120} INFO - [2023-07-07T12:16:19.762+0000] {dag.py:3340} INFO - Setting next_dagrun for example_branch_datetime_operator_3 to 2023-07-06T00:00:00+00:00, run_after=2023-07-07T00:00:00+00:00
[2023-07-07T12:16:19.774+0000] {processor.py:176} INFO - Processing /home/airflow/.local/lib/python3.7/site-packages/airflow/example_dags/example_branch_datetime_operator.py took 0.071 seconds
[2023-07-07T12:16:50.106+0000] {processor.py:154} INFO - Started process (PID=1894) to work on /home/airflow/.local/lib/python3.7/site-packages/airflow/example_dags/example_branch_datetime_operator.py
[2023-07-07T12:16:50.107+0000] {processor.py:756} INFO - Processing file /home/airflow/.local/lib/python3.7/site-packages/airflow/example_dags/example_branch_datetime_operator.py for tasks to queue
[2023-07-07T12:16:50.108+0000] {logging_mixin.py:120} INFO - [2023-07-07T12:16:50.107+0000] {dagbag.py:537} INFO - Filling up the DagBag from /home/airflow/.local/lib/python3.7/site-packages/airflow/example_dags/example_branch_datetime_operator.py
[2023-07-07T12:16:50.120+0000] {processor.py:766} INFO - DAG(s) dict_keys(['example_branch_datetime_operator_2', 'example_branch_datetime_operator_3', 'example_branch_datetime_operator']) retrieved from /home/airflow/.local/lib/python3.7/site-packages/airflow/example_dags/example_branch_datetime_operator.py
[2023-07-07T12:16:50.146+0000] {logging_mixin.py:120} INFO - [2023-07-07T12:16:50.145+0000] {dag.py:2585} INFO - Sync 3 DAGs
[2023-07-07T12:16:50.162+0000] {logging_mixin.py:120} INFO - [2023-07-07T12:16:50.162+0000] {dag.py:3340} INFO - Setting next_dagrun for example_branch_datetime_operator to 2023-07-06T00:00:00+00:00, run_after=2023-07-07T00:00:00+00:00
[2023-07-07T12:16:50.165+0000] {logging_mixin.py:120} INFO - [2023-07-07T12:16:50.165+0000] {dag.py:3340} INFO - Setting next_dagrun for example_branch_datetime_operator_2 to 2023-07-06T00:00:00+00:00, run_after=2023-07-07T00:00:00+00:00
[2023-07-07T12:16:50.167+0000] {logging_mixin.py:120} INFO - [2023-07-07T12:16:50.167+0000] {dag.py:3340} INFO - Setting next_dagrun for example_branch_datetime_operator_3 to 2023-07-06T00:00:00+00:00, run_after=2023-07-07T00:00:00+00:00
[2023-07-07T12:16:50.178+0000] {processor.py:176} INFO - Processing /home/airflow/.local/lib/python3.7/site-packages/airflow/example_dags/example_branch_datetime_operator.py took 0.073 seconds
[2023-07-07T12:17:20.384+0000] {processor.py:154} INFO - Started process (PID=1960) to work on /home/airflow/.local/lib/python3.7/site-packages/airflow/example_dags/example_branch_datetime_operator.py
[2023-07-07T12:17:20.384+0000] {processor.py:756} INFO - Processing file /home/airflow/.local/lib/python3.7/site-packages/airflow/example_dags/example_branch_datetime_operator.py for tasks to queue
[2023-07-07T12:17:20.385+0000] {logging_mixin.py:120} INFO - [2023-07-07T12:17:20.385+0000] {dagbag.py:537} INFO - Filling up the DagBag from /home/airflow/.local/lib/python3.7/site-packages/airflow/example_dags/example_branch_datetime_operator.py
[2023-07-07T12:17:20.395+0000] {processor.py:766} INFO - DAG(s) dict_keys(['example_branch_datetime_operator_2', 'example_branch_datetime_operator', 'example_branch_datetime_operator_3']) retrieved from /home/airflow/.local/lib/python3.7/site-packages/airflow/example_dags/example_branch_datetime_operator.py
[2023-07-07T12:17:20.424+0000] {logging_mixin.py:120} INFO - [2023-07-07T12:17:20.424+0000] {dag.py:2585} INFO - Sync 3 DAGs
[2023-07-07T12:17:20.440+0000] {logging_mixin.py:120} INFO - [2023-07-07T12:17:20.440+0000] {dag.py:3340} INFO - Setting next_dagrun for example_branch_datetime_operator to 2023-07-06T00:00:00+00:00, run_after=2023-07-07T00:00:00+00:00
[2023-07-07T12:17:20.443+0000] {logging_mixin.py:120} INFO - [2023-07-07T12:17:20.443+0000] {dag.py:3340} INFO - Setting next_dagrun for example_branch_datetime_operator_2 to 2023-07-06T00:00:00+00:00, run_after=2023-07-07T00:00:00+00:00
[2023-07-07T12:17:20.444+0000] {logging_mixin.py:120} INFO - [2023-07-07T12:17:20.444+0000] {dag.py:3340} INFO - Setting next_dagrun for example_branch_datetime_operator_3 to 2023-07-06T00:00:00+00:00, run_after=2023-07-07T00:00:00+00:00
[2023-07-07T12:17:20.456+0000] {processor.py:176} INFO - Processing /home/airflow/.local/lib/python3.7/site-packages/airflow/example_dags/example_branch_datetime_operator.py took 0.074 seconds
[2023-07-07T12:17:50.565+0000] {processor.py:154} INFO - Started process (PID=2027) to work on /home/airflow/.local/lib/python3.7/site-packages/airflow/example_dags/example_branch_datetime_operator.py
[2023-07-07T12:17:50.565+0000] {processor.py:756} INFO - Processing file /home/airflow/.local/lib/python3.7/site-packages/airflow/example_dags/example_branch_datetime_operator.py for tasks to queue
[2023-07-07T12:17:50.566+0000] {logging_mixin.py:120} INFO - [2023-07-07T12:17:50.566+0000] {dagbag.py:537} INFO - Filling up the DagBag from /home/airflow/.local/lib/python3.7/site-packages/airflow/example_dags/example_branch_datetime_operator.py
[2023-07-07T12:17:50.577+0000] {processor.py:766} INFO - DAG(s) dict_keys(['example_branch_datetime_operator_2', 'example_branch_datetime_operator', 'example_branch_datetime_operator_3']) retrieved from /home/airflow/.local/lib/python3.7/site-packages/airflow/example_dags/example_branch_datetime_operator.py
[2023-07-07T12:17:50.607+0000] {logging_mixin.py:120} INFO - [2023-07-07T12:17:50.607+0000] {dag.py:2585} INFO - Sync 3 DAGs
[2023-07-07T12:17:50.625+0000] {logging_mixin.py:120} INFO - [2023-07-07T12:17:50.625+0000] {dag.py:3340} INFO - Setting next_dagrun for example_branch_datetime_operator to 2023-07-06T00:00:00+00:00, run_after=2023-07-07T00:00:00+00:00
[2023-07-07T12:17:50.628+0000] {logging_mixin.py:120} INFO - [2023-07-07T12:17:50.628+0000] {dag.py:3340} INFO - Setting next_dagrun for example_branch_datetime_operator_2 to 2023-07-06T00:00:00+00:00, run_after=2023-07-07T00:00:00+00:00
[2023-07-07T12:17:50.629+0000] {logging_mixin.py:120} INFO - [2023-07-07T12:17:50.629+0000] {dag.py:3340} INFO - Setting next_dagrun for example_branch_datetime_operator_3 to 2023-07-06T00:00:00+00:00, run_after=2023-07-07T00:00:00+00:00
[2023-07-07T12:17:50.642+0000] {processor.py:176} INFO - Processing /home/airflow/.local/lib/python3.7/site-packages/airflow/example_dags/example_branch_datetime_operator.py took 0.079 seconds
[2023-07-07T12:18:20.824+0000] {processor.py:154} INFO - Started process (PID=2095) to work on /home/airflow/.local/lib/python3.7/site-packages/airflow/example_dags/example_branch_datetime_operator.py
[2023-07-07T12:18:20.825+0000] {processor.py:756} INFO - Processing file /home/airflow/.local/lib/python3.7/site-packages/airflow/example_dags/example_branch_datetime_operator.py for tasks to queue
[2023-07-07T12:18:20.826+0000] {logging_mixin.py:120} INFO - [2023-07-07T12:18:20.825+0000] {dagbag.py:537} INFO - Filling up the DagBag from /home/airflow/.local/lib/python3.7/site-packages/airflow/example_dags/example_branch_datetime_operator.py
[2023-07-07T12:18:20.839+0000] {processor.py:766} INFO - DAG(s) dict_keys(['example_branch_datetime_operator_2', 'example_branch_datetime_operator_3', 'example_branch_datetime_operator']) retrieved from /home/airflow/.local/lib/python3.7/site-packages/airflow/example_dags/example_branch_datetime_operator.py
[2023-07-07T12:18:20.864+0000] {logging_mixin.py:120} INFO - [2023-07-07T12:18:20.864+0000] {dag.py:2585} INFO - Sync 3 DAGs
[2023-07-07T12:18:20.879+0000] {logging_mixin.py:120} INFO - [2023-07-07T12:18:20.879+0000] {dag.py:3340} INFO - Setting next_dagrun for example_branch_datetime_operator to 2023-07-06T00:00:00+00:00, run_after=2023-07-07T00:00:00+00:00
[2023-07-07T12:18:20.882+0000] {logging_mixin.py:120} INFO - [2023-07-07T12:18:20.882+0000] {dag.py:3340} INFO - Setting next_dagrun for example_branch_datetime_operator_2 to 2023-07-06T00:00:00+00:00, run_after=2023-07-07T00:00:00+00:00
[2023-07-07T12:18:20.884+0000] {logging_mixin.py:120} INFO - [2023-07-07T12:18:20.884+0000] {dag.py:3340} INFO - Setting next_dagrun for example_branch_datetime_operator_3 to 2023-07-06T00:00:00+00:00, run_after=2023-07-07T00:00:00+00:00
[2023-07-07T12:18:20.895+0000] {processor.py:176} INFO - Processing /home/airflow/.local/lib/python3.7/site-packages/airflow/example_dags/example_branch_datetime_operator.py took 0.073 seconds
[2023-07-07T12:18:51.169+0000] {processor.py:154} INFO - Started process (PID=2162) to work on /home/airflow/.local/lib/python3.7/site-packages/airflow/example_dags/example_branch_datetime_operator.py
[2023-07-07T12:18:51.170+0000] {processor.py:756} INFO - Processing file /home/airflow/.local/lib/python3.7/site-packages/airflow/example_dags/example_branch_datetime_operator.py for tasks to queue
[2023-07-07T12:18:51.170+0000] {logging_mixin.py:120} INFO - [2023-07-07T12:18:51.170+0000] {dagbag.py:537} INFO - Filling up the DagBag from /home/airflow/.local/lib/python3.7/site-packages/airflow/example_dags/example_branch_datetime_operator.py
[2023-07-07T12:18:51.180+0000] {processor.py:766} INFO - DAG(s) dict_keys(['example_branch_datetime_operator', 'example_branch_datetime_operator_3', 'example_branch_datetime_operator_2']) retrieved from /home/airflow/.local/lib/python3.7/site-packages/airflow/example_dags/example_branch_datetime_operator.py
[2023-07-07T12:18:51.207+0000] {logging_mixin.py:120} INFO - [2023-07-07T12:18:51.207+0000] {dag.py:2585} INFO - Sync 3 DAGs
[2023-07-07T12:18:51.225+0000] {logging_mixin.py:120} INFO - [2023-07-07T12:18:51.225+0000] {dag.py:3340} INFO - Setting next_dagrun for example_branch_datetime_operator to 2023-07-06T00:00:00+00:00, run_after=2023-07-07T00:00:00+00:00
[2023-07-07T12:18:51.228+0000] {logging_mixin.py:120} INFO - [2023-07-07T12:18:51.228+0000] {dag.py:3340} INFO - Setting next_dagrun for example_branch_datetime_operator_2 to 2023-07-06T00:00:00+00:00, run_after=2023-07-07T00:00:00+00:00
[2023-07-07T12:18:51.230+0000] {logging_mixin.py:120} INFO - [2023-07-07T12:18:51.230+0000] {dag.py:3340} INFO - Setting next_dagrun for example_branch_datetime_operator_3 to 2023-07-06T00:00:00+00:00, run_after=2023-07-07T00:00:00+00:00
[2023-07-07T12:18:51.242+0000] {processor.py:176} INFO - Processing /home/airflow/.local/lib/python3.7/site-packages/airflow/example_dags/example_branch_datetime_operator.py took 0.075 seconds
[2023-07-07T12:19:21.441+0000] {processor.py:154} INFO - Started process (PID=2220) to work on /home/airflow/.local/lib/python3.7/site-packages/airflow/example_dags/example_branch_datetime_operator.py
[2023-07-07T12:19:21.442+0000] {processor.py:756} INFO - Processing file /home/airflow/.local/lib/python3.7/site-packages/airflow/example_dags/example_branch_datetime_operator.py for tasks to queue
[2023-07-07T12:19:21.442+0000] {logging_mixin.py:120} INFO - [2023-07-07T12:19:21.442+0000] {dagbag.py:537} INFO - Filling up the DagBag from /home/airflow/.local/lib/python3.7/site-packages/airflow/example_dags/example_branch_datetime_operator.py
[2023-07-07T12:19:21.452+0000] {processor.py:766} INFO - DAG(s) dict_keys(['example_branch_datetime_operator', 'example_branch_datetime_operator_2', 'example_branch_datetime_operator_3']) retrieved from /home/airflow/.local/lib/python3.7/site-packages/airflow/example_dags/example_branch_datetime_operator.py
[2023-07-07T12:19:21.477+0000] {logging_mixin.py:120} INFO - [2023-07-07T12:19:21.477+0000] {dag.py:2585} INFO - Sync 3 DAGs
[2023-07-07T12:19:21.492+0000] {logging_mixin.py:120} INFO - [2023-07-07T12:19:21.491+0000] {dag.py:3340} INFO - Setting next_dagrun for example_branch_datetime_operator to 2023-07-06T00:00:00+00:00, run_after=2023-07-07T00:00:00+00:00
[2023-07-07T12:19:21.494+0000] {logging_mixin.py:120} INFO - [2023-07-07T12:19:21.494+0000] {dag.py:3340} INFO - Setting next_dagrun for example_branch_datetime_operator_2 to 2023-07-06T00:00:00+00:00, run_after=2023-07-07T00:00:00+00:00
[2023-07-07T12:19:21.496+0000] {logging_mixin.py:120} INFO - [2023-07-07T12:19:21.496+0000] {dag.py:3340} INFO - Setting next_dagrun for example_branch_datetime_operator_3 to 2023-07-06T00:00:00+00:00, run_after=2023-07-07T00:00:00+00:00
[2023-07-07T12:19:21.507+0000] {processor.py:176} INFO - Processing /home/airflow/.local/lib/python3.7/site-packages/airflow/example_dags/example_branch_datetime_operator.py took 0.068 seconds
[2023-07-07T12:19:51.646+0000] {processor.py:154} INFO - Started process (PID=2288) to work on /home/airflow/.local/lib/python3.7/site-packages/airflow/example_dags/example_branch_datetime_operator.py
[2023-07-07T12:19:51.646+0000] {processor.py:756} INFO - Processing file /home/airflow/.local/lib/python3.7/site-packages/airflow/example_dags/example_branch_datetime_operator.py for tasks to queue
[2023-07-07T12:19:51.646+0000] {logging_mixin.py:120} INFO - [2023-07-07T12:19:51.646+0000] {dagbag.py:537} INFO - Filling up the DagBag from /home/airflow/.local/lib/python3.7/site-packages/airflow/example_dags/example_branch_datetime_operator.py
[2023-07-07T12:19:51.656+0000] {processor.py:766} INFO - DAG(s) dict_keys(['example_branch_datetime_operator_3', 'example_branch_datetime_operator', 'example_branch_datetime_operator_2']) retrieved from /home/airflow/.local/lib/python3.7/site-packages/airflow/example_dags/example_branch_datetime_operator.py
[2023-07-07T12:19:51.719+0000] {logging_mixin.py:120} INFO - [2023-07-07T12:19:51.719+0000] {dag.py:2585} INFO - Sync 3 DAGs
[2023-07-07T12:19:51.734+0000] {logging_mixin.py:120} INFO - [2023-07-07T12:19:51.734+0000] {dag.py:3340} INFO - Setting next_dagrun for example_branch_datetime_operator to 2023-07-06T00:00:00+00:00, run_after=2023-07-07T00:00:00+00:00
[2023-07-07T12:19:51.737+0000] {logging_mixin.py:120} INFO - [2023-07-07T12:19:51.736+0000] {dag.py:3340} INFO - Setting next_dagrun for example_branch_datetime_operator_2 to 2023-07-06T00:00:00+00:00, run_after=2023-07-07T00:00:00+00:00
[2023-07-07T12:19:51.738+0000] {logging_mixin.py:120} INFO - [2023-07-07T12:19:51.738+0000] {dag.py:3340} INFO - Setting next_dagrun for example_branch_datetime_operator_3 to 2023-07-06T00:00:00+00:00, run_after=2023-07-07T00:00:00+00:00
[2023-07-07T12:19:51.750+0000] {processor.py:176} INFO - Processing /home/airflow/.local/lib/python3.7/site-packages/airflow/example_dags/example_branch_datetime_operator.py took 0.106 seconds
[2023-07-07T12:20:21.854+0000] {processor.py:154} INFO - Started process (PID=2355) to work on /home/airflow/.local/lib/python3.7/site-packages/airflow/example_dags/example_branch_datetime_operator.py
[2023-07-07T12:20:21.855+0000] {processor.py:756} INFO - Processing file /home/airflow/.local/lib/python3.7/site-packages/airflow/example_dags/example_branch_datetime_operator.py for tasks to queue
[2023-07-07T12:20:21.855+0000] {logging_mixin.py:120} INFO - [2023-07-07T12:20:21.855+0000] {dagbag.py:537} INFO - Filling up the DagBag from /home/airflow/.local/lib/python3.7/site-packages/airflow/example_dags/example_branch_datetime_operator.py
[2023-07-07T12:20:21.864+0000] {processor.py:766} INFO - DAG(s) dict_keys(['example_branch_datetime_operator_2', 'example_branch_datetime_operator', 'example_branch_datetime_operator_3']) retrieved from /home/airflow/.local/lib/python3.7/site-packages/airflow/example_dags/example_branch_datetime_operator.py
[2023-07-07T12:20:21.889+0000] {logging_mixin.py:120} INFO - [2023-07-07T12:20:21.889+0000] {dag.py:2585} INFO - Sync 3 DAGs
[2023-07-07T12:20:21.904+0000] {logging_mixin.py:120} INFO - [2023-07-07T12:20:21.904+0000] {dag.py:3340} INFO - Setting next_dagrun for example_branch_datetime_operator to 2023-07-06T00:00:00+00:00, run_after=2023-07-07T00:00:00+00:00
[2023-07-07T12:20:21.908+0000] {logging_mixin.py:120} INFO - [2023-07-07T12:20:21.907+0000] {dag.py:3340} INFO - Setting next_dagrun for example_branch_datetime_operator_2 to 2023-07-06T00:00:00+00:00, run_after=2023-07-07T00:00:00+00:00
[2023-07-07T12:20:21.909+0000] {logging_mixin.py:120} INFO - [2023-07-07T12:20:21.909+0000] {dag.py:3340} INFO - Setting next_dagrun for example_branch_datetime_operator_3 to 2023-07-06T00:00:00+00:00, run_after=2023-07-07T00:00:00+00:00
[2023-07-07T12:20:21.920+0000] {processor.py:176} INFO - Processing /home/airflow/.local/lib/python3.7/site-packages/airflow/example_dags/example_branch_datetime_operator.py took 0.070 seconds
[2023-07-07T12:20:52.119+0000] {processor.py:154} INFO - Started process (PID=2422) to work on /home/airflow/.local/lib/python3.7/site-packages/airflow/example_dags/example_branch_datetime_operator.py
[2023-07-07T12:20:52.120+0000] {processor.py:756} INFO - Processing file /home/airflow/.local/lib/python3.7/site-packages/airflow/example_dags/example_branch_datetime_operator.py for tasks to queue
[2023-07-07T12:20:52.120+0000] {logging_mixin.py:120} INFO - [2023-07-07T12:20:52.120+0000] {dagbag.py:537} INFO - Filling up the DagBag from /home/airflow/.local/lib/python3.7/site-packages/airflow/example_dags/example_branch_datetime_operator.py
[2023-07-07T12:20:52.130+0000] {processor.py:766} INFO - DAG(s) dict_keys(['example_branch_datetime_operator', 'example_branch_datetime_operator_2', 'example_branch_datetime_operator_3']) retrieved from /home/airflow/.local/lib/python3.7/site-packages/airflow/example_dags/example_branch_datetime_operator.py
[2023-07-07T12:20:52.158+0000] {logging_mixin.py:120} INFO - [2023-07-07T12:20:52.158+0000] {dag.py:2585} INFO - Sync 3 DAGs
[2023-07-07T12:20:52.174+0000] {logging_mixin.py:120} INFO - [2023-07-07T12:20:52.174+0000] {dag.py:3340} INFO - Setting next_dagrun for example_branch_datetime_operator to 2023-07-06T00:00:00+00:00, run_after=2023-07-07T00:00:00+00:00
[2023-07-07T12:20:52.177+0000] {logging_mixin.py:120} INFO - [2023-07-07T12:20:52.177+0000] {dag.py:3340} INFO - Setting next_dagrun for example_branch_datetime_operator_2 to 2023-07-06T00:00:00+00:00, run_after=2023-07-07T00:00:00+00:00
[2023-07-07T12:20:52.178+0000] {logging_mixin.py:120} INFO - [2023-07-07T12:20:52.178+0000] {dag.py:3340} INFO - Setting next_dagrun for example_branch_datetime_operator_3 to 2023-07-06T00:00:00+00:00, run_after=2023-07-07T00:00:00+00:00
[2023-07-07T12:20:52.190+0000] {processor.py:176} INFO - Processing /home/airflow/.local/lib/python3.7/site-packages/airflow/example_dags/example_branch_datetime_operator.py took 0.073 seconds
[2023-07-07T12:21:22.418+0000] {processor.py:154} INFO - Started process (PID=2480) to work on /home/airflow/.local/lib/python3.7/site-packages/airflow/example_dags/example_branch_datetime_operator.py
[2023-07-07T12:21:22.419+0000] {processor.py:756} INFO - Processing file /home/airflow/.local/lib/python3.7/site-packages/airflow/example_dags/example_branch_datetime_operator.py for tasks to queue
[2023-07-07T12:21:22.419+0000] {logging_mixin.py:120} INFO - [2023-07-07T12:21:22.419+0000] {dagbag.py:537} INFO - Filling up the DagBag from /home/airflow/.local/lib/python3.7/site-packages/airflow/example_dags/example_branch_datetime_operator.py
[2023-07-07T12:21:22.430+0000] {processor.py:766} INFO - DAG(s) dict_keys(['example_branch_datetime_operator', 'example_branch_datetime_operator_3', 'example_branch_datetime_operator_2']) retrieved from /home/airflow/.local/lib/python3.7/site-packages/airflow/example_dags/example_branch_datetime_operator.py
[2023-07-07T12:21:22.465+0000] {logging_mixin.py:120} INFO - [2023-07-07T12:21:22.465+0000] {dag.py:2585} INFO - Sync 3 DAGs
[2023-07-07T12:21:22.486+0000] {logging_mixin.py:120} INFO - [2023-07-07T12:21:22.486+0000] {dag.py:3340} INFO - Setting next_dagrun for example_branch_datetime_operator to 2023-07-06T00:00:00+00:00, run_after=2023-07-07T00:00:00+00:00
[2023-07-07T12:21:22.492+0000] {logging_mixin.py:120} INFO - [2023-07-07T12:21:22.492+0000] {dag.py:3340} INFO - Setting next_dagrun for example_branch_datetime_operator_2 to 2023-07-06T00:00:00+00:00, run_after=2023-07-07T00:00:00+00:00
[2023-07-07T12:21:22.495+0000] {logging_mixin.py:120} INFO - [2023-07-07T12:21:22.495+0000] {dag.py:3340} INFO - Setting next_dagrun for example_branch_datetime_operator_3 to 2023-07-06T00:00:00+00:00, run_after=2023-07-07T00:00:00+00:00
[2023-07-07T12:21:22.514+0000] {processor.py:176} INFO - Processing /home/airflow/.local/lib/python3.7/site-packages/airflow/example_dags/example_branch_datetime_operator.py took 0.098 seconds
[2023-07-07T12:22:01.073+0000] {processor.py:154} INFO - Started process (PID=77) to work on /home/airflow/.local/lib/python3.7/site-packages/airflow/example_dags/example_branch_datetime_operator.py
[2023-07-07T12:22:01.074+0000] {processor.py:756} INFO - Processing file /home/airflow/.local/lib/python3.7/site-packages/airflow/example_dags/example_branch_datetime_operator.py for tasks to queue
[2023-07-07T12:22:01.074+0000] {logging_mixin.py:120} INFO - [2023-07-07T12:22:01.074+0000] {dagbag.py:537} INFO - Filling up the DagBag from /home/airflow/.local/lib/python3.7/site-packages/airflow/example_dags/example_branch_datetime_operator.py
[2023-07-07T12:22:01.090+0000] {processor.py:766} INFO - DAG(s) dict_keys(['example_branch_datetime_operator_2', 'example_branch_datetime_operator_3', 'example_branch_datetime_operator']) retrieved from /home/airflow/.local/lib/python3.7/site-packages/airflow/example_dags/example_branch_datetime_operator.py
[2023-07-07T12:22:01.113+0000] {logging_mixin.py:120} INFO - [2023-07-07T12:22:01.112+0000] {dag.py:2585} INFO - Sync 3 DAGs
[2023-07-07T12:22:01.136+0000] {logging_mixin.py:120} INFO - [2023-07-07T12:22:01.136+0000] {dag.py:3340} INFO - Setting next_dagrun for example_branch_datetime_operator to 2023-07-06T00:00:00+00:00, run_after=2023-07-07T00:00:00+00:00
[2023-07-07T12:22:01.142+0000] {logging_mixin.py:120} INFO - [2023-07-07T12:22:01.142+0000] {dag.py:3340} INFO - Setting next_dagrun for example_branch_datetime_operator_2 to 2023-07-06T00:00:00+00:00, run_after=2023-07-07T00:00:00+00:00
[2023-07-07T12:22:01.145+0000] {logging_mixin.py:120} INFO - [2023-07-07T12:22:01.145+0000] {dag.py:3340} INFO - Setting next_dagrun for example_branch_datetime_operator_3 to 2023-07-06T00:00:00+00:00, run_after=2023-07-07T00:00:00+00:00
[2023-07-07T12:22:01.168+0000] {processor.py:176} INFO - Processing /home/airflow/.local/lib/python3.7/site-packages/airflow/example_dags/example_branch_datetime_operator.py took 0.097 seconds
[2023-07-07T12:22:31.358+0000] {processor.py:154} INFO - Started process (PID=135) to work on /home/airflow/.local/lib/python3.7/site-packages/airflow/example_dags/example_branch_datetime_operator.py
[2023-07-07T12:22:31.359+0000] {processor.py:756} INFO - Processing file /home/airflow/.local/lib/python3.7/site-packages/airflow/example_dags/example_branch_datetime_operator.py for tasks to queue
[2023-07-07T12:22:31.359+0000] {logging_mixin.py:120} INFO - [2023-07-07T12:22:31.359+0000] {dagbag.py:537} INFO - Filling up the DagBag from /home/airflow/.local/lib/python3.7/site-packages/airflow/example_dags/example_branch_datetime_operator.py
[2023-07-07T12:22:31.369+0000] {processor.py:766} INFO - DAG(s) dict_keys(['example_branch_datetime_operator_3', 'example_branch_datetime_operator_2', 'example_branch_datetime_operator']) retrieved from /home/airflow/.local/lib/python3.7/site-packages/airflow/example_dags/example_branch_datetime_operator.py
[2023-07-07T12:22:31.398+0000] {logging_mixin.py:120} INFO - [2023-07-07T12:22:31.398+0000] {dag.py:2585} INFO - Sync 3 DAGs
[2023-07-07T12:22:31.415+0000] {logging_mixin.py:120} INFO - [2023-07-07T12:22:31.415+0000] {dag.py:3340} INFO - Setting next_dagrun for example_branch_datetime_operator to 2023-07-06T00:00:00+00:00, run_after=2023-07-07T00:00:00+00:00
[2023-07-07T12:22:31.418+0000] {logging_mixin.py:120} INFO - [2023-07-07T12:22:31.418+0000] {dag.py:3340} INFO - Setting next_dagrun for example_branch_datetime_operator_2 to 2023-07-06T00:00:00+00:00, run_after=2023-07-07T00:00:00+00:00
[2023-07-07T12:22:31.421+0000] {logging_mixin.py:120} INFO - [2023-07-07T12:22:31.421+0000] {dag.py:3340} INFO - Setting next_dagrun for example_branch_datetime_operator_3 to 2023-07-06T00:00:00+00:00, run_after=2023-07-07T00:00:00+00:00
[2023-07-07T12:22:31.433+0000] {processor.py:176} INFO - Processing /home/airflow/.local/lib/python3.7/site-packages/airflow/example_dags/example_branch_datetime_operator.py took 0.077 seconds
[2023-07-07T12:23:02.740+0000] {processor.py:154} INFO - Started process (PID=202) to work on /home/airflow/.local/lib/python3.7/site-packages/airflow/example_dags/example_branch_datetime_operator.py
[2023-07-07T12:23:02.740+0000] {processor.py:756} INFO - Processing file /home/airflow/.local/lib/python3.7/site-packages/airflow/example_dags/example_branch_datetime_operator.py for tasks to queue
[2023-07-07T12:23:02.741+0000] {logging_mixin.py:120} INFO - [2023-07-07T12:23:02.741+0000] {dagbag.py:537} INFO - Filling up the DagBag from /home/airflow/.local/lib/python3.7/site-packages/airflow/example_dags/example_branch_datetime_operator.py
[2023-07-07T12:23:02.751+0000] {processor.py:766} INFO - DAG(s) dict_keys(['example_branch_datetime_operator', 'example_branch_datetime_operator_2', 'example_branch_datetime_operator_3']) retrieved from /home/airflow/.local/lib/python3.7/site-packages/airflow/example_dags/example_branch_datetime_operator.py
[2023-07-07T12:23:02.778+0000] {logging_mixin.py:120} INFO - [2023-07-07T12:23:02.778+0000] {dag.py:2585} INFO - Sync 3 DAGs
[2023-07-07T12:23:02.794+0000] {logging_mixin.py:120} INFO - [2023-07-07T12:23:02.794+0000] {dag.py:3340} INFO - Setting next_dagrun for example_branch_datetime_operator to 2023-07-06T00:00:00+00:00, run_after=2023-07-07T00:00:00+00:00
[2023-07-07T12:23:02.797+0000] {logging_mixin.py:120} INFO - [2023-07-07T12:23:02.796+0000] {dag.py:3340} INFO - Setting next_dagrun for example_branch_datetime_operator_2 to 2023-07-06T00:00:00+00:00, run_after=2023-07-07T00:00:00+00:00
[2023-07-07T12:23:02.798+0000] {logging_mixin.py:120} INFO - [2023-07-07T12:23:02.798+0000] {dag.py:3340} INFO - Setting next_dagrun for example_branch_datetime_operator_3 to 2023-07-06T00:00:00+00:00, run_after=2023-07-07T00:00:00+00:00
[2023-07-07T12:23:02.808+0000] {processor.py:176} INFO - Processing /home/airflow/.local/lib/python3.7/site-packages/airflow/example_dags/example_branch_datetime_operator.py took 0.070 seconds
[2023-07-07T12:23:33.083+0000] {processor.py:154} INFO - Started process (PID=268) to work on /home/airflow/.local/lib/python3.7/site-packages/airflow/example_dags/example_branch_datetime_operator.py
[2023-07-07T12:23:33.083+0000] {processor.py:756} INFO - Processing file /home/airflow/.local/lib/python3.7/site-packages/airflow/example_dags/example_branch_datetime_operator.py for tasks to queue
[2023-07-07T12:23:33.084+0000] {logging_mixin.py:120} INFO - [2023-07-07T12:23:33.084+0000] {dagbag.py:537} INFO - Filling up the DagBag from /home/airflow/.local/lib/python3.7/site-packages/airflow/example_dags/example_branch_datetime_operator.py
[2023-07-07T12:23:33.096+0000] {processor.py:766} INFO - DAG(s) dict_keys(['example_branch_datetime_operator_3', 'example_branch_datetime_operator', 'example_branch_datetime_operator_2']) retrieved from /home/airflow/.local/lib/python3.7/site-packages/airflow/example_dags/example_branch_datetime_operator.py
[2023-07-07T12:23:33.127+0000] {logging_mixin.py:120} INFO - [2023-07-07T12:23:33.127+0000] {dag.py:2585} INFO - Sync 3 DAGs
[2023-07-07T12:23:33.145+0000] {logging_mixin.py:120} INFO - [2023-07-07T12:23:33.145+0000] {dag.py:3340} INFO - Setting next_dagrun for example_branch_datetime_operator to 2023-07-06T00:00:00+00:00, run_after=2023-07-07T00:00:00+00:00
[2023-07-07T12:23:33.149+0000] {logging_mixin.py:120} INFO - [2023-07-07T12:23:33.148+0000] {dag.py:3340} INFO - Setting next_dagrun for example_branch_datetime_operator_2 to 2023-07-06T00:00:00+00:00, run_after=2023-07-07T00:00:00+00:00
[2023-07-07T12:23:33.150+0000] {logging_mixin.py:120} INFO - [2023-07-07T12:23:33.150+0000] {dag.py:3340} INFO - Setting next_dagrun for example_branch_datetime_operator_3 to 2023-07-06T00:00:00+00:00, run_after=2023-07-07T00:00:00+00:00
[2023-07-07T12:23:33.162+0000] {processor.py:176} INFO - Processing /home/airflow/.local/lib/python3.7/site-packages/airflow/example_dags/example_branch_datetime_operator.py took 0.081 seconds
[2023-07-07T12:24:03.629+0000] {processor.py:154} INFO - Started process (PID=335) to work on /home/airflow/.local/lib/python3.7/site-packages/airflow/example_dags/example_branch_datetime_operator.py
[2023-07-07T12:24:03.630+0000] {processor.py:756} INFO - Processing file /home/airflow/.local/lib/python3.7/site-packages/airflow/example_dags/example_branch_datetime_operator.py for tasks to queue
[2023-07-07T12:24:03.630+0000] {logging_mixin.py:120} INFO - [2023-07-07T12:24:03.630+0000] {dagbag.py:537} INFO - Filling up the DagBag from /home/airflow/.local/lib/python3.7/site-packages/airflow/example_dags/example_branch_datetime_operator.py
[2023-07-07T12:24:03.642+0000] {processor.py:766} INFO - DAG(s) dict_keys(['example_branch_datetime_operator_2', 'example_branch_datetime_operator', 'example_branch_datetime_operator_3']) retrieved from /home/airflow/.local/lib/python3.7/site-packages/airflow/example_dags/example_branch_datetime_operator.py
[2023-07-07T12:24:03.673+0000] {logging_mixin.py:120} INFO - [2023-07-07T12:24:03.673+0000] {dag.py:2585} INFO - Sync 3 DAGs
[2023-07-07T12:24:03.691+0000] {logging_mixin.py:120} INFO - [2023-07-07T12:24:03.691+0000] {dag.py:3340} INFO - Setting next_dagrun for example_branch_datetime_operator to 2023-07-06T00:00:00+00:00, run_after=2023-07-07T00:00:00+00:00
[2023-07-07T12:24:03.695+0000] {logging_mixin.py:120} INFO - [2023-07-07T12:24:03.695+0000] {dag.py:3340} INFO - Setting next_dagrun for example_branch_datetime_operator_2 to 2023-07-06T00:00:00+00:00, run_after=2023-07-07T00:00:00+00:00
[2023-07-07T12:24:03.696+0000] {logging_mixin.py:120} INFO - [2023-07-07T12:24:03.696+0000] {dag.py:3340} INFO - Setting next_dagrun for example_branch_datetime_operator_3 to 2023-07-06T00:00:00+00:00, run_after=2023-07-07T00:00:00+00:00
[2023-07-07T12:24:03.708+0000] {processor.py:176} INFO - Processing /home/airflow/.local/lib/python3.7/site-packages/airflow/example_dags/example_branch_datetime_operator.py took 0.080 seconds
[2023-07-07T12:24:34.154+0000] {processor.py:154} INFO - Started process (PID=402) to work on /home/airflow/.local/lib/python3.7/site-packages/airflow/example_dags/example_branch_datetime_operator.py
[2023-07-07T12:24:34.155+0000] {processor.py:756} INFO - Processing file /home/airflow/.local/lib/python3.7/site-packages/airflow/example_dags/example_branch_datetime_operator.py for tasks to queue
[2023-07-07T12:24:34.155+0000] {logging_mixin.py:120} INFO - [2023-07-07T12:24:34.155+0000] {dagbag.py:537} INFO - Filling up the DagBag from /home/airflow/.local/lib/python3.7/site-packages/airflow/example_dags/example_branch_datetime_operator.py
[2023-07-07T12:24:34.166+0000] {processor.py:766} INFO - DAG(s) dict_keys(['example_branch_datetime_operator_2', 'example_branch_datetime_operator_3', 'example_branch_datetime_operator']) retrieved from /home/airflow/.local/lib/python3.7/site-packages/airflow/example_dags/example_branch_datetime_operator.py
[2023-07-07T12:24:34.194+0000] {logging_mixin.py:120} INFO - [2023-07-07T12:24:34.194+0000] {dag.py:2585} INFO - Sync 3 DAGs
[2023-07-07T12:24:34.211+0000] {logging_mixin.py:120} INFO - [2023-07-07T12:24:34.211+0000] {dag.py:3340} INFO - Setting next_dagrun for example_branch_datetime_operator to 2023-07-06T00:00:00+00:00, run_after=2023-07-07T00:00:00+00:00
[2023-07-07T12:24:34.214+0000] {logging_mixin.py:120} INFO - [2023-07-07T12:24:34.214+0000] {dag.py:3340} INFO - Setting next_dagrun for example_branch_datetime_operator_2 to 2023-07-06T00:00:00+00:00, run_after=2023-07-07T00:00:00+00:00
[2023-07-07T12:24:34.216+0000] {logging_mixin.py:120} INFO - [2023-07-07T12:24:34.216+0000] {dag.py:3340} INFO - Setting next_dagrun for example_branch_datetime_operator_3 to 2023-07-06T00:00:00+00:00, run_after=2023-07-07T00:00:00+00:00
[2023-07-07T12:24:34.227+0000] {processor.py:176} INFO - Processing /home/airflow/.local/lib/python3.7/site-packages/airflow/example_dags/example_branch_datetime_operator.py took 0.075 seconds
[2023-07-07T12:25:05.224+0000] {processor.py:154} INFO - Started process (PID=459) to work on /home/airflow/.local/lib/python3.7/site-packages/airflow/example_dags/example_branch_datetime_operator.py
[2023-07-07T12:25:05.225+0000] {processor.py:756} INFO - Processing file /home/airflow/.local/lib/python3.7/site-packages/airflow/example_dags/example_branch_datetime_operator.py for tasks to queue
[2023-07-07T12:25:05.225+0000] {logging_mixin.py:120} INFO - [2023-07-07T12:25:05.225+0000] {dagbag.py:537} INFO - Filling up the DagBag from /home/airflow/.local/lib/python3.7/site-packages/airflow/example_dags/example_branch_datetime_operator.py
[2023-07-07T12:25:05.236+0000] {processor.py:766} INFO - DAG(s) dict_keys(['example_branch_datetime_operator', 'example_branch_datetime_operator_2', 'example_branch_datetime_operator_3']) retrieved from /home/airflow/.local/lib/python3.7/site-packages/airflow/example_dags/example_branch_datetime_operator.py
[2023-07-07T12:25:05.264+0000] {logging_mixin.py:120} INFO - [2023-07-07T12:25:05.264+0000] {dag.py:2585} INFO - Sync 3 DAGs
[2023-07-07T12:25:05.281+0000] {logging_mixin.py:120} INFO - [2023-07-07T12:25:05.281+0000] {dag.py:3340} INFO - Setting next_dagrun for example_branch_datetime_operator to 2023-07-06T00:00:00+00:00, run_after=2023-07-07T00:00:00+00:00
[2023-07-07T12:25:05.284+0000] {logging_mixin.py:120} INFO - [2023-07-07T12:25:05.284+0000] {dag.py:3340} INFO - Setting next_dagrun for example_branch_datetime_operator_2 to 2023-07-06T00:00:00+00:00, run_after=2023-07-07T00:00:00+00:00
[2023-07-07T12:25:05.286+0000] {logging_mixin.py:120} INFO - [2023-07-07T12:25:05.285+0000] {dag.py:3340} INFO - Setting next_dagrun for example_branch_datetime_operator_3 to 2023-07-06T00:00:00+00:00, run_after=2023-07-07T00:00:00+00:00
[2023-07-07T12:25:05.296+0000] {processor.py:176} INFO - Processing /home/airflow/.local/lib/python3.7/site-packages/airflow/example_dags/example_branch_datetime_operator.py took 0.074 seconds
