[2023-07-07T12:00:25.201+0000] {processor.py:154} INFO - Started process (PID=56) to work on /home/airflow/.local/lib/python3.7/site-packages/airflow/example_dags/example_latest_only.py
[2023-07-07T12:00:25.202+0000] {processor.py:756} INFO - Processing file /home/airflow/.local/lib/python3.7/site-packages/airflow/example_dags/example_latest_only.py for tasks to queue
[2023-07-07T12:00:25.202+0000] {logging_mixin.py:120} INFO - [2023-07-07T12:00:25.202+0000] {dagbag.py:537} INFO - Filling up the DagBag from /home/airflow/.local/lib/python3.7/site-packages/airflow/example_dags/example_latest_only.py
[2023-07-07T12:00:25.216+0000] {processor.py:766} INFO - DAG(s) dict_keys(['latest_only']) retrieved from /home/airflow/.local/lib/python3.7/site-packages/airflow/example_dags/example_latest_only.py
[2023-07-07T12:00:25.257+0000] {logging_mixin.py:120} INFO - [2023-07-07T12:00:25.257+0000] {dag.py:2585} INFO - Sync 1 DAGs
[2023-07-07T12:00:25.287+0000] {logging_mixin.py:120} INFO - [2023-07-07T12:00:25.287+0000] {dag.py:3340} INFO - Setting next_dagrun for latest_only to 2023-07-07T08:00:25.287331+00:00, run_after=2023-07-07T12:00:25.287331+00:00
[2023-07-07T12:00:25.309+0000] {processor.py:176} INFO - Processing /home/airflow/.local/lib/python3.7/site-packages/airflow/example_dags/example_latest_only.py took 0.111 seconds
[2023-07-07T12:00:55.984+0000] {processor.py:154} INFO - Started process (PID=122) to work on /home/airflow/.local/lib/python3.7/site-packages/airflow/example_dags/example_latest_only.py
[2023-07-07T12:00:55.985+0000] {processor.py:756} INFO - Processing file /home/airflow/.local/lib/python3.7/site-packages/airflow/example_dags/example_latest_only.py for tasks to queue
[2023-07-07T12:00:55.985+0000] {logging_mixin.py:120} INFO - [2023-07-07T12:00:55.985+0000] {dagbag.py:537} INFO - Filling up the DagBag from /home/airflow/.local/lib/python3.7/site-packages/airflow/example_dags/example_latest_only.py
[2023-07-07T12:00:55.993+0000] {processor.py:766} INFO - DAG(s) dict_keys(['latest_only']) retrieved from /home/airflow/.local/lib/python3.7/site-packages/airflow/example_dags/example_latest_only.py
[2023-07-07T12:00:56.016+0000] {logging_mixin.py:120} INFO - [2023-07-07T12:00:56.016+0000] {dag.py:2585} INFO - Sync 1 DAGs
[2023-07-07T12:00:56.032+0000] {logging_mixin.py:120} INFO - [2023-07-07T12:00:56.031+0000] {dag.py:3340} INFO - Setting next_dagrun for latest_only to 2023-07-07T08:00:56.031801+00:00, run_after=2023-07-07T12:00:56.031801+00:00
[2023-07-07T12:00:56.042+0000] {processor.py:176} INFO - Processing /home/airflow/.local/lib/python3.7/site-packages/airflow/example_dags/example_latest_only.py took 0.059 seconds
[2023-07-07T12:01:27.254+0000] {processor.py:154} INFO - Started process (PID=191) to work on /home/airflow/.local/lib/python3.7/site-packages/airflow/example_dags/example_latest_only.py
[2023-07-07T12:01:27.254+0000] {processor.py:756} INFO - Processing file /home/airflow/.local/lib/python3.7/site-packages/airflow/example_dags/example_latest_only.py for tasks to queue
[2023-07-07T12:01:27.255+0000] {logging_mixin.py:120} INFO - [2023-07-07T12:01:27.255+0000] {dagbag.py:537} INFO - Filling up the DagBag from /home/airflow/.local/lib/python3.7/site-packages/airflow/example_dags/example_latest_only.py
[2023-07-07T12:01:27.264+0000] {processor.py:766} INFO - DAG(s) dict_keys(['latest_only']) retrieved from /home/airflow/.local/lib/python3.7/site-packages/airflow/example_dags/example_latest_only.py
[2023-07-07T12:01:27.290+0000] {logging_mixin.py:120} INFO - [2023-07-07T12:01:27.290+0000] {dag.py:2585} INFO - Sync 1 DAGs
[2023-07-07T12:01:27.307+0000] {logging_mixin.py:120} INFO - [2023-07-07T12:01:27.307+0000] {dag.py:3340} INFO - Setting next_dagrun for latest_only to 2023-07-07T08:01:27.307063+00:00, run_after=2023-07-07T12:01:27.307063+00:00
[2023-07-07T12:01:27.319+0000] {processor.py:176} INFO - Processing /home/airflow/.local/lib/python3.7/site-packages/airflow/example_dags/example_latest_only.py took 0.068 seconds
[2023-07-07T12:01:58.788+0000] {processor.py:154} INFO - Started process (PID=258) to work on /home/airflow/.local/lib/python3.7/site-packages/airflow/example_dags/example_latest_only.py
[2023-07-07T12:01:58.789+0000] {processor.py:756} INFO - Processing file /home/airflow/.local/lib/python3.7/site-packages/airflow/example_dags/example_latest_only.py for tasks to queue
[2023-07-07T12:01:58.789+0000] {logging_mixin.py:120} INFO - [2023-07-07T12:01:58.789+0000] {dagbag.py:537} INFO - Filling up the DagBag from /home/airflow/.local/lib/python3.7/site-packages/airflow/example_dags/example_latest_only.py
[2023-07-07T12:01:58.798+0000] {processor.py:766} INFO - DAG(s) dict_keys(['latest_only']) retrieved from /home/airflow/.local/lib/python3.7/site-packages/airflow/example_dags/example_latest_only.py
[2023-07-07T12:01:58.824+0000] {logging_mixin.py:120} INFO - [2023-07-07T12:01:58.824+0000] {dag.py:2585} INFO - Sync 1 DAGs
[2023-07-07T12:01:58.840+0000] {logging_mixin.py:120} INFO - [2023-07-07T12:01:58.840+0000] {dag.py:3340} INFO - Setting next_dagrun for latest_only to 2023-07-07T08:01:58.840570+00:00, run_after=2023-07-07T12:01:58.840570+00:00
[2023-07-07T12:01:58.852+0000] {processor.py:176} INFO - Processing /home/airflow/.local/lib/python3.7/site-packages/airflow/example_dags/example_latest_only.py took 0.066 seconds
[2023-07-07T12:02:35.808+0000] {processor.py:154} INFO - Started process (PID=57) to work on /home/airflow/.local/lib/python3.7/site-packages/airflow/example_dags/example_latest_only.py
[2023-07-07T12:02:35.811+0000] {processor.py:756} INFO - Processing file /home/airflow/.local/lib/python3.7/site-packages/airflow/example_dags/example_latest_only.py for tasks to queue
[2023-07-07T12:02:35.811+0000] {logging_mixin.py:120} INFO - [2023-07-07T12:02:35.811+0000] {dagbag.py:537} INFO - Filling up the DagBag from /home/airflow/.local/lib/python3.7/site-packages/airflow/example_dags/example_latest_only.py
[2023-07-07T12:02:35.829+0000] {processor.py:766} INFO - DAG(s) dict_keys(['latest_only']) retrieved from /home/airflow/.local/lib/python3.7/site-packages/airflow/example_dags/example_latest_only.py
[2023-07-07T12:02:35.908+0000] {logging_mixin.py:120} INFO - [2023-07-07T12:02:35.908+0000] {dag.py:2585} INFO - Sync 1 DAGs
[2023-07-07T12:02:35.961+0000] {logging_mixin.py:120} INFO - [2023-07-07T12:02:35.961+0000] {dag.py:3340} INFO - Setting next_dagrun for latest_only to 2023-07-07T08:02:35.961411+00:00, run_after=2023-07-07T12:02:35.961411+00:00
[2023-07-07T12:02:35.995+0000] {processor.py:176} INFO - Processing /home/airflow/.local/lib/python3.7/site-packages/airflow/example_dags/example_latest_only.py took 0.192 seconds
[2023-07-07T12:03:06.271+0000] {processor.py:154} INFO - Started process (PID=123) to work on /home/airflow/.local/lib/python3.7/site-packages/airflow/example_dags/example_latest_only.py
[2023-07-07T12:03:06.272+0000] {processor.py:756} INFO - Processing file /home/airflow/.local/lib/python3.7/site-packages/airflow/example_dags/example_latest_only.py for tasks to queue
[2023-07-07T12:03:06.272+0000] {logging_mixin.py:120} INFO - [2023-07-07T12:03:06.272+0000] {dagbag.py:537} INFO - Filling up the DagBag from /home/airflow/.local/lib/python3.7/site-packages/airflow/example_dags/example_latest_only.py
[2023-07-07T12:03:06.279+0000] {processor.py:766} INFO - DAG(s) dict_keys(['latest_only']) retrieved from /home/airflow/.local/lib/python3.7/site-packages/airflow/example_dags/example_latest_only.py
[2023-07-07T12:03:06.301+0000] {logging_mixin.py:120} INFO - [2023-07-07T12:03:06.301+0000] {dag.py:2585} INFO - Sync 1 DAGs
[2023-07-07T12:03:06.317+0000] {logging_mixin.py:120} INFO - [2023-07-07T12:03:06.316+0000] {dag.py:3340} INFO - Setting next_dagrun for latest_only to 2023-07-07T08:03:06.316803+00:00, run_after=2023-07-07T12:03:06.316803+00:00
[2023-07-07T12:03:06.327+0000] {processor.py:176} INFO - Processing /home/airflow/.local/lib/python3.7/site-packages/airflow/example_dags/example_latest_only.py took 0.058 seconds
[2023-07-07T12:03:36.440+0000] {processor.py:154} INFO - Started process (PID=191) to work on /home/airflow/.local/lib/python3.7/site-packages/airflow/example_dags/example_latest_only.py
[2023-07-07T12:03:36.441+0000] {processor.py:756} INFO - Processing file /home/airflow/.local/lib/python3.7/site-packages/airflow/example_dags/example_latest_only.py for tasks to queue
[2023-07-07T12:03:36.441+0000] {logging_mixin.py:120} INFO - [2023-07-07T12:03:36.441+0000] {dagbag.py:537} INFO - Filling up the DagBag from /home/airflow/.local/lib/python3.7/site-packages/airflow/example_dags/example_latest_only.py
[2023-07-07T12:03:36.449+0000] {processor.py:766} INFO - DAG(s) dict_keys(['latest_only']) retrieved from /home/airflow/.local/lib/python3.7/site-packages/airflow/example_dags/example_latest_only.py
[2023-07-07T12:03:36.472+0000] {logging_mixin.py:120} INFO - [2023-07-07T12:03:36.472+0000] {dag.py:2585} INFO - Sync 1 DAGs
[2023-07-07T12:03:36.487+0000] {logging_mixin.py:120} INFO - [2023-07-07T12:03:36.487+0000] {dag.py:3340} INFO - Setting next_dagrun for latest_only to 2023-07-07T08:03:36.486974+00:00, run_after=2023-07-07T12:03:36.486974+00:00
[2023-07-07T12:03:36.499+0000] {processor.py:176} INFO - Processing /home/airflow/.local/lib/python3.7/site-packages/airflow/example_dags/example_latest_only.py took 0.060 seconds
[2023-07-07T12:04:06.803+0000] {processor.py:154} INFO - Started process (PID=250) to work on /home/airflow/.local/lib/python3.7/site-packages/airflow/example_dags/example_latest_only.py
[2023-07-07T12:04:06.804+0000] {processor.py:756} INFO - Processing file /home/airflow/.local/lib/python3.7/site-packages/airflow/example_dags/example_latest_only.py for tasks to queue
[2023-07-07T12:04:06.804+0000] {logging_mixin.py:120} INFO - [2023-07-07T12:04:06.804+0000] {dagbag.py:537} INFO - Filling up the DagBag from /home/airflow/.local/lib/python3.7/site-packages/airflow/example_dags/example_latest_only.py
[2023-07-07T12:04:06.811+0000] {processor.py:766} INFO - DAG(s) dict_keys(['latest_only']) retrieved from /home/airflow/.local/lib/python3.7/site-packages/airflow/example_dags/example_latest_only.py
[2023-07-07T12:04:06.833+0000] {logging_mixin.py:120} INFO - [2023-07-07T12:04:06.833+0000] {dag.py:2585} INFO - Sync 1 DAGs
[2023-07-07T12:04:06.847+0000] {logging_mixin.py:120} INFO - [2023-07-07T12:04:06.847+0000] {dag.py:3340} INFO - Setting next_dagrun for latest_only to 2023-07-07T08:04:06.847231+00:00, run_after=2023-07-07T12:04:06.847231+00:00
[2023-07-07T12:04:06.859+0000] {processor.py:176} INFO - Processing /home/airflow/.local/lib/python3.7/site-packages/airflow/example_dags/example_latest_only.py took 0.058 seconds
[2023-07-07T12:04:37.156+0000] {processor.py:154} INFO - Started process (PID=317) to work on /home/airflow/.local/lib/python3.7/site-packages/airflow/example_dags/example_latest_only.py
[2023-07-07T12:04:37.157+0000] {processor.py:756} INFO - Processing file /home/airflow/.local/lib/python3.7/site-packages/airflow/example_dags/example_latest_only.py for tasks to queue
[2023-07-07T12:04:37.157+0000] {logging_mixin.py:120} INFO - [2023-07-07T12:04:37.157+0000] {dagbag.py:537} INFO - Filling up the DagBag from /home/airflow/.local/lib/python3.7/site-packages/airflow/example_dags/example_latest_only.py
[2023-07-07T12:04:37.164+0000] {processor.py:766} INFO - DAG(s) dict_keys(['latest_only']) retrieved from /home/airflow/.local/lib/python3.7/site-packages/airflow/example_dags/example_latest_only.py
[2023-07-07T12:04:37.187+0000] {logging_mixin.py:120} INFO - [2023-07-07T12:04:37.187+0000] {dag.py:2585} INFO - Sync 1 DAGs
[2023-07-07T12:04:37.204+0000] {logging_mixin.py:120} INFO - [2023-07-07T12:04:37.204+0000] {dag.py:3340} INFO - Setting next_dagrun for latest_only to 2023-07-07T08:04:37.204203+00:00, run_after=2023-07-07T12:04:37.204203+00:00
[2023-07-07T12:04:37.218+0000] {processor.py:176} INFO - Processing /home/airflow/.local/lib/python3.7/site-packages/airflow/example_dags/example_latest_only.py took 0.064 seconds
[2023-07-07T12:05:08.213+0000] {processor.py:154} INFO - Started process (PID=385) to work on /home/airflow/.local/lib/python3.7/site-packages/airflow/example_dags/example_latest_only.py
[2023-07-07T12:05:08.214+0000] {processor.py:756} INFO - Processing file /home/airflow/.local/lib/python3.7/site-packages/airflow/example_dags/example_latest_only.py for tasks to queue
[2023-07-07T12:05:08.215+0000] {logging_mixin.py:120} INFO - [2023-07-07T12:05:08.215+0000] {dagbag.py:537} INFO - Filling up the DagBag from /home/airflow/.local/lib/python3.7/site-packages/airflow/example_dags/example_latest_only.py
[2023-07-07T12:05:08.222+0000] {processor.py:766} INFO - DAG(s) dict_keys(['latest_only']) retrieved from /home/airflow/.local/lib/python3.7/site-packages/airflow/example_dags/example_latest_only.py
[2023-07-07T12:05:08.247+0000] {logging_mixin.py:120} INFO - [2023-07-07T12:05:08.247+0000] {dag.py:2585} INFO - Sync 1 DAGs
[2023-07-07T12:05:08.265+0000] {logging_mixin.py:120} INFO - [2023-07-07T12:05:08.264+0000] {dag.py:3340} INFO - Setting next_dagrun for latest_only to 2023-07-07T08:05:08.264826+00:00, run_after=2023-07-07T12:05:08.264826+00:00
[2023-07-07T12:05:08.277+0000] {processor.py:176} INFO - Processing /home/airflow/.local/lib/python3.7/site-packages/airflow/example_dags/example_latest_only.py took 0.066 seconds
[2023-07-07T12:05:38.548+0000] {processor.py:154} INFO - Started process (PID=453) to work on /home/airflow/.local/lib/python3.7/site-packages/airflow/example_dags/example_latest_only.py
[2023-07-07T12:05:38.549+0000] {processor.py:756} INFO - Processing file /home/airflow/.local/lib/python3.7/site-packages/airflow/example_dags/example_latest_only.py for tasks to queue
[2023-07-07T12:05:38.549+0000] {logging_mixin.py:120} INFO - [2023-07-07T12:05:38.549+0000] {dagbag.py:537} INFO - Filling up the DagBag from /home/airflow/.local/lib/python3.7/site-packages/airflow/example_dags/example_latest_only.py
[2023-07-07T12:05:38.557+0000] {processor.py:766} INFO - DAG(s) dict_keys(['latest_only']) retrieved from /home/airflow/.local/lib/python3.7/site-packages/airflow/example_dags/example_latest_only.py
[2023-07-07T12:05:38.582+0000] {logging_mixin.py:120} INFO - [2023-07-07T12:05:38.582+0000] {dag.py:2585} INFO - Sync 1 DAGs
[2023-07-07T12:05:38.598+0000] {logging_mixin.py:120} INFO - [2023-07-07T12:05:38.597+0000] {dag.py:3340} INFO - Setting next_dagrun for latest_only to 2023-07-07T08:05:38.597742+00:00, run_after=2023-07-07T12:05:38.597742+00:00
[2023-07-07T12:05:38.609+0000] {processor.py:176} INFO - Processing /home/airflow/.local/lib/python3.7/site-packages/airflow/example_dags/example_latest_only.py took 0.062 seconds
[2023-07-07T12:06:09.600+0000] {processor.py:154} INFO - Started process (PID=519) to work on /home/airflow/.local/lib/python3.7/site-packages/airflow/example_dags/example_latest_only.py
[2023-07-07T12:06:09.602+0000] {processor.py:756} INFO - Processing file /home/airflow/.local/lib/python3.7/site-packages/airflow/example_dags/example_latest_only.py for tasks to queue
[2023-07-07T12:06:09.602+0000] {logging_mixin.py:120} INFO - [2023-07-07T12:06:09.602+0000] {dagbag.py:537} INFO - Filling up the DagBag from /home/airflow/.local/lib/python3.7/site-packages/airflow/example_dags/example_latest_only.py
[2023-07-07T12:06:09.612+0000] {processor.py:766} INFO - DAG(s) dict_keys(['latest_only']) retrieved from /home/airflow/.local/lib/python3.7/site-packages/airflow/example_dags/example_latest_only.py
[2023-07-07T12:06:09.640+0000] {logging_mixin.py:120} INFO - [2023-07-07T12:06:09.639+0000] {dag.py:2585} INFO - Sync 1 DAGs
[2023-07-07T12:06:09.658+0000] {logging_mixin.py:120} INFO - [2023-07-07T12:06:09.658+0000] {dag.py:3340} INFO - Setting next_dagrun for latest_only to 2023-07-07T08:06:09.658004+00:00, run_after=2023-07-07T12:06:09.658004+00:00
[2023-07-07T12:06:09.675+0000] {processor.py:176} INFO - Processing /home/airflow/.local/lib/python3.7/site-packages/airflow/example_dags/example_latest_only.py took 0.076 seconds
[2023-07-07T12:06:39.690+0000] {processor.py:154} INFO - Started process (PID=575) to work on /home/airflow/.local/lib/python3.7/site-packages/airflow/example_dags/example_latest_only.py
[2023-07-07T12:06:39.690+0000] {processor.py:756} INFO - Processing file /home/airflow/.local/lib/python3.7/site-packages/airflow/example_dags/example_latest_only.py for tasks to queue
[2023-07-07T12:06:39.691+0000] {logging_mixin.py:120} INFO - [2023-07-07T12:06:39.690+0000] {dagbag.py:537} INFO - Filling up the DagBag from /home/airflow/.local/lib/python3.7/site-packages/airflow/example_dags/example_latest_only.py
[2023-07-07T12:06:39.698+0000] {processor.py:766} INFO - DAG(s) dict_keys(['latest_only']) retrieved from /home/airflow/.local/lib/python3.7/site-packages/airflow/example_dags/example_latest_only.py
[2023-07-07T12:06:39.722+0000] {logging_mixin.py:120} INFO - [2023-07-07T12:06:39.722+0000] {dag.py:2585} INFO - Sync 1 DAGs
[2023-07-07T12:06:39.739+0000] {logging_mixin.py:120} INFO - [2023-07-07T12:06:39.739+0000] {dag.py:3340} INFO - Setting next_dagrun for latest_only to 2023-07-07T08:06:39.739172+00:00, run_after=2023-07-07T12:06:39.739172+00:00
[2023-07-07T12:06:39.755+0000] {processor.py:176} INFO - Processing /home/airflow/.local/lib/python3.7/site-packages/airflow/example_dags/example_latest_only.py took 0.067 seconds
[2023-07-07T12:07:09.848+0000] {processor.py:154} INFO - Started process (PID=642) to work on /home/airflow/.local/lib/python3.7/site-packages/airflow/example_dags/example_latest_only.py
[2023-07-07T12:07:09.848+0000] {processor.py:756} INFO - Processing file /home/airflow/.local/lib/python3.7/site-packages/airflow/example_dags/example_latest_only.py for tasks to queue
[2023-07-07T12:07:09.849+0000] {logging_mixin.py:120} INFO - [2023-07-07T12:07:09.849+0000] {dagbag.py:537} INFO - Filling up the DagBag from /home/airflow/.local/lib/python3.7/site-packages/airflow/example_dags/example_latest_only.py
[2023-07-07T12:07:09.859+0000] {processor.py:766} INFO - DAG(s) dict_keys(['latest_only']) retrieved from /home/airflow/.local/lib/python3.7/site-packages/airflow/example_dags/example_latest_only.py
[2023-07-07T12:07:09.880+0000] {logging_mixin.py:120} INFO - [2023-07-07T12:07:09.880+0000] {dag.py:2585} INFO - Sync 1 DAGs
[2023-07-07T12:07:09.897+0000] {logging_mixin.py:120} INFO - [2023-07-07T12:07:09.897+0000] {dag.py:3340} INFO - Setting next_dagrun for latest_only to 2023-07-07T08:07:09.897157+00:00, run_after=2023-07-07T12:07:09.897157+00:00
[2023-07-07T12:07:09.909+0000] {processor.py:176} INFO - Processing /home/airflow/.local/lib/python3.7/site-packages/airflow/example_dags/example_latest_only.py took 0.063 seconds
[2023-07-07T12:07:40.085+0000] {processor.py:154} INFO - Started process (PID=709) to work on /home/airflow/.local/lib/python3.7/site-packages/airflow/example_dags/example_latest_only.py
[2023-07-07T12:07:40.085+0000] {processor.py:756} INFO - Processing file /home/airflow/.local/lib/python3.7/site-packages/airflow/example_dags/example_latest_only.py for tasks to queue
[2023-07-07T12:07:40.086+0000] {logging_mixin.py:120} INFO - [2023-07-07T12:07:40.086+0000] {dagbag.py:537} INFO - Filling up the DagBag from /home/airflow/.local/lib/python3.7/site-packages/airflow/example_dags/example_latest_only.py
[2023-07-07T12:07:40.093+0000] {processor.py:766} INFO - DAG(s) dict_keys(['latest_only']) retrieved from /home/airflow/.local/lib/python3.7/site-packages/airflow/example_dags/example_latest_only.py
[2023-07-07T12:07:40.114+0000] {logging_mixin.py:120} INFO - [2023-07-07T12:07:40.114+0000] {dag.py:2585} INFO - Sync 1 DAGs
[2023-07-07T12:07:40.128+0000] {logging_mixin.py:120} INFO - [2023-07-07T12:07:40.128+0000] {dag.py:3340} INFO - Setting next_dagrun for latest_only to 2023-07-07T08:07:40.128319+00:00, run_after=2023-07-07T12:07:40.128319+00:00
[2023-07-07T12:07:40.141+0000] {processor.py:176} INFO - Processing /home/airflow/.local/lib/python3.7/site-packages/airflow/example_dags/example_latest_only.py took 0.058 seconds
[2023-07-07T12:08:10.283+0000] {processor.py:154} INFO - Started process (PID=776) to work on /home/airflow/.local/lib/python3.7/site-packages/airflow/example_dags/example_latest_only.py
[2023-07-07T12:08:10.284+0000] {processor.py:756} INFO - Processing file /home/airflow/.local/lib/python3.7/site-packages/airflow/example_dags/example_latest_only.py for tasks to queue
[2023-07-07T12:08:10.284+0000] {logging_mixin.py:120} INFO - [2023-07-07T12:08:10.284+0000] {dagbag.py:537} INFO - Filling up the DagBag from /home/airflow/.local/lib/python3.7/site-packages/airflow/example_dags/example_latest_only.py
[2023-07-07T12:08:10.298+0000] {processor.py:766} INFO - DAG(s) dict_keys(['latest_only']) retrieved from /home/airflow/.local/lib/python3.7/site-packages/airflow/example_dags/example_latest_only.py
[2023-07-07T12:08:10.320+0000] {logging_mixin.py:120} INFO - [2023-07-07T12:08:10.320+0000] {dag.py:2585} INFO - Sync 1 DAGs
[2023-07-07T12:08:10.334+0000] {logging_mixin.py:120} INFO - [2023-07-07T12:08:10.334+0000] {dag.py:3340} INFO - Setting next_dagrun for latest_only to 2023-07-07T08:08:10.334442+00:00, run_after=2023-07-07T12:08:10.334442+00:00
[2023-07-07T12:08:10.346+0000] {processor.py:176} INFO - Processing /home/airflow/.local/lib/python3.7/site-packages/airflow/example_dags/example_latest_only.py took 0.065 seconds
[2023-07-07T12:08:40.663+0000] {processor.py:154} INFO - Started process (PID=843) to work on /home/airflow/.local/lib/python3.7/site-packages/airflow/example_dags/example_latest_only.py
[2023-07-07T12:08:40.665+0000] {processor.py:756} INFO - Processing file /home/airflow/.local/lib/python3.7/site-packages/airflow/example_dags/example_latest_only.py for tasks to queue
[2023-07-07T12:08:40.665+0000] {logging_mixin.py:120} INFO - [2023-07-07T12:08:40.665+0000] {dagbag.py:537} INFO - Filling up the DagBag from /home/airflow/.local/lib/python3.7/site-packages/airflow/example_dags/example_latest_only.py
[2023-07-07T12:08:40.672+0000] {processor.py:766} INFO - DAG(s) dict_keys(['latest_only']) retrieved from /home/airflow/.local/lib/python3.7/site-packages/airflow/example_dags/example_latest_only.py
[2023-07-07T12:08:40.697+0000] {logging_mixin.py:120} INFO - [2023-07-07T12:08:40.697+0000] {dag.py:2585} INFO - Sync 1 DAGs
[2023-07-07T12:08:40.716+0000] {logging_mixin.py:120} INFO - [2023-07-07T12:08:40.715+0000] {dag.py:3340} INFO - Setting next_dagrun for latest_only to 2023-07-07T08:08:40.715837+00:00, run_after=2023-07-07T12:08:40.715837+00:00
[2023-07-07T12:08:40.729+0000] {processor.py:176} INFO - Processing /home/airflow/.local/lib/python3.7/site-packages/airflow/example_dags/example_latest_only.py took 0.068 seconds
[2023-07-07T12:09:10.826+0000] {processor.py:154} INFO - Started process (PID=900) to work on /home/airflow/.local/lib/python3.7/site-packages/airflow/example_dags/example_latest_only.py
[2023-07-07T12:09:10.830+0000] {processor.py:756} INFO - Processing file /home/airflow/.local/lib/python3.7/site-packages/airflow/example_dags/example_latest_only.py for tasks to queue
[2023-07-07T12:09:10.831+0000] {logging_mixin.py:120} INFO - [2023-07-07T12:09:10.831+0000] {dagbag.py:537} INFO - Filling up the DagBag from /home/airflow/.local/lib/python3.7/site-packages/airflow/example_dags/example_latest_only.py
[2023-07-07T12:09:10.843+0000] {processor.py:766} INFO - DAG(s) dict_keys(['latest_only']) retrieved from /home/airflow/.local/lib/python3.7/site-packages/airflow/example_dags/example_latest_only.py
[2023-07-07T12:09:10.864+0000] {logging_mixin.py:120} INFO - [2023-07-07T12:09:10.864+0000] {dag.py:2585} INFO - Sync 1 DAGs
[2023-07-07T12:09:10.880+0000] {logging_mixin.py:120} INFO - [2023-07-07T12:09:10.880+0000] {dag.py:3340} INFO - Setting next_dagrun for latest_only to 2023-07-07T08:09:10.879961+00:00, run_after=2023-07-07T12:09:10.879961+00:00
[2023-07-07T12:09:10.892+0000] {processor.py:176} INFO - Processing /home/airflow/.local/lib/python3.7/site-packages/airflow/example_dags/example_latest_only.py took 0.070 seconds
[2023-07-07T12:09:41.125+0000] {processor.py:154} INFO - Started process (PID=968) to work on /home/airflow/.local/lib/python3.7/site-packages/airflow/example_dags/example_latest_only.py
[2023-07-07T12:09:41.126+0000] {processor.py:756} INFO - Processing file /home/airflow/.local/lib/python3.7/site-packages/airflow/example_dags/example_latest_only.py for tasks to queue
[2023-07-07T12:09:41.126+0000] {logging_mixin.py:120} INFO - [2023-07-07T12:09:41.126+0000] {dagbag.py:537} INFO - Filling up the DagBag from /home/airflow/.local/lib/python3.7/site-packages/airflow/example_dags/example_latest_only.py
[2023-07-07T12:09:41.135+0000] {processor.py:766} INFO - DAG(s) dict_keys(['latest_only']) retrieved from /home/airflow/.local/lib/python3.7/site-packages/airflow/example_dags/example_latest_only.py
[2023-07-07T12:09:41.158+0000] {logging_mixin.py:120} INFO - [2023-07-07T12:09:41.158+0000] {dag.py:2585} INFO - Sync 1 DAGs
[2023-07-07T12:09:41.173+0000] {logging_mixin.py:120} INFO - [2023-07-07T12:09:41.173+0000] {dag.py:3340} INFO - Setting next_dagrun for latest_only to 2023-07-07T08:09:41.173531+00:00, run_after=2023-07-07T12:09:41.173531+00:00
[2023-07-07T12:09:41.186+0000] {processor.py:176} INFO - Processing /home/airflow/.local/lib/python3.7/site-packages/airflow/example_dags/example_latest_only.py took 0.063 seconds
[2023-07-07T12:10:11.369+0000] {processor.py:154} INFO - Started process (PID=1036) to work on /home/airflow/.local/lib/python3.7/site-packages/airflow/example_dags/example_latest_only.py
[2023-07-07T12:10:11.369+0000] {processor.py:756} INFO - Processing file /home/airflow/.local/lib/python3.7/site-packages/airflow/example_dags/example_latest_only.py for tasks to queue
[2023-07-07T12:10:11.369+0000] {logging_mixin.py:120} INFO - [2023-07-07T12:10:11.369+0000] {dagbag.py:537} INFO - Filling up the DagBag from /home/airflow/.local/lib/python3.7/site-packages/airflow/example_dags/example_latest_only.py
[2023-07-07T12:10:11.377+0000] {processor.py:766} INFO - DAG(s) dict_keys(['latest_only']) retrieved from /home/airflow/.local/lib/python3.7/site-packages/airflow/example_dags/example_latest_only.py
[2023-07-07T12:10:11.401+0000] {logging_mixin.py:120} INFO - [2023-07-07T12:10:11.401+0000] {dag.py:2585} INFO - Sync 1 DAGs
[2023-07-07T12:10:11.417+0000] {logging_mixin.py:120} INFO - [2023-07-07T12:10:11.417+0000] {dag.py:3340} INFO - Setting next_dagrun for latest_only to 2023-07-07T08:10:11.417278+00:00, run_after=2023-07-07T12:10:11.417278+00:00
[2023-07-07T12:10:11.429+0000] {processor.py:176} INFO - Processing /home/airflow/.local/lib/python3.7/site-packages/airflow/example_dags/example_latest_only.py took 0.062 seconds
[2023-07-07T12:10:41.792+0000] {processor.py:154} INFO - Started process (PID=1103) to work on /home/airflow/.local/lib/python3.7/site-packages/airflow/example_dags/example_latest_only.py
[2023-07-07T12:10:41.793+0000] {processor.py:756} INFO - Processing file /home/airflow/.local/lib/python3.7/site-packages/airflow/example_dags/example_latest_only.py for tasks to queue
[2023-07-07T12:10:41.794+0000] {logging_mixin.py:120} INFO - [2023-07-07T12:10:41.793+0000] {dagbag.py:537} INFO - Filling up the DagBag from /home/airflow/.local/lib/python3.7/site-packages/airflow/example_dags/example_latest_only.py
[2023-07-07T12:10:41.802+0000] {processor.py:766} INFO - DAG(s) dict_keys(['latest_only']) retrieved from /home/airflow/.local/lib/python3.7/site-packages/airflow/example_dags/example_latest_only.py
[2023-07-07T12:10:41.829+0000] {logging_mixin.py:120} INFO - [2023-07-07T12:10:41.829+0000] {dag.py:2585} INFO - Sync 1 DAGs
[2023-07-07T12:10:41.849+0000] {logging_mixin.py:120} INFO - [2023-07-07T12:10:41.849+0000] {dag.py:3340} INFO - Setting next_dagrun for latest_only to 2023-07-07T08:10:41.849328+00:00, run_after=2023-07-07T12:10:41.849328+00:00
[2023-07-07T12:10:41.862+0000] {processor.py:176} INFO - Processing /home/airflow/.local/lib/python3.7/site-packages/airflow/example_dags/example_latest_only.py took 0.072 seconds
[2023-07-07T12:11:11.932+0000] {processor.py:154} INFO - Started process (PID=1160) to work on /home/airflow/.local/lib/python3.7/site-packages/airflow/example_dags/example_latest_only.py
[2023-07-07T12:11:11.932+0000] {processor.py:756} INFO - Processing file /home/airflow/.local/lib/python3.7/site-packages/airflow/example_dags/example_latest_only.py for tasks to queue
[2023-07-07T12:11:11.933+0000] {logging_mixin.py:120} INFO - [2023-07-07T12:11:11.933+0000] {dagbag.py:537} INFO - Filling up the DagBag from /home/airflow/.local/lib/python3.7/site-packages/airflow/example_dags/example_latest_only.py
[2023-07-07T12:11:11.942+0000] {processor.py:766} INFO - DAG(s) dict_keys(['latest_only']) retrieved from /home/airflow/.local/lib/python3.7/site-packages/airflow/example_dags/example_latest_only.py
[2023-07-07T12:11:11.965+0000] {logging_mixin.py:120} INFO - [2023-07-07T12:11:11.965+0000] {dag.py:2585} INFO - Sync 1 DAGs
[2023-07-07T12:11:11.981+0000] {logging_mixin.py:120} INFO - [2023-07-07T12:11:11.981+0000] {dag.py:3340} INFO - Setting next_dagrun for latest_only to 2023-07-07T08:11:11.981602+00:00, run_after=2023-07-07T12:11:11.981602+00:00
[2023-07-07T12:11:11.992+0000] {processor.py:176} INFO - Processing /home/airflow/.local/lib/python3.7/site-packages/airflow/example_dags/example_latest_only.py took 0.062 seconds
[2023-07-07T12:11:42.257+0000] {processor.py:154} INFO - Started process (PID=1227) to work on /home/airflow/.local/lib/python3.7/site-packages/airflow/example_dags/example_latest_only.py
[2023-07-07T12:11:42.257+0000] {processor.py:756} INFO - Processing file /home/airflow/.local/lib/python3.7/site-packages/airflow/example_dags/example_latest_only.py for tasks to queue
[2023-07-07T12:11:42.258+0000] {logging_mixin.py:120} INFO - [2023-07-07T12:11:42.257+0000] {dagbag.py:537} INFO - Filling up the DagBag from /home/airflow/.local/lib/python3.7/site-packages/airflow/example_dags/example_latest_only.py
[2023-07-07T12:11:42.265+0000] {processor.py:766} INFO - DAG(s) dict_keys(['latest_only']) retrieved from /home/airflow/.local/lib/python3.7/site-packages/airflow/example_dags/example_latest_only.py
[2023-07-07T12:11:42.288+0000] {logging_mixin.py:120} INFO - [2023-07-07T12:11:42.288+0000] {dag.py:2585} INFO - Sync 1 DAGs
[2023-07-07T12:11:42.303+0000] {logging_mixin.py:120} INFO - [2023-07-07T12:11:42.303+0000] {dag.py:3340} INFO - Setting next_dagrun for latest_only to 2023-07-07T08:11:42.303254+00:00, run_after=2023-07-07T12:11:42.303254+00:00
[2023-07-07T12:11:42.317+0000] {processor.py:176} INFO - Processing /home/airflow/.local/lib/python3.7/site-packages/airflow/example_dags/example_latest_only.py took 0.063 seconds
[2023-07-07T12:12:12.582+0000] {processor.py:154} INFO - Started process (PID=1295) to work on /home/airflow/.local/lib/python3.7/site-packages/airflow/example_dags/example_latest_only.py
[2023-07-07T12:12:12.583+0000] {processor.py:756} INFO - Processing file /home/airflow/.local/lib/python3.7/site-packages/airflow/example_dags/example_latest_only.py for tasks to queue
[2023-07-07T12:12:12.583+0000] {logging_mixin.py:120} INFO - [2023-07-07T12:12:12.583+0000] {dagbag.py:537} INFO - Filling up the DagBag from /home/airflow/.local/lib/python3.7/site-packages/airflow/example_dags/example_latest_only.py
[2023-07-07T12:12:12.592+0000] {processor.py:766} INFO - DAG(s) dict_keys(['latest_only']) retrieved from /home/airflow/.local/lib/python3.7/site-packages/airflow/example_dags/example_latest_only.py
[2023-07-07T12:12:12.616+0000] {logging_mixin.py:120} INFO - [2023-07-07T12:12:12.616+0000] {dag.py:2585} INFO - Sync 1 DAGs
[2023-07-07T12:12:12.632+0000] {logging_mixin.py:120} INFO - [2023-07-07T12:12:12.632+0000] {dag.py:3340} INFO - Setting next_dagrun for latest_only to 2023-07-07T08:12:12.631933+00:00, run_after=2023-07-07T12:12:12.631933+00:00
[2023-07-07T12:12:12.644+0000] {processor.py:176} INFO - Processing /home/airflow/.local/lib/python3.7/site-packages/airflow/example_dags/example_latest_only.py took 0.063 seconds
[2023-07-07T12:12:42.721+0000] {processor.py:154} INFO - Started process (PID=1361) to work on /home/airflow/.local/lib/python3.7/site-packages/airflow/example_dags/example_latest_only.py
[2023-07-07T12:12:42.721+0000] {processor.py:756} INFO - Processing file /home/airflow/.local/lib/python3.7/site-packages/airflow/example_dags/example_latest_only.py for tasks to queue
[2023-07-07T12:12:42.722+0000] {logging_mixin.py:120} INFO - [2023-07-07T12:12:42.722+0000] {dagbag.py:537} INFO - Filling up the DagBag from /home/airflow/.local/lib/python3.7/site-packages/airflow/example_dags/example_latest_only.py
[2023-07-07T12:12:42.730+0000] {processor.py:766} INFO - DAG(s) dict_keys(['latest_only']) retrieved from /home/airflow/.local/lib/python3.7/site-packages/airflow/example_dags/example_latest_only.py
[2023-07-07T12:12:42.753+0000] {logging_mixin.py:120} INFO - [2023-07-07T12:12:42.753+0000] {dag.py:2585} INFO - Sync 1 DAGs
[2023-07-07T12:12:42.768+0000] {logging_mixin.py:120} INFO - [2023-07-07T12:12:42.768+0000] {dag.py:3340} INFO - Setting next_dagrun for latest_only to 2023-07-07T08:12:42.768246+00:00, run_after=2023-07-07T12:12:42.768246+00:00
[2023-07-07T12:12:42.780+0000] {processor.py:176} INFO - Processing /home/airflow/.local/lib/python3.7/site-packages/airflow/example_dags/example_latest_only.py took 0.062 seconds
[2023-07-07T12:13:13.092+0000] {processor.py:154} INFO - Started process (PID=1420) to work on /home/airflow/.local/lib/python3.7/site-packages/airflow/example_dags/example_latest_only.py
[2023-07-07T12:13:13.093+0000] {processor.py:756} INFO - Processing file /home/airflow/.local/lib/python3.7/site-packages/airflow/example_dags/example_latest_only.py for tasks to queue
[2023-07-07T12:13:13.093+0000] {logging_mixin.py:120} INFO - [2023-07-07T12:13:13.093+0000] {dagbag.py:537} INFO - Filling up the DagBag from /home/airflow/.local/lib/python3.7/site-packages/airflow/example_dags/example_latest_only.py
[2023-07-07T12:13:13.103+0000] {processor.py:766} INFO - DAG(s) dict_keys(['latest_only']) retrieved from /home/airflow/.local/lib/python3.7/site-packages/airflow/example_dags/example_latest_only.py
[2023-07-07T12:13:13.136+0000] {logging_mixin.py:120} INFO - [2023-07-07T12:13:13.136+0000] {dag.py:2585} INFO - Sync 1 DAGs
[2023-07-07T12:13:13.163+0000] {logging_mixin.py:120} INFO - [2023-07-07T12:13:13.163+0000] {dag.py:3340} INFO - Setting next_dagrun for latest_only to 2023-07-07T08:13:13.162901+00:00, run_after=2023-07-07T12:13:13.162901+00:00
[2023-07-07T12:13:13.181+0000] {processor.py:176} INFO - Processing /home/airflow/.local/lib/python3.7/site-packages/airflow/example_dags/example_latest_only.py took 0.090 seconds
[2023-07-07T12:13:43.210+0000] {processor.py:154} INFO - Started process (PID=1487) to work on /home/airflow/.local/lib/python3.7/site-packages/airflow/example_dags/example_latest_only.py
[2023-07-07T12:13:43.213+0000] {processor.py:756} INFO - Processing file /home/airflow/.local/lib/python3.7/site-packages/airflow/example_dags/example_latest_only.py for tasks to queue
[2023-07-07T12:13:43.213+0000] {logging_mixin.py:120} INFO - [2023-07-07T12:13:43.213+0000] {dagbag.py:537} INFO - Filling up the DagBag from /home/airflow/.local/lib/python3.7/site-packages/airflow/example_dags/example_latest_only.py
[2023-07-07T12:13:43.222+0000] {processor.py:766} INFO - DAG(s) dict_keys(['latest_only']) retrieved from /home/airflow/.local/lib/python3.7/site-packages/airflow/example_dags/example_latest_only.py
[2023-07-07T12:13:43.246+0000] {logging_mixin.py:120} INFO - [2023-07-07T12:13:43.246+0000] {dag.py:2585} INFO - Sync 1 DAGs
[2023-07-07T12:13:43.264+0000] {logging_mixin.py:120} INFO - [2023-07-07T12:13:43.264+0000] {dag.py:3340} INFO - Setting next_dagrun for latest_only to 2023-07-07T08:13:43.264263+00:00, run_after=2023-07-07T12:13:43.264263+00:00
[2023-07-07T12:13:43.280+0000] {processor.py:176} INFO - Processing /home/airflow/.local/lib/python3.7/site-packages/airflow/example_dags/example_latest_only.py took 0.072 seconds
[2023-07-07T12:14:13.416+0000] {processor.py:154} INFO - Started process (PID=1554) to work on /home/airflow/.local/lib/python3.7/site-packages/airflow/example_dags/example_latest_only.py
[2023-07-07T12:14:13.420+0000] {processor.py:756} INFO - Processing file /home/airflow/.local/lib/python3.7/site-packages/airflow/example_dags/example_latest_only.py for tasks to queue
[2023-07-07T12:14:13.421+0000] {logging_mixin.py:120} INFO - [2023-07-07T12:14:13.421+0000] {dagbag.py:537} INFO - Filling up the DagBag from /home/airflow/.local/lib/python3.7/site-packages/airflow/example_dags/example_latest_only.py
[2023-07-07T12:14:13.437+0000] {processor.py:766} INFO - DAG(s) dict_keys(['latest_only']) retrieved from /home/airflow/.local/lib/python3.7/site-packages/airflow/example_dags/example_latest_only.py
[2023-07-07T12:14:13.460+0000] {logging_mixin.py:120} INFO - [2023-07-07T12:14:13.460+0000] {dag.py:2585} INFO - Sync 1 DAGs
[2023-07-07T12:14:13.474+0000] {logging_mixin.py:120} INFO - [2023-07-07T12:14:13.474+0000] {dag.py:3340} INFO - Setting next_dagrun for latest_only to 2023-07-07T08:14:13.474453+00:00, run_after=2023-07-07T12:14:13.474453+00:00
[2023-07-07T12:14:13.486+0000] {processor.py:176} INFO - Processing /home/airflow/.local/lib/python3.7/site-packages/airflow/example_dags/example_latest_only.py took 0.077 seconds
[2023-07-07T12:14:43.520+0000] {processor.py:154} INFO - Started process (PID=1621) to work on /home/airflow/.local/lib/python3.7/site-packages/airflow/example_dags/example_latest_only.py
[2023-07-07T12:14:43.523+0000] {processor.py:756} INFO - Processing file /home/airflow/.local/lib/python3.7/site-packages/airflow/example_dags/example_latest_only.py for tasks to queue
[2023-07-07T12:14:43.523+0000] {logging_mixin.py:120} INFO - [2023-07-07T12:14:43.523+0000] {dagbag.py:537} INFO - Filling up the DagBag from /home/airflow/.local/lib/python3.7/site-packages/airflow/example_dags/example_latest_only.py
[2023-07-07T12:14:43.533+0000] {processor.py:766} INFO - DAG(s) dict_keys(['latest_only']) retrieved from /home/airflow/.local/lib/python3.7/site-packages/airflow/example_dags/example_latest_only.py
[2023-07-07T12:14:43.557+0000] {logging_mixin.py:120} INFO - [2023-07-07T12:14:43.557+0000] {dag.py:2585} INFO - Sync 1 DAGs
[2023-07-07T12:14:43.572+0000] {logging_mixin.py:120} INFO - [2023-07-07T12:14:43.572+0000] {dag.py:3340} INFO - Setting next_dagrun for latest_only to 2023-07-07T08:14:43.572357+00:00, run_after=2023-07-07T12:14:43.572357+00:00
[2023-07-07T12:14:43.583+0000] {processor.py:176} INFO - Processing /home/airflow/.local/lib/python3.7/site-packages/airflow/example_dags/example_latest_only.py took 0.067 seconds
[2023-07-07T12:15:13.760+0000] {processor.py:154} INFO - Started process (PID=1688) to work on /home/airflow/.local/lib/python3.7/site-packages/airflow/example_dags/example_latest_only.py
[2023-07-07T12:15:13.761+0000] {processor.py:756} INFO - Processing file /home/airflow/.local/lib/python3.7/site-packages/airflow/example_dags/example_latest_only.py for tasks to queue
[2023-07-07T12:15:13.761+0000] {logging_mixin.py:120} INFO - [2023-07-07T12:15:13.761+0000] {dagbag.py:537} INFO - Filling up the DagBag from /home/airflow/.local/lib/python3.7/site-packages/airflow/example_dags/example_latest_only.py
[2023-07-07T12:15:13.770+0000] {processor.py:766} INFO - DAG(s) dict_keys(['latest_only']) retrieved from /home/airflow/.local/lib/python3.7/site-packages/airflow/example_dags/example_latest_only.py
[2023-07-07T12:15:13.800+0000] {logging_mixin.py:120} INFO - [2023-07-07T12:15:13.800+0000] {dag.py:2585} INFO - Sync 1 DAGs
[2023-07-07T12:15:13.817+0000] {logging_mixin.py:120} INFO - [2023-07-07T12:15:13.816+0000] {dag.py:3340} INFO - Setting next_dagrun for latest_only to 2023-07-07T08:15:13.816742+00:00, run_after=2023-07-07T12:15:13.816742+00:00
[2023-07-07T12:15:13.831+0000] {processor.py:176} INFO - Processing /home/airflow/.local/lib/python3.7/site-packages/airflow/example_dags/example_latest_only.py took 0.073 seconds
[2023-07-07T12:15:44.736+0000] {processor.py:154} INFO - Started process (PID=1746) to work on /home/airflow/.local/lib/python3.7/site-packages/airflow/example_dags/example_latest_only.py
[2023-07-07T12:15:44.737+0000] {processor.py:756} INFO - Processing file /home/airflow/.local/lib/python3.7/site-packages/airflow/example_dags/example_latest_only.py for tasks to queue
[2023-07-07T12:15:44.737+0000] {logging_mixin.py:120} INFO - [2023-07-07T12:15:44.737+0000] {dagbag.py:537} INFO - Filling up the DagBag from /home/airflow/.local/lib/python3.7/site-packages/airflow/example_dags/example_latest_only.py
[2023-07-07T12:15:44.744+0000] {processor.py:766} INFO - DAG(s) dict_keys(['latest_only']) retrieved from /home/airflow/.local/lib/python3.7/site-packages/airflow/example_dags/example_latest_only.py
[2023-07-07T12:15:44.768+0000] {logging_mixin.py:120} INFO - [2023-07-07T12:15:44.768+0000] {dag.py:2585} INFO - Sync 1 DAGs
[2023-07-07T12:15:44.783+0000] {logging_mixin.py:120} INFO - [2023-07-07T12:15:44.783+0000] {dag.py:3340} INFO - Setting next_dagrun for latest_only to 2023-07-07T08:15:44.783305+00:00, run_after=2023-07-07T12:15:44.783305+00:00
[2023-07-07T12:15:44.796+0000] {processor.py:176} INFO - Processing /home/airflow/.local/lib/python3.7/site-packages/airflow/example_dags/example_latest_only.py took 0.062 seconds
[2023-07-07T12:16:15.157+0000] {processor.py:154} INFO - Started process (PID=1814) to work on /home/airflow/.local/lib/python3.7/site-packages/airflow/example_dags/example_latest_only.py
[2023-07-07T12:16:15.161+0000] {processor.py:756} INFO - Processing file /home/airflow/.local/lib/python3.7/site-packages/airflow/example_dags/example_latest_only.py for tasks to queue
[2023-07-07T12:16:15.162+0000] {logging_mixin.py:120} INFO - [2023-07-07T12:16:15.162+0000] {dagbag.py:537} INFO - Filling up the DagBag from /home/airflow/.local/lib/python3.7/site-packages/airflow/example_dags/example_latest_only.py
[2023-07-07T12:16:15.177+0000] {processor.py:766} INFO - DAG(s) dict_keys(['latest_only']) retrieved from /home/airflow/.local/lib/python3.7/site-packages/airflow/example_dags/example_latest_only.py
[2023-07-07T12:16:15.199+0000] {logging_mixin.py:120} INFO - [2023-07-07T12:16:15.199+0000] {dag.py:2585} INFO - Sync 1 DAGs
[2023-07-07T12:16:15.212+0000] {logging_mixin.py:120} INFO - [2023-07-07T12:16:15.212+0000] {dag.py:3340} INFO - Setting next_dagrun for latest_only to 2023-07-07T08:16:15.212227+00:00, run_after=2023-07-07T12:16:15.212227+00:00
[2023-07-07T12:16:15.225+0000] {processor.py:176} INFO - Processing /home/airflow/.local/lib/python3.7/site-packages/airflow/example_dags/example_latest_only.py took 0.072 seconds
[2023-07-07T12:16:45.393+0000] {processor.py:154} INFO - Started process (PID=1882) to work on /home/airflow/.local/lib/python3.7/site-packages/airflow/example_dags/example_latest_only.py
[2023-07-07T12:16:45.397+0000] {processor.py:756} INFO - Processing file /home/airflow/.local/lib/python3.7/site-packages/airflow/example_dags/example_latest_only.py for tasks to queue
[2023-07-07T12:16:45.398+0000] {logging_mixin.py:120} INFO - [2023-07-07T12:16:45.398+0000] {dagbag.py:537} INFO - Filling up the DagBag from /home/airflow/.local/lib/python3.7/site-packages/airflow/example_dags/example_latest_only.py
[2023-07-07T12:16:45.410+0000] {processor.py:766} INFO - DAG(s) dict_keys(['latest_only']) retrieved from /home/airflow/.local/lib/python3.7/site-packages/airflow/example_dags/example_latest_only.py
[2023-07-07T12:16:45.434+0000] {logging_mixin.py:120} INFO - [2023-07-07T12:16:45.433+0000] {dag.py:2585} INFO - Sync 1 DAGs
[2023-07-07T12:16:45.449+0000] {logging_mixin.py:120} INFO - [2023-07-07T12:16:45.449+0000] {dag.py:3340} INFO - Setting next_dagrun for latest_only to 2023-07-07T08:16:45.449518+00:00, run_after=2023-07-07T12:16:45.449518+00:00
[2023-07-07T12:16:45.461+0000] {processor.py:176} INFO - Processing /home/airflow/.local/lib/python3.7/site-packages/airflow/example_dags/example_latest_only.py took 0.071 seconds
[2023-07-07T12:17:15.801+0000] {processor.py:154} INFO - Started process (PID=1948) to work on /home/airflow/.local/lib/python3.7/site-packages/airflow/example_dags/example_latest_only.py
[2023-07-07T12:17:15.802+0000] {processor.py:756} INFO - Processing file /home/airflow/.local/lib/python3.7/site-packages/airflow/example_dags/example_latest_only.py for tasks to queue
[2023-07-07T12:17:15.803+0000] {logging_mixin.py:120} INFO - [2023-07-07T12:17:15.803+0000] {dagbag.py:537} INFO - Filling up the DagBag from /home/airflow/.local/lib/python3.7/site-packages/airflow/example_dags/example_latest_only.py
[2023-07-07T12:17:15.811+0000] {processor.py:766} INFO - DAG(s) dict_keys(['latest_only']) retrieved from /home/airflow/.local/lib/python3.7/site-packages/airflow/example_dags/example_latest_only.py
[2023-07-07T12:17:15.835+0000] {logging_mixin.py:120} INFO - [2023-07-07T12:17:15.835+0000] {dag.py:2585} INFO - Sync 1 DAGs
[2023-07-07T12:17:15.850+0000] {logging_mixin.py:120} INFO - [2023-07-07T12:17:15.850+0000] {dag.py:3340} INFO - Setting next_dagrun for latest_only to 2023-07-07T08:17:15.850093+00:00, run_after=2023-07-07T12:17:15.850093+00:00
[2023-07-07T12:17:15.862+0000] {processor.py:176} INFO - Processing /home/airflow/.local/lib/python3.7/site-packages/airflow/example_dags/example_latest_only.py took 0.064 seconds
[2023-07-07T12:17:46.085+0000] {processor.py:154} INFO - Started process (PID=2015) to work on /home/airflow/.local/lib/python3.7/site-packages/airflow/example_dags/example_latest_only.py
[2023-07-07T12:17:46.086+0000] {processor.py:756} INFO - Processing file /home/airflow/.local/lib/python3.7/site-packages/airflow/example_dags/example_latest_only.py for tasks to queue
[2023-07-07T12:17:46.086+0000] {logging_mixin.py:120} INFO - [2023-07-07T12:17:46.086+0000] {dagbag.py:537} INFO - Filling up the DagBag from /home/airflow/.local/lib/python3.7/site-packages/airflow/example_dags/example_latest_only.py
[2023-07-07T12:17:46.095+0000] {processor.py:766} INFO - DAG(s) dict_keys(['latest_only']) retrieved from /home/airflow/.local/lib/python3.7/site-packages/airflow/example_dags/example_latest_only.py
[2023-07-07T12:17:46.121+0000] {logging_mixin.py:120} INFO - [2023-07-07T12:17:46.121+0000] {dag.py:2585} INFO - Sync 1 DAGs
[2023-07-07T12:17:46.139+0000] {logging_mixin.py:120} INFO - [2023-07-07T12:17:46.139+0000] {dag.py:3340} INFO - Setting next_dagrun for latest_only to 2023-07-07T08:17:46.138847+00:00, run_after=2023-07-07T12:17:46.138847+00:00
[2023-07-07T12:17:46.152+0000] {processor.py:176} INFO - Processing /home/airflow/.local/lib/python3.7/site-packages/airflow/example_dags/example_latest_only.py took 0.069 seconds
[2023-07-07T12:18:16.368+0000] {processor.py:154} INFO - Started process (PID=2073) to work on /home/airflow/.local/lib/python3.7/site-packages/airflow/example_dags/example_latest_only.py
[2023-07-07T12:18:16.372+0000] {processor.py:756} INFO - Processing file /home/airflow/.local/lib/python3.7/site-packages/airflow/example_dags/example_latest_only.py for tasks to queue
[2023-07-07T12:18:16.373+0000] {logging_mixin.py:120} INFO - [2023-07-07T12:18:16.373+0000] {dagbag.py:537} INFO - Filling up the DagBag from /home/airflow/.local/lib/python3.7/site-packages/airflow/example_dags/example_latest_only.py
[2023-07-07T12:18:16.388+0000] {processor.py:766} INFO - DAG(s) dict_keys(['latest_only']) retrieved from /home/airflow/.local/lib/python3.7/site-packages/airflow/example_dags/example_latest_only.py
[2023-07-07T12:18:16.411+0000] {logging_mixin.py:120} INFO - [2023-07-07T12:18:16.411+0000] {dag.py:2585} INFO - Sync 1 DAGs
[2023-07-07T12:18:16.425+0000] {logging_mixin.py:120} INFO - [2023-07-07T12:18:16.425+0000] {dag.py:3340} INFO - Setting next_dagrun for latest_only to 2023-07-07T08:18:16.425330+00:00, run_after=2023-07-07T12:18:16.425330+00:00
[2023-07-07T12:18:16.437+0000] {processor.py:176} INFO - Processing /home/airflow/.local/lib/python3.7/site-packages/airflow/example_dags/example_latest_only.py took 0.074 seconds
[2023-07-07T12:18:46.563+0000] {processor.py:154} INFO - Started process (PID=2141) to work on /home/airflow/.local/lib/python3.7/site-packages/airflow/example_dags/example_latest_only.py
[2023-07-07T12:18:46.563+0000] {processor.py:756} INFO - Processing file /home/airflow/.local/lib/python3.7/site-packages/airflow/example_dags/example_latest_only.py for tasks to queue
[2023-07-07T12:18:46.564+0000] {logging_mixin.py:120} INFO - [2023-07-07T12:18:46.564+0000] {dagbag.py:537} INFO - Filling up the DagBag from /home/airflow/.local/lib/python3.7/site-packages/airflow/example_dags/example_latest_only.py
[2023-07-07T12:18:46.572+0000] {processor.py:766} INFO - DAG(s) dict_keys(['latest_only']) retrieved from /home/airflow/.local/lib/python3.7/site-packages/airflow/example_dags/example_latest_only.py
[2023-07-07T12:18:46.595+0000] {logging_mixin.py:120} INFO - [2023-07-07T12:18:46.595+0000] {dag.py:2585} INFO - Sync 1 DAGs
[2023-07-07T12:18:46.611+0000] {logging_mixin.py:120} INFO - [2023-07-07T12:18:46.611+0000] {dag.py:3340} INFO - Setting next_dagrun for latest_only to 2023-07-07T08:18:46.611145+00:00, run_after=2023-07-07T12:18:46.611145+00:00
[2023-07-07T12:18:46.623+0000] {processor.py:176} INFO - Processing /home/airflow/.local/lib/python3.7/site-packages/airflow/example_dags/example_latest_only.py took 0.062 seconds
[2023-07-07T12:19:16.869+0000] {processor.py:154} INFO - Started process (PID=2208) to work on /home/airflow/.local/lib/python3.7/site-packages/airflow/example_dags/example_latest_only.py
[2023-07-07T12:19:16.870+0000] {processor.py:756} INFO - Processing file /home/airflow/.local/lib/python3.7/site-packages/airflow/example_dags/example_latest_only.py for tasks to queue
[2023-07-07T12:19:16.870+0000] {logging_mixin.py:120} INFO - [2023-07-07T12:19:16.870+0000] {dagbag.py:537} INFO - Filling up the DagBag from /home/airflow/.local/lib/python3.7/site-packages/airflow/example_dags/example_latest_only.py
[2023-07-07T12:19:16.883+0000] {processor.py:766} INFO - DAG(s) dict_keys(['latest_only']) retrieved from /home/airflow/.local/lib/python3.7/site-packages/airflow/example_dags/example_latest_only.py
[2023-07-07T12:19:16.905+0000] {logging_mixin.py:120} INFO - [2023-07-07T12:19:16.905+0000] {dag.py:2585} INFO - Sync 1 DAGs
[2023-07-07T12:19:16.919+0000] {logging_mixin.py:120} INFO - [2023-07-07T12:19:16.919+0000] {dag.py:3340} INFO - Setting next_dagrun for latest_only to 2023-07-07T08:19:16.918888+00:00, run_after=2023-07-07T12:19:16.918888+00:00
[2023-07-07T12:19:16.931+0000] {processor.py:176} INFO - Processing /home/airflow/.local/lib/python3.7/site-packages/airflow/example_dags/example_latest_only.py took 0.063 seconds
[2023-07-07T12:19:47.130+0000] {processor.py:154} INFO - Started process (PID=2276) to work on /home/airflow/.local/lib/python3.7/site-packages/airflow/example_dags/example_latest_only.py
[2023-07-07T12:19:47.131+0000] {processor.py:756} INFO - Processing file /home/airflow/.local/lib/python3.7/site-packages/airflow/example_dags/example_latest_only.py for tasks to queue
[2023-07-07T12:19:47.132+0000] {logging_mixin.py:120} INFO - [2023-07-07T12:19:47.132+0000] {dagbag.py:537} INFO - Filling up the DagBag from /home/airflow/.local/lib/python3.7/site-packages/airflow/example_dags/example_latest_only.py
[2023-07-07T12:19:47.140+0000] {processor.py:766} INFO - DAG(s) dict_keys(['latest_only']) retrieved from /home/airflow/.local/lib/python3.7/site-packages/airflow/example_dags/example_latest_only.py
[2023-07-07T12:19:47.162+0000] {logging_mixin.py:120} INFO - [2023-07-07T12:19:47.162+0000] {dag.py:2585} INFO - Sync 1 DAGs
[2023-07-07T12:19:47.176+0000] {logging_mixin.py:120} INFO - [2023-07-07T12:19:47.176+0000] {dag.py:3340} INFO - Setting next_dagrun for latest_only to 2023-07-07T08:19:47.176108+00:00, run_after=2023-07-07T12:19:47.176108+00:00
[2023-07-07T12:19:47.187+0000] {processor.py:176} INFO - Processing /home/airflow/.local/lib/python3.7/site-packages/airflow/example_dags/example_latest_only.py took 0.060 seconds
[2023-07-07T12:20:17.323+0000] {processor.py:154} INFO - Started process (PID=2336) to work on /home/airflow/.local/lib/python3.7/site-packages/airflow/example_dags/example_latest_only.py
[2023-07-07T12:20:17.324+0000] {processor.py:756} INFO - Processing file /home/airflow/.local/lib/python3.7/site-packages/airflow/example_dags/example_latest_only.py for tasks to queue
[2023-07-07T12:20:17.325+0000] {logging_mixin.py:120} INFO - [2023-07-07T12:20:17.325+0000] {dagbag.py:537} INFO - Filling up the DagBag from /home/airflow/.local/lib/python3.7/site-packages/airflow/example_dags/example_latest_only.py
[2023-07-07T12:20:17.335+0000] {processor.py:766} INFO - DAG(s) dict_keys(['latest_only']) retrieved from /home/airflow/.local/lib/python3.7/site-packages/airflow/example_dags/example_latest_only.py
[2023-07-07T12:20:17.360+0000] {logging_mixin.py:120} INFO - [2023-07-07T12:20:17.360+0000] {dag.py:2585} INFO - Sync 1 DAGs
[2023-07-07T12:20:17.378+0000] {logging_mixin.py:120} INFO - [2023-07-07T12:20:17.378+0000] {dag.py:3340} INFO - Setting next_dagrun for latest_only to 2023-07-07T08:20:17.378596+00:00, run_after=2023-07-07T12:20:17.378596+00:00
[2023-07-07T12:20:17.393+0000] {processor.py:176} INFO - Processing /home/airflow/.local/lib/python3.7/site-packages/airflow/example_dags/example_latest_only.py took 0.072 seconds
[2023-07-07T12:20:47.659+0000] {processor.py:154} INFO - Started process (PID=2401) to work on /home/airflow/.local/lib/python3.7/site-packages/airflow/example_dags/example_latest_only.py
[2023-07-07T12:20:47.659+0000] {processor.py:756} INFO - Processing file /home/airflow/.local/lib/python3.7/site-packages/airflow/example_dags/example_latest_only.py for tasks to queue
[2023-07-07T12:20:47.660+0000] {logging_mixin.py:120} INFO - [2023-07-07T12:20:47.660+0000] {dagbag.py:537} INFO - Filling up the DagBag from /home/airflow/.local/lib/python3.7/site-packages/airflow/example_dags/example_latest_only.py
[2023-07-07T12:20:47.670+0000] {processor.py:766} INFO - DAG(s) dict_keys(['latest_only']) retrieved from /home/airflow/.local/lib/python3.7/site-packages/airflow/example_dags/example_latest_only.py
[2023-07-07T12:20:47.693+0000] {logging_mixin.py:120} INFO - [2023-07-07T12:20:47.693+0000] {dag.py:2585} INFO - Sync 1 DAGs
[2023-07-07T12:20:47.709+0000] {logging_mixin.py:120} INFO - [2023-07-07T12:20:47.709+0000] {dag.py:3340} INFO - Setting next_dagrun for latest_only to 2023-07-07T08:20:47.709052+00:00, run_after=2023-07-07T12:20:47.709052+00:00
[2023-07-07T12:20:47.721+0000] {processor.py:176} INFO - Processing /home/airflow/.local/lib/python3.7/site-packages/airflow/example_dags/example_latest_only.py took 0.066 seconds
[2023-07-07T12:21:17.881+0000] {processor.py:154} INFO - Started process (PID=2468) to work on /home/airflow/.local/lib/python3.7/site-packages/airflow/example_dags/example_latest_only.py
[2023-07-07T12:21:17.885+0000] {processor.py:756} INFO - Processing file /home/airflow/.local/lib/python3.7/site-packages/airflow/example_dags/example_latest_only.py for tasks to queue
[2023-07-07T12:21:17.886+0000] {logging_mixin.py:120} INFO - [2023-07-07T12:21:17.886+0000] {dagbag.py:537} INFO - Filling up the DagBag from /home/airflow/.local/lib/python3.7/site-packages/airflow/example_dags/example_latest_only.py
[2023-07-07T12:21:17.893+0000] {processor.py:766} INFO - DAG(s) dict_keys(['latest_only']) retrieved from /home/airflow/.local/lib/python3.7/site-packages/airflow/example_dags/example_latest_only.py
[2023-07-07T12:21:17.916+0000] {logging_mixin.py:120} INFO - [2023-07-07T12:21:17.916+0000] {dag.py:2585} INFO - Sync 1 DAGs
[2023-07-07T12:21:17.931+0000] {logging_mixin.py:120} INFO - [2023-07-07T12:21:17.931+0000] {dag.py:3340} INFO - Setting next_dagrun for latest_only to 2023-07-07T08:21:17.931344+00:00, run_after=2023-07-07T12:21:17.931344+00:00
[2023-07-07T12:21:17.944+0000] {processor.py:176} INFO - Processing /home/airflow/.local/lib/python3.7/site-packages/airflow/example_dags/example_latest_only.py took 0.066 seconds
[2023-07-07T12:22:00.029+0000] {processor.py:154} INFO - Started process (PID=66) to work on /home/airflow/.local/lib/python3.7/site-packages/airflow/example_dags/example_latest_only.py
[2023-07-07T12:22:00.030+0000] {processor.py:756} INFO - Processing file /home/airflow/.local/lib/python3.7/site-packages/airflow/example_dags/example_latest_only.py for tasks to queue
[2023-07-07T12:22:00.031+0000] {logging_mixin.py:120} INFO - [2023-07-07T12:22:00.031+0000] {dagbag.py:537} INFO - Filling up the DagBag from /home/airflow/.local/lib/python3.7/site-packages/airflow/example_dags/example_latest_only.py
[2023-07-07T12:22:00.047+0000] {processor.py:766} INFO - DAG(s) dict_keys(['latest_only']) retrieved from /home/airflow/.local/lib/python3.7/site-packages/airflow/example_dags/example_latest_only.py
[2023-07-07T12:22:00.080+0000] {logging_mixin.py:120} INFO - [2023-07-07T12:22:00.079+0000] {dag.py:2585} INFO - Sync 1 DAGs
[2023-07-07T12:22:00.114+0000] {logging_mixin.py:120} INFO - [2023-07-07T12:22:00.114+0000] {dag.py:3340} INFO - Setting next_dagrun for latest_only to 2023-07-07T08:22:00.113790+00:00, run_after=2023-07-07T12:22:00.113790+00:00
[2023-07-07T12:22:00.137+0000] {processor.py:176} INFO - Processing /home/airflow/.local/lib/python3.7/site-packages/airflow/example_dags/example_latest_only.py took 0.111 seconds
[2023-07-07T12:22:30.755+0000] {processor.py:154} INFO - Started process (PID=124) to work on /home/airflow/.local/lib/python3.7/site-packages/airflow/example_dags/example_latest_only.py
[2023-07-07T12:22:30.756+0000] {processor.py:756} INFO - Processing file /home/airflow/.local/lib/python3.7/site-packages/airflow/example_dags/example_latest_only.py for tasks to queue
[2023-07-07T12:22:30.756+0000] {logging_mixin.py:120} INFO - [2023-07-07T12:22:30.756+0000] {dagbag.py:537} INFO - Filling up the DagBag from /home/airflow/.local/lib/python3.7/site-packages/airflow/example_dags/example_latest_only.py
[2023-07-07T12:22:30.764+0000] {processor.py:766} INFO - DAG(s) dict_keys(['latest_only']) retrieved from /home/airflow/.local/lib/python3.7/site-packages/airflow/example_dags/example_latest_only.py
[2023-07-07T12:22:30.788+0000] {logging_mixin.py:120} INFO - [2023-07-07T12:22:30.788+0000] {dag.py:2585} INFO - Sync 1 DAGs
[2023-07-07T12:22:30.805+0000] {logging_mixin.py:120} INFO - [2023-07-07T12:22:30.805+0000] {dag.py:3340} INFO - Setting next_dagrun for latest_only to 2023-07-07T08:22:30.804971+00:00, run_after=2023-07-07T12:22:30.804971+00:00
[2023-07-07T12:22:30.817+0000] {processor.py:176} INFO - Processing /home/airflow/.local/lib/python3.7/site-packages/airflow/example_dags/example_latest_only.py took 0.064 seconds
[2023-07-07T12:23:02.065+0000] {processor.py:154} INFO - Started process (PID=191) to work on /home/airflow/.local/lib/python3.7/site-packages/airflow/example_dags/example_latest_only.py
[2023-07-07T12:23:02.066+0000] {processor.py:756} INFO - Processing file /home/airflow/.local/lib/python3.7/site-packages/airflow/example_dags/example_latest_only.py for tasks to queue
[2023-07-07T12:23:02.066+0000] {logging_mixin.py:120} INFO - [2023-07-07T12:23:02.066+0000] {dagbag.py:537} INFO - Filling up the DagBag from /home/airflow/.local/lib/python3.7/site-packages/airflow/example_dags/example_latest_only.py
[2023-07-07T12:23:02.075+0000] {processor.py:766} INFO - DAG(s) dict_keys(['latest_only']) retrieved from /home/airflow/.local/lib/python3.7/site-packages/airflow/example_dags/example_latest_only.py
[2023-07-07T12:23:02.099+0000] {logging_mixin.py:120} INFO - [2023-07-07T12:23:02.098+0000] {dag.py:2585} INFO - Sync 1 DAGs
[2023-07-07T12:23:02.117+0000] {logging_mixin.py:120} INFO - [2023-07-07T12:23:02.116+0000] {dag.py:3340} INFO - Setting next_dagrun for latest_only to 2023-07-07T08:23:02.116814+00:00, run_after=2023-07-07T12:23:02.116814+00:00
[2023-07-07T12:23:02.131+0000] {processor.py:176} INFO - Processing /home/airflow/.local/lib/python3.7/site-packages/airflow/example_dags/example_latest_only.py took 0.067 seconds
[2023-07-07T12:23:32.378+0000] {processor.py:154} INFO - Started process (PID=257) to work on /home/airflow/.local/lib/python3.7/site-packages/airflow/example_dags/example_latest_only.py
[2023-07-07T12:23:32.379+0000] {processor.py:756} INFO - Processing file /home/airflow/.local/lib/python3.7/site-packages/airflow/example_dags/example_latest_only.py for tasks to queue
[2023-07-07T12:23:32.380+0000] {logging_mixin.py:120} INFO - [2023-07-07T12:23:32.379+0000] {dagbag.py:537} INFO - Filling up the DagBag from /home/airflow/.local/lib/python3.7/site-packages/airflow/example_dags/example_latest_only.py
[2023-07-07T12:23:32.389+0000] {processor.py:766} INFO - DAG(s) dict_keys(['latest_only']) retrieved from /home/airflow/.local/lib/python3.7/site-packages/airflow/example_dags/example_latest_only.py
[2023-07-07T12:23:32.415+0000] {logging_mixin.py:120} INFO - [2023-07-07T12:23:32.415+0000] {dag.py:2585} INFO - Sync 1 DAGs
[2023-07-07T12:23:32.433+0000] {logging_mixin.py:120} INFO - [2023-07-07T12:23:32.433+0000] {dag.py:3340} INFO - Setting next_dagrun for latest_only to 2023-07-07T08:23:32.433267+00:00, run_after=2023-07-07T12:23:32.433267+00:00
[2023-07-07T12:23:32.446+0000] {processor.py:176} INFO - Processing /home/airflow/.local/lib/python3.7/site-packages/airflow/example_dags/example_latest_only.py took 0.070 seconds
[2023-07-07T12:24:02.570+0000] {processor.py:154} INFO - Started process (PID=322) to work on /home/airflow/.local/lib/python3.7/site-packages/airflow/example_dags/example_latest_only.py
[2023-07-07T12:24:02.571+0000] {processor.py:756} INFO - Processing file /home/airflow/.local/lib/python3.7/site-packages/airflow/example_dags/example_latest_only.py for tasks to queue
[2023-07-07T12:24:02.572+0000] {logging_mixin.py:120} INFO - [2023-07-07T12:24:02.571+0000] {dagbag.py:537} INFO - Filling up the DagBag from /home/airflow/.local/lib/python3.7/site-packages/airflow/example_dags/example_latest_only.py
[2023-07-07T12:24:02.582+0000] {processor.py:766} INFO - DAG(s) dict_keys(['latest_only']) retrieved from /home/airflow/.local/lib/python3.7/site-packages/airflow/example_dags/example_latest_only.py
[2023-07-07T12:24:02.610+0000] {logging_mixin.py:120} INFO - [2023-07-07T12:24:02.610+0000] {dag.py:2585} INFO - Sync 1 DAGs
[2023-07-07T12:24:02.628+0000] {logging_mixin.py:120} INFO - [2023-07-07T12:24:02.627+0000] {dag.py:3340} INFO - Setting next_dagrun for latest_only to 2023-07-07T08:24:02.627747+00:00, run_after=2023-07-07T12:24:02.627747+00:00
[2023-07-07T12:24:02.640+0000] {processor.py:176} INFO - Processing /home/airflow/.local/lib/python3.7/site-packages/airflow/example_dags/example_latest_only.py took 0.072 seconds
[2023-07-07T12:24:32.985+0000] {processor.py:154} INFO - Started process (PID=380) to work on /home/airflow/.local/lib/python3.7/site-packages/airflow/example_dags/example_latest_only.py
[2023-07-07T12:24:32.985+0000] {processor.py:756} INFO - Processing file /home/airflow/.local/lib/python3.7/site-packages/airflow/example_dags/example_latest_only.py for tasks to queue
[2023-07-07T12:24:32.986+0000] {logging_mixin.py:120} INFO - [2023-07-07T12:24:32.986+0000] {dagbag.py:537} INFO - Filling up the DagBag from /home/airflow/.local/lib/python3.7/site-packages/airflow/example_dags/example_latest_only.py
[2023-07-07T12:24:32.994+0000] {processor.py:766} INFO - DAG(s) dict_keys(['latest_only']) retrieved from /home/airflow/.local/lib/python3.7/site-packages/airflow/example_dags/example_latest_only.py
[2023-07-07T12:24:33.018+0000] {logging_mixin.py:120} INFO - [2023-07-07T12:24:33.018+0000] {dag.py:2585} INFO - Sync 1 DAGs
[2023-07-07T12:24:33.034+0000] {logging_mixin.py:120} INFO - [2023-07-07T12:24:33.034+0000] {dag.py:3340} INFO - Setting next_dagrun for latest_only to 2023-07-07T08:24:33.034733+00:00, run_after=2023-07-07T12:24:33.034733+00:00
[2023-07-07T12:24:33.048+0000] {processor.py:176} INFO - Processing /home/airflow/.local/lib/python3.7/site-packages/airflow/example_dags/example_latest_only.py took 0.066 seconds
[2023-07-07T12:25:03.425+0000] {processor.py:154} INFO - Started process (PID=446) to work on /home/airflow/.local/lib/python3.7/site-packages/airflow/example_dags/example_latest_only.py
[2023-07-07T12:25:03.426+0000] {processor.py:756} INFO - Processing file /home/airflow/.local/lib/python3.7/site-packages/airflow/example_dags/example_latest_only.py for tasks to queue
[2023-07-07T12:25:03.426+0000] {logging_mixin.py:120} INFO - [2023-07-07T12:25:03.426+0000] {dagbag.py:537} INFO - Filling up the DagBag from /home/airflow/.local/lib/python3.7/site-packages/airflow/example_dags/example_latest_only.py
[2023-07-07T12:25:03.434+0000] {processor.py:766} INFO - DAG(s) dict_keys(['latest_only']) retrieved from /home/airflow/.local/lib/python3.7/site-packages/airflow/example_dags/example_latest_only.py
[2023-07-07T12:25:03.459+0000] {logging_mixin.py:120} INFO - [2023-07-07T12:25:03.459+0000] {dag.py:2585} INFO - Sync 1 DAGs
[2023-07-07T12:25:03.475+0000] {logging_mixin.py:120} INFO - [2023-07-07T12:25:03.475+0000] {dag.py:3340} INFO - Setting next_dagrun for latest_only to 2023-07-07T08:25:03.475546+00:00, run_after=2023-07-07T12:25:03.475546+00:00
[2023-07-07T12:25:03.488+0000] {processor.py:176} INFO - Processing /home/airflow/.local/lib/python3.7/site-packages/airflow/example_dags/example_latest_only.py took 0.065 seconds
