[2023-07-07T12:00:25.992+0000] {processor.py:154} INFO - Started process (PID=66) to work on /home/airflow/.local/lib/python3.7/site-packages/airflow/example_dags/example_xcomargs.py
[2023-07-07T12:00:25.993+0000] {processor.py:756} INFO - Processing file /home/airflow/.local/lib/python3.7/site-packages/airflow/example_dags/example_xcomargs.py for tasks to queue
[2023-07-07T12:00:25.993+0000] {logging_mixin.py:120} INFO - [2023-07-07T12:00:25.993+0000] {dagbag.py:537} INFO - Filling up the DagBag from /home/airflow/.local/lib/python3.7/site-packages/airflow/example_dags/example_xcomargs.py
[2023-07-07T12:00:26.012+0000] {processor.py:766} INFO - DAG(s) dict_keys(['example_xcom_args', 'example_xcom_args_with_operators']) retrieved from /home/airflow/.local/lib/python3.7/site-packages/airflow/example_dags/example_xcomargs.py
[2023-07-07T12:00:26.047+0000] {logging_mixin.py:120} INFO - [2023-07-07T12:00:26.047+0000] {dag.py:2585} INFO - Sync 2 DAGs
[2023-07-07T12:00:26.076+0000] {logging_mixin.py:120} INFO - [2023-07-07T12:00:26.076+0000] {dag.py:3340} INFO - Setting next_dagrun for example_xcom_args to None, run_after=None
[2023-07-07T12:00:26.080+0000] {logging_mixin.py:120} INFO - [2023-07-07T12:00:26.080+0000] {dag.py:3340} INFO - Setting next_dagrun for example_xcom_args_with_operators to None, run_after=None
[2023-07-07T12:00:26.096+0000] {processor.py:176} INFO - Processing /home/airflow/.local/lib/python3.7/site-packages/airflow/example_dags/example_xcomargs.py took 0.107 seconds
[2023-07-07T12:00:56.450+0000] {processor.py:154} INFO - Started process (PID=132) to work on /home/airflow/.local/lib/python3.7/site-packages/airflow/example_dags/example_xcomargs.py
[2023-07-07T12:00:56.452+0000] {processor.py:756} INFO - Processing file /home/airflow/.local/lib/python3.7/site-packages/airflow/example_dags/example_xcomargs.py for tasks to queue
[2023-07-07T12:00:56.452+0000] {logging_mixin.py:120} INFO - [2023-07-07T12:00:56.452+0000] {dagbag.py:537} INFO - Filling up the DagBag from /home/airflow/.local/lib/python3.7/site-packages/airflow/example_dags/example_xcomargs.py
[2023-07-07T12:00:56.466+0000] {processor.py:766} INFO - DAG(s) dict_keys(['example_xcom_args', 'example_xcom_args_with_operators']) retrieved from /home/airflow/.local/lib/python3.7/site-packages/airflow/example_dags/example_xcomargs.py
[2023-07-07T12:00:56.491+0000] {logging_mixin.py:120} INFO - [2023-07-07T12:00:56.491+0000] {dag.py:2585} INFO - Sync 2 DAGs
[2023-07-07T12:00:56.505+0000] {logging_mixin.py:120} INFO - [2023-07-07T12:00:56.505+0000] {dag.py:3340} INFO - Setting next_dagrun for example_xcom_args to None, run_after=None
[2023-07-07T12:00:56.507+0000] {logging_mixin.py:120} INFO - [2023-07-07T12:00:56.507+0000] {dag.py:3340} INFO - Setting next_dagrun for example_xcom_args_with_operators to None, run_after=None
[2023-07-07T12:00:56.516+0000] {processor.py:176} INFO - Processing /home/airflow/.local/lib/python3.7/site-packages/airflow/example_dags/example_xcomargs.py took 0.068 seconds
[2023-07-07T12:01:27.894+0000] {processor.py:154} INFO - Started process (PID=201) to work on /home/airflow/.local/lib/python3.7/site-packages/airflow/example_dags/example_xcomargs.py
[2023-07-07T12:01:27.895+0000] {processor.py:756} INFO - Processing file /home/airflow/.local/lib/python3.7/site-packages/airflow/example_dags/example_xcomargs.py for tasks to queue
[2023-07-07T12:01:27.895+0000] {logging_mixin.py:120} INFO - [2023-07-07T12:01:27.895+0000] {dagbag.py:537} INFO - Filling up the DagBag from /home/airflow/.local/lib/python3.7/site-packages/airflow/example_dags/example_xcomargs.py
[2023-07-07T12:01:27.910+0000] {processor.py:766} INFO - DAG(s) dict_keys(['example_xcom_args', 'example_xcom_args_with_operators']) retrieved from /home/airflow/.local/lib/python3.7/site-packages/airflow/example_dags/example_xcomargs.py
[2023-07-07T12:01:27.937+0000] {logging_mixin.py:120} INFO - [2023-07-07T12:01:27.936+0000] {dag.py:2585} INFO - Sync 2 DAGs
[2023-07-07T12:01:27.953+0000] {logging_mixin.py:120} INFO - [2023-07-07T12:01:27.953+0000] {dag.py:3340} INFO - Setting next_dagrun for example_xcom_args to None, run_after=None
[2023-07-07T12:01:27.955+0000] {logging_mixin.py:120} INFO - [2023-07-07T12:01:27.955+0000] {dag.py:3340} INFO - Setting next_dagrun for example_xcom_args_with_operators to None, run_after=None
[2023-07-07T12:01:27.966+0000] {processor.py:176} INFO - Processing /home/airflow/.local/lib/python3.7/site-packages/airflow/example_dags/example_xcomargs.py took 0.073 seconds
[2023-07-07T12:01:59.416+0000] {processor.py:154} INFO - Started process (PID=268) to work on /home/airflow/.local/lib/python3.7/site-packages/airflow/example_dags/example_xcomargs.py
[2023-07-07T12:01:59.416+0000] {processor.py:756} INFO - Processing file /home/airflow/.local/lib/python3.7/site-packages/airflow/example_dags/example_xcomargs.py for tasks to queue
[2023-07-07T12:01:59.417+0000] {logging_mixin.py:120} INFO - [2023-07-07T12:01:59.417+0000] {dagbag.py:537} INFO - Filling up the DagBag from /home/airflow/.local/lib/python3.7/site-packages/airflow/example_dags/example_xcomargs.py
[2023-07-07T12:01:59.431+0000] {processor.py:766} INFO - DAG(s) dict_keys(['example_xcom_args', 'example_xcom_args_with_operators']) retrieved from /home/airflow/.local/lib/python3.7/site-packages/airflow/example_dags/example_xcomargs.py
[2023-07-07T12:01:59.459+0000] {logging_mixin.py:120} INFO - [2023-07-07T12:01:59.459+0000] {dag.py:2585} INFO - Sync 2 DAGs
[2023-07-07T12:01:59.474+0000] {logging_mixin.py:120} INFO - [2023-07-07T12:01:59.474+0000] {dag.py:3340} INFO - Setting next_dagrun for example_xcom_args to None, run_after=None
[2023-07-07T12:01:59.476+0000] {logging_mixin.py:120} INFO - [2023-07-07T12:01:59.476+0000] {dag.py:3340} INFO - Setting next_dagrun for example_xcom_args_with_operators to None, run_after=None
[2023-07-07T12:01:59.486+0000] {processor.py:176} INFO - Processing /home/airflow/.local/lib/python3.7/site-packages/airflow/example_dags/example_xcomargs.py took 0.072 seconds
[2023-07-07T12:02:37.241+0000] {processor.py:154} INFO - Started process (PID=67) to work on /home/airflow/.local/lib/python3.7/site-packages/airflow/example_dags/example_xcomargs.py
[2023-07-07T12:02:37.244+0000] {processor.py:756} INFO - Processing file /home/airflow/.local/lib/python3.7/site-packages/airflow/example_dags/example_xcomargs.py for tasks to queue
[2023-07-07T12:02:37.245+0000] {logging_mixin.py:120} INFO - [2023-07-07T12:02:37.244+0000] {dagbag.py:537} INFO - Filling up the DagBag from /home/airflow/.local/lib/python3.7/site-packages/airflow/example_dags/example_xcomargs.py
[2023-07-07T12:02:37.279+0000] {processor.py:766} INFO - DAG(s) dict_keys(['example_xcom_args_with_operators', 'example_xcom_args']) retrieved from /home/airflow/.local/lib/python3.7/site-packages/airflow/example_dags/example_xcomargs.py
[2023-07-07T12:02:37.339+0000] {logging_mixin.py:120} INFO - [2023-07-07T12:02:37.339+0000] {dag.py:2585} INFO - Sync 2 DAGs
[2023-07-07T12:02:37.377+0000] {logging_mixin.py:120} INFO - [2023-07-07T12:02:37.377+0000] {dag.py:3340} INFO - Setting next_dagrun for example_xcom_args to None, run_after=None
[2023-07-07T12:02:37.381+0000] {logging_mixin.py:120} INFO - [2023-07-07T12:02:37.381+0000] {dag.py:3340} INFO - Setting next_dagrun for example_xcom_args_with_operators to None, run_after=None
[2023-07-07T12:02:37.401+0000] {processor.py:176} INFO - Processing /home/airflow/.local/lib/python3.7/site-packages/airflow/example_dags/example_xcomargs.py took 0.164 seconds
[2023-07-07T12:03:07.828+0000] {processor.py:154} INFO - Started process (PID=133) to work on /home/airflow/.local/lib/python3.7/site-packages/airflow/example_dags/example_xcomargs.py
[2023-07-07T12:03:07.829+0000] {processor.py:756} INFO - Processing file /home/airflow/.local/lib/python3.7/site-packages/airflow/example_dags/example_xcomargs.py for tasks to queue
[2023-07-07T12:03:07.830+0000] {logging_mixin.py:120} INFO - [2023-07-07T12:03:07.830+0000] {dagbag.py:537} INFO - Filling up the DagBag from /home/airflow/.local/lib/python3.7/site-packages/airflow/example_dags/example_xcomargs.py
[2023-07-07T12:03:07.843+0000] {processor.py:766} INFO - DAG(s) dict_keys(['example_xcom_args', 'example_xcom_args_with_operators']) retrieved from /home/airflow/.local/lib/python3.7/site-packages/airflow/example_dags/example_xcomargs.py
[2023-07-07T12:03:07.870+0000] {logging_mixin.py:120} INFO - [2023-07-07T12:03:07.870+0000] {dag.py:2585} INFO - Sync 2 DAGs
[2023-07-07T12:03:07.885+0000] {logging_mixin.py:120} INFO - [2023-07-07T12:03:07.885+0000] {dag.py:3340} INFO - Setting next_dagrun for example_xcom_args to None, run_after=None
[2023-07-07T12:03:07.888+0000] {logging_mixin.py:120} INFO - [2023-07-07T12:03:07.887+0000] {dag.py:3340} INFO - Setting next_dagrun for example_xcom_args_with_operators to None, run_after=None
[2023-07-07T12:03:07.899+0000] {processor.py:176} INFO - Processing /home/airflow/.local/lib/python3.7/site-packages/airflow/example_dags/example_xcomargs.py took 0.072 seconds
[2023-07-07T12:03:38.158+0000] {processor.py:154} INFO - Started process (PID=201) to work on /home/airflow/.local/lib/python3.7/site-packages/airflow/example_dags/example_xcomargs.py
[2023-07-07T12:03:38.159+0000] {processor.py:756} INFO - Processing file /home/airflow/.local/lib/python3.7/site-packages/airflow/example_dags/example_xcomargs.py for tasks to queue
[2023-07-07T12:03:38.159+0000] {logging_mixin.py:120} INFO - [2023-07-07T12:03:38.159+0000] {dagbag.py:537} INFO - Filling up the DagBag from /home/airflow/.local/lib/python3.7/site-packages/airflow/example_dags/example_xcomargs.py
[2023-07-07T12:03:38.172+0000] {processor.py:766} INFO - DAG(s) dict_keys(['example_xcom_args_with_operators', 'example_xcom_args']) retrieved from /home/airflow/.local/lib/python3.7/site-packages/airflow/example_dags/example_xcomargs.py
[2023-07-07T12:03:38.197+0000] {logging_mixin.py:120} INFO - [2023-07-07T12:03:38.197+0000] {dag.py:2585} INFO - Sync 2 DAGs
[2023-07-07T12:03:38.212+0000] {logging_mixin.py:120} INFO - [2023-07-07T12:03:38.212+0000] {dag.py:3340} INFO - Setting next_dagrun for example_xcom_args to None, run_after=None
[2023-07-07T12:03:38.214+0000] {logging_mixin.py:120} INFO - [2023-07-07T12:03:38.214+0000] {dag.py:3340} INFO - Setting next_dagrun for example_xcom_args_with_operators to None, run_after=None
[2023-07-07T12:03:38.225+0000] {processor.py:176} INFO - Processing /home/airflow/.local/lib/python3.7/site-packages/airflow/example_dags/example_xcomargs.py took 0.068 seconds
[2023-07-07T12:04:08.330+0000] {processor.py:154} INFO - Started process (PID=269) to work on /home/airflow/.local/lib/python3.7/site-packages/airflow/example_dags/example_xcomargs.py
[2023-07-07T12:04:08.331+0000] {processor.py:756} INFO - Processing file /home/airflow/.local/lib/python3.7/site-packages/airflow/example_dags/example_xcomargs.py for tasks to queue
[2023-07-07T12:04:08.331+0000] {logging_mixin.py:120} INFO - [2023-07-07T12:04:08.331+0000] {dagbag.py:537} INFO - Filling up the DagBag from /home/airflow/.local/lib/python3.7/site-packages/airflow/example_dags/example_xcomargs.py
[2023-07-07T12:04:08.347+0000] {processor.py:766} INFO - DAG(s) dict_keys(['example_xcom_args', 'example_xcom_args_with_operators']) retrieved from /home/airflow/.local/lib/python3.7/site-packages/airflow/example_dags/example_xcomargs.py
[2023-07-07T12:04:08.374+0000] {logging_mixin.py:120} INFO - [2023-07-07T12:04:08.374+0000] {dag.py:2585} INFO - Sync 2 DAGs
[2023-07-07T12:04:08.390+0000] {logging_mixin.py:120} INFO - [2023-07-07T12:04:08.390+0000] {dag.py:3340} INFO - Setting next_dagrun for example_xcom_args to None, run_after=None
[2023-07-07T12:04:08.393+0000] {logging_mixin.py:120} INFO - [2023-07-07T12:04:08.393+0000] {dag.py:3340} INFO - Setting next_dagrun for example_xcom_args_with_operators to None, run_after=None
[2023-07-07T12:04:08.409+0000] {processor.py:176} INFO - Processing /home/airflow/.local/lib/python3.7/site-packages/airflow/example_dags/example_xcomargs.py took 0.081 seconds
[2023-07-07T12:04:38.629+0000] {processor.py:154} INFO - Started process (PID=327) to work on /home/airflow/.local/lib/python3.7/site-packages/airflow/example_dags/example_xcomargs.py
[2023-07-07T12:04:38.630+0000] {processor.py:756} INFO - Processing file /home/airflow/.local/lib/python3.7/site-packages/airflow/example_dags/example_xcomargs.py for tasks to queue
[2023-07-07T12:04:38.630+0000] {logging_mixin.py:120} INFO - [2023-07-07T12:04:38.630+0000] {dagbag.py:537} INFO - Filling up the DagBag from /home/airflow/.local/lib/python3.7/site-packages/airflow/example_dags/example_xcomargs.py
[2023-07-07T12:04:38.644+0000] {processor.py:766} INFO - DAG(s) dict_keys(['example_xcom_args_with_operators', 'example_xcom_args']) retrieved from /home/airflow/.local/lib/python3.7/site-packages/airflow/example_dags/example_xcomargs.py
[2023-07-07T12:04:38.670+0000] {logging_mixin.py:120} INFO - [2023-07-07T12:04:38.670+0000] {dag.py:2585} INFO - Sync 2 DAGs
[2023-07-07T12:04:38.685+0000] {logging_mixin.py:120} INFO - [2023-07-07T12:04:38.685+0000] {dag.py:3340} INFO - Setting next_dagrun for example_xcom_args to None, run_after=None
[2023-07-07T12:04:38.687+0000] {logging_mixin.py:120} INFO - [2023-07-07T12:04:38.687+0000] {dag.py:3340} INFO - Setting next_dagrun for example_xcom_args_with_operators to None, run_after=None
[2023-07-07T12:04:38.698+0000] {processor.py:176} INFO - Processing /home/airflow/.local/lib/python3.7/site-packages/airflow/example_dags/example_xcomargs.py took 0.070 seconds
[2023-07-07T12:05:09.778+0000] {processor.py:154} INFO - Started process (PID=395) to work on /home/airflow/.local/lib/python3.7/site-packages/airflow/example_dags/example_xcomargs.py
[2023-07-07T12:05:09.779+0000] {processor.py:756} INFO - Processing file /home/airflow/.local/lib/python3.7/site-packages/airflow/example_dags/example_xcomargs.py for tasks to queue
[2023-07-07T12:05:09.780+0000] {logging_mixin.py:120} INFO - [2023-07-07T12:05:09.780+0000] {dagbag.py:537} INFO - Filling up the DagBag from /home/airflow/.local/lib/python3.7/site-packages/airflow/example_dags/example_xcomargs.py
[2023-07-07T12:05:09.795+0000] {processor.py:766} INFO - DAG(s) dict_keys(['example_xcom_args_with_operators', 'example_xcom_args']) retrieved from /home/airflow/.local/lib/python3.7/site-packages/airflow/example_dags/example_xcomargs.py
[2023-07-07T12:05:09.823+0000] {logging_mixin.py:120} INFO - [2023-07-07T12:05:09.823+0000] {dag.py:2585} INFO - Sync 2 DAGs
[2023-07-07T12:05:09.838+0000] {logging_mixin.py:120} INFO - [2023-07-07T12:05:09.838+0000] {dag.py:3340} INFO - Setting next_dagrun for example_xcom_args to None, run_after=None
[2023-07-07T12:05:09.841+0000] {logging_mixin.py:120} INFO - [2023-07-07T12:05:09.841+0000] {dag.py:3340} INFO - Setting next_dagrun for example_xcom_args_with_operators to None, run_after=None
[2023-07-07T12:05:09.853+0000] {processor.py:176} INFO - Processing /home/airflow/.local/lib/python3.7/site-packages/airflow/example_dags/example_xcomargs.py took 0.076 seconds
[2023-07-07T12:05:40.067+0000] {processor.py:154} INFO - Started process (PID=463) to work on /home/airflow/.local/lib/python3.7/site-packages/airflow/example_dags/example_xcomargs.py
[2023-07-07T12:05:40.068+0000] {processor.py:756} INFO - Processing file /home/airflow/.local/lib/python3.7/site-packages/airflow/example_dags/example_xcomargs.py for tasks to queue
[2023-07-07T12:05:40.069+0000] {logging_mixin.py:120} INFO - [2023-07-07T12:05:40.068+0000] {dagbag.py:537} INFO - Filling up the DagBag from /home/airflow/.local/lib/python3.7/site-packages/airflow/example_dags/example_xcomargs.py
[2023-07-07T12:05:40.084+0000] {processor.py:766} INFO - DAG(s) dict_keys(['example_xcom_args', 'example_xcom_args_with_operators']) retrieved from /home/airflow/.local/lib/python3.7/site-packages/airflow/example_dags/example_xcomargs.py
[2023-07-07T12:05:40.114+0000] {logging_mixin.py:120} INFO - [2023-07-07T12:05:40.114+0000] {dag.py:2585} INFO - Sync 2 DAGs
[2023-07-07T12:05:40.130+0000] {logging_mixin.py:120} INFO - [2023-07-07T12:05:40.130+0000] {dag.py:3340} INFO - Setting next_dagrun for example_xcom_args to None, run_after=None
[2023-07-07T12:05:40.133+0000] {logging_mixin.py:120} INFO - [2023-07-07T12:05:40.133+0000] {dag.py:3340} INFO - Setting next_dagrun for example_xcom_args_with_operators to None, run_after=None
[2023-07-07T12:05:40.144+0000] {processor.py:176} INFO - Processing /home/airflow/.local/lib/python3.7/site-packages/airflow/example_dags/example_xcomargs.py took 0.079 seconds
[2023-07-07T12:06:10.276+0000] {processor.py:154} INFO - Started process (PID=529) to work on /home/airflow/.local/lib/python3.7/site-packages/airflow/example_dags/example_xcomargs.py
[2023-07-07T12:06:10.277+0000] {processor.py:756} INFO - Processing file /home/airflow/.local/lib/python3.7/site-packages/airflow/example_dags/example_xcomargs.py for tasks to queue
[2023-07-07T12:06:10.277+0000] {logging_mixin.py:120} INFO - [2023-07-07T12:06:10.277+0000] {dagbag.py:537} INFO - Filling up the DagBag from /home/airflow/.local/lib/python3.7/site-packages/airflow/example_dags/example_xcomargs.py
[2023-07-07T12:06:10.293+0000] {processor.py:766} INFO - DAG(s) dict_keys(['example_xcom_args', 'example_xcom_args_with_operators']) retrieved from /home/airflow/.local/lib/python3.7/site-packages/airflow/example_dags/example_xcomargs.py
[2023-07-07T12:06:10.322+0000] {logging_mixin.py:120} INFO - [2023-07-07T12:06:10.321+0000] {dag.py:2585} INFO - Sync 2 DAGs
[2023-07-07T12:06:10.339+0000] {logging_mixin.py:120} INFO - [2023-07-07T12:06:10.339+0000] {dag.py:3340} INFO - Setting next_dagrun for example_xcom_args to None, run_after=None
[2023-07-07T12:06:10.341+0000] {logging_mixin.py:120} INFO - [2023-07-07T12:06:10.341+0000] {dag.py:3340} INFO - Setting next_dagrun for example_xcom_args_with_operators to None, run_after=None
[2023-07-07T12:06:10.354+0000] {processor.py:176} INFO - Processing /home/airflow/.local/lib/python3.7/site-packages/airflow/example_dags/example_xcomargs.py took 0.080 seconds
[2023-07-07T12:06:41.407+0000] {processor.py:154} INFO - Started process (PID=596) to work on /home/airflow/.local/lib/python3.7/site-packages/airflow/example_dags/example_xcomargs.py
[2023-07-07T12:06:41.408+0000] {processor.py:756} INFO - Processing file /home/airflow/.local/lib/python3.7/site-packages/airflow/example_dags/example_xcomargs.py for tasks to queue
[2023-07-07T12:06:41.409+0000] {logging_mixin.py:120} INFO - [2023-07-07T12:06:41.409+0000] {dagbag.py:537} INFO - Filling up the DagBag from /home/airflow/.local/lib/python3.7/site-packages/airflow/example_dags/example_xcomargs.py
[2023-07-07T12:06:41.423+0000] {processor.py:766} INFO - DAG(s) dict_keys(['example_xcom_args_with_operators', 'example_xcom_args']) retrieved from /home/airflow/.local/lib/python3.7/site-packages/airflow/example_dags/example_xcomargs.py
[2023-07-07T12:06:41.451+0000] {logging_mixin.py:120} INFO - [2023-07-07T12:06:41.451+0000] {dag.py:2585} INFO - Sync 2 DAGs
[2023-07-07T12:06:41.468+0000] {logging_mixin.py:120} INFO - [2023-07-07T12:06:41.467+0000] {dag.py:3340} INFO - Setting next_dagrun for example_xcom_args to None, run_after=None
[2023-07-07T12:06:41.469+0000] {logging_mixin.py:120} INFO - [2023-07-07T12:06:41.469+0000] {dag.py:3340} INFO - Setting next_dagrun for example_xcom_args_with_operators to None, run_after=None
[2023-07-07T12:06:41.479+0000] {processor.py:176} INFO - Processing /home/airflow/.local/lib/python3.7/site-packages/airflow/example_dags/example_xcomargs.py took 0.074 seconds
[2023-07-07T12:07:12.623+0000] {processor.py:154} INFO - Started process (PID=654) to work on /home/airflow/.local/lib/python3.7/site-packages/airflow/example_dags/example_xcomargs.py
[2023-07-07T12:07:12.624+0000] {processor.py:756} INFO - Processing file /home/airflow/.local/lib/python3.7/site-packages/airflow/example_dags/example_xcomargs.py for tasks to queue
[2023-07-07T12:07:12.624+0000] {logging_mixin.py:120} INFO - [2023-07-07T12:07:12.624+0000] {dagbag.py:537} INFO - Filling up the DagBag from /home/airflow/.local/lib/python3.7/site-packages/airflow/example_dags/example_xcomargs.py
[2023-07-07T12:07:12.639+0000] {processor.py:766} INFO - DAG(s) dict_keys(['example_xcom_args_with_operators', 'example_xcom_args']) retrieved from /home/airflow/.local/lib/python3.7/site-packages/airflow/example_dags/example_xcomargs.py
[2023-07-07T12:07:12.666+0000] {logging_mixin.py:120} INFO - [2023-07-07T12:07:12.666+0000] {dag.py:2585} INFO - Sync 2 DAGs
[2023-07-07T12:07:12.682+0000] {logging_mixin.py:120} INFO - [2023-07-07T12:07:12.682+0000] {dag.py:3340} INFO - Setting next_dagrun for example_xcom_args to None, run_after=None
[2023-07-07T12:07:12.685+0000] {logging_mixin.py:120} INFO - [2023-07-07T12:07:12.685+0000] {dag.py:3340} INFO - Setting next_dagrun for example_xcom_args_with_operators to None, run_after=None
[2023-07-07T12:07:12.701+0000] {processor.py:176} INFO - Processing /home/airflow/.local/lib/python3.7/site-packages/airflow/example_dags/example_xcomargs.py took 0.080 seconds
[2023-07-07T12:07:42.932+0000] {processor.py:154} INFO - Started process (PID=721) to work on /home/airflow/.local/lib/python3.7/site-packages/airflow/example_dags/example_xcomargs.py
[2023-07-07T12:07:42.933+0000] {processor.py:756} INFO - Processing file /home/airflow/.local/lib/python3.7/site-packages/airflow/example_dags/example_xcomargs.py for tasks to queue
[2023-07-07T12:07:42.934+0000] {logging_mixin.py:120} INFO - [2023-07-07T12:07:42.934+0000] {dagbag.py:537} INFO - Filling up the DagBag from /home/airflow/.local/lib/python3.7/site-packages/airflow/example_dags/example_xcomargs.py
[2023-07-07T12:07:42.947+0000] {processor.py:766} INFO - DAG(s) dict_keys(['example_xcom_args_with_operators', 'example_xcom_args']) retrieved from /home/airflow/.local/lib/python3.7/site-packages/airflow/example_dags/example_xcomargs.py
[2023-07-07T12:07:42.974+0000] {logging_mixin.py:120} INFO - [2023-07-07T12:07:42.974+0000] {dag.py:2585} INFO - Sync 2 DAGs
[2023-07-07T12:07:42.989+0000] {logging_mixin.py:120} INFO - [2023-07-07T12:07:42.989+0000] {dag.py:3340} INFO - Setting next_dagrun for example_xcom_args to None, run_after=None
[2023-07-07T12:07:42.991+0000] {logging_mixin.py:120} INFO - [2023-07-07T12:07:42.991+0000] {dag.py:3340} INFO - Setting next_dagrun for example_xcom_args_with_operators to None, run_after=None
[2023-07-07T12:07:43.001+0000] {processor.py:176} INFO - Processing /home/airflow/.local/lib/python3.7/site-packages/airflow/example_dags/example_xcomargs.py took 0.070 seconds
[2023-07-07T12:08:13.195+0000] {processor.py:154} INFO - Started process (PID=788) to work on /home/airflow/.local/lib/python3.7/site-packages/airflow/example_dags/example_xcomargs.py
[2023-07-07T12:08:13.195+0000] {processor.py:756} INFO - Processing file /home/airflow/.local/lib/python3.7/site-packages/airflow/example_dags/example_xcomargs.py for tasks to queue
[2023-07-07T12:08:13.196+0000] {logging_mixin.py:120} INFO - [2023-07-07T12:08:13.196+0000] {dagbag.py:537} INFO - Filling up the DagBag from /home/airflow/.local/lib/python3.7/site-packages/airflow/example_dags/example_xcomargs.py
[2023-07-07T12:08:13.209+0000] {processor.py:766} INFO - DAG(s) dict_keys(['example_xcom_args', 'example_xcom_args_with_operators']) retrieved from /home/airflow/.local/lib/python3.7/site-packages/airflow/example_dags/example_xcomargs.py
[2023-07-07T12:08:13.233+0000] {logging_mixin.py:120} INFO - [2023-07-07T12:08:13.233+0000] {dag.py:2585} INFO - Sync 2 DAGs
[2023-07-07T12:08:13.248+0000] {logging_mixin.py:120} INFO - [2023-07-07T12:08:13.248+0000] {dag.py:3340} INFO - Setting next_dagrun for example_xcom_args to None, run_after=None
[2023-07-07T12:08:13.250+0000] {logging_mixin.py:120} INFO - [2023-07-07T12:08:13.250+0000] {dag.py:3340} INFO - Setting next_dagrun for example_xcom_args_with_operators to None, run_after=None
[2023-07-07T12:08:13.261+0000] {processor.py:176} INFO - Processing /home/airflow/.local/lib/python3.7/site-packages/airflow/example_dags/example_xcomargs.py took 0.068 seconds
[2023-07-07T12:08:43.423+0000] {processor.py:154} INFO - Started process (PID=855) to work on /home/airflow/.local/lib/python3.7/site-packages/airflow/example_dags/example_xcomargs.py
[2023-07-07T12:08:43.424+0000] {processor.py:756} INFO - Processing file /home/airflow/.local/lib/python3.7/site-packages/airflow/example_dags/example_xcomargs.py for tasks to queue
[2023-07-07T12:08:43.424+0000] {logging_mixin.py:120} INFO - [2023-07-07T12:08:43.424+0000] {dagbag.py:537} INFO - Filling up the DagBag from /home/airflow/.local/lib/python3.7/site-packages/airflow/example_dags/example_xcomargs.py
[2023-07-07T12:08:43.439+0000] {processor.py:766} INFO - DAG(s) dict_keys(['example_xcom_args_with_operators', 'example_xcom_args']) retrieved from /home/airflow/.local/lib/python3.7/site-packages/airflow/example_dags/example_xcomargs.py
[2023-07-07T12:08:43.470+0000] {logging_mixin.py:120} INFO - [2023-07-07T12:08:43.469+0000] {dag.py:2585} INFO - Sync 2 DAGs
[2023-07-07T12:08:43.487+0000] {logging_mixin.py:120} INFO - [2023-07-07T12:08:43.487+0000] {dag.py:3340} INFO - Setting next_dagrun for example_xcom_args to None, run_after=None
[2023-07-07T12:08:43.489+0000] {logging_mixin.py:120} INFO - [2023-07-07T12:08:43.489+0000] {dag.py:3340} INFO - Setting next_dagrun for example_xcom_args_with_operators to None, run_after=None
[2023-07-07T12:08:43.502+0000] {processor.py:176} INFO - Processing /home/airflow/.local/lib/python3.7/site-packages/airflow/example_dags/example_xcomargs.py took 0.081 seconds
[2023-07-07T12:09:13.576+0000] {processor.py:154} INFO - Started process (PID=920) to work on /home/airflow/.local/lib/python3.7/site-packages/airflow/example_dags/example_xcomargs.py
[2023-07-07T12:09:13.577+0000] {processor.py:756} INFO - Processing file /home/airflow/.local/lib/python3.7/site-packages/airflow/example_dags/example_xcomargs.py for tasks to queue
[2023-07-07T12:09:13.577+0000] {logging_mixin.py:120} INFO - [2023-07-07T12:09:13.577+0000] {dagbag.py:537} INFO - Filling up the DagBag from /home/airflow/.local/lib/python3.7/site-packages/airflow/example_dags/example_xcomargs.py
[2023-07-07T12:09:13.591+0000] {processor.py:766} INFO - DAG(s) dict_keys(['example_xcom_args', 'example_xcom_args_with_operators']) retrieved from /home/airflow/.local/lib/python3.7/site-packages/airflow/example_dags/example_xcomargs.py
[2023-07-07T12:09:13.617+0000] {logging_mixin.py:120} INFO - [2023-07-07T12:09:13.617+0000] {dag.py:2585} INFO - Sync 2 DAGs
[2023-07-07T12:09:13.634+0000] {logging_mixin.py:120} INFO - [2023-07-07T12:09:13.634+0000] {dag.py:3340} INFO - Setting next_dagrun for example_xcom_args to None, run_after=None
[2023-07-07T12:09:13.636+0000] {logging_mixin.py:120} INFO - [2023-07-07T12:09:13.636+0000] {dag.py:3340} INFO - Setting next_dagrun for example_xcom_args_with_operators to None, run_after=None
[2023-07-07T12:09:13.648+0000] {processor.py:176} INFO - Processing /home/airflow/.local/lib/python3.7/site-packages/airflow/example_dags/example_xcomargs.py took 0.073 seconds
[2023-07-07T12:09:44.822+0000] {processor.py:154} INFO - Started process (PID=980) to work on /home/airflow/.local/lib/python3.7/site-packages/airflow/example_dags/example_xcomargs.py
[2023-07-07T12:09:44.823+0000] {processor.py:756} INFO - Processing file /home/airflow/.local/lib/python3.7/site-packages/airflow/example_dags/example_xcomargs.py for tasks to queue
[2023-07-07T12:09:44.823+0000] {logging_mixin.py:120} INFO - [2023-07-07T12:09:44.823+0000] {dagbag.py:537} INFO - Filling up the DagBag from /home/airflow/.local/lib/python3.7/site-packages/airflow/example_dags/example_xcomargs.py
[2023-07-07T12:09:44.837+0000] {processor.py:766} INFO - DAG(s) dict_keys(['example_xcom_args_with_operators', 'example_xcom_args']) retrieved from /home/airflow/.local/lib/python3.7/site-packages/airflow/example_dags/example_xcomargs.py
[2023-07-07T12:09:44.865+0000] {logging_mixin.py:120} INFO - [2023-07-07T12:09:44.865+0000] {dag.py:2585} INFO - Sync 2 DAGs
[2023-07-07T12:09:44.881+0000] {logging_mixin.py:120} INFO - [2023-07-07T12:09:44.881+0000] {dag.py:3340} INFO - Setting next_dagrun for example_xcom_args to None, run_after=None
[2023-07-07T12:09:44.883+0000] {logging_mixin.py:120} INFO - [2023-07-07T12:09:44.883+0000] {dag.py:3340} INFO - Setting next_dagrun for example_xcom_args_with_operators to None, run_after=None
[2023-07-07T12:09:44.895+0000] {processor.py:176} INFO - Processing /home/airflow/.local/lib/python3.7/site-packages/airflow/example_dags/example_xcomargs.py took 0.075 seconds
[2023-07-07T12:10:15.045+0000] {processor.py:154} INFO - Started process (PID=1047) to work on /home/airflow/.local/lib/python3.7/site-packages/airflow/example_dags/example_xcomargs.py
[2023-07-07T12:10:15.045+0000] {processor.py:756} INFO - Processing file /home/airflow/.local/lib/python3.7/site-packages/airflow/example_dags/example_xcomargs.py for tasks to queue
[2023-07-07T12:10:15.046+0000] {logging_mixin.py:120} INFO - [2023-07-07T12:10:15.046+0000] {dagbag.py:537} INFO - Filling up the DagBag from /home/airflow/.local/lib/python3.7/site-packages/airflow/example_dags/example_xcomargs.py
[2023-07-07T12:10:15.059+0000] {processor.py:766} INFO - DAG(s) dict_keys(['example_xcom_args_with_operators', 'example_xcom_args']) retrieved from /home/airflow/.local/lib/python3.7/site-packages/airflow/example_dags/example_xcomargs.py
[2023-07-07T12:10:15.089+0000] {logging_mixin.py:120} INFO - [2023-07-07T12:10:15.088+0000] {dag.py:2585} INFO - Sync 2 DAGs
[2023-07-07T12:10:15.106+0000] {logging_mixin.py:120} INFO - [2023-07-07T12:10:15.106+0000] {dag.py:3340} INFO - Setting next_dagrun for example_xcom_args to None, run_after=None
[2023-07-07T12:10:15.108+0000] {logging_mixin.py:120} INFO - [2023-07-07T12:10:15.108+0000] {dag.py:3340} INFO - Setting next_dagrun for example_xcom_args_with_operators to None, run_after=None
[2023-07-07T12:10:15.119+0000] {processor.py:176} INFO - Processing /home/airflow/.local/lib/python3.7/site-packages/airflow/example_dags/example_xcomargs.py took 0.075 seconds
[2023-07-07T12:10:45.313+0000] {processor.py:154} INFO - Started process (PID=1113) to work on /home/airflow/.local/lib/python3.7/site-packages/airflow/example_dags/example_xcomargs.py
[2023-07-07T12:10:45.313+0000] {processor.py:756} INFO - Processing file /home/airflow/.local/lib/python3.7/site-packages/airflow/example_dags/example_xcomargs.py for tasks to queue
[2023-07-07T12:10:45.314+0000] {logging_mixin.py:120} INFO - [2023-07-07T12:10:45.314+0000] {dagbag.py:537} INFO - Filling up the DagBag from /home/airflow/.local/lib/python3.7/site-packages/airflow/example_dags/example_xcomargs.py
[2023-07-07T12:10:45.328+0000] {processor.py:766} INFO - DAG(s) dict_keys(['example_xcom_args_with_operators', 'example_xcom_args']) retrieved from /home/airflow/.local/lib/python3.7/site-packages/airflow/example_dags/example_xcomargs.py
[2023-07-07T12:10:45.354+0000] {logging_mixin.py:120} INFO - [2023-07-07T12:10:45.354+0000] {dag.py:2585} INFO - Sync 2 DAGs
[2023-07-07T12:10:45.369+0000] {logging_mixin.py:120} INFO - [2023-07-07T12:10:45.369+0000] {dag.py:3340} INFO - Setting next_dagrun for example_xcom_args to None, run_after=None
[2023-07-07T12:10:45.371+0000] {logging_mixin.py:120} INFO - [2023-07-07T12:10:45.371+0000] {dag.py:3340} INFO - Setting next_dagrun for example_xcom_args_with_operators to None, run_after=None
[2023-07-07T12:10:45.384+0000] {processor.py:176} INFO - Processing /home/airflow/.local/lib/python3.7/site-packages/airflow/example_dags/example_xcomargs.py took 0.073 seconds
[2023-07-07T12:11:15.528+0000] {processor.py:154} INFO - Started process (PID=1179) to work on /home/airflow/.local/lib/python3.7/site-packages/airflow/example_dags/example_xcomargs.py
[2023-07-07T12:11:15.529+0000] {processor.py:756} INFO - Processing file /home/airflow/.local/lib/python3.7/site-packages/airflow/example_dags/example_xcomargs.py for tasks to queue
[2023-07-07T12:11:15.529+0000] {logging_mixin.py:120} INFO - [2023-07-07T12:11:15.529+0000] {dagbag.py:537} INFO - Filling up the DagBag from /home/airflow/.local/lib/python3.7/site-packages/airflow/example_dags/example_xcomargs.py
[2023-07-07T12:11:15.542+0000] {processor.py:766} INFO - DAG(s) dict_keys(['example_xcom_args', 'example_xcom_args_with_operators']) retrieved from /home/airflow/.local/lib/python3.7/site-packages/airflow/example_dags/example_xcomargs.py
[2023-07-07T12:11:15.568+0000] {logging_mixin.py:120} INFO - [2023-07-07T12:11:15.568+0000] {dag.py:2585} INFO - Sync 2 DAGs
[2023-07-07T12:11:15.588+0000] {logging_mixin.py:120} INFO - [2023-07-07T12:11:15.588+0000] {dag.py:3340} INFO - Setting next_dagrun for example_xcom_args to None, run_after=None
[2023-07-07T12:11:15.591+0000] {logging_mixin.py:120} INFO - [2023-07-07T12:11:15.591+0000] {dag.py:3340} INFO - Setting next_dagrun for example_xcom_args_with_operators to None, run_after=None
[2023-07-07T12:11:15.604+0000] {processor.py:176} INFO - Processing /home/airflow/.local/lib/python3.7/site-packages/airflow/example_dags/example_xcomargs.py took 0.078 seconds
[2023-07-07T12:11:45.773+0000] {processor.py:154} INFO - Started process (PID=1244) to work on /home/airflow/.local/lib/python3.7/site-packages/airflow/example_dags/example_xcomargs.py
[2023-07-07T12:11:45.773+0000] {processor.py:756} INFO - Processing file /home/airflow/.local/lib/python3.7/site-packages/airflow/example_dags/example_xcomargs.py for tasks to queue
[2023-07-07T12:11:45.774+0000] {logging_mixin.py:120} INFO - [2023-07-07T12:11:45.774+0000] {dagbag.py:537} INFO - Filling up the DagBag from /home/airflow/.local/lib/python3.7/site-packages/airflow/example_dags/example_xcomargs.py
[2023-07-07T12:11:45.790+0000] {processor.py:766} INFO - DAG(s) dict_keys(['example_xcom_args', 'example_xcom_args_with_operators']) retrieved from /home/airflow/.local/lib/python3.7/site-packages/airflow/example_dags/example_xcomargs.py
[2023-07-07T12:11:45.827+0000] {logging_mixin.py:120} INFO - [2023-07-07T12:11:45.826+0000] {dag.py:2585} INFO - Sync 2 DAGs
[2023-07-07T12:11:45.846+0000] {logging_mixin.py:120} INFO - [2023-07-07T12:11:45.845+0000] {dag.py:3340} INFO - Setting next_dagrun for example_xcom_args to None, run_after=None
[2023-07-07T12:11:45.849+0000] {logging_mixin.py:120} INFO - [2023-07-07T12:11:45.849+0000] {dag.py:3340} INFO - Setting next_dagrun for example_xcom_args_with_operators to None, run_after=None
[2023-07-07T12:11:45.862+0000] {processor.py:176} INFO - Processing /home/airflow/.local/lib/python3.7/site-packages/airflow/example_dags/example_xcomargs.py took 0.092 seconds
[2023-07-07T12:12:16.010+0000] {processor.py:154} INFO - Started process (PID=1305) to work on /home/airflow/.local/lib/python3.7/site-packages/airflow/example_dags/example_xcomargs.py
[2023-07-07T12:12:16.010+0000] {processor.py:756} INFO - Processing file /home/airflow/.local/lib/python3.7/site-packages/airflow/example_dags/example_xcomargs.py for tasks to queue
[2023-07-07T12:12:16.010+0000] {logging_mixin.py:120} INFO - [2023-07-07T12:12:16.010+0000] {dagbag.py:537} INFO - Filling up the DagBag from /home/airflow/.local/lib/python3.7/site-packages/airflow/example_dags/example_xcomargs.py
[2023-07-07T12:12:16.024+0000] {processor.py:766} INFO - DAG(s) dict_keys(['example_xcom_args', 'example_xcom_args_with_operators']) retrieved from /home/airflow/.local/lib/python3.7/site-packages/airflow/example_dags/example_xcomargs.py
[2023-07-07T12:12:16.051+0000] {logging_mixin.py:120} INFO - [2023-07-07T12:12:16.051+0000] {dag.py:2585} INFO - Sync 2 DAGs
[2023-07-07T12:12:16.068+0000] {logging_mixin.py:120} INFO - [2023-07-07T12:12:16.068+0000] {dag.py:3340} INFO - Setting next_dagrun for example_xcom_args to None, run_after=None
[2023-07-07T12:12:16.071+0000] {logging_mixin.py:120} INFO - [2023-07-07T12:12:16.070+0000] {dag.py:3340} INFO - Setting next_dagrun for example_xcom_args_with_operators to None, run_after=None
[2023-07-07T12:12:16.082+0000] {processor.py:176} INFO - Processing /home/airflow/.local/lib/python3.7/site-packages/airflow/example_dags/example_xcomargs.py took 0.074 seconds
[2023-07-07T12:12:46.190+0000] {processor.py:154} INFO - Started process (PID=1371) to work on /home/airflow/.local/lib/python3.7/site-packages/airflow/example_dags/example_xcomargs.py
[2023-07-07T12:12:46.193+0000] {processor.py:756} INFO - Processing file /home/airflow/.local/lib/python3.7/site-packages/airflow/example_dags/example_xcomargs.py for tasks to queue
[2023-07-07T12:12:46.194+0000] {logging_mixin.py:120} INFO - [2023-07-07T12:12:46.194+0000] {dagbag.py:537} INFO - Filling up the DagBag from /home/airflow/.local/lib/python3.7/site-packages/airflow/example_dags/example_xcomargs.py
[2023-07-07T12:12:46.210+0000] {processor.py:766} INFO - DAG(s) dict_keys(['example_xcom_args', 'example_xcom_args_with_operators']) retrieved from /home/airflow/.local/lib/python3.7/site-packages/airflow/example_dags/example_xcomargs.py
[2023-07-07T12:12:46.238+0000] {logging_mixin.py:120} INFO - [2023-07-07T12:12:46.238+0000] {dag.py:2585} INFO - Sync 2 DAGs
[2023-07-07T12:12:46.253+0000] {logging_mixin.py:120} INFO - [2023-07-07T12:12:46.253+0000] {dag.py:3340} INFO - Setting next_dagrun for example_xcom_args to None, run_after=None
[2023-07-07T12:12:46.256+0000] {logging_mixin.py:120} INFO - [2023-07-07T12:12:46.256+0000] {dag.py:3340} INFO - Setting next_dagrun for example_xcom_args_with_operators to None, run_after=None
[2023-07-07T12:12:46.267+0000] {processor.py:176} INFO - Processing /home/airflow/.local/lib/python3.7/site-packages/airflow/example_dags/example_xcomargs.py took 0.082 seconds
[2023-07-07T12:13:16.605+0000] {processor.py:154} INFO - Started process (PID=1440) to work on /home/airflow/.local/lib/python3.7/site-packages/airflow/example_dags/example_xcomargs.py
[2023-07-07T12:13:16.606+0000] {processor.py:756} INFO - Processing file /home/airflow/.local/lib/python3.7/site-packages/airflow/example_dags/example_xcomargs.py for tasks to queue
[2023-07-07T12:13:16.606+0000] {logging_mixin.py:120} INFO - [2023-07-07T12:13:16.606+0000] {dagbag.py:537} INFO - Filling up the DagBag from /home/airflow/.local/lib/python3.7/site-packages/airflow/example_dags/example_xcomargs.py
[2023-07-07T12:13:16.620+0000] {processor.py:766} INFO - DAG(s) dict_keys(['example_xcom_args_with_operators', 'example_xcom_args']) retrieved from /home/airflow/.local/lib/python3.7/site-packages/airflow/example_dags/example_xcomargs.py
[2023-07-07T12:13:16.646+0000] {logging_mixin.py:120} INFO - [2023-07-07T12:13:16.646+0000] {dag.py:2585} INFO - Sync 2 DAGs
[2023-07-07T12:13:16.663+0000] {logging_mixin.py:120} INFO - [2023-07-07T12:13:16.663+0000] {dag.py:3340} INFO - Setting next_dagrun for example_xcom_args to None, run_after=None
[2023-07-07T12:13:16.665+0000] {logging_mixin.py:120} INFO - [2023-07-07T12:13:16.665+0000] {dag.py:3340} INFO - Setting next_dagrun for example_xcom_args_with_operators to None, run_after=None
[2023-07-07T12:13:16.680+0000] {processor.py:176} INFO - Processing /home/airflow/.local/lib/python3.7/site-packages/airflow/example_dags/example_xcomargs.py took 0.078 seconds
[2023-07-07T12:13:46.746+0000] {processor.py:154} INFO - Started process (PID=1506) to work on /home/airflow/.local/lib/python3.7/site-packages/airflow/example_dags/example_xcomargs.py
[2023-07-07T12:13:46.747+0000] {processor.py:756} INFO - Processing file /home/airflow/.local/lib/python3.7/site-packages/airflow/example_dags/example_xcomargs.py for tasks to queue
[2023-07-07T12:13:46.747+0000] {logging_mixin.py:120} INFO - [2023-07-07T12:13:46.747+0000] {dagbag.py:537} INFO - Filling up the DagBag from /home/airflow/.local/lib/python3.7/site-packages/airflow/example_dags/example_xcomargs.py
[2023-07-07T12:13:46.765+0000] {processor.py:766} INFO - DAG(s) dict_keys(['example_xcom_args_with_operators', 'example_xcom_args']) retrieved from /home/airflow/.local/lib/python3.7/site-packages/airflow/example_dags/example_xcomargs.py
[2023-07-07T12:13:46.795+0000] {logging_mixin.py:120} INFO - [2023-07-07T12:13:46.795+0000] {dag.py:2585} INFO - Sync 2 DAGs
[2023-07-07T12:13:46.814+0000] {logging_mixin.py:120} INFO - [2023-07-07T12:13:46.814+0000] {dag.py:3340} INFO - Setting next_dagrun for example_xcom_args to None, run_after=None
[2023-07-07T12:13:46.816+0000] {logging_mixin.py:120} INFO - [2023-07-07T12:13:46.816+0000] {dag.py:3340} INFO - Setting next_dagrun for example_xcom_args_with_operators to None, run_after=None
[2023-07-07T12:13:46.830+0000] {processor.py:176} INFO - Processing /home/airflow/.local/lib/python3.7/site-packages/airflow/example_dags/example_xcomargs.py took 0.086 seconds
[2023-07-07T12:14:16.850+0000] {processor.py:154} INFO - Started process (PID=1564) to work on /home/airflow/.local/lib/python3.7/site-packages/airflow/example_dags/example_xcomargs.py
[2023-07-07T12:14:16.850+0000] {processor.py:756} INFO - Processing file /home/airflow/.local/lib/python3.7/site-packages/airflow/example_dags/example_xcomargs.py for tasks to queue
[2023-07-07T12:14:16.851+0000] {logging_mixin.py:120} INFO - [2023-07-07T12:14:16.851+0000] {dagbag.py:537} INFO - Filling up the DagBag from /home/airflow/.local/lib/python3.7/site-packages/airflow/example_dags/example_xcomargs.py
[2023-07-07T12:14:16.865+0000] {processor.py:766} INFO - DAG(s) dict_keys(['example_xcom_args', 'example_xcom_args_with_operators']) retrieved from /home/airflow/.local/lib/python3.7/site-packages/airflow/example_dags/example_xcomargs.py
[2023-07-07T12:14:16.899+0000] {logging_mixin.py:120} INFO - [2023-07-07T12:14:16.899+0000] {dag.py:2585} INFO - Sync 2 DAGs
[2023-07-07T12:14:16.917+0000] {logging_mixin.py:120} INFO - [2023-07-07T12:14:16.916+0000] {dag.py:3340} INFO - Setting next_dagrun for example_xcom_args to None, run_after=None
[2023-07-07T12:14:16.919+0000] {logging_mixin.py:120} INFO - [2023-07-07T12:14:16.919+0000] {dag.py:3340} INFO - Setting next_dagrun for example_xcom_args_with_operators to None, run_after=None
[2023-07-07T12:14:16.931+0000] {processor.py:176} INFO - Processing /home/airflow/.local/lib/python3.7/site-packages/airflow/example_dags/example_xcomargs.py took 0.083 seconds
[2023-07-07T12:14:47.057+0000] {processor.py:154} INFO - Started process (PID=1631) to work on /home/airflow/.local/lib/python3.7/site-packages/airflow/example_dags/example_xcomargs.py
[2023-07-07T12:14:47.059+0000] {processor.py:756} INFO - Processing file /home/airflow/.local/lib/python3.7/site-packages/airflow/example_dags/example_xcomargs.py for tasks to queue
[2023-07-07T12:14:47.059+0000] {logging_mixin.py:120} INFO - [2023-07-07T12:14:47.059+0000] {dagbag.py:537} INFO - Filling up the DagBag from /home/airflow/.local/lib/python3.7/site-packages/airflow/example_dags/example_xcomargs.py
[2023-07-07T12:14:47.075+0000] {processor.py:766} INFO - DAG(s) dict_keys(['example_xcom_args', 'example_xcom_args_with_operators']) retrieved from /home/airflow/.local/lib/python3.7/site-packages/airflow/example_dags/example_xcomargs.py
[2023-07-07T12:14:47.105+0000] {logging_mixin.py:120} INFO - [2023-07-07T12:14:47.104+0000] {dag.py:2585} INFO - Sync 2 DAGs
[2023-07-07T12:14:47.120+0000] {logging_mixin.py:120} INFO - [2023-07-07T12:14:47.120+0000] {dag.py:3340} INFO - Setting next_dagrun for example_xcom_args to None, run_after=None
[2023-07-07T12:14:47.123+0000] {logging_mixin.py:120} INFO - [2023-07-07T12:14:47.123+0000] {dag.py:3340} INFO - Setting next_dagrun for example_xcom_args_with_operators to None, run_after=None
[2023-07-07T12:14:47.132+0000] {processor.py:176} INFO - Processing /home/airflow/.local/lib/python3.7/site-packages/airflow/example_dags/example_xcomargs.py took 0.076 seconds
[2023-07-07T12:15:17.382+0000] {processor.py:154} INFO - Started process (PID=1698) to work on /home/airflow/.local/lib/python3.7/site-packages/airflow/example_dags/example_xcomargs.py
[2023-07-07T12:15:17.382+0000] {processor.py:756} INFO - Processing file /home/airflow/.local/lib/python3.7/site-packages/airflow/example_dags/example_xcomargs.py for tasks to queue
[2023-07-07T12:15:17.383+0000] {logging_mixin.py:120} INFO - [2023-07-07T12:15:17.383+0000] {dagbag.py:537} INFO - Filling up the DagBag from /home/airflow/.local/lib/python3.7/site-packages/airflow/example_dags/example_xcomargs.py
[2023-07-07T12:15:17.396+0000] {processor.py:766} INFO - DAG(s) dict_keys(['example_xcom_args_with_operators', 'example_xcom_args']) retrieved from /home/airflow/.local/lib/python3.7/site-packages/airflow/example_dags/example_xcomargs.py
[2023-07-07T12:15:17.422+0000] {logging_mixin.py:120} INFO - [2023-07-07T12:15:17.422+0000] {dag.py:2585} INFO - Sync 2 DAGs
[2023-07-07T12:15:17.438+0000] {logging_mixin.py:120} INFO - [2023-07-07T12:15:17.437+0000] {dag.py:3340} INFO - Setting next_dagrun for example_xcom_args to None, run_after=None
[2023-07-07T12:15:17.440+0000] {logging_mixin.py:120} INFO - [2023-07-07T12:15:17.440+0000] {dag.py:3340} INFO - Setting next_dagrun for example_xcom_args_with_operators to None, run_after=None
[2023-07-07T12:15:17.449+0000] {processor.py:176} INFO - Processing /home/airflow/.local/lib/python3.7/site-packages/airflow/example_dags/example_xcomargs.py took 0.069 seconds
[2023-07-07T12:15:48.357+0000] {processor.py:154} INFO - Started process (PID=1765) to work on /home/airflow/.local/lib/python3.7/site-packages/airflow/example_dags/example_xcomargs.py
[2023-07-07T12:15:48.358+0000] {processor.py:756} INFO - Processing file /home/airflow/.local/lib/python3.7/site-packages/airflow/example_dags/example_xcomargs.py for tasks to queue
[2023-07-07T12:15:48.358+0000] {logging_mixin.py:120} INFO - [2023-07-07T12:15:48.358+0000] {dagbag.py:537} INFO - Filling up the DagBag from /home/airflow/.local/lib/python3.7/site-packages/airflow/example_dags/example_xcomargs.py
[2023-07-07T12:15:48.371+0000] {processor.py:766} INFO - DAG(s) dict_keys(['example_xcom_args', 'example_xcom_args_with_operators']) retrieved from /home/airflow/.local/lib/python3.7/site-packages/airflow/example_dags/example_xcomargs.py
[2023-07-07T12:15:48.398+0000] {logging_mixin.py:120} INFO - [2023-07-07T12:15:48.398+0000] {dag.py:2585} INFO - Sync 2 DAGs
[2023-07-07T12:15:48.416+0000] {logging_mixin.py:120} INFO - [2023-07-07T12:15:48.416+0000] {dag.py:3340} INFO - Setting next_dagrun for example_xcom_args to None, run_after=None
[2023-07-07T12:15:48.420+0000] {logging_mixin.py:120} INFO - [2023-07-07T12:15:48.419+0000] {dag.py:3340} INFO - Setting next_dagrun for example_xcom_args_with_operators to None, run_after=None
[2023-07-07T12:15:48.432+0000] {processor.py:176} INFO - Processing /home/airflow/.local/lib/python3.7/site-packages/airflow/example_dags/example_xcomargs.py took 0.076 seconds
[2023-07-07T12:16:18.600+0000] {processor.py:154} INFO - Started process (PID=1832) to work on /home/airflow/.local/lib/python3.7/site-packages/airflow/example_dags/example_xcomargs.py
[2023-07-07T12:16:18.600+0000] {processor.py:756} INFO - Processing file /home/airflow/.local/lib/python3.7/site-packages/airflow/example_dags/example_xcomargs.py for tasks to queue
[2023-07-07T12:16:18.601+0000] {logging_mixin.py:120} INFO - [2023-07-07T12:16:18.601+0000] {dagbag.py:537} INFO - Filling up the DagBag from /home/airflow/.local/lib/python3.7/site-packages/airflow/example_dags/example_xcomargs.py
[2023-07-07T12:16:18.615+0000] {processor.py:766} INFO - DAG(s) dict_keys(['example_xcom_args', 'example_xcom_args_with_operators']) retrieved from /home/airflow/.local/lib/python3.7/site-packages/airflow/example_dags/example_xcomargs.py
[2023-07-07T12:16:18.643+0000] {logging_mixin.py:120} INFO - [2023-07-07T12:16:18.642+0000] {dag.py:2585} INFO - Sync 2 DAGs
[2023-07-07T12:16:18.662+0000] {logging_mixin.py:120} INFO - [2023-07-07T12:16:18.662+0000] {dag.py:3340} INFO - Setting next_dagrun for example_xcom_args to None, run_after=None
[2023-07-07T12:16:18.664+0000] {logging_mixin.py:120} INFO - [2023-07-07T12:16:18.664+0000] {dag.py:3340} INFO - Setting next_dagrun for example_xcom_args_with_operators to None, run_after=None
[2023-07-07T12:16:18.676+0000] {processor.py:176} INFO - Processing /home/airflow/.local/lib/python3.7/site-packages/airflow/example_dags/example_xcomargs.py took 0.078 seconds
[2023-07-07T12:16:49.020+0000] {processor.py:154} INFO - Started process (PID=1892) to work on /home/airflow/.local/lib/python3.7/site-packages/airflow/example_dags/example_xcomargs.py
[2023-07-07T12:16:49.021+0000] {processor.py:756} INFO - Processing file /home/airflow/.local/lib/python3.7/site-packages/airflow/example_dags/example_xcomargs.py for tasks to queue
[2023-07-07T12:16:49.021+0000] {logging_mixin.py:120} INFO - [2023-07-07T12:16:49.021+0000] {dagbag.py:537} INFO - Filling up the DagBag from /home/airflow/.local/lib/python3.7/site-packages/airflow/example_dags/example_xcomargs.py
[2023-07-07T12:16:49.035+0000] {processor.py:766} INFO - DAG(s) dict_keys(['example_xcom_args', 'example_xcom_args_with_operators']) retrieved from /home/airflow/.local/lib/python3.7/site-packages/airflow/example_dags/example_xcomargs.py
[2023-07-07T12:16:49.063+0000] {logging_mixin.py:120} INFO - [2023-07-07T12:16:49.063+0000] {dag.py:2585} INFO - Sync 2 DAGs
[2023-07-07T12:16:49.080+0000] {logging_mixin.py:120} INFO - [2023-07-07T12:16:49.079+0000] {dag.py:3340} INFO - Setting next_dagrun for example_xcom_args to None, run_after=None
[2023-07-07T12:16:49.082+0000] {logging_mixin.py:120} INFO - [2023-07-07T12:16:49.082+0000] {dag.py:3340} INFO - Setting next_dagrun for example_xcom_args_with_operators to None, run_after=None
[2023-07-07T12:16:49.094+0000] {processor.py:176} INFO - Processing /home/airflow/.local/lib/python3.7/site-packages/airflow/example_dags/example_xcomargs.py took 0.077 seconds
[2023-07-07T12:17:19.286+0000] {processor.py:154} INFO - Started process (PID=1958) to work on /home/airflow/.local/lib/python3.7/site-packages/airflow/example_dags/example_xcomargs.py
[2023-07-07T12:17:19.287+0000] {processor.py:756} INFO - Processing file /home/airflow/.local/lib/python3.7/site-packages/airflow/example_dags/example_xcomargs.py for tasks to queue
[2023-07-07T12:17:19.287+0000] {logging_mixin.py:120} INFO - [2023-07-07T12:17:19.287+0000] {dagbag.py:537} INFO - Filling up the DagBag from /home/airflow/.local/lib/python3.7/site-packages/airflow/example_dags/example_xcomargs.py
[2023-07-07T12:17:19.304+0000] {processor.py:766} INFO - DAG(s) dict_keys(['example_xcom_args', 'example_xcom_args_with_operators']) retrieved from /home/airflow/.local/lib/python3.7/site-packages/airflow/example_dags/example_xcomargs.py
[2023-07-07T12:17:19.339+0000] {logging_mixin.py:120} INFO - [2023-07-07T12:17:19.338+0000] {dag.py:2585} INFO - Sync 2 DAGs
[2023-07-07T12:17:19.356+0000] {logging_mixin.py:120} INFO - [2023-07-07T12:17:19.356+0000] {dag.py:3340} INFO - Setting next_dagrun for example_xcom_args to None, run_after=None
[2023-07-07T12:17:19.359+0000] {logging_mixin.py:120} INFO - [2023-07-07T12:17:19.359+0000] {dag.py:3340} INFO - Setting next_dagrun for example_xcom_args_with_operators to None, run_after=None
[2023-07-07T12:17:19.371+0000] {processor.py:176} INFO - Processing /home/airflow/.local/lib/python3.7/site-packages/airflow/example_dags/example_xcomargs.py took 0.087 seconds
[2023-07-07T12:17:49.477+0000] {processor.py:154} INFO - Started process (PID=2025) to work on /home/airflow/.local/lib/python3.7/site-packages/airflow/example_dags/example_xcomargs.py
[2023-07-07T12:17:49.478+0000] {processor.py:756} INFO - Processing file /home/airflow/.local/lib/python3.7/site-packages/airflow/example_dags/example_xcomargs.py for tasks to queue
[2023-07-07T12:17:49.478+0000] {logging_mixin.py:120} INFO - [2023-07-07T12:17:49.478+0000] {dagbag.py:537} INFO - Filling up the DagBag from /home/airflow/.local/lib/python3.7/site-packages/airflow/example_dags/example_xcomargs.py
[2023-07-07T12:17:49.493+0000] {processor.py:766} INFO - DAG(s) dict_keys(['example_xcom_args_with_operators', 'example_xcom_args']) retrieved from /home/airflow/.local/lib/python3.7/site-packages/airflow/example_dags/example_xcomargs.py
[2023-07-07T12:17:49.555+0000] {logging_mixin.py:120} INFO - [2023-07-07T12:17:49.554+0000] {dag.py:2585} INFO - Sync 2 DAGs
[2023-07-07T12:17:49.572+0000] {logging_mixin.py:120} INFO - [2023-07-07T12:17:49.571+0000] {dag.py:3340} INFO - Setting next_dagrun for example_xcom_args to None, run_after=None
[2023-07-07T12:17:49.574+0000] {logging_mixin.py:120} INFO - [2023-07-07T12:17:49.574+0000] {dag.py:3340} INFO - Setting next_dagrun for example_xcom_args_with_operators to None, run_after=None
[2023-07-07T12:17:49.585+0000] {processor.py:176} INFO - Processing /home/airflow/.local/lib/python3.7/site-packages/airflow/example_dags/example_xcomargs.py took 0.109 seconds
[2023-07-07T12:18:19.803+0000] {processor.py:154} INFO - Started process (PID=2093) to work on /home/airflow/.local/lib/python3.7/site-packages/airflow/example_dags/example_xcomargs.py
[2023-07-07T12:18:19.803+0000] {processor.py:756} INFO - Processing file /home/airflow/.local/lib/python3.7/site-packages/airflow/example_dags/example_xcomargs.py for tasks to queue
[2023-07-07T12:18:19.804+0000] {logging_mixin.py:120} INFO - [2023-07-07T12:18:19.804+0000] {dagbag.py:537} INFO - Filling up the DagBag from /home/airflow/.local/lib/python3.7/site-packages/airflow/example_dags/example_xcomargs.py
[2023-07-07T12:18:19.817+0000] {processor.py:766} INFO - DAG(s) dict_keys(['example_xcom_args_with_operators', 'example_xcom_args']) retrieved from /home/airflow/.local/lib/python3.7/site-packages/airflow/example_dags/example_xcomargs.py
[2023-07-07T12:18:19.843+0000] {logging_mixin.py:120} INFO - [2023-07-07T12:18:19.843+0000] {dag.py:2585} INFO - Sync 2 DAGs
[2023-07-07T12:18:19.863+0000] {logging_mixin.py:120} INFO - [2023-07-07T12:18:19.863+0000] {dag.py:3340} INFO - Setting next_dagrun for example_xcom_args to None, run_after=None
[2023-07-07T12:18:19.866+0000] {logging_mixin.py:120} INFO - [2023-07-07T12:18:19.866+0000] {dag.py:3340} INFO - Setting next_dagrun for example_xcom_args_with_operators to None, run_after=None
[2023-07-07T12:18:19.876+0000] {processor.py:176} INFO - Processing /home/airflow/.local/lib/python3.7/site-packages/airflow/example_dags/example_xcomargs.py took 0.075 seconds
[2023-07-07T12:18:50.088+0000] {processor.py:154} INFO - Started process (PID=2151) to work on /home/airflow/.local/lib/python3.7/site-packages/airflow/example_dags/example_xcomargs.py
[2023-07-07T12:18:50.088+0000] {processor.py:756} INFO - Processing file /home/airflow/.local/lib/python3.7/site-packages/airflow/example_dags/example_xcomargs.py for tasks to queue
[2023-07-07T12:18:50.089+0000] {logging_mixin.py:120} INFO - [2023-07-07T12:18:50.089+0000] {dagbag.py:537} INFO - Filling up the DagBag from /home/airflow/.local/lib/python3.7/site-packages/airflow/example_dags/example_xcomargs.py
[2023-07-07T12:18:50.102+0000] {processor.py:766} INFO - DAG(s) dict_keys(['example_xcom_args', 'example_xcom_args_with_operators']) retrieved from /home/airflow/.local/lib/python3.7/site-packages/airflow/example_dags/example_xcomargs.py
[2023-07-07T12:18:50.132+0000] {logging_mixin.py:120} INFO - [2023-07-07T12:18:50.132+0000] {dag.py:2585} INFO - Sync 2 DAGs
[2023-07-07T12:18:50.149+0000] {logging_mixin.py:120} INFO - [2023-07-07T12:18:50.149+0000] {dag.py:3340} INFO - Setting next_dagrun for example_xcom_args to None, run_after=None
[2023-07-07T12:18:50.152+0000] {logging_mixin.py:120} INFO - [2023-07-07T12:18:50.152+0000] {dag.py:3340} INFO - Setting next_dagrun for example_xcom_args_with_operators to None, run_after=None
[2023-07-07T12:18:50.164+0000] {processor.py:176} INFO - Processing /home/airflow/.local/lib/python3.7/site-packages/airflow/example_dags/example_xcomargs.py took 0.078 seconds
[2023-07-07T12:19:20.363+0000] {processor.py:154} INFO - Started process (PID=2218) to work on /home/airflow/.local/lib/python3.7/site-packages/airflow/example_dags/example_xcomargs.py
[2023-07-07T12:19:20.364+0000] {processor.py:756} INFO - Processing file /home/airflow/.local/lib/python3.7/site-packages/airflow/example_dags/example_xcomargs.py for tasks to queue
[2023-07-07T12:19:20.364+0000] {logging_mixin.py:120} INFO - [2023-07-07T12:19:20.364+0000] {dagbag.py:537} INFO - Filling up the DagBag from /home/airflow/.local/lib/python3.7/site-packages/airflow/example_dags/example_xcomargs.py
[2023-07-07T12:19:20.377+0000] {processor.py:766} INFO - DAG(s) dict_keys(['example_xcom_args', 'example_xcom_args_with_operators']) retrieved from /home/airflow/.local/lib/python3.7/site-packages/airflow/example_dags/example_xcomargs.py
[2023-07-07T12:19:20.403+0000] {logging_mixin.py:120} INFO - [2023-07-07T12:19:20.403+0000] {dag.py:2585} INFO - Sync 2 DAGs
[2023-07-07T12:19:20.418+0000] {logging_mixin.py:120} INFO - [2023-07-07T12:19:20.418+0000] {dag.py:3340} INFO - Setting next_dagrun for example_xcom_args to None, run_after=None
[2023-07-07T12:19:20.421+0000] {logging_mixin.py:120} INFO - [2023-07-07T12:19:20.420+0000] {dag.py:3340} INFO - Setting next_dagrun for example_xcom_args_with_operators to None, run_after=None
[2023-07-07T12:19:20.432+0000] {processor.py:176} INFO - Processing /home/airflow/.local/lib/python3.7/site-packages/airflow/example_dags/example_xcomargs.py took 0.071 seconds
[2023-07-07T12:19:50.566+0000] {processor.py:154} INFO - Started process (PID=2286) to work on /home/airflow/.local/lib/python3.7/site-packages/airflow/example_dags/example_xcomargs.py
[2023-07-07T12:19:50.566+0000] {processor.py:756} INFO - Processing file /home/airflow/.local/lib/python3.7/site-packages/airflow/example_dags/example_xcomargs.py for tasks to queue
[2023-07-07T12:19:50.567+0000] {logging_mixin.py:120} INFO - [2023-07-07T12:19:50.567+0000] {dagbag.py:537} INFO - Filling up the DagBag from /home/airflow/.local/lib/python3.7/site-packages/airflow/example_dags/example_xcomargs.py
[2023-07-07T12:19:50.580+0000] {processor.py:766} INFO - DAG(s) dict_keys(['example_xcom_args', 'example_xcom_args_with_operators']) retrieved from /home/airflow/.local/lib/python3.7/site-packages/airflow/example_dags/example_xcomargs.py
[2023-07-07T12:19:50.605+0000] {logging_mixin.py:120} INFO - [2023-07-07T12:19:50.604+0000] {dag.py:2585} INFO - Sync 2 DAGs
[2023-07-07T12:19:50.619+0000] {logging_mixin.py:120} INFO - [2023-07-07T12:19:50.619+0000] {dag.py:3340} INFO - Setting next_dagrun for example_xcom_args to None, run_after=None
[2023-07-07T12:19:50.621+0000] {logging_mixin.py:120} INFO - [2023-07-07T12:19:50.621+0000] {dag.py:3340} INFO - Setting next_dagrun for example_xcom_args_with_operators to None, run_after=None
[2023-07-07T12:19:50.633+0000] {processor.py:176} INFO - Processing /home/airflow/.local/lib/python3.7/site-packages/airflow/example_dags/example_xcomargs.py took 0.070 seconds
[2023-07-07T12:20:20.790+0000] {processor.py:154} INFO - Started process (PID=2353) to work on /home/airflow/.local/lib/python3.7/site-packages/airflow/example_dags/example_xcomargs.py
[2023-07-07T12:20:20.791+0000] {processor.py:756} INFO - Processing file /home/airflow/.local/lib/python3.7/site-packages/airflow/example_dags/example_xcomargs.py for tasks to queue
[2023-07-07T12:20:20.791+0000] {logging_mixin.py:120} INFO - [2023-07-07T12:20:20.791+0000] {dagbag.py:537} INFO - Filling up the DagBag from /home/airflow/.local/lib/python3.7/site-packages/airflow/example_dags/example_xcomargs.py
[2023-07-07T12:20:20.805+0000] {processor.py:766} INFO - DAG(s) dict_keys(['example_xcom_args_with_operators', 'example_xcom_args']) retrieved from /home/airflow/.local/lib/python3.7/site-packages/airflow/example_dags/example_xcomargs.py
[2023-07-07T12:20:20.832+0000] {logging_mixin.py:120} INFO - [2023-07-07T12:20:20.832+0000] {dag.py:2585} INFO - Sync 2 DAGs
[2023-07-07T12:20:20.847+0000] {logging_mixin.py:120} INFO - [2023-07-07T12:20:20.847+0000] {dag.py:3340} INFO - Setting next_dagrun for example_xcom_args to None, run_after=None
[2023-07-07T12:20:20.849+0000] {logging_mixin.py:120} INFO - [2023-07-07T12:20:20.849+0000] {dag.py:3340} INFO - Setting next_dagrun for example_xcom_args_with_operators to None, run_after=None
[2023-07-07T12:20:20.858+0000] {processor.py:176} INFO - Processing /home/airflow/.local/lib/python3.7/site-packages/airflow/example_dags/example_xcomargs.py took 0.070 seconds
[2023-07-07T12:20:51.032+0000] {processor.py:154} INFO - Started process (PID=2420) to work on /home/airflow/.local/lib/python3.7/site-packages/airflow/example_dags/example_xcomargs.py
[2023-07-07T12:20:51.033+0000] {processor.py:756} INFO - Processing file /home/airflow/.local/lib/python3.7/site-packages/airflow/example_dags/example_xcomargs.py for tasks to queue
[2023-07-07T12:20:51.033+0000] {logging_mixin.py:120} INFO - [2023-07-07T12:20:51.033+0000] {dagbag.py:537} INFO - Filling up the DagBag from /home/airflow/.local/lib/python3.7/site-packages/airflow/example_dags/example_xcomargs.py
[2023-07-07T12:20:51.048+0000] {processor.py:766} INFO - DAG(s) dict_keys(['example_xcom_args', 'example_xcom_args_with_operators']) retrieved from /home/airflow/.local/lib/python3.7/site-packages/airflow/example_dags/example_xcomargs.py
[2023-07-07T12:20:51.076+0000] {logging_mixin.py:120} INFO - [2023-07-07T12:20:51.076+0000] {dag.py:2585} INFO - Sync 2 DAGs
[2023-07-07T12:20:51.094+0000] {logging_mixin.py:120} INFO - [2023-07-07T12:20:51.094+0000] {dag.py:3340} INFO - Setting next_dagrun for example_xcom_args to None, run_after=None
[2023-07-07T12:20:51.096+0000] {logging_mixin.py:120} INFO - [2023-07-07T12:20:51.096+0000] {dag.py:3340} INFO - Setting next_dagrun for example_xcom_args_with_operators to None, run_after=None
[2023-07-07T12:20:51.106+0000] {processor.py:176} INFO - Processing /home/airflow/.local/lib/python3.7/site-packages/airflow/example_dags/example_xcomargs.py took 0.076 seconds
[2023-07-07T12:21:21.337+0000] {processor.py:154} INFO - Started process (PID=2478) to work on /home/airflow/.local/lib/python3.7/site-packages/airflow/example_dags/example_xcomargs.py
[2023-07-07T12:21:21.338+0000] {processor.py:756} INFO - Processing file /home/airflow/.local/lib/python3.7/site-packages/airflow/example_dags/example_xcomargs.py for tasks to queue
[2023-07-07T12:21:21.338+0000] {logging_mixin.py:120} INFO - [2023-07-07T12:21:21.338+0000] {dagbag.py:537} INFO - Filling up the DagBag from /home/airflow/.local/lib/python3.7/site-packages/airflow/example_dags/example_xcomargs.py
[2023-07-07T12:21:21.351+0000] {processor.py:766} INFO - DAG(s) dict_keys(['example_xcom_args', 'example_xcom_args_with_operators']) retrieved from /home/airflow/.local/lib/python3.7/site-packages/airflow/example_dags/example_xcomargs.py
[2023-07-07T12:21:21.379+0000] {logging_mixin.py:120} INFO - [2023-07-07T12:21:21.378+0000] {dag.py:2585} INFO - Sync 2 DAGs
[2023-07-07T12:21:21.395+0000] {logging_mixin.py:120} INFO - [2023-07-07T12:21:21.394+0000] {dag.py:3340} INFO - Setting next_dagrun for example_xcom_args to None, run_after=None
[2023-07-07T12:21:21.397+0000] {logging_mixin.py:120} INFO - [2023-07-07T12:21:21.397+0000] {dag.py:3340} INFO - Setting next_dagrun for example_xcom_args_with_operators to None, run_after=None
[2023-07-07T12:21:21.410+0000] {processor.py:176} INFO - Processing /home/airflow/.local/lib/python3.7/site-packages/airflow/example_dags/example_xcomargs.py took 0.076 seconds
[2023-07-07T12:22:01.032+0000] {processor.py:154} INFO - Started process (PID=76) to work on /home/airflow/.local/lib/python3.7/site-packages/airflow/example_dags/example_xcomargs.py
[2023-07-07T12:22:01.033+0000] {processor.py:756} INFO - Processing file /home/airflow/.local/lib/python3.7/site-packages/airflow/example_dags/example_xcomargs.py for tasks to queue
[2023-07-07T12:22:01.034+0000] {logging_mixin.py:120} INFO - [2023-07-07T12:22:01.033+0000] {dagbag.py:537} INFO - Filling up the DagBag from /home/airflow/.local/lib/python3.7/site-packages/airflow/example_dags/example_xcomargs.py
[2023-07-07T12:22:01.063+0000] {processor.py:766} INFO - DAG(s) dict_keys(['example_xcom_args_with_operators', 'example_xcom_args']) retrieved from /home/airflow/.local/lib/python3.7/site-packages/airflow/example_dags/example_xcomargs.py
[2023-07-07T12:22:01.091+0000] {logging_mixin.py:120} INFO - [2023-07-07T12:22:01.090+0000] {dag.py:2585} INFO - Sync 2 DAGs
[2023-07-07T12:22:01.126+0000] {logging_mixin.py:120} INFO - [2023-07-07T12:22:01.126+0000] {dag.py:3340} INFO - Setting next_dagrun for example_xcom_args to None, run_after=None
[2023-07-07T12:22:01.130+0000] {logging_mixin.py:120} INFO - [2023-07-07T12:22:01.130+0000] {dag.py:3340} INFO - Setting next_dagrun for example_xcom_args_with_operators to None, run_after=None
[2023-07-07T12:22:01.154+0000] {processor.py:176} INFO - Processing /home/airflow/.local/lib/python3.7/site-packages/airflow/example_dags/example_xcomargs.py took 0.125 seconds
[2023-07-07T12:22:31.349+0000] {processor.py:154} INFO - Started process (PID=134) to work on /home/airflow/.local/lib/python3.7/site-packages/airflow/example_dags/example_xcomargs.py
[2023-07-07T12:22:31.350+0000] {processor.py:756} INFO - Processing file /home/airflow/.local/lib/python3.7/site-packages/airflow/example_dags/example_xcomargs.py for tasks to queue
[2023-07-07T12:22:31.350+0000] {logging_mixin.py:120} INFO - [2023-07-07T12:22:31.350+0000] {dagbag.py:537} INFO - Filling up the DagBag from /home/airflow/.local/lib/python3.7/site-packages/airflow/example_dags/example_xcomargs.py
[2023-07-07T12:22:31.364+0000] {processor.py:766} INFO - DAG(s) dict_keys(['example_xcom_args', 'example_xcom_args_with_operators']) retrieved from /home/airflow/.local/lib/python3.7/site-packages/airflow/example_dags/example_xcomargs.py
[2023-07-07T12:22:31.391+0000] {logging_mixin.py:120} INFO - [2023-07-07T12:22:31.391+0000] {dag.py:2585} INFO - Sync 2 DAGs
[2023-07-07T12:22:31.407+0000] {logging_mixin.py:120} INFO - [2023-07-07T12:22:31.407+0000] {dag.py:3340} INFO - Setting next_dagrun for example_xcom_args to None, run_after=None
[2023-07-07T12:22:31.410+0000] {logging_mixin.py:120} INFO - [2023-07-07T12:22:31.409+0000] {dag.py:3340} INFO - Setting next_dagrun for example_xcom_args_with_operators to None, run_after=None
[2023-07-07T12:22:31.423+0000] {processor.py:176} INFO - Processing /home/airflow/.local/lib/python3.7/site-packages/airflow/example_dags/example_xcomargs.py took 0.076 seconds
[2023-07-07T12:23:02.661+0000] {processor.py:154} INFO - Started process (PID=201) to work on /home/airflow/.local/lib/python3.7/site-packages/airflow/example_dags/example_xcomargs.py
[2023-07-07T12:23:02.661+0000] {processor.py:756} INFO - Processing file /home/airflow/.local/lib/python3.7/site-packages/airflow/example_dags/example_xcomargs.py for tasks to queue
[2023-07-07T12:23:02.662+0000] {logging_mixin.py:120} INFO - [2023-07-07T12:23:02.662+0000] {dagbag.py:537} INFO - Filling up the DagBag from /home/airflow/.local/lib/python3.7/site-packages/airflow/example_dags/example_xcomargs.py
[2023-07-07T12:23:02.675+0000] {processor.py:766} INFO - DAG(s) dict_keys(['example_xcom_args', 'example_xcom_args_with_operators']) retrieved from /home/airflow/.local/lib/python3.7/site-packages/airflow/example_dags/example_xcomargs.py
[2023-07-07T12:23:02.702+0000] {logging_mixin.py:120} INFO - [2023-07-07T12:23:02.702+0000] {dag.py:2585} INFO - Sync 2 DAGs
[2023-07-07T12:23:02.717+0000] {logging_mixin.py:120} INFO - [2023-07-07T12:23:02.717+0000] {dag.py:3340} INFO - Setting next_dagrun for example_xcom_args to None, run_after=None
[2023-07-07T12:23:02.719+0000] {logging_mixin.py:120} INFO - [2023-07-07T12:23:02.719+0000] {dag.py:3340} INFO - Setting next_dagrun for example_xcom_args_with_operators to None, run_after=None
[2023-07-07T12:23:02.730+0000] {processor.py:176} INFO - Processing /home/airflow/.local/lib/python3.7/site-packages/airflow/example_dags/example_xcomargs.py took 0.071 seconds
[2023-07-07T12:23:33.066+0000] {processor.py:154} INFO - Started process (PID=267) to work on /home/airflow/.local/lib/python3.7/site-packages/airflow/example_dags/example_xcomargs.py
[2023-07-07T12:23:33.068+0000] {processor.py:756} INFO - Processing file /home/airflow/.local/lib/python3.7/site-packages/airflow/example_dags/example_xcomargs.py for tasks to queue
[2023-07-07T12:23:33.068+0000] {logging_mixin.py:120} INFO - [2023-07-07T12:23:33.068+0000] {dagbag.py:537} INFO - Filling up the DagBag from /home/airflow/.local/lib/python3.7/site-packages/airflow/example_dags/example_xcomargs.py
[2023-07-07T12:23:33.084+0000] {processor.py:766} INFO - DAG(s) dict_keys(['example_xcom_args', 'example_xcom_args_with_operators']) retrieved from /home/airflow/.local/lib/python3.7/site-packages/airflow/example_dags/example_xcomargs.py
[2023-07-07T12:23:33.113+0000] {logging_mixin.py:120} INFO - [2023-07-07T12:23:33.113+0000] {dag.py:2585} INFO - Sync 2 DAGs
[2023-07-07T12:23:33.130+0000] {logging_mixin.py:120} INFO - [2023-07-07T12:23:33.130+0000] {dag.py:3340} INFO - Setting next_dagrun for example_xcom_args to None, run_after=None
[2023-07-07T12:23:33.132+0000] {logging_mixin.py:120} INFO - [2023-07-07T12:23:33.132+0000] {dag.py:3340} INFO - Setting next_dagrun for example_xcom_args_with_operators to None, run_after=None
[2023-07-07T12:23:33.143+0000] {processor.py:176} INFO - Processing /home/airflow/.local/lib/python3.7/site-packages/airflow/example_dags/example_xcomargs.py took 0.079 seconds
[2023-07-07T12:24:03.595+0000] {processor.py:154} INFO - Started process (PID=334) to work on /home/airflow/.local/lib/python3.7/site-packages/airflow/example_dags/example_xcomargs.py
[2023-07-07T12:24:03.596+0000] {processor.py:756} INFO - Processing file /home/airflow/.local/lib/python3.7/site-packages/airflow/example_dags/example_xcomargs.py for tasks to queue
[2023-07-07T12:24:03.597+0000] {logging_mixin.py:120} INFO - [2023-07-07T12:24:03.597+0000] {dagbag.py:537} INFO - Filling up the DagBag from /home/airflow/.local/lib/python3.7/site-packages/airflow/example_dags/example_xcomargs.py
[2023-07-07T12:24:03.613+0000] {processor.py:766} INFO - DAG(s) dict_keys(['example_xcom_args_with_operators', 'example_xcom_args']) retrieved from /home/airflow/.local/lib/python3.7/site-packages/airflow/example_dags/example_xcomargs.py
[2023-07-07T12:24:03.640+0000] {logging_mixin.py:120} INFO - [2023-07-07T12:24:03.640+0000] {dag.py:2585} INFO - Sync 2 DAGs
[2023-07-07T12:24:03.659+0000] {logging_mixin.py:120} INFO - [2023-07-07T12:24:03.659+0000] {dag.py:3340} INFO - Setting next_dagrun for example_xcom_args to None, run_after=None
[2023-07-07T12:24:03.661+0000] {logging_mixin.py:120} INFO - [2023-07-07T12:24:03.661+0000] {dag.py:3340} INFO - Setting next_dagrun for example_xcom_args_with_operators to None, run_after=None
[2023-07-07T12:24:03.672+0000] {processor.py:176} INFO - Processing /home/airflow/.local/lib/python3.7/site-packages/airflow/example_dags/example_xcomargs.py took 0.078 seconds
[2023-07-07T12:24:34.134+0000] {processor.py:154} INFO - Started process (PID=401) to work on /home/airflow/.local/lib/python3.7/site-packages/airflow/example_dags/example_xcomargs.py
[2023-07-07T12:24:34.135+0000] {processor.py:756} INFO - Processing file /home/airflow/.local/lib/python3.7/site-packages/airflow/example_dags/example_xcomargs.py for tasks to queue
[2023-07-07T12:24:34.135+0000] {logging_mixin.py:120} INFO - [2023-07-07T12:24:34.135+0000] {dagbag.py:537} INFO - Filling up the DagBag from /home/airflow/.local/lib/python3.7/site-packages/airflow/example_dags/example_xcomargs.py
[2023-07-07T12:24:34.149+0000] {processor.py:766} INFO - DAG(s) dict_keys(['example_xcom_args_with_operators', 'example_xcom_args']) retrieved from /home/airflow/.local/lib/python3.7/site-packages/airflow/example_dags/example_xcomargs.py
[2023-07-07T12:24:34.175+0000] {logging_mixin.py:120} INFO - [2023-07-07T12:24:34.175+0000] {dag.py:2585} INFO - Sync 2 DAGs
[2023-07-07T12:24:34.192+0000] {logging_mixin.py:120} INFO - [2023-07-07T12:24:34.192+0000] {dag.py:3340} INFO - Setting next_dagrun for example_xcom_args to None, run_after=None
[2023-07-07T12:24:34.194+0000] {logging_mixin.py:120} INFO - [2023-07-07T12:24:34.194+0000] {dag.py:3340} INFO - Setting next_dagrun for example_xcom_args_with_operators to None, run_after=None
[2023-07-07T12:24:34.205+0000] {processor.py:176} INFO - Processing /home/airflow/.local/lib/python3.7/site-packages/airflow/example_dags/example_xcomargs.py took 0.073 seconds
[2023-07-07T12:25:05.149+0000] {processor.py:154} INFO - Started process (PID=458) to work on /home/airflow/.local/lib/python3.7/site-packages/airflow/example_dags/example_xcomargs.py
[2023-07-07T12:25:05.150+0000] {processor.py:756} INFO - Processing file /home/airflow/.local/lib/python3.7/site-packages/airflow/example_dags/example_xcomargs.py for tasks to queue
[2023-07-07T12:25:05.150+0000] {logging_mixin.py:120} INFO - [2023-07-07T12:25:05.150+0000] {dagbag.py:537} INFO - Filling up the DagBag from /home/airflow/.local/lib/python3.7/site-packages/airflow/example_dags/example_xcomargs.py
[2023-07-07T12:25:05.165+0000] {processor.py:766} INFO - DAG(s) dict_keys(['example_xcom_args', 'example_xcom_args_with_operators']) retrieved from /home/airflow/.local/lib/python3.7/site-packages/airflow/example_dags/example_xcomargs.py
[2023-07-07T12:25:05.194+0000] {logging_mixin.py:120} INFO - [2023-07-07T12:25:05.194+0000] {dag.py:2585} INFO - Sync 2 DAGs
[2023-07-07T12:25:05.210+0000] {logging_mixin.py:120} INFO - [2023-07-07T12:25:05.210+0000] {dag.py:3340} INFO - Setting next_dagrun for example_xcom_args to None, run_after=None
[2023-07-07T12:25:05.212+0000] {logging_mixin.py:120} INFO - [2023-07-07T12:25:05.212+0000] {dag.py:3340} INFO - Setting next_dagrun for example_xcom_args_with_operators to None, run_after=None
[2023-07-07T12:25:05.223+0000] {processor.py:176} INFO - Processing /home/airflow/.local/lib/python3.7/site-packages/airflow/example_dags/example_xcomargs.py took 0.075 seconds
