[2023-07-07T12:00:25.461+0000] {processor.py:154} INFO - Started process (PID=60) to work on /home/airflow/.local/lib/python3.7/site-packages/airflow/example_dags/example_skip_dag.py
[2023-07-07T12:00:25.462+0000] {processor.py:756} INFO - Processing file /home/airflow/.local/lib/python3.7/site-packages/airflow/example_dags/example_skip_dag.py for tasks to queue
[2023-07-07T12:00:25.463+0000] {logging_mixin.py:120} INFO - [2023-07-07T12:00:25.462+0000] {dagbag.py:537} INFO - Filling up the DagBag from /home/airflow/.local/lib/python3.7/site-packages/airflow/example_dags/example_skip_dag.py
[2023-07-07T12:00:25.479+0000] {processor.py:766} INFO - DAG(s) dict_keys(['example_skip_dag']) retrieved from /home/airflow/.local/lib/python3.7/site-packages/airflow/example_dags/example_skip_dag.py
[2023-07-07T12:00:25.525+0000] {logging_mixin.py:120} INFO - [2023-07-07T12:00:25.525+0000] {dag.py:2585} INFO - Sync 1 DAGs
[2023-07-07T12:00:25.555+0000] {logging_mixin.py:120} INFO - [2023-07-07T12:00:25.555+0000] {dag.py:3340} INFO - Setting next_dagrun for example_skip_dag to 2023-07-06T12:00:25.555253+00:00, run_after=2023-07-07T12:00:25.555253+00:00
[2023-07-07T12:00:25.581+0000] {processor.py:176} INFO - Processing /home/airflow/.local/lib/python3.7/site-packages/airflow/example_dags/example_skip_dag.py took 0.123 seconds
[2023-07-07T12:00:56.137+0000] {processor.py:154} INFO - Started process (PID=126) to work on /home/airflow/.local/lib/python3.7/site-packages/airflow/example_dags/example_skip_dag.py
[2023-07-07T12:00:56.137+0000] {processor.py:756} INFO - Processing file /home/airflow/.local/lib/python3.7/site-packages/airflow/example_dags/example_skip_dag.py for tasks to queue
[2023-07-07T12:00:56.138+0000] {logging_mixin.py:120} INFO - [2023-07-07T12:00:56.138+0000] {dagbag.py:537} INFO - Filling up the DagBag from /home/airflow/.local/lib/python3.7/site-packages/airflow/example_dags/example_skip_dag.py
[2023-07-07T12:00:56.146+0000] {processor.py:766} INFO - DAG(s) dict_keys(['example_skip_dag']) retrieved from /home/airflow/.local/lib/python3.7/site-packages/airflow/example_dags/example_skip_dag.py
[2023-07-07T12:00:56.169+0000] {logging_mixin.py:120} INFO - [2023-07-07T12:00:56.169+0000] {dag.py:2585} INFO - Sync 1 DAGs
[2023-07-07T12:00:56.185+0000] {logging_mixin.py:120} INFO - [2023-07-07T12:00:56.185+0000] {dag.py:3340} INFO - Setting next_dagrun for example_skip_dag to 2023-07-06T12:00:56.185368+00:00, run_after=2023-07-07T12:00:56.185368+00:00
[2023-07-07T12:00:56.196+0000] {processor.py:176} INFO - Processing /home/airflow/.local/lib/python3.7/site-packages/airflow/example_dags/example_skip_dag.py took 0.061 seconds
[2023-07-07T12:01:27.510+0000] {processor.py:154} INFO - Started process (PID=195) to work on /home/airflow/.local/lib/python3.7/site-packages/airflow/example_dags/example_skip_dag.py
[2023-07-07T12:01:27.511+0000] {processor.py:756} INFO - Processing file /home/airflow/.local/lib/python3.7/site-packages/airflow/example_dags/example_skip_dag.py for tasks to queue
[2023-07-07T12:01:27.511+0000] {logging_mixin.py:120} INFO - [2023-07-07T12:01:27.511+0000] {dagbag.py:537} INFO - Filling up the DagBag from /home/airflow/.local/lib/python3.7/site-packages/airflow/example_dags/example_skip_dag.py
[2023-07-07T12:01:27.521+0000] {processor.py:766} INFO - DAG(s) dict_keys(['example_skip_dag']) retrieved from /home/airflow/.local/lib/python3.7/site-packages/airflow/example_dags/example_skip_dag.py
[2023-07-07T12:01:27.547+0000] {logging_mixin.py:120} INFO - [2023-07-07T12:01:27.546+0000] {dag.py:2585} INFO - Sync 1 DAGs
[2023-07-07T12:01:27.563+0000] {logging_mixin.py:120} INFO - [2023-07-07T12:01:27.562+0000] {dag.py:3340} INFO - Setting next_dagrun for example_skip_dag to 2023-07-06T12:01:27.562540+00:00, run_after=2023-07-07T12:01:27.562540+00:00
[2023-07-07T12:01:27.578+0000] {processor.py:176} INFO - Processing /home/airflow/.local/lib/python3.7/site-packages/airflow/example_dags/example_skip_dag.py took 0.069 seconds
[2023-07-07T12:01:59.039+0000] {processor.py:154} INFO - Started process (PID=262) to work on /home/airflow/.local/lib/python3.7/site-packages/airflow/example_dags/example_skip_dag.py
[2023-07-07T12:01:59.040+0000] {processor.py:756} INFO - Processing file /home/airflow/.local/lib/python3.7/site-packages/airflow/example_dags/example_skip_dag.py for tasks to queue
[2023-07-07T12:01:59.040+0000] {logging_mixin.py:120} INFO - [2023-07-07T12:01:59.040+0000] {dagbag.py:537} INFO - Filling up the DagBag from /home/airflow/.local/lib/python3.7/site-packages/airflow/example_dags/example_skip_dag.py
[2023-07-07T12:01:59.049+0000] {processor.py:766} INFO - DAG(s) dict_keys(['example_skip_dag']) retrieved from /home/airflow/.local/lib/python3.7/site-packages/airflow/example_dags/example_skip_dag.py
[2023-07-07T12:01:59.072+0000] {logging_mixin.py:120} INFO - [2023-07-07T12:01:59.072+0000] {dag.py:2585} INFO - Sync 1 DAGs
[2023-07-07T12:01:59.086+0000] {logging_mixin.py:120} INFO - [2023-07-07T12:01:59.086+0000] {dag.py:3340} INFO - Setting next_dagrun for example_skip_dag to 2023-07-06T12:01:59.086468+00:00, run_after=2023-07-07T12:01:59.086468+00:00
[2023-07-07T12:01:59.098+0000] {processor.py:176} INFO - Processing /home/airflow/.local/lib/python3.7/site-packages/airflow/example_dags/example_skip_dag.py took 0.061 seconds
[2023-07-07T12:02:36.587+0000] {processor.py:154} INFO - Started process (PID=61) to work on /home/airflow/.local/lib/python3.7/site-packages/airflow/example_dags/example_skip_dag.py
[2023-07-07T12:02:36.595+0000] {processor.py:756} INFO - Processing file /home/airflow/.local/lib/python3.7/site-packages/airflow/example_dags/example_skip_dag.py for tasks to queue
[2023-07-07T12:02:36.596+0000] {logging_mixin.py:120} INFO - [2023-07-07T12:02:36.595+0000] {dagbag.py:537} INFO - Filling up the DagBag from /home/airflow/.local/lib/python3.7/site-packages/airflow/example_dags/example_skip_dag.py
[2023-07-07T12:02:36.614+0000] {processor.py:766} INFO - DAG(s) dict_keys(['example_skip_dag']) retrieved from /home/airflow/.local/lib/python3.7/site-packages/airflow/example_dags/example_skip_dag.py
[2023-07-07T12:02:36.672+0000] {logging_mixin.py:120} INFO - [2023-07-07T12:02:36.672+0000] {dag.py:2585} INFO - Sync 1 DAGs
[2023-07-07T12:02:36.707+0000] {logging_mixin.py:120} INFO - [2023-07-07T12:02:36.707+0000] {dag.py:3340} INFO - Setting next_dagrun for example_skip_dag to 2023-07-06T12:02:36.707062+00:00, run_after=2023-07-07T12:02:36.707062+00:00
[2023-07-07T12:02:36.743+0000] {processor.py:176} INFO - Processing /home/airflow/.local/lib/python3.7/site-packages/airflow/example_dags/example_skip_dag.py took 0.159 seconds
[2023-07-07T12:03:07.596+0000] {processor.py:154} INFO - Started process (PID=128) to work on /home/airflow/.local/lib/python3.7/site-packages/airflow/example_dags/example_skip_dag.py
[2023-07-07T12:03:07.597+0000] {processor.py:756} INFO - Processing file /home/airflow/.local/lib/python3.7/site-packages/airflow/example_dags/example_skip_dag.py for tasks to queue
[2023-07-07T12:03:07.598+0000] {logging_mixin.py:120} INFO - [2023-07-07T12:03:07.597+0000] {dagbag.py:537} INFO - Filling up the DagBag from /home/airflow/.local/lib/python3.7/site-packages/airflow/example_dags/example_skip_dag.py
[2023-07-07T12:03:07.606+0000] {processor.py:766} INFO - DAG(s) dict_keys(['example_skip_dag']) retrieved from /home/airflow/.local/lib/python3.7/site-packages/airflow/example_dags/example_skip_dag.py
[2023-07-07T12:03:07.631+0000] {logging_mixin.py:120} INFO - [2023-07-07T12:03:07.631+0000] {dag.py:2585} INFO - Sync 1 DAGs
[2023-07-07T12:03:07.647+0000] {logging_mixin.py:120} INFO - [2023-07-07T12:03:07.647+0000] {dag.py:3340} INFO - Setting next_dagrun for example_skip_dag to 2023-07-06T12:03:07.647650+00:00, run_after=2023-07-07T12:03:07.647650+00:00
[2023-07-07T12:03:07.660+0000] {processor.py:176} INFO - Processing /home/airflow/.local/lib/python3.7/site-packages/airflow/example_dags/example_skip_dag.py took 0.065 seconds
[2023-07-07T12:03:37.687+0000] {processor.py:154} INFO - Started process (PID=195) to work on /home/airflow/.local/lib/python3.7/site-packages/airflow/example_dags/example_skip_dag.py
[2023-07-07T12:03:37.688+0000] {processor.py:756} INFO - Processing file /home/airflow/.local/lib/python3.7/site-packages/airflow/example_dags/example_skip_dag.py for tasks to queue
[2023-07-07T12:03:37.689+0000] {logging_mixin.py:120} INFO - [2023-07-07T12:03:37.689+0000] {dagbag.py:537} INFO - Filling up the DagBag from /home/airflow/.local/lib/python3.7/site-packages/airflow/example_dags/example_skip_dag.py
[2023-07-07T12:03:37.701+0000] {processor.py:766} INFO - DAG(s) dict_keys(['example_skip_dag']) retrieved from /home/airflow/.local/lib/python3.7/site-packages/airflow/example_dags/example_skip_dag.py
[2023-07-07T12:03:37.724+0000] {logging_mixin.py:120} INFO - [2023-07-07T12:03:37.724+0000] {dag.py:2585} INFO - Sync 1 DAGs
[2023-07-07T12:03:37.738+0000] {logging_mixin.py:120} INFO - [2023-07-07T12:03:37.738+0000] {dag.py:3340} INFO - Setting next_dagrun for example_skip_dag to 2023-07-06T12:03:37.738588+00:00, run_after=2023-07-07T12:03:37.738588+00:00
[2023-07-07T12:03:37.751+0000] {processor.py:176} INFO - Processing /home/airflow/.local/lib/python3.7/site-packages/airflow/example_dags/example_skip_dag.py took 0.066 seconds
[2023-07-07T12:04:08.044+0000] {processor.py:154} INFO - Started process (PID=264) to work on /home/airflow/.local/lib/python3.7/site-packages/airflow/example_dags/example_skip_dag.py
[2023-07-07T12:04:08.045+0000] {processor.py:756} INFO - Processing file /home/airflow/.local/lib/python3.7/site-packages/airflow/example_dags/example_skip_dag.py for tasks to queue
[2023-07-07T12:04:08.045+0000] {logging_mixin.py:120} INFO - [2023-07-07T12:04:08.045+0000] {dagbag.py:537} INFO - Filling up the DagBag from /home/airflow/.local/lib/python3.7/site-packages/airflow/example_dags/example_skip_dag.py
[2023-07-07T12:04:08.054+0000] {processor.py:766} INFO - DAG(s) dict_keys(['example_skip_dag']) retrieved from /home/airflow/.local/lib/python3.7/site-packages/airflow/example_dags/example_skip_dag.py
[2023-07-07T12:04:08.085+0000] {logging_mixin.py:120} INFO - [2023-07-07T12:04:08.085+0000] {dag.py:2585} INFO - Sync 1 DAGs
[2023-07-07T12:04:08.112+0000] {logging_mixin.py:120} INFO - [2023-07-07T12:04:08.112+0000] {dag.py:3340} INFO - Setting next_dagrun for example_skip_dag to 2023-07-06T12:04:08.111830+00:00, run_after=2023-07-07T12:04:08.111830+00:00
[2023-07-07T12:04:08.131+0000] {processor.py:176} INFO - Processing /home/airflow/.local/lib/python3.7/site-packages/airflow/example_dags/example_skip_dag.py took 0.089 seconds
[2023-07-07T12:04:38.403+0000] {processor.py:154} INFO - Started process (PID=322) to work on /home/airflow/.local/lib/python3.7/site-packages/airflow/example_dags/example_skip_dag.py
[2023-07-07T12:04:38.403+0000] {processor.py:756} INFO - Processing file /home/airflow/.local/lib/python3.7/site-packages/airflow/example_dags/example_skip_dag.py for tasks to queue
[2023-07-07T12:04:38.404+0000] {logging_mixin.py:120} INFO - [2023-07-07T12:04:38.404+0000] {dagbag.py:537} INFO - Filling up the DagBag from /home/airflow/.local/lib/python3.7/site-packages/airflow/example_dags/example_skip_dag.py
[2023-07-07T12:04:38.412+0000] {processor.py:766} INFO - DAG(s) dict_keys(['example_skip_dag']) retrieved from /home/airflow/.local/lib/python3.7/site-packages/airflow/example_dags/example_skip_dag.py
[2023-07-07T12:04:38.435+0000] {logging_mixin.py:120} INFO - [2023-07-07T12:04:38.435+0000] {dag.py:2585} INFO - Sync 1 DAGs
[2023-07-07T12:04:38.451+0000] {logging_mixin.py:120} INFO - [2023-07-07T12:04:38.451+0000] {dag.py:3340} INFO - Setting next_dagrun for example_skip_dag to 2023-07-06T12:04:38.451258+00:00, run_after=2023-07-07T12:04:38.451258+00:00
[2023-07-07T12:04:38.463+0000] {processor.py:176} INFO - Processing /home/airflow/.local/lib/python3.7/site-packages/airflow/example_dags/example_skip_dag.py took 0.062 seconds
[2023-07-07T12:05:09.428+0000] {processor.py:154} INFO - Started process (PID=389) to work on /home/airflow/.local/lib/python3.7/site-packages/airflow/example_dags/example_skip_dag.py
[2023-07-07T12:05:09.429+0000] {processor.py:756} INFO - Processing file /home/airflow/.local/lib/python3.7/site-packages/airflow/example_dags/example_skip_dag.py for tasks to queue
[2023-07-07T12:05:09.430+0000] {logging_mixin.py:120} INFO - [2023-07-07T12:05:09.430+0000] {dagbag.py:537} INFO - Filling up the DagBag from /home/airflow/.local/lib/python3.7/site-packages/airflow/example_dags/example_skip_dag.py
[2023-07-07T12:05:09.438+0000] {processor.py:766} INFO - DAG(s) dict_keys(['example_skip_dag']) retrieved from /home/airflow/.local/lib/python3.7/site-packages/airflow/example_dags/example_skip_dag.py
[2023-07-07T12:05:09.465+0000] {logging_mixin.py:120} INFO - [2023-07-07T12:05:09.465+0000] {dag.py:2585} INFO - Sync 1 DAGs
[2023-07-07T12:05:09.483+0000] {logging_mixin.py:120} INFO - [2023-07-07T12:05:09.483+0000] {dag.py:3340} INFO - Setting next_dagrun for example_skip_dag to 2023-07-06T12:05:09.482934+00:00, run_after=2023-07-07T12:05:09.482934+00:00
[2023-07-07T12:05:09.495+0000] {processor.py:176} INFO - Processing /home/airflow/.local/lib/python3.7/site-packages/airflow/example_dags/example_skip_dag.py took 0.069 seconds
[2023-07-07T12:05:39.720+0000] {processor.py:154} INFO - Started process (PID=457) to work on /home/airflow/.local/lib/python3.7/site-packages/airflow/example_dags/example_skip_dag.py
[2023-07-07T12:05:39.721+0000] {processor.py:756} INFO - Processing file /home/airflow/.local/lib/python3.7/site-packages/airflow/example_dags/example_skip_dag.py for tasks to queue
[2023-07-07T12:05:39.722+0000] {logging_mixin.py:120} INFO - [2023-07-07T12:05:39.721+0000] {dagbag.py:537} INFO - Filling up the DagBag from /home/airflow/.local/lib/python3.7/site-packages/airflow/example_dags/example_skip_dag.py
[2023-07-07T12:05:39.731+0000] {processor.py:766} INFO - DAG(s) dict_keys(['example_skip_dag']) retrieved from /home/airflow/.local/lib/python3.7/site-packages/airflow/example_dags/example_skip_dag.py
[2023-07-07T12:05:39.758+0000] {logging_mixin.py:120} INFO - [2023-07-07T12:05:39.758+0000] {dag.py:2585} INFO - Sync 1 DAGs
[2023-07-07T12:05:39.775+0000] {logging_mixin.py:120} INFO - [2023-07-07T12:05:39.775+0000] {dag.py:3340} INFO - Setting next_dagrun for example_skip_dag to 2023-07-06T12:05:39.775030+00:00, run_after=2023-07-07T12:05:39.775030+00:00
[2023-07-07T12:05:39.788+0000] {processor.py:176} INFO - Processing /home/airflow/.local/lib/python3.7/site-packages/airflow/example_dags/example_skip_dag.py took 0.069 seconds
[2023-07-07T12:06:09.834+0000] {processor.py:154} INFO - Started process (PID=522) to work on /home/airflow/.local/lib/python3.7/site-packages/airflow/example_dags/example_skip_dag.py
[2023-07-07T12:06:09.835+0000] {processor.py:756} INFO - Processing file /home/airflow/.local/lib/python3.7/site-packages/airflow/example_dags/example_skip_dag.py for tasks to queue
[2023-07-07T12:06:09.836+0000] {logging_mixin.py:120} INFO - [2023-07-07T12:06:09.836+0000] {dagbag.py:537} INFO - Filling up the DagBag from /home/airflow/.local/lib/python3.7/site-packages/airflow/example_dags/example_skip_dag.py
[2023-07-07T12:06:09.846+0000] {processor.py:766} INFO - DAG(s) dict_keys(['example_skip_dag']) retrieved from /home/airflow/.local/lib/python3.7/site-packages/airflow/example_dags/example_skip_dag.py
[2023-07-07T12:06:09.873+0000] {logging_mixin.py:120} INFO - [2023-07-07T12:06:09.873+0000] {dag.py:2585} INFO - Sync 1 DAGs
[2023-07-07T12:06:09.894+0000] {logging_mixin.py:120} INFO - [2023-07-07T12:06:09.893+0000] {dag.py:3340} INFO - Setting next_dagrun for example_skip_dag to 2023-07-06T12:06:09.893759+00:00, run_after=2023-07-07T12:06:09.893759+00:00
[2023-07-07T12:06:09.909+0000] {processor.py:176} INFO - Processing /home/airflow/.local/lib/python3.7/site-packages/airflow/example_dags/example_skip_dag.py took 0.077 seconds
[2023-07-07T12:06:41.156+0000] {processor.py:154} INFO - Started process (PID=590) to work on /home/airflow/.local/lib/python3.7/site-packages/airflow/example_dags/example_skip_dag.py
[2023-07-07T12:06:41.157+0000] {processor.py:756} INFO - Processing file /home/airflow/.local/lib/python3.7/site-packages/airflow/example_dags/example_skip_dag.py for tasks to queue
[2023-07-07T12:06:41.157+0000] {logging_mixin.py:120} INFO - [2023-07-07T12:06:41.157+0000] {dagbag.py:537} INFO - Filling up the DagBag from /home/airflow/.local/lib/python3.7/site-packages/airflow/example_dags/example_skip_dag.py
[2023-07-07T12:06:41.166+0000] {processor.py:766} INFO - DAG(s) dict_keys(['example_skip_dag']) retrieved from /home/airflow/.local/lib/python3.7/site-packages/airflow/example_dags/example_skip_dag.py
[2023-07-07T12:06:41.188+0000] {logging_mixin.py:120} INFO - [2023-07-07T12:06:41.188+0000] {dag.py:2585} INFO - Sync 1 DAGs
[2023-07-07T12:06:41.203+0000] {logging_mixin.py:120} INFO - [2023-07-07T12:06:41.203+0000] {dag.py:3340} INFO - Setting next_dagrun for example_skip_dag to 2023-07-06T12:06:41.203548+00:00, run_after=2023-07-07T12:06:41.203548+00:00
[2023-07-07T12:06:41.218+0000] {processor.py:176} INFO - Processing /home/airflow/.local/lib/python3.7/site-packages/airflow/example_dags/example_skip_dag.py took 0.063 seconds
[2023-07-07T12:07:12.265+0000] {processor.py:154} INFO - Started process (PID=648) to work on /home/airflow/.local/lib/python3.7/site-packages/airflow/example_dags/example_skip_dag.py
[2023-07-07T12:07:12.270+0000] {processor.py:756} INFO - Processing file /home/airflow/.local/lib/python3.7/site-packages/airflow/example_dags/example_skip_dag.py for tasks to queue
[2023-07-07T12:07:12.270+0000] {logging_mixin.py:120} INFO - [2023-07-07T12:07:12.270+0000] {dagbag.py:537} INFO - Filling up the DagBag from /home/airflow/.local/lib/python3.7/site-packages/airflow/example_dags/example_skip_dag.py
[2023-07-07T12:07:12.279+0000] {processor.py:766} INFO - DAG(s) dict_keys(['example_skip_dag']) retrieved from /home/airflow/.local/lib/python3.7/site-packages/airflow/example_dags/example_skip_dag.py
[2023-07-07T12:07:12.303+0000] {logging_mixin.py:120} INFO - [2023-07-07T12:07:12.303+0000] {dag.py:2585} INFO - Sync 1 DAGs
[2023-07-07T12:07:12.318+0000] {logging_mixin.py:120} INFO - [2023-07-07T12:07:12.318+0000] {dag.py:3340} INFO - Setting next_dagrun for example_skip_dag to 2023-07-06T12:07:12.318534+00:00, run_after=2023-07-07T12:07:12.318534+00:00
[2023-07-07T12:07:12.333+0000] {processor.py:176} INFO - Processing /home/airflow/.local/lib/python3.7/site-packages/airflow/example_dags/example_skip_dag.py took 0.070 seconds
[2023-07-07T12:07:42.529+0000] {processor.py:154} INFO - Started process (PID=715) to work on /home/airflow/.local/lib/python3.7/site-packages/airflow/example_dags/example_skip_dag.py
[2023-07-07T12:07:42.529+0000] {processor.py:756} INFO - Processing file /home/airflow/.local/lib/python3.7/site-packages/airflow/example_dags/example_skip_dag.py for tasks to queue
[2023-07-07T12:07:42.530+0000] {logging_mixin.py:120} INFO - [2023-07-07T12:07:42.530+0000] {dagbag.py:537} INFO - Filling up the DagBag from /home/airflow/.local/lib/python3.7/site-packages/airflow/example_dags/example_skip_dag.py
[2023-07-07T12:07:42.538+0000] {processor.py:766} INFO - DAG(s) dict_keys(['example_skip_dag']) retrieved from /home/airflow/.local/lib/python3.7/site-packages/airflow/example_dags/example_skip_dag.py
[2023-07-07T12:07:42.562+0000] {logging_mixin.py:120} INFO - [2023-07-07T12:07:42.562+0000] {dag.py:2585} INFO - Sync 1 DAGs
[2023-07-07T12:07:42.578+0000] {logging_mixin.py:120} INFO - [2023-07-07T12:07:42.578+0000] {dag.py:3340} INFO - Setting next_dagrun for example_skip_dag to 2023-07-06T12:07:42.577940+00:00, run_after=2023-07-07T12:07:42.577940+00:00
[2023-07-07T12:07:42.590+0000] {processor.py:176} INFO - Processing /home/airflow/.local/lib/python3.7/site-packages/airflow/example_dags/example_skip_dag.py took 0.064 seconds
[2023-07-07T12:08:12.634+0000] {processor.py:154} INFO - Started process (PID=780) to work on /home/airflow/.local/lib/python3.7/site-packages/airflow/example_dags/example_skip_dag.py
[2023-07-07T12:08:12.634+0000] {processor.py:756} INFO - Processing file /home/airflow/.local/lib/python3.7/site-packages/airflow/example_dags/example_skip_dag.py for tasks to queue
[2023-07-07T12:08:12.634+0000] {logging_mixin.py:120} INFO - [2023-07-07T12:08:12.634+0000] {dagbag.py:537} INFO - Filling up the DagBag from /home/airflow/.local/lib/python3.7/site-packages/airflow/example_dags/example_skip_dag.py
[2023-07-07T12:08:12.642+0000] {processor.py:766} INFO - DAG(s) dict_keys(['example_skip_dag']) retrieved from /home/airflow/.local/lib/python3.7/site-packages/airflow/example_dags/example_skip_dag.py
[2023-07-07T12:08:12.667+0000] {logging_mixin.py:120} INFO - [2023-07-07T12:08:12.667+0000] {dag.py:2585} INFO - Sync 1 DAGs
[2023-07-07T12:08:12.682+0000] {logging_mixin.py:120} INFO - [2023-07-07T12:08:12.681+0000] {dag.py:3340} INFO - Setting next_dagrun for example_skip_dag to 2023-07-06T12:08:12.681821+00:00, run_after=2023-07-07T12:08:12.681821+00:00
[2023-07-07T12:08:12.693+0000] {processor.py:176} INFO - Processing /home/airflow/.local/lib/python3.7/site-packages/airflow/example_dags/example_skip_dag.py took 0.061 seconds
[2023-07-07T12:08:42.928+0000] {processor.py:154} INFO - Started process (PID=847) to work on /home/airflow/.local/lib/python3.7/site-packages/airflow/example_dags/example_skip_dag.py
[2023-07-07T12:08:42.929+0000] {processor.py:756} INFO - Processing file /home/airflow/.local/lib/python3.7/site-packages/airflow/example_dags/example_skip_dag.py for tasks to queue
[2023-07-07T12:08:42.929+0000] {logging_mixin.py:120} INFO - [2023-07-07T12:08:42.929+0000] {dagbag.py:537} INFO - Filling up the DagBag from /home/airflow/.local/lib/python3.7/site-packages/airflow/example_dags/example_skip_dag.py
[2023-07-07T12:08:42.938+0000] {processor.py:766} INFO - DAG(s) dict_keys(['example_skip_dag']) retrieved from /home/airflow/.local/lib/python3.7/site-packages/airflow/example_dags/example_skip_dag.py
[2023-07-07T12:08:42.965+0000] {logging_mixin.py:120} INFO - [2023-07-07T12:08:42.965+0000] {dag.py:2585} INFO - Sync 1 DAGs
[2023-07-07T12:08:42.983+0000] {logging_mixin.py:120} INFO - [2023-07-07T12:08:42.983+0000] {dag.py:3340} INFO - Setting next_dagrun for example_skip_dag to 2023-07-06T12:08:42.983693+00:00, run_after=2023-07-07T12:08:42.983693+00:00
[2023-07-07T12:08:42.996+0000] {processor.py:176} INFO - Processing /home/airflow/.local/lib/python3.7/site-packages/airflow/example_dags/example_skip_dag.py took 0.071 seconds
[2023-07-07T12:09:13.018+0000] {processor.py:154} INFO - Started process (PID=913) to work on /home/airflow/.local/lib/python3.7/site-packages/airflow/example_dags/example_skip_dag.py
[2023-07-07T12:09:13.019+0000] {processor.py:756} INFO - Processing file /home/airflow/.local/lib/python3.7/site-packages/airflow/example_dags/example_skip_dag.py for tasks to queue
[2023-07-07T12:09:13.019+0000] {logging_mixin.py:120} INFO - [2023-07-07T12:09:13.019+0000] {dagbag.py:537} INFO - Filling up the DagBag from /home/airflow/.local/lib/python3.7/site-packages/airflow/example_dags/example_skip_dag.py
[2023-07-07T12:09:13.029+0000] {processor.py:766} INFO - DAG(s) dict_keys(['example_skip_dag']) retrieved from /home/airflow/.local/lib/python3.7/site-packages/airflow/example_dags/example_skip_dag.py
[2023-07-07T12:09:13.056+0000] {logging_mixin.py:120} INFO - [2023-07-07T12:09:13.056+0000] {dag.py:2585} INFO - Sync 1 DAGs
[2023-07-07T12:09:13.074+0000] {logging_mixin.py:120} INFO - [2023-07-07T12:09:13.074+0000] {dag.py:3340} INFO - Setting next_dagrun for example_skip_dag to 2023-07-06T12:09:13.074439+00:00, run_after=2023-07-07T12:09:13.074439+00:00
[2023-07-07T12:09:13.086+0000] {processor.py:176} INFO - Processing /home/airflow/.local/lib/python3.7/site-packages/airflow/example_dags/example_skip_dag.py took 0.070 seconds
[2023-07-07T12:09:43.396+0000] {processor.py:154} INFO - Started process (PID=972) to work on /home/airflow/.local/lib/python3.7/site-packages/airflow/example_dags/example_skip_dag.py
[2023-07-07T12:09:43.397+0000] {processor.py:756} INFO - Processing file /home/airflow/.local/lib/python3.7/site-packages/airflow/example_dags/example_skip_dag.py for tasks to queue
[2023-07-07T12:09:43.397+0000] {logging_mixin.py:120} INFO - [2023-07-07T12:09:43.397+0000] {dagbag.py:537} INFO - Filling up the DagBag from /home/airflow/.local/lib/python3.7/site-packages/airflow/example_dags/example_skip_dag.py
[2023-07-07T12:09:43.406+0000] {processor.py:766} INFO - DAG(s) dict_keys(['example_skip_dag']) retrieved from /home/airflow/.local/lib/python3.7/site-packages/airflow/example_dags/example_skip_dag.py
[2023-07-07T12:09:43.431+0000] {logging_mixin.py:120} INFO - [2023-07-07T12:09:43.431+0000] {dag.py:2585} INFO - Sync 1 DAGs
[2023-07-07T12:09:43.447+0000] {logging_mixin.py:120} INFO - [2023-07-07T12:09:43.447+0000] {dag.py:3340} INFO - Setting next_dagrun for example_skip_dag to 2023-07-06T12:09:43.447399+00:00, run_after=2023-07-07T12:09:43.447399+00:00
[2023-07-07T12:09:43.460+0000] {processor.py:176} INFO - Processing /home/airflow/.local/lib/python3.7/site-packages/airflow/example_dags/example_skip_dag.py took 0.065 seconds
[2023-07-07T12:10:13.531+0000] {processor.py:154} INFO - Started process (PID=1040) to work on /home/airflow/.local/lib/python3.7/site-packages/airflow/example_dags/example_skip_dag.py
[2023-07-07T12:10:13.532+0000] {processor.py:756} INFO - Processing file /home/airflow/.local/lib/python3.7/site-packages/airflow/example_dags/example_skip_dag.py for tasks to queue
[2023-07-07T12:10:13.532+0000] {logging_mixin.py:120} INFO - [2023-07-07T12:10:13.532+0000] {dagbag.py:537} INFO - Filling up the DagBag from /home/airflow/.local/lib/python3.7/site-packages/airflow/example_dags/example_skip_dag.py
[2023-07-07T12:10:13.540+0000] {processor.py:766} INFO - DAG(s) dict_keys(['example_skip_dag']) retrieved from /home/airflow/.local/lib/python3.7/site-packages/airflow/example_dags/example_skip_dag.py
[2023-07-07T12:10:13.565+0000] {logging_mixin.py:120} INFO - [2023-07-07T12:10:13.565+0000] {dag.py:2585} INFO - Sync 1 DAGs
[2023-07-07T12:10:13.581+0000] {logging_mixin.py:120} INFO - [2023-07-07T12:10:13.581+0000] {dag.py:3340} INFO - Setting next_dagrun for example_skip_dag to 2023-07-06T12:10:13.581131+00:00, run_after=2023-07-07T12:10:13.581131+00:00
[2023-07-07T12:10:13.593+0000] {processor.py:176} INFO - Processing /home/airflow/.local/lib/python3.7/site-packages/airflow/example_dags/example_skip_dag.py took 0.064 seconds
[2023-07-07T12:10:44.044+0000] {processor.py:154} INFO - Started process (PID=1107) to work on /home/airflow/.local/lib/python3.7/site-packages/airflow/example_dags/example_skip_dag.py
[2023-07-07T12:10:44.045+0000] {processor.py:756} INFO - Processing file /home/airflow/.local/lib/python3.7/site-packages/airflow/example_dags/example_skip_dag.py for tasks to queue
[2023-07-07T12:10:44.045+0000] {logging_mixin.py:120} INFO - [2023-07-07T12:10:44.045+0000] {dagbag.py:537} INFO - Filling up the DagBag from /home/airflow/.local/lib/python3.7/site-packages/airflow/example_dags/example_skip_dag.py
[2023-07-07T12:10:44.054+0000] {processor.py:766} INFO - DAG(s) dict_keys(['example_skip_dag']) retrieved from /home/airflow/.local/lib/python3.7/site-packages/airflow/example_dags/example_skip_dag.py
[2023-07-07T12:10:44.080+0000] {logging_mixin.py:120} INFO - [2023-07-07T12:10:44.080+0000] {dag.py:2585} INFO - Sync 1 DAGs
[2023-07-07T12:10:44.098+0000] {logging_mixin.py:120} INFO - [2023-07-07T12:10:44.098+0000] {dag.py:3340} INFO - Setting next_dagrun for example_skip_dag to 2023-07-06T12:10:44.097957+00:00, run_after=2023-07-07T12:10:44.097957+00:00
[2023-07-07T12:10:44.111+0000] {processor.py:176} INFO - Processing /home/airflow/.local/lib/python3.7/site-packages/airflow/example_dags/example_skip_dag.py took 0.069 seconds
[2023-07-07T12:11:14.233+0000] {processor.py:154} INFO - Started process (PID=1173) to work on /home/airflow/.local/lib/python3.7/site-packages/airflow/example_dags/example_skip_dag.py
[2023-07-07T12:11:14.234+0000] {processor.py:756} INFO - Processing file /home/airflow/.local/lib/python3.7/site-packages/airflow/example_dags/example_skip_dag.py for tasks to queue
[2023-07-07T12:11:14.234+0000] {logging_mixin.py:120} INFO - [2023-07-07T12:11:14.234+0000] {dagbag.py:537} INFO - Filling up the DagBag from /home/airflow/.local/lib/python3.7/site-packages/airflow/example_dags/example_skip_dag.py
[2023-07-07T12:11:14.244+0000] {processor.py:766} INFO - DAG(s) dict_keys(['example_skip_dag']) retrieved from /home/airflow/.local/lib/python3.7/site-packages/airflow/example_dags/example_skip_dag.py
[2023-07-07T12:11:14.267+0000] {logging_mixin.py:120} INFO - [2023-07-07T12:11:14.267+0000] {dag.py:2585} INFO - Sync 1 DAGs
[2023-07-07T12:11:14.284+0000] {logging_mixin.py:120} INFO - [2023-07-07T12:11:14.284+0000] {dag.py:3340} INFO - Setting next_dagrun for example_skip_dag to 2023-07-06T12:11:14.284067+00:00, run_after=2023-07-07T12:11:14.284067+00:00
[2023-07-07T12:11:14.297+0000] {processor.py:176} INFO - Processing /home/airflow/.local/lib/python3.7/site-packages/airflow/example_dags/example_skip_dag.py took 0.065 seconds
[2023-07-07T12:11:44.505+0000] {processor.py:154} INFO - Started process (PID=1231) to work on /home/airflow/.local/lib/python3.7/site-packages/airflow/example_dags/example_skip_dag.py
[2023-07-07T12:11:44.506+0000] {processor.py:756} INFO - Processing file /home/airflow/.local/lib/python3.7/site-packages/airflow/example_dags/example_skip_dag.py for tasks to queue
[2023-07-07T12:11:44.506+0000] {logging_mixin.py:120} INFO - [2023-07-07T12:11:44.506+0000] {dagbag.py:537} INFO - Filling up the DagBag from /home/airflow/.local/lib/python3.7/site-packages/airflow/example_dags/example_skip_dag.py
[2023-07-07T12:11:44.515+0000] {processor.py:766} INFO - DAG(s) dict_keys(['example_skip_dag']) retrieved from /home/airflow/.local/lib/python3.7/site-packages/airflow/example_dags/example_skip_dag.py
[2023-07-07T12:11:44.540+0000] {logging_mixin.py:120} INFO - [2023-07-07T12:11:44.540+0000] {dag.py:2585} INFO - Sync 1 DAGs
[2023-07-07T12:11:44.557+0000] {logging_mixin.py:120} INFO - [2023-07-07T12:11:44.557+0000] {dag.py:3340} INFO - Setting next_dagrun for example_skip_dag to 2023-07-06T12:11:44.557201+00:00, run_after=2023-07-07T12:11:44.557201+00:00
[2023-07-07T12:11:44.569+0000] {processor.py:176} INFO - Processing /home/airflow/.local/lib/python3.7/site-packages/airflow/example_dags/example_skip_dag.py took 0.066 seconds
[2023-07-07T12:12:14.747+0000] {processor.py:154} INFO - Started process (PID=1299) to work on /home/airflow/.local/lib/python3.7/site-packages/airflow/example_dags/example_skip_dag.py
[2023-07-07T12:12:14.748+0000] {processor.py:756} INFO - Processing file /home/airflow/.local/lib/python3.7/site-packages/airflow/example_dags/example_skip_dag.py for tasks to queue
[2023-07-07T12:12:14.748+0000] {logging_mixin.py:120} INFO - [2023-07-07T12:12:14.748+0000] {dagbag.py:537} INFO - Filling up the DagBag from /home/airflow/.local/lib/python3.7/site-packages/airflow/example_dags/example_skip_dag.py
[2023-07-07T12:12:14.757+0000] {processor.py:766} INFO - DAG(s) dict_keys(['example_skip_dag']) retrieved from /home/airflow/.local/lib/python3.7/site-packages/airflow/example_dags/example_skip_dag.py
[2023-07-07T12:12:14.783+0000] {logging_mixin.py:120} INFO - [2023-07-07T12:12:14.782+0000] {dag.py:2585} INFO - Sync 1 DAGs
[2023-07-07T12:12:14.800+0000] {logging_mixin.py:120} INFO - [2023-07-07T12:12:14.800+0000] {dag.py:3340} INFO - Setting next_dagrun for example_skip_dag to 2023-07-06T12:12:14.800480+00:00, run_after=2023-07-07T12:12:14.800480+00:00
[2023-07-07T12:12:14.813+0000] {processor.py:176} INFO - Processing /home/airflow/.local/lib/python3.7/site-packages/airflow/example_dags/example_skip_dag.py took 0.067 seconds
[2023-07-07T12:12:44.894+0000] {processor.py:154} INFO - Started process (PID=1366) to work on /home/airflow/.local/lib/python3.7/site-packages/airflow/example_dags/example_skip_dag.py
[2023-07-07T12:12:44.895+0000] {processor.py:756} INFO - Processing file /home/airflow/.local/lib/python3.7/site-packages/airflow/example_dags/example_skip_dag.py for tasks to queue
[2023-07-07T12:12:44.895+0000] {logging_mixin.py:120} INFO - [2023-07-07T12:12:44.895+0000] {dagbag.py:537} INFO - Filling up the DagBag from /home/airflow/.local/lib/python3.7/site-packages/airflow/example_dags/example_skip_dag.py
[2023-07-07T12:12:44.903+0000] {processor.py:766} INFO - DAG(s) dict_keys(['example_skip_dag']) retrieved from /home/airflow/.local/lib/python3.7/site-packages/airflow/example_dags/example_skip_dag.py
[2023-07-07T12:12:44.928+0000] {logging_mixin.py:120} INFO - [2023-07-07T12:12:44.928+0000] {dag.py:2585} INFO - Sync 1 DAGs
[2023-07-07T12:12:44.945+0000] {logging_mixin.py:120} INFO - [2023-07-07T12:12:44.945+0000] {dag.py:3340} INFO - Setting next_dagrun for example_skip_dag to 2023-07-06T12:12:44.944979+00:00, run_after=2023-07-07T12:12:44.944979+00:00
[2023-07-07T12:12:44.957+0000] {processor.py:176} INFO - Processing /home/airflow/.local/lib/python3.7/site-packages/airflow/example_dags/example_skip_dag.py took 0.065 seconds
[2023-07-07T12:13:15.410+0000] {processor.py:154} INFO - Started process (PID=1434) to work on /home/airflow/.local/lib/python3.7/site-packages/airflow/example_dags/example_skip_dag.py
[2023-07-07T12:13:15.411+0000] {processor.py:756} INFO - Processing file /home/airflow/.local/lib/python3.7/site-packages/airflow/example_dags/example_skip_dag.py for tasks to queue
[2023-07-07T12:13:15.412+0000] {logging_mixin.py:120} INFO - [2023-07-07T12:13:15.411+0000] {dagbag.py:537} INFO - Filling up the DagBag from /home/airflow/.local/lib/python3.7/site-packages/airflow/example_dags/example_skip_dag.py
[2023-07-07T12:13:15.421+0000] {processor.py:766} INFO - DAG(s) dict_keys(['example_skip_dag']) retrieved from /home/airflow/.local/lib/python3.7/site-packages/airflow/example_dags/example_skip_dag.py
[2023-07-07T12:13:15.445+0000] {logging_mixin.py:120} INFO - [2023-07-07T12:13:15.445+0000] {dag.py:2585} INFO - Sync 1 DAGs
[2023-07-07T12:13:15.462+0000] {logging_mixin.py:120} INFO - [2023-07-07T12:13:15.462+0000] {dag.py:3340} INFO - Setting next_dagrun for example_skip_dag to 2023-07-06T12:13:15.461892+00:00, run_after=2023-07-07T12:13:15.461892+00:00
[2023-07-07T12:13:15.477+0000] {processor.py:176} INFO - Processing /home/airflow/.local/lib/python3.7/site-packages/airflow/example_dags/example_skip_dag.py took 0.069 seconds
[2023-07-07T12:13:46.315+0000] {processor.py:154} INFO - Started process (PID=1501) to work on /home/airflow/.local/lib/python3.7/site-packages/airflow/example_dags/example_skip_dag.py
[2023-07-07T12:13:46.316+0000] {processor.py:756} INFO - Processing file /home/airflow/.local/lib/python3.7/site-packages/airflow/example_dags/example_skip_dag.py for tasks to queue
[2023-07-07T12:13:46.317+0000] {logging_mixin.py:120} INFO - [2023-07-07T12:13:46.317+0000] {dagbag.py:537} INFO - Filling up the DagBag from /home/airflow/.local/lib/python3.7/site-packages/airflow/example_dags/example_skip_dag.py
[2023-07-07T12:13:46.327+0000] {processor.py:766} INFO - DAG(s) dict_keys(['example_skip_dag']) retrieved from /home/airflow/.local/lib/python3.7/site-packages/airflow/example_dags/example_skip_dag.py
[2023-07-07T12:13:46.355+0000] {logging_mixin.py:120} INFO - [2023-07-07T12:13:46.355+0000] {dag.py:2585} INFO - Sync 1 DAGs
[2023-07-07T12:13:46.374+0000] {logging_mixin.py:120} INFO - [2023-07-07T12:13:46.374+0000] {dag.py:3340} INFO - Setting next_dagrun for example_skip_dag to 2023-07-06T12:13:46.373921+00:00, run_after=2023-07-07T12:13:46.373921+00:00
[2023-07-07T12:13:46.389+0000] {processor.py:176} INFO - Processing /home/airflow/.local/lib/python3.7/site-packages/airflow/example_dags/example_skip_dag.py took 0.076 seconds
[2023-07-07T12:14:16.574+0000] {processor.py:154} INFO - Started process (PID=1559) to work on /home/airflow/.local/lib/python3.7/site-packages/airflow/example_dags/example_skip_dag.py
[2023-07-07T12:14:16.574+0000] {processor.py:756} INFO - Processing file /home/airflow/.local/lib/python3.7/site-packages/airflow/example_dags/example_skip_dag.py for tasks to queue
[2023-07-07T12:14:16.575+0000] {logging_mixin.py:120} INFO - [2023-07-07T12:14:16.575+0000] {dagbag.py:537} INFO - Filling up the DagBag from /home/airflow/.local/lib/python3.7/site-packages/airflow/example_dags/example_skip_dag.py
[2023-07-07T12:14:16.585+0000] {processor.py:766} INFO - DAG(s) dict_keys(['example_skip_dag']) retrieved from /home/airflow/.local/lib/python3.7/site-packages/airflow/example_dags/example_skip_dag.py
[2023-07-07T12:14:16.609+0000] {logging_mixin.py:120} INFO - [2023-07-07T12:14:16.609+0000] {dag.py:2585} INFO - Sync 1 DAGs
[2023-07-07T12:14:16.625+0000] {logging_mixin.py:120} INFO - [2023-07-07T12:14:16.625+0000] {dag.py:3340} INFO - Setting next_dagrun for example_skip_dag to 2023-07-06T12:14:16.625361+00:00, run_after=2023-07-07T12:14:16.625361+00:00
[2023-07-07T12:14:16.638+0000] {processor.py:176} INFO - Processing /home/airflow/.local/lib/python3.7/site-packages/airflow/example_dags/example_skip_dag.py took 0.067 seconds
[2023-07-07T12:14:46.709+0000] {processor.py:154} INFO - Started process (PID=1625) to work on /home/airflow/.local/lib/python3.7/site-packages/airflow/example_dags/example_skip_dag.py
[2023-07-07T12:14:46.713+0000] {processor.py:756} INFO - Processing file /home/airflow/.local/lib/python3.7/site-packages/airflow/example_dags/example_skip_dag.py for tasks to queue
[2023-07-07T12:14:46.713+0000] {logging_mixin.py:120} INFO - [2023-07-07T12:14:46.713+0000] {dagbag.py:537} INFO - Filling up the DagBag from /home/airflow/.local/lib/python3.7/site-packages/airflow/example_dags/example_skip_dag.py
[2023-07-07T12:14:46.721+0000] {processor.py:766} INFO - DAG(s) dict_keys(['example_skip_dag']) retrieved from /home/airflow/.local/lib/python3.7/site-packages/airflow/example_dags/example_skip_dag.py
[2023-07-07T12:14:46.745+0000] {logging_mixin.py:120} INFO - [2023-07-07T12:14:46.744+0000] {dag.py:2585} INFO - Sync 1 DAGs
[2023-07-07T12:14:46.761+0000] {logging_mixin.py:120} INFO - [2023-07-07T12:14:46.761+0000] {dag.py:3340} INFO - Setting next_dagrun for example_skip_dag to 2023-07-06T12:14:46.761248+00:00, run_after=2023-07-07T12:14:46.761248+00:00
[2023-07-07T12:14:46.773+0000] {processor.py:176} INFO - Processing /home/airflow/.local/lib/python3.7/site-packages/airflow/example_dags/example_skip_dag.py took 0.065 seconds
[2023-07-07T12:15:16.960+0000] {processor.py:154} INFO - Started process (PID=1692) to work on /home/airflow/.local/lib/python3.7/site-packages/airflow/example_dags/example_skip_dag.py
[2023-07-07T12:15:16.960+0000] {processor.py:756} INFO - Processing file /home/airflow/.local/lib/python3.7/site-packages/airflow/example_dags/example_skip_dag.py for tasks to queue
[2023-07-07T12:15:16.961+0000] {logging_mixin.py:120} INFO - [2023-07-07T12:15:16.961+0000] {dagbag.py:537} INFO - Filling up the DagBag from /home/airflow/.local/lib/python3.7/site-packages/airflow/example_dags/example_skip_dag.py
[2023-07-07T12:15:16.970+0000] {processor.py:766} INFO - DAG(s) dict_keys(['example_skip_dag']) retrieved from /home/airflow/.local/lib/python3.7/site-packages/airflow/example_dags/example_skip_dag.py
[2023-07-07T12:15:16.995+0000] {logging_mixin.py:120} INFO - [2023-07-07T12:15:16.994+0000] {dag.py:2585} INFO - Sync 1 DAGs
[2023-07-07T12:15:17.010+0000] {logging_mixin.py:120} INFO - [2023-07-07T12:15:17.010+0000] {dag.py:3340} INFO - Setting next_dagrun for example_skip_dag to 2023-07-06T12:15:17.010365+00:00, run_after=2023-07-07T12:15:17.010365+00:00
[2023-07-07T12:15:17.023+0000] {processor.py:176} INFO - Processing /home/airflow/.local/lib/python3.7/site-packages/airflow/example_dags/example_skip_dag.py took 0.067 seconds
[2023-07-07T12:15:47.076+0000] {processor.py:154} INFO - Started process (PID=1759) to work on /home/airflow/.local/lib/python3.7/site-packages/airflow/example_dags/example_skip_dag.py
[2023-07-07T12:15:47.079+0000] {processor.py:756} INFO - Processing file /home/airflow/.local/lib/python3.7/site-packages/airflow/example_dags/example_skip_dag.py for tasks to queue
[2023-07-07T12:15:47.080+0000] {logging_mixin.py:120} INFO - [2023-07-07T12:15:47.080+0000] {dagbag.py:537} INFO - Filling up the DagBag from /home/airflow/.local/lib/python3.7/site-packages/airflow/example_dags/example_skip_dag.py
[2023-07-07T12:15:47.090+0000] {processor.py:766} INFO - DAG(s) dict_keys(['example_skip_dag']) retrieved from /home/airflow/.local/lib/python3.7/site-packages/airflow/example_dags/example_skip_dag.py
[2023-07-07T12:15:47.114+0000] {logging_mixin.py:120} INFO - [2023-07-07T12:15:47.114+0000] {dag.py:2585} INFO - Sync 1 DAGs
[2023-07-07T12:15:47.130+0000] {logging_mixin.py:120} INFO - [2023-07-07T12:15:47.130+0000] {dag.py:3340} INFO - Setting next_dagrun for example_skip_dag to 2023-07-06T12:15:47.129973+00:00, run_after=2023-07-07T12:15:47.129973+00:00
[2023-07-07T12:15:47.143+0000] {processor.py:176} INFO - Processing /home/airflow/.local/lib/python3.7/site-packages/airflow/example_dags/example_skip_dag.py took 0.070 seconds
[2023-07-07T12:16:17.324+0000] {processor.py:154} INFO - Started process (PID=1818) to work on /home/airflow/.local/lib/python3.7/site-packages/airflow/example_dags/example_skip_dag.py
[2023-07-07T12:16:17.324+0000] {processor.py:756} INFO - Processing file /home/airflow/.local/lib/python3.7/site-packages/airflow/example_dags/example_skip_dag.py for tasks to queue
[2023-07-07T12:16:17.325+0000] {logging_mixin.py:120} INFO - [2023-07-07T12:16:17.324+0000] {dagbag.py:537} INFO - Filling up the DagBag from /home/airflow/.local/lib/python3.7/site-packages/airflow/example_dags/example_skip_dag.py
[2023-07-07T12:16:17.333+0000] {processor.py:766} INFO - DAG(s) dict_keys(['example_skip_dag']) retrieved from /home/airflow/.local/lib/python3.7/site-packages/airflow/example_dags/example_skip_dag.py
[2023-07-07T12:16:17.357+0000] {logging_mixin.py:120} INFO - [2023-07-07T12:16:17.357+0000] {dag.py:2585} INFO - Sync 1 DAGs
[2023-07-07T12:16:17.372+0000] {logging_mixin.py:120} INFO - [2023-07-07T12:16:17.371+0000] {dag.py:3340} INFO - Setting next_dagrun for example_skip_dag to 2023-07-06T12:16:17.371732+00:00, run_after=2023-07-07T12:16:17.371732+00:00
[2023-07-07T12:16:17.383+0000] {processor.py:176} INFO - Processing /home/airflow/.local/lib/python3.7/site-packages/airflow/example_dags/example_skip_dag.py took 0.061 seconds
[2023-07-07T12:16:47.659+0000] {processor.py:154} INFO - Started process (PID=1886) to work on /home/airflow/.local/lib/python3.7/site-packages/airflow/example_dags/example_skip_dag.py
[2023-07-07T12:16:47.662+0000] {processor.py:756} INFO - Processing file /home/airflow/.local/lib/python3.7/site-packages/airflow/example_dags/example_skip_dag.py for tasks to queue
[2023-07-07T12:16:47.662+0000] {logging_mixin.py:120} INFO - [2023-07-07T12:16:47.662+0000] {dagbag.py:537} INFO - Filling up the DagBag from /home/airflow/.local/lib/python3.7/site-packages/airflow/example_dags/example_skip_dag.py
[2023-07-07T12:16:47.671+0000] {processor.py:766} INFO - DAG(s) dict_keys(['example_skip_dag']) retrieved from /home/airflow/.local/lib/python3.7/site-packages/airflow/example_dags/example_skip_dag.py
[2023-07-07T12:16:47.698+0000] {logging_mixin.py:120} INFO - [2023-07-07T12:16:47.697+0000] {dag.py:2585} INFO - Sync 1 DAGs
[2023-07-07T12:16:47.715+0000] {logging_mixin.py:120} INFO - [2023-07-07T12:16:47.715+0000] {dag.py:3340} INFO - Setting next_dagrun for example_skip_dag to 2023-07-06T12:16:47.715465+00:00, run_after=2023-07-07T12:16:47.715465+00:00
[2023-07-07T12:16:47.729+0000] {processor.py:176} INFO - Processing /home/airflow/.local/lib/python3.7/site-packages/airflow/example_dags/example_skip_dag.py took 0.072 seconds
[2023-07-07T12:17:17.977+0000] {processor.py:154} INFO - Started process (PID=1952) to work on /home/airflow/.local/lib/python3.7/site-packages/airflow/example_dags/example_skip_dag.py
[2023-07-07T12:17:17.977+0000] {processor.py:756} INFO - Processing file /home/airflow/.local/lib/python3.7/site-packages/airflow/example_dags/example_skip_dag.py for tasks to queue
[2023-07-07T12:17:17.978+0000] {logging_mixin.py:120} INFO - [2023-07-07T12:17:17.978+0000] {dagbag.py:537} INFO - Filling up the DagBag from /home/airflow/.local/lib/python3.7/site-packages/airflow/example_dags/example_skip_dag.py
[2023-07-07T12:17:17.987+0000] {processor.py:766} INFO - DAG(s) dict_keys(['example_skip_dag']) retrieved from /home/airflow/.local/lib/python3.7/site-packages/airflow/example_dags/example_skip_dag.py
[2023-07-07T12:17:18.012+0000] {logging_mixin.py:120} INFO - [2023-07-07T12:17:18.012+0000] {dag.py:2585} INFO - Sync 1 DAGs
[2023-07-07T12:17:18.029+0000] {logging_mixin.py:120} INFO - [2023-07-07T12:17:18.029+0000] {dag.py:3340} INFO - Setting next_dagrun for example_skip_dag to 2023-07-06T12:17:18.029057+00:00, run_after=2023-07-07T12:17:18.029057+00:00
[2023-07-07T12:17:18.041+0000] {processor.py:176} INFO - Processing /home/airflow/.local/lib/python3.7/site-packages/airflow/example_dags/example_skip_dag.py took 0.066 seconds
[2023-07-07T12:17:48.200+0000] {processor.py:154} INFO - Started process (PID=2019) to work on /home/airflow/.local/lib/python3.7/site-packages/airflow/example_dags/example_skip_dag.py
[2023-07-07T12:17:48.203+0000] {processor.py:756} INFO - Processing file /home/airflow/.local/lib/python3.7/site-packages/airflow/example_dags/example_skip_dag.py for tasks to queue
[2023-07-07T12:17:48.204+0000] {logging_mixin.py:120} INFO - [2023-07-07T12:17:48.204+0000] {dagbag.py:537} INFO - Filling up the DagBag from /home/airflow/.local/lib/python3.7/site-packages/airflow/example_dags/example_skip_dag.py
[2023-07-07T12:17:48.214+0000] {processor.py:766} INFO - DAG(s) dict_keys(['example_skip_dag']) retrieved from /home/airflow/.local/lib/python3.7/site-packages/airflow/example_dags/example_skip_dag.py
[2023-07-07T12:17:48.238+0000] {logging_mixin.py:120} INFO - [2023-07-07T12:17:48.238+0000] {dag.py:2585} INFO - Sync 1 DAGs
[2023-07-07T12:17:48.253+0000] {logging_mixin.py:120} INFO - [2023-07-07T12:17:48.253+0000] {dag.py:3340} INFO - Setting next_dagrun for example_skip_dag to 2023-07-06T12:17:48.253625+00:00, run_after=2023-07-07T12:17:48.253625+00:00
[2023-07-07T12:17:48.267+0000] {processor.py:176} INFO - Processing /home/airflow/.local/lib/python3.7/site-packages/airflow/example_dags/example_skip_dag.py took 0.070 seconds
[2023-07-07T12:18:18.532+0000] {processor.py:154} INFO - Started process (PID=2085) to work on /home/airflow/.local/lib/python3.7/site-packages/airflow/example_dags/example_skip_dag.py
[2023-07-07T12:18:18.532+0000] {processor.py:756} INFO - Processing file /home/airflow/.local/lib/python3.7/site-packages/airflow/example_dags/example_skip_dag.py for tasks to queue
[2023-07-07T12:18:18.533+0000] {logging_mixin.py:120} INFO - [2023-07-07T12:18:18.532+0000] {dagbag.py:537} INFO - Filling up the DagBag from /home/airflow/.local/lib/python3.7/site-packages/airflow/example_dags/example_skip_dag.py
[2023-07-07T12:18:18.541+0000] {processor.py:766} INFO - DAG(s) dict_keys(['example_skip_dag']) retrieved from /home/airflow/.local/lib/python3.7/site-packages/airflow/example_dags/example_skip_dag.py
[2023-07-07T12:18:18.565+0000] {logging_mixin.py:120} INFO - [2023-07-07T12:18:18.565+0000] {dag.py:2585} INFO - Sync 1 DAGs
[2023-07-07T12:18:18.582+0000] {logging_mixin.py:120} INFO - [2023-07-07T12:18:18.582+0000] {dag.py:3340} INFO - Setting next_dagrun for example_skip_dag to 2023-07-06T12:18:18.581947+00:00, run_after=2023-07-07T12:18:18.581947+00:00
[2023-07-07T12:18:18.596+0000] {processor.py:176} INFO - Processing /home/airflow/.local/lib/python3.7/site-packages/airflow/example_dags/example_skip_dag.py took 0.066 seconds
[2023-07-07T12:18:48.818+0000] {processor.py:154} INFO - Started process (PID=2145) to work on /home/airflow/.local/lib/python3.7/site-packages/airflow/example_dags/example_skip_dag.py
[2023-07-07T12:18:48.819+0000] {processor.py:756} INFO - Processing file /home/airflow/.local/lib/python3.7/site-packages/airflow/example_dags/example_skip_dag.py for tasks to queue
[2023-07-07T12:18:48.819+0000] {logging_mixin.py:120} INFO - [2023-07-07T12:18:48.819+0000] {dagbag.py:537} INFO - Filling up the DagBag from /home/airflow/.local/lib/python3.7/site-packages/airflow/example_dags/example_skip_dag.py
[2023-07-07T12:18:48.828+0000] {processor.py:766} INFO - DAG(s) dict_keys(['example_skip_dag']) retrieved from /home/airflow/.local/lib/python3.7/site-packages/airflow/example_dags/example_skip_dag.py
[2023-07-07T12:18:48.851+0000] {logging_mixin.py:120} INFO - [2023-07-07T12:18:48.851+0000] {dag.py:2585} INFO - Sync 1 DAGs
[2023-07-07T12:18:48.866+0000] {logging_mixin.py:120} INFO - [2023-07-07T12:18:48.866+0000] {dag.py:3340} INFO - Setting next_dagrun for example_skip_dag to 2023-07-06T12:18:48.866436+00:00, run_after=2023-07-07T12:18:48.866436+00:00
[2023-07-07T12:18:48.878+0000] {processor.py:176} INFO - Processing /home/airflow/.local/lib/python3.7/site-packages/airflow/example_dags/example_skip_dag.py took 0.062 seconds
[2023-07-07T12:19:19.091+0000] {processor.py:154} INFO - Started process (PID=2212) to work on /home/airflow/.local/lib/python3.7/site-packages/airflow/example_dags/example_skip_dag.py
[2023-07-07T12:19:19.095+0000] {processor.py:756} INFO - Processing file /home/airflow/.local/lib/python3.7/site-packages/airflow/example_dags/example_skip_dag.py for tasks to queue
[2023-07-07T12:19:19.095+0000] {logging_mixin.py:120} INFO - [2023-07-07T12:19:19.095+0000] {dagbag.py:537} INFO - Filling up the DagBag from /home/airflow/.local/lib/python3.7/site-packages/airflow/example_dags/example_skip_dag.py
[2023-07-07T12:19:19.103+0000] {processor.py:766} INFO - DAG(s) dict_keys(['example_skip_dag']) retrieved from /home/airflow/.local/lib/python3.7/site-packages/airflow/example_dags/example_skip_dag.py
[2023-07-07T12:19:19.127+0000] {logging_mixin.py:120} INFO - [2023-07-07T12:19:19.127+0000] {dag.py:2585} INFO - Sync 1 DAGs
[2023-07-07T12:19:19.144+0000] {logging_mixin.py:120} INFO - [2023-07-07T12:19:19.144+0000] {dag.py:3340} INFO - Setting next_dagrun for example_skip_dag to 2023-07-06T12:19:19.144012+00:00, run_after=2023-07-07T12:19:19.144012+00:00
[2023-07-07T12:19:19.157+0000] {processor.py:176} INFO - Processing /home/airflow/.local/lib/python3.7/site-packages/airflow/example_dags/example_skip_dag.py took 0.067 seconds
[2023-07-07T12:19:49.363+0000] {processor.py:154} INFO - Started process (PID=2280) to work on /home/airflow/.local/lib/python3.7/site-packages/airflow/example_dags/example_skip_dag.py
[2023-07-07T12:19:49.367+0000] {processor.py:756} INFO - Processing file /home/airflow/.local/lib/python3.7/site-packages/airflow/example_dags/example_skip_dag.py for tasks to queue
[2023-07-07T12:19:49.367+0000] {logging_mixin.py:120} INFO - [2023-07-07T12:19:49.367+0000] {dagbag.py:537} INFO - Filling up the DagBag from /home/airflow/.local/lib/python3.7/site-packages/airflow/example_dags/example_skip_dag.py
[2023-07-07T12:19:49.375+0000] {processor.py:766} INFO - DAG(s) dict_keys(['example_skip_dag']) retrieved from /home/airflow/.local/lib/python3.7/site-packages/airflow/example_dags/example_skip_dag.py
[2023-07-07T12:19:49.401+0000] {logging_mixin.py:120} INFO - [2023-07-07T12:19:49.401+0000] {dag.py:2585} INFO - Sync 1 DAGs
[2023-07-07T12:19:49.415+0000] {logging_mixin.py:120} INFO - [2023-07-07T12:19:49.415+0000] {dag.py:3340} INFO - Setting next_dagrun for example_skip_dag to 2023-07-06T12:19:49.415401+00:00, run_after=2023-07-07T12:19:49.415401+00:00
[2023-07-07T12:19:49.429+0000] {processor.py:176} INFO - Processing /home/airflow/.local/lib/python3.7/site-packages/airflow/example_dags/example_skip_dag.py took 0.067 seconds
[2023-07-07T12:20:19.491+0000] {processor.py:154} INFO - Started process (PID=2347) to work on /home/airflow/.local/lib/python3.7/site-packages/airflow/example_dags/example_skip_dag.py
[2023-07-07T12:20:19.494+0000] {processor.py:756} INFO - Processing file /home/airflow/.local/lib/python3.7/site-packages/airflow/example_dags/example_skip_dag.py for tasks to queue
[2023-07-07T12:20:19.494+0000] {logging_mixin.py:120} INFO - [2023-07-07T12:20:19.494+0000] {dagbag.py:537} INFO - Filling up the DagBag from /home/airflow/.local/lib/python3.7/site-packages/airflow/example_dags/example_skip_dag.py
[2023-07-07T12:20:19.504+0000] {processor.py:766} INFO - DAG(s) dict_keys(['example_skip_dag']) retrieved from /home/airflow/.local/lib/python3.7/site-packages/airflow/example_dags/example_skip_dag.py
[2023-07-07T12:20:19.528+0000] {logging_mixin.py:120} INFO - [2023-07-07T12:20:19.528+0000] {dag.py:2585} INFO - Sync 1 DAGs
[2023-07-07T12:20:19.542+0000] {logging_mixin.py:120} INFO - [2023-07-07T12:20:19.542+0000] {dag.py:3340} INFO - Setting next_dagrun for example_skip_dag to 2023-07-06T12:20:19.542740+00:00, run_after=2023-07-07T12:20:19.542740+00:00
[2023-07-07T12:20:19.556+0000] {processor.py:176} INFO - Processing /home/airflow/.local/lib/python3.7/site-packages/airflow/example_dags/example_skip_dag.py took 0.067 seconds
[2023-07-07T12:20:49.755+0000] {processor.py:154} INFO - Started process (PID=2405) to work on /home/airflow/.local/lib/python3.7/site-packages/airflow/example_dags/example_skip_dag.py
[2023-07-07T12:20:49.755+0000] {processor.py:756} INFO - Processing file /home/airflow/.local/lib/python3.7/site-packages/airflow/example_dags/example_skip_dag.py for tasks to queue
[2023-07-07T12:20:49.756+0000] {logging_mixin.py:120} INFO - [2023-07-07T12:20:49.756+0000] {dagbag.py:537} INFO - Filling up the DagBag from /home/airflow/.local/lib/python3.7/site-packages/airflow/example_dags/example_skip_dag.py
[2023-07-07T12:20:49.764+0000] {processor.py:766} INFO - DAG(s) dict_keys(['example_skip_dag']) retrieved from /home/airflow/.local/lib/python3.7/site-packages/airflow/example_dags/example_skip_dag.py
[2023-07-07T12:20:49.791+0000] {logging_mixin.py:120} INFO - [2023-07-07T12:20:49.790+0000] {dag.py:2585} INFO - Sync 1 DAGs
[2023-07-07T12:20:49.809+0000] {logging_mixin.py:120} INFO - [2023-07-07T12:20:49.809+0000] {dag.py:3340} INFO - Setting next_dagrun for example_skip_dag to 2023-07-06T12:20:49.809034+00:00, run_after=2023-07-07T12:20:49.809034+00:00
[2023-07-07T12:20:49.823+0000] {processor.py:176} INFO - Processing /home/airflow/.local/lib/python3.7/site-packages/airflow/example_dags/example_skip_dag.py took 0.070 seconds
[2023-07-07T12:21:20.055+0000] {processor.py:154} INFO - Started process (PID=2472) to work on /home/airflow/.local/lib/python3.7/site-packages/airflow/example_dags/example_skip_dag.py
[2023-07-07T12:21:20.058+0000] {processor.py:756} INFO - Processing file /home/airflow/.local/lib/python3.7/site-packages/airflow/example_dags/example_skip_dag.py for tasks to queue
[2023-07-07T12:21:20.058+0000] {logging_mixin.py:120} INFO - [2023-07-07T12:21:20.058+0000] {dagbag.py:537} INFO - Filling up the DagBag from /home/airflow/.local/lib/python3.7/site-packages/airflow/example_dags/example_skip_dag.py
[2023-07-07T12:21:20.067+0000] {processor.py:766} INFO - DAG(s) dict_keys(['example_skip_dag']) retrieved from /home/airflow/.local/lib/python3.7/site-packages/airflow/example_dags/example_skip_dag.py
[2023-07-07T12:21:20.094+0000] {logging_mixin.py:120} INFO - [2023-07-07T12:21:20.094+0000] {dag.py:2585} INFO - Sync 1 DAGs
[2023-07-07T12:21:20.112+0000] {logging_mixin.py:120} INFO - [2023-07-07T12:21:20.112+0000] {dag.py:3340} INFO - Setting next_dagrun for example_skip_dag to 2023-07-06T12:21:20.112681+00:00, run_after=2023-07-07T12:21:20.112681+00:00
[2023-07-07T12:21:20.128+0000] {processor.py:176} INFO - Processing /home/airflow/.local/lib/python3.7/site-packages/airflow/example_dags/example_skip_dag.py took 0.075 seconds
[2023-07-07T12:22:00.469+0000] {processor.py:154} INFO - Started process (PID=70) to work on /home/airflow/.local/lib/python3.7/site-packages/airflow/example_dags/example_skip_dag.py
[2023-07-07T12:22:00.470+0000] {processor.py:756} INFO - Processing file /home/airflow/.local/lib/python3.7/site-packages/airflow/example_dags/example_skip_dag.py for tasks to queue
[2023-07-07T12:22:00.471+0000] {logging_mixin.py:120} INFO - [2023-07-07T12:22:00.471+0000] {dagbag.py:537} INFO - Filling up the DagBag from /home/airflow/.local/lib/python3.7/site-packages/airflow/example_dags/example_skip_dag.py
[2023-07-07T12:22:00.489+0000] {processor.py:766} INFO - DAG(s) dict_keys(['example_skip_dag']) retrieved from /home/airflow/.local/lib/python3.7/site-packages/airflow/example_dags/example_skip_dag.py
[2023-07-07T12:22:00.525+0000] {logging_mixin.py:120} INFO - [2023-07-07T12:22:00.525+0000] {dag.py:2585} INFO - Sync 1 DAGs
[2023-07-07T12:22:00.560+0000] {logging_mixin.py:120} INFO - [2023-07-07T12:22:00.560+0000] {dag.py:3340} INFO - Setting next_dagrun for example_skip_dag to 2023-07-06T12:22:00.560024+00:00, run_after=2023-07-07T12:22:00.560024+00:00
[2023-07-07T12:22:00.584+0000] {processor.py:176} INFO - Processing /home/airflow/.local/lib/python3.7/site-packages/airflow/example_dags/example_skip_dag.py took 0.119 seconds
[2023-07-07T12:22:31.002+0000] {processor.py:154} INFO - Started process (PID=128) to work on /home/airflow/.local/lib/python3.7/site-packages/airflow/example_dags/example_skip_dag.py
[2023-07-07T12:22:31.003+0000] {processor.py:756} INFO - Processing file /home/airflow/.local/lib/python3.7/site-packages/airflow/example_dags/example_skip_dag.py for tasks to queue
[2023-07-07T12:22:31.003+0000] {logging_mixin.py:120} INFO - [2023-07-07T12:22:31.003+0000] {dagbag.py:537} INFO - Filling up the DagBag from /home/airflow/.local/lib/python3.7/site-packages/airflow/example_dags/example_skip_dag.py
[2023-07-07T12:22:31.012+0000] {processor.py:766} INFO - DAG(s) dict_keys(['example_skip_dag']) retrieved from /home/airflow/.local/lib/python3.7/site-packages/airflow/example_dags/example_skip_dag.py
[2023-07-07T12:22:31.037+0000] {logging_mixin.py:120} INFO - [2023-07-07T12:22:31.037+0000] {dag.py:2585} INFO - Sync 1 DAGs
[2023-07-07T12:22:31.054+0000] {logging_mixin.py:120} INFO - [2023-07-07T12:22:31.054+0000] {dag.py:3340} INFO - Setting next_dagrun for example_skip_dag to 2023-07-06T12:22:31.054263+00:00, run_after=2023-07-07T12:22:31.054263+00:00
[2023-07-07T12:22:31.066+0000] {processor.py:176} INFO - Processing /home/airflow/.local/lib/python3.7/site-packages/airflow/example_dags/example_skip_dag.py took 0.066 seconds
[2023-07-07T12:23:02.262+0000] {processor.py:154} INFO - Started process (PID=195) to work on /home/airflow/.local/lib/python3.7/site-packages/airflow/example_dags/example_skip_dag.py
[2023-07-07T12:23:02.263+0000] {processor.py:756} INFO - Processing file /home/airflow/.local/lib/python3.7/site-packages/airflow/example_dags/example_skip_dag.py for tasks to queue
[2023-07-07T12:23:02.264+0000] {logging_mixin.py:120} INFO - [2023-07-07T12:23:02.264+0000] {dagbag.py:537} INFO - Filling up the DagBag from /home/airflow/.local/lib/python3.7/site-packages/airflow/example_dags/example_skip_dag.py
[2023-07-07T12:23:02.273+0000] {processor.py:766} INFO - DAG(s) dict_keys(['example_skip_dag']) retrieved from /home/airflow/.local/lib/python3.7/site-packages/airflow/example_dags/example_skip_dag.py
[2023-07-07T12:23:02.298+0000] {logging_mixin.py:120} INFO - [2023-07-07T12:23:02.298+0000] {dag.py:2585} INFO - Sync 1 DAGs
[2023-07-07T12:23:02.314+0000] {logging_mixin.py:120} INFO - [2023-07-07T12:23:02.313+0000] {dag.py:3340} INFO - Setting next_dagrun for example_skip_dag to 2023-07-06T12:23:02.313833+00:00, run_after=2023-07-07T12:23:02.313833+00:00
[2023-07-07T12:23:02.325+0000] {processor.py:176} INFO - Processing /home/airflow/.local/lib/python3.7/site-packages/airflow/example_dags/example_skip_dag.py took 0.065 seconds
[2023-07-07T12:23:32.697+0000] {processor.py:154} INFO - Started process (PID=261) to work on /home/airflow/.local/lib/python3.7/site-packages/airflow/example_dags/example_skip_dag.py
[2023-07-07T12:23:32.698+0000] {processor.py:756} INFO - Processing file /home/airflow/.local/lib/python3.7/site-packages/airflow/example_dags/example_skip_dag.py for tasks to queue
[2023-07-07T12:23:32.698+0000] {logging_mixin.py:120} INFO - [2023-07-07T12:23:32.698+0000] {dagbag.py:537} INFO - Filling up the DagBag from /home/airflow/.local/lib/python3.7/site-packages/airflow/example_dags/example_skip_dag.py
[2023-07-07T12:23:32.708+0000] {processor.py:766} INFO - DAG(s) dict_keys(['example_skip_dag']) retrieved from /home/airflow/.local/lib/python3.7/site-packages/airflow/example_dags/example_skip_dag.py
[2023-07-07T12:23:32.737+0000] {logging_mixin.py:120} INFO - [2023-07-07T12:23:32.737+0000] {dag.py:2585} INFO - Sync 1 DAGs
[2023-07-07T12:23:32.756+0000] {logging_mixin.py:120} INFO - [2023-07-07T12:23:32.756+0000] {dag.py:3340} INFO - Setting next_dagrun for example_skip_dag to 2023-07-06T12:23:32.756322+00:00, run_after=2023-07-07T12:23:32.756322+00:00
[2023-07-07T12:23:32.773+0000] {processor.py:176} INFO - Processing /home/airflow/.local/lib/python3.7/site-packages/airflow/example_dags/example_skip_dag.py took 0.077 seconds
[2023-07-07T12:24:03.236+0000] {processor.py:154} INFO - Started process (PID=328) to work on /home/airflow/.local/lib/python3.7/site-packages/airflow/example_dags/example_skip_dag.py
[2023-07-07T12:24:03.237+0000] {processor.py:756} INFO - Processing file /home/airflow/.local/lib/python3.7/site-packages/airflow/example_dags/example_skip_dag.py for tasks to queue
[2023-07-07T12:24:03.237+0000] {logging_mixin.py:120} INFO - [2023-07-07T12:24:03.237+0000] {dagbag.py:537} INFO - Filling up the DagBag from /home/airflow/.local/lib/python3.7/site-packages/airflow/example_dags/example_skip_dag.py
[2023-07-07T12:24:03.247+0000] {processor.py:766} INFO - DAG(s) dict_keys(['example_skip_dag']) retrieved from /home/airflow/.local/lib/python3.7/site-packages/airflow/example_dags/example_skip_dag.py
[2023-07-07T12:24:03.274+0000] {logging_mixin.py:120} INFO - [2023-07-07T12:24:03.274+0000] {dag.py:2585} INFO - Sync 1 DAGs
[2023-07-07T12:24:03.292+0000] {logging_mixin.py:120} INFO - [2023-07-07T12:24:03.292+0000] {dag.py:3340} INFO - Setting next_dagrun for example_skip_dag to 2023-07-06T12:24:03.292177+00:00, run_after=2023-07-07T12:24:03.292177+00:00
[2023-07-07T12:24:03.305+0000] {processor.py:176} INFO - Processing /home/airflow/.local/lib/python3.7/site-packages/airflow/example_dags/example_skip_dag.py took 0.071 seconds
[2023-07-07T12:24:33.753+0000] {processor.py:154} INFO - Started process (PID=395) to work on /home/airflow/.local/lib/python3.7/site-packages/airflow/example_dags/example_skip_dag.py
[2023-07-07T12:24:33.753+0000] {processor.py:756} INFO - Processing file /home/airflow/.local/lib/python3.7/site-packages/airflow/example_dags/example_skip_dag.py for tasks to queue
[2023-07-07T12:24:33.754+0000] {logging_mixin.py:120} INFO - [2023-07-07T12:24:33.754+0000] {dagbag.py:537} INFO - Filling up the DagBag from /home/airflow/.local/lib/python3.7/site-packages/airflow/example_dags/example_skip_dag.py
[2023-07-07T12:24:33.763+0000] {processor.py:766} INFO - DAG(s) dict_keys(['example_skip_dag']) retrieved from /home/airflow/.local/lib/python3.7/site-packages/airflow/example_dags/example_skip_dag.py
[2023-07-07T12:24:33.789+0000] {logging_mixin.py:120} INFO - [2023-07-07T12:24:33.789+0000] {dag.py:2585} INFO - Sync 1 DAGs
[2023-07-07T12:24:33.808+0000] {logging_mixin.py:120} INFO - [2023-07-07T12:24:33.807+0000] {dag.py:3340} INFO - Setting next_dagrun for example_skip_dag to 2023-07-06T12:24:33.807752+00:00, run_after=2023-07-07T12:24:33.807752+00:00
[2023-07-07T12:24:33.823+0000] {processor.py:176} INFO - Processing /home/airflow/.local/lib/python3.7/site-packages/airflow/example_dags/example_skip_dag.py took 0.073 seconds
[2023-07-07T12:25:04.799+0000] {processor.py:154} INFO - Started process (PID=452) to work on /home/airflow/.local/lib/python3.7/site-packages/airflow/example_dags/example_skip_dag.py
[2023-07-07T12:25:04.801+0000] {processor.py:756} INFO - Processing file /home/airflow/.local/lib/python3.7/site-packages/airflow/example_dags/example_skip_dag.py for tasks to queue
[2023-07-07T12:25:04.801+0000] {logging_mixin.py:120} INFO - [2023-07-07T12:25:04.801+0000] {dagbag.py:537} INFO - Filling up the DagBag from /home/airflow/.local/lib/python3.7/site-packages/airflow/example_dags/example_skip_dag.py
[2023-07-07T12:25:04.810+0000] {processor.py:766} INFO - DAG(s) dict_keys(['example_skip_dag']) retrieved from /home/airflow/.local/lib/python3.7/site-packages/airflow/example_dags/example_skip_dag.py
[2023-07-07T12:25:04.835+0000] {logging_mixin.py:120} INFO - [2023-07-07T12:25:04.835+0000] {dag.py:2585} INFO - Sync 1 DAGs
[2023-07-07T12:25:04.852+0000] {logging_mixin.py:120} INFO - [2023-07-07T12:25:04.851+0000] {dag.py:3340} INFO - Setting next_dagrun for example_skip_dag to 2023-07-06T12:25:04.851805+00:00, run_after=2023-07-07T12:25:04.851805+00:00
[2023-07-07T12:25:04.864+0000] {processor.py:176} INFO - Processing /home/airflow/.local/lib/python3.7/site-packages/airflow/example_dags/example_skip_dag.py took 0.067 seconds
