[2023-07-07T12:00:26.115+0000] {processor.py:154} INFO - Started process (PID=68) to work on /home/airflow/.local/lib/python3.7/site-packages/airflow/example_dags/example_sla_dag.py
[2023-07-07T12:00:26.116+0000] {processor.py:756} INFO - Processing file /home/airflow/.local/lib/python3.7/site-packages/airflow/example_dags/example_sla_dag.py for tasks to queue
[2023-07-07T12:00:26.116+0000] {logging_mixin.py:120} INFO - [2023-07-07T12:00:26.116+0000] {dagbag.py:537} INFO - Filling up the DagBag from /home/airflow/.local/lib/python3.7/site-packages/airflow/example_dags/example_sla_dag.py
[2023-07-07T12:00:26.142+0000] {processor.py:766} INFO - DAG(s) dict_keys(['example_sla_dag']) retrieved from /home/airflow/.local/lib/python3.7/site-packages/airflow/example_dags/example_sla_dag.py
[2023-07-07T12:00:26.176+0000] {logging_mixin.py:120} INFO - [2023-07-07T12:00:26.176+0000] {dag.py:2585} INFO - Sync 1 DAGs
[2023-07-07T12:00:26.199+0000] {logging_mixin.py:120} INFO - [2023-07-07T12:00:26.199+0000] {dag.py:3340} INFO - Setting next_dagrun for example_sla_dag to 2023-07-07T11:58:00+00:00, run_after=2023-07-07T12:00:00+00:00
[2023-07-07T12:00:26.217+0000] {processor.py:176} INFO - Processing /home/airflow/.local/lib/python3.7/site-packages/airflow/example_dags/example_sla_dag.py took 0.105 seconds
[2023-07-07T12:00:56.528+0000] {processor.py:154} INFO - Started process (PID=134) to work on /home/airflow/.local/lib/python3.7/site-packages/airflow/example_dags/example_sla_dag.py
[2023-07-07T12:00:56.529+0000] {processor.py:756} INFO - Processing file /home/airflow/.local/lib/python3.7/site-packages/airflow/example_dags/example_sla_dag.py for tasks to queue
[2023-07-07T12:00:56.529+0000] {logging_mixin.py:120} INFO - [2023-07-07T12:00:56.529+0000] {dagbag.py:537} INFO - Filling up the DagBag from /home/airflow/.local/lib/python3.7/site-packages/airflow/example_dags/example_sla_dag.py
[2023-07-07T12:00:56.542+0000] {processor.py:766} INFO - DAG(s) dict_keys(['example_sla_dag']) retrieved from /home/airflow/.local/lib/python3.7/site-packages/airflow/example_dags/example_sla_dag.py
[2023-07-07T12:00:56.565+0000] {logging_mixin.py:120} INFO - [2023-07-07T12:00:56.565+0000] {dag.py:2585} INFO - Sync 1 DAGs
[2023-07-07T12:00:56.581+0000] {logging_mixin.py:120} INFO - [2023-07-07T12:00:56.581+0000] {dag.py:3340} INFO - Setting next_dagrun for example_sla_dag to 2023-07-07T11:58:00+00:00, run_after=2023-07-07T12:00:00+00:00
[2023-07-07T12:00:56.592+0000] {processor.py:176} INFO - Processing /home/airflow/.local/lib/python3.7/site-packages/airflow/example_dags/example_sla_dag.py took 0.066 seconds
[2023-07-07T12:01:27.981+0000] {processor.py:154} INFO - Started process (PID=203) to work on /home/airflow/.local/lib/python3.7/site-packages/airflow/example_dags/example_sla_dag.py
[2023-07-07T12:01:27.982+0000] {processor.py:756} INFO - Processing file /home/airflow/.local/lib/python3.7/site-packages/airflow/example_dags/example_sla_dag.py for tasks to queue
[2023-07-07T12:01:27.982+0000] {logging_mixin.py:120} INFO - [2023-07-07T12:01:27.982+0000] {dagbag.py:537} INFO - Filling up the DagBag from /home/airflow/.local/lib/python3.7/site-packages/airflow/example_dags/example_sla_dag.py
[2023-07-07T12:01:27.996+0000] {processor.py:766} INFO - DAG(s) dict_keys(['example_sla_dag']) retrieved from /home/airflow/.local/lib/python3.7/site-packages/airflow/example_dags/example_sla_dag.py
[2023-07-07T12:01:28.020+0000] {logging_mixin.py:120} INFO - [2023-07-07T12:01:28.020+0000] {dag.py:2585} INFO - Sync 1 DAGs
[2023-07-07T12:01:28.038+0000] {logging_mixin.py:120} INFO - [2023-07-07T12:01:28.038+0000] {dag.py:3340} INFO - Setting next_dagrun for example_sla_dag to 2023-07-07T11:58:00+00:00, run_after=2023-07-07T12:00:00+00:00
[2023-07-07T12:01:28.050+0000] {processor.py:176} INFO - Processing /home/airflow/.local/lib/python3.7/site-packages/airflow/example_dags/example_sla_dag.py took 0.071 seconds
[2023-07-07T12:01:59.498+0000] {processor.py:154} INFO - Started process (PID=270) to work on /home/airflow/.local/lib/python3.7/site-packages/airflow/example_dags/example_sla_dag.py
[2023-07-07T12:01:59.500+0000] {processor.py:756} INFO - Processing file /home/airflow/.local/lib/python3.7/site-packages/airflow/example_dags/example_sla_dag.py for tasks to queue
[2023-07-07T12:01:59.500+0000] {logging_mixin.py:120} INFO - [2023-07-07T12:01:59.500+0000] {dagbag.py:537} INFO - Filling up the DagBag from /home/airflow/.local/lib/python3.7/site-packages/airflow/example_dags/example_sla_dag.py
[2023-07-07T12:01:59.514+0000] {processor.py:766} INFO - DAG(s) dict_keys(['example_sla_dag']) retrieved from /home/airflow/.local/lib/python3.7/site-packages/airflow/example_dags/example_sla_dag.py
[2023-07-07T12:01:59.537+0000] {logging_mixin.py:120} INFO - [2023-07-07T12:01:59.537+0000] {dag.py:2585} INFO - Sync 1 DAGs
[2023-07-07T12:01:59.556+0000] {logging_mixin.py:120} INFO - [2023-07-07T12:01:59.555+0000] {dag.py:3340} INFO - Setting next_dagrun for example_sla_dag to 2023-07-07T11:58:00+00:00, run_after=2023-07-07T12:00:00+00:00
[2023-07-07T12:01:59.569+0000] {processor.py:176} INFO - Processing /home/airflow/.local/lib/python3.7/site-packages/airflow/example_dags/example_sla_dag.py took 0.072 seconds
[2023-07-07T12:02:37.525+0000] {processor.py:154} INFO - Started process (PID=69) to work on /home/airflow/.local/lib/python3.7/site-packages/airflow/example_dags/example_sla_dag.py
[2023-07-07T12:02:37.532+0000] {processor.py:756} INFO - Processing file /home/airflow/.local/lib/python3.7/site-packages/airflow/example_dags/example_sla_dag.py for tasks to queue
[2023-07-07T12:02:37.532+0000] {logging_mixin.py:120} INFO - [2023-07-07T12:02:37.532+0000] {dagbag.py:537} INFO - Filling up the DagBag from /home/airflow/.local/lib/python3.7/site-packages/airflow/example_dags/example_sla_dag.py
[2023-07-07T12:02:37.563+0000] {processor.py:766} INFO - DAG(s) dict_keys(['example_sla_dag']) retrieved from /home/airflow/.local/lib/python3.7/site-packages/airflow/example_dags/example_sla_dag.py
[2023-07-07T12:02:37.610+0000] {logging_mixin.py:120} INFO - [2023-07-07T12:02:37.610+0000] {dag.py:2585} INFO - Sync 1 DAGs
[2023-07-07T12:02:37.650+0000] {logging_mixin.py:120} INFO - [2023-07-07T12:02:37.650+0000] {dag.py:3340} INFO - Setting next_dagrun for example_sla_dag to 2023-07-07T12:00:00+00:00, run_after=2023-07-07T12:02:00+00:00
[2023-07-07T12:02:37.679+0000] {processor.py:176} INFO - Processing /home/airflow/.local/lib/python3.7/site-packages/airflow/example_dags/example_sla_dag.py took 0.156 seconds
[2023-07-07T12:03:08.004+0000] {processor.py:154} INFO - Started process (PID=136) to work on /home/airflow/.local/lib/python3.7/site-packages/airflow/example_dags/example_sla_dag.py
[2023-07-07T12:03:08.005+0000] {processor.py:756} INFO - Processing file /home/airflow/.local/lib/python3.7/site-packages/airflow/example_dags/example_sla_dag.py for tasks to queue
[2023-07-07T12:03:08.005+0000] {logging_mixin.py:120} INFO - [2023-07-07T12:03:08.005+0000] {dagbag.py:537} INFO - Filling up the DagBag from /home/airflow/.local/lib/python3.7/site-packages/airflow/example_dags/example_sla_dag.py
[2023-07-07T12:03:08.019+0000] {processor.py:766} INFO - DAG(s) dict_keys(['example_sla_dag']) retrieved from /home/airflow/.local/lib/python3.7/site-packages/airflow/example_dags/example_sla_dag.py
[2023-07-07T12:03:08.043+0000] {logging_mixin.py:120} INFO - [2023-07-07T12:03:08.043+0000] {dag.py:2585} INFO - Sync 1 DAGs
[2023-07-07T12:03:08.060+0000] {logging_mixin.py:120} INFO - [2023-07-07T12:03:08.060+0000] {dag.py:3340} INFO - Setting next_dagrun for example_sla_dag to 2023-07-07T12:00:00+00:00, run_after=2023-07-07T12:02:00+00:00
[2023-07-07T12:03:08.071+0000] {processor.py:176} INFO - Processing /home/airflow/.local/lib/python3.7/site-packages/airflow/example_dags/example_sla_dag.py took 0.069 seconds
[2023-07-07T12:03:38.245+0000] {processor.py:154} INFO - Started process (PID=204) to work on /home/airflow/.local/lib/python3.7/site-packages/airflow/example_dags/example_sla_dag.py
[2023-07-07T12:03:38.245+0000] {processor.py:756} INFO - Processing file /home/airflow/.local/lib/python3.7/site-packages/airflow/example_dags/example_sla_dag.py for tasks to queue
[2023-07-07T12:03:38.246+0000] {logging_mixin.py:120} INFO - [2023-07-07T12:03:38.246+0000] {dagbag.py:537} INFO - Filling up the DagBag from /home/airflow/.local/lib/python3.7/site-packages/airflow/example_dags/example_sla_dag.py
[2023-07-07T12:03:38.258+0000] {processor.py:766} INFO - DAG(s) dict_keys(['example_sla_dag']) retrieved from /home/airflow/.local/lib/python3.7/site-packages/airflow/example_dags/example_sla_dag.py
[2023-07-07T12:03:38.282+0000] {logging_mixin.py:120} INFO - [2023-07-07T12:03:38.282+0000] {dag.py:2585} INFO - Sync 1 DAGs
[2023-07-07T12:03:38.301+0000] {logging_mixin.py:120} INFO - [2023-07-07T12:03:38.301+0000] {dag.py:3340} INFO - Setting next_dagrun for example_sla_dag to 2023-07-07T12:00:00+00:00, run_after=2023-07-07T12:02:00+00:00
[2023-07-07T12:03:38.313+0000] {processor.py:176} INFO - Processing /home/airflow/.local/lib/python3.7/site-packages/airflow/example_dags/example_sla_dag.py took 0.069 seconds
[2023-07-07T12:04:08.465+0000] {processor.py:154} INFO - Started process (PID=272) to work on /home/airflow/.local/lib/python3.7/site-packages/airflow/example_dags/example_sla_dag.py
[2023-07-07T12:04:08.465+0000] {processor.py:756} INFO - Processing file /home/airflow/.local/lib/python3.7/site-packages/airflow/example_dags/example_sla_dag.py for tasks to queue
[2023-07-07T12:04:08.466+0000] {logging_mixin.py:120} INFO - [2023-07-07T12:04:08.466+0000] {dagbag.py:537} INFO - Filling up the DagBag from /home/airflow/.local/lib/python3.7/site-packages/airflow/example_dags/example_sla_dag.py
[2023-07-07T12:04:08.480+0000] {processor.py:766} INFO - DAG(s) dict_keys(['example_sla_dag']) retrieved from /home/airflow/.local/lib/python3.7/site-packages/airflow/example_dags/example_sla_dag.py
[2023-07-07T12:04:08.504+0000] {logging_mixin.py:120} INFO - [2023-07-07T12:04:08.503+0000] {dag.py:2585} INFO - Sync 1 DAGs
[2023-07-07T12:04:08.523+0000] {logging_mixin.py:120} INFO - [2023-07-07T12:04:08.523+0000] {dag.py:3340} INFO - Setting next_dagrun for example_sla_dag to 2023-07-07T12:02:00+00:00, run_after=2023-07-07T12:04:00+00:00
[2023-07-07T12:04:08.537+0000] {processor.py:176} INFO - Processing /home/airflow/.local/lib/python3.7/site-packages/airflow/example_dags/example_sla_dag.py took 0.074 seconds
[2023-07-07T12:04:38.711+0000] {processor.py:154} INFO - Started process (PID=329) to work on /home/airflow/.local/lib/python3.7/site-packages/airflow/example_dags/example_sla_dag.py
[2023-07-07T12:04:38.712+0000] {processor.py:756} INFO - Processing file /home/airflow/.local/lib/python3.7/site-packages/airflow/example_dags/example_sla_dag.py for tasks to queue
[2023-07-07T12:04:38.712+0000] {logging_mixin.py:120} INFO - [2023-07-07T12:04:38.712+0000] {dagbag.py:537} INFO - Filling up the DagBag from /home/airflow/.local/lib/python3.7/site-packages/airflow/example_dags/example_sla_dag.py
[2023-07-07T12:04:38.725+0000] {processor.py:766} INFO - DAG(s) dict_keys(['example_sla_dag']) retrieved from /home/airflow/.local/lib/python3.7/site-packages/airflow/example_dags/example_sla_dag.py
[2023-07-07T12:04:38.749+0000] {logging_mixin.py:120} INFO - [2023-07-07T12:04:38.749+0000] {dag.py:2585} INFO - Sync 1 DAGs
[2023-07-07T12:04:38.766+0000] {logging_mixin.py:120} INFO - [2023-07-07T12:04:38.766+0000] {dag.py:3340} INFO - Setting next_dagrun for example_sla_dag to 2023-07-07T12:02:00+00:00, run_after=2023-07-07T12:04:00+00:00
[2023-07-07T12:04:38.778+0000] {processor.py:176} INFO - Processing /home/airflow/.local/lib/python3.7/site-packages/airflow/example_dags/example_sla_dag.py took 0.069 seconds
[2023-07-07T12:05:09.868+0000] {processor.py:154} INFO - Started process (PID=397) to work on /home/airflow/.local/lib/python3.7/site-packages/airflow/example_dags/example_sla_dag.py
[2023-07-07T12:05:09.869+0000] {processor.py:756} INFO - Processing file /home/airflow/.local/lib/python3.7/site-packages/airflow/example_dags/example_sla_dag.py for tasks to queue
[2023-07-07T12:05:09.869+0000] {logging_mixin.py:120} INFO - [2023-07-07T12:05:09.869+0000] {dagbag.py:537} INFO - Filling up the DagBag from /home/airflow/.local/lib/python3.7/site-packages/airflow/example_dags/example_sla_dag.py
[2023-07-07T12:05:09.884+0000] {processor.py:766} INFO - DAG(s) dict_keys(['example_sla_dag']) retrieved from /home/airflow/.local/lib/python3.7/site-packages/airflow/example_dags/example_sla_dag.py
[2023-07-07T12:05:09.909+0000] {logging_mixin.py:120} INFO - [2023-07-07T12:05:09.908+0000] {dag.py:2585} INFO - Sync 1 DAGs
[2023-07-07T12:05:09.927+0000] {logging_mixin.py:120} INFO - [2023-07-07T12:05:09.927+0000] {dag.py:3340} INFO - Setting next_dagrun for example_sla_dag to 2023-07-07T12:02:00+00:00, run_after=2023-07-07T12:04:00+00:00
[2023-07-07T12:05:09.939+0000] {processor.py:176} INFO - Processing /home/airflow/.local/lib/python3.7/site-packages/airflow/example_dags/example_sla_dag.py took 0.073 seconds
[2023-07-07T12:05:40.159+0000] {processor.py:154} INFO - Started process (PID=465) to work on /home/airflow/.local/lib/python3.7/site-packages/airflow/example_dags/example_sla_dag.py
[2023-07-07T12:05:40.160+0000] {processor.py:756} INFO - Processing file /home/airflow/.local/lib/python3.7/site-packages/airflow/example_dags/example_sla_dag.py for tasks to queue
[2023-07-07T12:05:40.161+0000] {logging_mixin.py:120} INFO - [2023-07-07T12:05:40.160+0000] {dagbag.py:537} INFO - Filling up the DagBag from /home/airflow/.local/lib/python3.7/site-packages/airflow/example_dags/example_sla_dag.py
[2023-07-07T12:05:40.175+0000] {processor.py:766} INFO - DAG(s) dict_keys(['example_sla_dag']) retrieved from /home/airflow/.local/lib/python3.7/site-packages/airflow/example_dags/example_sla_dag.py
[2023-07-07T12:05:40.201+0000] {logging_mixin.py:120} INFO - [2023-07-07T12:05:40.201+0000] {dag.py:2585} INFO - Sync 1 DAGs
[2023-07-07T12:05:40.220+0000] {logging_mixin.py:120} INFO - [2023-07-07T12:05:40.219+0000] {dag.py:3340} INFO - Setting next_dagrun for example_sla_dag to 2023-07-07T12:02:00+00:00, run_after=2023-07-07T12:04:00+00:00
[2023-07-07T12:05:40.234+0000] {processor.py:176} INFO - Processing /home/airflow/.local/lib/python3.7/site-packages/airflow/example_dags/example_sla_dag.py took 0.076 seconds
[2023-07-07T12:06:10.376+0000] {processor.py:154} INFO - Started process (PID=531) to work on /home/airflow/.local/lib/python3.7/site-packages/airflow/example_dags/example_sla_dag.py
[2023-07-07T12:06:10.376+0000] {processor.py:756} INFO - Processing file /home/airflow/.local/lib/python3.7/site-packages/airflow/example_dags/example_sla_dag.py for tasks to queue
[2023-07-07T12:06:10.377+0000] {logging_mixin.py:120} INFO - [2023-07-07T12:06:10.377+0000] {dagbag.py:537} INFO - Filling up the DagBag from /home/airflow/.local/lib/python3.7/site-packages/airflow/example_dags/example_sla_dag.py
[2023-07-07T12:06:10.390+0000] {processor.py:766} INFO - DAG(s) dict_keys(['example_sla_dag']) retrieved from /home/airflow/.local/lib/python3.7/site-packages/airflow/example_dags/example_sla_dag.py
[2023-07-07T12:06:10.416+0000] {logging_mixin.py:120} INFO - [2023-07-07T12:06:10.415+0000] {dag.py:2585} INFO - Sync 1 DAGs
[2023-07-07T12:06:10.435+0000] {logging_mixin.py:120} INFO - [2023-07-07T12:06:10.435+0000] {dag.py:3340} INFO - Setting next_dagrun for example_sla_dag to 2023-07-07T12:04:00+00:00, run_after=2023-07-07T12:06:00+00:00
[2023-07-07T12:06:10.448+0000] {processor.py:176} INFO - Processing /home/airflow/.local/lib/python3.7/site-packages/airflow/example_dags/example_sla_dag.py took 0.073 seconds
[2023-07-07T12:06:41.568+0000] {processor.py:154} INFO - Started process (PID=598) to work on /home/airflow/.local/lib/python3.7/site-packages/airflow/example_dags/example_sla_dag.py
[2023-07-07T12:06:41.568+0000] {processor.py:756} INFO - Processing file /home/airflow/.local/lib/python3.7/site-packages/airflow/example_dags/example_sla_dag.py for tasks to queue
[2023-07-07T12:06:41.568+0000] {logging_mixin.py:120} INFO - [2023-07-07T12:06:41.568+0000] {dagbag.py:537} INFO - Filling up the DagBag from /home/airflow/.local/lib/python3.7/site-packages/airflow/example_dags/example_sla_dag.py
[2023-07-07T12:06:41.584+0000] {processor.py:766} INFO - DAG(s) dict_keys(['example_sla_dag']) retrieved from /home/airflow/.local/lib/python3.7/site-packages/airflow/example_dags/example_sla_dag.py
[2023-07-07T12:06:41.629+0000] {logging_mixin.py:120} INFO - [2023-07-07T12:06:41.629+0000] {dag.py:2585} INFO - Sync 1 DAGs
[2023-07-07T12:06:41.650+0000] {logging_mixin.py:120} INFO - [2023-07-07T12:06:41.650+0000] {dag.py:3340} INFO - Setting next_dagrun for example_sla_dag to 2023-07-07T12:04:00+00:00, run_after=2023-07-07T12:06:00+00:00
[2023-07-07T12:06:41.662+0000] {processor.py:176} INFO - Processing /home/airflow/.local/lib/python3.7/site-packages/airflow/example_dags/example_sla_dag.py took 0.097 seconds
[2023-07-07T12:07:12.734+0000] {processor.py:154} INFO - Started process (PID=662) to work on /home/airflow/.local/lib/python3.7/site-packages/airflow/example_dags/example_sla_dag.py
[2023-07-07T12:07:12.735+0000] {processor.py:756} INFO - Processing file /home/airflow/.local/lib/python3.7/site-packages/airflow/example_dags/example_sla_dag.py for tasks to queue
[2023-07-07T12:07:12.735+0000] {logging_mixin.py:120} INFO - [2023-07-07T12:07:12.735+0000] {dagbag.py:537} INFO - Filling up the DagBag from /home/airflow/.local/lib/python3.7/site-packages/airflow/example_dags/example_sla_dag.py
[2023-07-07T12:07:12.756+0000] {processor.py:766} INFO - DAG(s) dict_keys(['example_sla_dag']) retrieved from /home/airflow/.local/lib/python3.7/site-packages/airflow/example_dags/example_sla_dag.py
[2023-07-07T12:07:12.783+0000] {logging_mixin.py:120} INFO - [2023-07-07T12:07:12.782+0000] {dag.py:2585} INFO - Sync 1 DAGs
[2023-07-07T12:07:12.801+0000] {logging_mixin.py:120} INFO - [2023-07-07T12:07:12.801+0000] {dag.py:3340} INFO - Setting next_dagrun for example_sla_dag to 2023-07-07T12:04:00+00:00, run_after=2023-07-07T12:06:00+00:00
[2023-07-07T12:07:12.816+0000] {processor.py:176} INFO - Processing /home/airflow/.local/lib/python3.7/site-packages/airflow/example_dags/example_sla_dag.py took 0.085 seconds
[2023-07-07T12:07:43.014+0000] {processor.py:154} INFO - Started process (PID=723) to work on /home/airflow/.local/lib/python3.7/site-packages/airflow/example_dags/example_sla_dag.py
[2023-07-07T12:07:43.015+0000] {processor.py:756} INFO - Processing file /home/airflow/.local/lib/python3.7/site-packages/airflow/example_dags/example_sla_dag.py for tasks to queue
[2023-07-07T12:07:43.015+0000] {logging_mixin.py:120} INFO - [2023-07-07T12:07:43.015+0000] {dagbag.py:537} INFO - Filling up the DagBag from /home/airflow/.local/lib/python3.7/site-packages/airflow/example_dags/example_sla_dag.py
[2023-07-07T12:07:43.029+0000] {processor.py:766} INFO - DAG(s) dict_keys(['example_sla_dag']) retrieved from /home/airflow/.local/lib/python3.7/site-packages/airflow/example_dags/example_sla_dag.py
[2023-07-07T12:07:43.052+0000] {logging_mixin.py:120} INFO - [2023-07-07T12:07:43.052+0000] {dag.py:2585} INFO - Sync 1 DAGs
[2023-07-07T12:07:43.069+0000] {logging_mixin.py:120} INFO - [2023-07-07T12:07:43.069+0000] {dag.py:3340} INFO - Setting next_dagrun for example_sla_dag to 2023-07-07T12:04:00+00:00, run_after=2023-07-07T12:06:00+00:00
[2023-07-07T12:07:43.081+0000] {processor.py:176} INFO - Processing /home/airflow/.local/lib/python3.7/site-packages/airflow/example_dags/example_sla_dag.py took 0.068 seconds
[2023-07-07T12:08:13.276+0000] {processor.py:154} INFO - Started process (PID=790) to work on /home/airflow/.local/lib/python3.7/site-packages/airflow/example_dags/example_sla_dag.py
[2023-07-07T12:08:13.277+0000] {processor.py:756} INFO - Processing file /home/airflow/.local/lib/python3.7/site-packages/airflow/example_dags/example_sla_dag.py for tasks to queue
[2023-07-07T12:08:13.277+0000] {logging_mixin.py:120} INFO - [2023-07-07T12:08:13.277+0000] {dagbag.py:537} INFO - Filling up the DagBag from /home/airflow/.local/lib/python3.7/site-packages/airflow/example_dags/example_sla_dag.py
[2023-07-07T12:08:13.289+0000] {processor.py:766} INFO - DAG(s) dict_keys(['example_sla_dag']) retrieved from /home/airflow/.local/lib/python3.7/site-packages/airflow/example_dags/example_sla_dag.py
[2023-07-07T12:08:13.312+0000] {logging_mixin.py:120} INFO - [2023-07-07T12:08:13.312+0000] {dag.py:2585} INFO - Sync 1 DAGs
[2023-07-07T12:08:13.331+0000] {logging_mixin.py:120} INFO - [2023-07-07T12:08:13.330+0000] {dag.py:3340} INFO - Setting next_dagrun for example_sla_dag to 2023-07-07T12:06:00+00:00, run_after=2023-07-07T12:08:00+00:00
[2023-07-07T12:08:13.344+0000] {processor.py:176} INFO - Processing /home/airflow/.local/lib/python3.7/site-packages/airflow/example_dags/example_sla_dag.py took 0.069 seconds
[2023-07-07T12:08:43.584+0000] {processor.py:154} INFO - Started process (PID=857) to work on /home/airflow/.local/lib/python3.7/site-packages/airflow/example_dags/example_sla_dag.py
[2023-07-07T12:08:43.585+0000] {processor.py:756} INFO - Processing file /home/airflow/.local/lib/python3.7/site-packages/airflow/example_dags/example_sla_dag.py for tasks to queue
[2023-07-07T12:08:43.585+0000] {logging_mixin.py:120} INFO - [2023-07-07T12:08:43.585+0000] {dagbag.py:537} INFO - Filling up the DagBag from /home/airflow/.local/lib/python3.7/site-packages/airflow/example_dags/example_sla_dag.py
[2023-07-07T12:08:43.600+0000] {processor.py:766} INFO - DAG(s) dict_keys(['example_sla_dag']) retrieved from /home/airflow/.local/lib/python3.7/site-packages/airflow/example_dags/example_sla_dag.py
[2023-07-07T12:08:43.626+0000] {logging_mixin.py:120} INFO - [2023-07-07T12:08:43.625+0000] {dag.py:2585} INFO - Sync 1 DAGs
[2023-07-07T12:08:43.647+0000] {logging_mixin.py:120} INFO - [2023-07-07T12:08:43.646+0000] {dag.py:3340} INFO - Setting next_dagrun for example_sla_dag to 2023-07-07T12:06:00+00:00, run_after=2023-07-07T12:08:00+00:00
[2023-07-07T12:08:43.659+0000] {processor.py:176} INFO - Processing /home/airflow/.local/lib/python3.7/site-packages/airflow/example_dags/example_sla_dag.py took 0.076 seconds
[2023-07-07T12:09:13.848+0000] {processor.py:154} INFO - Started process (PID=924) to work on /home/airflow/.local/lib/python3.7/site-packages/airflow/example_dags/example_sla_dag.py
[2023-07-07T12:09:13.848+0000] {processor.py:756} INFO - Processing file /home/airflow/.local/lib/python3.7/site-packages/airflow/example_dags/example_sla_dag.py for tasks to queue
[2023-07-07T12:09:13.849+0000] {logging_mixin.py:120} INFO - [2023-07-07T12:09:13.849+0000] {dagbag.py:537} INFO - Filling up the DagBag from /home/airflow/.local/lib/python3.7/site-packages/airflow/example_dags/example_sla_dag.py
[2023-07-07T12:09:13.863+0000] {processor.py:766} INFO - DAG(s) dict_keys(['example_sla_dag']) retrieved from /home/airflow/.local/lib/python3.7/site-packages/airflow/example_dags/example_sla_dag.py
[2023-07-07T12:09:13.888+0000] {logging_mixin.py:120} INFO - [2023-07-07T12:09:13.888+0000] {dag.py:2585} INFO - Sync 1 DAGs
[2023-07-07T12:09:13.907+0000] {logging_mixin.py:120} INFO - [2023-07-07T12:09:13.907+0000] {dag.py:3340} INFO - Setting next_dagrun for example_sla_dag to 2023-07-07T12:06:00+00:00, run_after=2023-07-07T12:08:00+00:00
[2023-07-07T12:09:13.918+0000] {processor.py:176} INFO - Processing /home/airflow/.local/lib/python3.7/site-packages/airflow/example_dags/example_sla_dag.py took 0.072 seconds
[2023-07-07T12:09:45.020+0000] {processor.py:154} INFO - Started process (PID=982) to work on /home/airflow/.local/lib/python3.7/site-packages/airflow/example_dags/example_sla_dag.py
[2023-07-07T12:09:45.021+0000] {processor.py:756} INFO - Processing file /home/airflow/.local/lib/python3.7/site-packages/airflow/example_dags/example_sla_dag.py for tasks to queue
[2023-07-07T12:09:45.022+0000] {logging_mixin.py:120} INFO - [2023-07-07T12:09:45.021+0000] {dagbag.py:537} INFO - Filling up the DagBag from /home/airflow/.local/lib/python3.7/site-packages/airflow/example_dags/example_sla_dag.py
[2023-07-07T12:09:45.037+0000] {processor.py:766} INFO - DAG(s) dict_keys(['example_sla_dag']) retrieved from /home/airflow/.local/lib/python3.7/site-packages/airflow/example_dags/example_sla_dag.py
[2023-07-07T12:09:45.064+0000] {logging_mixin.py:120} INFO - [2023-07-07T12:09:45.064+0000] {dag.py:2585} INFO - Sync 1 DAGs
[2023-07-07T12:09:45.084+0000] {logging_mixin.py:120} INFO - [2023-07-07T12:09:45.084+0000] {dag.py:3340} INFO - Setting next_dagrun for example_sla_dag to 2023-07-07T12:06:00+00:00, run_after=2023-07-07T12:08:00+00:00
[2023-07-07T12:09:45.097+0000] {processor.py:176} INFO - Processing /home/airflow/.local/lib/python3.7/site-packages/airflow/example_dags/example_sla_dag.py took 0.079 seconds
[2023-07-07T12:10:15.233+0000] {processor.py:154} INFO - Started process (PID=1050) to work on /home/airflow/.local/lib/python3.7/site-packages/airflow/example_dags/example_sla_dag.py
[2023-07-07T12:10:15.234+0000] {processor.py:756} INFO - Processing file /home/airflow/.local/lib/python3.7/site-packages/airflow/example_dags/example_sla_dag.py for tasks to queue
[2023-07-07T12:10:15.234+0000] {logging_mixin.py:120} INFO - [2023-07-07T12:10:15.234+0000] {dagbag.py:537} INFO - Filling up the DagBag from /home/airflow/.local/lib/python3.7/site-packages/airflow/example_dags/example_sla_dag.py
[2023-07-07T12:10:15.250+0000] {processor.py:766} INFO - DAG(s) dict_keys(['example_sla_dag']) retrieved from /home/airflow/.local/lib/python3.7/site-packages/airflow/example_dags/example_sla_dag.py
[2023-07-07T12:10:15.276+0000] {logging_mixin.py:120} INFO - [2023-07-07T12:10:15.276+0000] {dag.py:2585} INFO - Sync 1 DAGs
[2023-07-07T12:10:15.299+0000] {logging_mixin.py:120} INFO - [2023-07-07T12:10:15.299+0000] {dag.py:3340} INFO - Setting next_dagrun for example_sla_dag to 2023-07-07T12:08:00+00:00, run_after=2023-07-07T12:10:00+00:00
[2023-07-07T12:10:15.313+0000] {processor.py:176} INFO - Processing /home/airflow/.local/lib/python3.7/site-packages/airflow/example_dags/example_sla_dag.py took 0.082 seconds
[2023-07-07T12:10:45.494+0000] {processor.py:154} INFO - Started process (PID=1116) to work on /home/airflow/.local/lib/python3.7/site-packages/airflow/example_dags/example_sla_dag.py
[2023-07-07T12:10:45.495+0000] {processor.py:756} INFO - Processing file /home/airflow/.local/lib/python3.7/site-packages/airflow/example_dags/example_sla_dag.py for tasks to queue
[2023-07-07T12:10:45.495+0000] {logging_mixin.py:120} INFO - [2023-07-07T12:10:45.495+0000] {dagbag.py:537} INFO - Filling up the DagBag from /home/airflow/.local/lib/python3.7/site-packages/airflow/example_dags/example_sla_dag.py
[2023-07-07T12:10:45.508+0000] {processor.py:766} INFO - DAG(s) dict_keys(['example_sla_dag']) retrieved from /home/airflow/.local/lib/python3.7/site-packages/airflow/example_dags/example_sla_dag.py
[2023-07-07T12:10:45.535+0000] {logging_mixin.py:120} INFO - [2023-07-07T12:10:45.535+0000] {dag.py:2585} INFO - Sync 1 DAGs
[2023-07-07T12:10:45.555+0000] {logging_mixin.py:120} INFO - [2023-07-07T12:10:45.554+0000] {dag.py:3340} INFO - Setting next_dagrun for example_sla_dag to 2023-07-07T12:08:00+00:00, run_after=2023-07-07T12:10:00+00:00
[2023-07-07T12:10:45.567+0000] {processor.py:176} INFO - Processing /home/airflow/.local/lib/python3.7/site-packages/airflow/example_dags/example_sla_dag.py took 0.075 seconds
[2023-07-07T12:11:15.717+0000] {processor.py:154} INFO - Started process (PID=1181) to work on /home/airflow/.local/lib/python3.7/site-packages/airflow/example_dags/example_sla_dag.py
[2023-07-07T12:11:15.718+0000] {processor.py:756} INFO - Processing file /home/airflow/.local/lib/python3.7/site-packages/airflow/example_dags/example_sla_dag.py for tasks to queue
[2023-07-07T12:11:15.719+0000] {logging_mixin.py:120} INFO - [2023-07-07T12:11:15.719+0000] {dagbag.py:537} INFO - Filling up the DagBag from /home/airflow/.local/lib/python3.7/site-packages/airflow/example_dags/example_sla_dag.py
[2023-07-07T12:11:15.737+0000] {processor.py:766} INFO - DAG(s) dict_keys(['example_sla_dag']) retrieved from /home/airflow/.local/lib/python3.7/site-packages/airflow/example_dags/example_sla_dag.py
[2023-07-07T12:11:15.765+0000] {logging_mixin.py:120} INFO - [2023-07-07T12:11:15.765+0000] {dag.py:2585} INFO - Sync 1 DAGs
[2023-07-07T12:11:15.786+0000] {logging_mixin.py:120} INFO - [2023-07-07T12:11:15.786+0000] {dag.py:3340} INFO - Setting next_dagrun for example_sla_dag to 2023-07-07T12:08:00+00:00, run_after=2023-07-07T12:10:00+00:00
[2023-07-07T12:11:15.799+0000] {processor.py:176} INFO - Processing /home/airflow/.local/lib/python3.7/site-packages/airflow/example_dags/example_sla_dag.py took 0.084 seconds
[2023-07-07T12:11:45.979+0000] {processor.py:154} INFO - Started process (PID=1249) to work on /home/airflow/.local/lib/python3.7/site-packages/airflow/example_dags/example_sla_dag.py
[2023-07-07T12:11:45.980+0000] {processor.py:756} INFO - Processing file /home/airflow/.local/lib/python3.7/site-packages/airflow/example_dags/example_sla_dag.py for tasks to queue
[2023-07-07T12:11:45.981+0000] {logging_mixin.py:120} INFO - [2023-07-07T12:11:45.981+0000] {dagbag.py:537} INFO - Filling up the DagBag from /home/airflow/.local/lib/python3.7/site-packages/airflow/example_dags/example_sla_dag.py
[2023-07-07T12:11:45.998+0000] {processor.py:766} INFO - DAG(s) dict_keys(['example_sla_dag']) retrieved from /home/airflow/.local/lib/python3.7/site-packages/airflow/example_dags/example_sla_dag.py
[2023-07-07T12:11:46.028+0000] {logging_mixin.py:120} INFO - [2023-07-07T12:11:46.028+0000] {dag.py:2585} INFO - Sync 1 DAGs
[2023-07-07T12:11:46.048+0000] {logging_mixin.py:120} INFO - [2023-07-07T12:11:46.048+0000] {dag.py:3340} INFO - Setting next_dagrun for example_sla_dag to 2023-07-07T12:08:00+00:00, run_after=2023-07-07T12:10:00+00:00
[2023-07-07T12:11:46.062+0000] {processor.py:176} INFO - Processing /home/airflow/.local/lib/python3.7/site-packages/airflow/example_dags/example_sla_dag.py took 0.085 seconds
[2023-07-07T12:12:16.181+0000] {processor.py:154} INFO - Started process (PID=1307) to work on /home/airflow/.local/lib/python3.7/site-packages/airflow/example_dags/example_sla_dag.py
[2023-07-07T12:12:16.181+0000] {processor.py:756} INFO - Processing file /home/airflow/.local/lib/python3.7/site-packages/airflow/example_dags/example_sla_dag.py for tasks to queue
[2023-07-07T12:12:16.182+0000] {logging_mixin.py:120} INFO - [2023-07-07T12:12:16.182+0000] {dagbag.py:537} INFO - Filling up the DagBag from /home/airflow/.local/lib/python3.7/site-packages/airflow/example_dags/example_sla_dag.py
[2023-07-07T12:12:16.197+0000] {processor.py:766} INFO - DAG(s) dict_keys(['example_sla_dag']) retrieved from /home/airflow/.local/lib/python3.7/site-packages/airflow/example_dags/example_sla_dag.py
[2023-07-07T12:12:16.222+0000] {logging_mixin.py:120} INFO - [2023-07-07T12:12:16.222+0000] {dag.py:2585} INFO - Sync 1 DAGs
[2023-07-07T12:12:16.241+0000] {logging_mixin.py:120} INFO - [2023-07-07T12:12:16.241+0000] {dag.py:3340} INFO - Setting next_dagrun for example_sla_dag to 2023-07-07T12:10:00+00:00, run_after=2023-07-07T12:12:00+00:00
[2023-07-07T12:12:16.254+0000] {processor.py:176} INFO - Processing /home/airflow/.local/lib/python3.7/site-packages/airflow/example_dags/example_sla_dag.py took 0.075 seconds
[2023-07-07T12:12:46.372+0000] {processor.py:154} INFO - Started process (PID=1374) to work on /home/airflow/.local/lib/python3.7/site-packages/airflow/example_dags/example_sla_dag.py
[2023-07-07T12:12:46.373+0000] {processor.py:756} INFO - Processing file /home/airflow/.local/lib/python3.7/site-packages/airflow/example_dags/example_sla_dag.py for tasks to queue
[2023-07-07T12:12:46.373+0000] {logging_mixin.py:120} INFO - [2023-07-07T12:12:46.373+0000] {dagbag.py:537} INFO - Filling up the DagBag from /home/airflow/.local/lib/python3.7/site-packages/airflow/example_dags/example_sla_dag.py
[2023-07-07T12:12:46.388+0000] {processor.py:766} INFO - DAG(s) dict_keys(['example_sla_dag']) retrieved from /home/airflow/.local/lib/python3.7/site-packages/airflow/example_dags/example_sla_dag.py
[2023-07-07T12:12:46.413+0000] {logging_mixin.py:120} INFO - [2023-07-07T12:12:46.413+0000] {dag.py:2585} INFO - Sync 1 DAGs
[2023-07-07T12:12:46.431+0000] {logging_mixin.py:120} INFO - [2023-07-07T12:12:46.431+0000] {dag.py:3340} INFO - Setting next_dagrun for example_sla_dag to 2023-07-07T12:10:00+00:00, run_after=2023-07-07T12:12:00+00:00
[2023-07-07T12:12:46.443+0000] {processor.py:176} INFO - Processing /home/airflow/.local/lib/python3.7/site-packages/airflow/example_dags/example_sla_dag.py took 0.073 seconds
[2023-07-07T12:13:16.805+0000] {processor.py:154} INFO - Started process (PID=1442) to work on /home/airflow/.local/lib/python3.7/site-packages/airflow/example_dags/example_sla_dag.py
[2023-07-07T12:13:16.806+0000] {processor.py:756} INFO - Processing file /home/airflow/.local/lib/python3.7/site-packages/airflow/example_dags/example_sla_dag.py for tasks to queue
[2023-07-07T12:13:16.806+0000] {logging_mixin.py:120} INFO - [2023-07-07T12:13:16.806+0000] {dagbag.py:537} INFO - Filling up the DagBag from /home/airflow/.local/lib/python3.7/site-packages/airflow/example_dags/example_sla_dag.py
[2023-07-07T12:13:16.823+0000] {processor.py:766} INFO - DAG(s) dict_keys(['example_sla_dag']) retrieved from /home/airflow/.local/lib/python3.7/site-packages/airflow/example_dags/example_sla_dag.py
[2023-07-07T12:13:16.854+0000] {logging_mixin.py:120} INFO - [2023-07-07T12:13:16.854+0000] {dag.py:2585} INFO - Sync 1 DAGs
[2023-07-07T12:13:16.876+0000] {logging_mixin.py:120} INFO - [2023-07-07T12:13:16.876+0000] {dag.py:3340} INFO - Setting next_dagrun for example_sla_dag to 2023-07-07T12:10:00+00:00, run_after=2023-07-07T12:12:00+00:00
[2023-07-07T12:13:16.890+0000] {processor.py:176} INFO - Processing /home/airflow/.local/lib/python3.7/site-packages/airflow/example_dags/example_sla_dag.py took 0.088 seconds
[2023-07-07T12:13:46.960+0000] {processor.py:154} INFO - Started process (PID=1509) to work on /home/airflow/.local/lib/python3.7/site-packages/airflow/example_dags/example_sla_dag.py
[2023-07-07T12:13:46.961+0000] {processor.py:756} INFO - Processing file /home/airflow/.local/lib/python3.7/site-packages/airflow/example_dags/example_sla_dag.py for tasks to queue
[2023-07-07T12:13:46.961+0000] {logging_mixin.py:120} INFO - [2023-07-07T12:13:46.961+0000] {dagbag.py:537} INFO - Filling up the DagBag from /home/airflow/.local/lib/python3.7/site-packages/airflow/example_dags/example_sla_dag.py
[2023-07-07T12:13:46.977+0000] {processor.py:766} INFO - DAG(s) dict_keys(['example_sla_dag']) retrieved from /home/airflow/.local/lib/python3.7/site-packages/airflow/example_dags/example_sla_dag.py
[2023-07-07T12:13:47.006+0000] {logging_mixin.py:120} INFO - [2023-07-07T12:13:47.006+0000] {dag.py:2585} INFO - Sync 1 DAGs
[2023-07-07T12:13:47.027+0000] {logging_mixin.py:120} INFO - [2023-07-07T12:13:47.027+0000] {dag.py:3340} INFO - Setting next_dagrun for example_sla_dag to 2023-07-07T12:10:00+00:00, run_after=2023-07-07T12:12:00+00:00
[2023-07-07T12:13:47.042+0000] {processor.py:176} INFO - Processing /home/airflow/.local/lib/python3.7/site-packages/airflow/example_dags/example_sla_dag.py took 0.084 seconds
[2023-07-07T12:14:18.059+0000] {processor.py:154} INFO - Started process (PID=1567) to work on /home/airflow/.local/lib/python3.7/site-packages/airflow/example_dags/example_sla_dag.py
[2023-07-07T12:14:18.060+0000] {processor.py:756} INFO - Processing file /home/airflow/.local/lib/python3.7/site-packages/airflow/example_dags/example_sla_dag.py for tasks to queue
[2023-07-07T12:14:18.061+0000] {logging_mixin.py:120} INFO - [2023-07-07T12:14:18.061+0000] {dagbag.py:537} INFO - Filling up the DagBag from /home/airflow/.local/lib/python3.7/site-packages/airflow/example_dags/example_sla_dag.py
[2023-07-07T12:14:18.076+0000] {processor.py:766} INFO - DAG(s) dict_keys(['example_sla_dag']) retrieved from /home/airflow/.local/lib/python3.7/site-packages/airflow/example_dags/example_sla_dag.py
[2023-07-07T12:14:18.101+0000] {logging_mixin.py:120} INFO - [2023-07-07T12:14:18.101+0000] {dag.py:2585} INFO - Sync 1 DAGs
[2023-07-07T12:14:18.121+0000] {logging_mixin.py:120} INFO - [2023-07-07T12:14:18.121+0000] {dag.py:3340} INFO - Setting next_dagrun for example_sla_dag to 2023-07-07T12:12:00+00:00, run_after=2023-07-07T12:14:00+00:00
[2023-07-07T12:14:18.134+0000] {processor.py:176} INFO - Processing /home/airflow/.local/lib/python3.7/site-packages/airflow/example_dags/example_sla_dag.py took 0.076 seconds
[2023-07-07T12:14:48.202+0000] {processor.py:154} INFO - Started process (PID=1634) to work on /home/airflow/.local/lib/python3.7/site-packages/airflow/example_dags/example_sla_dag.py
[2023-07-07T12:14:48.203+0000] {processor.py:756} INFO - Processing file /home/airflow/.local/lib/python3.7/site-packages/airflow/example_dags/example_sla_dag.py for tasks to queue
[2023-07-07T12:14:48.203+0000] {logging_mixin.py:120} INFO - [2023-07-07T12:14:48.203+0000] {dagbag.py:537} INFO - Filling up the DagBag from /home/airflow/.local/lib/python3.7/site-packages/airflow/example_dags/example_sla_dag.py
[2023-07-07T12:14:48.219+0000] {processor.py:766} INFO - DAG(s) dict_keys(['example_sla_dag']) retrieved from /home/airflow/.local/lib/python3.7/site-packages/airflow/example_dags/example_sla_dag.py
[2023-07-07T12:14:48.243+0000] {logging_mixin.py:120} INFO - [2023-07-07T12:14:48.243+0000] {dag.py:2585} INFO - Sync 1 DAGs
[2023-07-07T12:14:48.263+0000] {logging_mixin.py:120} INFO - [2023-07-07T12:14:48.263+0000] {dag.py:3340} INFO - Setting next_dagrun for example_sla_dag to 2023-07-07T12:12:00+00:00, run_after=2023-07-07T12:14:00+00:00
[2023-07-07T12:14:48.276+0000] {processor.py:176} INFO - Processing /home/airflow/.local/lib/python3.7/site-packages/airflow/example_dags/example_sla_dag.py took 0.076 seconds
[2023-07-07T12:15:18.498+0000] {processor.py:154} INFO - Started process (PID=1701) to work on /home/airflow/.local/lib/python3.7/site-packages/airflow/example_dags/example_sla_dag.py
[2023-07-07T12:15:18.498+0000] {processor.py:756} INFO - Processing file /home/airflow/.local/lib/python3.7/site-packages/airflow/example_dags/example_sla_dag.py for tasks to queue
[2023-07-07T12:15:18.499+0000] {logging_mixin.py:120} INFO - [2023-07-07T12:15:18.498+0000] {dagbag.py:537} INFO - Filling up the DagBag from /home/airflow/.local/lib/python3.7/site-packages/airflow/example_dags/example_sla_dag.py
[2023-07-07T12:15:18.516+0000] {processor.py:766} INFO - DAG(s) dict_keys(['example_sla_dag']) retrieved from /home/airflow/.local/lib/python3.7/site-packages/airflow/example_dags/example_sla_dag.py
[2023-07-07T12:15:18.543+0000] {logging_mixin.py:120} INFO - [2023-07-07T12:15:18.543+0000] {dag.py:2585} INFO - Sync 1 DAGs
[2023-07-07T12:15:18.564+0000] {logging_mixin.py:120} INFO - [2023-07-07T12:15:18.563+0000] {dag.py:3340} INFO - Setting next_dagrun for example_sla_dag to 2023-07-07T12:12:00+00:00, run_after=2023-07-07T12:14:00+00:00
[2023-07-07T12:15:18.578+0000] {processor.py:176} INFO - Processing /home/airflow/.local/lib/python3.7/site-packages/airflow/example_dags/example_sla_dag.py took 0.083 seconds
[2023-07-07T12:15:49.516+0000] {processor.py:154} INFO - Started process (PID=1768) to work on /home/airflow/.local/lib/python3.7/site-packages/airflow/example_dags/example_sla_dag.py
[2023-07-07T12:15:49.517+0000] {processor.py:756} INFO - Processing file /home/airflow/.local/lib/python3.7/site-packages/airflow/example_dags/example_sla_dag.py for tasks to queue
[2023-07-07T12:15:49.518+0000] {logging_mixin.py:120} INFO - [2023-07-07T12:15:49.517+0000] {dagbag.py:537} INFO - Filling up the DagBag from /home/airflow/.local/lib/python3.7/site-packages/airflow/example_dags/example_sla_dag.py
[2023-07-07T12:15:49.531+0000] {processor.py:766} INFO - DAG(s) dict_keys(['example_sla_dag']) retrieved from /home/airflow/.local/lib/python3.7/site-packages/airflow/example_dags/example_sla_dag.py
[2023-07-07T12:15:49.560+0000] {logging_mixin.py:120} INFO - [2023-07-07T12:15:49.560+0000] {dag.py:2585} INFO - Sync 1 DAGs
[2023-07-07T12:15:49.578+0000] {logging_mixin.py:120} INFO - [2023-07-07T12:15:49.577+0000] {dag.py:3340} INFO - Setting next_dagrun for example_sla_dag to 2023-07-07T12:12:00+00:00, run_after=2023-07-07T12:14:00+00:00
[2023-07-07T12:15:49.590+0000] {processor.py:176} INFO - Processing /home/airflow/.local/lib/python3.7/site-packages/airflow/example_dags/example_sla_dag.py took 0.076 seconds
[2023-07-07T12:16:19.787+0000] {processor.py:154} INFO - Started process (PID=1837) to work on /home/airflow/.local/lib/python3.7/site-packages/airflow/example_dags/example_sla_dag.py
[2023-07-07T12:16:19.787+0000] {processor.py:756} INFO - Processing file /home/airflow/.local/lib/python3.7/site-packages/airflow/example_dags/example_sla_dag.py for tasks to queue
[2023-07-07T12:16:19.788+0000] {logging_mixin.py:120} INFO - [2023-07-07T12:16:19.788+0000] {dagbag.py:537} INFO - Filling up the DagBag from /home/airflow/.local/lib/python3.7/site-packages/airflow/example_dags/example_sla_dag.py
[2023-07-07T12:16:19.802+0000] {processor.py:766} INFO - DAG(s) dict_keys(['example_sla_dag']) retrieved from /home/airflow/.local/lib/python3.7/site-packages/airflow/example_dags/example_sla_dag.py
[2023-07-07T12:16:19.826+0000] {logging_mixin.py:120} INFO - [2023-07-07T12:16:19.826+0000] {dag.py:2585} INFO - Sync 1 DAGs
[2023-07-07T12:16:19.845+0000] {logging_mixin.py:120} INFO - [2023-07-07T12:16:19.845+0000] {dag.py:3340} INFO - Setting next_dagrun for example_sla_dag to 2023-07-07T12:14:00+00:00, run_after=2023-07-07T12:16:00+00:00
[2023-07-07T12:16:19.856+0000] {processor.py:176} INFO - Processing /home/airflow/.local/lib/python3.7/site-packages/airflow/example_dags/example_sla_dag.py took 0.071 seconds
[2023-07-07T12:16:50.191+0000] {processor.py:154} INFO - Started process (PID=1895) to work on /home/airflow/.local/lib/python3.7/site-packages/airflow/example_dags/example_sla_dag.py
[2023-07-07T12:16:50.192+0000] {processor.py:756} INFO - Processing file /home/airflow/.local/lib/python3.7/site-packages/airflow/example_dags/example_sla_dag.py for tasks to queue
[2023-07-07T12:16:50.192+0000] {logging_mixin.py:120} INFO - [2023-07-07T12:16:50.192+0000] {dagbag.py:537} INFO - Filling up the DagBag from /home/airflow/.local/lib/python3.7/site-packages/airflow/example_dags/example_sla_dag.py
[2023-07-07T12:16:50.206+0000] {processor.py:766} INFO - DAG(s) dict_keys(['example_sla_dag']) retrieved from /home/airflow/.local/lib/python3.7/site-packages/airflow/example_dags/example_sla_dag.py
[2023-07-07T12:16:50.232+0000] {logging_mixin.py:120} INFO - [2023-07-07T12:16:50.232+0000] {dag.py:2585} INFO - Sync 1 DAGs
[2023-07-07T12:16:50.252+0000] {logging_mixin.py:120} INFO - [2023-07-07T12:16:50.251+0000] {dag.py:3340} INFO - Setting next_dagrun for example_sla_dag to 2023-07-07T12:14:00+00:00, run_after=2023-07-07T12:16:00+00:00
[2023-07-07T12:16:50.263+0000] {processor.py:176} INFO - Processing /home/airflow/.local/lib/python3.7/site-packages/airflow/example_dags/example_sla_dag.py took 0.074 seconds
[2023-07-07T12:17:20.470+0000] {processor.py:154} INFO - Started process (PID=1961) to work on /home/airflow/.local/lib/python3.7/site-packages/airflow/example_dags/example_sla_dag.py
[2023-07-07T12:17:20.471+0000] {processor.py:756} INFO - Processing file /home/airflow/.local/lib/python3.7/site-packages/airflow/example_dags/example_sla_dag.py for tasks to queue
[2023-07-07T12:17:20.472+0000] {logging_mixin.py:120} INFO - [2023-07-07T12:17:20.472+0000] {dagbag.py:537} INFO - Filling up the DagBag from /home/airflow/.local/lib/python3.7/site-packages/airflow/example_dags/example_sla_dag.py
[2023-07-07T12:17:20.487+0000] {processor.py:766} INFO - DAG(s) dict_keys(['example_sla_dag']) retrieved from /home/airflow/.local/lib/python3.7/site-packages/airflow/example_dags/example_sla_dag.py
[2023-07-07T12:17:20.513+0000] {logging_mixin.py:120} INFO - [2023-07-07T12:17:20.513+0000] {dag.py:2585} INFO - Sync 1 DAGs
[2023-07-07T12:17:20.532+0000] {logging_mixin.py:120} INFO - [2023-07-07T12:17:20.532+0000] {dag.py:3340} INFO - Setting next_dagrun for example_sla_dag to 2023-07-07T12:14:00+00:00, run_after=2023-07-07T12:16:00+00:00
[2023-07-07T12:17:20.545+0000] {processor.py:176} INFO - Processing /home/airflow/.local/lib/python3.7/site-packages/airflow/example_dags/example_sla_dag.py took 0.078 seconds
[2023-07-07T12:17:50.656+0000] {processor.py:154} INFO - Started process (PID=2028) to work on /home/airflow/.local/lib/python3.7/site-packages/airflow/example_dags/example_sla_dag.py
[2023-07-07T12:17:50.657+0000] {processor.py:756} INFO - Processing file /home/airflow/.local/lib/python3.7/site-packages/airflow/example_dags/example_sla_dag.py for tasks to queue
[2023-07-07T12:17:50.658+0000] {logging_mixin.py:120} INFO - [2023-07-07T12:17:50.657+0000] {dagbag.py:537} INFO - Filling up the DagBag from /home/airflow/.local/lib/python3.7/site-packages/airflow/example_dags/example_sla_dag.py
[2023-07-07T12:17:50.674+0000] {processor.py:766} INFO - DAG(s) dict_keys(['example_sla_dag']) retrieved from /home/airflow/.local/lib/python3.7/site-packages/airflow/example_dags/example_sla_dag.py
[2023-07-07T12:17:50.710+0000] {logging_mixin.py:120} INFO - [2023-07-07T12:17:50.709+0000] {dag.py:2585} INFO - Sync 1 DAGs
[2023-07-07T12:17:50.731+0000] {logging_mixin.py:120} INFO - [2023-07-07T12:17:50.731+0000] {dag.py:3340} INFO - Setting next_dagrun for example_sla_dag to 2023-07-07T12:14:00+00:00, run_after=2023-07-07T12:16:00+00:00
[2023-07-07T12:17:50.745+0000] {processor.py:176} INFO - Processing /home/airflow/.local/lib/python3.7/site-packages/airflow/example_dags/example_sla_dag.py took 0.092 seconds
[2023-07-07T12:18:20.908+0000] {processor.py:154} INFO - Started process (PID=2096) to work on /home/airflow/.local/lib/python3.7/site-packages/airflow/example_dags/example_sla_dag.py
[2023-07-07T12:18:20.909+0000] {processor.py:756} INFO - Processing file /home/airflow/.local/lib/python3.7/site-packages/airflow/example_dags/example_sla_dag.py for tasks to queue
[2023-07-07T12:18:20.909+0000] {logging_mixin.py:120} INFO - [2023-07-07T12:18:20.909+0000] {dagbag.py:537} INFO - Filling up the DagBag from /home/airflow/.local/lib/python3.7/site-packages/airflow/example_dags/example_sla_dag.py
[2023-07-07T12:18:20.922+0000] {processor.py:766} INFO - DAG(s) dict_keys(['example_sla_dag']) retrieved from /home/airflow/.local/lib/python3.7/site-packages/airflow/example_dags/example_sla_dag.py
[2023-07-07T12:18:20.946+0000] {logging_mixin.py:120} INFO - [2023-07-07T12:18:20.946+0000] {dag.py:2585} INFO - Sync 1 DAGs
[2023-07-07T12:18:20.963+0000] {logging_mixin.py:120} INFO - [2023-07-07T12:18:20.963+0000] {dag.py:3340} INFO - Setting next_dagrun for example_sla_dag to 2023-07-07T12:16:00+00:00, run_after=2023-07-07T12:18:00+00:00
[2023-07-07T12:18:20.974+0000] {processor.py:176} INFO - Processing /home/airflow/.local/lib/python3.7/site-packages/airflow/example_dags/example_sla_dag.py took 0.068 seconds
[2023-07-07T12:18:51.255+0000] {processor.py:154} INFO - Started process (PID=2163) to work on /home/airflow/.local/lib/python3.7/site-packages/airflow/example_dags/example_sla_dag.py
[2023-07-07T12:18:51.256+0000] {processor.py:756} INFO - Processing file /home/airflow/.local/lib/python3.7/site-packages/airflow/example_dags/example_sla_dag.py for tasks to queue
[2023-07-07T12:18:51.256+0000] {logging_mixin.py:120} INFO - [2023-07-07T12:18:51.256+0000] {dagbag.py:537} INFO - Filling up the DagBag from /home/airflow/.local/lib/python3.7/site-packages/airflow/example_dags/example_sla_dag.py
[2023-07-07T12:18:51.270+0000] {processor.py:766} INFO - DAG(s) dict_keys(['example_sla_dag']) retrieved from /home/airflow/.local/lib/python3.7/site-packages/airflow/example_dags/example_sla_dag.py
[2023-07-07T12:18:51.296+0000] {logging_mixin.py:120} INFO - [2023-07-07T12:18:51.296+0000] {dag.py:2585} INFO - Sync 1 DAGs
[2023-07-07T12:18:51.315+0000] {logging_mixin.py:120} INFO - [2023-07-07T12:18:51.315+0000] {dag.py:3340} INFO - Setting next_dagrun for example_sla_dag to 2023-07-07T12:16:00+00:00, run_after=2023-07-07T12:18:00+00:00
[2023-07-07T12:18:51.327+0000] {processor.py:176} INFO - Processing /home/airflow/.local/lib/python3.7/site-packages/airflow/example_dags/example_sla_dag.py took 0.074 seconds
[2023-07-07T12:19:21.519+0000] {processor.py:154} INFO - Started process (PID=2221) to work on /home/airflow/.local/lib/python3.7/site-packages/airflow/example_dags/example_sla_dag.py
[2023-07-07T12:19:21.520+0000] {processor.py:756} INFO - Processing file /home/airflow/.local/lib/python3.7/site-packages/airflow/example_dags/example_sla_dag.py for tasks to queue
[2023-07-07T12:19:21.520+0000] {logging_mixin.py:120} INFO - [2023-07-07T12:19:21.520+0000] {dagbag.py:537} INFO - Filling up the DagBag from /home/airflow/.local/lib/python3.7/site-packages/airflow/example_dags/example_sla_dag.py
[2023-07-07T12:19:21.533+0000] {processor.py:766} INFO - DAG(s) dict_keys(['example_sla_dag']) retrieved from /home/airflow/.local/lib/python3.7/site-packages/airflow/example_dags/example_sla_dag.py
[2023-07-07T12:19:21.558+0000] {logging_mixin.py:120} INFO - [2023-07-07T12:19:21.558+0000] {dag.py:2585} INFO - Sync 1 DAGs
[2023-07-07T12:19:21.576+0000] {logging_mixin.py:120} INFO - [2023-07-07T12:19:21.576+0000] {dag.py:3340} INFO - Setting next_dagrun for example_sla_dag to 2023-07-07T12:16:00+00:00, run_after=2023-07-07T12:18:00+00:00
[2023-07-07T12:19:21.587+0000] {processor.py:176} INFO - Processing /home/airflow/.local/lib/python3.7/site-packages/airflow/example_dags/example_sla_dag.py took 0.069 seconds
[2023-07-07T12:19:51.763+0000] {processor.py:154} INFO - Started process (PID=2289) to work on /home/airflow/.local/lib/python3.7/site-packages/airflow/example_dags/example_sla_dag.py
[2023-07-07T12:19:51.764+0000] {processor.py:756} INFO - Processing file /home/airflow/.local/lib/python3.7/site-packages/airflow/example_dags/example_sla_dag.py for tasks to queue
[2023-07-07T12:19:51.764+0000] {logging_mixin.py:120} INFO - [2023-07-07T12:19:51.764+0000] {dagbag.py:537} INFO - Filling up the DagBag from /home/airflow/.local/lib/python3.7/site-packages/airflow/example_dags/example_sla_dag.py
[2023-07-07T12:19:51.777+0000] {processor.py:766} INFO - DAG(s) dict_keys(['example_sla_dag']) retrieved from /home/airflow/.local/lib/python3.7/site-packages/airflow/example_dags/example_sla_dag.py
[2023-07-07T12:19:51.802+0000] {logging_mixin.py:120} INFO - [2023-07-07T12:19:51.802+0000] {dag.py:2585} INFO - Sync 1 DAGs
[2023-07-07T12:19:51.820+0000] {logging_mixin.py:120} INFO - [2023-07-07T12:19:51.820+0000] {dag.py:3340} INFO - Setting next_dagrun for example_sla_dag to 2023-07-07T12:16:00+00:00, run_after=2023-07-07T12:18:00+00:00
[2023-07-07T12:19:51.834+0000] {processor.py:176} INFO - Processing /home/airflow/.local/lib/python3.7/site-packages/airflow/example_dags/example_sla_dag.py took 0.072 seconds
[2023-07-07T12:20:21.933+0000] {processor.py:154} INFO - Started process (PID=2356) to work on /home/airflow/.local/lib/python3.7/site-packages/airflow/example_dags/example_sla_dag.py
[2023-07-07T12:20:21.934+0000] {processor.py:756} INFO - Processing file /home/airflow/.local/lib/python3.7/site-packages/airflow/example_dags/example_sla_dag.py for tasks to queue
[2023-07-07T12:20:21.934+0000] {logging_mixin.py:120} INFO - [2023-07-07T12:20:21.934+0000] {dagbag.py:537} INFO - Filling up the DagBag from /home/airflow/.local/lib/python3.7/site-packages/airflow/example_dags/example_sla_dag.py
[2023-07-07T12:20:21.948+0000] {processor.py:766} INFO - DAG(s) dict_keys(['example_sla_dag']) retrieved from /home/airflow/.local/lib/python3.7/site-packages/airflow/example_dags/example_sla_dag.py
[2023-07-07T12:20:21.971+0000] {logging_mixin.py:120} INFO - [2023-07-07T12:20:21.971+0000] {dag.py:2585} INFO - Sync 1 DAGs
[2023-07-07T12:20:21.989+0000] {logging_mixin.py:120} INFO - [2023-07-07T12:20:21.989+0000] {dag.py:3340} INFO - Setting next_dagrun for example_sla_dag to 2023-07-07T12:18:00+00:00, run_after=2023-07-07T12:20:00+00:00
[2023-07-07T12:20:22.001+0000] {processor.py:176} INFO - Processing /home/airflow/.local/lib/python3.7/site-packages/airflow/example_dags/example_sla_dag.py took 0.069 seconds
[2023-07-07T12:20:52.203+0000] {processor.py:154} INFO - Started process (PID=2423) to work on /home/airflow/.local/lib/python3.7/site-packages/airflow/example_dags/example_sla_dag.py
[2023-07-07T12:20:52.204+0000] {processor.py:756} INFO - Processing file /home/airflow/.local/lib/python3.7/site-packages/airflow/example_dags/example_sla_dag.py for tasks to queue
[2023-07-07T12:20:52.204+0000] {logging_mixin.py:120} INFO - [2023-07-07T12:20:52.204+0000] {dagbag.py:537} INFO - Filling up the DagBag from /home/airflow/.local/lib/python3.7/site-packages/airflow/example_dags/example_sla_dag.py
[2023-07-07T12:20:52.217+0000] {processor.py:766} INFO - DAG(s) dict_keys(['example_sla_dag']) retrieved from /home/airflow/.local/lib/python3.7/site-packages/airflow/example_dags/example_sla_dag.py
[2023-07-07T12:20:52.243+0000] {logging_mixin.py:120} INFO - [2023-07-07T12:20:52.243+0000] {dag.py:2585} INFO - Sync 1 DAGs
[2023-07-07T12:20:52.261+0000] {logging_mixin.py:120} INFO - [2023-07-07T12:20:52.261+0000] {dag.py:3340} INFO - Setting next_dagrun for example_sla_dag to 2023-07-07T12:18:00+00:00, run_after=2023-07-07T12:20:00+00:00
[2023-07-07T12:20:52.274+0000] {processor.py:176} INFO - Processing /home/airflow/.local/lib/python3.7/site-packages/airflow/example_dags/example_sla_dag.py took 0.072 seconds
[2023-07-07T12:21:22.531+0000] {processor.py:154} INFO - Started process (PID=2488) to work on /home/airflow/.local/lib/python3.7/site-packages/airflow/example_dags/example_sla_dag.py
[2023-07-07T12:21:22.532+0000] {processor.py:756} INFO - Processing file /home/airflow/.local/lib/python3.7/site-packages/airflow/example_dags/example_sla_dag.py for tasks to queue
[2023-07-07T12:21:22.533+0000] {logging_mixin.py:120} INFO - [2023-07-07T12:21:22.533+0000] {dagbag.py:537} INFO - Filling up the DagBag from /home/airflow/.local/lib/python3.7/site-packages/airflow/example_dags/example_sla_dag.py
[2023-07-07T12:21:22.551+0000] {processor.py:766} INFO - DAG(s) dict_keys(['example_sla_dag']) retrieved from /home/airflow/.local/lib/python3.7/site-packages/airflow/example_dags/example_sla_dag.py
[2023-07-07T12:21:22.588+0000] {logging_mixin.py:120} INFO - [2023-07-07T12:21:22.588+0000] {dag.py:2585} INFO - Sync 1 DAGs
[2023-07-07T12:21:22.610+0000] {logging_mixin.py:120} INFO - [2023-07-07T12:21:22.610+0000] {dag.py:3340} INFO - Setting next_dagrun for example_sla_dag to 2023-07-07T12:18:00+00:00, run_after=2023-07-07T12:20:00+00:00
[2023-07-07T12:21:22.623+0000] {processor.py:176} INFO - Processing /home/airflow/.local/lib/python3.7/site-packages/airflow/example_dags/example_sla_dag.py took 0.094 seconds
[2023-07-07T12:22:01.178+0000] {processor.py:154} INFO - Started process (PID=78) to work on /home/airflow/.local/lib/python3.7/site-packages/airflow/example_dags/example_sla_dag.py
[2023-07-07T12:22:01.179+0000] {processor.py:756} INFO - Processing file /home/airflow/.local/lib/python3.7/site-packages/airflow/example_dags/example_sla_dag.py for tasks to queue
[2023-07-07T12:22:01.180+0000] {logging_mixin.py:120} INFO - [2023-07-07T12:22:01.180+0000] {dagbag.py:537} INFO - Filling up the DagBag from /home/airflow/.local/lib/python3.7/site-packages/airflow/example_dags/example_sla_dag.py
[2023-07-07T12:22:01.208+0000] {processor.py:766} INFO - DAG(s) dict_keys(['example_sla_dag']) retrieved from /home/airflow/.local/lib/python3.7/site-packages/airflow/example_dags/example_sla_dag.py
[2023-07-07T12:22:01.230+0000] {logging_mixin.py:120} INFO - [2023-07-07T12:22:01.230+0000] {dag.py:2585} INFO - Sync 1 DAGs
[2023-07-07T12:22:01.258+0000] {logging_mixin.py:120} INFO - [2023-07-07T12:22:01.258+0000] {dag.py:3340} INFO - Setting next_dagrun for example_sla_dag to 2023-07-07T12:20:00+00:00, run_after=2023-07-07T12:22:00+00:00
[2023-07-07T12:22:01.274+0000] {processor.py:176} INFO - Processing /home/airflow/.local/lib/python3.7/site-packages/airflow/example_dags/example_sla_dag.py took 0.099 seconds
[2023-07-07T12:22:31.469+0000] {processor.py:154} INFO - Started process (PID=136) to work on /home/airflow/.local/lib/python3.7/site-packages/airflow/example_dags/example_sla_dag.py
[2023-07-07T12:22:31.470+0000] {processor.py:756} INFO - Processing file /home/airflow/.local/lib/python3.7/site-packages/airflow/example_dags/example_sla_dag.py for tasks to queue
[2023-07-07T12:22:31.470+0000] {logging_mixin.py:120} INFO - [2023-07-07T12:22:31.470+0000] {dagbag.py:537} INFO - Filling up the DagBag from /home/airflow/.local/lib/python3.7/site-packages/airflow/example_dags/example_sla_dag.py
[2023-07-07T12:22:31.486+0000] {processor.py:766} INFO - DAG(s) dict_keys(['example_sla_dag']) retrieved from /home/airflow/.local/lib/python3.7/site-packages/airflow/example_dags/example_sla_dag.py
[2023-07-07T12:22:31.510+0000] {logging_mixin.py:120} INFO - [2023-07-07T12:22:31.510+0000] {dag.py:2585} INFO - Sync 1 DAGs
[2023-07-07T12:22:31.526+0000] {logging_mixin.py:120} INFO - [2023-07-07T12:22:31.526+0000] {dag.py:3340} INFO - Setting next_dagrun for example_sla_dag to 2023-07-07T12:20:00+00:00, run_after=2023-07-07T12:22:00+00:00
[2023-07-07T12:22:31.537+0000] {processor.py:176} INFO - Processing /home/airflow/.local/lib/python3.7/site-packages/airflow/example_dags/example_sla_dag.py took 0.070 seconds
[2023-07-07T12:23:02.821+0000] {processor.py:154} INFO - Started process (PID=203) to work on /home/airflow/.local/lib/python3.7/site-packages/airflow/example_dags/example_sla_dag.py
[2023-07-07T12:23:02.821+0000] {processor.py:756} INFO - Processing file /home/airflow/.local/lib/python3.7/site-packages/airflow/example_dags/example_sla_dag.py for tasks to queue
[2023-07-07T12:23:02.822+0000] {logging_mixin.py:120} INFO - [2023-07-07T12:23:02.821+0000] {dagbag.py:537} INFO - Filling up the DagBag from /home/airflow/.local/lib/python3.7/site-packages/airflow/example_dags/example_sla_dag.py
[2023-07-07T12:23:02.834+0000] {processor.py:766} INFO - DAG(s) dict_keys(['example_sla_dag']) retrieved from /home/airflow/.local/lib/python3.7/site-packages/airflow/example_dags/example_sla_dag.py
[2023-07-07T12:23:02.856+0000] {logging_mixin.py:120} INFO - [2023-07-07T12:23:02.856+0000] {dag.py:2585} INFO - Sync 1 DAGs
[2023-07-07T12:23:02.872+0000] {logging_mixin.py:120} INFO - [2023-07-07T12:23:02.872+0000] {dag.py:3340} INFO - Setting next_dagrun for example_sla_dag to 2023-07-07T12:20:00+00:00, run_after=2023-07-07T12:22:00+00:00
[2023-07-07T12:23:02.882+0000] {processor.py:176} INFO - Processing /home/airflow/.local/lib/python3.7/site-packages/airflow/example_dags/example_sla_dag.py took 0.063 seconds
[2023-07-07T12:23:33.159+0000] {processor.py:154} INFO - Started process (PID=269) to work on /home/airflow/.local/lib/python3.7/site-packages/airflow/example_dags/example_sla_dag.py
[2023-07-07T12:23:33.160+0000] {processor.py:756} INFO - Processing file /home/airflow/.local/lib/python3.7/site-packages/airflow/example_dags/example_sla_dag.py for tasks to queue
[2023-07-07T12:23:33.160+0000] {logging_mixin.py:120} INFO - [2023-07-07T12:23:33.160+0000] {dagbag.py:537} INFO - Filling up the DagBag from /home/airflow/.local/lib/python3.7/site-packages/airflow/example_dags/example_sla_dag.py
[2023-07-07T12:23:33.175+0000] {processor.py:766} INFO - DAG(s) dict_keys(['example_sla_dag']) retrieved from /home/airflow/.local/lib/python3.7/site-packages/airflow/example_dags/example_sla_dag.py
[2023-07-07T12:23:33.201+0000] {logging_mixin.py:120} INFO - [2023-07-07T12:23:33.201+0000] {dag.py:2585} INFO - Sync 1 DAGs
[2023-07-07T12:23:33.220+0000] {logging_mixin.py:120} INFO - [2023-07-07T12:23:33.220+0000] {dag.py:3340} INFO - Setting next_dagrun for example_sla_dag to 2023-07-07T12:20:00+00:00, run_after=2023-07-07T12:22:00+00:00
[2023-07-07T12:23:33.233+0000] {processor.py:176} INFO - Processing /home/airflow/.local/lib/python3.7/site-packages/airflow/example_dags/example_sla_dag.py took 0.076 seconds
[2023-07-07T12:24:03.688+0000] {processor.py:154} INFO - Started process (PID=336) to work on /home/airflow/.local/lib/python3.7/site-packages/airflow/example_dags/example_sla_dag.py
[2023-07-07T12:24:03.688+0000] {processor.py:756} INFO - Processing file /home/airflow/.local/lib/python3.7/site-packages/airflow/example_dags/example_sla_dag.py for tasks to queue
[2023-07-07T12:24:03.689+0000] {logging_mixin.py:120} INFO - [2023-07-07T12:24:03.689+0000] {dagbag.py:537} INFO - Filling up the DagBag from /home/airflow/.local/lib/python3.7/site-packages/airflow/example_dags/example_sla_dag.py
[2023-07-07T12:24:03.703+0000] {processor.py:766} INFO - DAG(s) dict_keys(['example_sla_dag']) retrieved from /home/airflow/.local/lib/python3.7/site-packages/airflow/example_dags/example_sla_dag.py
[2023-07-07T12:24:03.730+0000] {logging_mixin.py:120} INFO - [2023-07-07T12:24:03.730+0000] {dag.py:2585} INFO - Sync 1 DAGs
[2023-07-07T12:24:03.749+0000] {logging_mixin.py:120} INFO - [2023-07-07T12:24:03.749+0000] {dag.py:3340} INFO - Setting next_dagrun for example_sla_dag to 2023-07-07T12:22:00+00:00, run_after=2023-07-07T12:24:00+00:00
[2023-07-07T12:24:03.763+0000] {processor.py:176} INFO - Processing /home/airflow/.local/lib/python3.7/site-packages/airflow/example_dags/example_sla_dag.py took 0.077 seconds
[2023-07-07T12:24:34.219+0000] {processor.py:154} INFO - Started process (PID=403) to work on /home/airflow/.local/lib/python3.7/site-packages/airflow/example_dags/example_sla_dag.py
[2023-07-07T12:24:34.220+0000] {processor.py:756} INFO - Processing file /home/airflow/.local/lib/python3.7/site-packages/airflow/example_dags/example_sla_dag.py for tasks to queue
[2023-07-07T12:24:34.220+0000] {logging_mixin.py:120} INFO - [2023-07-07T12:24:34.220+0000] {dagbag.py:537} INFO - Filling up the DagBag from /home/airflow/.local/lib/python3.7/site-packages/airflow/example_dags/example_sla_dag.py
[2023-07-07T12:24:34.234+0000] {processor.py:766} INFO - DAG(s) dict_keys(['example_sla_dag']) retrieved from /home/airflow/.local/lib/python3.7/site-packages/airflow/example_dags/example_sla_dag.py
[2023-07-07T12:24:34.258+0000] {logging_mixin.py:120} INFO - [2023-07-07T12:24:34.258+0000] {dag.py:2585} INFO - Sync 1 DAGs
[2023-07-07T12:24:34.277+0000] {logging_mixin.py:120} INFO - [2023-07-07T12:24:34.277+0000] {dag.py:3340} INFO - Setting next_dagrun for example_sla_dag to 2023-07-07T12:22:00+00:00, run_after=2023-07-07T12:24:00+00:00
[2023-07-07T12:24:34.288+0000] {processor.py:176} INFO - Processing /home/airflow/.local/lib/python3.7/site-packages/airflow/example_dags/example_sla_dag.py took 0.070 seconds
[2023-07-07T12:25:05.236+0000] {processor.py:154} INFO - Started process (PID=460) to work on /home/airflow/.local/lib/python3.7/site-packages/airflow/example_dags/example_sla_dag.py
[2023-07-07T12:25:05.237+0000] {processor.py:756} INFO - Processing file /home/airflow/.local/lib/python3.7/site-packages/airflow/example_dags/example_sla_dag.py for tasks to queue
[2023-07-07T12:25:05.237+0000] {logging_mixin.py:120} INFO - [2023-07-07T12:25:05.237+0000] {dagbag.py:537} INFO - Filling up the DagBag from /home/airflow/.local/lib/python3.7/site-packages/airflow/example_dags/example_sla_dag.py
[2023-07-07T12:25:05.250+0000] {processor.py:766} INFO - DAG(s) dict_keys(['example_sla_dag']) retrieved from /home/airflow/.local/lib/python3.7/site-packages/airflow/example_dags/example_sla_dag.py
[2023-07-07T12:25:05.274+0000] {logging_mixin.py:120} INFO - [2023-07-07T12:25:05.274+0000] {dag.py:2585} INFO - Sync 1 DAGs
[2023-07-07T12:25:05.291+0000] {logging_mixin.py:120} INFO - [2023-07-07T12:25:05.291+0000] {dag.py:3340} INFO - Setting next_dagrun for example_sla_dag to 2023-07-07T12:22:00+00:00, run_after=2023-07-07T12:24:00+00:00
[2023-07-07T12:25:05.302+0000] {processor.py:176} INFO - Processing /home/airflow/.local/lib/python3.7/site-packages/airflow/example_dags/example_sla_dag.py took 0.068 seconds
