[2023-07-07T12:00:25.792+0000] {processor.py:154} INFO - Started process (PID=64) to work on /home/airflow/.local/lib/python3.7/site-packages/airflow/example_dags/example_external_task_marker_dag.py
[2023-07-07T12:00:25.792+0000] {processor.py:756} INFO - Processing file /home/airflow/.local/lib/python3.7/site-packages/airflow/example_dags/example_external_task_marker_dag.py for tasks to queue
[2023-07-07T12:00:25.793+0000] {logging_mixin.py:120} INFO - [2023-07-07T12:00:25.793+0000] {dagbag.py:537} INFO - Filling up the DagBag from /home/airflow/.local/lib/python3.7/site-packages/airflow/example_dags/example_external_task_marker_dag.py
[2023-07-07T12:00:25.809+0000] {processor.py:766} INFO - DAG(s) dict_keys(['example_external_task_marker_child', 'example_external_task_marker_parent']) retrieved from /home/airflow/.local/lib/python3.7/site-packages/airflow/example_dags/example_external_task_marker_dag.py
[2023-07-07T12:00:25.998+0000] {logging_mixin.py:120} INFO - [2023-07-07T12:00:25.998+0000] {dag.py:2585} INFO - Sync 2 DAGs
[2023-07-07T12:00:26.026+0000] {logging_mixin.py:120} INFO - [2023-07-07T12:00:26.025+0000] {dag.py:3340} INFO - Setting next_dagrun for example_external_task_marker_child to None, run_after=None
[2023-07-07T12:00:26.029+0000] {logging_mixin.py:120} INFO - [2023-07-07T12:00:26.029+0000] {dag.py:3340} INFO - Setting next_dagrun for example_external_task_marker_parent to None, run_after=None
[2023-07-07T12:00:26.045+0000] {processor.py:176} INFO - Processing /home/airflow/.local/lib/python3.7/site-packages/airflow/example_dags/example_external_task_marker_dag.py took 0.256 seconds
[2023-07-07T12:00:56.304+0000] {processor.py:154} INFO - Started process (PID=130) to work on /home/airflow/.local/lib/python3.7/site-packages/airflow/example_dags/example_external_task_marker_dag.py
[2023-07-07T12:00:56.305+0000] {processor.py:756} INFO - Processing file /home/airflow/.local/lib/python3.7/site-packages/airflow/example_dags/example_external_task_marker_dag.py for tasks to queue
[2023-07-07T12:00:56.306+0000] {logging_mixin.py:120} INFO - [2023-07-07T12:00:56.305+0000] {dagbag.py:537} INFO - Filling up the DagBag from /home/airflow/.local/lib/python3.7/site-packages/airflow/example_dags/example_external_task_marker_dag.py
[2023-07-07T12:00:56.314+0000] {processor.py:766} INFO - DAG(s) dict_keys(['example_external_task_marker_parent', 'example_external_task_marker_child']) retrieved from /home/airflow/.local/lib/python3.7/site-packages/airflow/example_dags/example_external_task_marker_dag.py
[2023-07-07T12:00:56.429+0000] {logging_mixin.py:120} INFO - [2023-07-07T12:00:56.429+0000] {dag.py:2585} INFO - Sync 2 DAGs
[2023-07-07T12:00:56.444+0000] {logging_mixin.py:120} INFO - [2023-07-07T12:00:56.444+0000] {dag.py:3340} INFO - Setting next_dagrun for example_external_task_marker_child to None, run_after=None
[2023-07-07T12:00:56.446+0000] {logging_mixin.py:120} INFO - [2023-07-07T12:00:56.446+0000] {dag.py:3340} INFO - Setting next_dagrun for example_external_task_marker_parent to None, run_after=None
[2023-07-07T12:00:56.456+0000] {processor.py:176} INFO - Processing /home/airflow/.local/lib/python3.7/site-packages/airflow/example_dags/example_external_task_marker_dag.py took 0.153 seconds
[2023-07-07T12:01:27.686+0000] {processor.py:154} INFO - Started process (PID=199) to work on /home/airflow/.local/lib/python3.7/site-packages/airflow/example_dags/example_external_task_marker_dag.py
[2023-07-07T12:01:27.687+0000] {processor.py:756} INFO - Processing file /home/airflow/.local/lib/python3.7/site-packages/airflow/example_dags/example_external_task_marker_dag.py for tasks to queue
[2023-07-07T12:01:27.687+0000] {logging_mixin.py:120} INFO - [2023-07-07T12:01:27.687+0000] {dagbag.py:537} INFO - Filling up the DagBag from /home/airflow/.local/lib/python3.7/site-packages/airflow/example_dags/example_external_task_marker_dag.py
[2023-07-07T12:01:27.701+0000] {processor.py:766} INFO - DAG(s) dict_keys(['example_external_task_marker_parent', 'example_external_task_marker_child']) retrieved from /home/airflow/.local/lib/python3.7/site-packages/airflow/example_dags/example_external_task_marker_dag.py
[2023-07-07T12:01:27.857+0000] {logging_mixin.py:120} INFO - [2023-07-07T12:01:27.857+0000] {dag.py:2585} INFO - Sync 2 DAGs
[2023-07-07T12:01:27.873+0000] {logging_mixin.py:120} INFO - [2023-07-07T12:01:27.873+0000] {dag.py:3340} INFO - Setting next_dagrun for example_external_task_marker_child to None, run_after=None
[2023-07-07T12:01:27.876+0000] {logging_mixin.py:120} INFO - [2023-07-07T12:01:27.875+0000] {dag.py:3340} INFO - Setting next_dagrun for example_external_task_marker_parent to None, run_after=None
[2023-07-07T12:01:27.887+0000] {processor.py:176} INFO - Processing /home/airflow/.local/lib/python3.7/site-packages/airflow/example_dags/example_external_task_marker_dag.py took 0.203 seconds
[2023-07-07T12:01:59.254+0000] {processor.py:154} INFO - Started process (PID=266) to work on /home/airflow/.local/lib/python3.7/site-packages/airflow/example_dags/example_external_task_marker_dag.py
[2023-07-07T12:01:59.255+0000] {processor.py:756} INFO - Processing file /home/airflow/.local/lib/python3.7/site-packages/airflow/example_dags/example_external_task_marker_dag.py for tasks to queue
[2023-07-07T12:01:59.255+0000] {logging_mixin.py:120} INFO - [2023-07-07T12:01:59.255+0000] {dagbag.py:537} INFO - Filling up the DagBag from /home/airflow/.local/lib/python3.7/site-packages/airflow/example_dags/example_external_task_marker_dag.py
[2023-07-07T12:01:59.262+0000] {processor.py:766} INFO - DAG(s) dict_keys(['example_external_task_marker_parent', 'example_external_task_marker_child']) retrieved from /home/airflow/.local/lib/python3.7/site-packages/airflow/example_dags/example_external_task_marker_dag.py
[2023-07-07T12:01:59.376+0000] {logging_mixin.py:120} INFO - [2023-07-07T12:01:59.376+0000] {dag.py:2585} INFO - Sync 2 DAGs
[2023-07-07T12:01:59.391+0000] {logging_mixin.py:120} INFO - [2023-07-07T12:01:59.391+0000] {dag.py:3340} INFO - Setting next_dagrun for example_external_task_marker_child to None, run_after=None
[2023-07-07T12:01:59.393+0000] {logging_mixin.py:120} INFO - [2023-07-07T12:01:59.393+0000] {dag.py:3340} INFO - Setting next_dagrun for example_external_task_marker_parent to None, run_after=None
[2023-07-07T12:01:59.402+0000] {processor.py:176} INFO - Processing /home/airflow/.local/lib/python3.7/site-packages/airflow/example_dags/example_external_task_marker_dag.py took 0.150 seconds
[2023-07-07T12:02:36.987+0000] {processor.py:154} INFO - Started process (PID=65) to work on /home/airflow/.local/lib/python3.7/site-packages/airflow/example_dags/example_external_task_marker_dag.py
[2023-07-07T12:02:36.993+0000] {processor.py:756} INFO - Processing file /home/airflow/.local/lib/python3.7/site-packages/airflow/example_dags/example_external_task_marker_dag.py for tasks to queue
[2023-07-07T12:02:36.994+0000] {logging_mixin.py:120} INFO - [2023-07-07T12:02:36.994+0000] {dagbag.py:537} INFO - Filling up the DagBag from /home/airflow/.local/lib/python3.7/site-packages/airflow/example_dags/example_external_task_marker_dag.py
[2023-07-07T12:02:37.012+0000] {processor.py:766} INFO - DAG(s) dict_keys(['example_external_task_marker_parent', 'example_external_task_marker_child']) retrieved from /home/airflow/.local/lib/python3.7/site-packages/airflow/example_dags/example_external_task_marker_dag.py
[2023-07-07T12:02:37.428+0000] {logging_mixin.py:120} INFO - [2023-07-07T12:02:37.428+0000] {dag.py:2585} INFO - Sync 2 DAGs
[2023-07-07T12:02:37.460+0000] {logging_mixin.py:120} INFO - [2023-07-07T12:02:37.460+0000] {dag.py:3340} INFO - Setting next_dagrun for example_external_task_marker_child to None, run_after=None
[2023-07-07T12:02:37.464+0000] {logging_mixin.py:120} INFO - [2023-07-07T12:02:37.464+0000] {dag.py:3340} INFO - Setting next_dagrun for example_external_task_marker_parent to None, run_after=None
[2023-07-07T12:02:37.489+0000] {processor.py:176} INFO - Processing /home/airflow/.local/lib/python3.7/site-packages/airflow/example_dags/example_external_task_marker_dag.py took 0.506 seconds
[2023-07-07T12:03:07.861+0000] {processor.py:154} INFO - Started process (PID=134) to work on /home/airflow/.local/lib/python3.7/site-packages/airflow/example_dags/example_external_task_marker_dag.py
[2023-07-07T12:03:07.861+0000] {processor.py:756} INFO - Processing file /home/airflow/.local/lib/python3.7/site-packages/airflow/example_dags/example_external_task_marker_dag.py for tasks to queue
[2023-07-07T12:03:07.862+0000] {logging_mixin.py:120} INFO - [2023-07-07T12:03:07.862+0000] {dagbag.py:537} INFO - Filling up the DagBag from /home/airflow/.local/lib/python3.7/site-packages/airflow/example_dags/example_external_task_marker_dag.py
[2023-07-07T12:03:07.870+0000] {processor.py:766} INFO - DAG(s) dict_keys(['example_external_task_marker_parent', 'example_external_task_marker_child']) retrieved from /home/airflow/.local/lib/python3.7/site-packages/airflow/example_dags/example_external_task_marker_dag.py
[2023-07-07T12:03:07.997+0000] {logging_mixin.py:120} INFO - [2023-07-07T12:03:07.997+0000] {dag.py:2585} INFO - Sync 2 DAGs
[2023-07-07T12:03:08.014+0000] {logging_mixin.py:120} INFO - [2023-07-07T12:03:08.014+0000] {dag.py:3340} INFO - Setting next_dagrun for example_external_task_marker_child to None, run_after=None
[2023-07-07T12:03:08.016+0000] {logging_mixin.py:120} INFO - [2023-07-07T12:03:08.016+0000] {dag.py:3340} INFO - Setting next_dagrun for example_external_task_marker_parent to None, run_after=None
[2023-07-07T12:03:08.026+0000] {processor.py:176} INFO - Processing /home/airflow/.local/lib/python3.7/site-packages/airflow/example_dags/example_external_task_marker_dag.py took 0.167 seconds
[2023-07-07T12:03:38.239+0000] {processor.py:154} INFO - Started process (PID=203) to work on /home/airflow/.local/lib/python3.7/site-packages/airflow/example_dags/example_external_task_marker_dag.py
[2023-07-07T12:03:38.240+0000] {processor.py:756} INFO - Processing file /home/airflow/.local/lib/python3.7/site-packages/airflow/example_dags/example_external_task_marker_dag.py for tasks to queue
[2023-07-07T12:03:38.241+0000] {logging_mixin.py:120} INFO - [2023-07-07T12:03:38.241+0000] {dagbag.py:537} INFO - Filling up the DagBag from /home/airflow/.local/lib/python3.7/site-packages/airflow/example_dags/example_external_task_marker_dag.py
[2023-07-07T12:03:38.248+0000] {processor.py:766} INFO - DAG(s) dict_keys(['example_external_task_marker_child', 'example_external_task_marker_parent']) retrieved from /home/airflow/.local/lib/python3.7/site-packages/airflow/example_dags/example_external_task_marker_dag.py
[2023-07-07T12:03:38.371+0000] {logging_mixin.py:120} INFO - [2023-07-07T12:03:38.370+0000] {dag.py:2585} INFO - Sync 2 DAGs
[2023-07-07T12:03:38.386+0000] {logging_mixin.py:120} INFO - [2023-07-07T12:03:38.386+0000] {dag.py:3340} INFO - Setting next_dagrun for example_external_task_marker_child to None, run_after=None
[2023-07-07T12:03:38.388+0000] {logging_mixin.py:120} INFO - [2023-07-07T12:03:38.388+0000] {dag.py:3340} INFO - Setting next_dagrun for example_external_task_marker_parent to None, run_after=None
[2023-07-07T12:03:38.399+0000] {processor.py:176} INFO - Processing /home/airflow/.local/lib/python3.7/site-packages/airflow/example_dags/example_external_task_marker_dag.py took 0.162 seconds
[2023-07-07T12:04:08.450+0000] {processor.py:154} INFO - Started process (PID=271) to work on /home/airflow/.local/lib/python3.7/site-packages/airflow/example_dags/example_external_task_marker_dag.py
[2023-07-07T12:04:08.451+0000] {processor.py:756} INFO - Processing file /home/airflow/.local/lib/python3.7/site-packages/airflow/example_dags/example_external_task_marker_dag.py for tasks to queue
[2023-07-07T12:04:08.451+0000] {logging_mixin.py:120} INFO - [2023-07-07T12:04:08.451+0000] {dagbag.py:537} INFO - Filling up the DagBag from /home/airflow/.local/lib/python3.7/site-packages/airflow/example_dags/example_external_task_marker_dag.py
[2023-07-07T12:04:08.459+0000] {processor.py:766} INFO - DAG(s) dict_keys(['example_external_task_marker_parent', 'example_external_task_marker_child']) retrieved from /home/airflow/.local/lib/python3.7/site-packages/airflow/example_dags/example_external_task_marker_dag.py
[2023-07-07T12:04:08.584+0000] {logging_mixin.py:120} INFO - [2023-07-07T12:04:08.584+0000] {dag.py:2585} INFO - Sync 2 DAGs
[2023-07-07T12:04:08.602+0000] {logging_mixin.py:120} INFO - [2023-07-07T12:04:08.602+0000] {dag.py:3340} INFO - Setting next_dagrun for example_external_task_marker_child to None, run_after=None
[2023-07-07T12:04:08.605+0000] {logging_mixin.py:120} INFO - [2023-07-07T12:04:08.605+0000] {dag.py:3340} INFO - Setting next_dagrun for example_external_task_marker_parent to None, run_after=None
[2023-07-07T12:04:08.620+0000] {processor.py:176} INFO - Processing /home/airflow/.local/lib/python3.7/site-packages/airflow/example_dags/example_external_task_marker_dag.py took 0.171 seconds
[2023-07-07T12:04:38.745+0000] {processor.py:154} INFO - Started process (PID=330) to work on /home/airflow/.local/lib/python3.7/site-packages/airflow/example_dags/example_external_task_marker_dag.py
[2023-07-07T12:04:38.746+0000] {processor.py:756} INFO - Processing file /home/airflow/.local/lib/python3.7/site-packages/airflow/example_dags/example_external_task_marker_dag.py for tasks to queue
[2023-07-07T12:04:38.747+0000] {logging_mixin.py:120} INFO - [2023-07-07T12:04:38.747+0000] {dagbag.py:537} INFO - Filling up the DagBag from /home/airflow/.local/lib/python3.7/site-packages/airflow/example_dags/example_external_task_marker_dag.py
[2023-07-07T12:04:38.754+0000] {processor.py:766} INFO - DAG(s) dict_keys(['example_external_task_marker_parent', 'example_external_task_marker_child']) retrieved from /home/airflow/.local/lib/python3.7/site-packages/airflow/example_dags/example_external_task_marker_dag.py
[2023-07-07T12:04:38.872+0000] {logging_mixin.py:120} INFO - [2023-07-07T12:04:38.872+0000] {dag.py:2585} INFO - Sync 2 DAGs
[2023-07-07T12:04:38.888+0000] {logging_mixin.py:120} INFO - [2023-07-07T12:04:38.888+0000] {dag.py:3340} INFO - Setting next_dagrun for example_external_task_marker_child to None, run_after=None
[2023-07-07T12:04:38.890+0000] {logging_mixin.py:120} INFO - [2023-07-07T12:04:38.890+0000] {dag.py:3340} INFO - Setting next_dagrun for example_external_task_marker_parent to None, run_after=None
[2023-07-07T12:04:38.900+0000] {processor.py:176} INFO - Processing /home/airflow/.local/lib/python3.7/site-packages/airflow/example_dags/example_external_task_marker_dag.py took 0.156 seconds
[2023-07-07T12:05:09.626+0000] {processor.py:154} INFO - Started process (PID=393) to work on /home/airflow/.local/lib/python3.7/site-packages/airflow/example_dags/example_external_task_marker_dag.py
[2023-07-07T12:05:09.627+0000] {processor.py:756} INFO - Processing file /home/airflow/.local/lib/python3.7/site-packages/airflow/example_dags/example_external_task_marker_dag.py for tasks to queue
[2023-07-07T12:05:09.628+0000] {logging_mixin.py:120} INFO - [2023-07-07T12:05:09.627+0000] {dagbag.py:537} INFO - Filling up the DagBag from /home/airflow/.local/lib/python3.7/site-packages/airflow/example_dags/example_external_task_marker_dag.py
[2023-07-07T12:05:09.636+0000] {processor.py:766} INFO - DAG(s) dict_keys(['example_external_task_marker_child', 'example_external_task_marker_parent']) retrieved from /home/airflow/.local/lib/python3.7/site-packages/airflow/example_dags/example_external_task_marker_dag.py
[2023-07-07T12:05:09.774+0000] {logging_mixin.py:120} INFO - [2023-07-07T12:05:09.774+0000] {dag.py:2585} INFO - Sync 2 DAGs
[2023-07-07T12:05:09.792+0000] {logging_mixin.py:120} INFO - [2023-07-07T12:05:09.791+0000] {dag.py:3340} INFO - Setting next_dagrun for example_external_task_marker_child to None, run_after=None
[2023-07-07T12:05:09.794+0000] {logging_mixin.py:120} INFO - [2023-07-07T12:05:09.794+0000] {dag.py:3340} INFO - Setting next_dagrun for example_external_task_marker_parent to None, run_after=None
[2023-07-07T12:05:09.804+0000] {processor.py:176} INFO - Processing /home/airflow/.local/lib/python3.7/site-packages/airflow/example_dags/example_external_task_marker_dag.py took 0.180 seconds
[2023-07-07T12:05:39.921+0000] {processor.py:154} INFO - Started process (PID=461) to work on /home/airflow/.local/lib/python3.7/site-packages/airflow/example_dags/example_external_task_marker_dag.py
[2023-07-07T12:05:39.922+0000] {processor.py:756} INFO - Processing file /home/airflow/.local/lib/python3.7/site-packages/airflow/example_dags/example_external_task_marker_dag.py for tasks to queue
[2023-07-07T12:05:39.922+0000] {logging_mixin.py:120} INFO - [2023-07-07T12:05:39.922+0000] {dagbag.py:537} INFO - Filling up the DagBag from /home/airflow/.local/lib/python3.7/site-packages/airflow/example_dags/example_external_task_marker_dag.py
[2023-07-07T12:05:39.931+0000] {processor.py:766} INFO - DAG(s) dict_keys(['example_external_task_marker_parent', 'example_external_task_marker_child']) retrieved from /home/airflow/.local/lib/python3.7/site-packages/airflow/example_dags/example_external_task_marker_dag.py
[2023-07-07T12:05:40.066+0000] {logging_mixin.py:120} INFO - [2023-07-07T12:05:40.065+0000] {dag.py:2585} INFO - Sync 2 DAGs
[2023-07-07T12:05:40.085+0000] {logging_mixin.py:120} INFO - [2023-07-07T12:05:40.085+0000] {dag.py:3340} INFO - Setting next_dagrun for example_external_task_marker_child to None, run_after=None
[2023-07-07T12:05:40.087+0000] {logging_mixin.py:120} INFO - [2023-07-07T12:05:40.087+0000] {dag.py:3340} INFO - Setting next_dagrun for example_external_task_marker_parent to None, run_after=None
[2023-07-07T12:05:40.099+0000] {processor.py:176} INFO - Processing /home/airflow/.local/lib/python3.7/site-packages/airflow/example_dags/example_external_task_marker_dag.py took 0.180 seconds
[2023-07-07T12:06:10.184+0000] {processor.py:154} INFO - Started process (PID=527) to work on /home/airflow/.local/lib/python3.7/site-packages/airflow/example_dags/example_external_task_marker_dag.py
[2023-07-07T12:06:10.185+0000] {processor.py:756} INFO - Processing file /home/airflow/.local/lib/python3.7/site-packages/airflow/example_dags/example_external_task_marker_dag.py for tasks to queue
[2023-07-07T12:06:10.185+0000] {logging_mixin.py:120} INFO - [2023-07-07T12:06:10.185+0000] {dagbag.py:537} INFO - Filling up the DagBag from /home/airflow/.local/lib/python3.7/site-packages/airflow/example_dags/example_external_task_marker_dag.py
[2023-07-07T12:06:10.193+0000] {processor.py:766} INFO - DAG(s) dict_keys(['example_external_task_marker_parent', 'example_external_task_marker_child']) retrieved from /home/airflow/.local/lib/python3.7/site-packages/airflow/example_dags/example_external_task_marker_dag.py
[2023-07-07T12:06:10.328+0000] {logging_mixin.py:120} INFO - [2023-07-07T12:06:10.328+0000] {dag.py:2585} INFO - Sync 2 DAGs
[2023-07-07T12:06:10.344+0000] {logging_mixin.py:120} INFO - [2023-07-07T12:06:10.344+0000] {dag.py:3340} INFO - Setting next_dagrun for example_external_task_marker_child to None, run_after=None
[2023-07-07T12:06:10.347+0000] {logging_mixin.py:120} INFO - [2023-07-07T12:06:10.347+0000] {dag.py:3340} INFO - Setting next_dagrun for example_external_task_marker_parent to None, run_after=None
[2023-07-07T12:06:10.361+0000] {processor.py:176} INFO - Processing /home/airflow/.local/lib/python3.7/site-packages/airflow/example_dags/example_external_task_marker_dag.py took 0.179 seconds
[2023-07-07T12:06:41.314+0000] {processor.py:154} INFO - Started process (PID=594) to work on /home/airflow/.local/lib/python3.7/site-packages/airflow/example_dags/example_external_task_marker_dag.py
[2023-07-07T12:06:41.314+0000] {processor.py:756} INFO - Processing file /home/airflow/.local/lib/python3.7/site-packages/airflow/example_dags/example_external_task_marker_dag.py for tasks to queue
[2023-07-07T12:06:41.315+0000] {logging_mixin.py:120} INFO - [2023-07-07T12:06:41.314+0000] {dagbag.py:537} INFO - Filling up the DagBag from /home/airflow/.local/lib/python3.7/site-packages/airflow/example_dags/example_external_task_marker_dag.py
[2023-07-07T12:06:41.323+0000] {processor.py:766} INFO - DAG(s) dict_keys(['example_external_task_marker_child', 'example_external_task_marker_parent']) retrieved from /home/airflow/.local/lib/python3.7/site-packages/airflow/example_dags/example_external_task_marker_dag.py
[2023-07-07T12:06:41.447+0000] {logging_mixin.py:120} INFO - [2023-07-07T12:06:41.447+0000] {dag.py:2585} INFO - Sync 2 DAGs
[2023-07-07T12:06:41.463+0000] {logging_mixin.py:120} INFO - [2023-07-07T12:06:41.463+0000] {dag.py:3340} INFO - Setting next_dagrun for example_external_task_marker_child to None, run_after=None
[2023-07-07T12:06:41.465+0000] {logging_mixin.py:120} INFO - [2023-07-07T12:06:41.465+0000] {dag.py:3340} INFO - Setting next_dagrun for example_external_task_marker_parent to None, run_after=None
[2023-07-07T12:06:41.476+0000] {processor.py:176} INFO - Processing /home/airflow/.local/lib/python3.7/site-packages/airflow/example_dags/example_external_task_marker_dag.py took 0.164 seconds
[2023-07-07T12:07:12.458+0000] {processor.py:154} INFO - Started process (PID=652) to work on /home/airflow/.local/lib/python3.7/site-packages/airflow/example_dags/example_external_task_marker_dag.py
[2023-07-07T12:07:12.459+0000] {processor.py:756} INFO - Processing file /home/airflow/.local/lib/python3.7/site-packages/airflow/example_dags/example_external_task_marker_dag.py for tasks to queue
[2023-07-07T12:07:12.460+0000] {logging_mixin.py:120} INFO - [2023-07-07T12:07:12.460+0000] {dagbag.py:537} INFO - Filling up the DagBag from /home/airflow/.local/lib/python3.7/site-packages/airflow/example_dags/example_external_task_marker_dag.py
[2023-07-07T12:07:12.468+0000] {processor.py:766} INFO - DAG(s) dict_keys(['example_external_task_marker_parent', 'example_external_task_marker_child']) retrieved from /home/airflow/.local/lib/python3.7/site-packages/airflow/example_dags/example_external_task_marker_dag.py
[2023-07-07T12:07:12.594+0000] {logging_mixin.py:120} INFO - [2023-07-07T12:07:12.594+0000] {dag.py:2585} INFO - Sync 2 DAGs
[2023-07-07T12:07:12.611+0000] {logging_mixin.py:120} INFO - [2023-07-07T12:07:12.611+0000] {dag.py:3340} INFO - Setting next_dagrun for example_external_task_marker_child to None, run_after=None
[2023-07-07T12:07:12.614+0000] {logging_mixin.py:120} INFO - [2023-07-07T12:07:12.614+0000] {dag.py:3340} INFO - Setting next_dagrun for example_external_task_marker_parent to None, run_after=None
[2023-07-07T12:07:12.625+0000] {processor.py:176} INFO - Processing /home/airflow/.local/lib/python3.7/site-packages/airflow/example_dags/example_external_task_marker_dag.py took 0.169 seconds
[2023-07-07T12:07:42.790+0000] {processor.py:154} INFO - Started process (PID=719) to work on /home/airflow/.local/lib/python3.7/site-packages/airflow/example_dags/example_external_task_marker_dag.py
[2023-07-07T12:07:42.791+0000] {processor.py:756} INFO - Processing file /home/airflow/.local/lib/python3.7/site-packages/airflow/example_dags/example_external_task_marker_dag.py for tasks to queue
[2023-07-07T12:07:42.791+0000] {logging_mixin.py:120} INFO - [2023-07-07T12:07:42.791+0000] {dagbag.py:537} INFO - Filling up the DagBag from /home/airflow/.local/lib/python3.7/site-packages/airflow/example_dags/example_external_task_marker_dag.py
[2023-07-07T12:07:42.799+0000] {processor.py:766} INFO - DAG(s) dict_keys(['example_external_task_marker_parent', 'example_external_task_marker_child']) retrieved from /home/airflow/.local/lib/python3.7/site-packages/airflow/example_dags/example_external_task_marker_dag.py
[2023-07-07T12:07:42.920+0000] {logging_mixin.py:120} INFO - [2023-07-07T12:07:42.920+0000] {dag.py:2585} INFO - Sync 2 DAGs
[2023-07-07T12:07:42.936+0000] {logging_mixin.py:120} INFO - [2023-07-07T12:07:42.936+0000] {dag.py:3340} INFO - Setting next_dagrun for example_external_task_marker_child to None, run_after=None
[2023-07-07T12:07:42.938+0000] {logging_mixin.py:120} INFO - [2023-07-07T12:07:42.938+0000] {dag.py:3340} INFO - Setting next_dagrun for example_external_task_marker_parent to None, run_after=None
[2023-07-07T12:07:42.949+0000] {processor.py:176} INFO - Processing /home/airflow/.local/lib/python3.7/site-packages/airflow/example_dags/example_external_task_marker_dag.py took 0.160 seconds
[2023-07-07T12:08:13.022+0000] {processor.py:154} INFO - Started process (PID=787) to work on /home/airflow/.local/lib/python3.7/site-packages/airflow/example_dags/example_external_task_marker_dag.py
[2023-07-07T12:08:13.022+0000] {processor.py:756} INFO - Processing file /home/airflow/.local/lib/python3.7/site-packages/airflow/example_dags/example_external_task_marker_dag.py for tasks to queue
[2023-07-07T12:08:13.023+0000] {logging_mixin.py:120} INFO - [2023-07-07T12:08:13.023+0000] {dagbag.py:537} INFO - Filling up the DagBag from /home/airflow/.local/lib/python3.7/site-packages/airflow/example_dags/example_external_task_marker_dag.py
[2023-07-07T12:08:13.031+0000] {processor.py:766} INFO - DAG(s) dict_keys(['example_external_task_marker_child', 'example_external_task_marker_parent']) retrieved from /home/airflow/.local/lib/python3.7/site-packages/airflow/example_dags/example_external_task_marker_dag.py
[2023-07-07T12:08:13.153+0000] {logging_mixin.py:120} INFO - [2023-07-07T12:08:13.153+0000] {dag.py:2585} INFO - Sync 2 DAGs
[2023-07-07T12:08:13.169+0000] {logging_mixin.py:120} INFO - [2023-07-07T12:08:13.169+0000] {dag.py:3340} INFO - Setting next_dagrun for example_external_task_marker_child to None, run_after=None
[2023-07-07T12:08:13.171+0000] {logging_mixin.py:120} INFO - [2023-07-07T12:08:13.171+0000] {dag.py:3340} INFO - Setting next_dagrun for example_external_task_marker_parent to None, run_after=None
[2023-07-07T12:08:13.182+0000] {processor.py:176} INFO - Processing /home/airflow/.local/lib/python3.7/site-packages/airflow/example_dags/example_external_task_marker_dag.py took 0.162 seconds
[2023-07-07T12:08:43.234+0000] {processor.py:154} INFO - Started process (PID=853) to work on /home/airflow/.local/lib/python3.7/site-packages/airflow/example_dags/example_external_task_marker_dag.py
[2023-07-07T12:08:43.235+0000] {processor.py:756} INFO - Processing file /home/airflow/.local/lib/python3.7/site-packages/airflow/example_dags/example_external_task_marker_dag.py for tasks to queue
[2023-07-07T12:08:43.235+0000] {logging_mixin.py:120} INFO - [2023-07-07T12:08:43.235+0000] {dagbag.py:537} INFO - Filling up the DagBag from /home/airflow/.local/lib/python3.7/site-packages/airflow/example_dags/example_external_task_marker_dag.py
[2023-07-07T12:08:43.244+0000] {processor.py:766} INFO - DAG(s) dict_keys(['example_external_task_marker_parent', 'example_external_task_marker_child']) retrieved from /home/airflow/.local/lib/python3.7/site-packages/airflow/example_dags/example_external_task_marker_dag.py
[2023-07-07T12:08:43.377+0000] {logging_mixin.py:120} INFO - [2023-07-07T12:08:43.377+0000] {dag.py:2585} INFO - Sync 2 DAGs
[2023-07-07T12:08:43.395+0000] {logging_mixin.py:120} INFO - [2023-07-07T12:08:43.395+0000] {dag.py:3340} INFO - Setting next_dagrun for example_external_task_marker_child to None, run_after=None
[2023-07-07T12:08:43.398+0000] {logging_mixin.py:120} INFO - [2023-07-07T12:08:43.397+0000] {dag.py:3340} INFO - Setting next_dagrun for example_external_task_marker_parent to None, run_after=None
[2023-07-07T12:08:43.409+0000] {processor.py:176} INFO - Processing /home/airflow/.local/lib/python3.7/site-packages/airflow/example_dags/example_external_task_marker_dag.py took 0.177 seconds
[2023-07-07T12:09:13.573+0000] {processor.py:154} INFO - Started process (PID=919) to work on /home/airflow/.local/lib/python3.7/site-packages/airflow/example_dags/example_external_task_marker_dag.py
[2023-07-07T12:09:13.574+0000] {processor.py:756} INFO - Processing file /home/airflow/.local/lib/python3.7/site-packages/airflow/example_dags/example_external_task_marker_dag.py for tasks to queue
[2023-07-07T12:09:13.574+0000] {logging_mixin.py:120} INFO - [2023-07-07T12:09:13.574+0000] {dagbag.py:537} INFO - Filling up the DagBag from /home/airflow/.local/lib/python3.7/site-packages/airflow/example_dags/example_external_task_marker_dag.py
[2023-07-07T12:09:13.582+0000] {processor.py:766} INFO - DAG(s) dict_keys(['example_external_task_marker_parent', 'example_external_task_marker_child']) retrieved from /home/airflow/.local/lib/python3.7/site-packages/airflow/example_dags/example_external_task_marker_dag.py
[2023-07-07T12:09:13.710+0000] {logging_mixin.py:120} INFO - [2023-07-07T12:09:13.710+0000] {dag.py:2585} INFO - Sync 2 DAGs
[2023-07-07T12:09:13.727+0000] {logging_mixin.py:120} INFO - [2023-07-07T12:09:13.727+0000] {dag.py:3340} INFO - Setting next_dagrun for example_external_task_marker_child to None, run_after=None
[2023-07-07T12:09:13.729+0000] {logging_mixin.py:120} INFO - [2023-07-07T12:09:13.729+0000] {dag.py:3340} INFO - Setting next_dagrun for example_external_task_marker_parent to None, run_after=None
[2023-07-07T12:09:13.740+0000] {processor.py:176} INFO - Processing /home/airflow/.local/lib/python3.7/site-packages/airflow/example_dags/example_external_task_marker_dag.py took 0.170 seconds
[2023-07-07T12:09:44.643+0000] {processor.py:154} INFO - Started process (PID=978) to work on /home/airflow/.local/lib/python3.7/site-packages/airflow/example_dags/example_external_task_marker_dag.py
[2023-07-07T12:09:44.644+0000] {processor.py:756} INFO - Processing file /home/airflow/.local/lib/python3.7/site-packages/airflow/example_dags/example_external_task_marker_dag.py for tasks to queue
[2023-07-07T12:09:44.644+0000] {logging_mixin.py:120} INFO - [2023-07-07T12:09:44.644+0000] {dagbag.py:537} INFO - Filling up the DagBag from /home/airflow/.local/lib/python3.7/site-packages/airflow/example_dags/example_external_task_marker_dag.py
[2023-07-07T12:09:44.654+0000] {processor.py:766} INFO - DAG(s) dict_keys(['example_external_task_marker_parent', 'example_external_task_marker_child']) retrieved from /home/airflow/.local/lib/python3.7/site-packages/airflow/example_dags/example_external_task_marker_dag.py
[2023-07-07T12:09:44.777+0000] {logging_mixin.py:120} INFO - [2023-07-07T12:09:44.776+0000] {dag.py:2585} INFO - Sync 2 DAGs
[2023-07-07T12:09:44.793+0000] {logging_mixin.py:120} INFO - [2023-07-07T12:09:44.793+0000] {dag.py:3340} INFO - Setting next_dagrun for example_external_task_marker_child to None, run_after=None
[2023-07-07T12:09:44.795+0000] {logging_mixin.py:120} INFO - [2023-07-07T12:09:44.795+0000] {dag.py:3340} INFO - Setting next_dagrun for example_external_task_marker_parent to None, run_after=None
[2023-07-07T12:09:44.808+0000] {processor.py:176} INFO - Processing /home/airflow/.local/lib/python3.7/site-packages/airflow/example_dags/example_external_task_marker_dag.py took 0.168 seconds
[2023-07-07T12:10:14.878+0000] {processor.py:154} INFO - Started process (PID=1045) to work on /home/airflow/.local/lib/python3.7/site-packages/airflow/example_dags/example_external_task_marker_dag.py
[2023-07-07T12:10:14.878+0000] {processor.py:756} INFO - Processing file /home/airflow/.local/lib/python3.7/site-packages/airflow/example_dags/example_external_task_marker_dag.py for tasks to queue
[2023-07-07T12:10:14.879+0000] {logging_mixin.py:120} INFO - [2023-07-07T12:10:14.879+0000] {dagbag.py:537} INFO - Filling up the DagBag from /home/airflow/.local/lib/python3.7/site-packages/airflow/example_dags/example_external_task_marker_dag.py
[2023-07-07T12:10:14.888+0000] {processor.py:766} INFO - DAG(s) dict_keys(['example_external_task_marker_child', 'example_external_task_marker_parent']) retrieved from /home/airflow/.local/lib/python3.7/site-packages/airflow/example_dags/example_external_task_marker_dag.py
[2023-07-07T12:10:15.000+0000] {logging_mixin.py:120} INFO - [2023-07-07T12:10:15.000+0000] {dag.py:2585} INFO - Sync 2 DAGs
[2023-07-07T12:10:15.016+0000] {logging_mixin.py:120} INFO - [2023-07-07T12:10:15.016+0000] {dag.py:3340} INFO - Setting next_dagrun for example_external_task_marker_child to None, run_after=None
[2023-07-07T12:10:15.018+0000] {logging_mixin.py:120} INFO - [2023-07-07T12:10:15.018+0000] {dag.py:3340} INFO - Setting next_dagrun for example_external_task_marker_parent to None, run_after=None
[2023-07-07T12:10:15.029+0000] {processor.py:176} INFO - Processing /home/airflow/.local/lib/python3.7/site-packages/airflow/example_dags/example_external_task_marker_dag.py took 0.155 seconds
[2023-07-07T12:10:45.309+0000] {processor.py:154} INFO - Started process (PID=1112) to work on /home/airflow/.local/lib/python3.7/site-packages/airflow/example_dags/example_external_task_marker_dag.py
[2023-07-07T12:10:45.313+0000] {processor.py:756} INFO - Processing file /home/airflow/.local/lib/python3.7/site-packages/airflow/example_dags/example_external_task_marker_dag.py for tasks to queue
[2023-07-07T12:10:45.313+0000] {logging_mixin.py:120} INFO - [2023-07-07T12:10:45.313+0000] {dagbag.py:537} INFO - Filling up the DagBag from /home/airflow/.local/lib/python3.7/site-packages/airflow/example_dags/example_external_task_marker_dag.py
[2023-07-07T12:10:45.322+0000] {processor.py:766} INFO - DAG(s) dict_keys(['example_external_task_marker_child', 'example_external_task_marker_parent']) retrieved from /home/airflow/.local/lib/python3.7/site-packages/airflow/example_dags/example_external_task_marker_dag.py
[2023-07-07T12:10:45.439+0000] {logging_mixin.py:120} INFO - [2023-07-07T12:10:45.439+0000] {dag.py:2585} INFO - Sync 2 DAGs
[2023-07-07T12:10:45.457+0000] {logging_mixin.py:120} INFO - [2023-07-07T12:10:45.457+0000] {dag.py:3340} INFO - Setting next_dagrun for example_external_task_marker_child to None, run_after=None
[2023-07-07T12:10:45.459+0000] {logging_mixin.py:120} INFO - [2023-07-07T12:10:45.459+0000] {dag.py:3340} INFO - Setting next_dagrun for example_external_task_marker_parent to None, run_after=None
[2023-07-07T12:10:45.470+0000] {processor.py:176} INFO - Processing /home/airflow/.local/lib/python3.7/site-packages/airflow/example_dags/example_external_task_marker_dag.py took 0.165 seconds
[2023-07-07T12:11:15.525+0000] {processor.py:154} INFO - Started process (PID=1178) to work on /home/airflow/.local/lib/python3.7/site-packages/airflow/example_dags/example_external_task_marker_dag.py
[2023-07-07T12:11:15.525+0000] {processor.py:756} INFO - Processing file /home/airflow/.local/lib/python3.7/site-packages/airflow/example_dags/example_external_task_marker_dag.py for tasks to queue
[2023-07-07T12:11:15.526+0000] {logging_mixin.py:120} INFO - [2023-07-07T12:11:15.526+0000] {dagbag.py:537} INFO - Filling up the DagBag from /home/airflow/.local/lib/python3.7/site-packages/airflow/example_dags/example_external_task_marker_dag.py
[2023-07-07T12:11:15.534+0000] {processor.py:766} INFO - DAG(s) dict_keys(['example_external_task_marker_child', 'example_external_task_marker_parent']) retrieved from /home/airflow/.local/lib/python3.7/site-packages/airflow/example_dags/example_external_task_marker_dag.py
[2023-07-07T12:11:15.667+0000] {logging_mixin.py:120} INFO - [2023-07-07T12:11:15.667+0000] {dag.py:2585} INFO - Sync 2 DAGs
[2023-07-07T12:11:15.685+0000] {logging_mixin.py:120} INFO - [2023-07-07T12:11:15.685+0000] {dag.py:3340} INFO - Setting next_dagrun for example_external_task_marker_child to None, run_after=None
[2023-07-07T12:11:15.687+0000] {logging_mixin.py:120} INFO - [2023-07-07T12:11:15.687+0000] {dag.py:3340} INFO - Setting next_dagrun for example_external_task_marker_parent to None, run_after=None
[2023-07-07T12:11:15.700+0000] {processor.py:176} INFO - Processing /home/airflow/.local/lib/python3.7/site-packages/airflow/example_dags/example_external_task_marker_dag.py took 0.179 seconds
[2023-07-07T12:11:45.767+0000] {processor.py:154} INFO - Started process (PID=1238) to work on /home/airflow/.local/lib/python3.7/site-packages/airflow/example_dags/example_external_task_marker_dag.py
[2023-07-07T12:11:45.768+0000] {processor.py:756} INFO - Processing file /home/airflow/.local/lib/python3.7/site-packages/airflow/example_dags/example_external_task_marker_dag.py for tasks to queue
[2023-07-07T12:11:45.769+0000] {logging_mixin.py:120} INFO - [2023-07-07T12:11:45.769+0000] {dagbag.py:537} INFO - Filling up the DagBag from /home/airflow/.local/lib/python3.7/site-packages/airflow/example_dags/example_external_task_marker_dag.py
[2023-07-07T12:11:45.780+0000] {processor.py:766} INFO - DAG(s) dict_keys(['example_external_task_marker_child', 'example_external_task_marker_parent']) retrieved from /home/airflow/.local/lib/python3.7/site-packages/airflow/example_dags/example_external_task_marker_dag.py
[2023-07-07T12:11:45.927+0000] {logging_mixin.py:120} INFO - [2023-07-07T12:11:45.927+0000] {dag.py:2585} INFO - Sync 2 DAGs
[2023-07-07T12:11:45.945+0000] {logging_mixin.py:120} INFO - [2023-07-07T12:11:45.945+0000] {dag.py:3340} INFO - Setting next_dagrun for example_external_task_marker_child to None, run_after=None
[2023-07-07T12:11:45.948+0000] {logging_mixin.py:120} INFO - [2023-07-07T12:11:45.947+0000] {dag.py:3340} INFO - Setting next_dagrun for example_external_task_marker_parent to None, run_after=None
[2023-07-07T12:11:45.961+0000] {processor.py:176} INFO - Processing /home/airflow/.local/lib/python3.7/site-packages/airflow/example_dags/example_external_task_marker_dag.py took 0.196 seconds
[2023-07-07T12:12:16.006+0000] {processor.py:154} INFO - Started process (PID=1304) to work on /home/airflow/.local/lib/python3.7/site-packages/airflow/example_dags/example_external_task_marker_dag.py
[2023-07-07T12:12:16.007+0000] {processor.py:756} INFO - Processing file /home/airflow/.local/lib/python3.7/site-packages/airflow/example_dags/example_external_task_marker_dag.py for tasks to queue
[2023-07-07T12:12:16.007+0000] {logging_mixin.py:120} INFO - [2023-07-07T12:12:16.007+0000] {dagbag.py:537} INFO - Filling up the DagBag from /home/airflow/.local/lib/python3.7/site-packages/airflow/example_dags/example_external_task_marker_dag.py
[2023-07-07T12:12:16.015+0000] {processor.py:766} INFO - DAG(s) dict_keys(['example_external_task_marker_child', 'example_external_task_marker_parent']) retrieved from /home/airflow/.local/lib/python3.7/site-packages/airflow/example_dags/example_external_task_marker_dag.py
[2023-07-07T12:12:16.138+0000] {logging_mixin.py:120} INFO - [2023-07-07T12:12:16.138+0000] {dag.py:2585} INFO - Sync 2 DAGs
[2023-07-07T12:12:16.155+0000] {logging_mixin.py:120} INFO - [2023-07-07T12:12:16.155+0000] {dag.py:3340} INFO - Setting next_dagrun for example_external_task_marker_child to None, run_after=None
[2023-07-07T12:12:16.157+0000] {logging_mixin.py:120} INFO - [2023-07-07T12:12:16.157+0000] {dag.py:3340} INFO - Setting next_dagrun for example_external_task_marker_parent to None, run_after=None
[2023-07-07T12:12:16.167+0000] {processor.py:176} INFO - Processing /home/airflow/.local/lib/python3.7/site-packages/airflow/example_dags/example_external_task_marker_dag.py took 0.163 seconds
[2023-07-07T12:12:46.232+0000] {processor.py:154} INFO - Started process (PID=1372) to work on /home/airflow/.local/lib/python3.7/site-packages/airflow/example_dags/example_external_task_marker_dag.py
[2023-07-07T12:12:46.232+0000] {processor.py:756} INFO - Processing file /home/airflow/.local/lib/python3.7/site-packages/airflow/example_dags/example_external_task_marker_dag.py for tasks to queue
[2023-07-07T12:12:46.233+0000] {logging_mixin.py:120} INFO - [2023-07-07T12:12:46.233+0000] {dagbag.py:537} INFO - Filling up the DagBag from /home/airflow/.local/lib/python3.7/site-packages/airflow/example_dags/example_external_task_marker_dag.py
[2023-07-07T12:12:46.242+0000] {processor.py:766} INFO - DAG(s) dict_keys(['example_external_task_marker_parent', 'example_external_task_marker_child']) retrieved from /home/airflow/.local/lib/python3.7/site-packages/airflow/example_dags/example_external_task_marker_dag.py
[2023-07-07T12:12:46.363+0000] {logging_mixin.py:120} INFO - [2023-07-07T12:12:46.363+0000] {dag.py:2585} INFO - Sync 2 DAGs
[2023-07-07T12:12:46.380+0000] {logging_mixin.py:120} INFO - [2023-07-07T12:12:46.380+0000] {dag.py:3340} INFO - Setting next_dagrun for example_external_task_marker_child to None, run_after=None
[2023-07-07T12:12:46.382+0000] {logging_mixin.py:120} INFO - [2023-07-07T12:12:46.382+0000] {dag.py:3340} INFO - Setting next_dagrun for example_external_task_marker_parent to None, run_after=None
[2023-07-07T12:12:46.394+0000] {processor.py:176} INFO - Processing /home/airflow/.local/lib/python3.7/site-packages/airflow/example_dags/example_external_task_marker_dag.py took 0.164 seconds
[2023-07-07T12:13:16.600+0000] {processor.py:154} INFO - Started process (PID=1439) to work on /home/airflow/.local/lib/python3.7/site-packages/airflow/example_dags/example_external_task_marker_dag.py
[2023-07-07T12:13:16.604+0000] {processor.py:756} INFO - Processing file /home/airflow/.local/lib/python3.7/site-packages/airflow/example_dags/example_external_task_marker_dag.py for tasks to queue
[2023-07-07T12:13:16.605+0000] {logging_mixin.py:120} INFO - [2023-07-07T12:13:16.604+0000] {dagbag.py:537} INFO - Filling up the DagBag from /home/airflow/.local/lib/python3.7/site-packages/airflow/example_dags/example_external_task_marker_dag.py
[2023-07-07T12:13:16.613+0000] {processor.py:766} INFO - DAG(s) dict_keys(['example_external_task_marker_parent', 'example_external_task_marker_child']) retrieved from /home/airflow/.local/lib/python3.7/site-packages/airflow/example_dags/example_external_task_marker_dag.py
[2023-07-07T12:13:16.752+0000] {logging_mixin.py:120} INFO - [2023-07-07T12:13:16.752+0000] {dag.py:2585} INFO - Sync 2 DAGs
[2023-07-07T12:13:16.773+0000] {logging_mixin.py:120} INFO - [2023-07-07T12:13:16.773+0000] {dag.py:3340} INFO - Setting next_dagrun for example_external_task_marker_child to None, run_after=None
[2023-07-07T12:13:16.776+0000] {logging_mixin.py:120} INFO - [2023-07-07T12:13:16.776+0000] {dag.py:3340} INFO - Setting next_dagrun for example_external_task_marker_parent to None, run_after=None
[2023-07-07T12:13:16.789+0000] {processor.py:176} INFO - Processing /home/airflow/.local/lib/python3.7/site-packages/airflow/example_dags/example_external_task_marker_dag.py took 0.192 seconds
[2023-07-07T12:13:46.846+0000] {processor.py:154} INFO - Started process (PID=1507) to work on /home/airflow/.local/lib/python3.7/site-packages/airflow/example_dags/example_external_task_marker_dag.py
[2023-07-07T12:13:46.846+0000] {processor.py:756} INFO - Processing file /home/airflow/.local/lib/python3.7/site-packages/airflow/example_dags/example_external_task_marker_dag.py for tasks to queue
[2023-07-07T12:13:46.847+0000] {logging_mixin.py:120} INFO - [2023-07-07T12:13:46.847+0000] {dagbag.py:537} INFO - Filling up the DagBag from /home/airflow/.local/lib/python3.7/site-packages/airflow/example_dags/example_external_task_marker_dag.py
[2023-07-07T12:13:46.857+0000] {processor.py:766} INFO - DAG(s) dict_keys(['example_external_task_marker_child', 'example_external_task_marker_parent']) retrieved from /home/airflow/.local/lib/python3.7/site-packages/airflow/example_dags/example_external_task_marker_dag.py
[2023-07-07T12:13:47.005+0000] {logging_mixin.py:120} INFO - [2023-07-07T12:13:47.004+0000] {dag.py:2585} INFO - Sync 2 DAGs
[2023-07-07T12:13:47.024+0000] {logging_mixin.py:120} INFO - [2023-07-07T12:13:47.024+0000] {dag.py:3340} INFO - Setting next_dagrun for example_external_task_marker_child to None, run_after=None
[2023-07-07T12:13:47.027+0000] {logging_mixin.py:120} INFO - [2023-07-07T12:13:47.027+0000] {dag.py:3340} INFO - Setting next_dagrun for example_external_task_marker_parent to None, run_after=None
[2023-07-07T12:13:47.040+0000] {processor.py:176} INFO - Processing /home/airflow/.local/lib/python3.7/site-packages/airflow/example_dags/example_external_task_marker_dag.py took 0.197 seconds
[2023-07-07T12:14:17.949+0000] {processor.py:154} INFO - Started process (PID=1565) to work on /home/airflow/.local/lib/python3.7/site-packages/airflow/example_dags/example_external_task_marker_dag.py
[2023-07-07T12:14:17.952+0000] {processor.py:756} INFO - Processing file /home/airflow/.local/lib/python3.7/site-packages/airflow/example_dags/example_external_task_marker_dag.py for tasks to queue
[2023-07-07T12:14:17.953+0000] {logging_mixin.py:120} INFO - [2023-07-07T12:14:17.953+0000] {dagbag.py:537} INFO - Filling up the DagBag from /home/airflow/.local/lib/python3.7/site-packages/airflow/example_dags/example_external_task_marker_dag.py
[2023-07-07T12:14:17.963+0000] {processor.py:766} INFO - DAG(s) dict_keys(['example_external_task_marker_child', 'example_external_task_marker_parent']) retrieved from /home/airflow/.local/lib/python3.7/site-packages/airflow/example_dags/example_external_task_marker_dag.py
[2023-07-07T12:14:18.084+0000] {logging_mixin.py:120} INFO - [2023-07-07T12:14:18.084+0000] {dag.py:2585} INFO - Sync 2 DAGs
[2023-07-07T12:14:18.101+0000] {logging_mixin.py:120} INFO - [2023-07-07T12:14:18.101+0000] {dag.py:3340} INFO - Setting next_dagrun for example_external_task_marker_child to None, run_after=None
[2023-07-07T12:14:18.104+0000] {logging_mixin.py:120} INFO - [2023-07-07T12:14:18.103+0000] {dag.py:3340} INFO - Setting next_dagrun for example_external_task_marker_parent to None, run_after=None
[2023-07-07T12:14:18.114+0000] {processor.py:176} INFO - Processing /home/airflow/.local/lib/python3.7/site-packages/airflow/example_dags/example_external_task_marker_dag.py took 0.170 seconds
[2023-07-07T12:14:48.150+0000] {processor.py:154} INFO - Started process (PID=1633) to work on /home/airflow/.local/lib/python3.7/site-packages/airflow/example_dags/example_external_task_marker_dag.py
[2023-07-07T12:14:48.150+0000] {processor.py:756} INFO - Processing file /home/airflow/.local/lib/python3.7/site-packages/airflow/example_dags/example_external_task_marker_dag.py for tasks to queue
[2023-07-07T12:14:48.151+0000] {logging_mixin.py:120} INFO - [2023-07-07T12:14:48.151+0000] {dagbag.py:537} INFO - Filling up the DagBag from /home/airflow/.local/lib/python3.7/site-packages/airflow/example_dags/example_external_task_marker_dag.py
[2023-07-07T12:14:48.159+0000] {processor.py:766} INFO - DAG(s) dict_keys(['example_external_task_marker_child', 'example_external_task_marker_parent']) retrieved from /home/airflow/.local/lib/python3.7/site-packages/airflow/example_dags/example_external_task_marker_dag.py
[2023-07-07T12:14:48.283+0000] {logging_mixin.py:120} INFO - [2023-07-07T12:14:48.283+0000] {dag.py:2585} INFO - Sync 2 DAGs
[2023-07-07T12:14:48.299+0000] {logging_mixin.py:120} INFO - [2023-07-07T12:14:48.299+0000] {dag.py:3340} INFO - Setting next_dagrun for example_external_task_marker_child to None, run_after=None
[2023-07-07T12:14:48.301+0000] {logging_mixin.py:120} INFO - [2023-07-07T12:14:48.301+0000] {dag.py:3340} INFO - Setting next_dagrun for example_external_task_marker_parent to None, run_after=None
[2023-07-07T12:14:48.312+0000] {processor.py:176} INFO - Processing /home/airflow/.local/lib/python3.7/site-packages/airflow/example_dags/example_external_task_marker_dag.py took 0.164 seconds
[2023-07-07T12:15:18.390+0000] {processor.py:154} INFO - Started process (PID=1699) to work on /home/airflow/.local/lib/python3.7/site-packages/airflow/example_dags/example_external_task_marker_dag.py
[2023-07-07T12:15:18.390+0000] {processor.py:756} INFO - Processing file /home/airflow/.local/lib/python3.7/site-packages/airflow/example_dags/example_external_task_marker_dag.py for tasks to queue
[2023-07-07T12:15:18.390+0000] {logging_mixin.py:120} INFO - [2023-07-07T12:15:18.390+0000] {dagbag.py:537} INFO - Filling up the DagBag from /home/airflow/.local/lib/python3.7/site-packages/airflow/example_dags/example_external_task_marker_dag.py
[2023-07-07T12:15:18.399+0000] {processor.py:766} INFO - DAG(s) dict_keys(['example_external_task_marker_child', 'example_external_task_marker_parent']) retrieved from /home/airflow/.local/lib/python3.7/site-packages/airflow/example_dags/example_external_task_marker_dag.py
[2023-07-07T12:15:18.534+0000] {logging_mixin.py:120} INFO - [2023-07-07T12:15:18.534+0000] {dag.py:2585} INFO - Sync 2 DAGs
[2023-07-07T12:15:18.554+0000] {logging_mixin.py:120} INFO - [2023-07-07T12:15:18.554+0000] {dag.py:3340} INFO - Setting next_dagrun for example_external_task_marker_child to None, run_after=None
[2023-07-07T12:15:18.557+0000] {logging_mixin.py:120} INFO - [2023-07-07T12:15:18.556+0000] {dag.py:3340} INFO - Setting next_dagrun for example_external_task_marker_parent to None, run_after=None
[2023-07-07T12:15:18.570+0000] {processor.py:176} INFO - Processing /home/airflow/.local/lib/python3.7/site-packages/airflow/example_dags/example_external_task_marker_dag.py took 0.182 seconds
[2023-07-07T12:15:49.428+0000] {processor.py:154} INFO - Started process (PID=1766) to work on /home/airflow/.local/lib/python3.7/site-packages/airflow/example_dags/example_external_task_marker_dag.py
[2023-07-07T12:15:49.432+0000] {processor.py:756} INFO - Processing file /home/airflow/.local/lib/python3.7/site-packages/airflow/example_dags/example_external_task_marker_dag.py for tasks to queue
[2023-07-07T12:15:49.432+0000] {logging_mixin.py:120} INFO - [2023-07-07T12:15:49.432+0000] {dagbag.py:537} INFO - Filling up the DagBag from /home/airflow/.local/lib/python3.7/site-packages/airflow/example_dags/example_external_task_marker_dag.py
[2023-07-07T12:15:49.441+0000] {processor.py:766} INFO - DAG(s) dict_keys(['example_external_task_marker_child', 'example_external_task_marker_parent']) retrieved from /home/airflow/.local/lib/python3.7/site-packages/airflow/example_dags/example_external_task_marker_dag.py
[2023-07-07T12:15:49.559+0000] {logging_mixin.py:120} INFO - [2023-07-07T12:15:49.559+0000] {dag.py:2585} INFO - Sync 2 DAGs
[2023-07-07T12:15:49.575+0000] {logging_mixin.py:120} INFO - [2023-07-07T12:15:49.575+0000] {dag.py:3340} INFO - Setting next_dagrun for example_external_task_marker_child to None, run_after=None
[2023-07-07T12:15:49.577+0000] {logging_mixin.py:120} INFO - [2023-07-07T12:15:49.577+0000] {dag.py:3340} INFO - Setting next_dagrun for example_external_task_marker_parent to None, run_after=None
[2023-07-07T12:15:49.589+0000] {processor.py:176} INFO - Processing /home/airflow/.local/lib/python3.7/site-packages/airflow/example_dags/example_external_task_marker_dag.py took 0.163 seconds
[2023-07-07T12:16:19.701+0000] {processor.py:154} INFO - Started process (PID=1835) to work on /home/airflow/.local/lib/python3.7/site-packages/airflow/example_dags/example_external_task_marker_dag.py
[2023-07-07T12:16:19.702+0000] {processor.py:756} INFO - Processing file /home/airflow/.local/lib/python3.7/site-packages/airflow/example_dags/example_external_task_marker_dag.py for tasks to queue
[2023-07-07T12:16:19.702+0000] {logging_mixin.py:120} INFO - [2023-07-07T12:16:19.702+0000] {dagbag.py:537} INFO - Filling up the DagBag from /home/airflow/.local/lib/python3.7/site-packages/airflow/example_dags/example_external_task_marker_dag.py
[2023-07-07T12:16:19.712+0000] {processor.py:766} INFO - DAG(s) dict_keys(['example_external_task_marker_parent', 'example_external_task_marker_child']) retrieved from /home/airflow/.local/lib/python3.7/site-packages/airflow/example_dags/example_external_task_marker_dag.py
[2023-07-07T12:16:19.827+0000] {logging_mixin.py:120} INFO - [2023-07-07T12:16:19.827+0000] {dag.py:2585} INFO - Sync 2 DAGs
[2023-07-07T12:16:19.843+0000] {logging_mixin.py:120} INFO - [2023-07-07T12:16:19.843+0000] {dag.py:3340} INFO - Setting next_dagrun for example_external_task_marker_child to None, run_after=None
[2023-07-07T12:16:19.845+0000] {logging_mixin.py:120} INFO - [2023-07-07T12:16:19.845+0000] {dag.py:3340} INFO - Setting next_dagrun for example_external_task_marker_parent to None, run_after=None
[2023-07-07T12:16:19.855+0000] {processor.py:176} INFO - Processing /home/airflow/.local/lib/python3.7/site-packages/airflow/example_dags/example_external_task_marker_dag.py took 0.157 seconds
[2023-07-07T12:16:50.102+0000] {processor.py:154} INFO - Started process (PID=1893) to work on /home/airflow/.local/lib/python3.7/site-packages/airflow/example_dags/example_external_task_marker_dag.py
[2023-07-07T12:16:50.106+0000] {processor.py:756} INFO - Processing file /home/airflow/.local/lib/python3.7/site-packages/airflow/example_dags/example_external_task_marker_dag.py for tasks to queue
[2023-07-07T12:16:50.107+0000] {logging_mixin.py:120} INFO - [2023-07-07T12:16:50.107+0000] {dagbag.py:537} INFO - Filling up the DagBag from /home/airflow/.local/lib/python3.7/site-packages/airflow/example_dags/example_external_task_marker_dag.py
[2023-07-07T12:16:50.118+0000] {processor.py:766} INFO - DAG(s) dict_keys(['example_external_task_marker_parent', 'example_external_task_marker_child']) retrieved from /home/airflow/.local/lib/python3.7/site-packages/airflow/example_dags/example_external_task_marker_dag.py
[2023-07-07T12:16:50.239+0000] {logging_mixin.py:120} INFO - [2023-07-07T12:16:50.238+0000] {dag.py:2585} INFO - Sync 2 DAGs
[2023-07-07T12:16:50.254+0000] {logging_mixin.py:120} INFO - [2023-07-07T12:16:50.254+0000] {dag.py:3340} INFO - Setting next_dagrun for example_external_task_marker_child to None, run_after=None
[2023-07-07T12:16:50.256+0000] {logging_mixin.py:120} INFO - [2023-07-07T12:16:50.256+0000] {dag.py:3340} INFO - Setting next_dagrun for example_external_task_marker_parent to None, run_after=None
[2023-07-07T12:16:50.266+0000] {processor.py:176} INFO - Processing /home/airflow/.local/lib/python3.7/site-packages/airflow/example_dags/example_external_task_marker_dag.py took 0.168 seconds
[2023-07-07T12:17:20.381+0000] {processor.py:154} INFO - Started process (PID=1959) to work on /home/airflow/.local/lib/python3.7/site-packages/airflow/example_dags/example_external_task_marker_dag.py
[2023-07-07T12:17:20.381+0000] {processor.py:756} INFO - Processing file /home/airflow/.local/lib/python3.7/site-packages/airflow/example_dags/example_external_task_marker_dag.py for tasks to queue
[2023-07-07T12:17:20.382+0000] {logging_mixin.py:120} INFO - [2023-07-07T12:17:20.382+0000] {dagbag.py:537} INFO - Filling up the DagBag from /home/airflow/.local/lib/python3.7/site-packages/airflow/example_dags/example_external_task_marker_dag.py
[2023-07-07T12:17:20.391+0000] {processor.py:766} INFO - DAG(s) dict_keys(['example_external_task_marker_child', 'example_external_task_marker_parent']) retrieved from /home/airflow/.local/lib/python3.7/site-packages/airflow/example_dags/example_external_task_marker_dag.py
[2023-07-07T12:17:20.510+0000] {logging_mixin.py:120} INFO - [2023-07-07T12:17:20.510+0000] {dag.py:2585} INFO - Sync 2 DAGs
[2023-07-07T12:17:20.526+0000] {logging_mixin.py:120} INFO - [2023-07-07T12:17:20.526+0000] {dag.py:3340} INFO - Setting next_dagrun for example_external_task_marker_child to None, run_after=None
[2023-07-07T12:17:20.528+0000] {logging_mixin.py:120} INFO - [2023-07-07T12:17:20.528+0000] {dag.py:3340} INFO - Setting next_dagrun for example_external_task_marker_parent to None, run_after=None
[2023-07-07T12:17:20.539+0000] {processor.py:176} INFO - Processing /home/airflow/.local/lib/python3.7/site-packages/airflow/example_dags/example_external_task_marker_dag.py took 0.161 seconds
[2023-07-07T12:17:50.562+0000] {processor.py:154} INFO - Started process (PID=2026) to work on /home/airflow/.local/lib/python3.7/site-packages/airflow/example_dags/example_external_task_marker_dag.py
[2023-07-07T12:17:50.562+0000] {processor.py:756} INFO - Processing file /home/airflow/.local/lib/python3.7/site-packages/airflow/example_dags/example_external_task_marker_dag.py for tasks to queue
[2023-07-07T12:17:50.563+0000] {logging_mixin.py:120} INFO - [2023-07-07T12:17:50.563+0000] {dagbag.py:537} INFO - Filling up the DagBag from /home/airflow/.local/lib/python3.7/site-packages/airflow/example_dags/example_external_task_marker_dag.py
[2023-07-07T12:17:50.571+0000] {processor.py:766} INFO - DAG(s) dict_keys(['example_external_task_marker_parent', 'example_external_task_marker_child']) retrieved from /home/airflow/.local/lib/python3.7/site-packages/airflow/example_dags/example_external_task_marker_dag.py
[2023-07-07T12:17:50.710+0000] {logging_mixin.py:120} INFO - [2023-07-07T12:17:50.710+0000] {dag.py:2585} INFO - Sync 2 DAGs
[2023-07-07T12:17:50.730+0000] {logging_mixin.py:120} INFO - [2023-07-07T12:17:50.730+0000] {dag.py:3340} INFO - Setting next_dagrun for example_external_task_marker_child to None, run_after=None
[2023-07-07T12:17:50.734+0000] {logging_mixin.py:120} INFO - [2023-07-07T12:17:50.733+0000] {dag.py:3340} INFO - Setting next_dagrun for example_external_task_marker_parent to None, run_after=None
[2023-07-07T12:17:50.745+0000] {processor.py:176} INFO - Processing /home/airflow/.local/lib/python3.7/site-packages/airflow/example_dags/example_external_task_marker_dag.py took 0.185 seconds
[2023-07-07T12:18:20.819+0000] {processor.py:154} INFO - Started process (PID=2094) to work on /home/airflow/.local/lib/python3.7/site-packages/airflow/example_dags/example_external_task_marker_dag.py
[2023-07-07T12:18:20.820+0000] {processor.py:756} INFO - Processing file /home/airflow/.local/lib/python3.7/site-packages/airflow/example_dags/example_external_task_marker_dag.py for tasks to queue
[2023-07-07T12:18:20.821+0000] {logging_mixin.py:120} INFO - [2023-07-07T12:18:20.821+0000] {dagbag.py:537} INFO - Filling up the DagBag from /home/airflow/.local/lib/python3.7/site-packages/airflow/example_dags/example_external_task_marker_dag.py
[2023-07-07T12:18:20.835+0000] {processor.py:766} INFO - DAG(s) dict_keys(['example_external_task_marker_child', 'example_external_task_marker_parent']) retrieved from /home/airflow/.local/lib/python3.7/site-packages/airflow/example_dags/example_external_task_marker_dag.py
[2023-07-07T12:18:20.947+0000] {logging_mixin.py:120} INFO - [2023-07-07T12:18:20.947+0000] {dag.py:2585} INFO - Sync 2 DAGs
[2023-07-07T12:18:20.963+0000] {logging_mixin.py:120} INFO - [2023-07-07T12:18:20.962+0000] {dag.py:3340} INFO - Setting next_dagrun for example_external_task_marker_child to None, run_after=None
[2023-07-07T12:18:20.965+0000] {logging_mixin.py:120} INFO - [2023-07-07T12:18:20.965+0000] {dag.py:3340} INFO - Setting next_dagrun for example_external_task_marker_parent to None, run_after=None
[2023-07-07T12:18:20.976+0000] {processor.py:176} INFO - Processing /home/airflow/.local/lib/python3.7/site-packages/airflow/example_dags/example_external_task_marker_dag.py took 0.161 seconds
[2023-07-07T12:18:51.166+0000] {processor.py:154} INFO - Started process (PID=2161) to work on /home/airflow/.local/lib/python3.7/site-packages/airflow/example_dags/example_external_task_marker_dag.py
[2023-07-07T12:18:51.169+0000] {processor.py:756} INFO - Processing file /home/airflow/.local/lib/python3.7/site-packages/airflow/example_dags/example_external_task_marker_dag.py for tasks to queue
[2023-07-07T12:18:51.170+0000] {logging_mixin.py:120} INFO - [2023-07-07T12:18:51.170+0000] {dagbag.py:537} INFO - Filling up the DagBag from /home/airflow/.local/lib/python3.7/site-packages/airflow/example_dags/example_external_task_marker_dag.py
[2023-07-07T12:18:51.178+0000] {processor.py:766} INFO - DAG(s) dict_keys(['example_external_task_marker_parent', 'example_external_task_marker_child']) retrieved from /home/airflow/.local/lib/python3.7/site-packages/airflow/example_dags/example_external_task_marker_dag.py
[2023-07-07T12:18:51.300+0000] {logging_mixin.py:120} INFO - [2023-07-07T12:18:51.300+0000] {dag.py:2585} INFO - Sync 2 DAGs
[2023-07-07T12:18:51.315+0000] {logging_mixin.py:120} INFO - [2023-07-07T12:18:51.315+0000] {dag.py:3340} INFO - Setting next_dagrun for example_external_task_marker_child to None, run_after=None
[2023-07-07T12:18:51.318+0000] {logging_mixin.py:120} INFO - [2023-07-07T12:18:51.317+0000] {dag.py:3340} INFO - Setting next_dagrun for example_external_task_marker_parent to None, run_after=None
[2023-07-07T12:18:51.330+0000] {processor.py:176} INFO - Processing /home/airflow/.local/lib/python3.7/site-packages/airflow/example_dags/example_external_task_marker_dag.py took 0.166 seconds
[2023-07-07T12:19:21.437+0000] {processor.py:154} INFO - Started process (PID=2219) to work on /home/airflow/.local/lib/python3.7/site-packages/airflow/example_dags/example_external_task_marker_dag.py
[2023-07-07T12:19:21.441+0000] {processor.py:756} INFO - Processing file /home/airflow/.local/lib/python3.7/site-packages/airflow/example_dags/example_external_task_marker_dag.py for tasks to queue
[2023-07-07T12:19:21.441+0000] {logging_mixin.py:120} INFO - [2023-07-07T12:19:21.441+0000] {dagbag.py:537} INFO - Filling up the DagBag from /home/airflow/.local/lib/python3.7/site-packages/airflow/example_dags/example_external_task_marker_dag.py
[2023-07-07T12:19:21.450+0000] {processor.py:766} INFO - DAG(s) dict_keys(['example_external_task_marker_parent', 'example_external_task_marker_child']) retrieved from /home/airflow/.local/lib/python3.7/site-packages/airflow/example_dags/example_external_task_marker_dag.py
[2023-07-07T12:19:21.561+0000] {logging_mixin.py:120} INFO - [2023-07-07T12:19:21.561+0000] {dag.py:2585} INFO - Sync 2 DAGs
[2023-07-07T12:19:21.576+0000] {logging_mixin.py:120} INFO - [2023-07-07T12:19:21.576+0000] {dag.py:3340} INFO - Setting next_dagrun for example_external_task_marker_child to None, run_after=None
[2023-07-07T12:19:21.578+0000] {logging_mixin.py:120} INFO - [2023-07-07T12:19:21.578+0000] {dag.py:3340} INFO - Setting next_dagrun for example_external_task_marker_parent to None, run_after=None
[2023-07-07T12:19:21.587+0000] {processor.py:176} INFO - Processing /home/airflow/.local/lib/python3.7/site-packages/airflow/example_dags/example_external_task_marker_dag.py took 0.152 seconds
[2023-07-07T12:19:51.642+0000] {processor.py:154} INFO - Started process (PID=2287) to work on /home/airflow/.local/lib/python3.7/site-packages/airflow/example_dags/example_external_task_marker_dag.py
[2023-07-07T12:19:51.645+0000] {processor.py:756} INFO - Processing file /home/airflow/.local/lib/python3.7/site-packages/airflow/example_dags/example_external_task_marker_dag.py for tasks to queue
[2023-07-07T12:19:51.646+0000] {logging_mixin.py:120} INFO - [2023-07-07T12:19:51.646+0000] {dagbag.py:537} INFO - Filling up the DagBag from /home/airflow/.local/lib/python3.7/site-packages/airflow/example_dags/example_external_task_marker_dag.py
[2023-07-07T12:19:51.654+0000] {processor.py:766} INFO - DAG(s) dict_keys(['example_external_task_marker_child', 'example_external_task_marker_parent']) retrieved from /home/airflow/.local/lib/python3.7/site-packages/airflow/example_dags/example_external_task_marker_dag.py
[2023-07-07T12:19:51.804+0000] {logging_mixin.py:120} INFO - [2023-07-07T12:19:51.804+0000] {dag.py:2585} INFO - Sync 2 DAGs
[2023-07-07T12:19:51.819+0000] {logging_mixin.py:120} INFO - [2023-07-07T12:19:51.819+0000] {dag.py:3340} INFO - Setting next_dagrun for example_external_task_marker_child to None, run_after=None
[2023-07-07T12:19:51.821+0000] {logging_mixin.py:120} INFO - [2023-07-07T12:19:51.821+0000] {dag.py:3340} INFO - Setting next_dagrun for example_external_task_marker_parent to None, run_after=None
[2023-07-07T12:19:51.833+0000] {processor.py:176} INFO - Processing /home/airflow/.local/lib/python3.7/site-packages/airflow/example_dags/example_external_task_marker_dag.py took 0.192 seconds
[2023-07-07T12:20:21.850+0000] {processor.py:154} INFO - Started process (PID=2354) to work on /home/airflow/.local/lib/python3.7/site-packages/airflow/example_dags/example_external_task_marker_dag.py
[2023-07-07T12:20:21.853+0000] {processor.py:756} INFO - Processing file /home/airflow/.local/lib/python3.7/site-packages/airflow/example_dags/example_external_task_marker_dag.py for tasks to queue
[2023-07-07T12:20:21.854+0000] {logging_mixin.py:120} INFO - [2023-07-07T12:20:21.853+0000] {dagbag.py:537} INFO - Filling up the DagBag from /home/airflow/.local/lib/python3.7/site-packages/airflow/example_dags/example_external_task_marker_dag.py
[2023-07-07T12:20:21.861+0000] {processor.py:766} INFO - DAG(s) dict_keys(['example_external_task_marker_parent', 'example_external_task_marker_child']) retrieved from /home/airflow/.local/lib/python3.7/site-packages/airflow/example_dags/example_external_task_marker_dag.py
[2023-07-07T12:20:21.974+0000] {logging_mixin.py:120} INFO - [2023-07-07T12:20:21.974+0000] {dag.py:2585} INFO - Sync 2 DAGs
[2023-07-07T12:20:21.989+0000] {logging_mixin.py:120} INFO - [2023-07-07T12:20:21.989+0000] {dag.py:3340} INFO - Setting next_dagrun for example_external_task_marker_child to None, run_after=None
[2023-07-07T12:20:21.991+0000] {logging_mixin.py:120} INFO - [2023-07-07T12:20:21.991+0000] {dag.py:3340} INFO - Setting next_dagrun for example_external_task_marker_parent to None, run_after=None
[2023-07-07T12:20:22.001+0000] {processor.py:176} INFO - Processing /home/airflow/.local/lib/python3.7/site-packages/airflow/example_dags/example_external_task_marker_dag.py took 0.153 seconds
[2023-07-07T12:20:52.117+0000] {processor.py:154} INFO - Started process (PID=2421) to work on /home/airflow/.local/lib/python3.7/site-packages/airflow/example_dags/example_external_task_marker_dag.py
[2023-07-07T12:20:52.117+0000] {processor.py:756} INFO - Processing file /home/airflow/.local/lib/python3.7/site-packages/airflow/example_dags/example_external_task_marker_dag.py for tasks to queue
[2023-07-07T12:20:52.118+0000] {logging_mixin.py:120} INFO - [2023-07-07T12:20:52.118+0000] {dagbag.py:537} INFO - Filling up the DagBag from /home/airflow/.local/lib/python3.7/site-packages/airflow/example_dags/example_external_task_marker_dag.py
[2023-07-07T12:20:52.126+0000] {processor.py:766} INFO - DAG(s) dict_keys(['example_external_task_marker_child', 'example_external_task_marker_parent']) retrieved from /home/airflow/.local/lib/python3.7/site-packages/airflow/example_dags/example_external_task_marker_dag.py
[2023-07-07T12:20:52.240+0000] {logging_mixin.py:120} INFO - [2023-07-07T12:20:52.240+0000] {dag.py:2585} INFO - Sync 2 DAGs
[2023-07-07T12:20:52.255+0000] {logging_mixin.py:120} INFO - [2023-07-07T12:20:52.254+0000] {dag.py:3340} INFO - Setting next_dagrun for example_external_task_marker_child to None, run_after=None
[2023-07-07T12:20:52.257+0000] {logging_mixin.py:120} INFO - [2023-07-07T12:20:52.257+0000] {dag.py:3340} INFO - Setting next_dagrun for example_external_task_marker_parent to None, run_after=None
[2023-07-07T12:20:52.268+0000] {processor.py:176} INFO - Processing /home/airflow/.local/lib/python3.7/site-packages/airflow/example_dags/example_external_task_marker_dag.py took 0.155 seconds
[2023-07-07T12:21:22.414+0000] {processor.py:154} INFO - Started process (PID=2479) to work on /home/airflow/.local/lib/python3.7/site-packages/airflow/example_dags/example_external_task_marker_dag.py
[2023-07-07T12:21:22.417+0000] {processor.py:756} INFO - Processing file /home/airflow/.local/lib/python3.7/site-packages/airflow/example_dags/example_external_task_marker_dag.py for tasks to queue
[2023-07-07T12:21:22.418+0000] {logging_mixin.py:120} INFO - [2023-07-07T12:21:22.418+0000] {dagbag.py:537} INFO - Filling up the DagBag from /home/airflow/.local/lib/python3.7/site-packages/airflow/example_dags/example_external_task_marker_dag.py
[2023-07-07T12:21:22.427+0000] {processor.py:766} INFO - DAG(s) dict_keys(['example_external_task_marker_parent', 'example_external_task_marker_child']) retrieved from /home/airflow/.local/lib/python3.7/site-packages/airflow/example_dags/example_external_task_marker_dag.py
[2023-07-07T12:21:22.592+0000] {logging_mixin.py:120} INFO - [2023-07-07T12:21:22.592+0000] {dag.py:2585} INFO - Sync 2 DAGs
[2023-07-07T12:21:22.612+0000] {logging_mixin.py:120} INFO - [2023-07-07T12:21:22.612+0000] {dag.py:3340} INFO - Setting next_dagrun for example_external_task_marker_child to None, run_after=None
[2023-07-07T12:21:22.614+0000] {logging_mixin.py:120} INFO - [2023-07-07T12:21:22.614+0000] {dag.py:3340} INFO - Setting next_dagrun for example_external_task_marker_parent to None, run_after=None
[2023-07-07T12:21:22.626+0000] {processor.py:176} INFO - Processing /home/airflow/.local/lib/python3.7/site-packages/airflow/example_dags/example_external_task_marker_dag.py took 0.214 seconds
[2023-07-07T12:22:00.768+0000] {processor.py:154} INFO - Started process (PID=74) to work on /home/airflow/.local/lib/python3.7/site-packages/airflow/example_dags/example_external_task_marker_dag.py
[2023-07-07T12:22:00.769+0000] {processor.py:756} INFO - Processing file /home/airflow/.local/lib/python3.7/site-packages/airflow/example_dags/example_external_task_marker_dag.py for tasks to queue
[2023-07-07T12:22:00.769+0000] {logging_mixin.py:120} INFO - [2023-07-07T12:22:00.769+0000] {dagbag.py:537} INFO - Filling up the DagBag from /home/airflow/.local/lib/python3.7/site-packages/airflow/example_dags/example_external_task_marker_dag.py
[2023-07-07T12:22:00.786+0000] {processor.py:766} INFO - DAG(s) dict_keys(['example_external_task_marker_parent', 'example_external_task_marker_child']) retrieved from /home/airflow/.local/lib/python3.7/site-packages/airflow/example_dags/example_external_task_marker_dag.py
[2023-07-07T12:22:00.888+0000] {logging_mixin.py:120} INFO - [2023-07-07T12:22:00.888+0000] {dag.py:2585} INFO - Sync 2 DAGs
[2023-07-07T12:22:00.948+0000] {logging_mixin.py:120} INFO - [2023-07-07T12:22:00.948+0000] {dag.py:3340} INFO - Setting next_dagrun for example_external_task_marker_child to None, run_after=None
[2023-07-07T12:22:00.954+0000] {logging_mixin.py:120} INFO - [2023-07-07T12:22:00.953+0000] {dag.py:3340} INFO - Setting next_dagrun for example_external_task_marker_parent to None, run_after=None
[2023-07-07T12:22:01.000+0000] {processor.py:176} INFO - Processing /home/airflow/.local/lib/python3.7/site-packages/airflow/example_dags/example_external_task_marker_dag.py took 0.236 seconds
[2023-07-07T12:22:31.176+0000] {processor.py:154} INFO - Started process (PID=132) to work on /home/airflow/.local/lib/python3.7/site-packages/airflow/example_dags/example_external_task_marker_dag.py
[2023-07-07T12:22:31.176+0000] {processor.py:756} INFO - Processing file /home/airflow/.local/lib/python3.7/site-packages/airflow/example_dags/example_external_task_marker_dag.py for tasks to queue
[2023-07-07T12:22:31.177+0000] {logging_mixin.py:120} INFO - [2023-07-07T12:22:31.177+0000] {dagbag.py:537} INFO - Filling up the DagBag from /home/airflow/.local/lib/python3.7/site-packages/airflow/example_dags/example_external_task_marker_dag.py
[2023-07-07T12:22:31.186+0000] {processor.py:766} INFO - DAG(s) dict_keys(['example_external_task_marker_child', 'example_external_task_marker_parent']) retrieved from /home/airflow/.local/lib/python3.7/site-packages/airflow/example_dags/example_external_task_marker_dag.py
[2023-07-07T12:22:31.315+0000] {logging_mixin.py:120} INFO - [2023-07-07T12:22:31.315+0000] {dag.py:2585} INFO - Sync 2 DAGs
[2023-07-07T12:22:31.331+0000] {logging_mixin.py:120} INFO - [2023-07-07T12:22:31.330+0000] {dag.py:3340} INFO - Setting next_dagrun for example_external_task_marker_child to None, run_after=None
[2023-07-07T12:22:31.333+0000] {logging_mixin.py:120} INFO - [2023-07-07T12:22:31.333+0000] {dag.py:3340} INFO - Setting next_dagrun for example_external_task_marker_parent to None, run_after=None
[2023-07-07T12:22:31.344+0000] {processor.py:176} INFO - Processing /home/airflow/.local/lib/python3.7/site-packages/airflow/example_dags/example_external_task_marker_dag.py took 0.170 seconds
[2023-07-07T12:23:02.492+0000] {processor.py:154} INFO - Started process (PID=199) to work on /home/airflow/.local/lib/python3.7/site-packages/airflow/example_dags/example_external_task_marker_dag.py
[2023-07-07T12:23:02.492+0000] {processor.py:756} INFO - Processing file /home/airflow/.local/lib/python3.7/site-packages/airflow/example_dags/example_external_task_marker_dag.py for tasks to queue
[2023-07-07T12:23:02.492+0000] {logging_mixin.py:120} INFO - [2023-07-07T12:23:02.492+0000] {dagbag.py:537} INFO - Filling up the DagBag from /home/airflow/.local/lib/python3.7/site-packages/airflow/example_dags/example_external_task_marker_dag.py
[2023-07-07T12:23:02.500+0000] {processor.py:766} INFO - DAG(s) dict_keys(['example_external_task_marker_parent', 'example_external_task_marker_child']) retrieved from /home/airflow/.local/lib/python3.7/site-packages/airflow/example_dags/example_external_task_marker_dag.py
[2023-07-07T12:23:02.617+0000] {logging_mixin.py:120} INFO - [2023-07-07T12:23:02.617+0000] {dag.py:2585} INFO - Sync 2 DAGs
[2023-07-07T12:23:02.633+0000] {logging_mixin.py:120} INFO - [2023-07-07T12:23:02.633+0000] {dag.py:3340} INFO - Setting next_dagrun for example_external_task_marker_child to None, run_after=None
[2023-07-07T12:23:02.635+0000] {logging_mixin.py:120} INFO - [2023-07-07T12:23:02.635+0000] {dag.py:3340} INFO - Setting next_dagrun for example_external_task_marker_parent to None, run_after=None
[2023-07-07T12:23:02.645+0000] {processor.py:176} INFO - Processing /home/airflow/.local/lib/python3.7/site-packages/airflow/example_dags/example_external_task_marker_dag.py took 0.155 seconds
[2023-07-07T12:23:32.892+0000] {processor.py:154} INFO - Started process (PID=265) to work on /home/airflow/.local/lib/python3.7/site-packages/airflow/example_dags/example_external_task_marker_dag.py
[2023-07-07T12:23:32.893+0000] {processor.py:756} INFO - Processing file /home/airflow/.local/lib/python3.7/site-packages/airflow/example_dags/example_external_task_marker_dag.py for tasks to queue
[2023-07-07T12:23:32.893+0000] {logging_mixin.py:120} INFO - [2023-07-07T12:23:32.893+0000] {dagbag.py:537} INFO - Filling up the DagBag from /home/airflow/.local/lib/python3.7/site-packages/airflow/example_dags/example_external_task_marker_dag.py
[2023-07-07T12:23:32.901+0000] {processor.py:766} INFO - DAG(s) dict_keys(['example_external_task_marker_parent', 'example_external_task_marker_child']) retrieved from /home/airflow/.local/lib/python3.7/site-packages/airflow/example_dags/example_external_task_marker_dag.py
[2023-07-07T12:23:33.033+0000] {logging_mixin.py:120} INFO - [2023-07-07T12:23:33.033+0000] {dag.py:2585} INFO - Sync 2 DAGs
[2023-07-07T12:23:33.051+0000] {logging_mixin.py:120} INFO - [2023-07-07T12:23:33.051+0000] {dag.py:3340} INFO - Setting next_dagrun for example_external_task_marker_child to None, run_after=None
[2023-07-07T12:23:33.053+0000] {logging_mixin.py:120} INFO - [2023-07-07T12:23:33.053+0000] {dag.py:3340} INFO - Setting next_dagrun for example_external_task_marker_parent to None, run_after=None
[2023-07-07T12:23:33.066+0000] {processor.py:176} INFO - Processing /home/airflow/.local/lib/python3.7/site-packages/airflow/example_dags/example_external_task_marker_dag.py took 0.176 seconds
[2023-07-07T12:24:03.438+0000] {processor.py:154} INFO - Started process (PID=332) to work on /home/airflow/.local/lib/python3.7/site-packages/airflow/example_dags/example_external_task_marker_dag.py
[2023-07-07T12:24:03.438+0000] {processor.py:756} INFO - Processing file /home/airflow/.local/lib/python3.7/site-packages/airflow/example_dags/example_external_task_marker_dag.py for tasks to queue
[2023-07-07T12:24:03.439+0000] {logging_mixin.py:120} INFO - [2023-07-07T12:24:03.439+0000] {dagbag.py:537} INFO - Filling up the DagBag from /home/airflow/.local/lib/python3.7/site-packages/airflow/example_dags/example_external_task_marker_dag.py
[2023-07-07T12:24:03.448+0000] {processor.py:766} INFO - DAG(s) dict_keys(['example_external_task_marker_child', 'example_external_task_marker_parent']) retrieved from /home/airflow/.local/lib/python3.7/site-packages/airflow/example_dags/example_external_task_marker_dag.py
[2023-07-07T12:24:03.581+0000] {logging_mixin.py:120} INFO - [2023-07-07T12:24:03.581+0000] {dag.py:2585} INFO - Sync 2 DAGs
[2023-07-07T12:24:03.599+0000] {logging_mixin.py:120} INFO - [2023-07-07T12:24:03.598+0000] {dag.py:3340} INFO - Setting next_dagrun for example_external_task_marker_child to None, run_after=None
[2023-07-07T12:24:03.601+0000] {logging_mixin.py:120} INFO - [2023-07-07T12:24:03.601+0000] {dag.py:3340} INFO - Setting next_dagrun for example_external_task_marker_parent to None, run_after=None
[2023-07-07T12:24:03.612+0000] {processor.py:176} INFO - Processing /home/airflow/.local/lib/python3.7/site-packages/airflow/example_dags/example_external_task_marker_dag.py took 0.176 seconds
[2023-07-07T12:24:33.970+0000] {processor.py:154} INFO - Started process (PID=399) to work on /home/airflow/.local/lib/python3.7/site-packages/airflow/example_dags/example_external_task_marker_dag.py
[2023-07-07T12:24:33.971+0000] {processor.py:756} INFO - Processing file /home/airflow/.local/lib/python3.7/site-packages/airflow/example_dags/example_external_task_marker_dag.py for tasks to queue
[2023-07-07T12:24:33.972+0000] {logging_mixin.py:120} INFO - [2023-07-07T12:24:33.971+0000] {dagbag.py:537} INFO - Filling up the DagBag from /home/airflow/.local/lib/python3.7/site-packages/airflow/example_dags/example_external_task_marker_dag.py
[2023-07-07T12:24:33.983+0000] {processor.py:766} INFO - DAG(s) dict_keys(['example_external_task_marker_child', 'example_external_task_marker_parent']) retrieved from /home/airflow/.local/lib/python3.7/site-packages/airflow/example_dags/example_external_task_marker_dag.py
[2023-07-07T12:24:34.110+0000] {logging_mixin.py:120} INFO - [2023-07-07T12:24:34.110+0000] {dag.py:2585} INFO - Sync 2 DAGs
[2023-07-07T12:24:34.126+0000] {logging_mixin.py:120} INFO - [2023-07-07T12:24:34.126+0000] {dag.py:3340} INFO - Setting next_dagrun for example_external_task_marker_child to None, run_after=None
[2023-07-07T12:24:34.129+0000] {logging_mixin.py:120} INFO - [2023-07-07T12:24:34.129+0000] {dag.py:3340} INFO - Setting next_dagrun for example_external_task_marker_parent to None, run_after=None
[2023-07-07T12:24:34.139+0000] {processor.py:176} INFO - Processing /home/airflow/.local/lib/python3.7/site-packages/airflow/example_dags/example_external_task_marker_dag.py took 0.171 seconds
[2023-07-07T12:25:05.047+0000] {processor.py:154} INFO - Started process (PID=456) to work on /home/airflow/.local/lib/python3.7/site-packages/airflow/example_dags/example_external_task_marker_dag.py
[2023-07-07T12:25:05.048+0000] {processor.py:756} INFO - Processing file /home/airflow/.local/lib/python3.7/site-packages/airflow/example_dags/example_external_task_marker_dag.py for tasks to queue
[2023-07-07T12:25:05.048+0000] {logging_mixin.py:120} INFO - [2023-07-07T12:25:05.048+0000] {dagbag.py:537} INFO - Filling up the DagBag from /home/airflow/.local/lib/python3.7/site-packages/airflow/example_dags/example_external_task_marker_dag.py
[2023-07-07T12:25:05.057+0000] {processor.py:766} INFO - DAG(s) dict_keys(['example_external_task_marker_parent', 'example_external_task_marker_child']) retrieved from /home/airflow/.local/lib/python3.7/site-packages/airflow/example_dags/example_external_task_marker_dag.py
[2023-07-07T12:25:05.182+0000] {logging_mixin.py:120} INFO - [2023-07-07T12:25:05.182+0000] {dag.py:2585} INFO - Sync 2 DAGs
[2023-07-07T12:25:05.198+0000] {logging_mixin.py:120} INFO - [2023-07-07T12:25:05.198+0000] {dag.py:3340} INFO - Setting next_dagrun for example_external_task_marker_child to None, run_after=None
[2023-07-07T12:25:05.200+0000] {logging_mixin.py:120} INFO - [2023-07-07T12:25:05.200+0000] {dag.py:3340} INFO - Setting next_dagrun for example_external_task_marker_parent to None, run_after=None
[2023-07-07T12:25:05.211+0000] {processor.py:176} INFO - Processing /home/airflow/.local/lib/python3.7/site-packages/airflow/example_dags/example_external_task_marker_dag.py took 0.166 seconds
