[2023-07-07T12:00:24.206+0000] {processor.py:154} INFO - Started process (PID=43) to work on /home/airflow/.local/lib/python3.7/site-packages/airflow/example_dags/example_short_circuit_operator.py
[2023-07-07T12:00:24.206+0000] {processor.py:756} INFO - Processing file /home/airflow/.local/lib/python3.7/site-packages/airflow/example_dags/example_short_circuit_operator.py for tasks to queue
[2023-07-07T12:00:24.207+0000] {logging_mixin.py:120} INFO - [2023-07-07T12:00:24.207+0000] {dagbag.py:537} INFO - Filling up the DagBag from /home/airflow/.local/lib/python3.7/site-packages/airflow/example_dags/example_short_circuit_operator.py
[2023-07-07T12:00:24.219+0000] {processor.py:766} INFO - DAG(s) dict_keys(['example_short_circuit_operator']) retrieved from /home/airflow/.local/lib/python3.7/site-packages/airflow/example_dags/example_short_circuit_operator.py
[2023-07-07T12:00:24.248+0000] {logging_mixin.py:120} INFO - [2023-07-07T12:00:24.248+0000] {dag.py:2585} INFO - Sync 1 DAGs
[2023-07-07T12:00:24.268+0000] {logging_mixin.py:120} INFO - [2023-07-07T12:00:24.268+0000] {dag.py:3340} INFO - Setting next_dagrun for example_short_circuit_operator to 2023-07-06T12:00:24.267980+00:00, run_after=2023-07-07T12:00:24.267980+00:00
[2023-07-07T12:00:24.284+0000] {processor.py:176} INFO - Processing /home/airflow/.local/lib/python3.7/site-packages/airflow/example_dags/example_short_circuit_operator.py took 0.080 seconds
[2023-07-07T12:00:55.297+0000] {processor.py:154} INFO - Started process (PID=109) to work on /home/airflow/.local/lib/python3.7/site-packages/airflow/example_dags/example_short_circuit_operator.py
[2023-07-07T12:00:55.298+0000] {processor.py:756} INFO - Processing file /home/airflow/.local/lib/python3.7/site-packages/airflow/example_dags/example_short_circuit_operator.py for tasks to queue
[2023-07-07T12:00:55.298+0000] {logging_mixin.py:120} INFO - [2023-07-07T12:00:55.298+0000] {dagbag.py:537} INFO - Filling up the DagBag from /home/airflow/.local/lib/python3.7/site-packages/airflow/example_dags/example_short_circuit_operator.py
[2023-07-07T12:00:55.307+0000] {processor.py:766} INFO - DAG(s) dict_keys(['example_short_circuit_operator']) retrieved from /home/airflow/.local/lib/python3.7/site-packages/airflow/example_dags/example_short_circuit_operator.py
[2023-07-07T12:00:55.329+0000] {logging_mixin.py:120} INFO - [2023-07-07T12:00:55.329+0000] {dag.py:2585} INFO - Sync 1 DAGs
[2023-07-07T12:00:55.344+0000] {logging_mixin.py:120} INFO - [2023-07-07T12:00:55.344+0000] {dag.py:3340} INFO - Setting next_dagrun for example_short_circuit_operator to 2023-07-06T12:00:55.344218+00:00, run_after=2023-07-07T12:00:55.344218+00:00
[2023-07-07T12:00:55.356+0000] {processor.py:176} INFO - Processing /home/airflow/.local/lib/python3.7/site-packages/airflow/example_dags/example_short_circuit_operator.py took 0.060 seconds
[2023-07-07T12:01:26.545+0000] {processor.py:154} INFO - Started process (PID=178) to work on /home/airflow/.local/lib/python3.7/site-packages/airflow/example_dags/example_short_circuit_operator.py
[2023-07-07T12:01:26.546+0000] {processor.py:756} INFO - Processing file /home/airflow/.local/lib/python3.7/site-packages/airflow/example_dags/example_short_circuit_operator.py for tasks to queue
[2023-07-07T12:01:26.546+0000] {logging_mixin.py:120} INFO - [2023-07-07T12:01:26.546+0000] {dagbag.py:537} INFO - Filling up the DagBag from /home/airflow/.local/lib/python3.7/site-packages/airflow/example_dags/example_short_circuit_operator.py
[2023-07-07T12:01:26.556+0000] {processor.py:766} INFO - DAG(s) dict_keys(['example_short_circuit_operator']) retrieved from /home/airflow/.local/lib/python3.7/site-packages/airflow/example_dags/example_short_circuit_operator.py
[2023-07-07T12:01:26.585+0000] {logging_mixin.py:120} INFO - [2023-07-07T12:01:26.585+0000] {dag.py:2585} INFO - Sync 1 DAGs
[2023-07-07T12:01:26.608+0000] {logging_mixin.py:120} INFO - [2023-07-07T12:01:26.608+0000] {dag.py:3340} INFO - Setting next_dagrun for example_short_circuit_operator to 2023-07-06T12:01:26.608255+00:00, run_after=2023-07-07T12:01:26.608255+00:00
[2023-07-07T12:01:26.626+0000] {processor.py:176} INFO - Processing /home/airflow/.local/lib/python3.7/site-packages/airflow/example_dags/example_short_circuit_operator.py took 0.082 seconds
[2023-07-07T12:01:57.304+0000] {processor.py:154} INFO - Started process (PID=245) to work on /home/airflow/.local/lib/python3.7/site-packages/airflow/example_dags/example_short_circuit_operator.py
[2023-07-07T12:01:57.314+0000] {processor.py:756} INFO - Processing file /home/airflow/.local/lib/python3.7/site-packages/airflow/example_dags/example_short_circuit_operator.py for tasks to queue
[2023-07-07T12:01:57.415+0000] {logging_mixin.py:120} INFO - [2023-07-07T12:01:57.415+0000] {dagbag.py:537} INFO - Filling up the DagBag from /home/airflow/.local/lib/python3.7/site-packages/airflow/example_dags/example_short_circuit_operator.py
[2023-07-07T12:01:57.439+0000] {processor.py:766} INFO - DAG(s) dict_keys(['example_short_circuit_operator']) retrieved from /home/airflow/.local/lib/python3.7/site-packages/airflow/example_dags/example_short_circuit_operator.py
[2023-07-07T12:01:57.558+0000] {logging_mixin.py:120} INFO - [2023-07-07T12:01:57.558+0000] {dag.py:2585} INFO - Sync 1 DAGs
[2023-07-07T12:01:57.657+0000] {logging_mixin.py:120} INFO - [2023-07-07T12:01:57.657+0000] {dag.py:3340} INFO - Setting next_dagrun for example_short_circuit_operator to 2023-07-06T12:01:57.657154+00:00, run_after=2023-07-07T12:01:57.657154+00:00
[2023-07-07T12:01:58.057+0000] {processor.py:176} INFO - Processing /home/airflow/.local/lib/python3.7/site-packages/airflow/example_dags/example_short_circuit_operator.py took 0.755 seconds
[2023-07-07T12:02:34.470+0000] {processor.py:154} INFO - Started process (PID=44) to work on /home/airflow/.local/lib/python3.7/site-packages/airflow/example_dags/example_short_circuit_operator.py
[2023-07-07T12:02:34.471+0000] {processor.py:756} INFO - Processing file /home/airflow/.local/lib/python3.7/site-packages/airflow/example_dags/example_short_circuit_operator.py for tasks to queue
[2023-07-07T12:02:34.472+0000] {logging_mixin.py:120} INFO - [2023-07-07T12:02:34.472+0000] {dagbag.py:537} INFO - Filling up the DagBag from /home/airflow/.local/lib/python3.7/site-packages/airflow/example_dags/example_short_circuit_operator.py
[2023-07-07T12:02:34.502+0000] {processor.py:766} INFO - DAG(s) dict_keys(['example_short_circuit_operator']) retrieved from /home/airflow/.local/lib/python3.7/site-packages/airflow/example_dags/example_short_circuit_operator.py
[2023-07-07T12:02:34.551+0000] {logging_mixin.py:120} INFO - [2023-07-07T12:02:34.551+0000] {dag.py:2585} INFO - Sync 1 DAGs
[2023-07-07T12:02:34.587+0000] {logging_mixin.py:120} INFO - [2023-07-07T12:02:34.587+0000] {dag.py:3340} INFO - Setting next_dagrun for example_short_circuit_operator to 2023-07-06T12:02:34.587428+00:00, run_after=2023-07-07T12:02:34.587428+00:00
[2023-07-07T12:02:34.613+0000] {processor.py:176} INFO - Processing /home/airflow/.local/lib/python3.7/site-packages/airflow/example_dags/example_short_circuit_operator.py took 0.146 seconds
[2023-07-07T12:03:05.515+0000] {processor.py:154} INFO - Started process (PID=110) to work on /home/airflow/.local/lib/python3.7/site-packages/airflow/example_dags/example_short_circuit_operator.py
[2023-07-07T12:03:05.516+0000] {processor.py:756} INFO - Processing file /home/airflow/.local/lib/python3.7/site-packages/airflow/example_dags/example_short_circuit_operator.py for tasks to queue
[2023-07-07T12:03:05.516+0000] {logging_mixin.py:120} INFO - [2023-07-07T12:03:05.516+0000] {dagbag.py:537} INFO - Filling up the DagBag from /home/airflow/.local/lib/python3.7/site-packages/airflow/example_dags/example_short_circuit_operator.py
[2023-07-07T12:03:05.532+0000] {processor.py:766} INFO - DAG(s) dict_keys(['example_short_circuit_operator']) retrieved from /home/airflow/.local/lib/python3.7/site-packages/airflow/example_dags/example_short_circuit_operator.py
[2023-07-07T12:03:05.554+0000] {logging_mixin.py:120} INFO - [2023-07-07T12:03:05.554+0000] {dag.py:2585} INFO - Sync 1 DAGs
[2023-07-07T12:03:05.569+0000] {logging_mixin.py:120} INFO - [2023-07-07T12:03:05.569+0000] {dag.py:3340} INFO - Setting next_dagrun for example_short_circuit_operator to 2023-07-06T12:03:05.569698+00:00, run_after=2023-07-07T12:03:05.569698+00:00
[2023-07-07T12:03:05.583+0000] {processor.py:176} INFO - Processing /home/airflow/.local/lib/python3.7/site-packages/airflow/example_dags/example_short_circuit_operator.py took 0.071 seconds
[2023-07-07T12:03:35.684+0000] {processor.py:154} INFO - Started process (PID=177) to work on /home/airflow/.local/lib/python3.7/site-packages/airflow/example_dags/example_short_circuit_operator.py
[2023-07-07T12:03:35.685+0000] {processor.py:756} INFO - Processing file /home/airflow/.local/lib/python3.7/site-packages/airflow/example_dags/example_short_circuit_operator.py for tasks to queue
[2023-07-07T12:03:35.685+0000] {logging_mixin.py:120} INFO - [2023-07-07T12:03:35.685+0000] {dagbag.py:537} INFO - Filling up the DagBag from /home/airflow/.local/lib/python3.7/site-packages/airflow/example_dags/example_short_circuit_operator.py
[2023-07-07T12:03:35.696+0000] {processor.py:766} INFO - DAG(s) dict_keys(['example_short_circuit_operator']) retrieved from /home/airflow/.local/lib/python3.7/site-packages/airflow/example_dags/example_short_circuit_operator.py
[2023-07-07T12:03:35.725+0000] {logging_mixin.py:120} INFO - [2023-07-07T12:03:35.725+0000] {dag.py:2585} INFO - Sync 1 DAGs
[2023-07-07T12:03:35.742+0000] {logging_mixin.py:120} INFO - [2023-07-07T12:03:35.741+0000] {dag.py:3340} INFO - Setting next_dagrun for example_short_circuit_operator to 2023-07-06T12:03:35.741785+00:00, run_after=2023-07-07T12:03:35.741785+00:00
[2023-07-07T12:03:35.754+0000] {processor.py:176} INFO - Processing /home/airflow/.local/lib/python3.7/site-packages/airflow/example_dags/example_short_circuit_operator.py took 0.072 seconds
[2023-07-07T12:04:05.926+0000] {processor.py:154} INFO - Started process (PID=236) to work on /home/airflow/.local/lib/python3.7/site-packages/airflow/example_dags/example_short_circuit_operator.py
[2023-07-07T12:04:05.927+0000] {processor.py:756} INFO - Processing file /home/airflow/.local/lib/python3.7/site-packages/airflow/example_dags/example_short_circuit_operator.py for tasks to queue
[2023-07-07T12:04:05.928+0000] {logging_mixin.py:120} INFO - [2023-07-07T12:04:05.928+0000] {dagbag.py:537} INFO - Filling up the DagBag from /home/airflow/.local/lib/python3.7/site-packages/airflow/example_dags/example_short_circuit_operator.py
[2023-07-07T12:04:05.941+0000] {processor.py:766} INFO - DAG(s) dict_keys(['example_short_circuit_operator']) retrieved from /home/airflow/.local/lib/python3.7/site-packages/airflow/example_dags/example_short_circuit_operator.py
[2023-07-07T12:04:05.965+0000] {logging_mixin.py:120} INFO - [2023-07-07T12:04:05.965+0000] {dag.py:2585} INFO - Sync 1 DAGs
[2023-07-07T12:04:05.980+0000] {logging_mixin.py:120} INFO - [2023-07-07T12:04:05.979+0000] {dag.py:3340} INFO - Setting next_dagrun for example_short_circuit_operator to 2023-07-06T12:04:05.979828+00:00, run_after=2023-07-07T12:04:05.979828+00:00
[2023-07-07T12:04:05.993+0000] {processor.py:176} INFO - Processing /home/airflow/.local/lib/python3.7/site-packages/airflow/example_dags/example_short_circuit_operator.py took 0.068 seconds
[2023-07-07T12:04:36.217+0000] {processor.py:154} INFO - Started process (PID=303) to work on /home/airflow/.local/lib/python3.7/site-packages/airflow/example_dags/example_short_circuit_operator.py
[2023-07-07T12:04:36.221+0000] {processor.py:756} INFO - Processing file /home/airflow/.local/lib/python3.7/site-packages/airflow/example_dags/example_short_circuit_operator.py for tasks to queue
[2023-07-07T12:04:36.221+0000] {logging_mixin.py:120} INFO - [2023-07-07T12:04:36.221+0000] {dagbag.py:537} INFO - Filling up the DagBag from /home/airflow/.local/lib/python3.7/site-packages/airflow/example_dags/example_short_circuit_operator.py
[2023-07-07T12:04:36.231+0000] {processor.py:766} INFO - DAG(s) dict_keys(['example_short_circuit_operator']) retrieved from /home/airflow/.local/lib/python3.7/site-packages/airflow/example_dags/example_short_circuit_operator.py
[2023-07-07T12:04:36.262+0000] {logging_mixin.py:120} INFO - [2023-07-07T12:04:36.261+0000] {dag.py:2585} INFO - Sync 1 DAGs
[2023-07-07T12:04:36.278+0000] {logging_mixin.py:120} INFO - [2023-07-07T12:04:36.277+0000] {dag.py:3340} INFO - Setting next_dagrun for example_short_circuit_operator to 2023-07-06T12:04:36.277763+00:00, run_after=2023-07-07T12:04:36.277763+00:00
[2023-07-07T12:04:36.290+0000] {processor.py:176} INFO - Processing /home/airflow/.local/lib/python3.7/site-packages/airflow/example_dags/example_short_circuit_operator.py took 0.074 seconds
[2023-07-07T12:05:06.464+0000] {processor.py:154} INFO - Started process (PID=370) to work on /home/airflow/.local/lib/python3.7/site-packages/airflow/example_dags/example_short_circuit_operator.py
[2023-07-07T12:05:06.467+0000] {processor.py:756} INFO - Processing file /home/airflow/.local/lib/python3.7/site-packages/airflow/example_dags/example_short_circuit_operator.py for tasks to queue
[2023-07-07T12:05:06.468+0000] {logging_mixin.py:120} INFO - [2023-07-07T12:05:06.468+0000] {dagbag.py:537} INFO - Filling up the DagBag from /home/airflow/.local/lib/python3.7/site-packages/airflow/example_dags/example_short_circuit_operator.py
[2023-07-07T12:05:06.479+0000] {processor.py:766} INFO - DAG(s) dict_keys(['example_short_circuit_operator']) retrieved from /home/airflow/.local/lib/python3.7/site-packages/airflow/example_dags/example_short_circuit_operator.py
[2023-07-07T12:05:06.502+0000] {logging_mixin.py:120} INFO - [2023-07-07T12:05:06.502+0000] {dag.py:2585} INFO - Sync 1 DAGs
[2023-07-07T12:05:06.517+0000] {logging_mixin.py:120} INFO - [2023-07-07T12:05:06.517+0000] {dag.py:3340} INFO - Setting next_dagrun for example_short_circuit_operator to 2023-07-06T12:05:06.517417+00:00, run_after=2023-07-07T12:05:06.517417+00:00
[2023-07-07T12:05:06.531+0000] {processor.py:176} INFO - Processing /home/airflow/.local/lib/python3.7/site-packages/airflow/example_dags/example_short_circuit_operator.py took 0.068 seconds
[2023-07-07T12:05:36.551+0000] {processor.py:154} INFO - Started process (PID=438) to work on /home/airflow/.local/lib/python3.7/site-packages/airflow/example_dags/example_short_circuit_operator.py
[2023-07-07T12:05:36.552+0000] {processor.py:756} INFO - Processing file /home/airflow/.local/lib/python3.7/site-packages/airflow/example_dags/example_short_circuit_operator.py for tasks to queue
[2023-07-07T12:05:36.553+0000] {logging_mixin.py:120} INFO - [2023-07-07T12:05:36.553+0000] {dagbag.py:537} INFO - Filling up the DagBag from /home/airflow/.local/lib/python3.7/site-packages/airflow/example_dags/example_short_circuit_operator.py
[2023-07-07T12:05:36.563+0000] {processor.py:766} INFO - DAG(s) dict_keys(['example_short_circuit_operator']) retrieved from /home/airflow/.local/lib/python3.7/site-packages/airflow/example_dags/example_short_circuit_operator.py
[2023-07-07T12:05:36.589+0000] {logging_mixin.py:120} INFO - [2023-07-07T12:05:36.589+0000] {dag.py:2585} INFO - Sync 1 DAGs
[2023-07-07T12:05:36.607+0000] {logging_mixin.py:120} INFO - [2023-07-07T12:05:36.606+0000] {dag.py:3340} INFO - Setting next_dagrun for example_short_circuit_operator to 2023-07-06T12:05:36.606726+00:00, run_after=2023-07-07T12:05:36.606726+00:00
[2023-07-07T12:05:36.621+0000] {processor.py:176} INFO - Processing /home/airflow/.local/lib/python3.7/site-packages/airflow/example_dags/example_short_circuit_operator.py took 0.071 seconds
[2023-07-07T12:06:06.826+0000] {processor.py:154} INFO - Started process (PID=496) to work on /home/airflow/.local/lib/python3.7/site-packages/airflow/example_dags/example_short_circuit_operator.py
[2023-07-07T12:06:06.826+0000] {processor.py:756} INFO - Processing file /home/airflow/.local/lib/python3.7/site-packages/airflow/example_dags/example_short_circuit_operator.py for tasks to queue
[2023-07-07T12:06:06.827+0000] {logging_mixin.py:120} INFO - [2023-07-07T12:06:06.827+0000] {dagbag.py:537} INFO - Filling up the DagBag from /home/airflow/.local/lib/python3.7/site-packages/airflow/example_dags/example_short_circuit_operator.py
[2023-07-07T12:06:06.836+0000] {processor.py:766} INFO - DAG(s) dict_keys(['example_short_circuit_operator']) retrieved from /home/airflow/.local/lib/python3.7/site-packages/airflow/example_dags/example_short_circuit_operator.py
[2023-07-07T12:06:06.860+0000] {logging_mixin.py:120} INFO - [2023-07-07T12:06:06.860+0000] {dag.py:2585} INFO - Sync 1 DAGs
[2023-07-07T12:06:06.874+0000] {logging_mixin.py:120} INFO - [2023-07-07T12:06:06.874+0000] {dag.py:3340} INFO - Setting next_dagrun for example_short_circuit_operator to 2023-07-06T12:06:06.874359+00:00, run_after=2023-07-07T12:06:06.874359+00:00
[2023-07-07T12:06:06.885+0000] {processor.py:176} INFO - Processing /home/airflow/.local/lib/python3.7/site-packages/airflow/example_dags/example_short_circuit_operator.py took 0.061 seconds
[2023-07-07T12:06:37.110+0000] {processor.py:154} INFO - Started process (PID=562) to work on /home/airflow/.local/lib/python3.7/site-packages/airflow/example_dags/example_short_circuit_operator.py
[2023-07-07T12:06:37.111+0000] {processor.py:756} INFO - Processing file /home/airflow/.local/lib/python3.7/site-packages/airflow/example_dags/example_short_circuit_operator.py for tasks to queue
[2023-07-07T12:06:37.111+0000] {logging_mixin.py:120} INFO - [2023-07-07T12:06:37.111+0000] {dagbag.py:537} INFO - Filling up the DagBag from /home/airflow/.local/lib/python3.7/site-packages/airflow/example_dags/example_short_circuit_operator.py
[2023-07-07T12:06:37.121+0000] {processor.py:766} INFO - DAG(s) dict_keys(['example_short_circuit_operator']) retrieved from /home/airflow/.local/lib/python3.7/site-packages/airflow/example_dags/example_short_circuit_operator.py
[2023-07-07T12:06:37.145+0000] {logging_mixin.py:120} INFO - [2023-07-07T12:06:37.145+0000] {dag.py:2585} INFO - Sync 1 DAGs
[2023-07-07T12:06:37.160+0000] {logging_mixin.py:120} INFO - [2023-07-07T12:06:37.160+0000] {dag.py:3340} INFO - Setting next_dagrun for example_short_circuit_operator to 2023-07-06T12:06:37.159891+00:00, run_after=2023-07-07T12:06:37.159891+00:00
[2023-07-07T12:06:37.173+0000] {processor.py:176} INFO - Processing /home/airflow/.local/lib/python3.7/site-packages/airflow/example_dags/example_short_circuit_operator.py took 0.064 seconds
[2023-07-07T12:07:08.246+0000] {processor.py:154} INFO - Started process (PID=629) to work on /home/airflow/.local/lib/python3.7/site-packages/airflow/example_dags/example_short_circuit_operator.py
[2023-07-07T12:07:08.247+0000] {processor.py:756} INFO - Processing file /home/airflow/.local/lib/python3.7/site-packages/airflow/example_dags/example_short_circuit_operator.py for tasks to queue
[2023-07-07T12:07:08.247+0000] {logging_mixin.py:120} INFO - [2023-07-07T12:07:08.247+0000] {dagbag.py:537} INFO - Filling up the DagBag from /home/airflow/.local/lib/python3.7/site-packages/airflow/example_dags/example_short_circuit_operator.py
[2023-07-07T12:07:08.256+0000] {processor.py:766} INFO - DAG(s) dict_keys(['example_short_circuit_operator']) retrieved from /home/airflow/.local/lib/python3.7/site-packages/airflow/example_dags/example_short_circuit_operator.py
[2023-07-07T12:07:08.278+0000] {logging_mixin.py:120} INFO - [2023-07-07T12:07:08.278+0000] {dag.py:2585} INFO - Sync 1 DAGs
[2023-07-07T12:07:08.292+0000] {logging_mixin.py:120} INFO - [2023-07-07T12:07:08.292+0000] {dag.py:3340} INFO - Setting next_dagrun for example_short_circuit_operator to 2023-07-06T12:07:08.292475+00:00, run_after=2023-07-07T12:07:08.292475+00:00
[2023-07-07T12:07:08.303+0000] {processor.py:176} INFO - Processing /home/airflow/.local/lib/python3.7/site-packages/airflow/example_dags/example_short_circuit_operator.py took 0.058 seconds
[2023-07-07T12:07:38.478+0000] {processor.py:154} INFO - Started process (PID=696) to work on /home/airflow/.local/lib/python3.7/site-packages/airflow/example_dags/example_short_circuit_operator.py
[2023-07-07T12:07:38.479+0000] {processor.py:756} INFO - Processing file /home/airflow/.local/lib/python3.7/site-packages/airflow/example_dags/example_short_circuit_operator.py for tasks to queue
[2023-07-07T12:07:38.479+0000] {logging_mixin.py:120} INFO - [2023-07-07T12:07:38.479+0000] {dagbag.py:537} INFO - Filling up the DagBag from /home/airflow/.local/lib/python3.7/site-packages/airflow/example_dags/example_short_circuit_operator.py
[2023-07-07T12:07:38.489+0000] {processor.py:766} INFO - DAG(s) dict_keys(['example_short_circuit_operator']) retrieved from /home/airflow/.local/lib/python3.7/site-packages/airflow/example_dags/example_short_circuit_operator.py
[2023-07-07T12:07:38.511+0000] {logging_mixin.py:120} INFO - [2023-07-07T12:07:38.511+0000] {dag.py:2585} INFO - Sync 1 DAGs
[2023-07-07T12:07:38.525+0000] {logging_mixin.py:120} INFO - [2023-07-07T12:07:38.525+0000] {dag.py:3340} INFO - Setting next_dagrun for example_short_circuit_operator to 2023-07-06T12:07:38.525485+00:00, run_after=2023-07-07T12:07:38.525485+00:00
[2023-07-07T12:07:38.536+0000] {processor.py:176} INFO - Processing /home/airflow/.local/lib/python3.7/site-packages/airflow/example_dags/example_short_circuit_operator.py took 0.059 seconds
[2023-07-07T12:08:08.669+0000] {processor.py:154} INFO - Started process (PID=763) to work on /home/airflow/.local/lib/python3.7/site-packages/airflow/example_dags/example_short_circuit_operator.py
[2023-07-07T12:08:08.670+0000] {processor.py:756} INFO - Processing file /home/airflow/.local/lib/python3.7/site-packages/airflow/example_dags/example_short_circuit_operator.py for tasks to queue
[2023-07-07T12:08:08.670+0000] {logging_mixin.py:120} INFO - [2023-07-07T12:08:08.670+0000] {dagbag.py:537} INFO - Filling up the DagBag from /home/airflow/.local/lib/python3.7/site-packages/airflow/example_dags/example_short_circuit_operator.py
[2023-07-07T12:08:08.679+0000] {processor.py:766} INFO - DAG(s) dict_keys(['example_short_circuit_operator']) retrieved from /home/airflow/.local/lib/python3.7/site-packages/airflow/example_dags/example_short_circuit_operator.py
[2023-07-07T12:08:08.702+0000] {logging_mixin.py:120} INFO - [2023-07-07T12:08:08.702+0000] {dag.py:2585} INFO - Sync 1 DAGs
[2023-07-07T12:08:08.716+0000] {logging_mixin.py:120} INFO - [2023-07-07T12:08:08.716+0000] {dag.py:3340} INFO - Setting next_dagrun for example_short_circuit_operator to 2023-07-06T12:08:08.716203+00:00, run_after=2023-07-07T12:08:08.716203+00:00
[2023-07-07T12:08:08.727+0000] {processor.py:176} INFO - Processing /home/airflow/.local/lib/python3.7/site-packages/airflow/example_dags/example_short_circuit_operator.py took 0.060 seconds
[2023-07-07T12:08:38.999+0000] {processor.py:154} INFO - Started process (PID=821) to work on /home/airflow/.local/lib/python3.7/site-packages/airflow/example_dags/example_short_circuit_operator.py
[2023-07-07T12:08:39.000+0000] {processor.py:756} INFO - Processing file /home/airflow/.local/lib/python3.7/site-packages/airflow/example_dags/example_short_circuit_operator.py for tasks to queue
[2023-07-07T12:08:39.000+0000] {logging_mixin.py:120} INFO - [2023-07-07T12:08:39.000+0000] {dagbag.py:537} INFO - Filling up the DagBag from /home/airflow/.local/lib/python3.7/site-packages/airflow/example_dags/example_short_circuit_operator.py
[2023-07-07T12:08:39.009+0000] {processor.py:766} INFO - DAG(s) dict_keys(['example_short_circuit_operator']) retrieved from /home/airflow/.local/lib/python3.7/site-packages/airflow/example_dags/example_short_circuit_operator.py
[2023-07-07T12:08:39.036+0000] {logging_mixin.py:120} INFO - [2023-07-07T12:08:39.035+0000] {dag.py:2585} INFO - Sync 1 DAGs
[2023-07-07T12:08:39.052+0000] {logging_mixin.py:120} INFO - [2023-07-07T12:08:39.052+0000] {dag.py:3340} INFO - Setting next_dagrun for example_short_circuit_operator to 2023-07-06T12:08:39.052412+00:00, run_after=2023-07-07T12:08:39.052412+00:00
[2023-07-07T12:08:39.066+0000] {processor.py:176} INFO - Processing /home/airflow/.local/lib/python3.7/site-packages/airflow/example_dags/example_short_circuit_operator.py took 0.069 seconds
[2023-07-07T12:09:09.236+0000] {processor.py:154} INFO - Started process (PID=888) to work on /home/airflow/.local/lib/python3.7/site-packages/airflow/example_dags/example_short_circuit_operator.py
[2023-07-07T12:09:09.237+0000] {processor.py:756} INFO - Processing file /home/airflow/.local/lib/python3.7/site-packages/airflow/example_dags/example_short_circuit_operator.py for tasks to queue
[2023-07-07T12:09:09.237+0000] {logging_mixin.py:120} INFO - [2023-07-07T12:09:09.237+0000] {dagbag.py:537} INFO - Filling up the DagBag from /home/airflow/.local/lib/python3.7/site-packages/airflow/example_dags/example_short_circuit_operator.py
[2023-07-07T12:09:09.247+0000] {processor.py:766} INFO - DAG(s) dict_keys(['example_short_circuit_operator']) retrieved from /home/airflow/.local/lib/python3.7/site-packages/airflow/example_dags/example_short_circuit_operator.py
[2023-07-07T12:09:09.270+0000] {logging_mixin.py:120} INFO - [2023-07-07T12:09:09.270+0000] {dag.py:2585} INFO - Sync 1 DAGs
[2023-07-07T12:09:09.286+0000] {logging_mixin.py:120} INFO - [2023-07-07T12:09:09.286+0000] {dag.py:3340} INFO - Setting next_dagrun for example_short_circuit_operator to 2023-07-06T12:09:09.285878+00:00, run_after=2023-07-07T12:09:09.285878+00:00
[2023-07-07T12:09:09.299+0000] {processor.py:176} INFO - Processing /home/airflow/.local/lib/python3.7/site-packages/airflow/example_dags/example_short_circuit_operator.py took 0.064 seconds
[2023-07-07T12:09:39.552+0000] {processor.py:154} INFO - Started process (PID=955) to work on /home/airflow/.local/lib/python3.7/site-packages/airflow/example_dags/example_short_circuit_operator.py
[2023-07-07T12:09:39.553+0000] {processor.py:756} INFO - Processing file /home/airflow/.local/lib/python3.7/site-packages/airflow/example_dags/example_short_circuit_operator.py for tasks to queue
[2023-07-07T12:09:39.553+0000] {logging_mixin.py:120} INFO - [2023-07-07T12:09:39.553+0000] {dagbag.py:537} INFO - Filling up the DagBag from /home/airflow/.local/lib/python3.7/site-packages/airflow/example_dags/example_short_circuit_operator.py
[2023-07-07T12:09:39.563+0000] {processor.py:766} INFO - DAG(s) dict_keys(['example_short_circuit_operator']) retrieved from /home/airflow/.local/lib/python3.7/site-packages/airflow/example_dags/example_short_circuit_operator.py
[2023-07-07T12:09:39.589+0000] {logging_mixin.py:120} INFO - [2023-07-07T12:09:39.589+0000] {dag.py:2585} INFO - Sync 1 DAGs
[2023-07-07T12:09:39.606+0000] {logging_mixin.py:120} INFO - [2023-07-07T12:09:39.605+0000] {dag.py:3340} INFO - Setting next_dagrun for example_short_circuit_operator to 2023-07-06T12:09:39.605790+00:00, run_after=2023-07-07T12:09:39.605790+00:00
[2023-07-07T12:09:39.619+0000] {processor.py:176} INFO - Processing /home/airflow/.local/lib/python3.7/site-packages/airflow/example_dags/example_short_circuit_operator.py took 0.069 seconds
[2023-07-07T12:10:09.668+0000] {processor.py:154} INFO - Started process (PID=1023) to work on /home/airflow/.local/lib/python3.7/site-packages/airflow/example_dags/example_short_circuit_operator.py
[2023-07-07T12:10:09.668+0000] {processor.py:756} INFO - Processing file /home/airflow/.local/lib/python3.7/site-packages/airflow/example_dags/example_short_circuit_operator.py for tasks to queue
[2023-07-07T12:10:09.669+0000] {logging_mixin.py:120} INFO - [2023-07-07T12:10:09.669+0000] {dagbag.py:537} INFO - Filling up the DagBag from /home/airflow/.local/lib/python3.7/site-packages/airflow/example_dags/example_short_circuit_operator.py
[2023-07-07T12:10:09.680+0000] {processor.py:766} INFO - DAG(s) dict_keys(['example_short_circuit_operator']) retrieved from /home/airflow/.local/lib/python3.7/site-packages/airflow/example_dags/example_short_circuit_operator.py
[2023-07-07T12:10:09.709+0000] {logging_mixin.py:120} INFO - [2023-07-07T12:10:09.709+0000] {dag.py:2585} INFO - Sync 1 DAGs
[2023-07-07T12:10:09.727+0000] {logging_mixin.py:120} INFO - [2023-07-07T12:10:09.727+0000] {dag.py:3340} INFO - Setting next_dagrun for example_short_circuit_operator to 2023-07-06T12:10:09.726883+00:00, run_after=2023-07-07T12:10:09.726883+00:00
[2023-07-07T12:10:09.743+0000] {processor.py:176} INFO - Processing /home/airflow/.local/lib/python3.7/site-packages/airflow/example_dags/example_short_circuit_operator.py took 0.077 seconds
[2023-07-07T12:10:40.117+0000] {processor.py:154} INFO - Started process (PID=1088) to work on /home/airflow/.local/lib/python3.7/site-packages/airflow/example_dags/example_short_circuit_operator.py
[2023-07-07T12:10:40.118+0000] {processor.py:756} INFO - Processing file /home/airflow/.local/lib/python3.7/site-packages/airflow/example_dags/example_short_circuit_operator.py for tasks to queue
[2023-07-07T12:10:40.119+0000] {logging_mixin.py:120} INFO - [2023-07-07T12:10:40.118+0000] {dagbag.py:537} INFO - Filling up the DagBag from /home/airflow/.local/lib/python3.7/site-packages/airflow/example_dags/example_short_circuit_operator.py
[2023-07-07T12:10:40.131+0000] {processor.py:766} INFO - DAG(s) dict_keys(['example_short_circuit_operator']) retrieved from /home/airflow/.local/lib/python3.7/site-packages/airflow/example_dags/example_short_circuit_operator.py
[2023-07-07T12:10:40.163+0000] {logging_mixin.py:120} INFO - [2023-07-07T12:10:40.163+0000] {dag.py:2585} INFO - Sync 1 DAGs
[2023-07-07T12:10:40.186+0000] {logging_mixin.py:120} INFO - [2023-07-07T12:10:40.186+0000] {dag.py:3340} INFO - Setting next_dagrun for example_short_circuit_operator to 2023-07-06T12:10:40.185869+00:00, run_after=2023-07-07T12:10:40.185869+00:00
[2023-07-07T12:10:40.200+0000] {processor.py:176} INFO - Processing /home/airflow/.local/lib/python3.7/site-packages/airflow/example_dags/example_short_circuit_operator.py took 0.085 seconds
[2023-07-07T12:11:10.314+0000] {processor.py:154} INFO - Started process (PID=1148) to work on /home/airflow/.local/lib/python3.7/site-packages/airflow/example_dags/example_short_circuit_operator.py
[2023-07-07T12:11:10.315+0000] {processor.py:756} INFO - Processing file /home/airflow/.local/lib/python3.7/site-packages/airflow/example_dags/example_short_circuit_operator.py for tasks to queue
[2023-07-07T12:11:10.315+0000] {logging_mixin.py:120} INFO - [2023-07-07T12:11:10.315+0000] {dagbag.py:537} INFO - Filling up the DagBag from /home/airflow/.local/lib/python3.7/site-packages/airflow/example_dags/example_short_circuit_operator.py
[2023-07-07T12:11:10.326+0000] {processor.py:766} INFO - DAG(s) dict_keys(['example_short_circuit_operator']) retrieved from /home/airflow/.local/lib/python3.7/site-packages/airflow/example_dags/example_short_circuit_operator.py
[2023-07-07T12:11:10.350+0000] {logging_mixin.py:120} INFO - [2023-07-07T12:11:10.350+0000] {dag.py:2585} INFO - Sync 1 DAGs
[2023-07-07T12:11:10.367+0000] {logging_mixin.py:120} INFO - [2023-07-07T12:11:10.367+0000] {dag.py:3340} INFO - Setting next_dagrun for example_short_circuit_operator to 2023-07-06T12:11:10.367094+00:00, run_after=2023-07-07T12:11:10.367094+00:00
[2023-07-07T12:11:10.380+0000] {processor.py:176} INFO - Processing /home/airflow/.local/lib/python3.7/site-packages/airflow/example_dags/example_short_circuit_operator.py took 0.067 seconds
[2023-07-07T12:11:40.626+0000] {processor.py:154} INFO - Started process (PID=1214) to work on /home/airflow/.local/lib/python3.7/site-packages/airflow/example_dags/example_short_circuit_operator.py
[2023-07-07T12:11:40.627+0000] {processor.py:756} INFO - Processing file /home/airflow/.local/lib/python3.7/site-packages/airflow/example_dags/example_short_circuit_operator.py for tasks to queue
[2023-07-07T12:11:40.627+0000] {logging_mixin.py:120} INFO - [2023-07-07T12:11:40.627+0000] {dagbag.py:537} INFO - Filling up the DagBag from /home/airflow/.local/lib/python3.7/site-packages/airflow/example_dags/example_short_circuit_operator.py
[2023-07-07T12:11:40.637+0000] {processor.py:766} INFO - DAG(s) dict_keys(['example_short_circuit_operator']) retrieved from /home/airflow/.local/lib/python3.7/site-packages/airflow/example_dags/example_short_circuit_operator.py
[2023-07-07T12:11:40.661+0000] {logging_mixin.py:120} INFO - [2023-07-07T12:11:40.661+0000] {dag.py:2585} INFO - Sync 1 DAGs
[2023-07-07T12:11:40.676+0000] {logging_mixin.py:120} INFO - [2023-07-07T12:11:40.676+0000] {dag.py:3340} INFO - Setting next_dagrun for example_short_circuit_operator to 2023-07-06T12:11:40.676567+00:00, run_after=2023-07-07T12:11:40.676567+00:00
[2023-07-07T12:11:40.686+0000] {processor.py:176} INFO - Processing /home/airflow/.local/lib/python3.7/site-packages/airflow/example_dags/example_short_circuit_operator.py took 0.062 seconds
[2023-07-07T12:12:10.899+0000] {processor.py:154} INFO - Started process (PID=1282) to work on /home/airflow/.local/lib/python3.7/site-packages/airflow/example_dags/example_short_circuit_operator.py
[2023-07-07T12:12:10.899+0000] {processor.py:756} INFO - Processing file /home/airflow/.local/lib/python3.7/site-packages/airflow/example_dags/example_short_circuit_operator.py for tasks to queue
[2023-07-07T12:12:10.900+0000] {logging_mixin.py:120} INFO - [2023-07-07T12:12:10.900+0000] {dagbag.py:537} INFO - Filling up the DagBag from /home/airflow/.local/lib/python3.7/site-packages/airflow/example_dags/example_short_circuit_operator.py
[2023-07-07T12:12:10.912+0000] {processor.py:766} INFO - DAG(s) dict_keys(['example_short_circuit_operator']) retrieved from /home/airflow/.local/lib/python3.7/site-packages/airflow/example_dags/example_short_circuit_operator.py
[2023-07-07T12:12:10.939+0000] {logging_mixin.py:120} INFO - [2023-07-07T12:12:10.939+0000] {dag.py:2585} INFO - Sync 1 DAGs
[2023-07-07T12:12:10.964+0000] {logging_mixin.py:120} INFO - [2023-07-07T12:12:10.964+0000] {dag.py:3340} INFO - Setting next_dagrun for example_short_circuit_operator to 2023-07-06T12:12:10.963843+00:00, run_after=2023-07-07T12:12:10.963843+00:00
[2023-07-07T12:12:10.977+0000] {processor.py:176} INFO - Processing /home/airflow/.local/lib/python3.7/site-packages/airflow/example_dags/example_short_circuit_operator.py took 0.080 seconds
[2023-07-07T12:12:41.071+0000] {processor.py:154} INFO - Started process (PID=1349) to work on /home/airflow/.local/lib/python3.7/site-packages/airflow/example_dags/example_short_circuit_operator.py
[2023-07-07T12:12:41.072+0000] {processor.py:756} INFO - Processing file /home/airflow/.local/lib/python3.7/site-packages/airflow/example_dags/example_short_circuit_operator.py for tasks to queue
[2023-07-07T12:12:41.072+0000] {logging_mixin.py:120} INFO - [2023-07-07T12:12:41.072+0000] {dagbag.py:537} INFO - Filling up the DagBag from /home/airflow/.local/lib/python3.7/site-packages/airflow/example_dags/example_short_circuit_operator.py
[2023-07-07T12:12:41.083+0000] {processor.py:766} INFO - DAG(s) dict_keys(['example_short_circuit_operator']) retrieved from /home/airflow/.local/lib/python3.7/site-packages/airflow/example_dags/example_short_circuit_operator.py
[2023-07-07T12:12:41.113+0000] {logging_mixin.py:120} INFO - [2023-07-07T12:12:41.113+0000] {dag.py:2585} INFO - Sync 1 DAGs
[2023-07-07T12:12:41.132+0000] {logging_mixin.py:120} INFO - [2023-07-07T12:12:41.132+0000] {dag.py:3340} INFO - Setting next_dagrun for example_short_circuit_operator to 2023-07-06T12:12:41.132493+00:00, run_after=2023-07-07T12:12:41.132493+00:00
[2023-07-07T12:12:41.147+0000] {processor.py:176} INFO - Processing /home/airflow/.local/lib/python3.7/site-packages/airflow/example_dags/example_short_circuit_operator.py took 0.078 seconds
[2023-07-07T12:13:11.362+0000] {processor.py:154} INFO - Started process (PID=1407) to work on /home/airflow/.local/lib/python3.7/site-packages/airflow/example_dags/example_short_circuit_operator.py
[2023-07-07T12:13:11.362+0000] {processor.py:756} INFO - Processing file /home/airflow/.local/lib/python3.7/site-packages/airflow/example_dags/example_short_circuit_operator.py for tasks to queue
[2023-07-07T12:13:11.363+0000] {logging_mixin.py:120} INFO - [2023-07-07T12:13:11.363+0000] {dagbag.py:537} INFO - Filling up the DagBag from /home/airflow/.local/lib/python3.7/site-packages/airflow/example_dags/example_short_circuit_operator.py
[2023-07-07T12:13:11.373+0000] {processor.py:766} INFO - DAG(s) dict_keys(['example_short_circuit_operator']) retrieved from /home/airflow/.local/lib/python3.7/site-packages/airflow/example_dags/example_short_circuit_operator.py
[2023-07-07T12:13:11.399+0000] {logging_mixin.py:120} INFO - [2023-07-07T12:13:11.399+0000] {dag.py:2585} INFO - Sync 1 DAGs
[2023-07-07T12:13:11.417+0000] {logging_mixin.py:120} INFO - [2023-07-07T12:13:11.416+0000] {dag.py:3340} INFO - Setting next_dagrun for example_short_circuit_operator to 2023-07-06T12:13:11.416709+00:00, run_after=2023-07-07T12:13:11.416709+00:00
[2023-07-07T12:13:11.430+0000] {processor.py:176} INFO - Processing /home/airflow/.local/lib/python3.7/site-packages/airflow/example_dags/example_short_circuit_operator.py took 0.070 seconds
[2023-07-07T12:13:41.456+0000] {processor.py:154} INFO - Started process (PID=1475) to work on /home/airflow/.local/lib/python3.7/site-packages/airflow/example_dags/example_short_circuit_operator.py
[2023-07-07T12:13:41.457+0000] {processor.py:756} INFO - Processing file /home/airflow/.local/lib/python3.7/site-packages/airflow/example_dags/example_short_circuit_operator.py for tasks to queue
[2023-07-07T12:13:41.457+0000] {logging_mixin.py:120} INFO - [2023-07-07T12:13:41.457+0000] {dagbag.py:537} INFO - Filling up the DagBag from /home/airflow/.local/lib/python3.7/site-packages/airflow/example_dags/example_short_circuit_operator.py
[2023-07-07T12:13:41.472+0000] {processor.py:766} INFO - DAG(s) dict_keys(['example_short_circuit_operator']) retrieved from /home/airflow/.local/lib/python3.7/site-packages/airflow/example_dags/example_short_circuit_operator.py
[2023-07-07T12:13:41.518+0000] {logging_mixin.py:120} INFO - [2023-07-07T12:13:41.517+0000] {dag.py:2585} INFO - Sync 1 DAGs
[2023-07-07T12:13:41.534+0000] {logging_mixin.py:120} INFO - [2023-07-07T12:13:41.534+0000] {dag.py:3340} INFO - Setting next_dagrun for example_short_circuit_operator to 2023-07-06T12:13:41.534347+00:00, run_after=2023-07-07T12:13:41.534347+00:00
[2023-07-07T12:13:41.547+0000] {processor.py:176} INFO - Processing /home/airflow/.local/lib/python3.7/site-packages/airflow/example_dags/example_short_circuit_operator.py took 0.093 seconds
[2023-07-07T12:14:11.669+0000] {processor.py:154} INFO - Started process (PID=1542) to work on /home/airflow/.local/lib/python3.7/site-packages/airflow/example_dags/example_short_circuit_operator.py
[2023-07-07T12:14:11.670+0000] {processor.py:756} INFO - Processing file /home/airflow/.local/lib/python3.7/site-packages/airflow/example_dags/example_short_circuit_operator.py for tasks to queue
[2023-07-07T12:14:11.670+0000] {logging_mixin.py:120} INFO - [2023-07-07T12:14:11.670+0000] {dagbag.py:537} INFO - Filling up the DagBag from /home/airflow/.local/lib/python3.7/site-packages/airflow/example_dags/example_short_circuit_operator.py
[2023-07-07T12:14:11.680+0000] {processor.py:766} INFO - DAG(s) dict_keys(['example_short_circuit_operator']) retrieved from /home/airflow/.local/lib/python3.7/site-packages/airflow/example_dags/example_short_circuit_operator.py
[2023-07-07T12:14:11.704+0000] {logging_mixin.py:120} INFO - [2023-07-07T12:14:11.704+0000] {dag.py:2585} INFO - Sync 1 DAGs
[2023-07-07T12:14:11.719+0000] {logging_mixin.py:120} INFO - [2023-07-07T12:14:11.719+0000] {dag.py:3340} INFO - Setting next_dagrun for example_short_circuit_operator to 2023-07-06T12:14:11.719014+00:00, run_after=2023-07-07T12:14:11.719014+00:00
[2023-07-07T12:14:11.731+0000] {processor.py:176} INFO - Processing /home/airflow/.local/lib/python3.7/site-packages/airflow/example_dags/example_short_circuit_operator.py took 0.063 seconds
[2023-07-07T12:14:41.805+0000] {processor.py:154} INFO - Started process (PID=1609) to work on /home/airflow/.local/lib/python3.7/site-packages/airflow/example_dags/example_short_circuit_operator.py
[2023-07-07T12:14:41.806+0000] {processor.py:756} INFO - Processing file /home/airflow/.local/lib/python3.7/site-packages/airflow/example_dags/example_short_circuit_operator.py for tasks to queue
[2023-07-07T12:14:41.806+0000] {logging_mixin.py:120} INFO - [2023-07-07T12:14:41.806+0000] {dagbag.py:537} INFO - Filling up the DagBag from /home/airflow/.local/lib/python3.7/site-packages/airflow/example_dags/example_short_circuit_operator.py
[2023-07-07T12:14:41.817+0000] {processor.py:766} INFO - DAG(s) dict_keys(['example_short_circuit_operator']) retrieved from /home/airflow/.local/lib/python3.7/site-packages/airflow/example_dags/example_short_circuit_operator.py
[2023-07-07T12:14:41.840+0000] {logging_mixin.py:120} INFO - [2023-07-07T12:14:41.840+0000] {dag.py:2585} INFO - Sync 1 DAGs
[2023-07-07T12:14:41.858+0000] {logging_mixin.py:120} INFO - [2023-07-07T12:14:41.858+0000] {dag.py:3340} INFO - Setting next_dagrun for example_short_circuit_operator to 2023-07-06T12:14:41.857925+00:00, run_after=2023-07-07T12:14:41.857925+00:00
[2023-07-07T12:14:41.871+0000] {processor.py:176} INFO - Processing /home/airflow/.local/lib/python3.7/site-packages/airflow/example_dags/example_short_circuit_operator.py took 0.067 seconds
[2023-07-07T12:15:11.941+0000] {processor.py:154} INFO - Started process (PID=1667) to work on /home/airflow/.local/lib/python3.7/site-packages/airflow/example_dags/example_short_circuit_operator.py
[2023-07-07T12:15:11.941+0000] {processor.py:756} INFO - Processing file /home/airflow/.local/lib/python3.7/site-packages/airflow/example_dags/example_short_circuit_operator.py for tasks to queue
[2023-07-07T12:15:11.942+0000] {logging_mixin.py:120} INFO - [2023-07-07T12:15:11.941+0000] {dagbag.py:537} INFO - Filling up the DagBag from /home/airflow/.local/lib/python3.7/site-packages/airflow/example_dags/example_short_circuit_operator.py
[2023-07-07T12:15:11.951+0000] {processor.py:766} INFO - DAG(s) dict_keys(['example_short_circuit_operator']) retrieved from /home/airflow/.local/lib/python3.7/site-packages/airflow/example_dags/example_short_circuit_operator.py
[2023-07-07T12:15:11.976+0000] {logging_mixin.py:120} INFO - [2023-07-07T12:15:11.976+0000] {dag.py:2585} INFO - Sync 1 DAGs
[2023-07-07T12:15:11.991+0000] {logging_mixin.py:120} INFO - [2023-07-07T12:15:11.991+0000] {dag.py:3340} INFO - Setting next_dagrun for example_short_circuit_operator to 2023-07-06T12:15:11.991462+00:00, run_after=2023-07-07T12:15:11.991462+00:00
[2023-07-07T12:15:12.002+0000] {processor.py:176} INFO - Processing /home/airflow/.local/lib/python3.7/site-packages/airflow/example_dags/example_short_circuit_operator.py took 0.063 seconds
[2023-07-07T12:15:42.196+0000] {processor.py:154} INFO - Started process (PID=1734) to work on /home/airflow/.local/lib/python3.7/site-packages/airflow/example_dags/example_short_circuit_operator.py
[2023-07-07T12:15:42.196+0000] {processor.py:756} INFO - Processing file /home/airflow/.local/lib/python3.7/site-packages/airflow/example_dags/example_short_circuit_operator.py for tasks to queue
[2023-07-07T12:15:42.196+0000] {logging_mixin.py:120} INFO - [2023-07-07T12:15:42.196+0000] {dagbag.py:537} INFO - Filling up the DagBag from /home/airflow/.local/lib/python3.7/site-packages/airflow/example_dags/example_short_circuit_operator.py
[2023-07-07T12:15:42.206+0000] {processor.py:766} INFO - DAG(s) dict_keys(['example_short_circuit_operator']) retrieved from /home/airflow/.local/lib/python3.7/site-packages/airflow/example_dags/example_short_circuit_operator.py
[2023-07-07T12:15:42.231+0000] {logging_mixin.py:120} INFO - [2023-07-07T12:15:42.231+0000] {dag.py:2585} INFO - Sync 1 DAGs
[2023-07-07T12:15:42.246+0000] {logging_mixin.py:120} INFO - [2023-07-07T12:15:42.246+0000] {dag.py:3340} INFO - Setting next_dagrun for example_short_circuit_operator to 2023-07-06T12:15:42.246276+00:00, run_after=2023-07-07T12:15:42.246276+00:00
[2023-07-07T12:15:42.257+0000] {processor.py:176} INFO - Processing /home/airflow/.local/lib/python3.7/site-packages/airflow/example_dags/example_short_circuit_operator.py took 0.063 seconds
[2023-07-07T12:16:12.576+0000] {processor.py:154} INFO - Started process (PID=1802) to work on /home/airflow/.local/lib/python3.7/site-packages/airflow/example_dags/example_short_circuit_operator.py
[2023-07-07T12:16:12.576+0000] {processor.py:756} INFO - Processing file /home/airflow/.local/lib/python3.7/site-packages/airflow/example_dags/example_short_circuit_operator.py for tasks to queue
[2023-07-07T12:16:12.577+0000] {logging_mixin.py:120} INFO - [2023-07-07T12:16:12.577+0000] {dagbag.py:537} INFO - Filling up the DagBag from /home/airflow/.local/lib/python3.7/site-packages/airflow/example_dags/example_short_circuit_operator.py
[2023-07-07T12:16:12.586+0000] {processor.py:766} INFO - DAG(s) dict_keys(['example_short_circuit_operator']) retrieved from /home/airflow/.local/lib/python3.7/site-packages/airflow/example_dags/example_short_circuit_operator.py
[2023-07-07T12:16:12.608+0000] {logging_mixin.py:120} INFO - [2023-07-07T12:16:12.608+0000] {dag.py:2585} INFO - Sync 1 DAGs
[2023-07-07T12:16:12.623+0000] {logging_mixin.py:120} INFO - [2023-07-07T12:16:12.623+0000] {dag.py:3340} INFO - Setting next_dagrun for example_short_circuit_operator to 2023-07-06T12:16:12.622924+00:00, run_after=2023-07-07T12:16:12.622924+00:00
[2023-07-07T12:16:12.635+0000] {processor.py:176} INFO - Processing /home/airflow/.local/lib/python3.7/site-packages/airflow/example_dags/example_short_circuit_operator.py took 0.061 seconds
[2023-07-07T12:16:42.822+0000] {processor.py:154} INFO - Started process (PID=1870) to work on /home/airflow/.local/lib/python3.7/site-packages/airflow/example_dags/example_short_circuit_operator.py
[2023-07-07T12:16:42.823+0000] {processor.py:756} INFO - Processing file /home/airflow/.local/lib/python3.7/site-packages/airflow/example_dags/example_short_circuit_operator.py for tasks to queue
[2023-07-07T12:16:42.823+0000] {logging_mixin.py:120} INFO - [2023-07-07T12:16:42.823+0000] {dagbag.py:537} INFO - Filling up the DagBag from /home/airflow/.local/lib/python3.7/site-packages/airflow/example_dags/example_short_circuit_operator.py
[2023-07-07T12:16:42.833+0000] {processor.py:766} INFO - DAG(s) dict_keys(['example_short_circuit_operator']) retrieved from /home/airflow/.local/lib/python3.7/site-packages/airflow/example_dags/example_short_circuit_operator.py
[2023-07-07T12:16:42.859+0000] {logging_mixin.py:120} INFO - [2023-07-07T12:16:42.859+0000] {dag.py:2585} INFO - Sync 1 DAGs
[2023-07-07T12:16:42.876+0000] {logging_mixin.py:120} INFO - [2023-07-07T12:16:42.876+0000] {dag.py:3340} INFO - Setting next_dagrun for example_short_circuit_operator to 2023-07-06T12:16:42.876118+00:00, run_after=2023-07-07T12:16:42.876118+00:00
[2023-07-07T12:16:42.888+0000] {processor.py:176} INFO - Processing /home/airflow/.local/lib/python3.7/site-packages/airflow/example_dags/example_short_circuit_operator.py took 0.067 seconds
[2023-07-07T12:17:13.206+0000] {processor.py:154} INFO - Started process (PID=1934) to work on /home/airflow/.local/lib/python3.7/site-packages/airflow/example_dags/example_short_circuit_operator.py
[2023-07-07T12:17:13.206+0000] {processor.py:756} INFO - Processing file /home/airflow/.local/lib/python3.7/site-packages/airflow/example_dags/example_short_circuit_operator.py for tasks to queue
[2023-07-07T12:17:13.207+0000] {logging_mixin.py:120} INFO - [2023-07-07T12:17:13.207+0000] {dagbag.py:537} INFO - Filling up the DagBag from /home/airflow/.local/lib/python3.7/site-packages/airflow/example_dags/example_short_circuit_operator.py
[2023-07-07T12:17:13.221+0000] {processor.py:766} INFO - DAG(s) dict_keys(['example_short_circuit_operator']) retrieved from /home/airflow/.local/lib/python3.7/site-packages/airflow/example_dags/example_short_circuit_operator.py
[2023-07-07T12:17:13.252+0000] {logging_mixin.py:120} INFO - [2023-07-07T12:17:13.252+0000] {dag.py:2585} INFO - Sync 1 DAGs
[2023-07-07T12:17:13.271+0000] {logging_mixin.py:120} INFO - [2023-07-07T12:17:13.271+0000] {dag.py:3340} INFO - Setting next_dagrun for example_short_circuit_operator to 2023-07-06T12:17:13.270991+00:00, run_after=2023-07-07T12:17:13.270991+00:00
[2023-07-07T12:17:13.283+0000] {processor.py:176} INFO - Processing /home/airflow/.local/lib/python3.7/site-packages/airflow/example_dags/example_short_circuit_operator.py took 0.079 seconds
[2023-07-07T12:17:43.534+0000] {processor.py:154} INFO - Started process (PID=1994) to work on /home/airflow/.local/lib/python3.7/site-packages/airflow/example_dags/example_short_circuit_operator.py
[2023-07-07T12:17:43.536+0000] {processor.py:756} INFO - Processing file /home/airflow/.local/lib/python3.7/site-packages/airflow/example_dags/example_short_circuit_operator.py for tasks to queue
[2023-07-07T12:17:43.537+0000] {logging_mixin.py:120} INFO - [2023-07-07T12:17:43.537+0000] {dagbag.py:537} INFO - Filling up the DagBag from /home/airflow/.local/lib/python3.7/site-packages/airflow/example_dags/example_short_circuit_operator.py
[2023-07-07T12:17:43.546+0000] {processor.py:766} INFO - DAG(s) dict_keys(['example_short_circuit_operator']) retrieved from /home/airflow/.local/lib/python3.7/site-packages/airflow/example_dags/example_short_circuit_operator.py
[2023-07-07T12:17:43.571+0000] {logging_mixin.py:120} INFO - [2023-07-07T12:17:43.571+0000] {dag.py:2585} INFO - Sync 1 DAGs
[2023-07-07T12:17:43.586+0000] {logging_mixin.py:120} INFO - [2023-07-07T12:17:43.586+0000] {dag.py:3340} INFO - Setting next_dagrun for example_short_circuit_operator to 2023-07-06T12:17:43.585894+00:00, run_after=2023-07-07T12:17:43.585894+00:00
[2023-07-07T12:17:43.597+0000] {processor.py:176} INFO - Processing /home/airflow/.local/lib/python3.7/site-packages/airflow/example_dags/example_short_circuit_operator.py took 0.064 seconds
[2023-07-07T12:18:13.815+0000] {processor.py:154} INFO - Started process (PID=2061) to work on /home/airflow/.local/lib/python3.7/site-packages/airflow/example_dags/example_short_circuit_operator.py
[2023-07-07T12:18:13.816+0000] {processor.py:756} INFO - Processing file /home/airflow/.local/lib/python3.7/site-packages/airflow/example_dags/example_short_circuit_operator.py for tasks to queue
[2023-07-07T12:18:13.816+0000] {logging_mixin.py:120} INFO - [2023-07-07T12:18:13.816+0000] {dagbag.py:537} INFO - Filling up the DagBag from /home/airflow/.local/lib/python3.7/site-packages/airflow/example_dags/example_short_circuit_operator.py
[2023-07-07T12:18:13.828+0000] {processor.py:766} INFO - DAG(s) dict_keys(['example_short_circuit_operator']) retrieved from /home/airflow/.local/lib/python3.7/site-packages/airflow/example_dags/example_short_circuit_operator.py
[2023-07-07T12:18:13.855+0000] {logging_mixin.py:120} INFO - [2023-07-07T12:18:13.855+0000] {dag.py:2585} INFO - Sync 1 DAGs
[2023-07-07T12:18:13.872+0000] {logging_mixin.py:120} INFO - [2023-07-07T12:18:13.872+0000] {dag.py:3340} INFO - Setting next_dagrun for example_short_circuit_operator to 2023-07-06T12:18:13.872595+00:00, run_after=2023-07-07T12:18:13.872595+00:00
[2023-07-07T12:18:13.885+0000] {processor.py:176} INFO - Processing /home/airflow/.local/lib/python3.7/site-packages/airflow/example_dags/example_short_circuit_operator.py took 0.072 seconds
[2023-07-07T12:18:43.977+0000] {processor.py:154} INFO - Started process (PID=2129) to work on /home/airflow/.local/lib/python3.7/site-packages/airflow/example_dags/example_short_circuit_operator.py
[2023-07-07T12:18:43.978+0000] {processor.py:756} INFO - Processing file /home/airflow/.local/lib/python3.7/site-packages/airflow/example_dags/example_short_circuit_operator.py for tasks to queue
[2023-07-07T12:18:43.978+0000] {logging_mixin.py:120} INFO - [2023-07-07T12:18:43.978+0000] {dagbag.py:537} INFO - Filling up the DagBag from /home/airflow/.local/lib/python3.7/site-packages/airflow/example_dags/example_short_circuit_operator.py
[2023-07-07T12:18:43.987+0000] {processor.py:766} INFO - DAG(s) dict_keys(['example_short_circuit_operator']) retrieved from /home/airflow/.local/lib/python3.7/site-packages/airflow/example_dags/example_short_circuit_operator.py
[2023-07-07T12:18:44.010+0000] {logging_mixin.py:120} INFO - [2023-07-07T12:18:44.010+0000] {dag.py:2585} INFO - Sync 1 DAGs
[2023-07-07T12:18:44.025+0000] {logging_mixin.py:120} INFO - [2023-07-07T12:18:44.024+0000] {dag.py:3340} INFO - Setting next_dagrun for example_short_circuit_operator to 2023-07-06T12:18:44.024847+00:00, run_after=2023-07-07T12:18:44.024847+00:00
[2023-07-07T12:18:44.036+0000] {processor.py:176} INFO - Processing /home/airflow/.local/lib/python3.7/site-packages/airflow/example_dags/example_short_circuit_operator.py took 0.060 seconds
[2023-07-07T12:19:14.286+0000] {processor.py:154} INFO - Started process (PID=2196) to work on /home/airflow/.local/lib/python3.7/site-packages/airflow/example_dags/example_short_circuit_operator.py
[2023-07-07T12:19:14.287+0000] {processor.py:756} INFO - Processing file /home/airflow/.local/lib/python3.7/site-packages/airflow/example_dags/example_short_circuit_operator.py for tasks to queue
[2023-07-07T12:19:14.287+0000] {logging_mixin.py:120} INFO - [2023-07-07T12:19:14.287+0000] {dagbag.py:537} INFO - Filling up the DagBag from /home/airflow/.local/lib/python3.7/site-packages/airflow/example_dags/example_short_circuit_operator.py
[2023-07-07T12:19:14.297+0000] {processor.py:766} INFO - DAG(s) dict_keys(['example_short_circuit_operator']) retrieved from /home/airflow/.local/lib/python3.7/site-packages/airflow/example_dags/example_short_circuit_operator.py
[2023-07-07T12:19:14.320+0000] {logging_mixin.py:120} INFO - [2023-07-07T12:19:14.320+0000] {dag.py:2585} INFO - Sync 1 DAGs
[2023-07-07T12:19:14.334+0000] {logging_mixin.py:120} INFO - [2023-07-07T12:19:14.334+0000] {dag.py:3340} INFO - Setting next_dagrun for example_short_circuit_operator to 2023-07-06T12:19:14.334144+00:00, run_after=2023-07-07T12:19:14.334144+00:00
[2023-07-07T12:19:14.346+0000] {processor.py:176} INFO - Processing /home/airflow/.local/lib/python3.7/site-packages/airflow/example_dags/example_short_circuit_operator.py took 0.061 seconds
[2023-07-07T12:19:44.556+0000] {processor.py:154} INFO - Started process (PID=2254) to work on /home/airflow/.local/lib/python3.7/site-packages/airflow/example_dags/example_short_circuit_operator.py
[2023-07-07T12:19:44.557+0000] {processor.py:756} INFO - Processing file /home/airflow/.local/lib/python3.7/site-packages/airflow/example_dags/example_short_circuit_operator.py for tasks to queue
[2023-07-07T12:19:44.557+0000] {logging_mixin.py:120} INFO - [2023-07-07T12:19:44.557+0000] {dagbag.py:537} INFO - Filling up the DagBag from /home/airflow/.local/lib/python3.7/site-packages/airflow/example_dags/example_short_circuit_operator.py
[2023-07-07T12:19:44.567+0000] {processor.py:766} INFO - DAG(s) dict_keys(['example_short_circuit_operator']) retrieved from /home/airflow/.local/lib/python3.7/site-packages/airflow/example_dags/example_short_circuit_operator.py
[2023-07-07T12:19:44.592+0000] {logging_mixin.py:120} INFO - [2023-07-07T12:19:44.592+0000] {dag.py:2585} INFO - Sync 1 DAGs
[2023-07-07T12:19:44.608+0000] {logging_mixin.py:120} INFO - [2023-07-07T12:19:44.608+0000] {dag.py:3340} INFO - Setting next_dagrun for example_short_circuit_operator to 2023-07-06T12:19:44.607871+00:00, run_after=2023-07-07T12:19:44.607871+00:00
[2023-07-07T12:19:44.619+0000] {processor.py:176} INFO - Processing /home/airflow/.local/lib/python3.7/site-packages/airflow/example_dags/example_short_circuit_operator.py took 0.065 seconds
[2023-07-07T12:20:14.798+0000] {processor.py:154} INFO - Started process (PID=2322) to work on /home/airflow/.local/lib/python3.7/site-packages/airflow/example_dags/example_short_circuit_operator.py
[2023-07-07T12:20:14.799+0000] {processor.py:756} INFO - Processing file /home/airflow/.local/lib/python3.7/site-packages/airflow/example_dags/example_short_circuit_operator.py for tasks to queue
[2023-07-07T12:20:14.799+0000] {logging_mixin.py:120} INFO - [2023-07-07T12:20:14.799+0000] {dagbag.py:537} INFO - Filling up the DagBag from /home/airflow/.local/lib/python3.7/site-packages/airflow/example_dags/example_short_circuit_operator.py
[2023-07-07T12:20:14.809+0000] {processor.py:766} INFO - DAG(s) dict_keys(['example_short_circuit_operator']) retrieved from /home/airflow/.local/lib/python3.7/site-packages/airflow/example_dags/example_short_circuit_operator.py
[2023-07-07T12:20:14.831+0000] {logging_mixin.py:120} INFO - [2023-07-07T12:20:14.831+0000] {dag.py:2585} INFO - Sync 1 DAGs
[2023-07-07T12:20:14.845+0000] {logging_mixin.py:120} INFO - [2023-07-07T12:20:14.844+0000] {dag.py:3340} INFO - Setting next_dagrun for example_short_circuit_operator to 2023-07-06T12:20:14.844823+00:00, run_after=2023-07-07T12:20:14.844823+00:00
[2023-07-07T12:20:14.857+0000] {processor.py:176} INFO - Processing /home/airflow/.local/lib/python3.7/site-packages/airflow/example_dags/example_short_circuit_operator.py took 0.060 seconds
[2023-07-07T12:20:44.951+0000] {processor.py:154} INFO - Started process (PID=2389) to work on /home/airflow/.local/lib/python3.7/site-packages/airflow/example_dags/example_short_circuit_operator.py
[2023-07-07T12:20:44.952+0000] {processor.py:756} INFO - Processing file /home/airflow/.local/lib/python3.7/site-packages/airflow/example_dags/example_short_circuit_operator.py for tasks to queue
[2023-07-07T12:20:44.952+0000] {logging_mixin.py:120} INFO - [2023-07-07T12:20:44.952+0000] {dagbag.py:537} INFO - Filling up the DagBag from /home/airflow/.local/lib/python3.7/site-packages/airflow/example_dags/example_short_circuit_operator.py
[2023-07-07T12:20:44.962+0000] {processor.py:766} INFO - DAG(s) dict_keys(['example_short_circuit_operator']) retrieved from /home/airflow/.local/lib/python3.7/site-packages/airflow/example_dags/example_short_circuit_operator.py
[2023-07-07T12:20:44.986+0000] {logging_mixin.py:120} INFO - [2023-07-07T12:20:44.986+0000] {dag.py:2585} INFO - Sync 1 DAGs
[2023-07-07T12:20:45.003+0000] {logging_mixin.py:120} INFO - [2023-07-07T12:20:45.003+0000] {dag.py:3340} INFO - Setting next_dagrun for example_short_circuit_operator to 2023-07-06T12:20:45.003508+00:00, run_after=2023-07-07T12:20:45.003508+00:00
[2023-07-07T12:20:45.015+0000] {processor.py:176} INFO - Processing /home/airflow/.local/lib/python3.7/site-packages/airflow/example_dags/example_short_circuit_operator.py took 0.066 seconds
[2023-07-07T12:21:15.227+0000] {processor.py:154} INFO - Started process (PID=2456) to work on /home/airflow/.local/lib/python3.7/site-packages/airflow/example_dags/example_short_circuit_operator.py
[2023-07-07T12:21:15.229+0000] {processor.py:756} INFO - Processing file /home/airflow/.local/lib/python3.7/site-packages/airflow/example_dags/example_short_circuit_operator.py for tasks to queue
[2023-07-07T12:21:15.229+0000] {logging_mixin.py:120} INFO - [2023-07-07T12:21:15.229+0000] {dagbag.py:537} INFO - Filling up the DagBag from /home/airflow/.local/lib/python3.7/site-packages/airflow/example_dags/example_short_circuit_operator.py
[2023-07-07T12:21:15.241+0000] {processor.py:766} INFO - DAG(s) dict_keys(['example_short_circuit_operator']) retrieved from /home/airflow/.local/lib/python3.7/site-packages/airflow/example_dags/example_short_circuit_operator.py
[2023-07-07T12:21:15.268+0000] {logging_mixin.py:120} INFO - [2023-07-07T12:21:15.268+0000] {dag.py:2585} INFO - Sync 1 DAGs
[2023-07-07T12:21:15.283+0000] {logging_mixin.py:120} INFO - [2023-07-07T12:21:15.283+0000] {dag.py:3340} INFO - Setting next_dagrun for example_short_circuit_operator to 2023-07-06T12:21:15.282950+00:00, run_after=2023-07-07T12:21:15.282950+00:00
[2023-07-07T12:21:15.305+0000] {processor.py:176} INFO - Processing /home/airflow/.local/lib/python3.7/site-packages/airflow/example_dags/example_short_circuit_operator.py took 0.080 seconds
[2023-07-07T12:21:58.486+0000] {processor.py:154} INFO - Started process (PID=44) to work on /home/airflow/.local/lib/python3.7/site-packages/airflow/example_dags/example_short_circuit_operator.py
[2023-07-07T12:21:58.487+0000] {processor.py:756} INFO - Processing file /home/airflow/.local/lib/python3.7/site-packages/airflow/example_dags/example_short_circuit_operator.py for tasks to queue
[2023-07-07T12:21:58.488+0000] {logging_mixin.py:120} INFO - [2023-07-07T12:21:58.488+0000] {dagbag.py:537} INFO - Filling up the DagBag from /home/airflow/.local/lib/python3.7/site-packages/airflow/example_dags/example_short_circuit_operator.py
[2023-07-07T12:21:58.506+0000] {processor.py:766} INFO - DAG(s) dict_keys(['example_short_circuit_operator']) retrieved from /home/airflow/.local/lib/python3.7/site-packages/airflow/example_dags/example_short_circuit_operator.py
[2023-07-07T12:21:58.528+0000] {logging_mixin.py:120} INFO - [2023-07-07T12:21:58.528+0000] {dag.py:2585} INFO - Sync 1 DAGs
[2023-07-07T12:21:58.554+0000] {logging_mixin.py:120} INFO - [2023-07-07T12:21:58.554+0000] {dag.py:3340} INFO - Setting next_dagrun for example_short_circuit_operator to 2023-07-06T12:21:58.553864+00:00, run_after=2023-07-07T12:21:58.553864+00:00
[2023-07-07T12:21:58.574+0000] {processor.py:176} INFO - Processing /home/airflow/.local/lib/python3.7/site-packages/airflow/example_dags/example_short_circuit_operator.py took 0.090 seconds
[2023-07-07T12:22:28.911+0000] {processor.py:154} INFO - Started process (PID=109) to work on /home/airflow/.local/lib/python3.7/site-packages/airflow/example_dags/example_short_circuit_operator.py
[2023-07-07T12:22:28.912+0000] {processor.py:756} INFO - Processing file /home/airflow/.local/lib/python3.7/site-packages/airflow/example_dags/example_short_circuit_operator.py for tasks to queue
[2023-07-07T12:22:28.913+0000] {logging_mixin.py:120} INFO - [2023-07-07T12:22:28.912+0000] {dagbag.py:537} INFO - Filling up the DagBag from /home/airflow/.local/lib/python3.7/site-packages/airflow/example_dags/example_short_circuit_operator.py
[2023-07-07T12:22:28.922+0000] {processor.py:766} INFO - DAG(s) dict_keys(['example_short_circuit_operator']) retrieved from /home/airflow/.local/lib/python3.7/site-packages/airflow/example_dags/example_short_circuit_operator.py
[2023-07-07T12:22:28.945+0000] {logging_mixin.py:120} INFO - [2023-07-07T12:22:28.945+0000] {dag.py:2585} INFO - Sync 1 DAGs
[2023-07-07T12:22:28.961+0000] {logging_mixin.py:120} INFO - [2023-07-07T12:22:28.961+0000] {dag.py:3340} INFO - Setting next_dagrun for example_short_circuit_operator to 2023-07-06T12:22:28.961114+00:00, run_after=2023-07-07T12:22:28.961114+00:00
[2023-07-07T12:22:28.974+0000] {processor.py:176} INFO - Processing /home/airflow/.local/lib/python3.7/site-packages/airflow/example_dags/example_short_circuit_operator.py took 0.064 seconds
[2023-07-07T12:22:59.197+0000] {processor.py:154} INFO - Started process (PID=176) to work on /home/airflow/.local/lib/python3.7/site-packages/airflow/example_dags/example_short_circuit_operator.py
[2023-07-07T12:22:59.198+0000] {processor.py:756} INFO - Processing file /home/airflow/.local/lib/python3.7/site-packages/airflow/example_dags/example_short_circuit_operator.py for tasks to queue
[2023-07-07T12:22:59.198+0000] {logging_mixin.py:120} INFO - [2023-07-07T12:22:59.198+0000] {dagbag.py:537} INFO - Filling up the DagBag from /home/airflow/.local/lib/python3.7/site-packages/airflow/example_dags/example_short_circuit_operator.py
[2023-07-07T12:22:59.209+0000] {processor.py:766} INFO - DAG(s) dict_keys(['example_short_circuit_operator']) retrieved from /home/airflow/.local/lib/python3.7/site-packages/airflow/example_dags/example_short_circuit_operator.py
[2023-07-07T12:22:59.235+0000] {logging_mixin.py:120} INFO - [2023-07-07T12:22:59.235+0000] {dag.py:2585} INFO - Sync 1 DAGs
[2023-07-07T12:22:59.250+0000] {logging_mixin.py:120} INFO - [2023-07-07T12:22:59.250+0000] {dag.py:3340} INFO - Setting next_dagrun for example_short_circuit_operator to 2023-07-06T12:22:59.250358+00:00, run_after=2023-07-07T12:22:59.250358+00:00
[2023-07-07T12:22:59.261+0000] {processor.py:176} INFO - Processing /home/airflow/.local/lib/python3.7/site-packages/airflow/example_dags/example_short_circuit_operator.py took 0.065 seconds
[2023-07-07T12:23:29.549+0000] {processor.py:154} INFO - Started process (PID=242) to work on /home/airflow/.local/lib/python3.7/site-packages/airflow/example_dags/example_short_circuit_operator.py
[2023-07-07T12:23:29.550+0000] {processor.py:756} INFO - Processing file /home/airflow/.local/lib/python3.7/site-packages/airflow/example_dags/example_short_circuit_operator.py for tasks to queue
[2023-07-07T12:23:29.550+0000] {logging_mixin.py:120} INFO - [2023-07-07T12:23:29.550+0000] {dagbag.py:537} INFO - Filling up the DagBag from /home/airflow/.local/lib/python3.7/site-packages/airflow/example_dags/example_short_circuit_operator.py
[2023-07-07T12:23:29.561+0000] {processor.py:766} INFO - DAG(s) dict_keys(['example_short_circuit_operator']) retrieved from /home/airflow/.local/lib/python3.7/site-packages/airflow/example_dags/example_short_circuit_operator.py
[2023-07-07T12:23:29.590+0000] {logging_mixin.py:120} INFO - [2023-07-07T12:23:29.590+0000] {dag.py:2585} INFO - Sync 1 DAGs
[2023-07-07T12:23:29.609+0000] {logging_mixin.py:120} INFO - [2023-07-07T12:23:29.609+0000] {dag.py:3340} INFO - Setting next_dagrun for example_short_circuit_operator to 2023-07-06T12:23:29.608953+00:00, run_after=2023-07-07T12:23:29.608953+00:00
[2023-07-07T12:23:29.622+0000] {processor.py:176} INFO - Processing /home/airflow/.local/lib/python3.7/site-packages/airflow/example_dags/example_short_circuit_operator.py took 0.074 seconds
[2023-07-07T12:23:59.827+0000] {processor.py:154} INFO - Started process (PID=300) to work on /home/airflow/.local/lib/python3.7/site-packages/airflow/example_dags/example_short_circuit_operator.py
[2023-07-07T12:23:59.828+0000] {processor.py:756} INFO - Processing file /home/airflow/.local/lib/python3.7/site-packages/airflow/example_dags/example_short_circuit_operator.py for tasks to queue
[2023-07-07T12:23:59.828+0000] {logging_mixin.py:120} INFO - [2023-07-07T12:23:59.828+0000] {dagbag.py:537} INFO - Filling up the DagBag from /home/airflow/.local/lib/python3.7/site-packages/airflow/example_dags/example_short_circuit_operator.py
[2023-07-07T12:23:59.837+0000] {processor.py:766} INFO - DAG(s) dict_keys(['example_short_circuit_operator']) retrieved from /home/airflow/.local/lib/python3.7/site-packages/airflow/example_dags/example_short_circuit_operator.py
[2023-07-07T12:23:59.862+0000] {logging_mixin.py:120} INFO - [2023-07-07T12:23:59.862+0000] {dag.py:2585} INFO - Sync 1 DAGs
[2023-07-07T12:23:59.877+0000] {logging_mixin.py:120} INFO - [2023-07-07T12:23:59.877+0000] {dag.py:3340} INFO - Setting next_dagrun for example_short_circuit_operator to 2023-07-06T12:23:59.877287+00:00, run_after=2023-07-07T12:23:59.877287+00:00
[2023-07-07T12:23:59.888+0000] {processor.py:176} INFO - Processing /home/airflow/.local/lib/python3.7/site-packages/airflow/example_dags/example_short_circuit_operator.py took 0.062 seconds
[2023-07-07T12:24:30.355+0000] {processor.py:154} INFO - Started process (PID=367) to work on /home/airflow/.local/lib/python3.7/site-packages/airflow/example_dags/example_short_circuit_operator.py
[2023-07-07T12:24:30.355+0000] {processor.py:756} INFO - Processing file /home/airflow/.local/lib/python3.7/site-packages/airflow/example_dags/example_short_circuit_operator.py for tasks to queue
[2023-07-07T12:24:30.356+0000] {logging_mixin.py:120} INFO - [2023-07-07T12:24:30.356+0000] {dagbag.py:537} INFO - Filling up the DagBag from /home/airflow/.local/lib/python3.7/site-packages/airflow/example_dags/example_short_circuit_operator.py
[2023-07-07T12:24:30.365+0000] {processor.py:766} INFO - DAG(s) dict_keys(['example_short_circuit_operator']) retrieved from /home/airflow/.local/lib/python3.7/site-packages/airflow/example_dags/example_short_circuit_operator.py
[2023-07-07T12:24:30.388+0000] {logging_mixin.py:120} INFO - [2023-07-07T12:24:30.388+0000] {dag.py:2585} INFO - Sync 1 DAGs
[2023-07-07T12:24:30.402+0000] {logging_mixin.py:120} INFO - [2023-07-07T12:24:30.402+0000] {dag.py:3340} INFO - Setting next_dagrun for example_short_circuit_operator to 2023-07-06T12:24:30.402351+00:00, run_after=2023-07-07T12:24:30.402351+00:00
[2023-07-07T12:24:30.412+0000] {processor.py:176} INFO - Processing /home/airflow/.local/lib/python3.7/site-packages/airflow/example_dags/example_short_circuit_operator.py took 0.060 seconds
[2023-07-07T12:25:00.882+0000] {processor.py:154} INFO - Started process (PID=433) to work on /home/airflow/.local/lib/python3.7/site-packages/airflow/example_dags/example_short_circuit_operator.py
[2023-07-07T12:25:00.883+0000] {processor.py:756} INFO - Processing file /home/airflow/.local/lib/python3.7/site-packages/airflow/example_dags/example_short_circuit_operator.py for tasks to queue
[2023-07-07T12:25:00.883+0000] {logging_mixin.py:120} INFO - [2023-07-07T12:25:00.883+0000] {dagbag.py:537} INFO - Filling up the DagBag from /home/airflow/.local/lib/python3.7/site-packages/airflow/example_dags/example_short_circuit_operator.py
[2023-07-07T12:25:00.893+0000] {processor.py:766} INFO - DAG(s) dict_keys(['example_short_circuit_operator']) retrieved from /home/airflow/.local/lib/python3.7/site-packages/airflow/example_dags/example_short_circuit_operator.py
[2023-07-07T12:25:00.916+0000] {logging_mixin.py:120} INFO - [2023-07-07T12:25:00.916+0000] {dag.py:2585} INFO - Sync 1 DAGs
[2023-07-07T12:25:00.932+0000] {logging_mixin.py:120} INFO - [2023-07-07T12:25:00.932+0000] {dag.py:3340} INFO - Setting next_dagrun for example_short_circuit_operator to 2023-07-06T12:25:00.932165+00:00, run_after=2023-07-07T12:25:00.932165+00:00
[2023-07-07T12:25:00.943+0000] {processor.py:176} INFO - Processing /home/airflow/.local/lib/python3.7/site-packages/airflow/example_dags/example_short_circuit_operator.py took 0.062 seconds
