[2023-07-07T12:00:26.338+0000] {processor.py:154} INFO - Started process (PID=71) to work on /home/airflow/.local/lib/python3.7/site-packages/airflow/example_dags/example_branch_labels.py
[2023-07-07T12:00:26.338+0000] {processor.py:756} INFO - Processing file /home/airflow/.local/lib/python3.7/site-packages/airflow/example_dags/example_branch_labels.py for tasks to queue
[2023-07-07T12:00:26.339+0000] {logging_mixin.py:120} INFO - [2023-07-07T12:00:26.339+0000] {dagbag.py:537} INFO - Filling up the DagBag from /home/airflow/.local/lib/python3.7/site-packages/airflow/example_dags/example_branch_labels.py
[2023-07-07T12:00:26.352+0000] {processor.py:766} INFO - DAG(s) dict_keys(['example_branch_labels']) retrieved from /home/airflow/.local/lib/python3.7/site-packages/airflow/example_dags/example_branch_labels.py
[2023-07-07T12:00:26.390+0000] {logging_mixin.py:120} INFO - [2023-07-07T12:00:26.390+0000] {dag.py:2585} INFO - Sync 1 DAGs
[2023-07-07T12:00:26.416+0000] {logging_mixin.py:120} INFO - [2023-07-07T12:00:26.416+0000] {dag.py:3340} INFO - Setting next_dagrun for example_branch_labels to 2023-07-06T00:00:00+00:00, run_after=2023-07-07T00:00:00+00:00
[2023-07-07T12:00:26.435+0000] {processor.py:176} INFO - Processing /home/airflow/.local/lib/python3.7/site-packages/airflow/example_dags/example_branch_labels.py took 0.100 seconds
[2023-07-07T12:00:56.621+0000] {processor.py:154} INFO - Started process (PID=137) to work on /home/airflow/.local/lib/python3.7/site-packages/airflow/example_dags/example_branch_labels.py
[2023-07-07T12:00:56.622+0000] {processor.py:756} INFO - Processing file /home/airflow/.local/lib/python3.7/site-packages/airflow/example_dags/example_branch_labels.py for tasks to queue
[2023-07-07T12:00:56.622+0000] {logging_mixin.py:120} INFO - [2023-07-07T12:00:56.622+0000] {dagbag.py:537} INFO - Filling up the DagBag from /home/airflow/.local/lib/python3.7/site-packages/airflow/example_dags/example_branch_labels.py
[2023-07-07T12:00:56.630+0000] {processor.py:766} INFO - DAG(s) dict_keys(['example_branch_labels']) retrieved from /home/airflow/.local/lib/python3.7/site-packages/airflow/example_dags/example_branch_labels.py
[2023-07-07T12:00:56.653+0000] {logging_mixin.py:120} INFO - [2023-07-07T12:00:56.653+0000] {dag.py:2585} INFO - Sync 1 DAGs
[2023-07-07T12:00:56.669+0000] {logging_mixin.py:120} INFO - [2023-07-07T12:00:56.669+0000] {dag.py:3340} INFO - Setting next_dagrun for example_branch_labels to 2023-07-06T00:00:00+00:00, run_after=2023-07-07T00:00:00+00:00
[2023-07-07T12:00:56.681+0000] {processor.py:176} INFO - Processing /home/airflow/.local/lib/python3.7/site-packages/airflow/example_dags/example_branch_labels.py took 0.061 seconds
[2023-07-07T12:01:28.144+0000] {processor.py:154} INFO - Started process (PID=206) to work on /home/airflow/.local/lib/python3.7/site-packages/airflow/example_dags/example_branch_labels.py
[2023-07-07T12:01:28.144+0000] {processor.py:756} INFO - Processing file /home/airflow/.local/lib/python3.7/site-packages/airflow/example_dags/example_branch_labels.py for tasks to queue
[2023-07-07T12:01:28.145+0000] {logging_mixin.py:120} INFO - [2023-07-07T12:01:28.144+0000] {dagbag.py:537} INFO - Filling up the DagBag from /home/airflow/.local/lib/python3.7/site-packages/airflow/example_dags/example_branch_labels.py
[2023-07-07T12:01:28.153+0000] {processor.py:766} INFO - DAG(s) dict_keys(['example_branch_labels']) retrieved from /home/airflow/.local/lib/python3.7/site-packages/airflow/example_dags/example_branch_labels.py
[2023-07-07T12:01:28.178+0000] {logging_mixin.py:120} INFO - [2023-07-07T12:01:28.178+0000] {dag.py:2585} INFO - Sync 1 DAGs
[2023-07-07T12:01:28.194+0000] {logging_mixin.py:120} INFO - [2023-07-07T12:01:28.194+0000] {dag.py:3340} INFO - Setting next_dagrun for example_branch_labels to 2023-07-06T00:00:00+00:00, run_after=2023-07-07T00:00:00+00:00
[2023-07-07T12:01:28.206+0000] {processor.py:176} INFO - Processing /home/airflow/.local/lib/python3.7/site-packages/airflow/example_dags/example_branch_labels.py took 0.064 seconds
[2023-07-07T12:01:59.653+0000] {processor.py:154} INFO - Started process (PID=273) to work on /home/airflow/.local/lib/python3.7/site-packages/airflow/example_dags/example_branch_labels.py
[2023-07-07T12:01:59.653+0000] {processor.py:756} INFO - Processing file /home/airflow/.local/lib/python3.7/site-packages/airflow/example_dags/example_branch_labels.py for tasks to queue
[2023-07-07T12:01:59.654+0000] {logging_mixin.py:120} INFO - [2023-07-07T12:01:59.654+0000] {dagbag.py:537} INFO - Filling up the DagBag from /home/airflow/.local/lib/python3.7/site-packages/airflow/example_dags/example_branch_labels.py
[2023-07-07T12:01:59.662+0000] {processor.py:766} INFO - DAG(s) dict_keys(['example_branch_labels']) retrieved from /home/airflow/.local/lib/python3.7/site-packages/airflow/example_dags/example_branch_labels.py
[2023-07-07T12:01:59.683+0000] {logging_mixin.py:120} INFO - [2023-07-07T12:01:59.683+0000] {dag.py:2585} INFO - Sync 1 DAGs
[2023-07-07T12:01:59.698+0000] {logging_mixin.py:120} INFO - [2023-07-07T12:01:59.698+0000] {dag.py:3340} INFO - Setting next_dagrun for example_branch_labels to 2023-07-06T00:00:00+00:00, run_after=2023-07-07T00:00:00+00:00
[2023-07-07T12:01:59.708+0000] {processor.py:176} INFO - Processing /home/airflow/.local/lib/python3.7/site-packages/airflow/example_dags/example_branch_labels.py took 0.057 seconds
[2023-07-07T12:02:37.810+0000] {processor.py:154} INFO - Started process (PID=72) to work on /home/airflow/.local/lib/python3.7/site-packages/airflow/example_dags/example_branch_labels.py
[2023-07-07T12:02:37.817+0000] {processor.py:756} INFO - Processing file /home/airflow/.local/lib/python3.7/site-packages/airflow/example_dags/example_branch_labels.py for tasks to queue
[2023-07-07T12:02:37.818+0000] {logging_mixin.py:120} INFO - [2023-07-07T12:02:37.818+0000] {dagbag.py:537} INFO - Filling up the DagBag from /home/airflow/.local/lib/python3.7/site-packages/airflow/example_dags/example_branch_labels.py
[2023-07-07T12:02:37.842+0000] {processor.py:766} INFO - DAG(s) dict_keys(['example_branch_labels']) retrieved from /home/airflow/.local/lib/python3.7/site-packages/airflow/example_dags/example_branch_labels.py
[2023-07-07T12:02:37.890+0000] {logging_mixin.py:120} INFO - [2023-07-07T12:02:37.889+0000] {dag.py:2585} INFO - Sync 1 DAGs
[2023-07-07T12:02:37.926+0000] {logging_mixin.py:120} INFO - [2023-07-07T12:02:37.926+0000] {dag.py:3340} INFO - Setting next_dagrun for example_branch_labels to 2023-07-06T00:00:00+00:00, run_after=2023-07-07T00:00:00+00:00
[2023-07-07T12:02:37.949+0000] {processor.py:176} INFO - Processing /home/airflow/.local/lib/python3.7/site-packages/airflow/example_dags/example_branch_labels.py took 0.142 seconds
[2023-07-07T12:03:08.120+0000] {processor.py:154} INFO - Started process (PID=139) to work on /home/airflow/.local/lib/python3.7/site-packages/airflow/example_dags/example_branch_labels.py
[2023-07-07T12:03:08.121+0000] {processor.py:756} INFO - Processing file /home/airflow/.local/lib/python3.7/site-packages/airflow/example_dags/example_branch_labels.py for tasks to queue
[2023-07-07T12:03:08.121+0000] {logging_mixin.py:120} INFO - [2023-07-07T12:03:08.121+0000] {dagbag.py:537} INFO - Filling up the DagBag from /home/airflow/.local/lib/python3.7/site-packages/airflow/example_dags/example_branch_labels.py
[2023-07-07T12:03:08.130+0000] {processor.py:766} INFO - DAG(s) dict_keys(['example_branch_labels']) retrieved from /home/airflow/.local/lib/python3.7/site-packages/airflow/example_dags/example_branch_labels.py
[2023-07-07T12:03:08.154+0000] {logging_mixin.py:120} INFO - [2023-07-07T12:03:08.154+0000] {dag.py:2585} INFO - Sync 1 DAGs
[2023-07-07T12:03:08.171+0000] {logging_mixin.py:120} INFO - [2023-07-07T12:03:08.171+0000] {dag.py:3340} INFO - Setting next_dagrun for example_branch_labels to 2023-07-06T00:00:00+00:00, run_after=2023-07-07T00:00:00+00:00
[2023-07-07T12:03:08.183+0000] {processor.py:176} INFO - Processing /home/airflow/.local/lib/python3.7/site-packages/airflow/example_dags/example_branch_labels.py took 0.065 seconds
[2023-07-07T12:03:38.474+0000] {processor.py:154} INFO - Started process (PID=207) to work on /home/airflow/.local/lib/python3.7/site-packages/airflow/example_dags/example_branch_labels.py
[2023-07-07T12:03:38.475+0000] {processor.py:756} INFO - Processing file /home/airflow/.local/lib/python3.7/site-packages/airflow/example_dags/example_branch_labels.py for tasks to queue
[2023-07-07T12:03:38.475+0000] {logging_mixin.py:120} INFO - [2023-07-07T12:03:38.475+0000] {dagbag.py:537} INFO - Filling up the DagBag from /home/airflow/.local/lib/python3.7/site-packages/airflow/example_dags/example_branch_labels.py
[2023-07-07T12:03:38.484+0000] {processor.py:766} INFO - DAG(s) dict_keys(['example_branch_labels']) retrieved from /home/airflow/.local/lib/python3.7/site-packages/airflow/example_dags/example_branch_labels.py
[2023-07-07T12:03:38.507+0000] {logging_mixin.py:120} INFO - [2023-07-07T12:03:38.507+0000] {dag.py:2585} INFO - Sync 1 DAGs
[2023-07-07T12:03:38.524+0000] {logging_mixin.py:120} INFO - [2023-07-07T12:03:38.523+0000] {dag.py:3340} INFO - Setting next_dagrun for example_branch_labels to 2023-07-06T00:00:00+00:00, run_after=2023-07-07T00:00:00+00:00
[2023-07-07T12:03:38.535+0000] {processor.py:176} INFO - Processing /home/airflow/.local/lib/python3.7/site-packages/airflow/example_dags/example_branch_labels.py took 0.063 seconds
[2023-07-07T12:04:08.709+0000] {processor.py:154} INFO - Started process (PID=275) to work on /home/airflow/.local/lib/python3.7/site-packages/airflow/example_dags/example_branch_labels.py
[2023-07-07T12:04:08.710+0000] {processor.py:756} INFO - Processing file /home/airflow/.local/lib/python3.7/site-packages/airflow/example_dags/example_branch_labels.py for tasks to queue
[2023-07-07T12:04:08.710+0000] {logging_mixin.py:120} INFO - [2023-07-07T12:04:08.710+0000] {dagbag.py:537} INFO - Filling up the DagBag from /home/airflow/.local/lib/python3.7/site-packages/airflow/example_dags/example_branch_labels.py
[2023-07-07T12:04:08.720+0000] {processor.py:766} INFO - DAG(s) dict_keys(['example_branch_labels']) retrieved from /home/airflow/.local/lib/python3.7/site-packages/airflow/example_dags/example_branch_labels.py
[2023-07-07T12:04:08.746+0000] {logging_mixin.py:120} INFO - [2023-07-07T12:04:08.746+0000] {dag.py:2585} INFO - Sync 1 DAGs
[2023-07-07T12:04:08.763+0000] {logging_mixin.py:120} INFO - [2023-07-07T12:04:08.763+0000] {dag.py:3340} INFO - Setting next_dagrun for example_branch_labels to 2023-07-06T00:00:00+00:00, run_after=2023-07-07T00:00:00+00:00
[2023-07-07T12:04:08.776+0000] {processor.py:176} INFO - Processing /home/airflow/.local/lib/python3.7/site-packages/airflow/example_dags/example_branch_labels.py took 0.069 seconds
[2023-07-07T12:04:38.914+0000] {processor.py:154} INFO - Started process (PID=333) to work on /home/airflow/.local/lib/python3.7/site-packages/airflow/example_dags/example_branch_labels.py
[2023-07-07T12:04:38.915+0000] {processor.py:756} INFO - Processing file /home/airflow/.local/lib/python3.7/site-packages/airflow/example_dags/example_branch_labels.py for tasks to queue
[2023-07-07T12:04:38.915+0000] {logging_mixin.py:120} INFO - [2023-07-07T12:04:38.915+0000] {dagbag.py:537} INFO - Filling up the DagBag from /home/airflow/.local/lib/python3.7/site-packages/airflow/example_dags/example_branch_labels.py
[2023-07-07T12:04:38.924+0000] {processor.py:766} INFO - DAG(s) dict_keys(['example_branch_labels']) retrieved from /home/airflow/.local/lib/python3.7/site-packages/airflow/example_dags/example_branch_labels.py
[2023-07-07T12:04:38.948+0000] {logging_mixin.py:120} INFO - [2023-07-07T12:04:38.948+0000] {dag.py:2585} INFO - Sync 1 DAGs
[2023-07-07T12:04:38.964+0000] {logging_mixin.py:120} INFO - [2023-07-07T12:04:38.964+0000] {dag.py:3340} INFO - Setting next_dagrun for example_branch_labels to 2023-07-06T00:00:00+00:00, run_after=2023-07-07T00:00:00+00:00
[2023-07-07T12:04:38.975+0000] {processor.py:176} INFO - Processing /home/airflow/.local/lib/python3.7/site-packages/airflow/example_dags/example_branch_labels.py took 0.062 seconds
[2023-07-07T12:05:09.999+0000] {processor.py:154} INFO - Started process (PID=400) to work on /home/airflow/.local/lib/python3.7/site-packages/airflow/example_dags/example_branch_labels.py
[2023-07-07T12:05:10.000+0000] {processor.py:756} INFO - Processing file /home/airflow/.local/lib/python3.7/site-packages/airflow/example_dags/example_branch_labels.py for tasks to queue
[2023-07-07T12:05:10.000+0000] {logging_mixin.py:120} INFO - [2023-07-07T12:05:10.000+0000] {dagbag.py:537} INFO - Filling up the DagBag from /home/airflow/.local/lib/python3.7/site-packages/airflow/example_dags/example_branch_labels.py
[2023-07-07T12:05:10.009+0000] {processor.py:766} INFO - DAG(s) dict_keys(['example_branch_labels']) retrieved from /home/airflow/.local/lib/python3.7/site-packages/airflow/example_dags/example_branch_labels.py
[2023-07-07T12:05:10.035+0000] {logging_mixin.py:120} INFO - [2023-07-07T12:05:10.035+0000] {dag.py:2585} INFO - Sync 1 DAGs
[2023-07-07T12:05:10.053+0000] {logging_mixin.py:120} INFO - [2023-07-07T12:05:10.053+0000] {dag.py:3340} INFO - Setting next_dagrun for example_branch_labels to 2023-07-06T00:00:00+00:00, run_after=2023-07-07T00:00:00+00:00
[2023-07-07T12:05:10.066+0000] {processor.py:176} INFO - Processing /home/airflow/.local/lib/python3.7/site-packages/airflow/example_dags/example_branch_labels.py took 0.069 seconds
[2023-07-07T12:05:40.292+0000] {processor.py:154} INFO - Started process (PID=468) to work on /home/airflow/.local/lib/python3.7/site-packages/airflow/example_dags/example_branch_labels.py
[2023-07-07T12:05:40.293+0000] {processor.py:756} INFO - Processing file /home/airflow/.local/lib/python3.7/site-packages/airflow/example_dags/example_branch_labels.py for tasks to queue
[2023-07-07T12:05:40.293+0000] {logging_mixin.py:120} INFO - [2023-07-07T12:05:40.293+0000] {dagbag.py:537} INFO - Filling up the DagBag from /home/airflow/.local/lib/python3.7/site-packages/airflow/example_dags/example_branch_labels.py
[2023-07-07T12:05:40.304+0000] {processor.py:766} INFO - DAG(s) dict_keys(['example_branch_labels']) retrieved from /home/airflow/.local/lib/python3.7/site-packages/airflow/example_dags/example_branch_labels.py
[2023-07-07T12:05:40.330+0000] {logging_mixin.py:120} INFO - [2023-07-07T12:05:40.330+0000] {dag.py:2585} INFO - Sync 1 DAGs
[2023-07-07T12:05:40.347+0000] {logging_mixin.py:120} INFO - [2023-07-07T12:05:40.347+0000] {dag.py:3340} INFO - Setting next_dagrun for example_branch_labels to 2023-07-06T00:00:00+00:00, run_after=2023-07-07T00:00:00+00:00
[2023-07-07T12:05:40.359+0000] {processor.py:176} INFO - Processing /home/airflow/.local/lib/python3.7/site-packages/airflow/example_dags/example_branch_labels.py took 0.069 seconds
[2023-07-07T12:06:10.608+0000] {processor.py:154} INFO - Started process (PID=534) to work on /home/airflow/.local/lib/python3.7/site-packages/airflow/example_dags/example_branch_labels.py
[2023-07-07T12:06:10.609+0000] {processor.py:756} INFO - Processing file /home/airflow/.local/lib/python3.7/site-packages/airflow/example_dags/example_branch_labels.py for tasks to queue
[2023-07-07T12:06:10.609+0000] {logging_mixin.py:120} INFO - [2023-07-07T12:06:10.609+0000] {dagbag.py:537} INFO - Filling up the DagBag from /home/airflow/.local/lib/python3.7/site-packages/airflow/example_dags/example_branch_labels.py
[2023-07-07T12:06:10.619+0000] {processor.py:766} INFO - DAG(s) dict_keys(['example_branch_labels']) retrieved from /home/airflow/.local/lib/python3.7/site-packages/airflow/example_dags/example_branch_labels.py
[2023-07-07T12:06:10.648+0000] {logging_mixin.py:120} INFO - [2023-07-07T12:06:10.647+0000] {dag.py:2585} INFO - Sync 1 DAGs
[2023-07-07T12:06:10.665+0000] {logging_mixin.py:120} INFO - [2023-07-07T12:06:10.665+0000] {dag.py:3340} INFO - Setting next_dagrun for example_branch_labels to 2023-07-06T00:00:00+00:00, run_after=2023-07-07T00:00:00+00:00
[2023-07-07T12:06:10.678+0000] {processor.py:176} INFO - Processing /home/airflow/.local/lib/python3.7/site-packages/airflow/example_dags/example_branch_labels.py took 0.072 seconds
[2023-07-07T12:06:41.676+0000] {processor.py:154} INFO - Started process (PID=601) to work on /home/airflow/.local/lib/python3.7/site-packages/airflow/example_dags/example_branch_labels.py
[2023-07-07T12:06:41.677+0000] {processor.py:756} INFO - Processing file /home/airflow/.local/lib/python3.7/site-packages/airflow/example_dags/example_branch_labels.py for tasks to queue
[2023-07-07T12:06:41.678+0000] {logging_mixin.py:120} INFO - [2023-07-07T12:06:41.678+0000] {dagbag.py:537} INFO - Filling up the DagBag from /home/airflow/.local/lib/python3.7/site-packages/airflow/example_dags/example_branch_labels.py
[2023-07-07T12:06:41.686+0000] {processor.py:766} INFO - DAG(s) dict_keys(['example_branch_labels']) retrieved from /home/airflow/.local/lib/python3.7/site-packages/airflow/example_dags/example_branch_labels.py
[2023-07-07T12:06:41.710+0000] {logging_mixin.py:120} INFO - [2023-07-07T12:06:41.710+0000] {dag.py:2585} INFO - Sync 1 DAGs
[2023-07-07T12:06:41.726+0000] {logging_mixin.py:120} INFO - [2023-07-07T12:06:41.726+0000] {dag.py:3340} INFO - Setting next_dagrun for example_branch_labels to 2023-07-06T00:00:00+00:00, run_after=2023-07-07T00:00:00+00:00
[2023-07-07T12:06:41.738+0000] {processor.py:176} INFO - Processing /home/airflow/.local/lib/python3.7/site-packages/airflow/example_dags/example_branch_labels.py took 0.063 seconds
[2023-07-07T12:07:12.904+0000] {processor.py:154} INFO - Started process (PID=666) to work on /home/airflow/.local/lib/python3.7/site-packages/airflow/example_dags/example_branch_labels.py
[2023-07-07T12:07:12.905+0000] {processor.py:756} INFO - Processing file /home/airflow/.local/lib/python3.7/site-packages/airflow/example_dags/example_branch_labels.py for tasks to queue
[2023-07-07T12:07:12.905+0000] {logging_mixin.py:120} INFO - [2023-07-07T12:07:12.905+0000] {dagbag.py:537} INFO - Filling up the DagBag from /home/airflow/.local/lib/python3.7/site-packages/airflow/example_dags/example_branch_labels.py
[2023-07-07T12:07:12.915+0000] {processor.py:766} INFO - DAG(s) dict_keys(['example_branch_labels']) retrieved from /home/airflow/.local/lib/python3.7/site-packages/airflow/example_dags/example_branch_labels.py
[2023-07-07T12:07:12.947+0000] {logging_mixin.py:120} INFO - [2023-07-07T12:07:12.947+0000] {dag.py:2585} INFO - Sync 1 DAGs
[2023-07-07T12:07:12.967+0000] {logging_mixin.py:120} INFO - [2023-07-07T12:07:12.967+0000] {dag.py:3340} INFO - Setting next_dagrun for example_branch_labels to 2023-07-06T00:00:00+00:00, run_after=2023-07-07T00:00:00+00:00
[2023-07-07T12:07:12.979+0000] {processor.py:176} INFO - Processing /home/airflow/.local/lib/python3.7/site-packages/airflow/example_dags/example_branch_labels.py took 0.077 seconds
[2023-07-07T12:07:43.127+0000] {processor.py:154} INFO - Started process (PID=726) to work on /home/airflow/.local/lib/python3.7/site-packages/airflow/example_dags/example_branch_labels.py
[2023-07-07T12:07:43.127+0000] {processor.py:756} INFO - Processing file /home/airflow/.local/lib/python3.7/site-packages/airflow/example_dags/example_branch_labels.py for tasks to queue
[2023-07-07T12:07:43.128+0000] {logging_mixin.py:120} INFO - [2023-07-07T12:07:43.128+0000] {dagbag.py:537} INFO - Filling up the DagBag from /home/airflow/.local/lib/python3.7/site-packages/airflow/example_dags/example_branch_labels.py
[2023-07-07T12:07:43.136+0000] {processor.py:766} INFO - DAG(s) dict_keys(['example_branch_labels']) retrieved from /home/airflow/.local/lib/python3.7/site-packages/airflow/example_dags/example_branch_labels.py
[2023-07-07T12:07:43.160+0000] {logging_mixin.py:120} INFO - [2023-07-07T12:07:43.160+0000] {dag.py:2585} INFO - Sync 1 DAGs
[2023-07-07T12:07:43.177+0000] {logging_mixin.py:120} INFO - [2023-07-07T12:07:43.176+0000] {dag.py:3340} INFO - Setting next_dagrun for example_branch_labels to 2023-07-06T00:00:00+00:00, run_after=2023-07-07T00:00:00+00:00
[2023-07-07T12:07:43.188+0000] {processor.py:176} INFO - Processing /home/airflow/.local/lib/python3.7/site-packages/airflow/example_dags/example_branch_labels.py took 0.064 seconds
[2023-07-07T12:08:13.439+0000] {processor.py:154} INFO - Started process (PID=793) to work on /home/airflow/.local/lib/python3.7/site-packages/airflow/example_dags/example_branch_labels.py
[2023-07-07T12:08:13.440+0000] {processor.py:756} INFO - Processing file /home/airflow/.local/lib/python3.7/site-packages/airflow/example_dags/example_branch_labels.py for tasks to queue
[2023-07-07T12:08:13.440+0000] {logging_mixin.py:120} INFO - [2023-07-07T12:08:13.440+0000] {dagbag.py:537} INFO - Filling up the DagBag from /home/airflow/.local/lib/python3.7/site-packages/airflow/example_dags/example_branch_labels.py
[2023-07-07T12:08:13.449+0000] {processor.py:766} INFO - DAG(s) dict_keys(['example_branch_labels']) retrieved from /home/airflow/.local/lib/python3.7/site-packages/airflow/example_dags/example_branch_labels.py
[2023-07-07T12:08:13.473+0000] {logging_mixin.py:120} INFO - [2023-07-07T12:08:13.472+0000] {dag.py:2585} INFO - Sync 1 DAGs
[2023-07-07T12:08:13.489+0000] {logging_mixin.py:120} INFO - [2023-07-07T12:08:13.489+0000] {dag.py:3340} INFO - Setting next_dagrun for example_branch_labels to 2023-07-06T00:00:00+00:00, run_after=2023-07-07T00:00:00+00:00
[2023-07-07T12:08:13.500+0000] {processor.py:176} INFO - Processing /home/airflow/.local/lib/python3.7/site-packages/airflow/example_dags/example_branch_labels.py took 0.063 seconds
[2023-07-07T12:08:43.697+0000] {processor.py:154} INFO - Started process (PID=860) to work on /home/airflow/.local/lib/python3.7/site-packages/airflow/example_dags/example_branch_labels.py
[2023-07-07T12:08:43.698+0000] {processor.py:756} INFO - Processing file /home/airflow/.local/lib/python3.7/site-packages/airflow/example_dags/example_branch_labels.py for tasks to queue
[2023-07-07T12:08:43.698+0000] {logging_mixin.py:120} INFO - [2023-07-07T12:08:43.698+0000] {dagbag.py:537} INFO - Filling up the DagBag from /home/airflow/.local/lib/python3.7/site-packages/airflow/example_dags/example_branch_labels.py
[2023-07-07T12:08:43.707+0000] {processor.py:766} INFO - DAG(s) dict_keys(['example_branch_labels']) retrieved from /home/airflow/.local/lib/python3.7/site-packages/airflow/example_dags/example_branch_labels.py
[2023-07-07T12:08:43.733+0000] {logging_mixin.py:120} INFO - [2023-07-07T12:08:43.733+0000] {dag.py:2585} INFO - Sync 1 DAGs
[2023-07-07T12:08:43.752+0000] {logging_mixin.py:120} INFO - [2023-07-07T12:08:43.752+0000] {dag.py:3340} INFO - Setting next_dagrun for example_branch_labels to 2023-07-06T00:00:00+00:00, run_after=2023-07-07T00:00:00+00:00
[2023-07-07T12:08:43.767+0000] {processor.py:176} INFO - Processing /home/airflow/.local/lib/python3.7/site-packages/airflow/example_dags/example_branch_labels.py took 0.072 seconds
[2023-07-07T12:09:14.026+0000] {processor.py:154} INFO - Started process (PID=927) to work on /home/airflow/.local/lib/python3.7/site-packages/airflow/example_dags/example_branch_labels.py
[2023-07-07T12:09:14.026+0000] {processor.py:756} INFO - Processing file /home/airflow/.local/lib/python3.7/site-packages/airflow/example_dags/example_branch_labels.py for tasks to queue
[2023-07-07T12:09:14.026+0000] {logging_mixin.py:120} INFO - [2023-07-07T12:09:14.026+0000] {dagbag.py:537} INFO - Filling up the DagBag from /home/airflow/.local/lib/python3.7/site-packages/airflow/example_dags/example_branch_labels.py
[2023-07-07T12:09:14.035+0000] {processor.py:766} INFO - DAG(s) dict_keys(['example_branch_labels']) retrieved from /home/airflow/.local/lib/python3.7/site-packages/airflow/example_dags/example_branch_labels.py
[2023-07-07T12:09:14.059+0000] {logging_mixin.py:120} INFO - [2023-07-07T12:09:14.059+0000] {dag.py:2585} INFO - Sync 1 DAGs
[2023-07-07T12:09:14.077+0000] {logging_mixin.py:120} INFO - [2023-07-07T12:09:14.077+0000] {dag.py:3340} INFO - Setting next_dagrun for example_branch_labels to 2023-07-06T00:00:00+00:00, run_after=2023-07-07T00:00:00+00:00
[2023-07-07T12:09:14.090+0000] {processor.py:176} INFO - Processing /home/airflow/.local/lib/python3.7/site-packages/airflow/example_dags/example_branch_labels.py took 0.066 seconds
[2023-07-07T12:09:45.131+0000] {processor.py:154} INFO - Started process (PID=985) to work on /home/airflow/.local/lib/python3.7/site-packages/airflow/example_dags/example_branch_labels.py
[2023-07-07T12:09:45.132+0000] {processor.py:756} INFO - Processing file /home/airflow/.local/lib/python3.7/site-packages/airflow/example_dags/example_branch_labels.py for tasks to queue
[2023-07-07T12:09:45.132+0000] {logging_mixin.py:120} INFO - [2023-07-07T12:09:45.132+0000] {dagbag.py:537} INFO - Filling up the DagBag from /home/airflow/.local/lib/python3.7/site-packages/airflow/example_dags/example_branch_labels.py
[2023-07-07T12:09:45.142+0000] {processor.py:766} INFO - DAG(s) dict_keys(['example_branch_labels']) retrieved from /home/airflow/.local/lib/python3.7/site-packages/airflow/example_dags/example_branch_labels.py
[2023-07-07T12:09:45.169+0000] {logging_mixin.py:120} INFO - [2023-07-07T12:09:45.169+0000] {dag.py:2585} INFO - Sync 1 DAGs
[2023-07-07T12:09:45.190+0000] {logging_mixin.py:120} INFO - [2023-07-07T12:09:45.190+0000] {dag.py:3340} INFO - Setting next_dagrun for example_branch_labels to 2023-07-06T00:00:00+00:00, run_after=2023-07-07T00:00:00+00:00
[2023-07-07T12:09:45.204+0000] {processor.py:176} INFO - Processing /home/airflow/.local/lib/python3.7/site-packages/airflow/example_dags/example_branch_labels.py took 0.075 seconds
[2023-07-07T12:10:15.489+0000] {processor.py:154} INFO - Started process (PID=1053) to work on /home/airflow/.local/lib/python3.7/site-packages/airflow/example_dags/example_branch_labels.py
[2023-07-07T12:10:15.489+0000] {processor.py:756} INFO - Processing file /home/airflow/.local/lib/python3.7/site-packages/airflow/example_dags/example_branch_labels.py for tasks to queue
[2023-07-07T12:10:15.489+0000] {logging_mixin.py:120} INFO - [2023-07-07T12:10:15.489+0000] {dagbag.py:537} INFO - Filling up the DagBag from /home/airflow/.local/lib/python3.7/site-packages/airflow/example_dags/example_branch_labels.py
[2023-07-07T12:10:15.498+0000] {processor.py:766} INFO - DAG(s) dict_keys(['example_branch_labels']) retrieved from /home/airflow/.local/lib/python3.7/site-packages/airflow/example_dags/example_branch_labels.py
[2023-07-07T12:10:15.526+0000] {logging_mixin.py:120} INFO - [2023-07-07T12:10:15.525+0000] {dag.py:2585} INFO - Sync 1 DAGs
[2023-07-07T12:10:15.542+0000] {logging_mixin.py:120} INFO - [2023-07-07T12:10:15.542+0000] {dag.py:3340} INFO - Setting next_dagrun for example_branch_labels to 2023-07-06T00:00:00+00:00, run_after=2023-07-07T00:00:00+00:00
[2023-07-07T12:10:15.554+0000] {processor.py:176} INFO - Processing /home/airflow/.local/lib/python3.7/site-packages/airflow/example_dags/example_branch_labels.py took 0.067 seconds
[2023-07-07T12:10:45.753+0000] {processor.py:154} INFO - Started process (PID=1120) to work on /home/airflow/.local/lib/python3.7/site-packages/airflow/example_dags/example_branch_labels.py
[2023-07-07T12:10:45.754+0000] {processor.py:756} INFO - Processing file /home/airflow/.local/lib/python3.7/site-packages/airflow/example_dags/example_branch_labels.py for tasks to queue
[2023-07-07T12:10:45.754+0000] {logging_mixin.py:120} INFO - [2023-07-07T12:10:45.754+0000] {dagbag.py:537} INFO - Filling up the DagBag from /home/airflow/.local/lib/python3.7/site-packages/airflow/example_dags/example_branch_labels.py
[2023-07-07T12:10:45.764+0000] {processor.py:766} INFO - DAG(s) dict_keys(['example_branch_labels']) retrieved from /home/airflow/.local/lib/python3.7/site-packages/airflow/example_dags/example_branch_labels.py
[2023-07-07T12:10:45.792+0000] {logging_mixin.py:120} INFO - [2023-07-07T12:10:45.792+0000] {dag.py:2585} INFO - Sync 1 DAGs
[2023-07-07T12:10:45.811+0000] {logging_mixin.py:120} INFO - [2023-07-07T12:10:45.811+0000] {dag.py:3340} INFO - Setting next_dagrun for example_branch_labels to 2023-07-06T00:00:00+00:00, run_after=2023-07-07T00:00:00+00:00
[2023-07-07T12:10:45.824+0000] {processor.py:176} INFO - Processing /home/airflow/.local/lib/python3.7/site-packages/airflow/example_dags/example_branch_labels.py took 0.072 seconds
[2023-07-07T12:11:15.905+0000] {processor.py:154} INFO - Started process (PID=1185) to work on /home/airflow/.local/lib/python3.7/site-packages/airflow/example_dags/example_branch_labels.py
[2023-07-07T12:11:15.906+0000] {processor.py:756} INFO - Processing file /home/airflow/.local/lib/python3.7/site-packages/airflow/example_dags/example_branch_labels.py for tasks to queue
[2023-07-07T12:11:15.907+0000] {logging_mixin.py:120} INFO - [2023-07-07T12:11:15.907+0000] {dagbag.py:537} INFO - Filling up the DagBag from /home/airflow/.local/lib/python3.7/site-packages/airflow/example_dags/example_branch_labels.py
[2023-07-07T12:11:15.916+0000] {processor.py:766} INFO - DAG(s) dict_keys(['example_branch_labels']) retrieved from /home/airflow/.local/lib/python3.7/site-packages/airflow/example_dags/example_branch_labels.py
[2023-07-07T12:11:15.944+0000] {logging_mixin.py:120} INFO - [2023-07-07T12:11:15.944+0000] {dag.py:2585} INFO - Sync 1 DAGs
[2023-07-07T12:11:15.963+0000] {logging_mixin.py:120} INFO - [2023-07-07T12:11:15.963+0000] {dag.py:3340} INFO - Setting next_dagrun for example_branch_labels to 2023-07-06T00:00:00+00:00, run_after=2023-07-07T00:00:00+00:00
[2023-07-07T12:11:15.978+0000] {processor.py:176} INFO - Processing /home/airflow/.local/lib/python3.7/site-packages/airflow/example_dags/example_branch_labels.py took 0.075 seconds
[2023-07-07T12:11:46.177+0000] {processor.py:154} INFO - Started process (PID=1252) to work on /home/airflow/.local/lib/python3.7/site-packages/airflow/example_dags/example_branch_labels.py
[2023-07-07T12:11:46.177+0000] {processor.py:756} INFO - Processing file /home/airflow/.local/lib/python3.7/site-packages/airflow/example_dags/example_branch_labels.py for tasks to queue
[2023-07-07T12:11:46.178+0000] {logging_mixin.py:120} INFO - [2023-07-07T12:11:46.178+0000] {dagbag.py:537} INFO - Filling up the DagBag from /home/airflow/.local/lib/python3.7/site-packages/airflow/example_dags/example_branch_labels.py
[2023-07-07T12:11:46.187+0000] {processor.py:766} INFO - DAG(s) dict_keys(['example_branch_labels']) retrieved from /home/airflow/.local/lib/python3.7/site-packages/airflow/example_dags/example_branch_labels.py
[2023-07-07T12:11:46.214+0000] {logging_mixin.py:120} INFO - [2023-07-07T12:11:46.214+0000] {dag.py:2585} INFO - Sync 1 DAGs
[2023-07-07T12:11:46.233+0000] {logging_mixin.py:120} INFO - [2023-07-07T12:11:46.233+0000] {dag.py:3340} INFO - Setting next_dagrun for example_branch_labels to 2023-07-06T00:00:00+00:00, run_after=2023-07-07T00:00:00+00:00
[2023-07-07T12:11:46.248+0000] {processor.py:176} INFO - Processing /home/airflow/.local/lib/python3.7/site-packages/airflow/example_dags/example_branch_labels.py took 0.074 seconds
[2023-07-07T12:12:16.278+0000] {processor.py:154} INFO - Started process (PID=1310) to work on /home/airflow/.local/lib/python3.7/site-packages/airflow/example_dags/example_branch_labels.py
[2023-07-07T12:12:16.278+0000] {processor.py:756} INFO - Processing file /home/airflow/.local/lib/python3.7/site-packages/airflow/example_dags/example_branch_labels.py for tasks to queue
[2023-07-07T12:12:16.279+0000] {logging_mixin.py:120} INFO - [2023-07-07T12:12:16.279+0000] {dagbag.py:537} INFO - Filling up the DagBag from /home/airflow/.local/lib/python3.7/site-packages/airflow/example_dags/example_branch_labels.py
[2023-07-07T12:12:16.287+0000] {processor.py:766} INFO - DAG(s) dict_keys(['example_branch_labels']) retrieved from /home/airflow/.local/lib/python3.7/site-packages/airflow/example_dags/example_branch_labels.py
[2023-07-07T12:12:16.314+0000] {logging_mixin.py:120} INFO - [2023-07-07T12:12:16.314+0000] {dag.py:2585} INFO - Sync 1 DAGs
[2023-07-07T12:12:16.332+0000] {logging_mixin.py:120} INFO - [2023-07-07T12:12:16.332+0000] {dag.py:3340} INFO - Setting next_dagrun for example_branch_labels to 2023-07-06T00:00:00+00:00, run_after=2023-07-07T00:00:00+00:00
[2023-07-07T12:12:16.346+0000] {processor.py:176} INFO - Processing /home/airflow/.local/lib/python3.7/site-packages/airflow/example_dags/example_branch_labels.py took 0.070 seconds
[2023-07-07T12:12:46.491+0000] {processor.py:154} INFO - Started process (PID=1377) to work on /home/airflow/.local/lib/python3.7/site-packages/airflow/example_dags/example_branch_labels.py
[2023-07-07T12:12:46.492+0000] {processor.py:756} INFO - Processing file /home/airflow/.local/lib/python3.7/site-packages/airflow/example_dags/example_branch_labels.py for tasks to queue
[2023-07-07T12:12:46.492+0000] {logging_mixin.py:120} INFO - [2023-07-07T12:12:46.492+0000] {dagbag.py:537} INFO - Filling up the DagBag from /home/airflow/.local/lib/python3.7/site-packages/airflow/example_dags/example_branch_labels.py
[2023-07-07T12:12:46.500+0000] {processor.py:766} INFO - DAG(s) dict_keys(['example_branch_labels']) retrieved from /home/airflow/.local/lib/python3.7/site-packages/airflow/example_dags/example_branch_labels.py
[2023-07-07T12:12:46.527+0000] {logging_mixin.py:120} INFO - [2023-07-07T12:12:46.526+0000] {dag.py:2585} INFO - Sync 1 DAGs
[2023-07-07T12:12:46.544+0000] {logging_mixin.py:120} INFO - [2023-07-07T12:12:46.544+0000] {dag.py:3340} INFO - Setting next_dagrun for example_branch_labels to 2023-07-06T00:00:00+00:00, run_after=2023-07-07T00:00:00+00:00
[2023-07-07T12:12:46.556+0000] {processor.py:176} INFO - Processing /home/airflow/.local/lib/python3.7/site-packages/airflow/example_dags/example_branch_labels.py took 0.067 seconds
[2023-07-07T12:13:16.929+0000] {processor.py:154} INFO - Started process (PID=1445) to work on /home/airflow/.local/lib/python3.7/site-packages/airflow/example_dags/example_branch_labels.py
[2023-07-07T12:13:16.930+0000] {processor.py:756} INFO - Processing file /home/airflow/.local/lib/python3.7/site-packages/airflow/example_dags/example_branch_labels.py for tasks to queue
[2023-07-07T12:13:16.931+0000] {logging_mixin.py:120} INFO - [2023-07-07T12:13:16.931+0000] {dagbag.py:537} INFO - Filling up the DagBag from /home/airflow/.local/lib/python3.7/site-packages/airflow/example_dags/example_branch_labels.py
[2023-07-07T12:13:16.943+0000] {processor.py:766} INFO - DAG(s) dict_keys(['example_branch_labels']) retrieved from /home/airflow/.local/lib/python3.7/site-packages/airflow/example_dags/example_branch_labels.py
[2023-07-07T12:13:16.975+0000] {logging_mixin.py:120} INFO - [2023-07-07T12:13:16.974+0000] {dag.py:2585} INFO - Sync 1 DAGs
[2023-07-07T12:13:16.996+0000] {logging_mixin.py:120} INFO - [2023-07-07T12:13:16.996+0000] {dag.py:3340} INFO - Setting next_dagrun for example_branch_labels to 2023-07-06T00:00:00+00:00, run_after=2023-07-07T00:00:00+00:00
[2023-07-07T12:13:17.013+0000] {processor.py:176} INFO - Processing /home/airflow/.local/lib/python3.7/site-packages/airflow/example_dags/example_branch_labels.py took 0.086 seconds
[2023-07-07T12:13:47.150+0000] {processor.py:154} INFO - Started process (PID=1512) to work on /home/airflow/.local/lib/python3.7/site-packages/airflow/example_dags/example_branch_labels.py
[2023-07-07T12:13:47.150+0000] {processor.py:756} INFO - Processing file /home/airflow/.local/lib/python3.7/site-packages/airflow/example_dags/example_branch_labels.py for tasks to queue
[2023-07-07T12:13:47.151+0000] {logging_mixin.py:120} INFO - [2023-07-07T12:13:47.151+0000] {dagbag.py:537} INFO - Filling up the DagBag from /home/airflow/.local/lib/python3.7/site-packages/airflow/example_dags/example_branch_labels.py
[2023-07-07T12:13:47.160+0000] {processor.py:766} INFO - DAG(s) dict_keys(['example_branch_labels']) retrieved from /home/airflow/.local/lib/python3.7/site-packages/airflow/example_dags/example_branch_labels.py
[2023-07-07T12:13:47.189+0000] {logging_mixin.py:120} INFO - [2023-07-07T12:13:47.189+0000] {dag.py:2585} INFO - Sync 1 DAGs
[2023-07-07T12:13:47.209+0000] {logging_mixin.py:120} INFO - [2023-07-07T12:13:47.208+0000] {dag.py:3340} INFO - Setting next_dagrun for example_branch_labels to 2023-07-06T00:00:00+00:00, run_after=2023-07-07T00:00:00+00:00
[2023-07-07T12:13:47.223+0000] {processor.py:176} INFO - Processing /home/airflow/.local/lib/python3.7/site-packages/airflow/example_dags/example_branch_labels.py took 0.075 seconds
[2023-07-07T12:14:18.216+0000] {processor.py:154} INFO - Started process (PID=1570) to work on /home/airflow/.local/lib/python3.7/site-packages/airflow/example_dags/example_branch_labels.py
[2023-07-07T12:14:18.216+0000] {processor.py:756} INFO - Processing file /home/airflow/.local/lib/python3.7/site-packages/airflow/example_dags/example_branch_labels.py for tasks to queue
[2023-07-07T12:14:18.217+0000] {logging_mixin.py:120} INFO - [2023-07-07T12:14:18.217+0000] {dagbag.py:537} INFO - Filling up the DagBag from /home/airflow/.local/lib/python3.7/site-packages/airflow/example_dags/example_branch_labels.py
[2023-07-07T12:14:18.227+0000] {processor.py:766} INFO - DAG(s) dict_keys(['example_branch_labels']) retrieved from /home/airflow/.local/lib/python3.7/site-packages/airflow/example_dags/example_branch_labels.py
[2023-07-07T12:14:18.251+0000] {logging_mixin.py:120} INFO - [2023-07-07T12:14:18.251+0000] {dag.py:2585} INFO - Sync 1 DAGs
[2023-07-07T12:14:18.267+0000] {logging_mixin.py:120} INFO - [2023-07-07T12:14:18.267+0000] {dag.py:3340} INFO - Setting next_dagrun for example_branch_labels to 2023-07-06T00:00:00+00:00, run_after=2023-07-07T00:00:00+00:00
[2023-07-07T12:14:18.282+0000] {processor.py:176} INFO - Processing /home/airflow/.local/lib/python3.7/site-packages/airflow/example_dags/example_branch_labels.py took 0.068 seconds
[2023-07-07T12:14:48.369+0000] {processor.py:154} INFO - Started process (PID=1637) to work on /home/airflow/.local/lib/python3.7/site-packages/airflow/example_dags/example_branch_labels.py
[2023-07-07T12:14:48.369+0000] {processor.py:756} INFO - Processing file /home/airflow/.local/lib/python3.7/site-packages/airflow/example_dags/example_branch_labels.py for tasks to queue
[2023-07-07T12:14:48.370+0000] {logging_mixin.py:120} INFO - [2023-07-07T12:14:48.370+0000] {dagbag.py:537} INFO - Filling up the DagBag from /home/airflow/.local/lib/python3.7/site-packages/airflow/example_dags/example_branch_labels.py
[2023-07-07T12:14:48.379+0000] {processor.py:766} INFO - DAG(s) dict_keys(['example_branch_labels']) retrieved from /home/airflow/.local/lib/python3.7/site-packages/airflow/example_dags/example_branch_labels.py
[2023-07-07T12:14:48.402+0000] {logging_mixin.py:120} INFO - [2023-07-07T12:14:48.402+0000] {dag.py:2585} INFO - Sync 1 DAGs
[2023-07-07T12:14:48.419+0000] {logging_mixin.py:120} INFO - [2023-07-07T12:14:48.419+0000] {dag.py:3340} INFO - Setting next_dagrun for example_branch_labels to 2023-07-06T00:00:00+00:00, run_after=2023-07-07T00:00:00+00:00
[2023-07-07T12:14:48.434+0000] {processor.py:176} INFO - Processing /home/airflow/.local/lib/python3.7/site-packages/airflow/example_dags/example_branch_labels.py took 0.066 seconds
[2023-07-07T12:15:18.673+0000] {processor.py:154} INFO - Started process (PID=1704) to work on /home/airflow/.local/lib/python3.7/site-packages/airflow/example_dags/example_branch_labels.py
[2023-07-07T12:15:18.674+0000] {processor.py:756} INFO - Processing file /home/airflow/.local/lib/python3.7/site-packages/airflow/example_dags/example_branch_labels.py for tasks to queue
[2023-07-07T12:15:18.674+0000] {logging_mixin.py:120} INFO - [2023-07-07T12:15:18.674+0000] {dagbag.py:537} INFO - Filling up the DagBag from /home/airflow/.local/lib/python3.7/site-packages/airflow/example_dags/example_branch_labels.py
[2023-07-07T12:15:18.683+0000] {processor.py:766} INFO - DAG(s) dict_keys(['example_branch_labels']) retrieved from /home/airflow/.local/lib/python3.7/site-packages/airflow/example_dags/example_branch_labels.py
[2023-07-07T12:15:18.711+0000] {logging_mixin.py:120} INFO - [2023-07-07T12:15:18.711+0000] {dag.py:2585} INFO - Sync 1 DAGs
[2023-07-07T12:15:18.731+0000] {logging_mixin.py:120} INFO - [2023-07-07T12:15:18.731+0000] {dag.py:3340} INFO - Setting next_dagrun for example_branch_labels to 2023-07-06T00:00:00+00:00, run_after=2023-07-07T00:00:00+00:00
[2023-07-07T12:15:18.748+0000] {processor.py:176} INFO - Processing /home/airflow/.local/lib/python3.7/site-packages/airflow/example_dags/example_branch_labels.py took 0.077 seconds
[2023-07-07T12:15:49.683+0000] {processor.py:154} INFO - Started process (PID=1771) to work on /home/airflow/.local/lib/python3.7/site-packages/airflow/example_dags/example_branch_labels.py
[2023-07-07T12:15:49.684+0000] {processor.py:756} INFO - Processing file /home/airflow/.local/lib/python3.7/site-packages/airflow/example_dags/example_branch_labels.py for tasks to queue
[2023-07-07T12:15:49.685+0000] {logging_mixin.py:120} INFO - [2023-07-07T12:15:49.685+0000] {dagbag.py:537} INFO - Filling up the DagBag from /home/airflow/.local/lib/python3.7/site-packages/airflow/example_dags/example_branch_labels.py
[2023-07-07T12:15:49.694+0000] {processor.py:766} INFO - DAG(s) dict_keys(['example_branch_labels']) retrieved from /home/airflow/.local/lib/python3.7/site-packages/airflow/example_dags/example_branch_labels.py
[2023-07-07T12:15:49.718+0000] {logging_mixin.py:120} INFO - [2023-07-07T12:15:49.718+0000] {dag.py:2585} INFO - Sync 1 DAGs
[2023-07-07T12:15:49.735+0000] {logging_mixin.py:120} INFO - [2023-07-07T12:15:49.735+0000] {dag.py:3340} INFO - Setting next_dagrun for example_branch_labels to 2023-07-06T00:00:00+00:00, run_after=2023-07-07T00:00:00+00:00
[2023-07-07T12:15:49.751+0000] {processor.py:176} INFO - Processing /home/airflow/.local/lib/python3.7/site-packages/airflow/example_dags/example_branch_labels.py took 0.069 seconds
[2023-07-07T12:16:19.949+0000] {processor.py:154} INFO - Started process (PID=1840) to work on /home/airflow/.local/lib/python3.7/site-packages/airflow/example_dags/example_branch_labels.py
[2023-07-07T12:16:19.950+0000] {processor.py:756} INFO - Processing file /home/airflow/.local/lib/python3.7/site-packages/airflow/example_dags/example_branch_labels.py for tasks to queue
[2023-07-07T12:16:19.950+0000] {logging_mixin.py:120} INFO - [2023-07-07T12:16:19.950+0000] {dagbag.py:537} INFO - Filling up the DagBag from /home/airflow/.local/lib/python3.7/site-packages/airflow/example_dags/example_branch_labels.py
[2023-07-07T12:16:19.958+0000] {processor.py:766} INFO - DAG(s) dict_keys(['example_branch_labels']) retrieved from /home/airflow/.local/lib/python3.7/site-packages/airflow/example_dags/example_branch_labels.py
[2023-07-07T12:16:19.982+0000] {logging_mixin.py:120} INFO - [2023-07-07T12:16:19.981+0000] {dag.py:2585} INFO - Sync 1 DAGs
[2023-07-07T12:16:19.997+0000] {logging_mixin.py:120} INFO - [2023-07-07T12:16:19.997+0000] {dag.py:3340} INFO - Setting next_dagrun for example_branch_labels to 2023-07-06T00:00:00+00:00, run_after=2023-07-07T00:00:00+00:00
[2023-07-07T12:16:20.010+0000] {processor.py:176} INFO - Processing /home/airflow/.local/lib/python3.7/site-packages/airflow/example_dags/example_branch_labels.py took 0.062 seconds
[2023-07-07T12:16:50.355+0000] {processor.py:154} INFO - Started process (PID=1898) to work on /home/airflow/.local/lib/python3.7/site-packages/airflow/example_dags/example_branch_labels.py
[2023-07-07T12:16:50.355+0000] {processor.py:756} INFO - Processing file /home/airflow/.local/lib/python3.7/site-packages/airflow/example_dags/example_branch_labels.py for tasks to queue
[2023-07-07T12:16:50.356+0000] {logging_mixin.py:120} INFO - [2023-07-07T12:16:50.356+0000] {dagbag.py:537} INFO - Filling up the DagBag from /home/airflow/.local/lib/python3.7/site-packages/airflow/example_dags/example_branch_labels.py
[2023-07-07T12:16:50.364+0000] {processor.py:766} INFO - DAG(s) dict_keys(['example_branch_labels']) retrieved from /home/airflow/.local/lib/python3.7/site-packages/airflow/example_dags/example_branch_labels.py
[2023-07-07T12:16:50.387+0000] {logging_mixin.py:120} INFO - [2023-07-07T12:16:50.387+0000] {dag.py:2585} INFO - Sync 1 DAGs
[2023-07-07T12:16:50.404+0000] {logging_mixin.py:120} INFO - [2023-07-07T12:16:50.404+0000] {dag.py:3340} INFO - Setting next_dagrun for example_branch_labels to 2023-07-06T00:00:00+00:00, run_after=2023-07-07T00:00:00+00:00
[2023-07-07T12:16:50.416+0000] {processor.py:176} INFO - Processing /home/airflow/.local/lib/python3.7/site-packages/airflow/example_dags/example_branch_labels.py took 0.063 seconds
[2023-07-07T12:17:20.636+0000] {processor.py:154} INFO - Started process (PID=1964) to work on /home/airflow/.local/lib/python3.7/site-packages/airflow/example_dags/example_branch_labels.py
[2023-07-07T12:17:20.637+0000] {processor.py:756} INFO - Processing file /home/airflow/.local/lib/python3.7/site-packages/airflow/example_dags/example_branch_labels.py for tasks to queue
[2023-07-07T12:17:20.637+0000] {logging_mixin.py:120} INFO - [2023-07-07T12:17:20.637+0000] {dagbag.py:537} INFO - Filling up the DagBag from /home/airflow/.local/lib/python3.7/site-packages/airflow/example_dags/example_branch_labels.py
[2023-07-07T12:17:20.645+0000] {processor.py:766} INFO - DAG(s) dict_keys(['example_branch_labels']) retrieved from /home/airflow/.local/lib/python3.7/site-packages/airflow/example_dags/example_branch_labels.py
[2023-07-07T12:17:20.670+0000] {logging_mixin.py:120} INFO - [2023-07-07T12:17:20.670+0000] {dag.py:2585} INFO - Sync 1 DAGs
[2023-07-07T12:17:20.686+0000] {logging_mixin.py:120} INFO - [2023-07-07T12:17:20.686+0000] {dag.py:3340} INFO - Setting next_dagrun for example_branch_labels to 2023-07-06T00:00:00+00:00, run_after=2023-07-07T00:00:00+00:00
[2023-07-07T12:17:20.696+0000] {processor.py:176} INFO - Processing /home/airflow/.local/lib/python3.7/site-packages/airflow/example_dags/example_branch_labels.py took 0.062 seconds
[2023-07-07T12:17:50.839+0000] {processor.py:154} INFO - Started process (PID=2031) to work on /home/airflow/.local/lib/python3.7/site-packages/airflow/example_dags/example_branch_labels.py
[2023-07-07T12:17:50.840+0000] {processor.py:756} INFO - Processing file /home/airflow/.local/lib/python3.7/site-packages/airflow/example_dags/example_branch_labels.py for tasks to queue
[2023-07-07T12:17:50.840+0000] {logging_mixin.py:120} INFO - [2023-07-07T12:17:50.840+0000] {dagbag.py:537} INFO - Filling up the DagBag from /home/airflow/.local/lib/python3.7/site-packages/airflow/example_dags/example_branch_labels.py
[2023-07-07T12:17:50.848+0000] {processor.py:766} INFO - DAG(s) dict_keys(['example_branch_labels']) retrieved from /home/airflow/.local/lib/python3.7/site-packages/airflow/example_dags/example_branch_labels.py
[2023-07-07T12:17:50.872+0000] {logging_mixin.py:120} INFO - [2023-07-07T12:17:50.872+0000] {dag.py:2585} INFO - Sync 1 DAGs
[2023-07-07T12:17:50.889+0000] {logging_mixin.py:120} INFO - [2023-07-07T12:17:50.888+0000] {dag.py:3340} INFO - Setting next_dagrun for example_branch_labels to 2023-07-06T00:00:00+00:00, run_after=2023-07-07T00:00:00+00:00
[2023-07-07T12:17:50.901+0000] {processor.py:176} INFO - Processing /home/airflow/.local/lib/python3.7/site-packages/airflow/example_dags/example_branch_labels.py took 0.064 seconds
[2023-07-07T12:18:21.063+0000] {processor.py:154} INFO - Started process (PID=2099) to work on /home/airflow/.local/lib/python3.7/site-packages/airflow/example_dags/example_branch_labels.py
[2023-07-07T12:18:21.064+0000] {processor.py:756} INFO - Processing file /home/airflow/.local/lib/python3.7/site-packages/airflow/example_dags/example_branch_labels.py for tasks to queue
[2023-07-07T12:18:21.064+0000] {logging_mixin.py:120} INFO - [2023-07-07T12:18:21.064+0000] {dagbag.py:537} INFO - Filling up the DagBag from /home/airflow/.local/lib/python3.7/site-packages/airflow/example_dags/example_branch_labels.py
[2023-07-07T12:18:21.072+0000] {processor.py:766} INFO - DAG(s) dict_keys(['example_branch_labels']) retrieved from /home/airflow/.local/lib/python3.7/site-packages/airflow/example_dags/example_branch_labels.py
[2023-07-07T12:18:21.094+0000] {logging_mixin.py:120} INFO - [2023-07-07T12:18:21.094+0000] {dag.py:2585} INFO - Sync 1 DAGs
[2023-07-07T12:18:21.110+0000] {logging_mixin.py:120} INFO - [2023-07-07T12:18:21.110+0000] {dag.py:3340} INFO - Setting next_dagrun for example_branch_labels to 2023-07-06T00:00:00+00:00, run_after=2023-07-07T00:00:00+00:00
[2023-07-07T12:18:21.124+0000] {processor.py:176} INFO - Processing /home/airflow/.local/lib/python3.7/site-packages/airflow/example_dags/example_branch_labels.py took 0.062 seconds
[2023-07-07T12:18:51.423+0000] {processor.py:154} INFO - Started process (PID=2166) to work on /home/airflow/.local/lib/python3.7/site-packages/airflow/example_dags/example_branch_labels.py
[2023-07-07T12:18:51.425+0000] {processor.py:756} INFO - Processing file /home/airflow/.local/lib/python3.7/site-packages/airflow/example_dags/example_branch_labels.py for tasks to queue
[2023-07-07T12:18:51.425+0000] {logging_mixin.py:120} INFO - [2023-07-07T12:18:51.425+0000] {dagbag.py:537} INFO - Filling up the DagBag from /home/airflow/.local/lib/python3.7/site-packages/airflow/example_dags/example_branch_labels.py
[2023-07-07T12:18:51.434+0000] {processor.py:766} INFO - DAG(s) dict_keys(['example_branch_labels']) retrieved from /home/airflow/.local/lib/python3.7/site-packages/airflow/example_dags/example_branch_labels.py
[2023-07-07T12:18:51.464+0000] {logging_mixin.py:120} INFO - [2023-07-07T12:18:51.464+0000] {dag.py:2585} INFO - Sync 1 DAGs
[2023-07-07T12:18:51.482+0000] {logging_mixin.py:120} INFO - [2023-07-07T12:18:51.482+0000] {dag.py:3340} INFO - Setting next_dagrun for example_branch_labels to 2023-07-06T00:00:00+00:00, run_after=2023-07-07T00:00:00+00:00
[2023-07-07T12:18:51.495+0000] {processor.py:176} INFO - Processing /home/airflow/.local/lib/python3.7/site-packages/airflow/example_dags/example_branch_labels.py took 0.073 seconds
[2023-07-07T12:19:21.674+0000] {processor.py:154} INFO - Started process (PID=2224) to work on /home/airflow/.local/lib/python3.7/site-packages/airflow/example_dags/example_branch_labels.py
[2023-07-07T12:19:21.675+0000] {processor.py:756} INFO - Processing file /home/airflow/.local/lib/python3.7/site-packages/airflow/example_dags/example_branch_labels.py for tasks to queue
[2023-07-07T12:19:21.675+0000] {logging_mixin.py:120} INFO - [2023-07-07T12:19:21.675+0000] {dagbag.py:537} INFO - Filling up the DagBag from /home/airflow/.local/lib/python3.7/site-packages/airflow/example_dags/example_branch_labels.py
[2023-07-07T12:19:21.683+0000] {processor.py:766} INFO - DAG(s) dict_keys(['example_branch_labels']) retrieved from /home/airflow/.local/lib/python3.7/site-packages/airflow/example_dags/example_branch_labels.py
[2023-07-07T12:19:21.706+0000] {logging_mixin.py:120} INFO - [2023-07-07T12:19:21.706+0000] {dag.py:2585} INFO - Sync 1 DAGs
[2023-07-07T12:19:21.723+0000] {logging_mixin.py:120} INFO - [2023-07-07T12:19:21.722+0000] {dag.py:3340} INFO - Setting next_dagrun for example_branch_labels to 2023-07-06T00:00:00+00:00, run_after=2023-07-07T00:00:00+00:00
[2023-07-07T12:19:21.735+0000] {processor.py:176} INFO - Processing /home/airflow/.local/lib/python3.7/site-packages/airflow/example_dags/example_branch_labels.py took 0.062 seconds
[2023-07-07T12:19:51.930+0000] {processor.py:154} INFO - Started process (PID=2292) to work on /home/airflow/.local/lib/python3.7/site-packages/airflow/example_dags/example_branch_labels.py
[2023-07-07T12:19:51.931+0000] {processor.py:756} INFO - Processing file /home/airflow/.local/lib/python3.7/site-packages/airflow/example_dags/example_branch_labels.py for tasks to queue
[2023-07-07T12:19:51.931+0000] {logging_mixin.py:120} INFO - [2023-07-07T12:19:51.931+0000] {dagbag.py:537} INFO - Filling up the DagBag from /home/airflow/.local/lib/python3.7/site-packages/airflow/example_dags/example_branch_labels.py
[2023-07-07T12:19:51.940+0000] {processor.py:766} INFO - DAG(s) dict_keys(['example_branch_labels']) retrieved from /home/airflow/.local/lib/python3.7/site-packages/airflow/example_dags/example_branch_labels.py
[2023-07-07T12:19:51.964+0000] {logging_mixin.py:120} INFO - [2023-07-07T12:19:51.964+0000] {dag.py:2585} INFO - Sync 1 DAGs
[2023-07-07T12:19:51.981+0000] {logging_mixin.py:120} INFO - [2023-07-07T12:19:51.981+0000] {dag.py:3340} INFO - Setting next_dagrun for example_branch_labels to 2023-07-06T00:00:00+00:00, run_after=2023-07-07T00:00:00+00:00
[2023-07-07T12:19:51.994+0000] {processor.py:176} INFO - Processing /home/airflow/.local/lib/python3.7/site-packages/airflow/example_dags/example_branch_labels.py took 0.066 seconds
[2023-07-07T12:20:22.091+0000] {processor.py:154} INFO - Started process (PID=2359) to work on /home/airflow/.local/lib/python3.7/site-packages/airflow/example_dags/example_branch_labels.py
[2023-07-07T12:20:22.091+0000] {processor.py:756} INFO - Processing file /home/airflow/.local/lib/python3.7/site-packages/airflow/example_dags/example_branch_labels.py for tasks to queue
[2023-07-07T12:20:22.092+0000] {logging_mixin.py:120} INFO - [2023-07-07T12:20:22.092+0000] {dagbag.py:537} INFO - Filling up the DagBag from /home/airflow/.local/lib/python3.7/site-packages/airflow/example_dags/example_branch_labels.py
[2023-07-07T12:20:22.100+0000] {processor.py:766} INFO - DAG(s) dict_keys(['example_branch_labels']) retrieved from /home/airflow/.local/lib/python3.7/site-packages/airflow/example_dags/example_branch_labels.py
[2023-07-07T12:20:22.122+0000] {logging_mixin.py:120} INFO - [2023-07-07T12:20:22.122+0000] {dag.py:2585} INFO - Sync 1 DAGs
[2023-07-07T12:20:22.137+0000] {logging_mixin.py:120} INFO - [2023-07-07T12:20:22.137+0000] {dag.py:3340} INFO - Setting next_dagrun for example_branch_labels to 2023-07-06T00:00:00+00:00, run_after=2023-07-07T00:00:00+00:00
[2023-07-07T12:20:22.149+0000] {processor.py:176} INFO - Processing /home/airflow/.local/lib/python3.7/site-packages/airflow/example_dags/example_branch_labels.py took 0.060 seconds
[2023-07-07T12:20:52.358+0000] {processor.py:154} INFO - Started process (PID=2426) to work on /home/airflow/.local/lib/python3.7/site-packages/airflow/example_dags/example_branch_labels.py
[2023-07-07T12:20:52.358+0000] {processor.py:756} INFO - Processing file /home/airflow/.local/lib/python3.7/site-packages/airflow/example_dags/example_branch_labels.py for tasks to queue
[2023-07-07T12:20:52.359+0000] {logging_mixin.py:120} INFO - [2023-07-07T12:20:52.359+0000] {dagbag.py:537} INFO - Filling up the DagBag from /home/airflow/.local/lib/python3.7/site-packages/airflow/example_dags/example_branch_labels.py
[2023-07-07T12:20:52.368+0000] {processor.py:766} INFO - DAG(s) dict_keys(['example_branch_labels']) retrieved from /home/airflow/.local/lib/python3.7/site-packages/airflow/example_dags/example_branch_labels.py
[2023-07-07T12:20:52.390+0000] {logging_mixin.py:120} INFO - [2023-07-07T12:20:52.390+0000] {dag.py:2585} INFO - Sync 1 DAGs
[2023-07-07T12:20:52.407+0000] {logging_mixin.py:120} INFO - [2023-07-07T12:20:52.407+0000] {dag.py:3340} INFO - Setting next_dagrun for example_branch_labels to 2023-07-06T00:00:00+00:00, run_after=2023-07-07T00:00:00+00:00
[2023-07-07T12:20:52.419+0000] {processor.py:176} INFO - Processing /home/airflow/.local/lib/python3.7/site-packages/airflow/example_dags/example_branch_labels.py took 0.062 seconds
[2023-07-07T12:21:22.729+0000] {processor.py:154} INFO - Started process (PID=2493) to work on /home/airflow/.local/lib/python3.7/site-packages/airflow/example_dags/example_branch_labels.py
[2023-07-07T12:21:22.730+0000] {processor.py:756} INFO - Processing file /home/airflow/.local/lib/python3.7/site-packages/airflow/example_dags/example_branch_labels.py for tasks to queue
[2023-07-07T12:21:22.730+0000] {logging_mixin.py:120} INFO - [2023-07-07T12:21:22.730+0000] {dagbag.py:537} INFO - Filling up the DagBag from /home/airflow/.local/lib/python3.7/site-packages/airflow/example_dags/example_branch_labels.py
[2023-07-07T12:21:22.742+0000] {processor.py:766} INFO - DAG(s) dict_keys(['example_branch_labels']) retrieved from /home/airflow/.local/lib/python3.7/site-packages/airflow/example_dags/example_branch_labels.py
[2023-07-07T12:21:22.774+0000] {logging_mixin.py:120} INFO - [2023-07-07T12:21:22.774+0000] {dag.py:2585} INFO - Sync 1 DAGs
[2023-07-07T12:21:22.794+0000] {logging_mixin.py:120} INFO - [2023-07-07T12:21:22.794+0000] {dag.py:3340} INFO - Setting next_dagrun for example_branch_labels to 2023-07-06T00:00:00+00:00, run_after=2023-07-07T00:00:00+00:00
[2023-07-07T12:21:22.810+0000] {processor.py:176} INFO - Processing /home/airflow/.local/lib/python3.7/site-packages/airflow/example_dags/example_branch_labels.py took 0.083 seconds
[2023-07-07T12:22:01.302+0000] {processor.py:154} INFO - Started process (PID=81) to work on /home/airflow/.local/lib/python3.7/site-packages/airflow/example_dags/example_branch_labels.py
[2023-07-07T12:22:01.303+0000] {processor.py:756} INFO - Processing file /home/airflow/.local/lib/python3.7/site-packages/airflow/example_dags/example_branch_labels.py for tasks to queue
[2023-07-07T12:22:01.303+0000] {logging_mixin.py:120} INFO - [2023-07-07T12:22:01.303+0000] {dagbag.py:537} INFO - Filling up the DagBag from /home/airflow/.local/lib/python3.7/site-packages/airflow/example_dags/example_branch_labels.py
[2023-07-07T12:22:01.314+0000] {processor.py:766} INFO - DAG(s) dict_keys(['example_branch_labels']) retrieved from /home/airflow/.local/lib/python3.7/site-packages/airflow/example_dags/example_branch_labels.py
[2023-07-07T12:22:01.334+0000] {logging_mixin.py:120} INFO - [2023-07-07T12:22:01.334+0000] {dag.py:2585} INFO - Sync 1 DAGs
[2023-07-07T12:22:01.360+0000] {logging_mixin.py:120} INFO - [2023-07-07T12:22:01.360+0000] {dag.py:3340} INFO - Setting next_dagrun for example_branch_labels to 2023-07-06T00:00:00+00:00, run_after=2023-07-07T00:00:00+00:00
[2023-07-07T12:22:01.379+0000] {processor.py:176} INFO - Processing /home/airflow/.local/lib/python3.7/site-packages/airflow/example_dags/example_branch_labels.py took 0.079 seconds
[2023-07-07T12:22:31.627+0000] {processor.py:154} INFO - Started process (PID=139) to work on /home/airflow/.local/lib/python3.7/site-packages/airflow/example_dags/example_branch_labels.py
[2023-07-07T12:22:31.627+0000] {processor.py:756} INFO - Processing file /home/airflow/.local/lib/python3.7/site-packages/airflow/example_dags/example_branch_labels.py for tasks to queue
[2023-07-07T12:22:31.628+0000] {logging_mixin.py:120} INFO - [2023-07-07T12:22:31.628+0000] {dagbag.py:537} INFO - Filling up the DagBag from /home/airflow/.local/lib/python3.7/site-packages/airflow/example_dags/example_branch_labels.py
[2023-07-07T12:22:31.637+0000] {processor.py:766} INFO - DAG(s) dict_keys(['example_branch_labels']) retrieved from /home/airflow/.local/lib/python3.7/site-packages/airflow/example_dags/example_branch_labels.py
[2023-07-07T12:22:31.660+0000] {logging_mixin.py:120} INFO - [2023-07-07T12:22:31.660+0000] {dag.py:2585} INFO - Sync 1 DAGs
[2023-07-07T12:22:31.678+0000] {logging_mixin.py:120} INFO - [2023-07-07T12:22:31.678+0000] {dag.py:3340} INFO - Setting next_dagrun for example_branch_labels to 2023-07-06T00:00:00+00:00, run_after=2023-07-07T00:00:00+00:00
[2023-07-07T12:22:31.689+0000] {processor.py:176} INFO - Processing /home/airflow/.local/lib/python3.7/site-packages/airflow/example_dags/example_branch_labels.py took 0.064 seconds
[2023-07-07T12:23:02.970+0000] {processor.py:154} INFO - Started process (PID=206) to work on /home/airflow/.local/lib/python3.7/site-packages/airflow/example_dags/example_branch_labels.py
[2023-07-07T12:23:02.971+0000] {processor.py:756} INFO - Processing file /home/airflow/.local/lib/python3.7/site-packages/airflow/example_dags/example_branch_labels.py for tasks to queue
[2023-07-07T12:23:02.971+0000] {logging_mixin.py:120} INFO - [2023-07-07T12:23:02.971+0000] {dagbag.py:537} INFO - Filling up the DagBag from /home/airflow/.local/lib/python3.7/site-packages/airflow/example_dags/example_branch_labels.py
[2023-07-07T12:23:02.979+0000] {processor.py:766} INFO - DAG(s) dict_keys(['example_branch_labels']) retrieved from /home/airflow/.local/lib/python3.7/site-packages/airflow/example_dags/example_branch_labels.py
[2023-07-07T12:23:03.002+0000] {logging_mixin.py:120} INFO - [2023-07-07T12:23:03.001+0000] {dag.py:2585} INFO - Sync 1 DAGs
[2023-07-07T12:23:03.017+0000] {logging_mixin.py:120} INFO - [2023-07-07T12:23:03.017+0000] {dag.py:3340} INFO - Setting next_dagrun for example_branch_labels to 2023-07-06T00:00:00+00:00, run_after=2023-07-07T00:00:00+00:00
[2023-07-07T12:23:03.028+0000] {processor.py:176} INFO - Processing /home/airflow/.local/lib/python3.7/site-packages/airflow/example_dags/example_branch_labels.py took 0.060 seconds
[2023-07-07T12:23:33.267+0000] {processor.py:154} INFO - Started process (PID=272) to work on /home/airflow/.local/lib/python3.7/site-packages/airflow/example_dags/example_branch_labels.py
[2023-07-07T12:23:33.268+0000] {processor.py:756} INFO - Processing file /home/airflow/.local/lib/python3.7/site-packages/airflow/example_dags/example_branch_labels.py for tasks to queue
[2023-07-07T12:23:33.268+0000] {logging_mixin.py:120} INFO - [2023-07-07T12:23:33.268+0000] {dagbag.py:537} INFO - Filling up the DagBag from /home/airflow/.local/lib/python3.7/site-packages/airflow/example_dags/example_branch_labels.py
[2023-07-07T12:23:33.278+0000] {processor.py:766} INFO - DAG(s) dict_keys(['example_branch_labels']) retrieved from /home/airflow/.local/lib/python3.7/site-packages/airflow/example_dags/example_branch_labels.py
[2023-07-07T12:23:33.304+0000] {logging_mixin.py:120} INFO - [2023-07-07T12:23:33.304+0000] {dag.py:2585} INFO - Sync 1 DAGs
[2023-07-07T12:23:33.324+0000] {logging_mixin.py:120} INFO - [2023-07-07T12:23:33.324+0000] {dag.py:3340} INFO - Setting next_dagrun for example_branch_labels to 2023-07-06T00:00:00+00:00, run_after=2023-07-07T00:00:00+00:00
[2023-07-07T12:23:33.337+0000] {processor.py:176} INFO - Processing /home/airflow/.local/lib/python3.7/site-packages/airflow/example_dags/example_branch_labels.py took 0.071 seconds
[2023-07-07T12:24:03.811+0000] {processor.py:154} INFO - Started process (PID=339) to work on /home/airflow/.local/lib/python3.7/site-packages/airflow/example_dags/example_branch_labels.py
[2023-07-07T12:24:03.812+0000] {processor.py:756} INFO - Processing file /home/airflow/.local/lib/python3.7/site-packages/airflow/example_dags/example_branch_labels.py for tasks to queue
[2023-07-07T12:24:03.812+0000] {logging_mixin.py:120} INFO - [2023-07-07T12:24:03.812+0000] {dagbag.py:537} INFO - Filling up the DagBag from /home/airflow/.local/lib/python3.7/site-packages/airflow/example_dags/example_branch_labels.py
[2023-07-07T12:24:03.821+0000] {processor.py:766} INFO - DAG(s) dict_keys(['example_branch_labels']) retrieved from /home/airflow/.local/lib/python3.7/site-packages/airflow/example_dags/example_branch_labels.py
[2023-07-07T12:24:03.848+0000] {logging_mixin.py:120} INFO - [2023-07-07T12:24:03.848+0000] {dag.py:2585} INFO - Sync 1 DAGs
[2023-07-07T12:24:03.865+0000] {logging_mixin.py:120} INFO - [2023-07-07T12:24:03.865+0000] {dag.py:3340} INFO - Setting next_dagrun for example_branch_labels to 2023-07-06T00:00:00+00:00, run_after=2023-07-07T00:00:00+00:00
[2023-07-07T12:24:03.878+0000] {processor.py:176} INFO - Processing /home/airflow/.local/lib/python3.7/site-packages/airflow/example_dags/example_branch_labels.py took 0.069 seconds
[2023-07-07T12:24:34.324+0000] {processor.py:154} INFO - Started process (PID=406) to work on /home/airflow/.local/lib/python3.7/site-packages/airflow/example_dags/example_branch_labels.py
[2023-07-07T12:24:34.324+0000] {processor.py:756} INFO - Processing file /home/airflow/.local/lib/python3.7/site-packages/airflow/example_dags/example_branch_labels.py for tasks to queue
[2023-07-07T12:24:34.325+0000] {logging_mixin.py:120} INFO - [2023-07-07T12:24:34.325+0000] {dagbag.py:537} INFO - Filling up the DagBag from /home/airflow/.local/lib/python3.7/site-packages/airflow/example_dags/example_branch_labels.py
[2023-07-07T12:24:34.333+0000] {processor.py:766} INFO - DAG(s) dict_keys(['example_branch_labels']) retrieved from /home/airflow/.local/lib/python3.7/site-packages/airflow/example_dags/example_branch_labels.py
[2023-07-07T12:24:34.359+0000] {logging_mixin.py:120} INFO - [2023-07-07T12:24:34.359+0000] {dag.py:2585} INFO - Sync 1 DAGs
[2023-07-07T12:24:34.379+0000] {logging_mixin.py:120} INFO - [2023-07-07T12:24:34.379+0000] {dag.py:3340} INFO - Setting next_dagrun for example_branch_labels to 2023-07-06T00:00:00+00:00, run_after=2023-07-07T00:00:00+00:00
[2023-07-07T12:24:34.390+0000] {processor.py:176} INFO - Processing /home/airflow/.local/lib/python3.7/site-packages/airflow/example_dags/example_branch_labels.py took 0.068 seconds
[2023-07-07T12:25:05.387+0000] {processor.py:154} INFO - Started process (PID=463) to work on /home/airflow/.local/lib/python3.7/site-packages/airflow/example_dags/example_branch_labels.py
[2023-07-07T12:25:05.388+0000] {processor.py:756} INFO - Processing file /home/airflow/.local/lib/python3.7/site-packages/airflow/example_dags/example_branch_labels.py for tasks to queue
[2023-07-07T12:25:05.388+0000] {logging_mixin.py:120} INFO - [2023-07-07T12:25:05.388+0000] {dagbag.py:537} INFO - Filling up the DagBag from /home/airflow/.local/lib/python3.7/site-packages/airflow/example_dags/example_branch_labels.py
[2023-07-07T12:25:05.396+0000] {processor.py:766} INFO - DAG(s) dict_keys(['example_branch_labels']) retrieved from /home/airflow/.local/lib/python3.7/site-packages/airflow/example_dags/example_branch_labels.py
[2023-07-07T12:25:05.419+0000] {logging_mixin.py:120} INFO - [2023-07-07T12:25:05.419+0000] {dag.py:2585} INFO - Sync 1 DAGs
[2023-07-07T12:25:05.434+0000] {logging_mixin.py:120} INFO - [2023-07-07T12:25:05.434+0000] {dag.py:3340} INFO - Setting next_dagrun for example_branch_labels to 2023-07-06T00:00:00+00:00, run_after=2023-07-07T00:00:00+00:00
[2023-07-07T12:25:05.445+0000] {processor.py:176} INFO - Processing /home/airflow/.local/lib/python3.7/site-packages/airflow/example_dags/example_branch_labels.py took 0.059 seconds
