[2023-07-07T12:00:24.588+0000] {processor.py:154} INFO - Started process (PID=49) to work on /home/airflow/.local/lib/python3.7/site-packages/airflow/example_dags/example_branch_python_dop_operator_3.py
[2023-07-07T12:00:24.588+0000] {processor.py:756} INFO - Processing file /home/airflow/.local/lib/python3.7/site-packages/airflow/example_dags/example_branch_python_dop_operator_3.py for tasks to queue
[2023-07-07T12:00:24.589+0000] {logging_mixin.py:120} INFO - [2023-07-07T12:00:24.589+0000] {dagbag.py:537} INFO - Filling up the DagBag from /home/airflow/.local/lib/python3.7/site-packages/airflow/example_dags/example_branch_python_dop_operator_3.py
[2023-07-07T12:00:24.608+0000] {processor.py:766} INFO - DAG(s) dict_keys(['example_branch_dop_operator_v3']) retrieved from /home/airflow/.local/lib/python3.7/site-packages/airflow/example_dags/example_branch_python_dop_operator_3.py
[2023-07-07T12:00:24.635+0000] {logging_mixin.py:120} INFO - [2023-07-07T12:00:24.635+0000] {dag.py:2585} INFO - Sync 1 DAGs
[2023-07-07T12:00:24.658+0000] {logging_mixin.py:120} INFO - [2023-07-07T12:00:24.658+0000] {dag.py:3340} INFO - Setting next_dagrun for example_branch_dop_operator_v3 to 2023-07-07T11:59:00+00:00, run_after=2023-07-07T12:00:00+00:00
[2023-07-07T12:00:24.672+0000] {processor.py:176} INFO - Processing /home/airflow/.local/lib/python3.7/site-packages/airflow/example_dags/example_branch_python_dop_operator_3.py took 0.086 seconds
[2023-07-07T12:00:55.524+0000] {processor.py:154} INFO - Started process (PID=115) to work on /home/airflow/.local/lib/python3.7/site-packages/airflow/example_dags/example_branch_python_dop_operator_3.py
[2023-07-07T12:00:55.525+0000] {processor.py:756} INFO - Processing file /home/airflow/.local/lib/python3.7/site-packages/airflow/example_dags/example_branch_python_dop_operator_3.py for tasks to queue
[2023-07-07T12:00:55.525+0000] {logging_mixin.py:120} INFO - [2023-07-07T12:00:55.525+0000] {dagbag.py:537} INFO - Filling up the DagBag from /home/airflow/.local/lib/python3.7/site-packages/airflow/example_dags/example_branch_python_dop_operator_3.py
[2023-07-07T12:00:55.539+0000] {processor.py:766} INFO - DAG(s) dict_keys(['example_branch_dop_operator_v3']) retrieved from /home/airflow/.local/lib/python3.7/site-packages/airflow/example_dags/example_branch_python_dop_operator_3.py
[2023-07-07T12:00:55.563+0000] {logging_mixin.py:120} INFO - [2023-07-07T12:00:55.563+0000] {dag.py:2585} INFO - Sync 1 DAGs
[2023-07-07T12:00:55.582+0000] {logging_mixin.py:120} INFO - [2023-07-07T12:00:55.581+0000] {dag.py:3340} INFO - Setting next_dagrun for example_branch_dop_operator_v3 to 2023-07-07T11:59:00+00:00, run_after=2023-07-07T12:00:00+00:00
[2023-07-07T12:00:55.593+0000] {processor.py:176} INFO - Processing /home/airflow/.local/lib/python3.7/site-packages/airflow/example_dags/example_branch_python_dop_operator_3.py took 0.070 seconds
[2023-07-07T12:01:26.894+0000] {processor.py:154} INFO - Started process (PID=184) to work on /home/airflow/.local/lib/python3.7/site-packages/airflow/example_dags/example_branch_python_dop_operator_3.py
[2023-07-07T12:01:26.895+0000] {processor.py:756} INFO - Processing file /home/airflow/.local/lib/python3.7/site-packages/airflow/example_dags/example_branch_python_dop_operator_3.py for tasks to queue
[2023-07-07T12:01:26.895+0000] {logging_mixin.py:120} INFO - [2023-07-07T12:01:26.895+0000] {dagbag.py:537} INFO - Filling up the DagBag from /home/airflow/.local/lib/python3.7/site-packages/airflow/example_dags/example_branch_python_dop_operator_3.py
[2023-07-07T12:01:26.910+0000] {processor.py:766} INFO - DAG(s) dict_keys(['example_branch_dop_operator_v3']) retrieved from /home/airflow/.local/lib/python3.7/site-packages/airflow/example_dags/example_branch_python_dop_operator_3.py
[2023-07-07T12:01:26.935+0000] {logging_mixin.py:120} INFO - [2023-07-07T12:01:26.935+0000] {dag.py:2585} INFO - Sync 1 DAGs
[2023-07-07T12:01:26.954+0000] {logging_mixin.py:120} INFO - [2023-07-07T12:01:26.954+0000] {dag.py:3340} INFO - Setting next_dagrun for example_branch_dop_operator_v3 to 2023-07-07T12:00:00+00:00, run_after=2023-07-07T12:01:00+00:00
[2023-07-07T12:01:26.966+0000] {processor.py:176} INFO - Processing /home/airflow/.local/lib/python3.7/site-packages/airflow/example_dags/example_branch_python_dop_operator_3.py took 0.074 seconds
[2023-07-07T12:01:58.394+0000] {processor.py:154} INFO - Started process (PID=251) to work on /home/airflow/.local/lib/python3.7/site-packages/airflow/example_dags/example_branch_python_dop_operator_3.py
[2023-07-07T12:01:58.402+0000] {processor.py:756} INFO - Processing file /home/airflow/.local/lib/python3.7/site-packages/airflow/example_dags/example_branch_python_dop_operator_3.py for tasks to queue
[2023-07-07T12:01:58.402+0000] {logging_mixin.py:120} INFO - [2023-07-07T12:01:58.402+0000] {dagbag.py:537} INFO - Filling up the DagBag from /home/airflow/.local/lib/python3.7/site-packages/airflow/example_dags/example_branch_python_dop_operator_3.py
[2023-07-07T12:01:58.416+0000] {processor.py:766} INFO - DAG(s) dict_keys(['example_branch_dop_operator_v3']) retrieved from /home/airflow/.local/lib/python3.7/site-packages/airflow/example_dags/example_branch_python_dop_operator_3.py
[2023-07-07T12:01:58.438+0000] {logging_mixin.py:120} INFO - [2023-07-07T12:01:58.438+0000] {dag.py:2585} INFO - Sync 1 DAGs
[2023-07-07T12:01:58.454+0000] {logging_mixin.py:120} INFO - [2023-07-07T12:01:58.454+0000] {dag.py:3340} INFO - Setting next_dagrun for example_branch_dop_operator_v3 to 2023-07-07T12:00:00+00:00, run_after=2023-07-07T12:01:00+00:00
[2023-07-07T12:01:58.481+0000] {processor.py:176} INFO - Processing /home/airflow/.local/lib/python3.7/site-packages/airflow/example_dags/example_branch_python_dop_operator_3.py took 0.089 seconds
[2023-07-07T12:02:35.078+0000] {processor.py:154} INFO - Started process (PID=50) to work on /home/airflow/.local/lib/python3.7/site-packages/airflow/example_dags/example_branch_python_dop_operator_3.py
[2023-07-07T12:02:35.079+0000] {processor.py:756} INFO - Processing file /home/airflow/.local/lib/python3.7/site-packages/airflow/example_dags/example_branch_python_dop_operator_3.py for tasks to queue
[2023-07-07T12:02:35.080+0000] {logging_mixin.py:120} INFO - [2023-07-07T12:02:35.080+0000] {dagbag.py:537} INFO - Filling up the DagBag from /home/airflow/.local/lib/python3.7/site-packages/airflow/example_dags/example_branch_python_dop_operator_3.py
[2023-07-07T12:02:35.112+0000] {processor.py:766} INFO - DAG(s) dict_keys(['example_branch_dop_operator_v3']) retrieved from /home/airflow/.local/lib/python3.7/site-packages/airflow/example_dags/example_branch_python_dop_operator_3.py
[2023-07-07T12:02:35.165+0000] {logging_mixin.py:120} INFO - [2023-07-07T12:02:35.165+0000] {dag.py:2585} INFO - Sync 1 DAGs
[2023-07-07T12:02:35.207+0000] {logging_mixin.py:120} INFO - [2023-07-07T12:02:35.207+0000] {dag.py:3340} INFO - Setting next_dagrun for example_branch_dop_operator_v3 to 2023-07-07T12:01:00+00:00, run_after=2023-07-07T12:02:00+00:00
[2023-07-07T12:02:35.231+0000] {processor.py:176} INFO - Processing /home/airflow/.local/lib/python3.7/site-packages/airflow/example_dags/example_branch_python_dop_operator_3.py took 0.157 seconds
[2023-07-07T12:03:05.937+0000] {processor.py:154} INFO - Started process (PID=117) to work on /home/airflow/.local/lib/python3.7/site-packages/airflow/example_dags/example_branch_python_dop_operator_3.py
[2023-07-07T12:03:05.938+0000] {processor.py:756} INFO - Processing file /home/airflow/.local/lib/python3.7/site-packages/airflow/example_dags/example_branch_python_dop_operator_3.py for tasks to queue
[2023-07-07T12:03:05.938+0000] {logging_mixin.py:120} INFO - [2023-07-07T12:03:05.938+0000] {dagbag.py:537} INFO - Filling up the DagBag from /home/airflow/.local/lib/python3.7/site-packages/airflow/example_dags/example_branch_python_dop_operator_3.py
[2023-07-07T12:03:05.952+0000] {processor.py:766} INFO - DAG(s) dict_keys(['example_branch_dop_operator_v3']) retrieved from /home/airflow/.local/lib/python3.7/site-packages/airflow/example_dags/example_branch_python_dop_operator_3.py
[2023-07-07T12:03:05.974+0000] {logging_mixin.py:120} INFO - [2023-07-07T12:03:05.974+0000] {dag.py:2585} INFO - Sync 1 DAGs
[2023-07-07T12:03:05.991+0000] {logging_mixin.py:120} INFO - [2023-07-07T12:03:05.991+0000] {dag.py:3340} INFO - Setting next_dagrun for example_branch_dop_operator_v3 to 2023-07-07T12:02:00+00:00, run_after=2023-07-07T12:03:00+00:00
[2023-07-07T12:03:06.004+0000] {processor.py:176} INFO - Processing /home/airflow/.local/lib/python3.7/site-packages/airflow/example_dags/example_branch_python_dop_operator_3.py took 0.069 seconds
[2023-07-07T12:03:36.127+0000] {processor.py:154} INFO - Started process (PID=185) to work on /home/airflow/.local/lib/python3.7/site-packages/airflow/example_dags/example_branch_python_dop_operator_3.py
[2023-07-07T12:03:36.128+0000] {processor.py:756} INFO - Processing file /home/airflow/.local/lib/python3.7/site-packages/airflow/example_dags/example_branch_python_dop_operator_3.py for tasks to queue
[2023-07-07T12:03:36.128+0000] {logging_mixin.py:120} INFO - [2023-07-07T12:03:36.128+0000] {dagbag.py:537} INFO - Filling up the DagBag from /home/airflow/.local/lib/python3.7/site-packages/airflow/example_dags/example_branch_python_dop_operator_3.py
[2023-07-07T12:03:36.144+0000] {processor.py:766} INFO - DAG(s) dict_keys(['example_branch_dop_operator_v3']) retrieved from /home/airflow/.local/lib/python3.7/site-packages/airflow/example_dags/example_branch_python_dop_operator_3.py
[2023-07-07T12:03:36.170+0000] {logging_mixin.py:120} INFO - [2023-07-07T12:03:36.170+0000] {dag.py:2585} INFO - Sync 1 DAGs
[2023-07-07T12:03:36.190+0000] {logging_mixin.py:120} INFO - [2023-07-07T12:03:36.190+0000] {dag.py:3340} INFO - Setting next_dagrun for example_branch_dop_operator_v3 to 2023-07-07T12:02:00+00:00, run_after=2023-07-07T12:03:00+00:00
[2023-07-07T12:03:36.203+0000] {processor.py:176} INFO - Processing /home/airflow/.local/lib/python3.7/site-packages/airflow/example_dags/example_branch_python_dop_operator_3.py took 0.078 seconds
[2023-07-07T12:04:06.234+0000] {processor.py:154} INFO - Started process (PID=243) to work on /home/airflow/.local/lib/python3.7/site-packages/airflow/example_dags/example_branch_python_dop_operator_3.py
[2023-07-07T12:04:06.234+0000] {processor.py:756} INFO - Processing file /home/airflow/.local/lib/python3.7/site-packages/airflow/example_dags/example_branch_python_dop_operator_3.py for tasks to queue
[2023-07-07T12:04:06.234+0000] {logging_mixin.py:120} INFO - [2023-07-07T12:04:06.234+0000] {dagbag.py:537} INFO - Filling up the DagBag from /home/airflow/.local/lib/python3.7/site-packages/airflow/example_dags/example_branch_python_dop_operator_3.py
[2023-07-07T12:04:06.247+0000] {processor.py:766} INFO - DAG(s) dict_keys(['example_branch_dop_operator_v3']) retrieved from /home/airflow/.local/lib/python3.7/site-packages/airflow/example_dags/example_branch_python_dop_operator_3.py
[2023-07-07T12:04:06.270+0000] {logging_mixin.py:120} INFO - [2023-07-07T12:04:06.270+0000] {dag.py:2585} INFO - Sync 1 DAGs
[2023-07-07T12:04:06.289+0000] {logging_mixin.py:120} INFO - [2023-07-07T12:04:06.289+0000] {dag.py:3340} INFO - Setting next_dagrun for example_branch_dop_operator_v3 to 2023-07-07T12:03:00+00:00, run_after=2023-07-07T12:04:00+00:00
[2023-07-07T12:04:06.301+0000] {processor.py:176} INFO - Processing /home/airflow/.local/lib/python3.7/site-packages/airflow/example_dags/example_branch_python_dop_operator_3.py took 0.070 seconds
[2023-07-07T12:04:36.522+0000] {processor.py:154} INFO - Started process (PID=309) to work on /home/airflow/.local/lib/python3.7/site-packages/airflow/example_dags/example_branch_python_dop_operator_3.py
[2023-07-07T12:04:36.523+0000] {processor.py:756} INFO - Processing file /home/airflow/.local/lib/python3.7/site-packages/airflow/example_dags/example_branch_python_dop_operator_3.py for tasks to queue
[2023-07-07T12:04:36.523+0000] {logging_mixin.py:120} INFO - [2023-07-07T12:04:36.523+0000] {dagbag.py:537} INFO - Filling up the DagBag from /home/airflow/.local/lib/python3.7/site-packages/airflow/example_dags/example_branch_python_dop_operator_3.py
[2023-07-07T12:04:36.536+0000] {processor.py:766} INFO - DAG(s) dict_keys(['example_branch_dop_operator_v3']) retrieved from /home/airflow/.local/lib/python3.7/site-packages/airflow/example_dags/example_branch_python_dop_operator_3.py
[2023-07-07T12:04:36.557+0000] {logging_mixin.py:120} INFO - [2023-07-07T12:04:36.557+0000] {dag.py:2585} INFO - Sync 1 DAGs
[2023-07-07T12:04:36.574+0000] {logging_mixin.py:120} INFO - [2023-07-07T12:04:36.574+0000] {dag.py:3340} INFO - Setting next_dagrun for example_branch_dop_operator_v3 to 2023-07-07T12:03:00+00:00, run_after=2023-07-07T12:04:00+00:00
[2023-07-07T12:04:36.584+0000] {processor.py:176} INFO - Processing /home/airflow/.local/lib/python3.7/site-packages/airflow/example_dags/example_branch_python_dop_operator_3.py took 0.064 seconds
[2023-07-07T12:05:06.780+0000] {processor.py:154} INFO - Started process (PID=376) to work on /home/airflow/.local/lib/python3.7/site-packages/airflow/example_dags/example_branch_python_dop_operator_3.py
[2023-07-07T12:05:06.781+0000] {processor.py:756} INFO - Processing file /home/airflow/.local/lib/python3.7/site-packages/airflow/example_dags/example_branch_python_dop_operator_3.py for tasks to queue
[2023-07-07T12:05:06.781+0000] {logging_mixin.py:120} INFO - [2023-07-07T12:05:06.781+0000] {dagbag.py:537} INFO - Filling up the DagBag from /home/airflow/.local/lib/python3.7/site-packages/airflow/example_dags/example_branch_python_dop_operator_3.py
[2023-07-07T12:05:06.794+0000] {processor.py:766} INFO - DAG(s) dict_keys(['example_branch_dop_operator_v3']) retrieved from /home/airflow/.local/lib/python3.7/site-packages/airflow/example_dags/example_branch_python_dop_operator_3.py
[2023-07-07T12:05:06.818+0000] {logging_mixin.py:120} INFO - [2023-07-07T12:05:06.818+0000] {dag.py:2585} INFO - Sync 1 DAGs
[2023-07-07T12:05:06.840+0000] {logging_mixin.py:120} INFO - [2023-07-07T12:05:06.840+0000] {dag.py:3340} INFO - Setting next_dagrun for example_branch_dop_operator_v3 to 2023-07-07T12:04:00+00:00, run_after=2023-07-07T12:05:00+00:00
[2023-07-07T12:05:06.853+0000] {processor.py:176} INFO - Processing /home/airflow/.local/lib/python3.7/site-packages/airflow/example_dags/example_branch_python_dop_operator_3.py took 0.075 seconds
[2023-07-07T12:05:36.916+0000] {processor.py:154} INFO - Started process (PID=444) to work on /home/airflow/.local/lib/python3.7/site-packages/airflow/example_dags/example_branch_python_dop_operator_3.py
[2023-07-07T12:05:36.917+0000] {processor.py:756} INFO - Processing file /home/airflow/.local/lib/python3.7/site-packages/airflow/example_dags/example_branch_python_dop_operator_3.py for tasks to queue
[2023-07-07T12:05:36.917+0000] {logging_mixin.py:120} INFO - [2023-07-07T12:05:36.917+0000] {dagbag.py:537} INFO - Filling up the DagBag from /home/airflow/.local/lib/python3.7/site-packages/airflow/example_dags/example_branch_python_dop_operator_3.py
[2023-07-07T12:05:36.931+0000] {processor.py:766} INFO - DAG(s) dict_keys(['example_branch_dop_operator_v3']) retrieved from /home/airflow/.local/lib/python3.7/site-packages/airflow/example_dags/example_branch_python_dop_operator_3.py
[2023-07-07T12:05:36.956+0000] {logging_mixin.py:120} INFO - [2023-07-07T12:05:36.956+0000] {dag.py:2585} INFO - Sync 1 DAGs
[2023-07-07T12:05:36.975+0000] {logging_mixin.py:120} INFO - [2023-07-07T12:05:36.975+0000] {dag.py:3340} INFO - Setting next_dagrun for example_branch_dop_operator_v3 to 2023-07-07T12:04:00+00:00, run_after=2023-07-07T12:05:00+00:00
[2023-07-07T12:05:36.987+0000] {processor.py:176} INFO - Processing /home/airflow/.local/lib/python3.7/site-packages/airflow/example_dags/example_branch_python_dop_operator_3.py took 0.072 seconds
[2023-07-07T12:06:07.181+0000] {processor.py:154} INFO - Started process (PID=502) to work on /home/airflow/.local/lib/python3.7/site-packages/airflow/example_dags/example_branch_python_dop_operator_3.py
[2023-07-07T12:06:07.182+0000] {processor.py:756} INFO - Processing file /home/airflow/.local/lib/python3.7/site-packages/airflow/example_dags/example_branch_python_dop_operator_3.py for tasks to queue
[2023-07-07T12:06:07.182+0000] {logging_mixin.py:120} INFO - [2023-07-07T12:06:07.182+0000] {dagbag.py:537} INFO - Filling up the DagBag from /home/airflow/.local/lib/python3.7/site-packages/airflow/example_dags/example_branch_python_dop_operator_3.py
[2023-07-07T12:06:07.204+0000] {processor.py:766} INFO - DAG(s) dict_keys(['example_branch_dop_operator_v3']) retrieved from /home/airflow/.local/lib/python3.7/site-packages/airflow/example_dags/example_branch_python_dop_operator_3.py
[2023-07-07T12:06:07.233+0000] {logging_mixin.py:120} INFO - [2023-07-07T12:06:07.233+0000] {dag.py:2585} INFO - Sync 1 DAGs
[2023-07-07T12:06:07.256+0000] {logging_mixin.py:120} INFO - [2023-07-07T12:06:07.256+0000] {dag.py:3340} INFO - Setting next_dagrun for example_branch_dop_operator_v3 to 2023-07-07T12:05:00+00:00, run_after=2023-07-07T12:06:00+00:00
[2023-07-07T12:06:07.270+0000] {processor.py:176} INFO - Processing /home/airflow/.local/lib/python3.7/site-packages/airflow/example_dags/example_branch_python_dop_operator_3.py took 0.091 seconds
[2023-07-07T12:06:37.363+0000] {processor.py:154} INFO - Started process (PID=568) to work on /home/airflow/.local/lib/python3.7/site-packages/airflow/example_dags/example_branch_python_dop_operator_3.py
[2023-07-07T12:06:37.365+0000] {processor.py:756} INFO - Processing file /home/airflow/.local/lib/python3.7/site-packages/airflow/example_dags/example_branch_python_dop_operator_3.py for tasks to queue
[2023-07-07T12:06:37.365+0000] {logging_mixin.py:120} INFO - [2023-07-07T12:06:37.365+0000] {dagbag.py:537} INFO - Filling up the DagBag from /home/airflow/.local/lib/python3.7/site-packages/airflow/example_dags/example_branch_python_dop_operator_3.py
[2023-07-07T12:06:37.380+0000] {processor.py:766} INFO - DAG(s) dict_keys(['example_branch_dop_operator_v3']) retrieved from /home/airflow/.local/lib/python3.7/site-packages/airflow/example_dags/example_branch_python_dop_operator_3.py
[2023-07-07T12:06:37.406+0000] {logging_mixin.py:120} INFO - [2023-07-07T12:06:37.405+0000] {dag.py:2585} INFO - Sync 1 DAGs
[2023-07-07T12:06:37.426+0000] {logging_mixin.py:120} INFO - [2023-07-07T12:06:37.426+0000] {dag.py:3340} INFO - Setting next_dagrun for example_branch_dop_operator_v3 to 2023-07-07T12:05:00+00:00, run_after=2023-07-07T12:06:00+00:00
[2023-07-07T12:06:37.438+0000] {processor.py:176} INFO - Processing /home/airflow/.local/lib/python3.7/site-packages/airflow/example_dags/example_branch_python_dop_operator_3.py took 0.077 seconds
[2023-07-07T12:07:08.566+0000] {processor.py:154} INFO - Started process (PID=635) to work on /home/airflow/.local/lib/python3.7/site-packages/airflow/example_dags/example_branch_python_dop_operator_3.py
[2023-07-07T12:07:08.567+0000] {processor.py:756} INFO - Processing file /home/airflow/.local/lib/python3.7/site-packages/airflow/example_dags/example_branch_python_dop_operator_3.py for tasks to queue
[2023-07-07T12:07:08.567+0000] {logging_mixin.py:120} INFO - [2023-07-07T12:07:08.567+0000] {dagbag.py:537} INFO - Filling up the DagBag from /home/airflow/.local/lib/python3.7/site-packages/airflow/example_dags/example_branch_python_dop_operator_3.py
[2023-07-07T12:07:08.580+0000] {processor.py:766} INFO - DAG(s) dict_keys(['example_branch_dop_operator_v3']) retrieved from /home/airflow/.local/lib/python3.7/site-packages/airflow/example_dags/example_branch_python_dop_operator_3.py
[2023-07-07T12:07:08.603+0000] {logging_mixin.py:120} INFO - [2023-07-07T12:07:08.603+0000] {dag.py:2585} INFO - Sync 1 DAGs
[2023-07-07T12:07:08.620+0000] {logging_mixin.py:120} INFO - [2023-07-07T12:07:08.620+0000] {dag.py:3340} INFO - Setting next_dagrun for example_branch_dop_operator_v3 to 2023-07-07T12:06:00+00:00, run_after=2023-07-07T12:07:00+00:00
[2023-07-07T12:07:08.632+0000] {processor.py:176} INFO - Processing /home/airflow/.local/lib/python3.7/site-packages/airflow/example_dags/example_branch_python_dop_operator_3.py took 0.067 seconds
[2023-07-07T12:07:38.774+0000] {processor.py:154} INFO - Started process (PID=702) to work on /home/airflow/.local/lib/python3.7/site-packages/airflow/example_dags/example_branch_python_dop_operator_3.py
[2023-07-07T12:07:38.775+0000] {processor.py:756} INFO - Processing file /home/airflow/.local/lib/python3.7/site-packages/airflow/example_dags/example_branch_python_dop_operator_3.py for tasks to queue
[2023-07-07T12:07:38.775+0000] {logging_mixin.py:120} INFO - [2023-07-07T12:07:38.775+0000] {dagbag.py:537} INFO - Filling up the DagBag from /home/airflow/.local/lib/python3.7/site-packages/airflow/example_dags/example_branch_python_dop_operator_3.py
[2023-07-07T12:07:38.787+0000] {processor.py:766} INFO - DAG(s) dict_keys(['example_branch_dop_operator_v3']) retrieved from /home/airflow/.local/lib/python3.7/site-packages/airflow/example_dags/example_branch_python_dop_operator_3.py
[2023-07-07T12:07:38.810+0000] {logging_mixin.py:120} INFO - [2023-07-07T12:07:38.810+0000] {dag.py:2585} INFO - Sync 1 DAGs
[2023-07-07T12:07:38.827+0000] {logging_mixin.py:120} INFO - [2023-07-07T12:07:38.827+0000] {dag.py:3340} INFO - Setting next_dagrun for example_branch_dop_operator_v3 to 2023-07-07T12:06:00+00:00, run_after=2023-07-07T12:07:00+00:00
[2023-07-07T12:07:38.838+0000] {processor.py:176} INFO - Processing /home/airflow/.local/lib/python3.7/site-packages/airflow/example_dags/example_branch_python_dop_operator_3.py took 0.066 seconds
[2023-07-07T12:08:08.969+0000] {processor.py:154} INFO - Started process (PID=769) to work on /home/airflow/.local/lib/python3.7/site-packages/airflow/example_dags/example_branch_python_dop_operator_3.py
[2023-07-07T12:08:08.970+0000] {processor.py:756} INFO - Processing file /home/airflow/.local/lib/python3.7/site-packages/airflow/example_dags/example_branch_python_dop_operator_3.py for tasks to queue
[2023-07-07T12:08:08.970+0000] {logging_mixin.py:120} INFO - [2023-07-07T12:08:08.970+0000] {dagbag.py:537} INFO - Filling up the DagBag from /home/airflow/.local/lib/python3.7/site-packages/airflow/example_dags/example_branch_python_dop_operator_3.py
[2023-07-07T12:08:08.983+0000] {processor.py:766} INFO - DAG(s) dict_keys(['example_branch_dop_operator_v3']) retrieved from /home/airflow/.local/lib/python3.7/site-packages/airflow/example_dags/example_branch_python_dop_operator_3.py
[2023-07-07T12:08:09.005+0000] {logging_mixin.py:120} INFO - [2023-07-07T12:08:09.005+0000] {dag.py:2585} INFO - Sync 1 DAGs
[2023-07-07T12:08:09.022+0000] {logging_mixin.py:120} INFO - [2023-07-07T12:08:09.022+0000] {dag.py:3340} INFO - Setting next_dagrun for example_branch_dop_operator_v3 to 2023-07-07T12:07:00+00:00, run_after=2023-07-07T12:08:00+00:00
[2023-07-07T12:08:09.034+0000] {processor.py:176} INFO - Processing /home/airflow/.local/lib/python3.7/site-packages/airflow/example_dags/example_branch_python_dop_operator_3.py took 0.066 seconds
[2023-07-07T12:08:39.326+0000] {processor.py:154} INFO - Started process (PID=827) to work on /home/airflow/.local/lib/python3.7/site-packages/airflow/example_dags/example_branch_python_dop_operator_3.py
[2023-07-07T12:08:39.327+0000] {processor.py:756} INFO - Processing file /home/airflow/.local/lib/python3.7/site-packages/airflow/example_dags/example_branch_python_dop_operator_3.py for tasks to queue
[2023-07-07T12:08:39.328+0000] {logging_mixin.py:120} INFO - [2023-07-07T12:08:39.328+0000] {dagbag.py:537} INFO - Filling up the DagBag from /home/airflow/.local/lib/python3.7/site-packages/airflow/example_dags/example_branch_python_dop_operator_3.py
[2023-07-07T12:08:39.341+0000] {processor.py:766} INFO - DAG(s) dict_keys(['example_branch_dop_operator_v3']) retrieved from /home/airflow/.local/lib/python3.7/site-packages/airflow/example_dags/example_branch_python_dop_operator_3.py
[2023-07-07T12:08:39.366+0000] {logging_mixin.py:120} INFO - [2023-07-07T12:08:39.365+0000] {dag.py:2585} INFO - Sync 1 DAGs
[2023-07-07T12:08:39.391+0000] {logging_mixin.py:120} INFO - [2023-07-07T12:08:39.391+0000] {dag.py:3340} INFO - Setting next_dagrun for example_branch_dop_operator_v3 to 2023-07-07T12:07:00+00:00, run_after=2023-07-07T12:08:00+00:00
[2023-07-07T12:08:39.404+0000] {processor.py:176} INFO - Processing /home/airflow/.local/lib/python3.7/site-packages/airflow/example_dags/example_branch_python_dop_operator_3.py took 0.079 seconds
[2023-07-07T12:09:09.549+0000] {processor.py:154} INFO - Started process (PID=894) to work on /home/airflow/.local/lib/python3.7/site-packages/airflow/example_dags/example_branch_python_dop_operator_3.py
[2023-07-07T12:09:09.549+0000] {processor.py:756} INFO - Processing file /home/airflow/.local/lib/python3.7/site-packages/airflow/example_dags/example_branch_python_dop_operator_3.py for tasks to queue
[2023-07-07T12:09:09.550+0000] {logging_mixin.py:120} INFO - [2023-07-07T12:09:09.549+0000] {dagbag.py:537} INFO - Filling up the DagBag from /home/airflow/.local/lib/python3.7/site-packages/airflow/example_dags/example_branch_python_dop_operator_3.py
[2023-07-07T12:09:09.562+0000] {processor.py:766} INFO - DAG(s) dict_keys(['example_branch_dop_operator_v3']) retrieved from /home/airflow/.local/lib/python3.7/site-packages/airflow/example_dags/example_branch_python_dop_operator_3.py
[2023-07-07T12:09:09.586+0000] {logging_mixin.py:120} INFO - [2023-07-07T12:09:09.586+0000] {dag.py:2585} INFO - Sync 1 DAGs
[2023-07-07T12:09:09.605+0000] {logging_mixin.py:120} INFO - [2023-07-07T12:09:09.605+0000] {dag.py:3340} INFO - Setting next_dagrun for example_branch_dop_operator_v3 to 2023-07-07T12:08:00+00:00, run_after=2023-07-07T12:09:00+00:00
[2023-07-07T12:09:09.620+0000] {processor.py:176} INFO - Processing /home/airflow/.local/lib/python3.7/site-packages/airflow/example_dags/example_branch_python_dop_operator_3.py took 0.073 seconds
[2023-07-07T12:09:39.815+0000] {processor.py:154} INFO - Started process (PID=961) to work on /home/airflow/.local/lib/python3.7/site-packages/airflow/example_dags/example_branch_python_dop_operator_3.py
[2023-07-07T12:09:39.816+0000] {processor.py:756} INFO - Processing file /home/airflow/.local/lib/python3.7/site-packages/airflow/example_dags/example_branch_python_dop_operator_3.py for tasks to queue
[2023-07-07T12:09:39.816+0000] {logging_mixin.py:120} INFO - [2023-07-07T12:09:39.816+0000] {dagbag.py:537} INFO - Filling up the DagBag from /home/airflow/.local/lib/python3.7/site-packages/airflow/example_dags/example_branch_python_dop_operator_3.py
[2023-07-07T12:09:39.831+0000] {processor.py:766} INFO - DAG(s) dict_keys(['example_branch_dop_operator_v3']) retrieved from /home/airflow/.local/lib/python3.7/site-packages/airflow/example_dags/example_branch_python_dop_operator_3.py
[2023-07-07T12:09:39.856+0000] {logging_mixin.py:120} INFO - [2023-07-07T12:09:39.856+0000] {dag.py:2585} INFO - Sync 1 DAGs
[2023-07-07T12:09:39.877+0000] {logging_mixin.py:120} INFO - [2023-07-07T12:09:39.877+0000] {dag.py:3340} INFO - Setting next_dagrun for example_branch_dop_operator_v3 to 2023-07-07T12:08:00+00:00, run_after=2023-07-07T12:09:00+00:00
[2023-07-07T12:09:39.893+0000] {processor.py:176} INFO - Processing /home/airflow/.local/lib/python3.7/site-packages/airflow/example_dags/example_branch_python_dop_operator_3.py took 0.080 seconds
[2023-07-07T12:10:09.957+0000] {processor.py:154} INFO - Started process (PID=1029) to work on /home/airflow/.local/lib/python3.7/site-packages/airflow/example_dags/example_branch_python_dop_operator_3.py
[2023-07-07T12:10:09.957+0000] {processor.py:756} INFO - Processing file /home/airflow/.local/lib/python3.7/site-packages/airflow/example_dags/example_branch_python_dop_operator_3.py for tasks to queue
[2023-07-07T12:10:09.958+0000] {logging_mixin.py:120} INFO - [2023-07-07T12:10:09.957+0000] {dagbag.py:537} INFO - Filling up the DagBag from /home/airflow/.local/lib/python3.7/site-packages/airflow/example_dags/example_branch_python_dop_operator_3.py
[2023-07-07T12:10:09.974+0000] {processor.py:766} INFO - DAG(s) dict_keys(['example_branch_dop_operator_v3']) retrieved from /home/airflow/.local/lib/python3.7/site-packages/airflow/example_dags/example_branch_python_dop_operator_3.py
[2023-07-07T12:10:10.003+0000] {logging_mixin.py:120} INFO - [2023-07-07T12:10:10.003+0000] {dag.py:2585} INFO - Sync 1 DAGs
[2023-07-07T12:10:10.025+0000] {logging_mixin.py:120} INFO - [2023-07-07T12:10:10.025+0000] {dag.py:3340} INFO - Setting next_dagrun for example_branch_dop_operator_v3 to 2023-07-07T12:09:00+00:00, run_after=2023-07-07T12:10:00+00:00
[2023-07-07T12:10:10.042+0000] {processor.py:176} INFO - Processing /home/airflow/.local/lib/python3.7/site-packages/airflow/example_dags/example_branch_python_dop_operator_3.py took 0.087 seconds
[2023-07-07T12:10:40.436+0000] {processor.py:154} INFO - Started process (PID=1096) to work on /home/airflow/.local/lib/python3.7/site-packages/airflow/example_dags/example_branch_python_dop_operator_3.py
[2023-07-07T12:10:40.437+0000] {processor.py:756} INFO - Processing file /home/airflow/.local/lib/python3.7/site-packages/airflow/example_dags/example_branch_python_dop_operator_3.py for tasks to queue
[2023-07-07T12:10:40.437+0000] {logging_mixin.py:120} INFO - [2023-07-07T12:10:40.437+0000] {dagbag.py:537} INFO - Filling up the DagBag from /home/airflow/.local/lib/python3.7/site-packages/airflow/example_dags/example_branch_python_dop_operator_3.py
[2023-07-07T12:10:40.453+0000] {processor.py:766} INFO - DAG(s) dict_keys(['example_branch_dop_operator_v3']) retrieved from /home/airflow/.local/lib/python3.7/site-packages/airflow/example_dags/example_branch_python_dop_operator_3.py
[2023-07-07T12:10:40.483+0000] {logging_mixin.py:120} INFO - [2023-07-07T12:10:40.482+0000] {dag.py:2585} INFO - Sync 1 DAGs
[2023-07-07T12:10:40.515+0000] {logging_mixin.py:120} INFO - [2023-07-07T12:10:40.515+0000] {dag.py:3340} INFO - Setting next_dagrun for example_branch_dop_operator_v3 to 2023-07-07T12:09:00+00:00, run_after=2023-07-07T12:10:00+00:00
[2023-07-07T12:10:40.530+0000] {processor.py:176} INFO - Processing /home/airflow/.local/lib/python3.7/site-packages/airflow/example_dags/example_branch_python_dop_operator_3.py took 0.097 seconds
[2023-07-07T12:11:10.647+0000] {processor.py:154} INFO - Started process (PID=1154) to work on /home/airflow/.local/lib/python3.7/site-packages/airflow/example_dags/example_branch_python_dop_operator_3.py
[2023-07-07T12:11:10.647+0000] {processor.py:756} INFO - Processing file /home/airflow/.local/lib/python3.7/site-packages/airflow/example_dags/example_branch_python_dop_operator_3.py for tasks to queue
[2023-07-07T12:11:10.648+0000] {logging_mixin.py:120} INFO - [2023-07-07T12:11:10.648+0000] {dagbag.py:537} INFO - Filling up the DagBag from /home/airflow/.local/lib/python3.7/site-packages/airflow/example_dags/example_branch_python_dop_operator_3.py
[2023-07-07T12:11:10.662+0000] {processor.py:766} INFO - DAG(s) dict_keys(['example_branch_dop_operator_v3']) retrieved from /home/airflow/.local/lib/python3.7/site-packages/airflow/example_dags/example_branch_python_dop_operator_3.py
[2023-07-07T12:11:10.687+0000] {logging_mixin.py:120} INFO - [2023-07-07T12:11:10.687+0000] {dag.py:2585} INFO - Sync 1 DAGs
[2023-07-07T12:11:10.705+0000] {logging_mixin.py:120} INFO - [2023-07-07T12:11:10.705+0000] {dag.py:3340} INFO - Setting next_dagrun for example_branch_dop_operator_v3 to 2023-07-07T12:10:00+00:00, run_after=2023-07-07T12:11:00+00:00
[2023-07-07T12:11:10.716+0000] {processor.py:176} INFO - Processing /home/airflow/.local/lib/python3.7/site-packages/airflow/example_dags/example_branch_python_dop_operator_3.py took 0.071 seconds
[2023-07-07T12:11:40.953+0000] {processor.py:154} INFO - Started process (PID=1220) to work on /home/airflow/.local/lib/python3.7/site-packages/airflow/example_dags/example_branch_python_dop_operator_3.py
[2023-07-07T12:11:40.954+0000] {processor.py:756} INFO - Processing file /home/airflow/.local/lib/python3.7/site-packages/airflow/example_dags/example_branch_python_dop_operator_3.py for tasks to queue
[2023-07-07T12:11:40.955+0000] {logging_mixin.py:120} INFO - [2023-07-07T12:11:40.954+0000] {dagbag.py:537} INFO - Filling up the DagBag from /home/airflow/.local/lib/python3.7/site-packages/airflow/example_dags/example_branch_python_dop_operator_3.py
[2023-07-07T12:11:40.968+0000] {processor.py:766} INFO - DAG(s) dict_keys(['example_branch_dop_operator_v3']) retrieved from /home/airflow/.local/lib/python3.7/site-packages/airflow/example_dags/example_branch_python_dop_operator_3.py
[2023-07-07T12:11:40.993+0000] {logging_mixin.py:120} INFO - [2023-07-07T12:11:40.993+0000] {dag.py:2585} INFO - Sync 1 DAGs
[2023-07-07T12:11:41.010+0000] {logging_mixin.py:120} INFO - [2023-07-07T12:11:41.010+0000] {dag.py:3340} INFO - Setting next_dagrun for example_branch_dop_operator_v3 to 2023-07-07T12:10:00+00:00, run_after=2023-07-07T12:11:00+00:00
[2023-07-07T12:11:41.022+0000] {processor.py:176} INFO - Processing /home/airflow/.local/lib/python3.7/site-packages/airflow/example_dags/example_branch_python_dop_operator_3.py took 0.071 seconds
[2023-07-07T12:12:11.271+0000] {processor.py:154} INFO - Started process (PID=1288) to work on /home/airflow/.local/lib/python3.7/site-packages/airflow/example_dags/example_branch_python_dop_operator_3.py
[2023-07-07T12:12:11.272+0000] {processor.py:756} INFO - Processing file /home/airflow/.local/lib/python3.7/site-packages/airflow/example_dags/example_branch_python_dop_operator_3.py for tasks to queue
[2023-07-07T12:12:11.272+0000] {logging_mixin.py:120} INFO - [2023-07-07T12:12:11.272+0000] {dagbag.py:537} INFO - Filling up the DagBag from /home/airflow/.local/lib/python3.7/site-packages/airflow/example_dags/example_branch_python_dop_operator_3.py
[2023-07-07T12:12:11.289+0000] {processor.py:766} INFO - DAG(s) dict_keys(['example_branch_dop_operator_v3']) retrieved from /home/airflow/.local/lib/python3.7/site-packages/airflow/example_dags/example_branch_python_dop_operator_3.py
[2023-07-07T12:12:11.317+0000] {logging_mixin.py:120} INFO - [2023-07-07T12:12:11.317+0000] {dag.py:2585} INFO - Sync 1 DAGs
[2023-07-07T12:12:11.339+0000] {logging_mixin.py:120} INFO - [2023-07-07T12:12:11.339+0000] {dag.py:3340} INFO - Setting next_dagrun for example_branch_dop_operator_v3 to 2023-07-07T12:11:00+00:00, run_after=2023-07-07T12:12:00+00:00
[2023-07-07T12:12:11.354+0000] {processor.py:176} INFO - Processing /home/airflow/.local/lib/python3.7/site-packages/airflow/example_dags/example_branch_python_dop_operator_3.py took 0.086 seconds
[2023-07-07T12:12:41.432+0000] {processor.py:154} INFO - Started process (PID=1355) to work on /home/airflow/.local/lib/python3.7/site-packages/airflow/example_dags/example_branch_python_dop_operator_3.py
[2023-07-07T12:12:41.432+0000] {processor.py:756} INFO - Processing file /home/airflow/.local/lib/python3.7/site-packages/airflow/example_dags/example_branch_python_dop_operator_3.py for tasks to queue
[2023-07-07T12:12:41.433+0000] {logging_mixin.py:120} INFO - [2023-07-07T12:12:41.432+0000] {dagbag.py:537} INFO - Filling up the DagBag from /home/airflow/.local/lib/python3.7/site-packages/airflow/example_dags/example_branch_python_dop_operator_3.py
[2023-07-07T12:12:41.446+0000] {processor.py:766} INFO - DAG(s) dict_keys(['example_branch_dop_operator_v3']) retrieved from /home/airflow/.local/lib/python3.7/site-packages/airflow/example_dags/example_branch_python_dop_operator_3.py
[2023-07-07T12:12:41.471+0000] {logging_mixin.py:120} INFO - [2023-07-07T12:12:41.471+0000] {dag.py:2585} INFO - Sync 1 DAGs
[2023-07-07T12:12:41.492+0000] {logging_mixin.py:120} INFO - [2023-07-07T12:12:41.492+0000] {dag.py:3340} INFO - Setting next_dagrun for example_branch_dop_operator_v3 to 2023-07-07T12:11:00+00:00, run_after=2023-07-07T12:12:00+00:00
[2023-07-07T12:12:41.505+0000] {processor.py:176} INFO - Processing /home/airflow/.local/lib/python3.7/site-packages/airflow/example_dags/example_branch_python_dop_operator_3.py took 0.075 seconds
[2023-07-07T12:13:11.701+0000] {processor.py:154} INFO - Started process (PID=1413) to work on /home/airflow/.local/lib/python3.7/site-packages/airflow/example_dags/example_branch_python_dop_operator_3.py
[2023-07-07T12:13:11.702+0000] {processor.py:756} INFO - Processing file /home/airflow/.local/lib/python3.7/site-packages/airflow/example_dags/example_branch_python_dop_operator_3.py for tasks to queue
[2023-07-07T12:13:11.702+0000] {logging_mixin.py:120} INFO - [2023-07-07T12:13:11.702+0000] {dagbag.py:537} INFO - Filling up the DagBag from /home/airflow/.local/lib/python3.7/site-packages/airflow/example_dags/example_branch_python_dop_operator_3.py
[2023-07-07T12:13:11.716+0000] {processor.py:766} INFO - DAG(s) dict_keys(['example_branch_dop_operator_v3']) retrieved from /home/airflow/.local/lib/python3.7/site-packages/airflow/example_dags/example_branch_python_dop_operator_3.py
[2023-07-07T12:13:11.742+0000] {logging_mixin.py:120} INFO - [2023-07-07T12:13:11.741+0000] {dag.py:2585} INFO - Sync 1 DAGs
[2023-07-07T12:13:11.760+0000] {logging_mixin.py:120} INFO - [2023-07-07T12:13:11.760+0000] {dag.py:3340} INFO - Setting next_dagrun for example_branch_dop_operator_v3 to 2023-07-07T12:12:00+00:00, run_after=2023-07-07T12:13:00+00:00
[2023-07-07T12:13:11.772+0000] {processor.py:176} INFO - Processing /home/airflow/.local/lib/python3.7/site-packages/airflow/example_dags/example_branch_python_dop_operator_3.py took 0.072 seconds
[2023-07-07T12:13:41.841+0000] {processor.py:154} INFO - Started process (PID=1481) to work on /home/airflow/.local/lib/python3.7/site-packages/airflow/example_dags/example_branch_python_dop_operator_3.py
[2023-07-07T12:13:41.842+0000] {processor.py:756} INFO - Processing file /home/airflow/.local/lib/python3.7/site-packages/airflow/example_dags/example_branch_python_dop_operator_3.py for tasks to queue
[2023-07-07T12:13:41.842+0000] {logging_mixin.py:120} INFO - [2023-07-07T12:13:41.842+0000] {dagbag.py:537} INFO - Filling up the DagBag from /home/airflow/.local/lib/python3.7/site-packages/airflow/example_dags/example_branch_python_dop_operator_3.py
[2023-07-07T12:13:41.858+0000] {processor.py:766} INFO - DAG(s) dict_keys(['example_branch_dop_operator_v3']) retrieved from /home/airflow/.local/lib/python3.7/site-packages/airflow/example_dags/example_branch_python_dop_operator_3.py
[2023-07-07T12:13:41.882+0000] {logging_mixin.py:120} INFO - [2023-07-07T12:13:41.882+0000] {dag.py:2585} INFO - Sync 1 DAGs
[2023-07-07T12:13:41.902+0000] {logging_mixin.py:120} INFO - [2023-07-07T12:13:41.902+0000] {dag.py:3340} INFO - Setting next_dagrun for example_branch_dop_operator_v3 to 2023-07-07T12:12:00+00:00, run_after=2023-07-07T12:13:00+00:00
[2023-07-07T12:13:41.914+0000] {processor.py:176} INFO - Processing /home/airflow/.local/lib/python3.7/site-packages/airflow/example_dags/example_branch_python_dop_operator_3.py took 0.075 seconds
[2023-07-07T12:14:12.128+0000] {processor.py:154} INFO - Started process (PID=1548) to work on /home/airflow/.local/lib/python3.7/site-packages/airflow/example_dags/example_branch_python_dop_operator_3.py
[2023-07-07T12:14:12.129+0000] {processor.py:756} INFO - Processing file /home/airflow/.local/lib/python3.7/site-packages/airflow/example_dags/example_branch_python_dop_operator_3.py for tasks to queue
[2023-07-07T12:14:12.129+0000] {logging_mixin.py:120} INFO - [2023-07-07T12:14:12.129+0000] {dagbag.py:537} INFO - Filling up the DagBag from /home/airflow/.local/lib/python3.7/site-packages/airflow/example_dags/example_branch_python_dop_operator_3.py
[2023-07-07T12:14:12.144+0000] {processor.py:766} INFO - DAG(s) dict_keys(['example_branch_dop_operator_v3']) retrieved from /home/airflow/.local/lib/python3.7/site-packages/airflow/example_dags/example_branch_python_dop_operator_3.py
[2023-07-07T12:14:12.170+0000] {logging_mixin.py:120} INFO - [2023-07-07T12:14:12.170+0000] {dag.py:2585} INFO - Sync 1 DAGs
[2023-07-07T12:14:12.191+0000] {logging_mixin.py:120} INFO - [2023-07-07T12:14:12.191+0000] {dag.py:3340} INFO - Setting next_dagrun for example_branch_dop_operator_v3 to 2023-07-07T12:13:00+00:00, run_after=2023-07-07T12:14:00+00:00
[2023-07-07T12:14:12.204+0000] {processor.py:176} INFO - Processing /home/airflow/.local/lib/python3.7/site-packages/airflow/example_dags/example_branch_python_dop_operator_3.py took 0.078 seconds
[2023-07-07T12:14:42.219+0000] {processor.py:154} INFO - Started process (PID=1615) to work on /home/airflow/.local/lib/python3.7/site-packages/airflow/example_dags/example_branch_python_dop_operator_3.py
[2023-07-07T12:14:42.220+0000] {processor.py:756} INFO - Processing file /home/airflow/.local/lib/python3.7/site-packages/airflow/example_dags/example_branch_python_dop_operator_3.py for tasks to queue
[2023-07-07T12:14:42.221+0000] {logging_mixin.py:120} INFO - [2023-07-07T12:14:42.220+0000] {dagbag.py:537} INFO - Filling up the DagBag from /home/airflow/.local/lib/python3.7/site-packages/airflow/example_dags/example_branch_python_dop_operator_3.py
[2023-07-07T12:14:42.236+0000] {processor.py:766} INFO - DAG(s) dict_keys(['example_branch_dop_operator_v3']) retrieved from /home/airflow/.local/lib/python3.7/site-packages/airflow/example_dags/example_branch_python_dop_operator_3.py
[2023-07-07T12:14:42.261+0000] {logging_mixin.py:120} INFO - [2023-07-07T12:14:42.261+0000] {dag.py:2585} INFO - Sync 1 DAGs
[2023-07-07T12:14:42.280+0000] {logging_mixin.py:120} INFO - [2023-07-07T12:14:42.280+0000] {dag.py:3340} INFO - Setting next_dagrun for example_branch_dop_operator_v3 to 2023-07-07T12:13:00+00:00, run_after=2023-07-07T12:14:00+00:00
[2023-07-07T12:14:42.293+0000] {processor.py:176} INFO - Processing /home/airflow/.local/lib/python3.7/site-packages/airflow/example_dags/example_branch_python_dop_operator_3.py took 0.077 seconds
[2023-07-07T12:15:12.384+0000] {processor.py:154} INFO - Started process (PID=1673) to work on /home/airflow/.local/lib/python3.7/site-packages/airflow/example_dags/example_branch_python_dop_operator_3.py
[2023-07-07T12:15:12.385+0000] {processor.py:756} INFO - Processing file /home/airflow/.local/lib/python3.7/site-packages/airflow/example_dags/example_branch_python_dop_operator_3.py for tasks to queue
[2023-07-07T12:15:12.385+0000] {logging_mixin.py:120} INFO - [2023-07-07T12:15:12.385+0000] {dagbag.py:537} INFO - Filling up the DagBag from /home/airflow/.local/lib/python3.7/site-packages/airflow/example_dags/example_branch_python_dop_operator_3.py
[2023-07-07T12:15:12.401+0000] {processor.py:766} INFO - DAG(s) dict_keys(['example_branch_dop_operator_v3']) retrieved from /home/airflow/.local/lib/python3.7/site-packages/airflow/example_dags/example_branch_python_dop_operator_3.py
[2023-07-07T12:15:12.429+0000] {logging_mixin.py:120} INFO - [2023-07-07T12:15:12.429+0000] {dag.py:2585} INFO - Sync 1 DAGs
[2023-07-07T12:15:12.451+0000] {logging_mixin.py:120} INFO - [2023-07-07T12:15:12.450+0000] {dag.py:3340} INFO - Setting next_dagrun for example_branch_dop_operator_v3 to 2023-07-07T12:14:00+00:00, run_after=2023-07-07T12:15:00+00:00
[2023-07-07T12:15:12.464+0000] {processor.py:176} INFO - Processing /home/airflow/.local/lib/python3.7/site-packages/airflow/example_dags/example_branch_python_dop_operator_3.py took 0.083 seconds
[2023-07-07T12:15:42.520+0000] {processor.py:154} INFO - Started process (PID=1740) to work on /home/airflow/.local/lib/python3.7/site-packages/airflow/example_dags/example_branch_python_dop_operator_3.py
[2023-07-07T12:15:42.521+0000] {processor.py:756} INFO - Processing file /home/airflow/.local/lib/python3.7/site-packages/airflow/example_dags/example_branch_python_dop_operator_3.py for tasks to queue
[2023-07-07T12:15:42.521+0000] {logging_mixin.py:120} INFO - [2023-07-07T12:15:42.521+0000] {dagbag.py:537} INFO - Filling up the DagBag from /home/airflow/.local/lib/python3.7/site-packages/airflow/example_dags/example_branch_python_dop_operator_3.py
[2023-07-07T12:15:42.534+0000] {processor.py:766} INFO - DAG(s) dict_keys(['example_branch_dop_operator_v3']) retrieved from /home/airflow/.local/lib/python3.7/site-packages/airflow/example_dags/example_branch_python_dop_operator_3.py
[2023-07-07T12:15:42.560+0000] {logging_mixin.py:120} INFO - [2023-07-07T12:15:42.560+0000] {dag.py:2585} INFO - Sync 1 DAGs
[2023-07-07T12:15:42.578+0000] {logging_mixin.py:120} INFO - [2023-07-07T12:15:42.578+0000] {dag.py:3340} INFO - Setting next_dagrun for example_branch_dop_operator_v3 to 2023-07-07T12:14:00+00:00, run_after=2023-07-07T12:15:00+00:00
[2023-07-07T12:15:42.590+0000] {processor.py:176} INFO - Processing /home/airflow/.local/lib/python3.7/site-packages/airflow/example_dags/example_branch_python_dop_operator_3.py took 0.071 seconds
[2023-07-07T12:16:12.930+0000] {processor.py:154} INFO - Started process (PID=1808) to work on /home/airflow/.local/lib/python3.7/site-packages/airflow/example_dags/example_branch_python_dop_operator_3.py
[2023-07-07T12:16:12.931+0000] {processor.py:756} INFO - Processing file /home/airflow/.local/lib/python3.7/site-packages/airflow/example_dags/example_branch_python_dop_operator_3.py for tasks to queue
[2023-07-07T12:16:12.931+0000] {logging_mixin.py:120} INFO - [2023-07-07T12:16:12.931+0000] {dagbag.py:537} INFO - Filling up the DagBag from /home/airflow/.local/lib/python3.7/site-packages/airflow/example_dags/example_branch_python_dop_operator_3.py
[2023-07-07T12:16:12.946+0000] {processor.py:766} INFO - DAG(s) dict_keys(['example_branch_dop_operator_v3']) retrieved from /home/airflow/.local/lib/python3.7/site-packages/airflow/example_dags/example_branch_python_dop_operator_3.py
[2023-07-07T12:16:12.970+0000] {logging_mixin.py:120} INFO - [2023-07-07T12:16:12.970+0000] {dag.py:2585} INFO - Sync 1 DAGs
[2023-07-07T12:16:12.990+0000] {logging_mixin.py:120} INFO - [2023-07-07T12:16:12.990+0000] {dag.py:3340} INFO - Setting next_dagrun for example_branch_dop_operator_v3 to 2023-07-07T12:15:00+00:00, run_after=2023-07-07T12:16:00+00:00
[2023-07-07T12:16:13.003+0000] {processor.py:176} INFO - Processing /home/airflow/.local/lib/python3.7/site-packages/airflow/example_dags/example_branch_python_dop_operator_3.py took 0.075 seconds
[2023-07-07T12:16:43.159+0000] {processor.py:154} INFO - Started process (PID=1876) to work on /home/airflow/.local/lib/python3.7/site-packages/airflow/example_dags/example_branch_python_dop_operator_3.py
[2023-07-07T12:16:43.160+0000] {processor.py:756} INFO - Processing file /home/airflow/.local/lib/python3.7/site-packages/airflow/example_dags/example_branch_python_dop_operator_3.py for tasks to queue
[2023-07-07T12:16:43.160+0000] {logging_mixin.py:120} INFO - [2023-07-07T12:16:43.160+0000] {dagbag.py:537} INFO - Filling up the DagBag from /home/airflow/.local/lib/python3.7/site-packages/airflow/example_dags/example_branch_python_dop_operator_3.py
[2023-07-07T12:16:43.178+0000] {processor.py:766} INFO - DAG(s) dict_keys(['example_branch_dop_operator_v3']) retrieved from /home/airflow/.local/lib/python3.7/site-packages/airflow/example_dags/example_branch_python_dop_operator_3.py
[2023-07-07T12:16:43.211+0000] {logging_mixin.py:120} INFO - [2023-07-07T12:16:43.211+0000] {dag.py:2585} INFO - Sync 1 DAGs
[2023-07-07T12:16:43.231+0000] {logging_mixin.py:120} INFO - [2023-07-07T12:16:43.230+0000] {dag.py:3340} INFO - Setting next_dagrun for example_branch_dop_operator_v3 to 2023-07-07T12:15:00+00:00, run_after=2023-07-07T12:16:00+00:00
[2023-07-07T12:16:43.243+0000] {processor.py:176} INFO - Processing /home/airflow/.local/lib/python3.7/site-packages/airflow/example_dags/example_branch_python_dop_operator_3.py took 0.085 seconds
[2023-07-07T12:17:13.573+0000] {processor.py:154} INFO - Started process (PID=1942) to work on /home/airflow/.local/lib/python3.7/site-packages/airflow/example_dags/example_branch_python_dop_operator_3.py
[2023-07-07T12:17:13.574+0000] {processor.py:756} INFO - Processing file /home/airflow/.local/lib/python3.7/site-packages/airflow/example_dags/example_branch_python_dop_operator_3.py for tasks to queue
[2023-07-07T12:17:13.574+0000] {logging_mixin.py:120} INFO - [2023-07-07T12:17:13.574+0000] {dagbag.py:537} INFO - Filling up the DagBag from /home/airflow/.local/lib/python3.7/site-packages/airflow/example_dags/example_branch_python_dop_operator_3.py
[2023-07-07T12:17:13.590+0000] {processor.py:766} INFO - DAG(s) dict_keys(['example_branch_dop_operator_v3']) retrieved from /home/airflow/.local/lib/python3.7/site-packages/airflow/example_dags/example_branch_python_dop_operator_3.py
[2023-07-07T12:17:13.618+0000] {logging_mixin.py:120} INFO - [2023-07-07T12:17:13.618+0000] {dag.py:2585} INFO - Sync 1 DAGs
[2023-07-07T12:17:13.639+0000] {logging_mixin.py:120} INFO - [2023-07-07T12:17:13.639+0000] {dag.py:3340} INFO - Setting next_dagrun for example_branch_dop_operator_v3 to 2023-07-07T12:16:00+00:00, run_after=2023-07-07T12:17:00+00:00
[2023-07-07T12:17:13.653+0000] {processor.py:176} INFO - Processing /home/airflow/.local/lib/python3.7/site-packages/airflow/example_dags/example_branch_python_dop_operator_3.py took 0.082 seconds
[2023-07-07T12:17:43.859+0000] {processor.py:154} INFO - Started process (PID=2000) to work on /home/airflow/.local/lib/python3.7/site-packages/airflow/example_dags/example_branch_python_dop_operator_3.py
[2023-07-07T12:17:43.859+0000] {processor.py:756} INFO - Processing file /home/airflow/.local/lib/python3.7/site-packages/airflow/example_dags/example_branch_python_dop_operator_3.py for tasks to queue
[2023-07-07T12:17:43.860+0000] {logging_mixin.py:120} INFO - [2023-07-07T12:17:43.860+0000] {dagbag.py:537} INFO - Filling up the DagBag from /home/airflow/.local/lib/python3.7/site-packages/airflow/example_dags/example_branch_python_dop_operator_3.py
[2023-07-07T12:17:43.873+0000] {processor.py:766} INFO - DAG(s) dict_keys(['example_branch_dop_operator_v3']) retrieved from /home/airflow/.local/lib/python3.7/site-packages/airflow/example_dags/example_branch_python_dop_operator_3.py
[2023-07-07T12:17:43.898+0000] {logging_mixin.py:120} INFO - [2023-07-07T12:17:43.898+0000] {dag.py:2585} INFO - Sync 1 DAGs
[2023-07-07T12:17:43.916+0000] {logging_mixin.py:120} INFO - [2023-07-07T12:17:43.916+0000] {dag.py:3340} INFO - Setting next_dagrun for example_branch_dop_operator_v3 to 2023-07-07T12:16:00+00:00, run_after=2023-07-07T12:17:00+00:00
[2023-07-07T12:17:43.927+0000] {processor.py:176} INFO - Processing /home/airflow/.local/lib/python3.7/site-packages/airflow/example_dags/example_branch_python_dop_operator_3.py took 0.070 seconds
[2023-07-07T12:18:14.081+0000] {processor.py:154} INFO - Started process (PID=2067) to work on /home/airflow/.local/lib/python3.7/site-packages/airflow/example_dags/example_branch_python_dop_operator_3.py
[2023-07-07T12:18:14.081+0000] {processor.py:756} INFO - Processing file /home/airflow/.local/lib/python3.7/site-packages/airflow/example_dags/example_branch_python_dop_operator_3.py for tasks to queue
[2023-07-07T12:18:14.082+0000] {logging_mixin.py:120} INFO - [2023-07-07T12:18:14.082+0000] {dagbag.py:537} INFO - Filling up the DagBag from /home/airflow/.local/lib/python3.7/site-packages/airflow/example_dags/example_branch_python_dop_operator_3.py
[2023-07-07T12:18:14.096+0000] {processor.py:766} INFO - DAG(s) dict_keys(['example_branch_dop_operator_v3']) retrieved from /home/airflow/.local/lib/python3.7/site-packages/airflow/example_dags/example_branch_python_dop_operator_3.py
[2023-07-07T12:18:14.121+0000] {logging_mixin.py:120} INFO - [2023-07-07T12:18:14.121+0000] {dag.py:2585} INFO - Sync 1 DAGs
[2023-07-07T12:18:14.141+0000] {logging_mixin.py:120} INFO - [2023-07-07T12:18:14.141+0000] {dag.py:3340} INFO - Setting next_dagrun for example_branch_dop_operator_v3 to 2023-07-07T12:17:00+00:00, run_after=2023-07-07T12:18:00+00:00
[2023-07-07T12:18:14.153+0000] {processor.py:176} INFO - Processing /home/airflow/.local/lib/python3.7/site-packages/airflow/example_dags/example_branch_python_dop_operator_3.py took 0.075 seconds
[2023-07-07T12:18:44.288+0000] {processor.py:154} INFO - Started process (PID=2135) to work on /home/airflow/.local/lib/python3.7/site-packages/airflow/example_dags/example_branch_python_dop_operator_3.py
[2023-07-07T12:18:44.289+0000] {processor.py:756} INFO - Processing file /home/airflow/.local/lib/python3.7/site-packages/airflow/example_dags/example_branch_python_dop_operator_3.py for tasks to queue
[2023-07-07T12:18:44.290+0000] {logging_mixin.py:120} INFO - [2023-07-07T12:18:44.290+0000] {dagbag.py:537} INFO - Filling up the DagBag from /home/airflow/.local/lib/python3.7/site-packages/airflow/example_dags/example_branch_python_dop_operator_3.py
[2023-07-07T12:18:44.304+0000] {processor.py:766} INFO - DAG(s) dict_keys(['example_branch_dop_operator_v3']) retrieved from /home/airflow/.local/lib/python3.7/site-packages/airflow/example_dags/example_branch_python_dop_operator_3.py
[2023-07-07T12:18:44.329+0000] {logging_mixin.py:120} INFO - [2023-07-07T12:18:44.328+0000] {dag.py:2585} INFO - Sync 1 DAGs
[2023-07-07T12:18:44.347+0000] {logging_mixin.py:120} INFO - [2023-07-07T12:18:44.347+0000] {dag.py:3340} INFO - Setting next_dagrun for example_branch_dop_operator_v3 to 2023-07-07T12:17:00+00:00, run_after=2023-07-07T12:18:00+00:00
[2023-07-07T12:18:44.358+0000] {processor.py:176} INFO - Processing /home/airflow/.local/lib/python3.7/site-packages/airflow/example_dags/example_branch_python_dop_operator_3.py took 0.072 seconds
[2023-07-07T12:19:14.587+0000] {processor.py:154} INFO - Started process (PID=2202) to work on /home/airflow/.local/lib/python3.7/site-packages/airflow/example_dags/example_branch_python_dop_operator_3.py
[2023-07-07T12:19:14.587+0000] {processor.py:756} INFO - Processing file /home/airflow/.local/lib/python3.7/site-packages/airflow/example_dags/example_branch_python_dop_operator_3.py for tasks to queue
[2023-07-07T12:19:14.588+0000] {logging_mixin.py:120} INFO - [2023-07-07T12:19:14.588+0000] {dagbag.py:537} INFO - Filling up the DagBag from /home/airflow/.local/lib/python3.7/site-packages/airflow/example_dags/example_branch_python_dop_operator_3.py
[2023-07-07T12:19:14.601+0000] {processor.py:766} INFO - DAG(s) dict_keys(['example_branch_dop_operator_v3']) retrieved from /home/airflow/.local/lib/python3.7/site-packages/airflow/example_dags/example_branch_python_dop_operator_3.py
[2023-07-07T12:19:14.623+0000] {logging_mixin.py:120} INFO - [2023-07-07T12:19:14.623+0000] {dag.py:2585} INFO - Sync 1 DAGs
[2023-07-07T12:19:14.640+0000] {logging_mixin.py:120} INFO - [2023-07-07T12:19:14.640+0000] {dag.py:3340} INFO - Setting next_dagrun for example_branch_dop_operator_v3 to 2023-07-07T12:18:00+00:00, run_after=2023-07-07T12:19:00+00:00
[2023-07-07T12:19:14.653+0000] {processor.py:176} INFO - Processing /home/airflow/.local/lib/python3.7/site-packages/airflow/example_dags/example_branch_python_dop_operator_3.py took 0.068 seconds
[2023-07-07T12:19:44.823+0000] {processor.py:154} INFO - Started process (PID=2260) to work on /home/airflow/.local/lib/python3.7/site-packages/airflow/example_dags/example_branch_python_dop_operator_3.py
[2023-07-07T12:19:44.824+0000] {processor.py:756} INFO - Processing file /home/airflow/.local/lib/python3.7/site-packages/airflow/example_dags/example_branch_python_dop_operator_3.py for tasks to queue
[2023-07-07T12:19:44.824+0000] {logging_mixin.py:120} INFO - [2023-07-07T12:19:44.824+0000] {dagbag.py:537} INFO - Filling up the DagBag from /home/airflow/.local/lib/python3.7/site-packages/airflow/example_dags/example_branch_python_dop_operator_3.py
[2023-07-07T12:19:44.839+0000] {processor.py:766} INFO - DAG(s) dict_keys(['example_branch_dop_operator_v3']) retrieved from /home/airflow/.local/lib/python3.7/site-packages/airflow/example_dags/example_branch_python_dop_operator_3.py
[2023-07-07T12:19:44.869+0000] {logging_mixin.py:120} INFO - [2023-07-07T12:19:44.869+0000] {dag.py:2585} INFO - Sync 1 DAGs
[2023-07-07T12:19:44.890+0000] {logging_mixin.py:120} INFO - [2023-07-07T12:19:44.890+0000] {dag.py:3340} INFO - Setting next_dagrun for example_branch_dop_operator_v3 to 2023-07-07T12:18:00+00:00, run_after=2023-07-07T12:19:00+00:00
[2023-07-07T12:19:44.903+0000] {processor.py:176} INFO - Processing /home/airflow/.local/lib/python3.7/site-packages/airflow/example_dags/example_branch_python_dop_operator_3.py took 0.082 seconds
[2023-07-07T12:20:15.096+0000] {processor.py:154} INFO - Started process (PID=2328) to work on /home/airflow/.local/lib/python3.7/site-packages/airflow/example_dags/example_branch_python_dop_operator_3.py
[2023-07-07T12:20:15.097+0000] {processor.py:756} INFO - Processing file /home/airflow/.local/lib/python3.7/site-packages/airflow/example_dags/example_branch_python_dop_operator_3.py for tasks to queue
[2023-07-07T12:20:15.097+0000] {logging_mixin.py:120} INFO - [2023-07-07T12:20:15.097+0000] {dagbag.py:537} INFO - Filling up the DagBag from /home/airflow/.local/lib/python3.7/site-packages/airflow/example_dags/example_branch_python_dop_operator_3.py
[2023-07-07T12:20:15.110+0000] {processor.py:766} INFO - DAG(s) dict_keys(['example_branch_dop_operator_v3']) retrieved from /home/airflow/.local/lib/python3.7/site-packages/airflow/example_dags/example_branch_python_dop_operator_3.py
[2023-07-07T12:20:15.132+0000] {logging_mixin.py:120} INFO - [2023-07-07T12:20:15.132+0000] {dag.py:2585} INFO - Sync 1 DAGs
[2023-07-07T12:20:15.150+0000] {logging_mixin.py:120} INFO - [2023-07-07T12:20:15.150+0000] {dag.py:3340} INFO - Setting next_dagrun for example_branch_dop_operator_v3 to 2023-07-07T12:19:00+00:00, run_after=2023-07-07T12:20:00+00:00
[2023-07-07T12:20:15.163+0000] {processor.py:176} INFO - Processing /home/airflow/.local/lib/python3.7/site-packages/airflow/example_dags/example_branch_python_dop_operator_3.py took 0.069 seconds
[2023-07-07T12:20:45.360+0000] {processor.py:154} INFO - Started process (PID=2395) to work on /home/airflow/.local/lib/python3.7/site-packages/airflow/example_dags/example_branch_python_dop_operator_3.py
[2023-07-07T12:20:45.361+0000] {processor.py:756} INFO - Processing file /home/airflow/.local/lib/python3.7/site-packages/airflow/example_dags/example_branch_python_dop_operator_3.py for tasks to queue
[2023-07-07T12:20:45.361+0000] {logging_mixin.py:120} INFO - [2023-07-07T12:20:45.361+0000] {dagbag.py:537} INFO - Filling up the DagBag from /home/airflow/.local/lib/python3.7/site-packages/airflow/example_dags/example_branch_python_dop_operator_3.py
[2023-07-07T12:20:45.377+0000] {processor.py:766} INFO - DAG(s) dict_keys(['example_branch_dop_operator_v3']) retrieved from /home/airflow/.local/lib/python3.7/site-packages/airflow/example_dags/example_branch_python_dop_operator_3.py
[2023-07-07T12:20:45.403+0000] {logging_mixin.py:120} INFO - [2023-07-07T12:20:45.403+0000] {dag.py:2585} INFO - Sync 1 DAGs
[2023-07-07T12:20:45.424+0000] {logging_mixin.py:120} INFO - [2023-07-07T12:20:45.424+0000] {dag.py:3340} INFO - Setting next_dagrun for example_branch_dop_operator_v3 to 2023-07-07T12:19:00+00:00, run_after=2023-07-07T12:20:00+00:00
[2023-07-07T12:20:45.437+0000] {processor.py:176} INFO - Processing /home/airflow/.local/lib/python3.7/site-packages/airflow/example_dags/example_branch_python_dop_operator_3.py took 0.078 seconds
[2023-07-07T12:21:15.549+0000] {processor.py:154} INFO - Started process (PID=2462) to work on /home/airflow/.local/lib/python3.7/site-packages/airflow/example_dags/example_branch_python_dop_operator_3.py
[2023-07-07T12:21:15.550+0000] {processor.py:756} INFO - Processing file /home/airflow/.local/lib/python3.7/site-packages/airflow/example_dags/example_branch_python_dop_operator_3.py for tasks to queue
[2023-07-07T12:21:15.551+0000] {logging_mixin.py:120} INFO - [2023-07-07T12:21:15.551+0000] {dagbag.py:537} INFO - Filling up the DagBag from /home/airflow/.local/lib/python3.7/site-packages/airflow/example_dags/example_branch_python_dop_operator_3.py
[2023-07-07T12:21:15.567+0000] {processor.py:766} INFO - DAG(s) dict_keys(['example_branch_dop_operator_v3']) retrieved from /home/airflow/.local/lib/python3.7/site-packages/airflow/example_dags/example_branch_python_dop_operator_3.py
[2023-07-07T12:21:15.592+0000] {logging_mixin.py:120} INFO - [2023-07-07T12:21:15.592+0000] {dag.py:2585} INFO - Sync 1 DAGs
[2023-07-07T12:21:15.612+0000] {logging_mixin.py:120} INFO - [2023-07-07T12:21:15.612+0000] {dag.py:3340} INFO - Setting next_dagrun for example_branch_dop_operator_v3 to 2023-07-07T12:20:00+00:00, run_after=2023-07-07T12:21:00+00:00
[2023-07-07T12:21:15.623+0000] {processor.py:176} INFO - Processing /home/airflow/.local/lib/python3.7/site-packages/airflow/example_dags/example_branch_python_dop_operator_3.py took 0.076 seconds
[2023-07-07T12:21:59.178+0000] {processor.py:154} INFO - Started process (PID=50) to work on /home/airflow/.local/lib/python3.7/site-packages/airflow/example_dags/example_branch_python_dop_operator_3.py
[2023-07-07T12:21:59.179+0000] {processor.py:756} INFO - Processing file /home/airflow/.local/lib/python3.7/site-packages/airflow/example_dags/example_branch_python_dop_operator_3.py for tasks to queue
[2023-07-07T12:21:59.179+0000] {logging_mixin.py:120} INFO - [2023-07-07T12:21:59.179+0000] {dagbag.py:537} INFO - Filling up the DagBag from /home/airflow/.local/lib/python3.7/site-packages/airflow/example_dags/example_branch_python_dop_operator_3.py
[2023-07-07T12:21:59.199+0000] {processor.py:766} INFO - DAG(s) dict_keys(['example_branch_dop_operator_v3']) retrieved from /home/airflow/.local/lib/python3.7/site-packages/airflow/example_dags/example_branch_python_dop_operator_3.py
[2023-07-07T12:21:59.224+0000] {logging_mixin.py:120} INFO - [2023-07-07T12:21:59.223+0000] {dag.py:2585} INFO - Sync 1 DAGs
[2023-07-07T12:21:59.270+0000] {logging_mixin.py:120} INFO - [2023-07-07T12:21:59.270+0000] {dag.py:3340} INFO - Setting next_dagrun for example_branch_dop_operator_v3 to 2023-07-07T12:20:00+00:00, run_after=2023-07-07T12:21:00+00:00
[2023-07-07T12:21:59.296+0000] {processor.py:176} INFO - Processing /home/airflow/.local/lib/python3.7/site-packages/airflow/example_dags/example_branch_python_dop_operator_3.py took 0.121 seconds
[2023-07-07T12:22:30.244+0000] {processor.py:154} INFO - Started process (PID=116) to work on /home/airflow/.local/lib/python3.7/site-packages/airflow/example_dags/example_branch_python_dop_operator_3.py
[2023-07-07T12:22:30.245+0000] {processor.py:756} INFO - Processing file /home/airflow/.local/lib/python3.7/site-packages/airflow/example_dags/example_branch_python_dop_operator_3.py for tasks to queue
[2023-07-07T12:22:30.246+0000] {logging_mixin.py:120} INFO - [2023-07-07T12:22:30.246+0000] {dagbag.py:537} INFO - Filling up the DagBag from /home/airflow/.local/lib/python3.7/site-packages/airflow/example_dags/example_branch_python_dop_operator_3.py
[2023-07-07T12:22:30.259+0000] {processor.py:766} INFO - DAG(s) dict_keys(['example_branch_dop_operator_v3']) retrieved from /home/airflow/.local/lib/python3.7/site-packages/airflow/example_dags/example_branch_python_dop_operator_3.py
[2023-07-07T12:22:30.281+0000] {logging_mixin.py:120} INFO - [2023-07-07T12:22:30.281+0000] {dag.py:2585} INFO - Sync 1 DAGs
[2023-07-07T12:22:30.299+0000] {logging_mixin.py:120} INFO - [2023-07-07T12:22:30.299+0000] {dag.py:3340} INFO - Setting next_dagrun for example_branch_dop_operator_v3 to 2023-07-07T12:21:00+00:00, run_after=2023-07-07T12:22:00+00:00
[2023-07-07T12:22:30.311+0000] {processor.py:176} INFO - Processing /home/airflow/.local/lib/python3.7/site-packages/airflow/example_dags/example_branch_python_dop_operator_3.py took 0.069 seconds
[2023-07-07T12:23:00.480+0000] {processor.py:154} INFO - Started process (PID=182) to work on /home/airflow/.local/lib/python3.7/site-packages/airflow/example_dags/example_branch_python_dop_operator_3.py
[2023-07-07T12:23:00.481+0000] {processor.py:756} INFO - Processing file /home/airflow/.local/lib/python3.7/site-packages/airflow/example_dags/example_branch_python_dop_operator_3.py for tasks to queue
[2023-07-07T12:23:00.481+0000] {logging_mixin.py:120} INFO - [2023-07-07T12:23:00.481+0000] {dagbag.py:537} INFO - Filling up the DagBag from /home/airflow/.local/lib/python3.7/site-packages/airflow/example_dags/example_branch_python_dop_operator_3.py
[2023-07-07T12:23:00.495+0000] {processor.py:766} INFO - DAG(s) dict_keys(['example_branch_dop_operator_v3']) retrieved from /home/airflow/.local/lib/python3.7/site-packages/airflow/example_dags/example_branch_python_dop_operator_3.py
[2023-07-07T12:23:00.519+0000] {logging_mixin.py:120} INFO - [2023-07-07T12:23:00.519+0000] {dag.py:2585} INFO - Sync 1 DAGs
[2023-07-07T12:23:00.535+0000] {logging_mixin.py:120} INFO - [2023-07-07T12:23:00.535+0000] {dag.py:3340} INFO - Setting next_dagrun for example_branch_dop_operator_v3 to 2023-07-07T12:22:00+00:00, run_after=2023-07-07T12:23:00+00:00
[2023-07-07T12:23:00.547+0000] {processor.py:176} INFO - Processing /home/airflow/.local/lib/python3.7/site-packages/airflow/example_dags/example_branch_python_dop_operator_3.py took 0.072 seconds
[2023-07-07T12:23:30.853+0000] {processor.py:154} INFO - Started process (PID=248) to work on /home/airflow/.local/lib/python3.7/site-packages/airflow/example_dags/example_branch_python_dop_operator_3.py
[2023-07-07T12:23:30.857+0000] {processor.py:756} INFO - Processing file /home/airflow/.local/lib/python3.7/site-packages/airflow/example_dags/example_branch_python_dop_operator_3.py for tasks to queue
[2023-07-07T12:23:30.858+0000] {logging_mixin.py:120} INFO - [2023-07-07T12:23:30.858+0000] {dagbag.py:537} INFO - Filling up the DagBag from /home/airflow/.local/lib/python3.7/site-packages/airflow/example_dags/example_branch_python_dop_operator_3.py
[2023-07-07T12:23:30.873+0000] {processor.py:766} INFO - DAG(s) dict_keys(['example_branch_dop_operator_v3']) retrieved from /home/airflow/.local/lib/python3.7/site-packages/airflow/example_dags/example_branch_python_dop_operator_3.py
[2023-07-07T12:23:30.898+0000] {logging_mixin.py:120} INFO - [2023-07-07T12:23:30.898+0000] {dag.py:2585} INFO - Sync 1 DAGs
[2023-07-07T12:23:30.917+0000] {logging_mixin.py:120} INFO - [2023-07-07T12:23:30.916+0000] {dag.py:3340} INFO - Setting next_dagrun for example_branch_dop_operator_v3 to 2023-07-07T12:22:00+00:00, run_after=2023-07-07T12:23:00+00:00
[2023-07-07T12:23:30.931+0000] {processor.py:176} INFO - Processing /home/airflow/.local/lib/python3.7/site-packages/airflow/example_dags/example_branch_python_dop_operator_3.py took 0.082 seconds
[2023-07-07T12:24:01.094+0000] {processor.py:154} INFO - Started process (PID=315) to work on /home/airflow/.local/lib/python3.7/site-packages/airflow/example_dags/example_branch_python_dop_operator_3.py
[2023-07-07T12:24:01.097+0000] {processor.py:756} INFO - Processing file /home/airflow/.local/lib/python3.7/site-packages/airflow/example_dags/example_branch_python_dop_operator_3.py for tasks to queue
[2023-07-07T12:24:01.098+0000] {logging_mixin.py:120} INFO - [2023-07-07T12:24:01.098+0000] {dagbag.py:537} INFO - Filling up the DagBag from /home/airflow/.local/lib/python3.7/site-packages/airflow/example_dags/example_branch_python_dop_operator_3.py
[2023-07-07T12:24:01.116+0000] {processor.py:766} INFO - DAG(s) dict_keys(['example_branch_dop_operator_v3']) retrieved from /home/airflow/.local/lib/python3.7/site-packages/airflow/example_dags/example_branch_python_dop_operator_3.py
[2023-07-07T12:24:01.147+0000] {logging_mixin.py:120} INFO - [2023-07-07T12:24:01.147+0000] {dag.py:2585} INFO - Sync 1 DAGs
[2023-07-07T12:24:01.171+0000] {logging_mixin.py:120} INFO - [2023-07-07T12:24:01.171+0000] {dag.py:3340} INFO - Setting next_dagrun for example_branch_dop_operator_v3 to 2023-07-07T12:23:00+00:00, run_after=2023-07-07T12:24:00+00:00
[2023-07-07T12:24:01.190+0000] {processor.py:176} INFO - Processing /home/airflow/.local/lib/python3.7/site-packages/airflow/example_dags/example_branch_python_dop_operator_3.py took 0.099 seconds
[2023-07-07T12:24:31.699+0000] {processor.py:154} INFO - Started process (PID=373) to work on /home/airflow/.local/lib/python3.7/site-packages/airflow/example_dags/example_branch_python_dop_operator_3.py
[2023-07-07T12:24:31.702+0000] {processor.py:756} INFO - Processing file /home/airflow/.local/lib/python3.7/site-packages/airflow/example_dags/example_branch_python_dop_operator_3.py for tasks to queue
[2023-07-07T12:24:31.703+0000] {logging_mixin.py:120} INFO - [2023-07-07T12:24:31.702+0000] {dagbag.py:537} INFO - Filling up the DagBag from /home/airflow/.local/lib/python3.7/site-packages/airflow/example_dags/example_branch_python_dop_operator_3.py
[2023-07-07T12:24:31.717+0000] {processor.py:766} INFO - DAG(s) dict_keys(['example_branch_dop_operator_v3']) retrieved from /home/airflow/.local/lib/python3.7/site-packages/airflow/example_dags/example_branch_python_dop_operator_3.py
[2023-07-07T12:24:31.741+0000] {logging_mixin.py:120} INFO - [2023-07-07T12:24:31.741+0000] {dag.py:2585} INFO - Sync 1 DAGs
[2023-07-07T12:24:31.760+0000] {logging_mixin.py:120} INFO - [2023-07-07T12:24:31.760+0000] {dag.py:3340} INFO - Setting next_dagrun for example_branch_dop_operator_v3 to 2023-07-07T12:23:00+00:00, run_after=2023-07-07T12:24:00+00:00
[2023-07-07T12:24:31.773+0000] {processor.py:176} INFO - Processing /home/airflow/.local/lib/python3.7/site-packages/airflow/example_dags/example_branch_python_dop_operator_3.py took 0.076 seconds
[2023-07-07T12:25:02.137+0000] {processor.py:154} INFO - Started process (PID=439) to work on /home/airflow/.local/lib/python3.7/site-packages/airflow/example_dags/example_branch_python_dop_operator_3.py
[2023-07-07T12:25:02.141+0000] {processor.py:756} INFO - Processing file /home/airflow/.local/lib/python3.7/site-packages/airflow/example_dags/example_branch_python_dop_operator_3.py for tasks to queue
[2023-07-07T12:25:02.141+0000] {logging_mixin.py:120} INFO - [2023-07-07T12:25:02.141+0000] {dagbag.py:537} INFO - Filling up the DagBag from /home/airflow/.local/lib/python3.7/site-packages/airflow/example_dags/example_branch_python_dop_operator_3.py
[2023-07-07T12:25:02.158+0000] {processor.py:766} INFO - DAG(s) dict_keys(['example_branch_dop_operator_v3']) retrieved from /home/airflow/.local/lib/python3.7/site-packages/airflow/example_dags/example_branch_python_dop_operator_3.py
[2023-07-07T12:25:02.182+0000] {logging_mixin.py:120} INFO - [2023-07-07T12:25:02.182+0000] {dag.py:2585} INFO - Sync 1 DAGs
[2023-07-07T12:25:02.199+0000] {logging_mixin.py:120} INFO - [2023-07-07T12:25:02.199+0000] {dag.py:3340} INFO - Setting next_dagrun for example_branch_dop_operator_v3 to 2023-07-07T12:24:00+00:00, run_after=2023-07-07T12:25:00+00:00
[2023-07-07T12:25:02.212+0000] {processor.py:176} INFO - Processing /home/airflow/.local/lib/python3.7/site-packages/airflow/example_dags/example_branch_python_dop_operator_3.py took 0.076 seconds
