[2023-07-07T12:00:26.430+0000] {processor.py:154} INFO - Started process (PID=72) to work on /home/airflow/.local/lib/python3.7/site-packages/airflow/example_dags/example_latest_only_with_trigger.py
[2023-07-07T12:00:26.431+0000] {processor.py:756} INFO - Processing file /home/airflow/.local/lib/python3.7/site-packages/airflow/example_dags/example_latest_only_with_trigger.py for tasks to queue
[2023-07-07T12:00:26.431+0000] {logging_mixin.py:120} INFO - [2023-07-07T12:00:26.431+0000] {dagbag.py:537} INFO - Filling up the DagBag from /home/airflow/.local/lib/python3.7/site-packages/airflow/example_dags/example_latest_only_with_trigger.py
[2023-07-07T12:00:26.445+0000] {processor.py:766} INFO - DAG(s) dict_keys(['latest_only_with_trigger']) retrieved from /home/airflow/.local/lib/python3.7/site-packages/airflow/example_dags/example_latest_only_with_trigger.py
[2023-07-07T12:00:26.481+0000] {logging_mixin.py:120} INFO - [2023-07-07T12:00:26.481+0000] {dag.py:2585} INFO - Sync 1 DAGs
[2023-07-07T12:00:26.505+0000] {logging_mixin.py:120} INFO - [2023-07-07T12:00:26.505+0000] {dag.py:3340} INFO - Setting next_dagrun for latest_only_with_trigger to 2023-07-07T08:00:26.505438+00:00, run_after=2023-07-07T12:00:26.505438+00:00
[2023-07-07T12:00:26.524+0000] {processor.py:176} INFO - Processing /home/airflow/.local/lib/python3.7/site-packages/airflow/example_dags/example_latest_only_with_trigger.py took 0.096 seconds
[2023-07-07T12:00:56.674+0000] {processor.py:154} INFO - Started process (PID=138) to work on /home/airflow/.local/lib/python3.7/site-packages/airflow/example_dags/example_latest_only_with_trigger.py
[2023-07-07T12:00:56.675+0000] {processor.py:756} INFO - Processing file /home/airflow/.local/lib/python3.7/site-packages/airflow/example_dags/example_latest_only_with_trigger.py for tasks to queue
[2023-07-07T12:00:56.675+0000] {logging_mixin.py:120} INFO - [2023-07-07T12:00:56.675+0000] {dagbag.py:537} INFO - Filling up the DagBag from /home/airflow/.local/lib/python3.7/site-packages/airflow/example_dags/example_latest_only_with_trigger.py
[2023-07-07T12:00:56.684+0000] {processor.py:766} INFO - DAG(s) dict_keys(['latest_only_with_trigger']) retrieved from /home/airflow/.local/lib/python3.7/site-packages/airflow/example_dags/example_latest_only_with_trigger.py
[2023-07-07T12:00:56.706+0000] {logging_mixin.py:120} INFO - [2023-07-07T12:00:56.706+0000] {dag.py:2585} INFO - Sync 1 DAGs
[2023-07-07T12:00:56.720+0000] {logging_mixin.py:120} INFO - [2023-07-07T12:00:56.720+0000] {dag.py:3340} INFO - Setting next_dagrun for latest_only_with_trigger to 2023-07-07T08:00:56.720600+00:00, run_after=2023-07-07T12:00:56.720600+00:00
[2023-07-07T12:00:56.731+0000] {processor.py:176} INFO - Processing /home/airflow/.local/lib/python3.7/site-packages/airflow/example_dags/example_latest_only_with_trigger.py took 0.059 seconds
[2023-07-07T12:01:28.214+0000] {processor.py:154} INFO - Started process (PID=207) to work on /home/airflow/.local/lib/python3.7/site-packages/airflow/example_dags/example_latest_only_with_trigger.py
[2023-07-07T12:01:28.214+0000] {processor.py:756} INFO - Processing file /home/airflow/.local/lib/python3.7/site-packages/airflow/example_dags/example_latest_only_with_trigger.py for tasks to queue
[2023-07-07T12:01:28.215+0000] {logging_mixin.py:120} INFO - [2023-07-07T12:01:28.215+0000] {dagbag.py:537} INFO - Filling up the DagBag from /home/airflow/.local/lib/python3.7/site-packages/airflow/example_dags/example_latest_only_with_trigger.py
[2023-07-07T12:01:28.224+0000] {processor.py:766} INFO - DAG(s) dict_keys(['latest_only_with_trigger']) retrieved from /home/airflow/.local/lib/python3.7/site-packages/airflow/example_dags/example_latest_only_with_trigger.py
[2023-07-07T12:01:28.249+0000] {logging_mixin.py:120} INFO - [2023-07-07T12:01:28.249+0000] {dag.py:2585} INFO - Sync 1 DAGs
[2023-07-07T12:01:28.265+0000] {logging_mixin.py:120} INFO - [2023-07-07T12:01:28.264+0000] {dag.py:3340} INFO - Setting next_dagrun for latest_only_with_trigger to 2023-07-07T08:01:28.264849+00:00, run_after=2023-07-07T12:01:28.264849+00:00
[2023-07-07T12:01:28.276+0000] {processor.py:176} INFO - Processing /home/airflow/.local/lib/python3.7/site-packages/airflow/example_dags/example_latest_only_with_trigger.py took 0.064 seconds
[2023-07-07T12:01:59.719+0000] {processor.py:154} INFO - Started process (PID=274) to work on /home/airflow/.local/lib/python3.7/site-packages/airflow/example_dags/example_latest_only_with_trigger.py
[2023-07-07T12:01:59.720+0000] {processor.py:756} INFO - Processing file /home/airflow/.local/lib/python3.7/site-packages/airflow/example_dags/example_latest_only_with_trigger.py for tasks to queue
[2023-07-07T12:01:59.720+0000] {logging_mixin.py:120} INFO - [2023-07-07T12:01:59.720+0000] {dagbag.py:537} INFO - Filling up the DagBag from /home/airflow/.local/lib/python3.7/site-packages/airflow/example_dags/example_latest_only_with_trigger.py
[2023-07-07T12:01:59.728+0000] {processor.py:766} INFO - DAG(s) dict_keys(['latest_only_with_trigger']) retrieved from /home/airflow/.local/lib/python3.7/site-packages/airflow/example_dags/example_latest_only_with_trigger.py
[2023-07-07T12:01:59.751+0000] {logging_mixin.py:120} INFO - [2023-07-07T12:01:59.751+0000] {dag.py:2585} INFO - Sync 1 DAGs
[2023-07-07T12:01:59.767+0000] {logging_mixin.py:120} INFO - [2023-07-07T12:01:59.767+0000] {dag.py:3340} INFO - Setting next_dagrun for latest_only_with_trigger to 2023-07-07T08:01:59.767418+00:00, run_after=2023-07-07T12:01:59.767418+00:00
[2023-07-07T12:01:59.780+0000] {processor.py:176} INFO - Processing /home/airflow/.local/lib/python3.7/site-packages/airflow/example_dags/example_latest_only_with_trigger.py took 0.063 seconds
[2023-07-07T12:02:37.870+0000] {processor.py:154} INFO - Started process (PID=73) to work on /home/airflow/.local/lib/python3.7/site-packages/airflow/example_dags/example_latest_only_with_trigger.py
[2023-07-07T12:02:37.871+0000] {processor.py:756} INFO - Processing file /home/airflow/.local/lib/python3.7/site-packages/airflow/example_dags/example_latest_only_with_trigger.py for tasks to queue
[2023-07-07T12:02:37.872+0000] {logging_mixin.py:120} INFO - [2023-07-07T12:02:37.872+0000] {dagbag.py:537} INFO - Filling up the DagBag from /home/airflow/.local/lib/python3.7/site-packages/airflow/example_dags/example_latest_only_with_trigger.py
[2023-07-07T12:02:37.891+0000] {processor.py:766} INFO - DAG(s) dict_keys(['latest_only_with_trigger']) retrieved from /home/airflow/.local/lib/python3.7/site-packages/airflow/example_dags/example_latest_only_with_trigger.py
[2023-07-07T12:02:37.944+0000] {logging_mixin.py:120} INFO - [2023-07-07T12:02:37.944+0000] {dag.py:2585} INFO - Sync 1 DAGs
[2023-07-07T12:02:37.993+0000] {logging_mixin.py:120} INFO - [2023-07-07T12:02:37.993+0000] {dag.py:3340} INFO - Setting next_dagrun for latest_only_with_trigger to 2023-07-07T08:02:37.992789+00:00, run_after=2023-07-07T12:02:37.992789+00:00
[2023-07-07T12:02:38.016+0000] {processor.py:176} INFO - Processing /home/airflow/.local/lib/python3.7/site-packages/airflow/example_dags/example_latest_only_with_trigger.py took 0.149 seconds
[2023-07-07T12:03:08.157+0000] {processor.py:154} INFO - Started process (PID=140) to work on /home/airflow/.local/lib/python3.7/site-packages/airflow/example_dags/example_latest_only_with_trigger.py
[2023-07-07T12:03:08.158+0000] {processor.py:756} INFO - Processing file /home/airflow/.local/lib/python3.7/site-packages/airflow/example_dags/example_latest_only_with_trigger.py for tasks to queue
[2023-07-07T12:03:08.158+0000] {logging_mixin.py:120} INFO - [2023-07-07T12:03:08.158+0000] {dagbag.py:537} INFO - Filling up the DagBag from /home/airflow/.local/lib/python3.7/site-packages/airflow/example_dags/example_latest_only_with_trigger.py
[2023-07-07T12:03:08.167+0000] {processor.py:766} INFO - DAG(s) dict_keys(['latest_only_with_trigger']) retrieved from /home/airflow/.local/lib/python3.7/site-packages/airflow/example_dags/example_latest_only_with_trigger.py
[2023-07-07T12:03:08.192+0000] {logging_mixin.py:120} INFO - [2023-07-07T12:03:08.192+0000] {dag.py:2585} INFO - Sync 1 DAGs
[2023-07-07T12:03:08.207+0000] {logging_mixin.py:120} INFO - [2023-07-07T12:03:08.207+0000] {dag.py:3340} INFO - Setting next_dagrun for latest_only_with_trigger to 2023-07-07T08:03:08.207613+00:00, run_after=2023-07-07T12:03:08.207613+00:00
[2023-07-07T12:03:08.219+0000] {processor.py:176} INFO - Processing /home/airflow/.local/lib/python3.7/site-packages/airflow/example_dags/example_latest_only_with_trigger.py took 0.064 seconds
[2023-07-07T12:03:38.476+0000] {processor.py:154} INFO - Started process (PID=208) to work on /home/airflow/.local/lib/python3.7/site-packages/airflow/example_dags/example_latest_only_with_trigger.py
[2023-07-07T12:03:38.477+0000] {processor.py:756} INFO - Processing file /home/airflow/.local/lib/python3.7/site-packages/airflow/example_dags/example_latest_only_with_trigger.py for tasks to queue
[2023-07-07T12:03:38.478+0000] {logging_mixin.py:120} INFO - [2023-07-07T12:03:38.478+0000] {dagbag.py:537} INFO - Filling up the DagBag from /home/airflow/.local/lib/python3.7/site-packages/airflow/example_dags/example_latest_only_with_trigger.py
[2023-07-07T12:03:38.486+0000] {processor.py:766} INFO - DAG(s) dict_keys(['latest_only_with_trigger']) retrieved from /home/airflow/.local/lib/python3.7/site-packages/airflow/example_dags/example_latest_only_with_trigger.py
[2023-07-07T12:03:38.507+0000] {logging_mixin.py:120} INFO - [2023-07-07T12:03:38.507+0000] {dag.py:2585} INFO - Sync 1 DAGs
[2023-07-07T12:03:38.523+0000] {logging_mixin.py:120} INFO - [2023-07-07T12:03:38.522+0000] {dag.py:3340} INFO - Setting next_dagrun for latest_only_with_trigger to 2023-07-07T08:03:38.522834+00:00, run_after=2023-07-07T12:03:38.522834+00:00
[2023-07-07T12:03:38.535+0000] {processor.py:176} INFO - Processing /home/airflow/.local/lib/python3.7/site-packages/airflow/example_dags/example_latest_only_with_trigger.py took 0.060 seconds
[2023-07-07T12:04:08.712+0000] {processor.py:154} INFO - Started process (PID=276) to work on /home/airflow/.local/lib/python3.7/site-packages/airflow/example_dags/example_latest_only_with_trigger.py
[2023-07-07T12:04:08.713+0000] {processor.py:756} INFO - Processing file /home/airflow/.local/lib/python3.7/site-packages/airflow/example_dags/example_latest_only_with_trigger.py for tasks to queue
[2023-07-07T12:04:08.714+0000] {logging_mixin.py:120} INFO - [2023-07-07T12:04:08.713+0000] {dagbag.py:537} INFO - Filling up the DagBag from /home/airflow/.local/lib/python3.7/site-packages/airflow/example_dags/example_latest_only_with_trigger.py
[2023-07-07T12:04:08.723+0000] {processor.py:766} INFO - DAG(s) dict_keys(['latest_only_with_trigger']) retrieved from /home/airflow/.local/lib/python3.7/site-packages/airflow/example_dags/example_latest_only_with_trigger.py
[2023-07-07T12:04:08.747+0000] {logging_mixin.py:120} INFO - [2023-07-07T12:04:08.747+0000] {dag.py:2585} INFO - Sync 1 DAGs
[2023-07-07T12:04:08.763+0000] {logging_mixin.py:120} INFO - [2023-07-07T12:04:08.762+0000] {dag.py:3340} INFO - Setting next_dagrun for latest_only_with_trigger to 2023-07-07T08:04:08.762819+00:00, run_after=2023-07-07T12:04:08.762819+00:00
[2023-07-07T12:04:08.776+0000] {processor.py:176} INFO - Processing /home/airflow/.local/lib/python3.7/site-packages/airflow/example_dags/example_latest_only_with_trigger.py took 0.065 seconds
[2023-07-07T12:04:38.943+0000] {processor.py:154} INFO - Started process (PID=334) to work on /home/airflow/.local/lib/python3.7/site-packages/airflow/example_dags/example_latest_only_with_trigger.py
[2023-07-07T12:04:38.944+0000] {processor.py:756} INFO - Processing file /home/airflow/.local/lib/python3.7/site-packages/airflow/example_dags/example_latest_only_with_trigger.py for tasks to queue
[2023-07-07T12:04:38.944+0000] {logging_mixin.py:120} INFO - [2023-07-07T12:04:38.944+0000] {dagbag.py:537} INFO - Filling up the DagBag from /home/airflow/.local/lib/python3.7/site-packages/airflow/example_dags/example_latest_only_with_trigger.py
[2023-07-07T12:04:38.952+0000] {processor.py:766} INFO - DAG(s) dict_keys(['latest_only_with_trigger']) retrieved from /home/airflow/.local/lib/python3.7/site-packages/airflow/example_dags/example_latest_only_with_trigger.py
[2023-07-07T12:04:38.975+0000] {logging_mixin.py:120} INFO - [2023-07-07T12:04:38.975+0000] {dag.py:2585} INFO - Sync 1 DAGs
[2023-07-07T12:04:38.991+0000] {logging_mixin.py:120} INFO - [2023-07-07T12:04:38.991+0000] {dag.py:3340} INFO - Setting next_dagrun for latest_only_with_trigger to 2023-07-07T08:04:38.991553+00:00, run_after=2023-07-07T12:04:38.991553+00:00
[2023-07-07T12:04:39.003+0000] {processor.py:176} INFO - Processing /home/airflow/.local/lib/python3.7/site-packages/airflow/example_dags/example_latest_only_with_trigger.py took 0.061 seconds
[2023-07-07T12:05:10.036+0000] {processor.py:154} INFO - Started process (PID=401) to work on /home/airflow/.local/lib/python3.7/site-packages/airflow/example_dags/example_latest_only_with_trigger.py
[2023-07-07T12:05:10.037+0000] {processor.py:756} INFO - Processing file /home/airflow/.local/lib/python3.7/site-packages/airflow/example_dags/example_latest_only_with_trigger.py for tasks to queue
[2023-07-07T12:05:10.037+0000] {logging_mixin.py:120} INFO - [2023-07-07T12:05:10.037+0000] {dagbag.py:537} INFO - Filling up the DagBag from /home/airflow/.local/lib/python3.7/site-packages/airflow/example_dags/example_latest_only_with_trigger.py
[2023-07-07T12:05:10.046+0000] {processor.py:766} INFO - DAG(s) dict_keys(['latest_only_with_trigger']) retrieved from /home/airflow/.local/lib/python3.7/site-packages/airflow/example_dags/example_latest_only_with_trigger.py
[2023-07-07T12:05:10.071+0000] {logging_mixin.py:120} INFO - [2023-07-07T12:05:10.071+0000] {dag.py:2585} INFO - Sync 1 DAGs
[2023-07-07T12:05:10.087+0000] {logging_mixin.py:120} INFO - [2023-07-07T12:05:10.087+0000] {dag.py:3340} INFO - Setting next_dagrun for latest_only_with_trigger to 2023-07-07T08:05:10.087444+00:00, run_after=2023-07-07T12:05:10.087444+00:00
[2023-07-07T12:05:10.103+0000] {processor.py:176} INFO - Processing /home/airflow/.local/lib/python3.7/site-packages/airflow/example_dags/example_latest_only_with_trigger.py took 0.069 seconds
[2023-07-07T12:05:40.325+0000] {processor.py:154} INFO - Started process (PID=469) to work on /home/airflow/.local/lib/python3.7/site-packages/airflow/example_dags/example_latest_only_with_trigger.py
[2023-07-07T12:05:40.326+0000] {processor.py:756} INFO - Processing file /home/airflow/.local/lib/python3.7/site-packages/airflow/example_dags/example_latest_only_with_trigger.py for tasks to queue
[2023-07-07T12:05:40.326+0000] {logging_mixin.py:120} INFO - [2023-07-07T12:05:40.326+0000] {dagbag.py:537} INFO - Filling up the DagBag from /home/airflow/.local/lib/python3.7/site-packages/airflow/example_dags/example_latest_only_with_trigger.py
[2023-07-07T12:05:40.335+0000] {processor.py:766} INFO - DAG(s) dict_keys(['latest_only_with_trigger']) retrieved from /home/airflow/.local/lib/python3.7/site-packages/airflow/example_dags/example_latest_only_with_trigger.py
[2023-07-07T12:05:40.359+0000] {logging_mixin.py:120} INFO - [2023-07-07T12:05:40.359+0000] {dag.py:2585} INFO - Sync 1 DAGs
[2023-07-07T12:05:40.377+0000] {logging_mixin.py:120} INFO - [2023-07-07T12:05:40.377+0000] {dag.py:3340} INFO - Setting next_dagrun for latest_only_with_trigger to 2023-07-07T08:05:40.377468+00:00, run_after=2023-07-07T12:05:40.377468+00:00
[2023-07-07T12:05:40.389+0000] {processor.py:176} INFO - Processing /home/airflow/.local/lib/python3.7/site-packages/airflow/example_dags/example_latest_only_with_trigger.py took 0.066 seconds
[2023-07-07T12:06:10.611+0000] {processor.py:154} INFO - Started process (PID=535) to work on /home/airflow/.local/lib/python3.7/site-packages/airflow/example_dags/example_latest_only_with_trigger.py
[2023-07-07T12:06:10.611+0000] {processor.py:756} INFO - Processing file /home/airflow/.local/lib/python3.7/site-packages/airflow/example_dags/example_latest_only_with_trigger.py for tasks to queue
[2023-07-07T12:06:10.612+0000] {logging_mixin.py:120} INFO - [2023-07-07T12:06:10.612+0000] {dagbag.py:537} INFO - Filling up the DagBag from /home/airflow/.local/lib/python3.7/site-packages/airflow/example_dags/example_latest_only_with_trigger.py
[2023-07-07T12:06:10.620+0000] {processor.py:766} INFO - DAG(s) dict_keys(['latest_only_with_trigger']) retrieved from /home/airflow/.local/lib/python3.7/site-packages/airflow/example_dags/example_latest_only_with_trigger.py
[2023-07-07T12:06:10.648+0000] {logging_mixin.py:120} INFO - [2023-07-07T12:06:10.647+0000] {dag.py:2585} INFO - Sync 1 DAGs
[2023-07-07T12:06:10.664+0000] {logging_mixin.py:120} INFO - [2023-07-07T12:06:10.664+0000] {dag.py:3340} INFO - Setting next_dagrun for latest_only_with_trigger to 2023-07-07T08:06:10.663893+00:00, run_after=2023-07-07T12:06:10.663893+00:00
[2023-07-07T12:06:10.677+0000] {processor.py:176} INFO - Processing /home/airflow/.local/lib/python3.7/site-packages/airflow/example_dags/example_latest_only_with_trigger.py took 0.068 seconds
[2023-07-07T12:06:41.739+0000] {processor.py:154} INFO - Started process (PID=602) to work on /home/airflow/.local/lib/python3.7/site-packages/airflow/example_dags/example_latest_only_with_trigger.py
[2023-07-07T12:06:41.740+0000] {processor.py:756} INFO - Processing file /home/airflow/.local/lib/python3.7/site-packages/airflow/example_dags/example_latest_only_with_trigger.py for tasks to queue
[2023-07-07T12:06:41.740+0000] {logging_mixin.py:120} INFO - [2023-07-07T12:06:41.740+0000] {dagbag.py:537} INFO - Filling up the DagBag from /home/airflow/.local/lib/python3.7/site-packages/airflow/example_dags/example_latest_only_with_trigger.py
[2023-07-07T12:06:41.748+0000] {processor.py:766} INFO - DAG(s) dict_keys(['latest_only_with_trigger']) retrieved from /home/airflow/.local/lib/python3.7/site-packages/airflow/example_dags/example_latest_only_with_trigger.py
[2023-07-07T12:06:41.771+0000] {logging_mixin.py:120} INFO - [2023-07-07T12:06:41.771+0000] {dag.py:2585} INFO - Sync 1 DAGs
[2023-07-07T12:06:41.791+0000] {logging_mixin.py:120} INFO - [2023-07-07T12:06:41.791+0000] {dag.py:3340} INFO - Setting next_dagrun for latest_only_with_trigger to 2023-07-07T08:06:41.791523+00:00, run_after=2023-07-07T12:06:41.791523+00:00
[2023-07-07T12:06:41.805+0000] {processor.py:176} INFO - Processing /home/airflow/.local/lib/python3.7/site-packages/airflow/example_dags/example_latest_only_with_trigger.py took 0.068 seconds
[2023-07-07T12:07:12.907+0000] {processor.py:154} INFO - Started process (PID=667) to work on /home/airflow/.local/lib/python3.7/site-packages/airflow/example_dags/example_latest_only_with_trigger.py
[2023-07-07T12:07:12.908+0000] {processor.py:756} INFO - Processing file /home/airflow/.local/lib/python3.7/site-packages/airflow/example_dags/example_latest_only_with_trigger.py for tasks to queue
[2023-07-07T12:07:12.909+0000] {logging_mixin.py:120} INFO - [2023-07-07T12:07:12.909+0000] {dagbag.py:537} INFO - Filling up the DagBag from /home/airflow/.local/lib/python3.7/site-packages/airflow/example_dags/example_latest_only_with_trigger.py
[2023-07-07T12:07:12.920+0000] {processor.py:766} INFO - DAG(s) dict_keys(['latest_only_with_trigger']) retrieved from /home/airflow/.local/lib/python3.7/site-packages/airflow/example_dags/example_latest_only_with_trigger.py
[2023-07-07T12:07:12.946+0000] {logging_mixin.py:120} INFO - [2023-07-07T12:07:12.946+0000] {dag.py:2585} INFO - Sync 1 DAGs
[2023-07-07T12:07:12.966+0000] {logging_mixin.py:120} INFO - [2023-07-07T12:07:12.966+0000] {dag.py:3340} INFO - Setting next_dagrun for latest_only_with_trigger to 2023-07-07T08:07:12.966156+00:00, run_after=2023-07-07T12:07:12.966156+00:00
[2023-07-07T12:07:12.980+0000] {processor.py:176} INFO - Processing /home/airflow/.local/lib/python3.7/site-packages/airflow/example_dags/example_latest_only_with_trigger.py took 0.075 seconds
[2023-07-07T12:07:43.166+0000] {processor.py:154} INFO - Started process (PID=727) to work on /home/airflow/.local/lib/python3.7/site-packages/airflow/example_dags/example_latest_only_with_trigger.py
[2023-07-07T12:07:43.166+0000] {processor.py:756} INFO - Processing file /home/airflow/.local/lib/python3.7/site-packages/airflow/example_dags/example_latest_only_with_trigger.py for tasks to queue
[2023-07-07T12:07:43.167+0000] {logging_mixin.py:120} INFO - [2023-07-07T12:07:43.167+0000] {dagbag.py:537} INFO - Filling up the DagBag from /home/airflow/.local/lib/python3.7/site-packages/airflow/example_dags/example_latest_only_with_trigger.py
[2023-07-07T12:07:43.176+0000] {processor.py:766} INFO - DAG(s) dict_keys(['latest_only_with_trigger']) retrieved from /home/airflow/.local/lib/python3.7/site-packages/airflow/example_dags/example_latest_only_with_trigger.py
[2023-07-07T12:07:43.200+0000] {logging_mixin.py:120} INFO - [2023-07-07T12:07:43.200+0000] {dag.py:2585} INFO - Sync 1 DAGs
[2023-07-07T12:07:43.216+0000] {logging_mixin.py:120} INFO - [2023-07-07T12:07:43.216+0000] {dag.py:3340} INFO - Setting next_dagrun for latest_only_with_trigger to 2023-07-07T08:07:43.215886+00:00, run_after=2023-07-07T12:07:43.215886+00:00
[2023-07-07T12:07:43.228+0000] {processor.py:176} INFO - Processing /home/airflow/.local/lib/python3.7/site-packages/airflow/example_dags/example_latest_only_with_trigger.py took 0.064 seconds
[2023-07-07T12:08:13.507+0000] {processor.py:154} INFO - Started process (PID=794) to work on /home/airflow/.local/lib/python3.7/site-packages/airflow/example_dags/example_latest_only_with_trigger.py
[2023-07-07T12:08:13.507+0000] {processor.py:756} INFO - Processing file /home/airflow/.local/lib/python3.7/site-packages/airflow/example_dags/example_latest_only_with_trigger.py for tasks to queue
[2023-07-07T12:08:13.508+0000] {logging_mixin.py:120} INFO - [2023-07-07T12:08:13.508+0000] {dagbag.py:537} INFO - Filling up the DagBag from /home/airflow/.local/lib/python3.7/site-packages/airflow/example_dags/example_latest_only_with_trigger.py
[2023-07-07T12:08:13.516+0000] {processor.py:766} INFO - DAG(s) dict_keys(['latest_only_with_trigger']) retrieved from /home/airflow/.local/lib/python3.7/site-packages/airflow/example_dags/example_latest_only_with_trigger.py
[2023-07-07T12:08:13.539+0000] {logging_mixin.py:120} INFO - [2023-07-07T12:08:13.538+0000] {dag.py:2585} INFO - Sync 1 DAGs
[2023-07-07T12:08:13.554+0000] {logging_mixin.py:120} INFO - [2023-07-07T12:08:13.554+0000] {dag.py:3340} INFO - Setting next_dagrun for latest_only_with_trigger to 2023-07-07T08:08:13.554469+00:00, run_after=2023-07-07T12:08:13.554469+00:00
[2023-07-07T12:08:13.567+0000] {processor.py:176} INFO - Processing /home/airflow/.local/lib/python3.7/site-packages/airflow/example_dags/example_latest_only_with_trigger.py took 0.062 seconds
[2023-07-07T12:08:43.754+0000] {processor.py:154} INFO - Started process (PID=861) to work on /home/airflow/.local/lib/python3.7/site-packages/airflow/example_dags/example_latest_only_with_trigger.py
[2023-07-07T12:08:43.755+0000] {processor.py:756} INFO - Processing file /home/airflow/.local/lib/python3.7/site-packages/airflow/example_dags/example_latest_only_with_trigger.py for tasks to queue
[2023-07-07T12:08:43.755+0000] {logging_mixin.py:120} INFO - [2023-07-07T12:08:43.755+0000] {dagbag.py:537} INFO - Filling up the DagBag from /home/airflow/.local/lib/python3.7/site-packages/airflow/example_dags/example_latest_only_with_trigger.py
[2023-07-07T12:08:43.766+0000] {processor.py:766} INFO - DAG(s) dict_keys(['latest_only_with_trigger']) retrieved from /home/airflow/.local/lib/python3.7/site-packages/airflow/example_dags/example_latest_only_with_trigger.py
[2023-07-07T12:08:43.791+0000] {logging_mixin.py:120} INFO - [2023-07-07T12:08:43.791+0000] {dag.py:2585} INFO - Sync 1 DAGs
[2023-07-07T12:08:43.809+0000] {logging_mixin.py:120} INFO - [2023-07-07T12:08:43.808+0000] {dag.py:3340} INFO - Setting next_dagrun for latest_only_with_trigger to 2023-07-07T08:08:43.808781+00:00, run_after=2023-07-07T12:08:43.808781+00:00
[2023-07-07T12:08:43.821+0000] {processor.py:176} INFO - Processing /home/airflow/.local/lib/python3.7/site-packages/airflow/example_dags/example_latest_only_with_trigger.py took 0.068 seconds
[2023-07-07T12:09:14.091+0000] {processor.py:154} INFO - Started process (PID=928) to work on /home/airflow/.local/lib/python3.7/site-packages/airflow/example_dags/example_latest_only_with_trigger.py
[2023-07-07T12:09:14.092+0000] {processor.py:756} INFO - Processing file /home/airflow/.local/lib/python3.7/site-packages/airflow/example_dags/example_latest_only_with_trigger.py for tasks to queue
[2023-07-07T12:09:14.092+0000] {logging_mixin.py:120} INFO - [2023-07-07T12:09:14.092+0000] {dagbag.py:537} INFO - Filling up the DagBag from /home/airflow/.local/lib/python3.7/site-packages/airflow/example_dags/example_latest_only_with_trigger.py
[2023-07-07T12:09:14.100+0000] {processor.py:766} INFO - DAG(s) dict_keys(['latest_only_with_trigger']) retrieved from /home/airflow/.local/lib/python3.7/site-packages/airflow/example_dags/example_latest_only_with_trigger.py
[2023-07-07T12:09:14.124+0000] {logging_mixin.py:120} INFO - [2023-07-07T12:09:14.124+0000] {dag.py:2585} INFO - Sync 1 DAGs
[2023-07-07T12:09:14.140+0000] {logging_mixin.py:120} INFO - [2023-07-07T12:09:14.139+0000] {dag.py:3340} INFO - Setting next_dagrun for latest_only_with_trigger to 2023-07-07T08:09:14.139835+00:00, run_after=2023-07-07T12:09:14.139835+00:00
[2023-07-07T12:09:14.153+0000] {processor.py:176} INFO - Processing /home/airflow/.local/lib/python3.7/site-packages/airflow/example_dags/example_latest_only_with_trigger.py took 0.064 seconds
[2023-07-07T12:09:45.196+0000] {processor.py:154} INFO - Started process (PID=986) to work on /home/airflow/.local/lib/python3.7/site-packages/airflow/example_dags/example_latest_only_with_trigger.py
[2023-07-07T12:09:45.197+0000] {processor.py:756} INFO - Processing file /home/airflow/.local/lib/python3.7/site-packages/airflow/example_dags/example_latest_only_with_trigger.py for tasks to queue
[2023-07-07T12:09:45.197+0000] {logging_mixin.py:120} INFO - [2023-07-07T12:09:45.197+0000] {dagbag.py:537} INFO - Filling up the DagBag from /home/airflow/.local/lib/python3.7/site-packages/airflow/example_dags/example_latest_only_with_trigger.py
[2023-07-07T12:09:45.208+0000] {processor.py:766} INFO - DAG(s) dict_keys(['latest_only_with_trigger']) retrieved from /home/airflow/.local/lib/python3.7/site-packages/airflow/example_dags/example_latest_only_with_trigger.py
[2023-07-07T12:09:45.236+0000] {logging_mixin.py:120} INFO - [2023-07-07T12:09:45.235+0000] {dag.py:2585} INFO - Sync 1 DAGs
[2023-07-07T12:09:45.254+0000] {logging_mixin.py:120} INFO - [2023-07-07T12:09:45.254+0000] {dag.py:3340} INFO - Setting next_dagrun for latest_only_with_trigger to 2023-07-07T08:09:45.254254+00:00, run_after=2023-07-07T12:09:45.254254+00:00
[2023-07-07T12:09:45.267+0000] {processor.py:176} INFO - Processing /home/airflow/.local/lib/python3.7/site-packages/airflow/example_dags/example_latest_only_with_trigger.py took 0.074 seconds
[2023-07-07T12:10:15.569+0000] {processor.py:154} INFO - Started process (PID=1054) to work on /home/airflow/.local/lib/python3.7/site-packages/airflow/example_dags/example_latest_only_with_trigger.py
[2023-07-07T12:10:15.569+0000] {processor.py:756} INFO - Processing file /home/airflow/.local/lib/python3.7/site-packages/airflow/example_dags/example_latest_only_with_trigger.py for tasks to queue
[2023-07-07T12:10:15.569+0000] {logging_mixin.py:120} INFO - [2023-07-07T12:10:15.569+0000] {dagbag.py:537} INFO - Filling up the DagBag from /home/airflow/.local/lib/python3.7/site-packages/airflow/example_dags/example_latest_only_with_trigger.py
[2023-07-07T12:10:15.579+0000] {processor.py:766} INFO - DAG(s) dict_keys(['latest_only_with_trigger']) retrieved from /home/airflow/.local/lib/python3.7/site-packages/airflow/example_dags/example_latest_only_with_trigger.py
[2023-07-07T12:10:15.605+0000] {logging_mixin.py:120} INFO - [2023-07-07T12:10:15.605+0000] {dag.py:2585} INFO - Sync 1 DAGs
[2023-07-07T12:10:15.623+0000] {logging_mixin.py:120} INFO - [2023-07-07T12:10:15.623+0000] {dag.py:3340} INFO - Setting next_dagrun for latest_only_with_trigger to 2023-07-07T08:10:15.623284+00:00, run_after=2023-07-07T12:10:15.623284+00:00
[2023-07-07T12:10:15.638+0000] {processor.py:176} INFO - Processing /home/airflow/.local/lib/python3.7/site-packages/airflow/example_dags/example_latest_only_with_trigger.py took 0.071 seconds
[2023-07-07T12:10:45.838+0000] {processor.py:154} INFO - Started process (PID=1121) to work on /home/airflow/.local/lib/python3.7/site-packages/airflow/example_dags/example_latest_only_with_trigger.py
[2023-07-07T12:10:45.839+0000] {processor.py:756} INFO - Processing file /home/airflow/.local/lib/python3.7/site-packages/airflow/example_dags/example_latest_only_with_trigger.py for tasks to queue
[2023-07-07T12:10:45.839+0000] {logging_mixin.py:120} INFO - [2023-07-07T12:10:45.839+0000] {dagbag.py:537} INFO - Filling up the DagBag from /home/airflow/.local/lib/python3.7/site-packages/airflow/example_dags/example_latest_only_with_trigger.py
[2023-07-07T12:10:45.849+0000] {processor.py:766} INFO - DAG(s) dict_keys(['latest_only_with_trigger']) retrieved from /home/airflow/.local/lib/python3.7/site-packages/airflow/example_dags/example_latest_only_with_trigger.py
[2023-07-07T12:10:45.874+0000] {logging_mixin.py:120} INFO - [2023-07-07T12:10:45.874+0000] {dag.py:2585} INFO - Sync 1 DAGs
[2023-07-07T12:10:45.893+0000] {logging_mixin.py:120} INFO - [2023-07-07T12:10:45.893+0000] {dag.py:3340} INFO - Setting next_dagrun for latest_only_with_trigger to 2023-07-07T08:10:45.893608+00:00, run_after=2023-07-07T12:10:45.893608+00:00
[2023-07-07T12:10:45.906+0000] {processor.py:176} INFO - Processing /home/airflow/.local/lib/python3.7/site-packages/airflow/example_dags/example_latest_only_with_trigger.py took 0.069 seconds
[2023-07-07T12:11:15.996+0000] {processor.py:154} INFO - Started process (PID=1187) to work on /home/airflow/.local/lib/python3.7/site-packages/airflow/example_dags/example_latest_only_with_trigger.py
[2023-07-07T12:11:15.997+0000] {processor.py:756} INFO - Processing file /home/airflow/.local/lib/python3.7/site-packages/airflow/example_dags/example_latest_only_with_trigger.py for tasks to queue
[2023-07-07T12:11:15.997+0000] {logging_mixin.py:120} INFO - [2023-07-07T12:11:15.997+0000] {dagbag.py:537} INFO - Filling up the DagBag from /home/airflow/.local/lib/python3.7/site-packages/airflow/example_dags/example_latest_only_with_trigger.py
[2023-07-07T12:11:16.007+0000] {processor.py:766} INFO - DAG(s) dict_keys(['latest_only_with_trigger']) retrieved from /home/airflow/.local/lib/python3.7/site-packages/airflow/example_dags/example_latest_only_with_trigger.py
[2023-07-07T12:11:16.059+0000] {logging_mixin.py:120} INFO - [2023-07-07T12:11:16.058+0000] {dag.py:2585} INFO - Sync 1 DAGs
[2023-07-07T12:11:16.078+0000] {logging_mixin.py:120} INFO - [2023-07-07T12:11:16.078+0000] {dag.py:3340} INFO - Setting next_dagrun for latest_only_with_trigger to 2023-07-07T08:11:16.078623+00:00, run_after=2023-07-07T12:11:16.078623+00:00
[2023-07-07T12:11:16.094+0000] {processor.py:176} INFO - Processing /home/airflow/.local/lib/python3.7/site-packages/airflow/example_dags/example_latest_only_with_trigger.py took 0.100 seconds
[2023-07-07T12:11:46.263+0000] {processor.py:154} INFO - Started process (PID=1253) to work on /home/airflow/.local/lib/python3.7/site-packages/airflow/example_dags/example_latest_only_with_trigger.py
[2023-07-07T12:11:46.264+0000] {processor.py:756} INFO - Processing file /home/airflow/.local/lib/python3.7/site-packages/airflow/example_dags/example_latest_only_with_trigger.py for tasks to queue
[2023-07-07T12:11:46.264+0000] {logging_mixin.py:120} INFO - [2023-07-07T12:11:46.264+0000] {dagbag.py:537} INFO - Filling up the DagBag from /home/airflow/.local/lib/python3.7/site-packages/airflow/example_dags/example_latest_only_with_trigger.py
[2023-07-07T12:11:46.274+0000] {processor.py:766} INFO - DAG(s) dict_keys(['latest_only_with_trigger']) retrieved from /home/airflow/.local/lib/python3.7/site-packages/airflow/example_dags/example_latest_only_with_trigger.py
[2023-07-07T12:11:46.300+0000] {logging_mixin.py:120} INFO - [2023-07-07T12:11:46.300+0000] {dag.py:2585} INFO - Sync 1 DAGs
[2023-07-07T12:11:46.319+0000] {logging_mixin.py:120} INFO - [2023-07-07T12:11:46.319+0000] {dag.py:3340} INFO - Setting next_dagrun for latest_only_with_trigger to 2023-07-07T08:11:46.319412+00:00, run_after=2023-07-07T12:11:46.319412+00:00
[2023-07-07T12:11:46.332+0000] {processor.py:176} INFO - Processing /home/airflow/.local/lib/python3.7/site-packages/airflow/example_dags/example_latest_only_with_trigger.py took 0.071 seconds
[2023-07-07T12:12:16.350+0000] {processor.py:154} INFO - Started process (PID=1311) to work on /home/airflow/.local/lib/python3.7/site-packages/airflow/example_dags/example_latest_only_with_trigger.py
[2023-07-07T12:12:16.350+0000] {processor.py:756} INFO - Processing file /home/airflow/.local/lib/python3.7/site-packages/airflow/example_dags/example_latest_only_with_trigger.py for tasks to queue
[2023-07-07T12:12:16.351+0000] {logging_mixin.py:120} INFO - [2023-07-07T12:12:16.351+0000] {dagbag.py:537} INFO - Filling up the DagBag from /home/airflow/.local/lib/python3.7/site-packages/airflow/example_dags/example_latest_only_with_trigger.py
[2023-07-07T12:12:16.360+0000] {processor.py:766} INFO - DAG(s) dict_keys(['latest_only_with_trigger']) retrieved from /home/airflow/.local/lib/python3.7/site-packages/airflow/example_dags/example_latest_only_with_trigger.py
[2023-07-07T12:12:16.383+0000] {logging_mixin.py:120} INFO - [2023-07-07T12:12:16.383+0000] {dag.py:2585} INFO - Sync 1 DAGs
[2023-07-07T12:12:16.399+0000] {logging_mixin.py:120} INFO - [2023-07-07T12:12:16.399+0000] {dag.py:3340} INFO - Setting next_dagrun for latest_only_with_trigger to 2023-07-07T08:12:16.399626+00:00, run_after=2023-07-07T12:12:16.399626+00:00
[2023-07-07T12:12:16.411+0000] {processor.py:176} INFO - Processing /home/airflow/.local/lib/python3.7/site-packages/airflow/example_dags/example_latest_only_with_trigger.py took 0.064 seconds
[2023-07-07T12:12:46.537+0000] {processor.py:154} INFO - Started process (PID=1378) to work on /home/airflow/.local/lib/python3.7/site-packages/airflow/example_dags/example_latest_only_with_trigger.py
[2023-07-07T12:12:46.538+0000] {processor.py:756} INFO - Processing file /home/airflow/.local/lib/python3.7/site-packages/airflow/example_dags/example_latest_only_with_trigger.py for tasks to queue
[2023-07-07T12:12:46.538+0000] {logging_mixin.py:120} INFO - [2023-07-07T12:12:46.538+0000] {dagbag.py:537} INFO - Filling up the DagBag from /home/airflow/.local/lib/python3.7/site-packages/airflow/example_dags/example_latest_only_with_trigger.py
[2023-07-07T12:12:46.547+0000] {processor.py:766} INFO - DAG(s) dict_keys(['latest_only_with_trigger']) retrieved from /home/airflow/.local/lib/python3.7/site-packages/airflow/example_dags/example_latest_only_with_trigger.py
[2023-07-07T12:12:46.574+0000] {logging_mixin.py:120} INFO - [2023-07-07T12:12:46.574+0000] {dag.py:2585} INFO - Sync 1 DAGs
[2023-07-07T12:12:46.591+0000] {logging_mixin.py:120} INFO - [2023-07-07T12:12:46.591+0000] {dag.py:3340} INFO - Setting next_dagrun for latest_only_with_trigger to 2023-07-07T08:12:46.591284+00:00, run_after=2023-07-07T12:12:46.591284+00:00
[2023-07-07T12:12:46.602+0000] {processor.py:176} INFO - Processing /home/airflow/.local/lib/python3.7/site-packages/airflow/example_dags/example_latest_only_with_trigger.py took 0.067 seconds
[2023-07-07T12:13:17.003+0000] {processor.py:154} INFO - Started process (PID=1446) to work on /home/airflow/.local/lib/python3.7/site-packages/airflow/example_dags/example_latest_only_with_trigger.py
[2023-07-07T12:13:17.004+0000] {processor.py:756} INFO - Processing file /home/airflow/.local/lib/python3.7/site-packages/airflow/example_dags/example_latest_only_with_trigger.py for tasks to queue
[2023-07-07T12:13:17.005+0000] {logging_mixin.py:120} INFO - [2023-07-07T12:13:17.005+0000] {dagbag.py:537} INFO - Filling up the DagBag from /home/airflow/.local/lib/python3.7/site-packages/airflow/example_dags/example_latest_only_with_trigger.py
[2023-07-07T12:13:17.014+0000] {processor.py:766} INFO - DAG(s) dict_keys(['latest_only_with_trigger']) retrieved from /home/airflow/.local/lib/python3.7/site-packages/airflow/example_dags/example_latest_only_with_trigger.py
[2023-07-07T12:13:17.043+0000] {logging_mixin.py:120} INFO - [2023-07-07T12:13:17.043+0000] {dag.py:2585} INFO - Sync 1 DAGs
[2023-07-07T12:13:17.066+0000] {logging_mixin.py:120} INFO - [2023-07-07T12:13:17.066+0000] {dag.py:3340} INFO - Setting next_dagrun for latest_only_with_trigger to 2023-07-07T08:13:17.066261+00:00, run_after=2023-07-07T12:13:17.066261+00:00
[2023-07-07T12:13:17.082+0000] {processor.py:176} INFO - Processing /home/airflow/.local/lib/python3.7/site-packages/airflow/example_dags/example_latest_only_with_trigger.py took 0.082 seconds
[2023-07-07T12:13:47.227+0000] {processor.py:154} INFO - Started process (PID=1513) to work on /home/airflow/.local/lib/python3.7/site-packages/airflow/example_dags/example_latest_only_with_trigger.py
[2023-07-07T12:13:47.228+0000] {processor.py:756} INFO - Processing file /home/airflow/.local/lib/python3.7/site-packages/airflow/example_dags/example_latest_only_with_trigger.py for tasks to queue
[2023-07-07T12:13:47.228+0000] {logging_mixin.py:120} INFO - [2023-07-07T12:13:47.228+0000] {dagbag.py:537} INFO - Filling up the DagBag from /home/airflow/.local/lib/python3.7/site-packages/airflow/example_dags/example_latest_only_with_trigger.py
[2023-07-07T12:13:47.237+0000] {processor.py:766} INFO - DAG(s) dict_keys(['latest_only_with_trigger']) retrieved from /home/airflow/.local/lib/python3.7/site-packages/airflow/example_dags/example_latest_only_with_trigger.py
[2023-07-07T12:13:47.261+0000] {logging_mixin.py:120} INFO - [2023-07-07T12:13:47.261+0000] {dag.py:2585} INFO - Sync 1 DAGs
[2023-07-07T12:13:47.277+0000] {logging_mixin.py:120} INFO - [2023-07-07T12:13:47.277+0000] {dag.py:3340} INFO - Setting next_dagrun for latest_only_with_trigger to 2023-07-07T08:13:47.277575+00:00, run_after=2023-07-07T12:13:47.277575+00:00
[2023-07-07T12:13:47.290+0000] {processor.py:176} INFO - Processing /home/airflow/.local/lib/python3.7/site-packages/airflow/example_dags/example_latest_only_with_trigger.py took 0.064 seconds
[2023-07-07T12:14:18.229+0000] {processor.py:154} INFO - Started process (PID=1571) to work on /home/airflow/.local/lib/python3.7/site-packages/airflow/example_dags/example_latest_only_with_trigger.py
[2023-07-07T12:14:18.230+0000] {processor.py:756} INFO - Processing file /home/airflow/.local/lib/python3.7/site-packages/airflow/example_dags/example_latest_only_with_trigger.py for tasks to queue
[2023-07-07T12:14:18.231+0000] {logging_mixin.py:120} INFO - [2023-07-07T12:14:18.231+0000] {dagbag.py:537} INFO - Filling up the DagBag from /home/airflow/.local/lib/python3.7/site-packages/airflow/example_dags/example_latest_only_with_trigger.py
[2023-07-07T12:14:18.239+0000] {processor.py:766} INFO - DAG(s) dict_keys(['latest_only_with_trigger']) retrieved from /home/airflow/.local/lib/python3.7/site-packages/airflow/example_dags/example_latest_only_with_trigger.py
[2023-07-07T12:14:18.263+0000] {logging_mixin.py:120} INFO - [2023-07-07T12:14:18.262+0000] {dag.py:2585} INFO - Sync 1 DAGs
[2023-07-07T12:14:18.280+0000] {logging_mixin.py:120} INFO - [2023-07-07T12:14:18.280+0000] {dag.py:3340} INFO - Setting next_dagrun for latest_only_with_trigger to 2023-07-07T08:14:18.280584+00:00, run_after=2023-07-07T12:14:18.280584+00:00
[2023-07-07T12:14:18.297+0000] {processor.py:176} INFO - Processing /home/airflow/.local/lib/python3.7/site-packages/airflow/example_dags/example_latest_only_with_trigger.py took 0.069 seconds
[2023-07-07T12:14:48.396+0000] {processor.py:154} INFO - Started process (PID=1638) to work on /home/airflow/.local/lib/python3.7/site-packages/airflow/example_dags/example_latest_only_with_trigger.py
[2023-07-07T12:14:48.397+0000] {processor.py:756} INFO - Processing file /home/airflow/.local/lib/python3.7/site-packages/airflow/example_dags/example_latest_only_with_trigger.py for tasks to queue
[2023-07-07T12:14:48.397+0000] {logging_mixin.py:120} INFO - [2023-07-07T12:14:48.397+0000] {dagbag.py:537} INFO - Filling up the DagBag from /home/airflow/.local/lib/python3.7/site-packages/airflow/example_dags/example_latest_only_with_trigger.py
[2023-07-07T12:14:48.405+0000] {processor.py:766} INFO - DAG(s) dict_keys(['latest_only_with_trigger']) retrieved from /home/airflow/.local/lib/python3.7/site-packages/airflow/example_dags/example_latest_only_with_trigger.py
[2023-07-07T12:14:48.431+0000] {logging_mixin.py:120} INFO - [2023-07-07T12:14:48.431+0000] {dag.py:2585} INFO - Sync 1 DAGs
[2023-07-07T12:14:48.449+0000] {logging_mixin.py:120} INFO - [2023-07-07T12:14:48.448+0000] {dag.py:3340} INFO - Setting next_dagrun for latest_only_with_trigger to 2023-07-07T08:14:48.448769+00:00, run_after=2023-07-07T12:14:48.448769+00:00
[2023-07-07T12:14:48.461+0000] {processor.py:176} INFO - Processing /home/airflow/.local/lib/python3.7/site-packages/airflow/example_dags/example_latest_only_with_trigger.py took 0.067 seconds
[2023-07-07T12:15:18.685+0000] {processor.py:154} INFO - Started process (PID=1705) to work on /home/airflow/.local/lib/python3.7/site-packages/airflow/example_dags/example_latest_only_with_trigger.py
[2023-07-07T12:15:18.685+0000] {processor.py:756} INFO - Processing file /home/airflow/.local/lib/python3.7/site-packages/airflow/example_dags/example_latest_only_with_trigger.py for tasks to queue
[2023-07-07T12:15:18.686+0000] {logging_mixin.py:120} INFO - [2023-07-07T12:15:18.686+0000] {dagbag.py:537} INFO - Filling up the DagBag from /home/airflow/.local/lib/python3.7/site-packages/airflow/example_dags/example_latest_only_with_trigger.py
[2023-07-07T12:15:18.696+0000] {processor.py:766} INFO - DAG(s) dict_keys(['latest_only_with_trigger']) retrieved from /home/airflow/.local/lib/python3.7/site-packages/airflow/example_dags/example_latest_only_with_trigger.py
[2023-07-07T12:15:18.724+0000] {logging_mixin.py:120} INFO - [2023-07-07T12:15:18.724+0000] {dag.py:2585} INFO - Sync 1 DAGs
[2023-07-07T12:15:18.742+0000] {logging_mixin.py:120} INFO - [2023-07-07T12:15:18.742+0000] {dag.py:3340} INFO - Setting next_dagrun for latest_only_with_trigger to 2023-07-07T08:15:18.742385+00:00, run_after=2023-07-07T12:15:18.742385+00:00
[2023-07-07T12:15:18.758+0000] {processor.py:176} INFO - Processing /home/airflow/.local/lib/python3.7/site-packages/airflow/example_dags/example_latest_only_with_trigger.py took 0.076 seconds
[2023-07-07T12:15:49.761+0000] {processor.py:154} INFO - Started process (PID=1772) to work on /home/airflow/.local/lib/python3.7/site-packages/airflow/example_dags/example_latest_only_with_trigger.py
[2023-07-07T12:15:49.762+0000] {processor.py:756} INFO - Processing file /home/airflow/.local/lib/python3.7/site-packages/airflow/example_dags/example_latest_only_with_trigger.py for tasks to queue
[2023-07-07T12:15:49.762+0000] {logging_mixin.py:120} INFO - [2023-07-07T12:15:49.762+0000] {dagbag.py:537} INFO - Filling up the DagBag from /home/airflow/.local/lib/python3.7/site-packages/airflow/example_dags/example_latest_only_with_trigger.py
[2023-07-07T12:15:49.771+0000] {processor.py:766} INFO - DAG(s) dict_keys(['latest_only_with_trigger']) retrieved from /home/airflow/.local/lib/python3.7/site-packages/airflow/example_dags/example_latest_only_with_trigger.py
[2023-07-07T12:15:49.795+0000] {logging_mixin.py:120} INFO - [2023-07-07T12:15:49.795+0000] {dag.py:2585} INFO - Sync 1 DAGs
[2023-07-07T12:15:49.811+0000] {logging_mixin.py:120} INFO - [2023-07-07T12:15:49.811+0000] {dag.py:3340} INFO - Setting next_dagrun for latest_only_with_trigger to 2023-07-07T08:15:49.810907+00:00, run_after=2023-07-07T12:15:49.810907+00:00
[2023-07-07T12:15:49.822+0000] {processor.py:176} INFO - Processing /home/airflow/.local/lib/python3.7/site-packages/airflow/example_dags/example_latest_only_with_trigger.py took 0.063 seconds
[2023-07-07T12:16:20.017+0000] {processor.py:154} INFO - Started process (PID=1841) to work on /home/airflow/.local/lib/python3.7/site-packages/airflow/example_dags/example_latest_only_with_trigger.py
[2023-07-07T12:16:20.017+0000] {processor.py:756} INFO - Processing file /home/airflow/.local/lib/python3.7/site-packages/airflow/example_dags/example_latest_only_with_trigger.py for tasks to queue
[2023-07-07T12:16:20.018+0000] {logging_mixin.py:120} INFO - [2023-07-07T12:16:20.018+0000] {dagbag.py:537} INFO - Filling up the DagBag from /home/airflow/.local/lib/python3.7/site-packages/airflow/example_dags/example_latest_only_with_trigger.py
[2023-07-07T12:16:20.027+0000] {processor.py:766} INFO - DAG(s) dict_keys(['latest_only_with_trigger']) retrieved from /home/airflow/.local/lib/python3.7/site-packages/airflow/example_dags/example_latest_only_with_trigger.py
[2023-07-07T12:16:20.050+0000] {logging_mixin.py:120} INFO - [2023-07-07T12:16:20.050+0000] {dag.py:2585} INFO - Sync 1 DAGs
[2023-07-07T12:16:20.066+0000] {logging_mixin.py:120} INFO - [2023-07-07T12:16:20.066+0000] {dag.py:3340} INFO - Setting next_dagrun for latest_only_with_trigger to 2023-07-07T08:16:20.066300+00:00, run_after=2023-07-07T12:16:20.066300+00:00
[2023-07-07T12:16:20.078+0000] {processor.py:176} INFO - Processing /home/airflow/.local/lib/python3.7/site-packages/airflow/example_dags/example_latest_only_with_trigger.py took 0.063 seconds
[2023-07-07T12:16:50.426+0000] {processor.py:154} INFO - Started process (PID=1899) to work on /home/airflow/.local/lib/python3.7/site-packages/airflow/example_dags/example_latest_only_with_trigger.py
[2023-07-07T12:16:50.427+0000] {processor.py:756} INFO - Processing file /home/airflow/.local/lib/python3.7/site-packages/airflow/example_dags/example_latest_only_with_trigger.py for tasks to queue
[2023-07-07T12:16:50.428+0000] {logging_mixin.py:120} INFO - [2023-07-07T12:16:50.428+0000] {dagbag.py:537} INFO - Filling up the DagBag from /home/airflow/.local/lib/python3.7/site-packages/airflow/example_dags/example_latest_only_with_trigger.py
[2023-07-07T12:16:50.437+0000] {processor.py:766} INFO - DAG(s) dict_keys(['latest_only_with_trigger']) retrieved from /home/airflow/.local/lib/python3.7/site-packages/airflow/example_dags/example_latest_only_with_trigger.py
[2023-07-07T12:16:50.481+0000] {logging_mixin.py:120} INFO - [2023-07-07T12:16:50.481+0000] {dag.py:2585} INFO - Sync 1 DAGs
[2023-07-07T12:16:50.512+0000] {logging_mixin.py:120} INFO - [2023-07-07T12:16:50.512+0000] {dag.py:3340} INFO - Setting next_dagrun for latest_only_with_trigger to 2023-07-07T08:16:50.511813+00:00, run_after=2023-07-07T12:16:50.511813+00:00
[2023-07-07T12:16:50.545+0000] {processor.py:176} INFO - Processing /home/airflow/.local/lib/python3.7/site-packages/airflow/example_dags/example_latest_only_with_trigger.py took 0.121 seconds
[2023-07-07T12:17:20.710+0000] {processor.py:154} INFO - Started process (PID=1965) to work on /home/airflow/.local/lib/python3.7/site-packages/airflow/example_dags/example_latest_only_with_trigger.py
[2023-07-07T12:17:20.711+0000] {processor.py:756} INFO - Processing file /home/airflow/.local/lib/python3.7/site-packages/airflow/example_dags/example_latest_only_with_trigger.py for tasks to queue
[2023-07-07T12:17:20.711+0000] {logging_mixin.py:120} INFO - [2023-07-07T12:17:20.711+0000] {dagbag.py:537} INFO - Filling up the DagBag from /home/airflow/.local/lib/python3.7/site-packages/airflow/example_dags/example_latest_only_with_trigger.py
[2023-07-07T12:17:20.719+0000] {processor.py:766} INFO - DAG(s) dict_keys(['latest_only_with_trigger']) retrieved from /home/airflow/.local/lib/python3.7/site-packages/airflow/example_dags/example_latest_only_with_trigger.py
[2023-07-07T12:17:20.744+0000] {logging_mixin.py:120} INFO - [2023-07-07T12:17:20.743+0000] {dag.py:2585} INFO - Sync 1 DAGs
[2023-07-07T12:17:20.759+0000] {logging_mixin.py:120} INFO - [2023-07-07T12:17:20.759+0000] {dag.py:3340} INFO - Setting next_dagrun for latest_only_with_trigger to 2023-07-07T08:17:20.759576+00:00, run_after=2023-07-07T12:17:20.759576+00:00
[2023-07-07T12:17:20.772+0000] {processor.py:176} INFO - Processing /home/airflow/.local/lib/python3.7/site-packages/airflow/example_dags/example_latest_only_with_trigger.py took 0.063 seconds
[2023-07-07T12:17:50.910+0000] {processor.py:154} INFO - Started process (PID=2032) to work on /home/airflow/.local/lib/python3.7/site-packages/airflow/example_dags/example_latest_only_with_trigger.py
[2023-07-07T12:17:50.910+0000] {processor.py:756} INFO - Processing file /home/airflow/.local/lib/python3.7/site-packages/airflow/example_dags/example_latest_only_with_trigger.py for tasks to queue
[2023-07-07T12:17:50.911+0000] {logging_mixin.py:120} INFO - [2023-07-07T12:17:50.911+0000] {dagbag.py:537} INFO - Filling up the DagBag from /home/airflow/.local/lib/python3.7/site-packages/airflow/example_dags/example_latest_only_with_trigger.py
[2023-07-07T12:17:50.919+0000] {processor.py:766} INFO - DAG(s) dict_keys(['latest_only_with_trigger']) retrieved from /home/airflow/.local/lib/python3.7/site-packages/airflow/example_dags/example_latest_only_with_trigger.py
[2023-07-07T12:17:50.942+0000] {logging_mixin.py:120} INFO - [2023-07-07T12:17:50.942+0000] {dag.py:2585} INFO - Sync 1 DAGs
[2023-07-07T12:17:50.956+0000] {logging_mixin.py:120} INFO - [2023-07-07T12:17:50.956+0000] {dag.py:3340} INFO - Setting next_dagrun for latest_only_with_trigger to 2023-07-07T08:17:50.956433+00:00, run_after=2023-07-07T12:17:50.956433+00:00
[2023-07-07T12:17:50.967+0000] {processor.py:176} INFO - Processing /home/airflow/.local/lib/python3.7/site-packages/airflow/example_dags/example_latest_only_with_trigger.py took 0.059 seconds
[2023-07-07T12:18:21.132+0000] {processor.py:154} INFO - Started process (PID=2100) to work on /home/airflow/.local/lib/python3.7/site-packages/airflow/example_dags/example_latest_only_with_trigger.py
[2023-07-07T12:18:21.133+0000] {processor.py:756} INFO - Processing file /home/airflow/.local/lib/python3.7/site-packages/airflow/example_dags/example_latest_only_with_trigger.py for tasks to queue
[2023-07-07T12:18:21.133+0000] {logging_mixin.py:120} INFO - [2023-07-07T12:18:21.133+0000] {dagbag.py:537} INFO - Filling up the DagBag from /home/airflow/.local/lib/python3.7/site-packages/airflow/example_dags/example_latest_only_with_trigger.py
[2023-07-07T12:18:21.141+0000] {processor.py:766} INFO - DAG(s) dict_keys(['latest_only_with_trigger']) retrieved from /home/airflow/.local/lib/python3.7/site-packages/airflow/example_dags/example_latest_only_with_trigger.py
[2023-07-07T12:18:21.163+0000] {logging_mixin.py:120} INFO - [2023-07-07T12:18:21.163+0000] {dag.py:2585} INFO - Sync 1 DAGs
[2023-07-07T12:18:21.178+0000] {logging_mixin.py:120} INFO - [2023-07-07T12:18:21.178+0000] {dag.py:3340} INFO - Setting next_dagrun for latest_only_with_trigger to 2023-07-07T08:18:21.178529+00:00, run_after=2023-07-07T12:18:21.178529+00:00
[2023-07-07T12:18:21.190+0000] {processor.py:176} INFO - Processing /home/airflow/.local/lib/python3.7/site-packages/airflow/example_dags/example_latest_only_with_trigger.py took 0.060 seconds
[2023-07-07T12:18:51.503+0000] {processor.py:154} INFO - Started process (PID=2167) to work on /home/airflow/.local/lib/python3.7/site-packages/airflow/example_dags/example_latest_only_with_trigger.py
[2023-07-07T12:18:51.504+0000] {processor.py:756} INFO - Processing file /home/airflow/.local/lib/python3.7/site-packages/airflow/example_dags/example_latest_only_with_trigger.py for tasks to queue
[2023-07-07T12:18:51.504+0000] {logging_mixin.py:120} INFO - [2023-07-07T12:18:51.504+0000] {dagbag.py:537} INFO - Filling up the DagBag from /home/airflow/.local/lib/python3.7/site-packages/airflow/example_dags/example_latest_only_with_trigger.py
[2023-07-07T12:18:51.513+0000] {processor.py:766} INFO - DAG(s) dict_keys(['latest_only_with_trigger']) retrieved from /home/airflow/.local/lib/python3.7/site-packages/airflow/example_dags/example_latest_only_with_trigger.py
[2023-07-07T12:18:51.538+0000] {logging_mixin.py:120} INFO - [2023-07-07T12:18:51.538+0000] {dag.py:2585} INFO - Sync 1 DAGs
[2023-07-07T12:18:51.555+0000] {logging_mixin.py:120} INFO - [2023-07-07T12:18:51.555+0000] {dag.py:3340} INFO - Setting next_dagrun for latest_only_with_trigger to 2023-07-07T08:18:51.555486+00:00, run_after=2023-07-07T12:18:51.555486+00:00
[2023-07-07T12:18:51.569+0000] {processor.py:176} INFO - Processing /home/airflow/.local/lib/python3.7/site-packages/airflow/example_dags/example_latest_only_with_trigger.py took 0.068 seconds
[2023-07-07T12:19:21.744+0000] {processor.py:154} INFO - Started process (PID=2225) to work on /home/airflow/.local/lib/python3.7/site-packages/airflow/example_dags/example_latest_only_with_trigger.py
[2023-07-07T12:19:21.745+0000] {processor.py:756} INFO - Processing file /home/airflow/.local/lib/python3.7/site-packages/airflow/example_dags/example_latest_only_with_trigger.py for tasks to queue
[2023-07-07T12:19:21.745+0000] {logging_mixin.py:120} INFO - [2023-07-07T12:19:21.745+0000] {dagbag.py:537} INFO - Filling up the DagBag from /home/airflow/.local/lib/python3.7/site-packages/airflow/example_dags/example_latest_only_with_trigger.py
[2023-07-07T12:19:21.753+0000] {processor.py:766} INFO - DAG(s) dict_keys(['latest_only_with_trigger']) retrieved from /home/airflow/.local/lib/python3.7/site-packages/airflow/example_dags/example_latest_only_with_trigger.py
[2023-07-07T12:19:21.775+0000] {logging_mixin.py:120} INFO - [2023-07-07T12:19:21.775+0000] {dag.py:2585} INFO - Sync 1 DAGs
[2023-07-07T12:19:21.789+0000] {logging_mixin.py:120} INFO - [2023-07-07T12:19:21.789+0000] {dag.py:3340} INFO - Setting next_dagrun for latest_only_with_trigger to 2023-07-07T08:19:21.789702+00:00, run_after=2023-07-07T12:19:21.789702+00:00
[2023-07-07T12:19:21.801+0000] {processor.py:176} INFO - Processing /home/airflow/.local/lib/python3.7/site-packages/airflow/example_dags/example_latest_only_with_trigger.py took 0.058 seconds
[2023-07-07T12:19:52.002+0000] {processor.py:154} INFO - Started process (PID=2293) to work on /home/airflow/.local/lib/python3.7/site-packages/airflow/example_dags/example_latest_only_with_trigger.py
[2023-07-07T12:19:52.002+0000] {processor.py:756} INFO - Processing file /home/airflow/.local/lib/python3.7/site-packages/airflow/example_dags/example_latest_only_with_trigger.py for tasks to queue
[2023-07-07T12:19:52.003+0000] {logging_mixin.py:120} INFO - [2023-07-07T12:19:52.002+0000] {dagbag.py:537} INFO - Filling up the DagBag from /home/airflow/.local/lib/python3.7/site-packages/airflow/example_dags/example_latest_only_with_trigger.py
[2023-07-07T12:19:52.011+0000] {processor.py:766} INFO - DAG(s) dict_keys(['latest_only_with_trigger']) retrieved from /home/airflow/.local/lib/python3.7/site-packages/airflow/example_dags/example_latest_only_with_trigger.py
[2023-07-07T12:19:52.037+0000] {logging_mixin.py:120} INFO - [2023-07-07T12:19:52.037+0000] {dag.py:2585} INFO - Sync 1 DAGs
[2023-07-07T12:19:52.054+0000] {logging_mixin.py:120} INFO - [2023-07-07T12:19:52.054+0000] {dag.py:3340} INFO - Setting next_dagrun for latest_only_with_trigger to 2023-07-07T08:19:52.054242+00:00, run_after=2023-07-07T12:19:52.054242+00:00
[2023-07-07T12:19:52.067+0000] {processor.py:176} INFO - Processing /home/airflow/.local/lib/python3.7/site-packages/airflow/example_dags/example_latest_only_with_trigger.py took 0.068 seconds
[2023-07-07T12:20:22.157+0000] {processor.py:154} INFO - Started process (PID=2360) to work on /home/airflow/.local/lib/python3.7/site-packages/airflow/example_dags/example_latest_only_with_trigger.py
[2023-07-07T12:20:22.158+0000] {processor.py:756} INFO - Processing file /home/airflow/.local/lib/python3.7/site-packages/airflow/example_dags/example_latest_only_with_trigger.py for tasks to queue
[2023-07-07T12:20:22.158+0000] {logging_mixin.py:120} INFO - [2023-07-07T12:20:22.158+0000] {dagbag.py:537} INFO - Filling up the DagBag from /home/airflow/.local/lib/python3.7/site-packages/airflow/example_dags/example_latest_only_with_trigger.py
[2023-07-07T12:20:22.166+0000] {processor.py:766} INFO - DAG(s) dict_keys(['latest_only_with_trigger']) retrieved from /home/airflow/.local/lib/python3.7/site-packages/airflow/example_dags/example_latest_only_with_trigger.py
[2023-07-07T12:20:22.190+0000] {logging_mixin.py:120} INFO - [2023-07-07T12:20:22.190+0000] {dag.py:2585} INFO - Sync 1 DAGs
[2023-07-07T12:20:22.206+0000] {logging_mixin.py:120} INFO - [2023-07-07T12:20:22.206+0000] {dag.py:3340} INFO - Setting next_dagrun for latest_only_with_trigger to 2023-07-07T08:20:22.206282+00:00, run_after=2023-07-07T12:20:22.206282+00:00
[2023-07-07T12:20:22.218+0000] {processor.py:176} INFO - Processing /home/airflow/.local/lib/python3.7/site-packages/airflow/example_dags/example_latest_only_with_trigger.py took 0.062 seconds
[2023-07-07T12:20:52.424+0000] {processor.py:154} INFO - Started process (PID=2427) to work on /home/airflow/.local/lib/python3.7/site-packages/airflow/example_dags/example_latest_only_with_trigger.py
[2023-07-07T12:20:52.424+0000] {processor.py:756} INFO - Processing file /home/airflow/.local/lib/python3.7/site-packages/airflow/example_dags/example_latest_only_with_trigger.py for tasks to queue
[2023-07-07T12:20:52.425+0000] {logging_mixin.py:120} INFO - [2023-07-07T12:20:52.425+0000] {dagbag.py:537} INFO - Filling up the DagBag from /home/airflow/.local/lib/python3.7/site-packages/airflow/example_dags/example_latest_only_with_trigger.py
[2023-07-07T12:20:52.433+0000] {processor.py:766} INFO - DAG(s) dict_keys(['latest_only_with_trigger']) retrieved from /home/airflow/.local/lib/python3.7/site-packages/airflow/example_dags/example_latest_only_with_trigger.py
[2023-07-07T12:20:52.455+0000] {logging_mixin.py:120} INFO - [2023-07-07T12:20:52.455+0000] {dag.py:2585} INFO - Sync 1 DAGs
[2023-07-07T12:20:52.472+0000] {logging_mixin.py:120} INFO - [2023-07-07T12:20:52.471+0000] {dag.py:3340} INFO - Setting next_dagrun for latest_only_with_trigger to 2023-07-07T08:20:52.471794+00:00, run_after=2023-07-07T12:20:52.471794+00:00
[2023-07-07T12:20:52.483+0000] {processor.py:176} INFO - Processing /home/airflow/.local/lib/python3.7/site-packages/airflow/example_dags/example_latest_only_with_trigger.py took 0.061 seconds
[2023-07-07T12:21:22.817+0000] {processor.py:154} INFO - Started process (PID=2494) to work on /home/airflow/.local/lib/python3.7/site-packages/airflow/example_dags/example_latest_only_with_trigger.py
[2023-07-07T12:21:22.818+0000] {processor.py:756} INFO - Processing file /home/airflow/.local/lib/python3.7/site-packages/airflow/example_dags/example_latest_only_with_trigger.py for tasks to queue
[2023-07-07T12:21:22.818+0000] {logging_mixin.py:120} INFO - [2023-07-07T12:21:22.818+0000] {dagbag.py:537} INFO - Filling up the DagBag from /home/airflow/.local/lib/python3.7/site-packages/airflow/example_dags/example_latest_only_with_trigger.py
[2023-07-07T12:21:22.827+0000] {processor.py:766} INFO - DAG(s) dict_keys(['latest_only_with_trigger']) retrieved from /home/airflow/.local/lib/python3.7/site-packages/airflow/example_dags/example_latest_only_with_trigger.py
[2023-07-07T12:21:22.857+0000] {logging_mixin.py:120} INFO - [2023-07-07T12:21:22.857+0000] {dag.py:2585} INFO - Sync 1 DAGs
[2023-07-07T12:21:22.878+0000] {logging_mixin.py:120} INFO - [2023-07-07T12:21:22.878+0000] {dag.py:3340} INFO - Setting next_dagrun for latest_only_with_trigger to 2023-07-07T08:21:22.877838+00:00, run_after=2023-07-07T12:21:22.877838+00:00
[2023-07-07T12:21:22.893+0000] {processor.py:176} INFO - Processing /home/airflow/.local/lib/python3.7/site-packages/airflow/example_dags/example_latest_only_with_trigger.py took 0.078 seconds
[2023-07-07T12:22:01.377+0000] {processor.py:154} INFO - Started process (PID=82) to work on /home/airflow/.local/lib/python3.7/site-packages/airflow/example_dags/example_latest_only_with_trigger.py
[2023-07-07T12:22:01.378+0000] {processor.py:756} INFO - Processing file /home/airflow/.local/lib/python3.7/site-packages/airflow/example_dags/example_latest_only_with_trigger.py for tasks to queue
[2023-07-07T12:22:01.378+0000] {logging_mixin.py:120} INFO - [2023-07-07T12:22:01.378+0000] {dagbag.py:537} INFO - Filling up the DagBag from /home/airflow/.local/lib/python3.7/site-packages/airflow/example_dags/example_latest_only_with_trigger.py
[2023-07-07T12:22:01.390+0000] {processor.py:766} INFO - DAG(s) dict_keys(['latest_only_with_trigger']) retrieved from /home/airflow/.local/lib/python3.7/site-packages/airflow/example_dags/example_latest_only_with_trigger.py
[2023-07-07T12:22:01.409+0000] {logging_mixin.py:120} INFO - [2023-07-07T12:22:01.409+0000] {dag.py:2585} INFO - Sync 1 DAGs
[2023-07-07T12:22:01.428+0000] {logging_mixin.py:120} INFO - [2023-07-07T12:22:01.428+0000] {dag.py:3340} INFO - Setting next_dagrun for latest_only_with_trigger to 2023-07-07T08:22:01.427910+00:00, run_after=2023-07-07T12:22:01.427910+00:00
[2023-07-07T12:22:01.443+0000] {processor.py:176} INFO - Processing /home/airflow/.local/lib/python3.7/site-packages/airflow/example_dags/example_latest_only_with_trigger.py took 0.069 seconds
[2023-07-07T12:22:31.697+0000] {processor.py:154} INFO - Started process (PID=140) to work on /home/airflow/.local/lib/python3.7/site-packages/airflow/example_dags/example_latest_only_with_trigger.py
[2023-07-07T12:22:31.698+0000] {processor.py:756} INFO - Processing file /home/airflow/.local/lib/python3.7/site-packages/airflow/example_dags/example_latest_only_with_trigger.py for tasks to queue
[2023-07-07T12:22:31.698+0000] {logging_mixin.py:120} INFO - [2023-07-07T12:22:31.698+0000] {dagbag.py:537} INFO - Filling up the DagBag from /home/airflow/.local/lib/python3.7/site-packages/airflow/example_dags/example_latest_only_with_trigger.py
[2023-07-07T12:22:31.707+0000] {processor.py:766} INFO - DAG(s) dict_keys(['latest_only_with_trigger']) retrieved from /home/airflow/.local/lib/python3.7/site-packages/airflow/example_dags/example_latest_only_with_trigger.py
[2023-07-07T12:22:31.731+0000] {logging_mixin.py:120} INFO - [2023-07-07T12:22:31.731+0000] {dag.py:2585} INFO - Sync 1 DAGs
[2023-07-07T12:22:31.747+0000] {logging_mixin.py:120} INFO - [2023-07-07T12:22:31.747+0000] {dag.py:3340} INFO - Setting next_dagrun for latest_only_with_trigger to 2023-07-07T08:22:31.747591+00:00, run_after=2023-07-07T12:22:31.747591+00:00
[2023-07-07T12:22:31.759+0000] {processor.py:176} INFO - Processing /home/airflow/.local/lib/python3.7/site-packages/airflow/example_dags/example_latest_only_with_trigger.py took 0.064 seconds
[2023-07-07T12:23:03.040+0000] {processor.py:154} INFO - Started process (PID=207) to work on /home/airflow/.local/lib/python3.7/site-packages/airflow/example_dags/example_latest_only_with_trigger.py
[2023-07-07T12:23:03.041+0000] {processor.py:756} INFO - Processing file /home/airflow/.local/lib/python3.7/site-packages/airflow/example_dags/example_latest_only_with_trigger.py for tasks to queue
[2023-07-07T12:23:03.042+0000] {logging_mixin.py:120} INFO - [2023-07-07T12:23:03.042+0000] {dagbag.py:537} INFO - Filling up the DagBag from /home/airflow/.local/lib/python3.7/site-packages/airflow/example_dags/example_latest_only_with_trigger.py
[2023-07-07T12:23:03.050+0000] {processor.py:766} INFO - DAG(s) dict_keys(['latest_only_with_trigger']) retrieved from /home/airflow/.local/lib/python3.7/site-packages/airflow/example_dags/example_latest_only_with_trigger.py
[2023-07-07T12:23:03.074+0000] {logging_mixin.py:120} INFO - [2023-07-07T12:23:03.074+0000] {dag.py:2585} INFO - Sync 1 DAGs
[2023-07-07T12:23:03.090+0000] {logging_mixin.py:120} INFO - [2023-07-07T12:23:03.090+0000] {dag.py:3340} INFO - Setting next_dagrun for latest_only_with_trigger to 2023-07-07T08:23:03.089884+00:00, run_after=2023-07-07T12:23:03.089884+00:00
[2023-07-07T12:23:03.103+0000] {processor.py:176} INFO - Processing /home/airflow/.local/lib/python3.7/site-packages/airflow/example_dags/example_latest_only_with_trigger.py took 0.065 seconds
[2023-07-07T12:23:33.330+0000] {processor.py:154} INFO - Started process (PID=273) to work on /home/airflow/.local/lib/python3.7/site-packages/airflow/example_dags/example_latest_only_with_trigger.py
[2023-07-07T12:23:33.331+0000] {processor.py:756} INFO - Processing file /home/airflow/.local/lib/python3.7/site-packages/airflow/example_dags/example_latest_only_with_trigger.py for tasks to queue
[2023-07-07T12:23:33.331+0000] {logging_mixin.py:120} INFO - [2023-07-07T12:23:33.331+0000] {dagbag.py:537} INFO - Filling up the DagBag from /home/airflow/.local/lib/python3.7/site-packages/airflow/example_dags/example_latest_only_with_trigger.py
[2023-07-07T12:23:33.341+0000] {processor.py:766} INFO - DAG(s) dict_keys(['latest_only_with_trigger']) retrieved from /home/airflow/.local/lib/python3.7/site-packages/airflow/example_dags/example_latest_only_with_trigger.py
[2023-07-07T12:23:33.369+0000] {logging_mixin.py:120} INFO - [2023-07-07T12:23:33.369+0000] {dag.py:2585} INFO - Sync 1 DAGs
[2023-07-07T12:23:33.386+0000] {logging_mixin.py:120} INFO - [2023-07-07T12:23:33.386+0000] {dag.py:3340} INFO - Setting next_dagrun for latest_only_with_trigger to 2023-07-07T08:23:33.386190+00:00, run_after=2023-07-07T12:23:33.386190+00:00
[2023-07-07T12:23:33.401+0000] {processor.py:176} INFO - Processing /home/airflow/.local/lib/python3.7/site-packages/airflow/example_dags/example_latest_only_with_trigger.py took 0.072 seconds
[2023-07-07T12:24:03.855+0000] {processor.py:154} INFO - Started process (PID=340) to work on /home/airflow/.local/lib/python3.7/site-packages/airflow/example_dags/example_latest_only_with_trigger.py
[2023-07-07T12:24:03.856+0000] {processor.py:756} INFO - Processing file /home/airflow/.local/lib/python3.7/site-packages/airflow/example_dags/example_latest_only_with_trigger.py for tasks to queue
[2023-07-07T12:24:03.857+0000] {logging_mixin.py:120} INFO - [2023-07-07T12:24:03.857+0000] {dagbag.py:537} INFO - Filling up the DagBag from /home/airflow/.local/lib/python3.7/site-packages/airflow/example_dags/example_latest_only_with_trigger.py
[2023-07-07T12:24:03.866+0000] {processor.py:766} INFO - DAG(s) dict_keys(['latest_only_with_trigger']) retrieved from /home/airflow/.local/lib/python3.7/site-packages/airflow/example_dags/example_latest_only_with_trigger.py
[2023-07-07T12:24:03.894+0000] {logging_mixin.py:120} INFO - [2023-07-07T12:24:03.893+0000] {dag.py:2585} INFO - Sync 1 DAGs
[2023-07-07T12:24:03.911+0000] {logging_mixin.py:120} INFO - [2023-07-07T12:24:03.911+0000] {dag.py:3340} INFO - Setting next_dagrun for latest_only_with_trigger to 2023-07-07T08:24:03.911642+00:00, run_after=2023-07-07T12:24:03.911642+00:00
[2023-07-07T12:24:03.926+0000] {processor.py:176} INFO - Processing /home/airflow/.local/lib/python3.7/site-packages/airflow/example_dags/example_latest_only_with_trigger.py took 0.073 seconds
[2023-07-07T12:24:34.378+0000] {processor.py:154} INFO - Started process (PID=407) to work on /home/airflow/.local/lib/python3.7/site-packages/airflow/example_dags/example_latest_only_with_trigger.py
[2023-07-07T12:24:34.378+0000] {processor.py:756} INFO - Processing file /home/airflow/.local/lib/python3.7/site-packages/airflow/example_dags/example_latest_only_with_trigger.py for tasks to queue
[2023-07-07T12:24:34.379+0000] {logging_mixin.py:120} INFO - [2023-07-07T12:24:34.379+0000] {dagbag.py:537} INFO - Filling up the DagBag from /home/airflow/.local/lib/python3.7/site-packages/airflow/example_dags/example_latest_only_with_trigger.py
[2023-07-07T12:24:34.388+0000] {processor.py:766} INFO - DAG(s) dict_keys(['latest_only_with_trigger']) retrieved from /home/airflow/.local/lib/python3.7/site-packages/airflow/example_dags/example_latest_only_with_trigger.py
[2023-07-07T12:24:34.411+0000] {logging_mixin.py:120} INFO - [2023-07-07T12:24:34.411+0000] {dag.py:2585} INFO - Sync 1 DAGs
[2023-07-07T12:24:34.429+0000] {logging_mixin.py:120} INFO - [2023-07-07T12:24:34.429+0000] {dag.py:3340} INFO - Setting next_dagrun for latest_only_with_trigger to 2023-07-07T08:24:34.429170+00:00, run_after=2023-07-07T12:24:34.429170+00:00
[2023-07-07T12:24:34.445+0000] {processor.py:176} INFO - Processing /home/airflow/.local/lib/python3.7/site-packages/airflow/example_dags/example_latest_only_with_trigger.py took 0.069 seconds
[2023-07-07T12:25:05.461+0000] {processor.py:154} INFO - Started process (PID=464) to work on /home/airflow/.local/lib/python3.7/site-packages/airflow/example_dags/example_latest_only_with_trigger.py
[2023-07-07T12:25:05.462+0000] {processor.py:756} INFO - Processing file /home/airflow/.local/lib/python3.7/site-packages/airflow/example_dags/example_latest_only_with_trigger.py for tasks to queue
[2023-07-07T12:25:05.462+0000] {logging_mixin.py:120} INFO - [2023-07-07T12:25:05.462+0000] {dagbag.py:537} INFO - Filling up the DagBag from /home/airflow/.local/lib/python3.7/site-packages/airflow/example_dags/example_latest_only_with_trigger.py
[2023-07-07T12:25:05.471+0000] {processor.py:766} INFO - DAG(s) dict_keys(['latest_only_with_trigger']) retrieved from /home/airflow/.local/lib/python3.7/site-packages/airflow/example_dags/example_latest_only_with_trigger.py
[2023-07-07T12:25:05.496+0000] {logging_mixin.py:120} INFO - [2023-07-07T12:25:05.496+0000] {dag.py:2585} INFO - Sync 1 DAGs
[2023-07-07T12:25:05.512+0000] {logging_mixin.py:120} INFO - [2023-07-07T12:25:05.512+0000] {dag.py:3340} INFO - Setting next_dagrun for latest_only_with_trigger to 2023-07-07T08:25:05.512642+00:00, run_after=2023-07-07T12:25:05.512642+00:00
[2023-07-07T12:25:05.524+0000] {processor.py:176} INFO - Processing /home/airflow/.local/lib/python3.7/site-packages/airflow/example_dags/example_latest_only_with_trigger.py took 0.065 seconds
