[2023-07-07T12:00:24.120+0000] {processor.py:154} INFO - Started process (PID=41) to work on /home/airflow/.local/lib/python3.7/site-packages/airflow/example_dags/example_trigger_target_dag.py
[2023-07-07T12:00:24.120+0000] {processor.py:756} INFO - Processing file /home/airflow/.local/lib/python3.7/site-packages/airflow/example_dags/example_trigger_target_dag.py for tasks to queue
[2023-07-07T12:00:24.121+0000] {logging_mixin.py:120} INFO - [2023-07-07T12:00:24.120+0000] {dagbag.py:537} INFO - Filling up the DagBag from /home/airflow/.local/lib/python3.7/site-packages/airflow/example_dags/example_trigger_target_dag.py
[2023-07-07T12:00:24.136+0000] {processor.py:766} INFO - DAG(s) dict_keys(['example_trigger_target_dag']) retrieved from /home/airflow/.local/lib/python3.7/site-packages/airflow/example_dags/example_trigger_target_dag.py
[2023-07-07T12:00:24.159+0000] {logging_mixin.py:120} INFO - [2023-07-07T12:00:24.159+0000] {dag.py:2585} INFO - Sync 1 DAGs
[2023-07-07T12:00:24.179+0000] {logging_mixin.py:120} INFO - [2023-07-07T12:00:24.179+0000] {dag.py:3340} INFO - Setting next_dagrun for example_trigger_target_dag to None, run_after=None
[2023-07-07T12:00:24.191+0000] {processor.py:176} INFO - Processing /home/airflow/.local/lib/python3.7/site-packages/airflow/example_dags/example_trigger_target_dag.py took 0.073 seconds
[2023-07-07T12:00:55.284+0000] {processor.py:154} INFO - Started process (PID=108) to work on /home/airflow/.local/lib/python3.7/site-packages/airflow/example_dags/example_trigger_target_dag.py
[2023-07-07T12:00:55.285+0000] {processor.py:756} INFO - Processing file /home/airflow/.local/lib/python3.7/site-packages/airflow/example_dags/example_trigger_target_dag.py for tasks to queue
[2023-07-07T12:00:55.286+0000] {logging_mixin.py:120} INFO - [2023-07-07T12:00:55.285+0000] {dagbag.py:537} INFO - Filling up the DagBag from /home/airflow/.local/lib/python3.7/site-packages/airflow/example_dags/example_trigger_target_dag.py
[2023-07-07T12:00:55.297+0000] {processor.py:766} INFO - DAG(s) dict_keys(['example_trigger_target_dag']) retrieved from /home/airflow/.local/lib/python3.7/site-packages/airflow/example_dags/example_trigger_target_dag.py
[2023-07-07T12:00:55.320+0000] {logging_mixin.py:120} INFO - [2023-07-07T12:00:55.320+0000] {dag.py:2585} INFO - Sync 1 DAGs
[2023-07-07T12:00:55.333+0000] {logging_mixin.py:120} INFO - [2023-07-07T12:00:55.333+0000] {dag.py:3340} INFO - Setting next_dagrun for example_trigger_target_dag to None, run_after=None
[2023-07-07T12:00:55.344+0000] {processor.py:176} INFO - Processing /home/airflow/.local/lib/python3.7/site-packages/airflow/example_dags/example_trigger_target_dag.py took 0.061 seconds
[2023-07-07T12:01:26.533+0000] {processor.py:154} INFO - Started process (PID=177) to work on /home/airflow/.local/lib/python3.7/site-packages/airflow/example_dags/example_trigger_target_dag.py
[2023-07-07T12:01:26.533+0000] {processor.py:756} INFO - Processing file /home/airflow/.local/lib/python3.7/site-packages/airflow/example_dags/example_trigger_target_dag.py for tasks to queue
[2023-07-07T12:01:26.534+0000] {logging_mixin.py:120} INFO - [2023-07-07T12:01:26.534+0000] {dagbag.py:537} INFO - Filling up the DagBag from /home/airflow/.local/lib/python3.7/site-packages/airflow/example_dags/example_trigger_target_dag.py
[2023-07-07T12:01:26.550+0000] {processor.py:766} INFO - DAG(s) dict_keys(['example_trigger_target_dag']) retrieved from /home/airflow/.local/lib/python3.7/site-packages/airflow/example_dags/example_trigger_target_dag.py
[2023-07-07T12:01:26.579+0000] {logging_mixin.py:120} INFO - [2023-07-07T12:01:26.579+0000] {dag.py:2585} INFO - Sync 1 DAGs
[2023-07-07T12:01:26.598+0000] {logging_mixin.py:120} INFO - [2023-07-07T12:01:26.598+0000] {dag.py:3340} INFO - Setting next_dagrun for example_trigger_target_dag to None, run_after=None
[2023-07-07T12:01:26.613+0000] {processor.py:176} INFO - Processing /home/airflow/.local/lib/python3.7/site-packages/airflow/example_dags/example_trigger_target_dag.py took 0.082 seconds
[2023-07-07T12:01:57.177+0000] {processor.py:154} INFO - Started process (PID=244) to work on /home/airflow/.local/lib/python3.7/site-packages/airflow/example_dags/example_trigger_target_dag.py
[2023-07-07T12:01:57.187+0000] {processor.py:756} INFO - Processing file /home/airflow/.local/lib/python3.7/site-packages/airflow/example_dags/example_trigger_target_dag.py for tasks to queue
[2023-07-07T12:01:57.187+0000] {logging_mixin.py:120} INFO - [2023-07-07T12:01:57.187+0000] {dagbag.py:537} INFO - Filling up the DagBag from /home/airflow/.local/lib/python3.7/site-packages/airflow/example_dags/example_trigger_target_dag.py
[2023-07-07T12:01:57.200+0000] {processor.py:766} INFO - DAG(s) dict_keys(['example_trigger_target_dag']) retrieved from /home/airflow/.local/lib/python3.7/site-packages/airflow/example_dags/example_trigger_target_dag.py
[2023-07-07T12:01:57.223+0000] {logging_mixin.py:120} INFO - [2023-07-07T12:01:57.223+0000] {dag.py:2585} INFO - Sync 1 DAGs
[2023-07-07T12:01:57.238+0000] {logging_mixin.py:120} INFO - [2023-07-07T12:01:57.238+0000] {dag.py:3340} INFO - Setting next_dagrun for example_trigger_target_dag to None, run_after=None
[2023-07-07T12:01:57.364+0000] {processor.py:176} INFO - Processing /home/airflow/.local/lib/python3.7/site-packages/airflow/example_dags/example_trigger_target_dag.py took 0.188 seconds
[2023-07-07T12:02:34.301+0000] {processor.py:154} INFO - Started process (PID=43) to work on /home/airflow/.local/lib/python3.7/site-packages/airflow/example_dags/example_trigger_target_dag.py
[2023-07-07T12:02:34.308+0000] {processor.py:756} INFO - Processing file /home/airflow/.local/lib/python3.7/site-packages/airflow/example_dags/example_trigger_target_dag.py for tasks to queue
[2023-07-07T12:02:34.308+0000] {logging_mixin.py:120} INFO - [2023-07-07T12:02:34.308+0000] {dagbag.py:537} INFO - Filling up the DagBag from /home/airflow/.local/lib/python3.7/site-packages/airflow/example_dags/example_trigger_target_dag.py
[2023-07-07T12:02:34.342+0000] {processor.py:766} INFO - DAG(s) dict_keys(['example_trigger_target_dag']) retrieved from /home/airflow/.local/lib/python3.7/site-packages/airflow/example_dags/example_trigger_target_dag.py
[2023-07-07T12:02:34.388+0000] {logging_mixin.py:120} INFO - [2023-07-07T12:02:34.388+0000] {dag.py:2585} INFO - Sync 1 DAGs
[2023-07-07T12:02:34.420+0000] {logging_mixin.py:120} INFO - [2023-07-07T12:02:34.420+0000] {dag.py:3340} INFO - Setting next_dagrun for example_trigger_target_dag to None, run_after=None
[2023-07-07T12:02:34.445+0000] {processor.py:176} INFO - Processing /home/airflow/.local/lib/python3.7/site-packages/airflow/example_dags/example_trigger_target_dag.py took 0.147 seconds
[2023-07-07T12:03:04.491+0000] {processor.py:154} INFO - Started process (PID=108) to work on /home/airflow/.local/lib/python3.7/site-packages/airflow/example_dags/example_trigger_target_dag.py
[2023-07-07T12:03:04.493+0000] {processor.py:756} INFO - Processing file /home/airflow/.local/lib/python3.7/site-packages/airflow/example_dags/example_trigger_target_dag.py for tasks to queue
[2023-07-07T12:03:04.493+0000] {logging_mixin.py:120} INFO - [2023-07-07T12:03:04.493+0000] {dagbag.py:537} INFO - Filling up the DagBag from /home/airflow/.local/lib/python3.7/site-packages/airflow/example_dags/example_trigger_target_dag.py
[2023-07-07T12:03:04.505+0000] {processor.py:766} INFO - DAG(s) dict_keys(['example_trigger_target_dag']) retrieved from /home/airflow/.local/lib/python3.7/site-packages/airflow/example_dags/example_trigger_target_dag.py
[2023-07-07T12:03:04.528+0000] {logging_mixin.py:120} INFO - [2023-07-07T12:03:04.528+0000] {dag.py:2585} INFO - Sync 1 DAGs
[2023-07-07T12:03:04.542+0000] {logging_mixin.py:120} INFO - [2023-07-07T12:03:04.542+0000] {dag.py:3340} INFO - Setting next_dagrun for example_trigger_target_dag to None, run_after=None
[2023-07-07T12:03:04.554+0000] {processor.py:176} INFO - Processing /home/airflow/.local/lib/python3.7/site-packages/airflow/example_dags/example_trigger_target_dag.py took 0.064 seconds
[2023-07-07T12:03:34.572+0000] {processor.py:154} INFO - Started process (PID=167) to work on /home/airflow/.local/lib/python3.7/site-packages/airflow/example_dags/example_trigger_target_dag.py
[2023-07-07T12:03:34.573+0000] {processor.py:756} INFO - Processing file /home/airflow/.local/lib/python3.7/site-packages/airflow/example_dags/example_trigger_target_dag.py for tasks to queue
[2023-07-07T12:03:34.573+0000] {logging_mixin.py:120} INFO - [2023-07-07T12:03:34.573+0000] {dagbag.py:537} INFO - Filling up the DagBag from /home/airflow/.local/lib/python3.7/site-packages/airflow/example_dags/example_trigger_target_dag.py
[2023-07-07T12:03:34.586+0000] {processor.py:766} INFO - DAG(s) dict_keys(['example_trigger_target_dag']) retrieved from /home/airflow/.local/lib/python3.7/site-packages/airflow/example_dags/example_trigger_target_dag.py
[2023-07-07T12:03:34.613+0000] {logging_mixin.py:120} INFO - [2023-07-07T12:03:34.612+0000] {dag.py:2585} INFO - Sync 1 DAGs
[2023-07-07T12:03:34.632+0000] {logging_mixin.py:120} INFO - [2023-07-07T12:03:34.632+0000] {dag.py:3340} INFO - Setting next_dagrun for example_trigger_target_dag to None, run_after=None
[2023-07-07T12:03:34.651+0000] {processor.py:176} INFO - Processing /home/airflow/.local/lib/python3.7/site-packages/airflow/example_dags/example_trigger_target_dag.py took 0.080 seconds
[2023-07-07T12:04:04.900+0000] {processor.py:154} INFO - Started process (PID=235) to work on /home/airflow/.local/lib/python3.7/site-packages/airflow/example_dags/example_trigger_target_dag.py
[2023-07-07T12:04:04.900+0000] {processor.py:756} INFO - Processing file /home/airflow/.local/lib/python3.7/site-packages/airflow/example_dags/example_trigger_target_dag.py for tasks to queue
[2023-07-07T12:04:04.901+0000] {logging_mixin.py:120} INFO - [2023-07-07T12:04:04.901+0000] {dagbag.py:537} INFO - Filling up the DagBag from /home/airflow/.local/lib/python3.7/site-packages/airflow/example_dags/example_trigger_target_dag.py
[2023-07-07T12:04:04.913+0000] {processor.py:766} INFO - DAG(s) dict_keys(['example_trigger_target_dag']) retrieved from /home/airflow/.local/lib/python3.7/site-packages/airflow/example_dags/example_trigger_target_dag.py
[2023-07-07T12:04:04.935+0000] {logging_mixin.py:120} INFO - [2023-07-07T12:04:04.935+0000] {dag.py:2585} INFO - Sync 1 DAGs
[2023-07-07T12:04:04.948+0000] {logging_mixin.py:120} INFO - [2023-07-07T12:04:04.948+0000] {dag.py:3340} INFO - Setting next_dagrun for example_trigger_target_dag to None, run_after=None
[2023-07-07T12:04:04.960+0000] {processor.py:176} INFO - Processing /home/airflow/.local/lib/python3.7/site-packages/airflow/example_dags/example_trigger_target_dag.py took 0.062 seconds
[2023-07-07T12:04:35.201+0000] {processor.py:154} INFO - Started process (PID=302) to work on /home/airflow/.local/lib/python3.7/site-packages/airflow/example_dags/example_trigger_target_dag.py
[2023-07-07T12:04:35.202+0000] {processor.py:756} INFO - Processing file /home/airflow/.local/lib/python3.7/site-packages/airflow/example_dags/example_trigger_target_dag.py for tasks to queue
[2023-07-07T12:04:35.202+0000] {logging_mixin.py:120} INFO - [2023-07-07T12:04:35.202+0000] {dagbag.py:537} INFO - Filling up the DagBag from /home/airflow/.local/lib/python3.7/site-packages/airflow/example_dags/example_trigger_target_dag.py
[2023-07-07T12:04:35.216+0000] {processor.py:766} INFO - DAG(s) dict_keys(['example_trigger_target_dag']) retrieved from /home/airflow/.local/lib/python3.7/site-packages/airflow/example_dags/example_trigger_target_dag.py
[2023-07-07T12:04:35.239+0000] {logging_mixin.py:120} INFO - [2023-07-07T12:04:35.239+0000] {dag.py:2585} INFO - Sync 1 DAGs
[2023-07-07T12:04:35.254+0000] {logging_mixin.py:120} INFO - [2023-07-07T12:04:35.253+0000] {dag.py:3340} INFO - Setting next_dagrun for example_trigger_target_dag to None, run_after=None
[2023-07-07T12:04:35.263+0000] {processor.py:176} INFO - Processing /home/airflow/.local/lib/python3.7/site-packages/airflow/example_dags/example_trigger_target_dag.py took 0.064 seconds
[2023-07-07T12:05:05.451+0000] {processor.py:154} INFO - Started process (PID=369) to work on /home/airflow/.local/lib/python3.7/site-packages/airflow/example_dags/example_trigger_target_dag.py
[2023-07-07T12:05:05.451+0000] {processor.py:756} INFO - Processing file /home/airflow/.local/lib/python3.7/site-packages/airflow/example_dags/example_trigger_target_dag.py for tasks to queue
[2023-07-07T12:05:05.452+0000] {logging_mixin.py:120} INFO - [2023-07-07T12:05:05.452+0000] {dagbag.py:537} INFO - Filling up the DagBag from /home/airflow/.local/lib/python3.7/site-packages/airflow/example_dags/example_trigger_target_dag.py
[2023-07-07T12:05:05.464+0000] {processor.py:766} INFO - DAG(s) dict_keys(['example_trigger_target_dag']) retrieved from /home/airflow/.local/lib/python3.7/site-packages/airflow/example_dags/example_trigger_target_dag.py
[2023-07-07T12:05:05.515+0000] {logging_mixin.py:120} INFO - [2023-07-07T12:05:05.515+0000] {dag.py:2585} INFO - Sync 1 DAGs
[2023-07-07T12:05:05.530+0000] {logging_mixin.py:120} INFO - [2023-07-07T12:05:05.530+0000] {dag.py:3340} INFO - Setting next_dagrun for example_trigger_target_dag to None, run_after=None
[2023-07-07T12:05:05.541+0000] {processor.py:176} INFO - Processing /home/airflow/.local/lib/python3.7/site-packages/airflow/example_dags/example_trigger_target_dag.py took 0.092 seconds
[2023-07-07T12:05:36.460+0000] {processor.py:154} INFO - Started process (PID=437) to work on /home/airflow/.local/lib/python3.7/site-packages/airflow/example_dags/example_trigger_target_dag.py
[2023-07-07T12:05:36.461+0000] {processor.py:756} INFO - Processing file /home/airflow/.local/lib/python3.7/site-packages/airflow/example_dags/example_trigger_target_dag.py for tasks to queue
[2023-07-07T12:05:36.462+0000] {logging_mixin.py:120} INFO - [2023-07-07T12:05:36.461+0000] {dagbag.py:537} INFO - Filling up the DagBag from /home/airflow/.local/lib/python3.7/site-packages/airflow/example_dags/example_trigger_target_dag.py
[2023-07-07T12:05:36.475+0000] {processor.py:766} INFO - DAG(s) dict_keys(['example_trigger_target_dag']) retrieved from /home/airflow/.local/lib/python3.7/site-packages/airflow/example_dags/example_trigger_target_dag.py
[2023-07-07T12:05:36.503+0000] {logging_mixin.py:120} INFO - [2023-07-07T12:05:36.503+0000] {dag.py:2585} INFO - Sync 1 DAGs
[2023-07-07T12:05:36.522+0000] {logging_mixin.py:120} INFO - [2023-07-07T12:05:36.521+0000] {dag.py:3340} INFO - Setting next_dagrun for example_trigger_target_dag to None, run_after=None
[2023-07-07T12:05:36.535+0000] {processor.py:176} INFO - Processing /home/airflow/.local/lib/python3.7/site-packages/airflow/example_dags/example_trigger_target_dag.py took 0.076 seconds
[2023-07-07T12:06:06.744+0000] {processor.py:154} INFO - Started process (PID=495) to work on /home/airflow/.local/lib/python3.7/site-packages/airflow/example_dags/example_trigger_target_dag.py
[2023-07-07T12:06:06.744+0000] {processor.py:756} INFO - Processing file /home/airflow/.local/lib/python3.7/site-packages/airflow/example_dags/example_trigger_target_dag.py for tasks to queue
[2023-07-07T12:06:06.744+0000] {logging_mixin.py:120} INFO - [2023-07-07T12:06:06.744+0000] {dagbag.py:537} INFO - Filling up the DagBag from /home/airflow/.local/lib/python3.7/site-packages/airflow/example_dags/example_trigger_target_dag.py
[2023-07-07T12:06:06.757+0000] {processor.py:766} INFO - DAG(s) dict_keys(['example_trigger_target_dag']) retrieved from /home/airflow/.local/lib/python3.7/site-packages/airflow/example_dags/example_trigger_target_dag.py
[2023-07-07T12:06:06.781+0000] {logging_mixin.py:120} INFO - [2023-07-07T12:06:06.781+0000] {dag.py:2585} INFO - Sync 1 DAGs
[2023-07-07T12:06:06.797+0000] {logging_mixin.py:120} INFO - [2023-07-07T12:06:06.797+0000] {dag.py:3340} INFO - Setting next_dagrun for example_trigger_target_dag to None, run_after=None
[2023-07-07T12:06:06.811+0000] {processor.py:176} INFO - Processing /home/airflow/.local/lib/python3.7/site-packages/airflow/example_dags/example_trigger_target_dag.py took 0.069 seconds
[2023-07-07T12:06:37.097+0000] {processor.py:154} INFO - Started process (PID=561) to work on /home/airflow/.local/lib/python3.7/site-packages/airflow/example_dags/example_trigger_target_dag.py
[2023-07-07T12:06:37.098+0000] {processor.py:756} INFO - Processing file /home/airflow/.local/lib/python3.7/site-packages/airflow/example_dags/example_trigger_target_dag.py for tasks to queue
[2023-07-07T12:06:37.098+0000] {logging_mixin.py:120} INFO - [2023-07-07T12:06:37.098+0000] {dagbag.py:537} INFO - Filling up the DagBag from /home/airflow/.local/lib/python3.7/site-packages/airflow/example_dags/example_trigger_target_dag.py
[2023-07-07T12:06:37.112+0000] {processor.py:766} INFO - DAG(s) dict_keys(['example_trigger_target_dag']) retrieved from /home/airflow/.local/lib/python3.7/site-packages/airflow/example_dags/example_trigger_target_dag.py
[2023-07-07T12:06:37.135+0000] {logging_mixin.py:120} INFO - [2023-07-07T12:06:37.135+0000] {dag.py:2585} INFO - Sync 1 DAGs
[2023-07-07T12:06:37.150+0000] {logging_mixin.py:120} INFO - [2023-07-07T12:06:37.150+0000] {dag.py:3340} INFO - Setting next_dagrun for example_trigger_target_dag to None, run_after=None
[2023-07-07T12:06:37.161+0000] {processor.py:176} INFO - Processing /home/airflow/.local/lib/python3.7/site-packages/airflow/example_dags/example_trigger_target_dag.py took 0.067 seconds
[2023-07-07T12:07:08.172+0000] {processor.py:154} INFO - Started process (PID=628) to work on /home/airflow/.local/lib/python3.7/site-packages/airflow/example_dags/example_trigger_target_dag.py
[2023-07-07T12:07:08.173+0000] {processor.py:756} INFO - Processing file /home/airflow/.local/lib/python3.7/site-packages/airflow/example_dags/example_trigger_target_dag.py for tasks to queue
[2023-07-07T12:07:08.174+0000] {logging_mixin.py:120} INFO - [2023-07-07T12:07:08.173+0000] {dagbag.py:537} INFO - Filling up the DagBag from /home/airflow/.local/lib/python3.7/site-packages/airflow/example_dags/example_trigger_target_dag.py
[2023-07-07T12:07:08.184+0000] {processor.py:766} INFO - DAG(s) dict_keys(['example_trigger_target_dag']) retrieved from /home/airflow/.local/lib/python3.7/site-packages/airflow/example_dags/example_trigger_target_dag.py
[2023-07-07T12:07:08.208+0000] {logging_mixin.py:120} INFO - [2023-07-07T12:07:08.208+0000] {dag.py:2585} INFO - Sync 1 DAGs
[2023-07-07T12:07:08.222+0000] {logging_mixin.py:120} INFO - [2023-07-07T12:07:08.222+0000] {dag.py:3340} INFO - Setting next_dagrun for example_trigger_target_dag to None, run_after=None
[2023-07-07T12:07:08.234+0000] {processor.py:176} INFO - Processing /home/airflow/.local/lib/python3.7/site-packages/airflow/example_dags/example_trigger_target_dag.py took 0.063 seconds
[2023-07-07T12:07:38.405+0000] {processor.py:154} INFO - Started process (PID=695) to work on /home/airflow/.local/lib/python3.7/site-packages/airflow/example_dags/example_trigger_target_dag.py
[2023-07-07T12:07:38.405+0000] {processor.py:756} INFO - Processing file /home/airflow/.local/lib/python3.7/site-packages/airflow/example_dags/example_trigger_target_dag.py for tasks to queue
[2023-07-07T12:07:38.405+0000] {logging_mixin.py:120} INFO - [2023-07-07T12:07:38.405+0000] {dagbag.py:537} INFO - Filling up the DagBag from /home/airflow/.local/lib/python3.7/site-packages/airflow/example_dags/example_trigger_target_dag.py
[2023-07-07T12:07:38.416+0000] {processor.py:766} INFO - DAG(s) dict_keys(['example_trigger_target_dag']) retrieved from /home/airflow/.local/lib/python3.7/site-packages/airflow/example_dags/example_trigger_target_dag.py
[2023-07-07T12:07:38.440+0000] {logging_mixin.py:120} INFO - [2023-07-07T12:07:38.440+0000] {dag.py:2585} INFO - Sync 1 DAGs
[2023-07-07T12:07:38.454+0000] {logging_mixin.py:120} INFO - [2023-07-07T12:07:38.454+0000] {dag.py:3340} INFO - Setting next_dagrun for example_trigger_target_dag to None, run_after=None
[2023-07-07T12:07:38.466+0000] {processor.py:176} INFO - Processing /home/airflow/.local/lib/python3.7/site-packages/airflow/example_dags/example_trigger_target_dag.py took 0.063 seconds
[2023-07-07T12:08:08.593+0000] {processor.py:154} INFO - Started process (PID=762) to work on /home/airflow/.local/lib/python3.7/site-packages/airflow/example_dags/example_trigger_target_dag.py
[2023-07-07T12:08:08.594+0000] {processor.py:756} INFO - Processing file /home/airflow/.local/lib/python3.7/site-packages/airflow/example_dags/example_trigger_target_dag.py for tasks to queue
[2023-07-07T12:08:08.594+0000] {logging_mixin.py:120} INFO - [2023-07-07T12:08:08.594+0000] {dagbag.py:537} INFO - Filling up the DagBag from /home/airflow/.local/lib/python3.7/site-packages/airflow/example_dags/example_trigger_target_dag.py
[2023-07-07T12:08:08.606+0000] {processor.py:766} INFO - DAG(s) dict_keys(['example_trigger_target_dag']) retrieved from /home/airflow/.local/lib/python3.7/site-packages/airflow/example_dags/example_trigger_target_dag.py
[2023-07-07T12:08:08.629+0000] {logging_mixin.py:120} INFO - [2023-07-07T12:08:08.629+0000] {dag.py:2585} INFO - Sync 1 DAGs
[2023-07-07T12:08:08.643+0000] {logging_mixin.py:120} INFO - [2023-07-07T12:08:08.643+0000] {dag.py:3340} INFO - Setting next_dagrun for example_trigger_target_dag to None, run_after=None
[2023-07-07T12:08:08.656+0000] {processor.py:176} INFO - Processing /home/airflow/.local/lib/python3.7/site-packages/airflow/example_dags/example_trigger_target_dag.py took 0.065 seconds
[2023-07-07T12:08:38.904+0000] {processor.py:154} INFO - Started process (PID=820) to work on /home/airflow/.local/lib/python3.7/site-packages/airflow/example_dags/example_trigger_target_dag.py
[2023-07-07T12:08:38.905+0000] {processor.py:756} INFO - Processing file /home/airflow/.local/lib/python3.7/site-packages/airflow/example_dags/example_trigger_target_dag.py for tasks to queue
[2023-07-07T12:08:38.906+0000] {logging_mixin.py:120} INFO - [2023-07-07T12:08:38.906+0000] {dagbag.py:537} INFO - Filling up the DagBag from /home/airflow/.local/lib/python3.7/site-packages/airflow/example_dags/example_trigger_target_dag.py
[2023-07-07T12:08:38.925+0000] {processor.py:766} INFO - DAG(s) dict_keys(['example_trigger_target_dag']) retrieved from /home/airflow/.local/lib/python3.7/site-packages/airflow/example_dags/example_trigger_target_dag.py
[2023-07-07T12:08:38.955+0000] {logging_mixin.py:120} INFO - [2023-07-07T12:08:38.954+0000] {dag.py:2585} INFO - Sync 1 DAGs
[2023-07-07T12:08:38.972+0000] {logging_mixin.py:120} INFO - [2023-07-07T12:08:38.971+0000] {dag.py:3340} INFO - Setting next_dagrun for example_trigger_target_dag to None, run_after=None
[2023-07-07T12:08:38.986+0000] {processor.py:176} INFO - Processing /home/airflow/.local/lib/python3.7/site-packages/airflow/example_dags/example_trigger_target_dag.py took 0.084 seconds
[2023-07-07T12:09:09.158+0000] {processor.py:154} INFO - Started process (PID=886) to work on /home/airflow/.local/lib/python3.7/site-packages/airflow/example_dags/example_trigger_target_dag.py
[2023-07-07T12:09:09.159+0000] {processor.py:756} INFO - Processing file /home/airflow/.local/lib/python3.7/site-packages/airflow/example_dags/example_trigger_target_dag.py for tasks to queue
[2023-07-07T12:09:09.160+0000] {logging_mixin.py:120} INFO - [2023-07-07T12:09:09.159+0000] {dagbag.py:537} INFO - Filling up the DagBag from /home/airflow/.local/lib/python3.7/site-packages/airflow/example_dags/example_trigger_target_dag.py
[2023-07-07T12:09:09.171+0000] {processor.py:766} INFO - DAG(s) dict_keys(['example_trigger_target_dag']) retrieved from /home/airflow/.local/lib/python3.7/site-packages/airflow/example_dags/example_trigger_target_dag.py
[2023-07-07T12:09:09.195+0000] {logging_mixin.py:120} INFO - [2023-07-07T12:09:09.195+0000] {dag.py:2585} INFO - Sync 1 DAGs
[2023-07-07T12:09:09.209+0000] {logging_mixin.py:120} INFO - [2023-07-07T12:09:09.209+0000] {dag.py:3340} INFO - Setting next_dagrun for example_trigger_target_dag to None, run_after=None
[2023-07-07T12:09:09.221+0000] {processor.py:176} INFO - Processing /home/airflow/.local/lib/python3.7/site-packages/airflow/example_dags/example_trigger_target_dag.py took 0.064 seconds
[2023-07-07T12:09:39.470+0000] {processor.py:154} INFO - Started process (PID=953) to work on /home/airflow/.local/lib/python3.7/site-packages/airflow/example_dags/example_trigger_target_dag.py
[2023-07-07T12:09:39.470+0000] {processor.py:756} INFO - Processing file /home/airflow/.local/lib/python3.7/site-packages/airflow/example_dags/example_trigger_target_dag.py for tasks to queue
[2023-07-07T12:09:39.471+0000] {logging_mixin.py:120} INFO - [2023-07-07T12:09:39.471+0000] {dagbag.py:537} INFO - Filling up the DagBag from /home/airflow/.local/lib/python3.7/site-packages/airflow/example_dags/example_trigger_target_dag.py
[2023-07-07T12:09:39.484+0000] {processor.py:766} INFO - DAG(s) dict_keys(['example_trigger_target_dag']) retrieved from /home/airflow/.local/lib/python3.7/site-packages/airflow/example_dags/example_trigger_target_dag.py
[2023-07-07T12:09:39.508+0000] {logging_mixin.py:120} INFO - [2023-07-07T12:09:39.508+0000] {dag.py:2585} INFO - Sync 1 DAGs
[2023-07-07T12:09:39.523+0000] {logging_mixin.py:120} INFO - [2023-07-07T12:09:39.523+0000] {dag.py:3340} INFO - Setting next_dagrun for example_trigger_target_dag to None, run_after=None
[2023-07-07T12:09:39.533+0000] {processor.py:176} INFO - Processing /home/airflow/.local/lib/python3.7/site-packages/airflow/example_dags/example_trigger_target_dag.py took 0.066 seconds
[2023-07-07T12:10:09.575+0000] {processor.py:154} INFO - Started process (PID=1021) to work on /home/airflow/.local/lib/python3.7/site-packages/airflow/example_dags/example_trigger_target_dag.py
[2023-07-07T12:10:09.575+0000] {processor.py:756} INFO - Processing file /home/airflow/.local/lib/python3.7/site-packages/airflow/example_dags/example_trigger_target_dag.py for tasks to queue
[2023-07-07T12:10:09.575+0000] {logging_mixin.py:120} INFO - [2023-07-07T12:10:09.575+0000] {dagbag.py:537} INFO - Filling up the DagBag from /home/airflow/.local/lib/python3.7/site-packages/airflow/example_dags/example_trigger_target_dag.py
[2023-07-07T12:10:09.590+0000] {processor.py:766} INFO - DAG(s) dict_keys(['example_trigger_target_dag']) retrieved from /home/airflow/.local/lib/python3.7/site-packages/airflow/example_dags/example_trigger_target_dag.py
[2023-07-07T12:10:09.619+0000] {logging_mixin.py:120} INFO - [2023-07-07T12:10:09.619+0000] {dag.py:2585} INFO - Sync 1 DAGs
[2023-07-07T12:10:09.636+0000] {logging_mixin.py:120} INFO - [2023-07-07T12:10:09.636+0000] {dag.py:3340} INFO - Setting next_dagrun for example_trigger_target_dag to None, run_after=None
[2023-07-07T12:10:09.653+0000] {processor.py:176} INFO - Processing /home/airflow/.local/lib/python3.7/site-packages/airflow/example_dags/example_trigger_target_dag.py took 0.080 seconds
[2023-07-07T12:10:40.019+0000] {processor.py:154} INFO - Started process (PID=1086) to work on /home/airflow/.local/lib/python3.7/site-packages/airflow/example_dags/example_trigger_target_dag.py
[2023-07-07T12:10:40.020+0000] {processor.py:756} INFO - Processing file /home/airflow/.local/lib/python3.7/site-packages/airflow/example_dags/example_trigger_target_dag.py for tasks to queue
[2023-07-07T12:10:40.021+0000] {logging_mixin.py:120} INFO - [2023-07-07T12:10:40.020+0000] {dagbag.py:537} INFO - Filling up the DagBag from /home/airflow/.local/lib/python3.7/site-packages/airflow/example_dags/example_trigger_target_dag.py
[2023-07-07T12:10:40.037+0000] {processor.py:766} INFO - DAG(s) dict_keys(['example_trigger_target_dag']) retrieved from /home/airflow/.local/lib/python3.7/site-packages/airflow/example_dags/example_trigger_target_dag.py
[2023-07-07T12:10:40.066+0000] {logging_mixin.py:120} INFO - [2023-07-07T12:10:40.066+0000] {dag.py:2585} INFO - Sync 1 DAGs
[2023-07-07T12:10:40.086+0000] {logging_mixin.py:120} INFO - [2023-07-07T12:10:40.086+0000] {dag.py:3340} INFO - Setting next_dagrun for example_trigger_target_dag to None, run_after=None
[2023-07-07T12:10:40.100+0000] {processor.py:176} INFO - Processing /home/airflow/.local/lib/python3.7/site-packages/airflow/example_dags/example_trigger_target_dag.py took 0.082 seconds
[2023-07-07T12:11:10.230+0000] {processor.py:154} INFO - Started process (PID=1147) to work on /home/airflow/.local/lib/python3.7/site-packages/airflow/example_dags/example_trigger_target_dag.py
[2023-07-07T12:11:10.230+0000] {processor.py:756} INFO - Processing file /home/airflow/.local/lib/python3.7/site-packages/airflow/example_dags/example_trigger_target_dag.py for tasks to queue
[2023-07-07T12:11:10.231+0000] {logging_mixin.py:120} INFO - [2023-07-07T12:11:10.231+0000] {dagbag.py:537} INFO - Filling up the DagBag from /home/airflow/.local/lib/python3.7/site-packages/airflow/example_dags/example_trigger_target_dag.py
[2023-07-07T12:11:10.244+0000] {processor.py:766} INFO - DAG(s) dict_keys(['example_trigger_target_dag']) retrieved from /home/airflow/.local/lib/python3.7/site-packages/airflow/example_dags/example_trigger_target_dag.py
[2023-07-07T12:11:10.270+0000] {logging_mixin.py:120} INFO - [2023-07-07T12:11:10.270+0000] {dag.py:2585} INFO - Sync 1 DAGs
[2023-07-07T12:11:10.287+0000] {logging_mixin.py:120} INFO - [2023-07-07T12:11:10.287+0000] {dag.py:3340} INFO - Setting next_dagrun for example_trigger_target_dag to None, run_after=None
[2023-07-07T12:11:10.300+0000] {processor.py:176} INFO - Processing /home/airflow/.local/lib/python3.7/site-packages/airflow/example_dags/example_trigger_target_dag.py took 0.072 seconds
[2023-07-07T12:11:40.546+0000] {processor.py:154} INFO - Started process (PID=1213) to work on /home/airflow/.local/lib/python3.7/site-packages/airflow/example_dags/example_trigger_target_dag.py
[2023-07-07T12:11:40.547+0000] {processor.py:756} INFO - Processing file /home/airflow/.local/lib/python3.7/site-packages/airflow/example_dags/example_trigger_target_dag.py for tasks to queue
[2023-07-07T12:11:40.547+0000] {logging_mixin.py:120} INFO - [2023-07-07T12:11:40.547+0000] {dagbag.py:537} INFO - Filling up the DagBag from /home/airflow/.local/lib/python3.7/site-packages/airflow/example_dags/example_trigger_target_dag.py
[2023-07-07T12:11:40.560+0000] {processor.py:766} INFO - DAG(s) dict_keys(['example_trigger_target_dag']) retrieved from /home/airflow/.local/lib/python3.7/site-packages/airflow/example_dags/example_trigger_target_dag.py
[2023-07-07T12:11:40.585+0000] {logging_mixin.py:120} INFO - [2023-07-07T12:11:40.585+0000] {dag.py:2585} INFO - Sync 1 DAGs
[2023-07-07T12:11:40.600+0000] {logging_mixin.py:120} INFO - [2023-07-07T12:11:40.600+0000] {dag.py:3340} INFO - Setting next_dagrun for example_trigger_target_dag to None, run_after=None
[2023-07-07T12:11:40.612+0000] {processor.py:176} INFO - Processing /home/airflow/.local/lib/python3.7/site-packages/airflow/example_dags/example_trigger_target_dag.py took 0.067 seconds
[2023-07-07T12:12:10.809+0000] {processor.py:154} INFO - Started process (PID=1281) to work on /home/airflow/.local/lib/python3.7/site-packages/airflow/example_dags/example_trigger_target_dag.py
[2023-07-07T12:12:10.810+0000] {processor.py:756} INFO - Processing file /home/airflow/.local/lib/python3.7/site-packages/airflow/example_dags/example_trigger_target_dag.py for tasks to queue
[2023-07-07T12:12:10.810+0000] {logging_mixin.py:120} INFO - [2023-07-07T12:12:10.810+0000] {dagbag.py:537} INFO - Filling up the DagBag from /home/airflow/.local/lib/python3.7/site-packages/airflow/example_dags/example_trigger_target_dag.py
[2023-07-07T12:12:10.825+0000] {processor.py:766} INFO - DAG(s) dict_keys(['example_trigger_target_dag']) retrieved from /home/airflow/.local/lib/python3.7/site-packages/airflow/example_dags/example_trigger_target_dag.py
[2023-07-07T12:12:10.851+0000] {logging_mixin.py:120} INFO - [2023-07-07T12:12:10.851+0000] {dag.py:2585} INFO - Sync 1 DAGs
[2023-07-07T12:12:10.871+0000] {logging_mixin.py:120} INFO - [2023-07-07T12:12:10.870+0000] {dag.py:3340} INFO - Setting next_dagrun for example_trigger_target_dag to None, run_after=None
[2023-07-07T12:12:10.885+0000] {processor.py:176} INFO - Processing /home/airflow/.local/lib/python3.7/site-packages/airflow/example_dags/example_trigger_target_dag.py took 0.077 seconds
[2023-07-07T12:12:40.980+0000] {processor.py:154} INFO - Started process (PID=1347) to work on /home/airflow/.local/lib/python3.7/site-packages/airflow/example_dags/example_trigger_target_dag.py
[2023-07-07T12:12:40.980+0000] {processor.py:756} INFO - Processing file /home/airflow/.local/lib/python3.7/site-packages/airflow/example_dags/example_trigger_target_dag.py for tasks to queue
[2023-07-07T12:12:40.981+0000] {logging_mixin.py:120} INFO - [2023-07-07T12:12:40.981+0000] {dagbag.py:537} INFO - Filling up the DagBag from /home/airflow/.local/lib/python3.7/site-packages/airflow/example_dags/example_trigger_target_dag.py
[2023-07-07T12:12:40.995+0000] {processor.py:766} INFO - DAG(s) dict_keys(['example_trigger_target_dag']) retrieved from /home/airflow/.local/lib/python3.7/site-packages/airflow/example_dags/example_trigger_target_dag.py
[2023-07-07T12:12:41.021+0000] {logging_mixin.py:120} INFO - [2023-07-07T12:12:41.021+0000] {dag.py:2585} INFO - Sync 1 DAGs
[2023-07-07T12:12:41.040+0000] {logging_mixin.py:120} INFO - [2023-07-07T12:12:41.039+0000] {dag.py:3340} INFO - Setting next_dagrun for example_trigger_target_dag to None, run_after=None
[2023-07-07T12:12:41.053+0000] {processor.py:176} INFO - Processing /home/airflow/.local/lib/python3.7/site-packages/airflow/example_dags/example_trigger_target_dag.py took 0.075 seconds
[2023-07-07T12:13:11.280+0000] {processor.py:154} INFO - Started process (PID=1405) to work on /home/airflow/.local/lib/python3.7/site-packages/airflow/example_dags/example_trigger_target_dag.py
[2023-07-07T12:13:11.281+0000] {processor.py:756} INFO - Processing file /home/airflow/.local/lib/python3.7/site-packages/airflow/example_dags/example_trigger_target_dag.py for tasks to queue
[2023-07-07T12:13:11.281+0000] {logging_mixin.py:120} INFO - [2023-07-07T12:13:11.281+0000] {dagbag.py:537} INFO - Filling up the DagBag from /home/airflow/.local/lib/python3.7/site-packages/airflow/example_dags/example_trigger_target_dag.py
[2023-07-07T12:13:11.295+0000] {processor.py:766} INFO - DAG(s) dict_keys(['example_trigger_target_dag']) retrieved from /home/airflow/.local/lib/python3.7/site-packages/airflow/example_dags/example_trigger_target_dag.py
[2023-07-07T12:13:11.319+0000] {logging_mixin.py:120} INFO - [2023-07-07T12:13:11.318+0000] {dag.py:2585} INFO - Sync 1 DAGs
[2023-07-07T12:13:11.333+0000] {logging_mixin.py:120} INFO - [2023-07-07T12:13:11.333+0000] {dag.py:3340} INFO - Setting next_dagrun for example_trigger_target_dag to None, run_after=None
[2023-07-07T12:13:11.344+0000] {processor.py:176} INFO - Processing /home/airflow/.local/lib/python3.7/site-packages/airflow/example_dags/example_trigger_target_dag.py took 0.066 seconds
[2023-07-07T12:13:41.376+0000] {processor.py:154} INFO - Started process (PID=1473) to work on /home/airflow/.local/lib/python3.7/site-packages/airflow/example_dags/example_trigger_target_dag.py
[2023-07-07T12:13:41.377+0000] {processor.py:756} INFO - Processing file /home/airflow/.local/lib/python3.7/site-packages/airflow/example_dags/example_trigger_target_dag.py for tasks to queue
[2023-07-07T12:13:41.377+0000] {logging_mixin.py:120} INFO - [2023-07-07T12:13:41.377+0000] {dagbag.py:537} INFO - Filling up the DagBag from /home/airflow/.local/lib/python3.7/site-packages/airflow/example_dags/example_trigger_target_dag.py
[2023-07-07T12:13:41.389+0000] {processor.py:766} INFO - DAG(s) dict_keys(['example_trigger_target_dag']) retrieved from /home/airflow/.local/lib/python3.7/site-packages/airflow/example_dags/example_trigger_target_dag.py
[2023-07-07T12:13:41.413+0000] {logging_mixin.py:120} INFO - [2023-07-07T12:13:41.412+0000] {dag.py:2585} INFO - Sync 1 DAGs
[2023-07-07T12:13:41.429+0000] {logging_mixin.py:120} INFO - [2023-07-07T12:13:41.428+0000] {dag.py:3340} INFO - Setting next_dagrun for example_trigger_target_dag to None, run_after=None
[2023-07-07T12:13:41.440+0000] {processor.py:176} INFO - Processing /home/airflow/.local/lib/python3.7/site-packages/airflow/example_dags/example_trigger_target_dag.py took 0.066 seconds
[2023-07-07T12:14:11.594+0000] {processor.py:154} INFO - Started process (PID=1541) to work on /home/airflow/.local/lib/python3.7/site-packages/airflow/example_dags/example_trigger_target_dag.py
[2023-07-07T12:14:11.594+0000] {processor.py:756} INFO - Processing file /home/airflow/.local/lib/python3.7/site-packages/airflow/example_dags/example_trigger_target_dag.py for tasks to queue
[2023-07-07T12:14:11.594+0000] {logging_mixin.py:120} INFO - [2023-07-07T12:14:11.594+0000] {dagbag.py:537} INFO - Filling up the DagBag from /home/airflow/.local/lib/python3.7/site-packages/airflow/example_dags/example_trigger_target_dag.py
[2023-07-07T12:14:11.606+0000] {processor.py:766} INFO - DAG(s) dict_keys(['example_trigger_target_dag']) retrieved from /home/airflow/.local/lib/python3.7/site-packages/airflow/example_dags/example_trigger_target_dag.py
[2023-07-07T12:14:11.629+0000] {logging_mixin.py:120} INFO - [2023-07-07T12:14:11.629+0000] {dag.py:2585} INFO - Sync 1 DAGs
[2023-07-07T12:14:11.645+0000] {logging_mixin.py:120} INFO - [2023-07-07T12:14:11.645+0000] {dag.py:3340} INFO - Setting next_dagrun for example_trigger_target_dag to None, run_after=None
[2023-07-07T12:14:11.657+0000] {processor.py:176} INFO - Processing /home/airflow/.local/lib/python3.7/site-packages/airflow/example_dags/example_trigger_target_dag.py took 0.065 seconds
[2023-07-07T12:14:41.724+0000] {processor.py:154} INFO - Started process (PID=1608) to work on /home/airflow/.local/lib/python3.7/site-packages/airflow/example_dags/example_trigger_target_dag.py
[2023-07-07T12:14:41.725+0000] {processor.py:756} INFO - Processing file /home/airflow/.local/lib/python3.7/site-packages/airflow/example_dags/example_trigger_target_dag.py for tasks to queue
[2023-07-07T12:14:41.725+0000] {logging_mixin.py:120} INFO - [2023-07-07T12:14:41.725+0000] {dagbag.py:537} INFO - Filling up the DagBag from /home/airflow/.local/lib/python3.7/site-packages/airflow/example_dags/example_trigger_target_dag.py
[2023-07-07T12:14:41.737+0000] {processor.py:766} INFO - DAG(s) dict_keys(['example_trigger_target_dag']) retrieved from /home/airflow/.local/lib/python3.7/site-packages/airflow/example_dags/example_trigger_target_dag.py
[2023-07-07T12:14:41.762+0000] {logging_mixin.py:120} INFO - [2023-07-07T12:14:41.762+0000] {dag.py:2585} INFO - Sync 1 DAGs
[2023-07-07T12:14:41.779+0000] {logging_mixin.py:120} INFO - [2023-07-07T12:14:41.779+0000] {dag.py:3340} INFO - Setting next_dagrun for example_trigger_target_dag to None, run_after=None
[2023-07-07T12:14:41.791+0000] {processor.py:176} INFO - Processing /home/airflow/.local/lib/python3.7/site-packages/airflow/example_dags/example_trigger_target_dag.py took 0.068 seconds
[2023-07-07T12:15:11.860+0000] {processor.py:154} INFO - Started process (PID=1666) to work on /home/airflow/.local/lib/python3.7/site-packages/airflow/example_dags/example_trigger_target_dag.py
[2023-07-07T12:15:11.860+0000] {processor.py:756} INFO - Processing file /home/airflow/.local/lib/python3.7/site-packages/airflow/example_dags/example_trigger_target_dag.py for tasks to queue
[2023-07-07T12:15:11.860+0000] {logging_mixin.py:120} INFO - [2023-07-07T12:15:11.860+0000] {dagbag.py:537} INFO - Filling up the DagBag from /home/airflow/.local/lib/python3.7/site-packages/airflow/example_dags/example_trigger_target_dag.py
[2023-07-07T12:15:11.873+0000] {processor.py:766} INFO - DAG(s) dict_keys(['example_trigger_target_dag']) retrieved from /home/airflow/.local/lib/python3.7/site-packages/airflow/example_dags/example_trigger_target_dag.py
[2023-07-07T12:15:11.898+0000] {logging_mixin.py:120} INFO - [2023-07-07T12:15:11.898+0000] {dag.py:2585} INFO - Sync 1 DAGs
[2023-07-07T12:15:11.914+0000] {logging_mixin.py:120} INFO - [2023-07-07T12:15:11.914+0000] {dag.py:3340} INFO - Setting next_dagrun for example_trigger_target_dag to None, run_after=None
[2023-07-07T12:15:11.927+0000] {processor.py:176} INFO - Processing /home/airflow/.local/lib/python3.7/site-packages/airflow/example_dags/example_trigger_target_dag.py took 0.069 seconds
[2023-07-07T12:15:42.115+0000] {processor.py:154} INFO - Started process (PID=1733) to work on /home/airflow/.local/lib/python3.7/site-packages/airflow/example_dags/example_trigger_target_dag.py
[2023-07-07T12:15:42.115+0000] {processor.py:756} INFO - Processing file /home/airflow/.local/lib/python3.7/site-packages/airflow/example_dags/example_trigger_target_dag.py for tasks to queue
[2023-07-07T12:15:42.116+0000] {logging_mixin.py:120} INFO - [2023-07-07T12:15:42.116+0000] {dagbag.py:537} INFO - Filling up the DagBag from /home/airflow/.local/lib/python3.7/site-packages/airflow/example_dags/example_trigger_target_dag.py
[2023-07-07T12:15:42.128+0000] {processor.py:766} INFO - DAG(s) dict_keys(['example_trigger_target_dag']) retrieved from /home/airflow/.local/lib/python3.7/site-packages/airflow/example_dags/example_trigger_target_dag.py
[2023-07-07T12:15:42.154+0000] {logging_mixin.py:120} INFO - [2023-07-07T12:15:42.154+0000] {dag.py:2585} INFO - Sync 1 DAGs
[2023-07-07T12:15:42.170+0000] {logging_mixin.py:120} INFO - [2023-07-07T12:15:42.170+0000] {dag.py:3340} INFO - Setting next_dagrun for example_trigger_target_dag to None, run_after=None
[2023-07-07T12:15:42.181+0000] {processor.py:176} INFO - Processing /home/airflow/.local/lib/python3.7/site-packages/airflow/example_dags/example_trigger_target_dag.py took 0.068 seconds
[2023-07-07T12:16:12.498+0000] {processor.py:154} INFO - Started process (PID=1801) to work on /home/airflow/.local/lib/python3.7/site-packages/airflow/example_dags/example_trigger_target_dag.py
[2023-07-07T12:16:12.498+0000] {processor.py:756} INFO - Processing file /home/airflow/.local/lib/python3.7/site-packages/airflow/example_dags/example_trigger_target_dag.py for tasks to queue
[2023-07-07T12:16:12.499+0000] {logging_mixin.py:120} INFO - [2023-07-07T12:16:12.498+0000] {dagbag.py:537} INFO - Filling up the DagBag from /home/airflow/.local/lib/python3.7/site-packages/airflow/example_dags/example_trigger_target_dag.py
[2023-07-07T12:16:12.510+0000] {processor.py:766} INFO - DAG(s) dict_keys(['example_trigger_target_dag']) retrieved from /home/airflow/.local/lib/python3.7/site-packages/airflow/example_dags/example_trigger_target_dag.py
[2023-07-07T12:16:12.533+0000] {logging_mixin.py:120} INFO - [2023-07-07T12:16:12.533+0000] {dag.py:2585} INFO - Sync 1 DAGs
[2023-07-07T12:16:12.550+0000] {logging_mixin.py:120} INFO - [2023-07-07T12:16:12.550+0000] {dag.py:3340} INFO - Setting next_dagrun for example_trigger_target_dag to None, run_after=None
[2023-07-07T12:16:12.563+0000] {processor.py:176} INFO - Processing /home/airflow/.local/lib/python3.7/site-packages/airflow/example_dags/example_trigger_target_dag.py took 0.067 seconds
[2023-07-07T12:16:42.737+0000] {processor.py:154} INFO - Started process (PID=1869) to work on /home/airflow/.local/lib/python3.7/site-packages/airflow/example_dags/example_trigger_target_dag.py
[2023-07-07T12:16:42.737+0000] {processor.py:756} INFO - Processing file /home/airflow/.local/lib/python3.7/site-packages/airflow/example_dags/example_trigger_target_dag.py for tasks to queue
[2023-07-07T12:16:42.738+0000] {logging_mixin.py:120} INFO - [2023-07-07T12:16:42.738+0000] {dagbag.py:537} INFO - Filling up the DagBag from /home/airflow/.local/lib/python3.7/site-packages/airflow/example_dags/example_trigger_target_dag.py
[2023-07-07T12:16:42.749+0000] {processor.py:766} INFO - DAG(s) dict_keys(['example_trigger_target_dag']) retrieved from /home/airflow/.local/lib/python3.7/site-packages/airflow/example_dags/example_trigger_target_dag.py
[2023-07-07T12:16:42.776+0000] {logging_mixin.py:120} INFO - [2023-07-07T12:16:42.775+0000] {dag.py:2585} INFO - Sync 1 DAGs
[2023-07-07T12:16:42.794+0000] {logging_mixin.py:120} INFO - [2023-07-07T12:16:42.794+0000] {dag.py:3340} INFO - Setting next_dagrun for example_trigger_target_dag to None, run_after=None
[2023-07-07T12:16:42.807+0000] {processor.py:176} INFO - Processing /home/airflow/.local/lib/python3.7/site-packages/airflow/example_dags/example_trigger_target_dag.py took 0.073 seconds
[2023-07-07T12:17:13.087+0000] {processor.py:154} INFO - Started process (PID=1927) to work on /home/airflow/.local/lib/python3.7/site-packages/airflow/example_dags/example_trigger_target_dag.py
[2023-07-07T12:17:13.088+0000] {processor.py:756} INFO - Processing file /home/airflow/.local/lib/python3.7/site-packages/airflow/example_dags/example_trigger_target_dag.py for tasks to queue
[2023-07-07T12:17:13.089+0000] {logging_mixin.py:120} INFO - [2023-07-07T12:17:13.088+0000] {dagbag.py:537} INFO - Filling up the DagBag from /home/airflow/.local/lib/python3.7/site-packages/airflow/example_dags/example_trigger_target_dag.py
[2023-07-07T12:17:13.106+0000] {processor.py:766} INFO - DAG(s) dict_keys(['example_trigger_target_dag']) retrieved from /home/airflow/.local/lib/python3.7/site-packages/airflow/example_dags/example_trigger_target_dag.py
[2023-07-07T12:17:13.155+0000] {logging_mixin.py:120} INFO - [2023-07-07T12:17:13.155+0000] {dag.py:2585} INFO - Sync 1 DAGs
[2023-07-07T12:17:13.175+0000] {logging_mixin.py:120} INFO - [2023-07-07T12:17:13.175+0000] {dag.py:3340} INFO - Setting next_dagrun for example_trigger_target_dag to None, run_after=None
[2023-07-07T12:17:13.190+0000] {processor.py:176} INFO - Processing /home/airflow/.local/lib/python3.7/site-packages/airflow/example_dags/example_trigger_target_dag.py took 0.106 seconds
[2023-07-07T12:17:43.454+0000] {processor.py:154} INFO - Started process (PID=1993) to work on /home/airflow/.local/lib/python3.7/site-packages/airflow/example_dags/example_trigger_target_dag.py
[2023-07-07T12:17:43.455+0000] {processor.py:756} INFO - Processing file /home/airflow/.local/lib/python3.7/site-packages/airflow/example_dags/example_trigger_target_dag.py for tasks to queue
[2023-07-07T12:17:43.455+0000] {logging_mixin.py:120} INFO - [2023-07-07T12:17:43.455+0000] {dagbag.py:537} INFO - Filling up the DagBag from /home/airflow/.local/lib/python3.7/site-packages/airflow/example_dags/example_trigger_target_dag.py
[2023-07-07T12:17:43.467+0000] {processor.py:766} INFO - DAG(s) dict_keys(['example_trigger_target_dag']) retrieved from /home/airflow/.local/lib/python3.7/site-packages/airflow/example_dags/example_trigger_target_dag.py
[2023-07-07T12:17:43.493+0000] {logging_mixin.py:120} INFO - [2023-07-07T12:17:43.493+0000] {dag.py:2585} INFO - Sync 1 DAGs
[2023-07-07T12:17:43.508+0000] {logging_mixin.py:120} INFO - [2023-07-07T12:17:43.508+0000] {dag.py:3340} INFO - Setting next_dagrun for example_trigger_target_dag to None, run_after=None
[2023-07-07T12:17:43.520+0000] {processor.py:176} INFO - Processing /home/airflow/.local/lib/python3.7/site-packages/airflow/example_dags/example_trigger_target_dag.py took 0.068 seconds
[2023-07-07T12:18:13.694+0000] {processor.py:154} INFO - Started process (PID=2060) to work on /home/airflow/.local/lib/python3.7/site-packages/airflow/example_dags/example_trigger_target_dag.py
[2023-07-07T12:18:13.695+0000] {processor.py:756} INFO - Processing file /home/airflow/.local/lib/python3.7/site-packages/airflow/example_dags/example_trigger_target_dag.py for tasks to queue
[2023-07-07T12:18:13.695+0000] {logging_mixin.py:120} INFO - [2023-07-07T12:18:13.695+0000] {dagbag.py:537} INFO - Filling up the DagBag from /home/airflow/.local/lib/python3.7/site-packages/airflow/example_dags/example_trigger_target_dag.py
[2023-07-07T12:18:13.708+0000] {processor.py:766} INFO - DAG(s) dict_keys(['example_trigger_target_dag']) retrieved from /home/airflow/.local/lib/python3.7/site-packages/airflow/example_dags/example_trigger_target_dag.py
[2023-07-07T12:18:13.732+0000] {logging_mixin.py:120} INFO - [2023-07-07T12:18:13.732+0000] {dag.py:2585} INFO - Sync 1 DAGs
[2023-07-07T12:18:13.749+0000] {logging_mixin.py:120} INFO - [2023-07-07T12:18:13.749+0000] {dag.py:3340} INFO - Setting next_dagrun for example_trigger_target_dag to None, run_after=None
[2023-07-07T12:18:13.763+0000] {processor.py:176} INFO - Processing /home/airflow/.local/lib/python3.7/site-packages/airflow/example_dags/example_trigger_target_dag.py took 0.071 seconds
[2023-07-07T12:18:43.905+0000] {processor.py:154} INFO - Started process (PID=2128) to work on /home/airflow/.local/lib/python3.7/site-packages/airflow/example_dags/example_trigger_target_dag.py
[2023-07-07T12:18:43.906+0000] {processor.py:756} INFO - Processing file /home/airflow/.local/lib/python3.7/site-packages/airflow/example_dags/example_trigger_target_dag.py for tasks to queue
[2023-07-07T12:18:43.906+0000] {logging_mixin.py:120} INFO - [2023-07-07T12:18:43.906+0000] {dagbag.py:537} INFO - Filling up the DagBag from /home/airflow/.local/lib/python3.7/site-packages/airflow/example_dags/example_trigger_target_dag.py
[2023-07-07T12:18:43.917+0000] {processor.py:766} INFO - DAG(s) dict_keys(['example_trigger_target_dag']) retrieved from /home/airflow/.local/lib/python3.7/site-packages/airflow/example_dags/example_trigger_target_dag.py
[2023-07-07T12:18:43.940+0000] {logging_mixin.py:120} INFO - [2023-07-07T12:18:43.939+0000] {dag.py:2585} INFO - Sync 1 DAGs
[2023-07-07T12:18:43.954+0000] {logging_mixin.py:120} INFO - [2023-07-07T12:18:43.954+0000] {dag.py:3340} INFO - Setting next_dagrun for example_trigger_target_dag to None, run_after=None
[2023-07-07T12:18:43.964+0000] {processor.py:176} INFO - Processing /home/airflow/.local/lib/python3.7/site-packages/airflow/example_dags/example_trigger_target_dag.py took 0.061 seconds
[2023-07-07T12:19:14.214+0000] {processor.py:154} INFO - Started process (PID=2195) to work on /home/airflow/.local/lib/python3.7/site-packages/airflow/example_dags/example_trigger_target_dag.py
[2023-07-07T12:19:14.214+0000] {processor.py:756} INFO - Processing file /home/airflow/.local/lib/python3.7/site-packages/airflow/example_dags/example_trigger_target_dag.py for tasks to queue
[2023-07-07T12:19:14.215+0000] {logging_mixin.py:120} INFO - [2023-07-07T12:19:14.215+0000] {dagbag.py:537} INFO - Filling up the DagBag from /home/airflow/.local/lib/python3.7/site-packages/airflow/example_dags/example_trigger_target_dag.py
[2023-07-07T12:19:14.226+0000] {processor.py:766} INFO - DAG(s) dict_keys(['example_trigger_target_dag']) retrieved from /home/airflow/.local/lib/python3.7/site-packages/airflow/example_dags/example_trigger_target_dag.py
[2023-07-07T12:19:14.249+0000] {logging_mixin.py:120} INFO - [2023-07-07T12:19:14.249+0000] {dag.py:2585} INFO - Sync 1 DAGs
[2023-07-07T12:19:14.263+0000] {logging_mixin.py:120} INFO - [2023-07-07T12:19:14.263+0000] {dag.py:3340} INFO - Setting next_dagrun for example_trigger_target_dag to None, run_after=None
[2023-07-07T12:19:14.274+0000] {processor.py:176} INFO - Processing /home/airflow/.local/lib/python3.7/site-packages/airflow/example_dags/example_trigger_target_dag.py took 0.062 seconds
[2023-07-07T12:19:44.472+0000] {processor.py:154} INFO - Started process (PID=2253) to work on /home/airflow/.local/lib/python3.7/site-packages/airflow/example_dags/example_trigger_target_dag.py
[2023-07-07T12:19:44.472+0000] {processor.py:756} INFO - Processing file /home/airflow/.local/lib/python3.7/site-packages/airflow/example_dags/example_trigger_target_dag.py for tasks to queue
[2023-07-07T12:19:44.473+0000] {logging_mixin.py:120} INFO - [2023-07-07T12:19:44.473+0000] {dagbag.py:537} INFO - Filling up the DagBag from /home/airflow/.local/lib/python3.7/site-packages/airflow/example_dags/example_trigger_target_dag.py
[2023-07-07T12:19:44.485+0000] {processor.py:766} INFO - DAG(s) dict_keys(['example_trigger_target_dag']) retrieved from /home/airflow/.local/lib/python3.7/site-packages/airflow/example_dags/example_trigger_target_dag.py
[2023-07-07T12:19:44.511+0000] {logging_mixin.py:120} INFO - [2023-07-07T12:19:44.510+0000] {dag.py:2585} INFO - Sync 1 DAGs
[2023-07-07T12:19:44.527+0000] {logging_mixin.py:120} INFO - [2023-07-07T12:19:44.527+0000] {dag.py:3340} INFO - Setting next_dagrun for example_trigger_target_dag to None, run_after=None
[2023-07-07T12:19:44.542+0000] {processor.py:176} INFO - Processing /home/airflow/.local/lib/python3.7/site-packages/airflow/example_dags/example_trigger_target_dag.py took 0.072 seconds
[2023-07-07T12:20:14.724+0000] {processor.py:154} INFO - Started process (PID=2321) to work on /home/airflow/.local/lib/python3.7/site-packages/airflow/example_dags/example_trigger_target_dag.py
[2023-07-07T12:20:14.725+0000] {processor.py:756} INFO - Processing file /home/airflow/.local/lib/python3.7/site-packages/airflow/example_dags/example_trigger_target_dag.py for tasks to queue
[2023-07-07T12:20:14.725+0000] {logging_mixin.py:120} INFO - [2023-07-07T12:20:14.725+0000] {dagbag.py:537} INFO - Filling up the DagBag from /home/airflow/.local/lib/python3.7/site-packages/airflow/example_dags/example_trigger_target_dag.py
[2023-07-07T12:20:14.737+0000] {processor.py:766} INFO - DAG(s) dict_keys(['example_trigger_target_dag']) retrieved from /home/airflow/.local/lib/python3.7/site-packages/airflow/example_dags/example_trigger_target_dag.py
[2023-07-07T12:20:14.759+0000] {logging_mixin.py:120} INFO - [2023-07-07T12:20:14.759+0000] {dag.py:2585} INFO - Sync 1 DAGs
[2023-07-07T12:20:14.775+0000] {logging_mixin.py:120} INFO - [2023-07-07T12:20:14.775+0000] {dag.py:3340} INFO - Setting next_dagrun for example_trigger_target_dag to None, run_after=None
[2023-07-07T12:20:14.786+0000] {processor.py:176} INFO - Processing /home/airflow/.local/lib/python3.7/site-packages/airflow/example_dags/example_trigger_target_dag.py took 0.063 seconds
[2023-07-07T12:20:44.868+0000] {processor.py:154} INFO - Started process (PID=2388) to work on /home/airflow/.local/lib/python3.7/site-packages/airflow/example_dags/example_trigger_target_dag.py
[2023-07-07T12:20:44.869+0000] {processor.py:756} INFO - Processing file /home/airflow/.local/lib/python3.7/site-packages/airflow/example_dags/example_trigger_target_dag.py for tasks to queue
[2023-07-07T12:20:44.869+0000] {logging_mixin.py:120} INFO - [2023-07-07T12:20:44.869+0000] {dagbag.py:537} INFO - Filling up the DagBag from /home/airflow/.local/lib/python3.7/site-packages/airflow/example_dags/example_trigger_target_dag.py
[2023-07-07T12:20:44.881+0000] {processor.py:766} INFO - DAG(s) dict_keys(['example_trigger_target_dag']) retrieved from /home/airflow/.local/lib/python3.7/site-packages/airflow/example_dags/example_trigger_target_dag.py
[2023-07-07T12:20:44.906+0000] {logging_mixin.py:120} INFO - [2023-07-07T12:20:44.906+0000] {dag.py:2585} INFO - Sync 1 DAGs
[2023-07-07T12:20:44.925+0000] {logging_mixin.py:120} INFO - [2023-07-07T12:20:44.924+0000] {dag.py:3340} INFO - Setting next_dagrun for example_trigger_target_dag to None, run_after=None
[2023-07-07T12:20:44.937+0000] {processor.py:176} INFO - Processing /home/airflow/.local/lib/python3.7/site-packages/airflow/example_dags/example_trigger_target_dag.py took 0.071 seconds
[2023-07-07T12:21:15.150+0000] {processor.py:154} INFO - Started process (PID=2455) to work on /home/airflow/.local/lib/python3.7/site-packages/airflow/example_dags/example_trigger_target_dag.py
[2023-07-07T12:21:15.150+0000] {processor.py:756} INFO - Processing file /home/airflow/.local/lib/python3.7/site-packages/airflow/example_dags/example_trigger_target_dag.py for tasks to queue
[2023-07-07T12:21:15.151+0000] {logging_mixin.py:120} INFO - [2023-07-07T12:21:15.151+0000] {dagbag.py:537} INFO - Filling up the DagBag from /home/airflow/.local/lib/python3.7/site-packages/airflow/example_dags/example_trigger_target_dag.py
[2023-07-07T12:21:15.162+0000] {processor.py:766} INFO - DAG(s) dict_keys(['example_trigger_target_dag']) retrieved from /home/airflow/.local/lib/python3.7/site-packages/airflow/example_dags/example_trigger_target_dag.py
[2023-07-07T12:21:15.185+0000] {logging_mixin.py:120} INFO - [2023-07-07T12:21:15.185+0000] {dag.py:2585} INFO - Sync 1 DAGs
[2023-07-07T12:21:15.200+0000] {logging_mixin.py:120} INFO - [2023-07-07T12:21:15.200+0000] {dag.py:3340} INFO - Setting next_dagrun for example_trigger_target_dag to None, run_after=None
[2023-07-07T12:21:15.212+0000] {processor.py:176} INFO - Processing /home/airflow/.local/lib/python3.7/site-packages/airflow/example_dags/example_trigger_target_dag.py took 0.064 seconds
[2023-07-07T12:21:58.383+0000] {processor.py:154} INFO - Started process (PID=43) to work on /home/airflow/.local/lib/python3.7/site-packages/airflow/example_dags/example_trigger_target_dag.py
[2023-07-07T12:21:58.384+0000] {processor.py:756} INFO - Processing file /home/airflow/.local/lib/python3.7/site-packages/airflow/example_dags/example_trigger_target_dag.py for tasks to queue
[2023-07-07T12:21:58.384+0000] {logging_mixin.py:120} INFO - [2023-07-07T12:21:58.384+0000] {dagbag.py:537} INFO - Filling up the DagBag from /home/airflow/.local/lib/python3.7/site-packages/airflow/example_dags/example_trigger_target_dag.py
[2023-07-07T12:21:58.404+0000] {processor.py:766} INFO - DAG(s) dict_keys(['example_trigger_target_dag']) retrieved from /home/airflow/.local/lib/python3.7/site-packages/airflow/example_dags/example_trigger_target_dag.py
[2023-07-07T12:21:58.427+0000] {logging_mixin.py:120} INFO - [2023-07-07T12:21:58.427+0000] {dag.py:2585} INFO - Sync 1 DAGs
[2023-07-07T12:21:58.448+0000] {logging_mixin.py:120} INFO - [2023-07-07T12:21:58.448+0000] {dag.py:3340} INFO - Setting next_dagrun for example_trigger_target_dag to None, run_after=None
[2023-07-07T12:21:58.467+0000] {processor.py:176} INFO - Processing /home/airflow/.local/lib/python3.7/site-packages/airflow/example_dags/example_trigger_target_dag.py took 0.087 seconds
[2023-07-07T12:22:28.833+0000] {processor.py:154} INFO - Started process (PID=108) to work on /home/airflow/.local/lib/python3.7/site-packages/airflow/example_dags/example_trigger_target_dag.py
[2023-07-07T12:22:28.833+0000] {processor.py:756} INFO - Processing file /home/airflow/.local/lib/python3.7/site-packages/airflow/example_dags/example_trigger_target_dag.py for tasks to queue
[2023-07-07T12:22:28.833+0000] {logging_mixin.py:120} INFO - [2023-07-07T12:22:28.833+0000] {dagbag.py:537} INFO - Filling up the DagBag from /home/airflow/.local/lib/python3.7/site-packages/airflow/example_dags/example_trigger_target_dag.py
[2023-07-07T12:22:28.846+0000] {processor.py:766} INFO - DAG(s) dict_keys(['example_trigger_target_dag']) retrieved from /home/airflow/.local/lib/python3.7/site-packages/airflow/example_dags/example_trigger_target_dag.py
[2023-07-07T12:22:28.870+0000] {logging_mixin.py:120} INFO - [2023-07-07T12:22:28.870+0000] {dag.py:2585} INFO - Sync 1 DAGs
[2023-07-07T12:22:28.887+0000] {logging_mixin.py:120} INFO - [2023-07-07T12:22:28.887+0000] {dag.py:3340} INFO - Setting next_dagrun for example_trigger_target_dag to None, run_after=None
[2023-07-07T12:22:28.898+0000] {processor.py:176} INFO - Processing /home/airflow/.local/lib/python3.7/site-packages/airflow/example_dags/example_trigger_target_dag.py took 0.067 seconds
[2023-07-07T12:22:59.106+0000] {processor.py:154} INFO - Started process (PID=175) to work on /home/airflow/.local/lib/python3.7/site-packages/airflow/example_dags/example_trigger_target_dag.py
[2023-07-07T12:22:59.107+0000] {processor.py:756} INFO - Processing file /home/airflow/.local/lib/python3.7/site-packages/airflow/example_dags/example_trigger_target_dag.py for tasks to queue
[2023-07-07T12:22:59.107+0000] {logging_mixin.py:120} INFO - [2023-07-07T12:22:59.107+0000] {dagbag.py:537} INFO - Filling up the DagBag from /home/airflow/.local/lib/python3.7/site-packages/airflow/example_dags/example_trigger_target_dag.py
[2023-07-07T12:22:59.120+0000] {processor.py:766} INFO - DAG(s) dict_keys(['example_trigger_target_dag']) retrieved from /home/airflow/.local/lib/python3.7/site-packages/airflow/example_dags/example_trigger_target_dag.py
[2023-07-07T12:22:59.146+0000] {logging_mixin.py:120} INFO - [2023-07-07T12:22:59.146+0000] {dag.py:2585} INFO - Sync 1 DAGs
[2023-07-07T12:22:59.165+0000] {logging_mixin.py:120} INFO - [2023-07-07T12:22:59.165+0000] {dag.py:3340} INFO - Setting next_dagrun for example_trigger_target_dag to None, run_after=None
[2023-07-07T12:22:59.181+0000] {processor.py:176} INFO - Processing /home/airflow/.local/lib/python3.7/site-packages/airflow/example_dags/example_trigger_target_dag.py took 0.077 seconds
[2023-07-07T12:23:29.458+0000] {processor.py:154} INFO - Started process (PID=241) to work on /home/airflow/.local/lib/python3.7/site-packages/airflow/example_dags/example_trigger_target_dag.py
[2023-07-07T12:23:29.459+0000] {processor.py:756} INFO - Processing file /home/airflow/.local/lib/python3.7/site-packages/airflow/example_dags/example_trigger_target_dag.py for tasks to queue
[2023-07-07T12:23:29.459+0000] {logging_mixin.py:120} INFO - [2023-07-07T12:23:29.459+0000] {dagbag.py:537} INFO - Filling up the DagBag from /home/airflow/.local/lib/python3.7/site-packages/airflow/example_dags/example_trigger_target_dag.py
[2023-07-07T12:23:29.473+0000] {processor.py:766} INFO - DAG(s) dict_keys(['example_trigger_target_dag']) retrieved from /home/airflow/.local/lib/python3.7/site-packages/airflow/example_dags/example_trigger_target_dag.py
[2023-07-07T12:23:29.501+0000] {logging_mixin.py:120} INFO - [2023-07-07T12:23:29.501+0000] {dag.py:2585} INFO - Sync 1 DAGs
[2023-07-07T12:23:29.519+0000] {logging_mixin.py:120} INFO - [2023-07-07T12:23:29.519+0000] {dag.py:3340} INFO - Setting next_dagrun for example_trigger_target_dag to None, run_after=None
[2023-07-07T12:23:29.532+0000] {processor.py:176} INFO - Processing /home/airflow/.local/lib/python3.7/site-packages/airflow/example_dags/example_trigger_target_dag.py took 0.076 seconds
[2023-07-07T12:23:59.742+0000] {processor.py:154} INFO - Started process (PID=299) to work on /home/airflow/.local/lib/python3.7/site-packages/airflow/example_dags/example_trigger_target_dag.py
[2023-07-07T12:23:59.743+0000] {processor.py:756} INFO - Processing file /home/airflow/.local/lib/python3.7/site-packages/airflow/example_dags/example_trigger_target_dag.py for tasks to queue
[2023-07-07T12:23:59.743+0000] {logging_mixin.py:120} INFO - [2023-07-07T12:23:59.743+0000] {dagbag.py:537} INFO - Filling up the DagBag from /home/airflow/.local/lib/python3.7/site-packages/airflow/example_dags/example_trigger_target_dag.py
[2023-07-07T12:23:59.757+0000] {processor.py:766} INFO - DAG(s) dict_keys(['example_trigger_target_dag']) retrieved from /home/airflow/.local/lib/python3.7/site-packages/airflow/example_dags/example_trigger_target_dag.py
[2023-07-07T12:23:59.783+0000] {logging_mixin.py:120} INFO - [2023-07-07T12:23:59.783+0000] {dag.py:2585} INFO - Sync 1 DAGs
[2023-07-07T12:23:59.799+0000] {logging_mixin.py:120} INFO - [2023-07-07T12:23:59.799+0000] {dag.py:3340} INFO - Setting next_dagrun for example_trigger_target_dag to None, run_after=None
[2023-07-07T12:23:59.812+0000] {processor.py:176} INFO - Processing /home/airflow/.local/lib/python3.7/site-packages/airflow/example_dags/example_trigger_target_dag.py took 0.072 seconds
[2023-07-07T12:24:30.280+0000] {processor.py:154} INFO - Started process (PID=366) to work on /home/airflow/.local/lib/python3.7/site-packages/airflow/example_dags/example_trigger_target_dag.py
[2023-07-07T12:24:30.281+0000] {processor.py:756} INFO - Processing file /home/airflow/.local/lib/python3.7/site-packages/airflow/example_dags/example_trigger_target_dag.py for tasks to queue
[2023-07-07T12:24:30.281+0000] {logging_mixin.py:120} INFO - [2023-07-07T12:24:30.281+0000] {dagbag.py:537} INFO - Filling up the DagBag from /home/airflow/.local/lib/python3.7/site-packages/airflow/example_dags/example_trigger_target_dag.py
[2023-07-07T12:24:30.293+0000] {processor.py:766} INFO - DAG(s) dict_keys(['example_trigger_target_dag']) retrieved from /home/airflow/.local/lib/python3.7/site-packages/airflow/example_dags/example_trigger_target_dag.py
[2023-07-07T12:24:30.315+0000] {logging_mixin.py:120} INFO - [2023-07-07T12:24:30.315+0000] {dag.py:2585} INFO - Sync 1 DAGs
[2023-07-07T12:24:30.330+0000] {logging_mixin.py:120} INFO - [2023-07-07T12:24:30.330+0000] {dag.py:3340} INFO - Setting next_dagrun for example_trigger_target_dag to None, run_after=None
[2023-07-07T12:24:30.342+0000] {processor.py:176} INFO - Processing /home/airflow/.local/lib/python3.7/site-packages/airflow/example_dags/example_trigger_target_dag.py took 0.063 seconds
[2023-07-07T12:25:00.803+0000] {processor.py:154} INFO - Started process (PID=432) to work on /home/airflow/.local/lib/python3.7/site-packages/airflow/example_dags/example_trigger_target_dag.py
[2023-07-07T12:25:00.803+0000] {processor.py:756} INFO - Processing file /home/airflow/.local/lib/python3.7/site-packages/airflow/example_dags/example_trigger_target_dag.py for tasks to queue
[2023-07-07T12:25:00.804+0000] {logging_mixin.py:120} INFO - [2023-07-07T12:25:00.804+0000] {dagbag.py:537} INFO - Filling up the DagBag from /home/airflow/.local/lib/python3.7/site-packages/airflow/example_dags/example_trigger_target_dag.py
[2023-07-07T12:25:00.816+0000] {processor.py:766} INFO - DAG(s) dict_keys(['example_trigger_target_dag']) retrieved from /home/airflow/.local/lib/python3.7/site-packages/airflow/example_dags/example_trigger_target_dag.py
[2023-07-07T12:25:00.842+0000] {logging_mixin.py:120} INFO - [2023-07-07T12:25:00.842+0000] {dag.py:2585} INFO - Sync 1 DAGs
[2023-07-07T12:25:00.858+0000] {logging_mixin.py:120} INFO - [2023-07-07T12:25:00.857+0000] {dag.py:3340} INFO - Setting next_dagrun for example_trigger_target_dag to None, run_after=None
[2023-07-07T12:25:00.869+0000] {processor.py:176} INFO - Processing /home/airflow/.local/lib/python3.7/site-packages/airflow/example_dags/example_trigger_target_dag.py took 0.068 seconds
