[2023-07-07T12:00:25.353+0000] {processor.py:154} INFO - Started process (PID=59) to work on /home/airflow/.local/lib/python3.7/site-packages/airflow/example_dags/example_branch_day_of_week_operator.py
[2023-07-07T12:00:25.354+0000] {processor.py:756} INFO - Processing file /home/airflow/.local/lib/python3.7/site-packages/airflow/example_dags/example_branch_day_of_week_operator.py for tasks to queue
[2023-07-07T12:00:25.354+0000] {logging_mixin.py:120} INFO - [2023-07-07T12:00:25.354+0000] {dagbag.py:537} INFO - Filling up the DagBag from /home/airflow/.local/lib/python3.7/site-packages/airflow/example_dags/example_branch_day_of_week_operator.py
[2023-07-07T12:00:25.366+0000] {processor.py:766} INFO - DAG(s) dict_keys(['example_weekday_branch_operator']) retrieved from /home/airflow/.local/lib/python3.7/site-packages/airflow/example_dags/example_branch_day_of_week_operator.py
[2023-07-07T12:00:25.394+0000] {logging_mixin.py:120} INFO - [2023-07-07T12:00:25.394+0000] {dag.py:2585} INFO - Sync 1 DAGs
[2023-07-07T12:00:25.419+0000] {logging_mixin.py:120} INFO - [2023-07-07T12:00:25.419+0000] {dag.py:3340} INFO - Setting next_dagrun for example_weekday_branch_operator to 2023-07-06T00:00:00+00:00, run_after=2023-07-07T00:00:00+00:00
[2023-07-07T12:00:25.442+0000] {processor.py:176} INFO - Processing /home/airflow/.local/lib/python3.7/site-packages/airflow/example_dags/example_branch_day_of_week_operator.py took 0.091 seconds
[2023-07-07T12:00:56.064+0000] {processor.py:154} INFO - Started process (PID=125) to work on /home/airflow/.local/lib/python3.7/site-packages/airflow/example_dags/example_branch_day_of_week_operator.py
[2023-07-07T12:00:56.064+0000] {processor.py:756} INFO - Processing file /home/airflow/.local/lib/python3.7/site-packages/airflow/example_dags/example_branch_day_of_week_operator.py for tasks to queue
[2023-07-07T12:00:56.065+0000] {logging_mixin.py:120} INFO - [2023-07-07T12:00:56.065+0000] {dagbag.py:537} INFO - Filling up the DagBag from /home/airflow/.local/lib/python3.7/site-packages/airflow/example_dags/example_branch_day_of_week_operator.py
[2023-07-07T12:00:56.073+0000] {processor.py:766} INFO - DAG(s) dict_keys(['example_weekday_branch_operator']) retrieved from /home/airflow/.local/lib/python3.7/site-packages/airflow/example_dags/example_branch_day_of_week_operator.py
[2023-07-07T12:00:56.095+0000] {logging_mixin.py:120} INFO - [2023-07-07T12:00:56.095+0000] {dag.py:2585} INFO - Sync 1 DAGs
[2023-07-07T12:00:56.112+0000] {logging_mixin.py:120} INFO - [2023-07-07T12:00:56.112+0000] {dag.py:3340} INFO - Setting next_dagrun for example_weekday_branch_operator to 2023-07-06T00:00:00+00:00, run_after=2023-07-07T00:00:00+00:00
[2023-07-07T12:00:56.124+0000] {processor.py:176} INFO - Processing /home/airflow/.local/lib/python3.7/site-packages/airflow/example_dags/example_branch_day_of_week_operator.py took 0.062 seconds
[2023-07-07T12:01:27.426+0000] {processor.py:154} INFO - Started process (PID=194) to work on /home/airflow/.local/lib/python3.7/site-packages/airflow/example_dags/example_branch_day_of_week_operator.py
[2023-07-07T12:01:27.426+0000] {processor.py:756} INFO - Processing file /home/airflow/.local/lib/python3.7/site-packages/airflow/example_dags/example_branch_day_of_week_operator.py for tasks to queue
[2023-07-07T12:01:27.427+0000] {logging_mixin.py:120} INFO - [2023-07-07T12:01:27.427+0000] {dagbag.py:537} INFO - Filling up the DagBag from /home/airflow/.local/lib/python3.7/site-packages/airflow/example_dags/example_branch_day_of_week_operator.py
[2023-07-07T12:01:27.437+0000] {processor.py:766} INFO - DAG(s) dict_keys(['example_weekday_branch_operator']) retrieved from /home/airflow/.local/lib/python3.7/site-packages/airflow/example_dags/example_branch_day_of_week_operator.py
[2023-07-07T12:01:27.464+0000] {logging_mixin.py:120} INFO - [2023-07-07T12:01:27.464+0000] {dag.py:2585} INFO - Sync 1 DAGs
[2023-07-07T12:01:27.483+0000] {logging_mixin.py:120} INFO - [2023-07-07T12:01:27.483+0000] {dag.py:3340} INFO - Setting next_dagrun for example_weekday_branch_operator to 2023-07-06T00:00:00+00:00, run_after=2023-07-07T00:00:00+00:00
[2023-07-07T12:01:27.497+0000] {processor.py:176} INFO - Processing /home/airflow/.local/lib/python3.7/site-packages/airflow/example_dags/example_branch_day_of_week_operator.py took 0.073 seconds
[2023-07-07T12:01:58.963+0000] {processor.py:154} INFO - Started process (PID=261) to work on /home/airflow/.local/lib/python3.7/site-packages/airflow/example_dags/example_branch_day_of_week_operator.py
[2023-07-07T12:01:58.963+0000] {processor.py:756} INFO - Processing file /home/airflow/.local/lib/python3.7/site-packages/airflow/example_dags/example_branch_day_of_week_operator.py for tasks to queue
[2023-07-07T12:01:58.963+0000] {logging_mixin.py:120} INFO - [2023-07-07T12:01:58.963+0000] {dagbag.py:537} INFO - Filling up the DagBag from /home/airflow/.local/lib/python3.7/site-packages/airflow/example_dags/example_branch_day_of_week_operator.py
[2023-07-07T12:01:58.973+0000] {processor.py:766} INFO - DAG(s) dict_keys(['example_weekday_branch_operator']) retrieved from /home/airflow/.local/lib/python3.7/site-packages/airflow/example_dags/example_branch_day_of_week_operator.py
[2023-07-07T12:01:58.997+0000] {logging_mixin.py:120} INFO - [2023-07-07T12:01:58.997+0000] {dag.py:2585} INFO - Sync 1 DAGs
[2023-07-07T12:01:59.014+0000] {logging_mixin.py:120} INFO - [2023-07-07T12:01:59.014+0000] {dag.py:3340} INFO - Setting next_dagrun for example_weekday_branch_operator to 2023-07-06T00:00:00+00:00, run_after=2023-07-07T00:00:00+00:00
[2023-07-07T12:01:59.026+0000] {processor.py:176} INFO - Processing /home/airflow/.local/lib/python3.7/site-packages/airflow/example_dags/example_branch_day_of_week_operator.py took 0.065 seconds
[2023-07-07T12:02:36.395+0000] {processor.py:154} INFO - Started process (PID=60) to work on /home/airflow/.local/lib/python3.7/site-packages/airflow/example_dags/example_branch_day_of_week_operator.py
[2023-07-07T12:02:36.406+0000] {processor.py:756} INFO - Processing file /home/airflow/.local/lib/python3.7/site-packages/airflow/example_dags/example_branch_day_of_week_operator.py for tasks to queue
[2023-07-07T12:02:36.407+0000] {logging_mixin.py:120} INFO - [2023-07-07T12:02:36.407+0000] {dagbag.py:537} INFO - Filling up the DagBag from /home/airflow/.local/lib/python3.7/site-packages/airflow/example_dags/example_branch_day_of_week_operator.py
[2023-07-07T12:02:36.443+0000] {processor.py:766} INFO - DAG(s) dict_keys(['example_weekday_branch_operator']) retrieved from /home/airflow/.local/lib/python3.7/site-packages/airflow/example_dags/example_branch_day_of_week_operator.py
[2023-07-07T12:02:36.498+0000] {logging_mixin.py:120} INFO - [2023-07-07T12:02:36.497+0000] {dag.py:2585} INFO - Sync 1 DAGs
[2023-07-07T12:02:36.532+0000] {logging_mixin.py:120} INFO - [2023-07-07T12:02:36.532+0000] {dag.py:3340} INFO - Setting next_dagrun for example_weekday_branch_operator to 2023-07-06T00:00:00+00:00, run_after=2023-07-07T00:00:00+00:00
[2023-07-07T12:02:36.562+0000] {processor.py:176} INFO - Processing /home/airflow/.local/lib/python3.7/site-packages/airflow/example_dags/example_branch_day_of_week_operator.py took 0.170 seconds
[2023-07-07T12:03:07.522+0000] {processor.py:154} INFO - Started process (PID=127) to work on /home/airflow/.local/lib/python3.7/site-packages/airflow/example_dags/example_branch_day_of_week_operator.py
[2023-07-07T12:03:07.523+0000] {processor.py:756} INFO - Processing file /home/airflow/.local/lib/python3.7/site-packages/airflow/example_dags/example_branch_day_of_week_operator.py for tasks to queue
[2023-07-07T12:03:07.523+0000] {logging_mixin.py:120} INFO - [2023-07-07T12:03:07.523+0000] {dagbag.py:537} INFO - Filling up the DagBag from /home/airflow/.local/lib/python3.7/site-packages/airflow/example_dags/example_branch_day_of_week_operator.py
[2023-07-07T12:03:07.534+0000] {processor.py:766} INFO - DAG(s) dict_keys(['example_weekday_branch_operator']) retrieved from /home/airflow/.local/lib/python3.7/site-packages/airflow/example_dags/example_branch_day_of_week_operator.py
[2023-07-07T12:03:07.557+0000] {logging_mixin.py:120} INFO - [2023-07-07T12:03:07.557+0000] {dag.py:2585} INFO - Sync 1 DAGs
[2023-07-07T12:03:07.572+0000] {logging_mixin.py:120} INFO - [2023-07-07T12:03:07.572+0000] {dag.py:3340} INFO - Setting next_dagrun for example_weekday_branch_operator to 2023-07-06T00:00:00+00:00, run_after=2023-07-07T00:00:00+00:00
[2023-07-07T12:03:07.585+0000] {processor.py:176} INFO - Processing /home/airflow/.local/lib/python3.7/site-packages/airflow/example_dags/example_branch_day_of_week_operator.py took 0.065 seconds
[2023-07-07T12:03:37.684+0000] {processor.py:154} INFO - Started process (PID=194) to work on /home/airflow/.local/lib/python3.7/site-packages/airflow/example_dags/example_branch_day_of_week_operator.py
[2023-07-07T12:03:37.687+0000] {processor.py:756} INFO - Processing file /home/airflow/.local/lib/python3.7/site-packages/airflow/example_dags/example_branch_day_of_week_operator.py for tasks to queue
[2023-07-07T12:03:37.688+0000] {logging_mixin.py:120} INFO - [2023-07-07T12:03:37.688+0000] {dagbag.py:537} INFO - Filling up the DagBag from /home/airflow/.local/lib/python3.7/site-packages/airflow/example_dags/example_branch_day_of_week_operator.py
[2023-07-07T12:03:37.702+0000] {processor.py:766} INFO - DAG(s) dict_keys(['example_weekday_branch_operator']) retrieved from /home/airflow/.local/lib/python3.7/site-packages/airflow/example_dags/example_branch_day_of_week_operator.py
[2023-07-07T12:03:37.724+0000] {logging_mixin.py:120} INFO - [2023-07-07T12:03:37.724+0000] {dag.py:2585} INFO - Sync 1 DAGs
[2023-07-07T12:03:37.739+0000] {logging_mixin.py:120} INFO - [2023-07-07T12:03:37.739+0000] {dag.py:3340} INFO - Setting next_dagrun for example_weekday_branch_operator to 2023-07-06T00:00:00+00:00, run_after=2023-07-07T00:00:00+00:00
[2023-07-07T12:03:37.753+0000] {processor.py:176} INFO - Processing /home/airflow/.local/lib/python3.7/site-packages/airflow/example_dags/example_branch_day_of_week_operator.py took 0.071 seconds
[2023-07-07T12:04:07.962+0000] {processor.py:154} INFO - Started process (PID=263) to work on /home/airflow/.local/lib/python3.7/site-packages/airflow/example_dags/example_branch_day_of_week_operator.py
[2023-07-07T12:04:07.962+0000] {processor.py:756} INFO - Processing file /home/airflow/.local/lib/python3.7/site-packages/airflow/example_dags/example_branch_day_of_week_operator.py for tasks to queue
[2023-07-07T12:04:07.963+0000] {logging_mixin.py:120} INFO - [2023-07-07T12:04:07.963+0000] {dagbag.py:537} INFO - Filling up the DagBag from /home/airflow/.local/lib/python3.7/site-packages/airflow/example_dags/example_branch_day_of_week_operator.py
[2023-07-07T12:04:07.972+0000] {processor.py:766} INFO - DAG(s) dict_keys(['example_weekday_branch_operator']) retrieved from /home/airflow/.local/lib/python3.7/site-packages/airflow/example_dags/example_branch_day_of_week_operator.py
[2023-07-07T12:04:07.999+0000] {logging_mixin.py:120} INFO - [2023-07-07T12:04:07.999+0000] {dag.py:2585} INFO - Sync 1 DAGs
[2023-07-07T12:04:08.016+0000] {logging_mixin.py:120} INFO - [2023-07-07T12:04:08.016+0000] {dag.py:3340} INFO - Setting next_dagrun for example_weekday_branch_operator to 2023-07-06T00:00:00+00:00, run_after=2023-07-07T00:00:00+00:00
[2023-07-07T12:04:08.029+0000] {processor.py:176} INFO - Processing /home/airflow/.local/lib/python3.7/site-packages/airflow/example_dags/example_branch_day_of_week_operator.py took 0.069 seconds
[2023-07-07T12:04:38.329+0000] {processor.py:154} INFO - Started process (PID=321) to work on /home/airflow/.local/lib/python3.7/site-packages/airflow/example_dags/example_branch_day_of_week_operator.py
[2023-07-07T12:04:38.330+0000] {processor.py:756} INFO - Processing file /home/airflow/.local/lib/python3.7/site-packages/airflow/example_dags/example_branch_day_of_week_operator.py for tasks to queue
[2023-07-07T12:04:38.331+0000] {logging_mixin.py:120} INFO - [2023-07-07T12:04:38.331+0000] {dagbag.py:537} INFO - Filling up the DagBag from /home/airflow/.local/lib/python3.7/site-packages/airflow/example_dags/example_branch_day_of_week_operator.py
[2023-07-07T12:04:38.339+0000] {processor.py:766} INFO - DAG(s) dict_keys(['example_weekday_branch_operator']) retrieved from /home/airflow/.local/lib/python3.7/site-packages/airflow/example_dags/example_branch_day_of_week_operator.py
[2023-07-07T12:04:38.363+0000] {logging_mixin.py:120} INFO - [2023-07-07T12:04:38.363+0000] {dag.py:2585} INFO - Sync 1 DAGs
[2023-07-07T12:04:38.378+0000] {logging_mixin.py:120} INFO - [2023-07-07T12:04:38.378+0000] {dag.py:3340} INFO - Setting next_dagrun for example_weekday_branch_operator to 2023-07-06T00:00:00+00:00, run_after=2023-07-07T00:00:00+00:00
[2023-07-07T12:04:38.391+0000] {processor.py:176} INFO - Processing /home/airflow/.local/lib/python3.7/site-packages/airflow/example_dags/example_branch_day_of_week_operator.py took 0.064 seconds
[2023-07-07T12:05:09.350+0000] {processor.py:154} INFO - Started process (PID=388) to work on /home/airflow/.local/lib/python3.7/site-packages/airflow/example_dags/example_branch_day_of_week_operator.py
[2023-07-07T12:05:09.351+0000] {processor.py:756} INFO - Processing file /home/airflow/.local/lib/python3.7/site-packages/airflow/example_dags/example_branch_day_of_week_operator.py for tasks to queue
[2023-07-07T12:05:09.352+0000] {logging_mixin.py:120} INFO - [2023-07-07T12:05:09.351+0000] {dagbag.py:537} INFO - Filling up the DagBag from /home/airflow/.local/lib/python3.7/site-packages/airflow/example_dags/example_branch_day_of_week_operator.py
[2023-07-07T12:05:09.361+0000] {processor.py:766} INFO - DAG(s) dict_keys(['example_weekday_branch_operator']) retrieved from /home/airflow/.local/lib/python3.7/site-packages/airflow/example_dags/example_branch_day_of_week_operator.py
[2023-07-07T12:05:09.385+0000] {logging_mixin.py:120} INFO - [2023-07-07T12:05:09.385+0000] {dag.py:2585} INFO - Sync 1 DAGs
[2023-07-07T12:05:09.402+0000] {logging_mixin.py:120} INFO - [2023-07-07T12:05:09.402+0000] {dag.py:3340} INFO - Setting next_dagrun for example_weekday_branch_operator to 2023-07-06T00:00:00+00:00, run_after=2023-07-07T00:00:00+00:00
[2023-07-07T12:05:09.415+0000] {processor.py:176} INFO - Processing /home/airflow/.local/lib/python3.7/site-packages/airflow/example_dags/example_branch_day_of_week_operator.py took 0.067 seconds
[2023-07-07T12:05:39.639+0000] {processor.py:154} INFO - Started process (PID=456) to work on /home/airflow/.local/lib/python3.7/site-packages/airflow/example_dags/example_branch_day_of_week_operator.py
[2023-07-07T12:05:39.640+0000] {processor.py:756} INFO - Processing file /home/airflow/.local/lib/python3.7/site-packages/airflow/example_dags/example_branch_day_of_week_operator.py for tasks to queue
[2023-07-07T12:05:39.640+0000] {logging_mixin.py:120} INFO - [2023-07-07T12:05:39.640+0000] {dagbag.py:537} INFO - Filling up the DagBag from /home/airflow/.local/lib/python3.7/site-packages/airflow/example_dags/example_branch_day_of_week_operator.py
[2023-07-07T12:05:39.651+0000] {processor.py:766} INFO - DAG(s) dict_keys(['example_weekday_branch_operator']) retrieved from /home/airflow/.local/lib/python3.7/site-packages/airflow/example_dags/example_branch_day_of_week_operator.py
[2023-07-07T12:05:39.676+0000] {logging_mixin.py:120} INFO - [2023-07-07T12:05:39.676+0000] {dag.py:2585} INFO - Sync 1 DAGs
[2023-07-07T12:05:39.692+0000] {logging_mixin.py:120} INFO - [2023-07-07T12:05:39.692+0000] {dag.py:3340} INFO - Setting next_dagrun for example_weekday_branch_operator to 2023-07-06T00:00:00+00:00, run_after=2023-07-07T00:00:00+00:00
[2023-07-07T12:05:39.707+0000] {processor.py:176} INFO - Processing /home/airflow/.local/lib/python3.7/site-packages/airflow/example_dags/example_branch_day_of_week_operator.py took 0.069 seconds
[2023-07-07T12:06:09.813+0000] {processor.py:154} INFO - Started process (PID=521) to work on /home/airflow/.local/lib/python3.7/site-packages/airflow/example_dags/example_branch_day_of_week_operator.py
[2023-07-07T12:06:09.814+0000] {processor.py:756} INFO - Processing file /home/airflow/.local/lib/python3.7/site-packages/airflow/example_dags/example_branch_day_of_week_operator.py for tasks to queue
[2023-07-07T12:06:09.815+0000] {logging_mixin.py:120} INFO - [2023-07-07T12:06:09.815+0000] {dagbag.py:537} INFO - Filling up the DagBag from /home/airflow/.local/lib/python3.7/site-packages/airflow/example_dags/example_branch_day_of_week_operator.py
[2023-07-07T12:06:09.828+0000] {processor.py:766} INFO - DAG(s) dict_keys(['example_weekday_branch_operator']) retrieved from /home/airflow/.local/lib/python3.7/site-packages/airflow/example_dags/example_branch_day_of_week_operator.py
[2023-07-07T12:06:09.857+0000] {logging_mixin.py:120} INFO - [2023-07-07T12:06:09.857+0000] {dag.py:2585} INFO - Sync 1 DAGs
[2023-07-07T12:06:09.875+0000] {logging_mixin.py:120} INFO - [2023-07-07T12:06:09.874+0000] {dag.py:3340} INFO - Setting next_dagrun for example_weekday_branch_operator to 2023-07-06T00:00:00+00:00, run_after=2023-07-07T00:00:00+00:00
[2023-07-07T12:06:09.889+0000] {processor.py:176} INFO - Processing /home/airflow/.local/lib/python3.7/site-packages/airflow/example_dags/example_branch_day_of_week_operator.py took 0.078 seconds
[2023-07-07T12:06:41.076+0000] {processor.py:154} INFO - Started process (PID=589) to work on /home/airflow/.local/lib/python3.7/site-packages/airflow/example_dags/example_branch_day_of_week_operator.py
[2023-07-07T12:06:41.077+0000] {processor.py:756} INFO - Processing file /home/airflow/.local/lib/python3.7/site-packages/airflow/example_dags/example_branch_day_of_week_operator.py for tasks to queue
[2023-07-07T12:06:41.077+0000] {logging_mixin.py:120} INFO - [2023-07-07T12:06:41.077+0000] {dagbag.py:537} INFO - Filling up the DagBag from /home/airflow/.local/lib/python3.7/site-packages/airflow/example_dags/example_branch_day_of_week_operator.py
[2023-07-07T12:06:41.088+0000] {processor.py:766} INFO - DAG(s) dict_keys(['example_weekday_branch_operator']) retrieved from /home/airflow/.local/lib/python3.7/site-packages/airflow/example_dags/example_branch_day_of_week_operator.py
[2023-07-07T12:06:41.115+0000] {logging_mixin.py:120} INFO - [2023-07-07T12:06:41.115+0000] {dag.py:2585} INFO - Sync 1 DAGs
[2023-07-07T12:06:41.136+0000] {logging_mixin.py:120} INFO - [2023-07-07T12:06:41.136+0000] {dag.py:3340} INFO - Setting next_dagrun for example_weekday_branch_operator to 2023-07-06T00:00:00+00:00, run_after=2023-07-07T00:00:00+00:00
[2023-07-07T12:06:41.149+0000] {processor.py:176} INFO - Processing /home/airflow/.local/lib/python3.7/site-packages/airflow/example_dags/example_branch_day_of_week_operator.py took 0.076 seconds
[2023-07-07T12:07:12.183+0000] {processor.py:154} INFO - Started process (PID=647) to work on /home/airflow/.local/lib/python3.7/site-packages/airflow/example_dags/example_branch_day_of_week_operator.py
[2023-07-07T12:07:12.184+0000] {processor.py:756} INFO - Processing file /home/airflow/.local/lib/python3.7/site-packages/airflow/example_dags/example_branch_day_of_week_operator.py for tasks to queue
[2023-07-07T12:07:12.184+0000] {logging_mixin.py:120} INFO - [2023-07-07T12:07:12.184+0000] {dagbag.py:537} INFO - Filling up the DagBag from /home/airflow/.local/lib/python3.7/site-packages/airflow/example_dags/example_branch_day_of_week_operator.py
[2023-07-07T12:07:12.195+0000] {processor.py:766} INFO - DAG(s) dict_keys(['example_weekday_branch_operator']) retrieved from /home/airflow/.local/lib/python3.7/site-packages/airflow/example_dags/example_branch_day_of_week_operator.py
[2023-07-07T12:07:12.222+0000] {logging_mixin.py:120} INFO - [2023-07-07T12:07:12.222+0000] {dag.py:2585} INFO - Sync 1 DAGs
[2023-07-07T12:07:12.239+0000] {logging_mixin.py:120} INFO - [2023-07-07T12:07:12.239+0000] {dag.py:3340} INFO - Setting next_dagrun for example_weekday_branch_operator to 2023-07-06T00:00:00+00:00, run_after=2023-07-07T00:00:00+00:00
[2023-07-07T12:07:12.252+0000] {processor.py:176} INFO - Processing /home/airflow/.local/lib/python3.7/site-packages/airflow/example_dags/example_branch_day_of_week_operator.py took 0.070 seconds
[2023-07-07T12:07:42.453+0000] {processor.py:154} INFO - Started process (PID=713) to work on /home/airflow/.local/lib/python3.7/site-packages/airflow/example_dags/example_branch_day_of_week_operator.py
[2023-07-07T12:07:42.454+0000] {processor.py:756} INFO - Processing file /home/airflow/.local/lib/python3.7/site-packages/airflow/example_dags/example_branch_day_of_week_operator.py for tasks to queue
[2023-07-07T12:07:42.454+0000] {logging_mixin.py:120} INFO - [2023-07-07T12:07:42.454+0000] {dagbag.py:537} INFO - Filling up the DagBag from /home/airflow/.local/lib/python3.7/site-packages/airflow/example_dags/example_branch_day_of_week_operator.py
[2023-07-07T12:07:42.462+0000] {processor.py:766} INFO - DAG(s) dict_keys(['example_weekday_branch_operator']) retrieved from /home/airflow/.local/lib/python3.7/site-packages/airflow/example_dags/example_branch_day_of_week_operator.py
[2023-07-07T12:07:42.487+0000] {logging_mixin.py:120} INFO - [2023-07-07T12:07:42.486+0000] {dag.py:2585} INFO - Sync 1 DAGs
[2023-07-07T12:07:42.503+0000] {logging_mixin.py:120} INFO - [2023-07-07T12:07:42.503+0000] {dag.py:3340} INFO - Setting next_dagrun for example_weekday_branch_operator to 2023-07-06T00:00:00+00:00, run_after=2023-07-07T00:00:00+00:00
[2023-07-07T12:07:42.515+0000] {processor.py:176} INFO - Processing /home/airflow/.local/lib/python3.7/site-packages/airflow/example_dags/example_branch_day_of_week_operator.py took 0.064 seconds
[2023-07-07T12:08:12.631+0000] {processor.py:154} INFO - Started process (PID=779) to work on /home/airflow/.local/lib/python3.7/site-packages/airflow/example_dags/example_branch_day_of_week_operator.py
[2023-07-07T12:08:12.631+0000] {processor.py:756} INFO - Processing file /home/airflow/.local/lib/python3.7/site-packages/airflow/example_dags/example_branch_day_of_week_operator.py for tasks to queue
[2023-07-07T12:08:12.632+0000] {logging_mixin.py:120} INFO - [2023-07-07T12:08:12.632+0000] {dagbag.py:537} INFO - Filling up the DagBag from /home/airflow/.local/lib/python3.7/site-packages/airflow/example_dags/example_branch_day_of_week_operator.py
[2023-07-07T12:08:12.641+0000] {processor.py:766} INFO - DAG(s) dict_keys(['example_weekday_branch_operator']) retrieved from /home/airflow/.local/lib/python3.7/site-packages/airflow/example_dags/example_branch_day_of_week_operator.py
[2023-07-07T12:08:12.666+0000] {logging_mixin.py:120} INFO - [2023-07-07T12:08:12.666+0000] {dag.py:2585} INFO - Sync 1 DAGs
[2023-07-07T12:08:12.683+0000] {logging_mixin.py:120} INFO - [2023-07-07T12:08:12.682+0000] {dag.py:3340} INFO - Setting next_dagrun for example_weekday_branch_operator to 2023-07-06T00:00:00+00:00, run_after=2023-07-07T00:00:00+00:00
[2023-07-07T12:08:12.695+0000] {processor.py:176} INFO - Processing /home/airflow/.local/lib/python3.7/site-packages/airflow/example_dags/example_branch_day_of_week_operator.py took 0.066 seconds
[2023-07-07T12:08:42.849+0000] {processor.py:154} INFO - Started process (PID=846) to work on /home/airflow/.local/lib/python3.7/site-packages/airflow/example_dags/example_branch_day_of_week_operator.py
[2023-07-07T12:08:42.849+0000] {processor.py:756} INFO - Processing file /home/airflow/.local/lib/python3.7/site-packages/airflow/example_dags/example_branch_day_of_week_operator.py for tasks to queue
[2023-07-07T12:08:42.850+0000] {logging_mixin.py:120} INFO - [2023-07-07T12:08:42.850+0000] {dagbag.py:537} INFO - Filling up the DagBag from /home/airflow/.local/lib/python3.7/site-packages/airflow/example_dags/example_branch_day_of_week_operator.py
[2023-07-07T12:08:42.860+0000] {processor.py:766} INFO - DAG(s) dict_keys(['example_weekday_branch_operator']) retrieved from /home/airflow/.local/lib/python3.7/site-packages/airflow/example_dags/example_branch_day_of_week_operator.py
[2023-07-07T12:08:42.884+0000] {logging_mixin.py:120} INFO - [2023-07-07T12:08:42.883+0000] {dag.py:2585} INFO - Sync 1 DAGs
[2023-07-07T12:08:42.901+0000] {logging_mixin.py:120} INFO - [2023-07-07T12:08:42.901+0000] {dag.py:3340} INFO - Setting next_dagrun for example_weekday_branch_operator to 2023-07-06T00:00:00+00:00, run_after=2023-07-07T00:00:00+00:00
[2023-07-07T12:08:42.914+0000] {processor.py:176} INFO - Processing /home/airflow/.local/lib/python3.7/site-packages/airflow/example_dags/example_branch_day_of_week_operator.py took 0.067 seconds
[2023-07-07T12:09:12.927+0000] {processor.py:154} INFO - Started process (PID=912) to work on /home/airflow/.local/lib/python3.7/site-packages/airflow/example_dags/example_branch_day_of_week_operator.py
[2023-07-07T12:09:12.929+0000] {processor.py:756} INFO - Processing file /home/airflow/.local/lib/python3.7/site-packages/airflow/example_dags/example_branch_day_of_week_operator.py for tasks to queue
[2023-07-07T12:09:12.929+0000] {logging_mixin.py:120} INFO - [2023-07-07T12:09:12.929+0000] {dagbag.py:537} INFO - Filling up the DagBag from /home/airflow/.local/lib/python3.7/site-packages/airflow/example_dags/example_branch_day_of_week_operator.py
[2023-07-07T12:09:12.938+0000] {processor.py:766} INFO - DAG(s) dict_keys(['example_weekday_branch_operator']) retrieved from /home/airflow/.local/lib/python3.7/site-packages/airflow/example_dags/example_branch_day_of_week_operator.py
[2023-07-07T12:09:12.964+0000] {logging_mixin.py:120} INFO - [2023-07-07T12:09:12.964+0000] {dag.py:2585} INFO - Sync 1 DAGs
[2023-07-07T12:09:12.984+0000] {logging_mixin.py:120} INFO - [2023-07-07T12:09:12.984+0000] {dag.py:3340} INFO - Setting next_dagrun for example_weekday_branch_operator to 2023-07-06T00:00:00+00:00, run_after=2023-07-07T00:00:00+00:00
[2023-07-07T12:09:13.002+0000] {processor.py:176} INFO - Processing /home/airflow/.local/lib/python3.7/site-packages/airflow/example_dags/example_branch_day_of_week_operator.py took 0.076 seconds
[2023-07-07T12:09:43.318+0000] {processor.py:154} INFO - Started process (PID=971) to work on /home/airflow/.local/lib/python3.7/site-packages/airflow/example_dags/example_branch_day_of_week_operator.py
[2023-07-07T12:09:43.319+0000] {processor.py:756} INFO - Processing file /home/airflow/.local/lib/python3.7/site-packages/airflow/example_dags/example_branch_day_of_week_operator.py for tasks to queue
[2023-07-07T12:09:43.320+0000] {logging_mixin.py:120} INFO - [2023-07-07T12:09:43.320+0000] {dagbag.py:537} INFO - Filling up the DagBag from /home/airflow/.local/lib/python3.7/site-packages/airflow/example_dags/example_branch_day_of_week_operator.py
[2023-07-07T12:09:43.332+0000] {processor.py:766} INFO - DAG(s) dict_keys(['example_weekday_branch_operator']) retrieved from /home/airflow/.local/lib/python3.7/site-packages/airflow/example_dags/example_branch_day_of_week_operator.py
[2023-07-07T12:09:43.356+0000] {logging_mixin.py:120} INFO - [2023-07-07T12:09:43.356+0000] {dag.py:2585} INFO - Sync 1 DAGs
[2023-07-07T12:09:43.372+0000] {logging_mixin.py:120} INFO - [2023-07-07T12:09:43.372+0000] {dag.py:3340} INFO - Setting next_dagrun for example_weekday_branch_operator to 2023-07-06T00:00:00+00:00, run_after=2023-07-07T00:00:00+00:00
[2023-07-07T12:09:43.384+0000] {processor.py:176} INFO - Processing /home/airflow/.local/lib/python3.7/site-packages/airflow/example_dags/example_branch_day_of_week_operator.py took 0.068 seconds
[2023-07-07T12:10:13.453+0000] {processor.py:154} INFO - Started process (PID=1038) to work on /home/airflow/.local/lib/python3.7/site-packages/airflow/example_dags/example_branch_day_of_week_operator.py
[2023-07-07T12:10:13.453+0000] {processor.py:756} INFO - Processing file /home/airflow/.local/lib/python3.7/site-packages/airflow/example_dags/example_branch_day_of_week_operator.py for tasks to queue
[2023-07-07T12:10:13.454+0000] {logging_mixin.py:120} INFO - [2023-07-07T12:10:13.454+0000] {dagbag.py:537} INFO - Filling up the DagBag from /home/airflow/.local/lib/python3.7/site-packages/airflow/example_dags/example_branch_day_of_week_operator.py
[2023-07-07T12:10:13.465+0000] {processor.py:766} INFO - DAG(s) dict_keys(['example_weekday_branch_operator']) retrieved from /home/airflow/.local/lib/python3.7/site-packages/airflow/example_dags/example_branch_day_of_week_operator.py
[2023-07-07T12:10:13.489+0000] {logging_mixin.py:120} INFO - [2023-07-07T12:10:13.489+0000] {dag.py:2585} INFO - Sync 1 DAGs
[2023-07-07T12:10:13.504+0000] {logging_mixin.py:120} INFO - [2023-07-07T12:10:13.504+0000] {dag.py:3340} INFO - Setting next_dagrun for example_weekday_branch_operator to 2023-07-06T00:00:00+00:00, run_after=2023-07-07T00:00:00+00:00
[2023-07-07T12:10:13.515+0000] {processor.py:176} INFO - Processing /home/airflow/.local/lib/python3.7/site-packages/airflow/example_dags/example_branch_day_of_week_operator.py took 0.064 seconds
[2023-07-07T12:10:43.966+0000] {processor.py:154} INFO - Started process (PID=1106) to work on /home/airflow/.local/lib/python3.7/site-packages/airflow/example_dags/example_branch_day_of_week_operator.py
[2023-07-07T12:10:43.966+0000] {processor.py:756} INFO - Processing file /home/airflow/.local/lib/python3.7/site-packages/airflow/example_dags/example_branch_day_of_week_operator.py for tasks to queue
[2023-07-07T12:10:43.967+0000] {logging_mixin.py:120} INFO - [2023-07-07T12:10:43.967+0000] {dagbag.py:537} INFO - Filling up the DagBag from /home/airflow/.local/lib/python3.7/site-packages/airflow/example_dags/example_branch_day_of_week_operator.py
[2023-07-07T12:10:43.977+0000] {processor.py:766} INFO - DAG(s) dict_keys(['example_weekday_branch_operator']) retrieved from /home/airflow/.local/lib/python3.7/site-packages/airflow/example_dags/example_branch_day_of_week_operator.py
[2023-07-07T12:10:44.001+0000] {logging_mixin.py:120} INFO - [2023-07-07T12:10:44.001+0000] {dag.py:2585} INFO - Sync 1 DAGs
[2023-07-07T12:10:44.018+0000] {logging_mixin.py:120} INFO - [2023-07-07T12:10:44.018+0000] {dag.py:3340} INFO - Setting next_dagrun for example_weekday_branch_operator to 2023-07-06T00:00:00+00:00, run_after=2023-07-07T00:00:00+00:00
[2023-07-07T12:10:44.031+0000] {processor.py:176} INFO - Processing /home/airflow/.local/lib/python3.7/site-packages/airflow/example_dags/example_branch_day_of_week_operator.py took 0.068 seconds
[2023-07-07T12:11:14.127+0000] {processor.py:154} INFO - Started process (PID=1171) to work on /home/airflow/.local/lib/python3.7/site-packages/airflow/example_dags/example_branch_day_of_week_operator.py
[2023-07-07T12:11:14.128+0000] {processor.py:756} INFO - Processing file /home/airflow/.local/lib/python3.7/site-packages/airflow/example_dags/example_branch_day_of_week_operator.py for tasks to queue
[2023-07-07T12:11:14.129+0000] {logging_mixin.py:120} INFO - [2023-07-07T12:11:14.129+0000] {dagbag.py:537} INFO - Filling up the DagBag from /home/airflow/.local/lib/python3.7/site-packages/airflow/example_dags/example_branch_day_of_week_operator.py
[2023-07-07T12:11:14.158+0000] {processor.py:766} INFO - DAG(s) dict_keys(['example_weekday_branch_operator']) retrieved from /home/airflow/.local/lib/python3.7/site-packages/airflow/example_dags/example_branch_day_of_week_operator.py
[2023-07-07T12:11:14.188+0000] {logging_mixin.py:120} INFO - [2023-07-07T12:11:14.188+0000] {dag.py:2585} INFO - Sync 1 DAGs
[2023-07-07T12:11:14.205+0000] {logging_mixin.py:120} INFO - [2023-07-07T12:11:14.205+0000] {dag.py:3340} INFO - Setting next_dagrun for example_weekday_branch_operator to 2023-07-06T00:00:00+00:00, run_after=2023-07-07T00:00:00+00:00
[2023-07-07T12:11:14.216+0000] {processor.py:176} INFO - Processing /home/airflow/.local/lib/python3.7/site-packages/airflow/example_dags/example_branch_day_of_week_operator.py took 0.094 seconds
[2023-07-07T12:11:44.429+0000] {processor.py:154} INFO - Started process (PID=1230) to work on /home/airflow/.local/lib/python3.7/site-packages/airflow/example_dags/example_branch_day_of_week_operator.py
[2023-07-07T12:11:44.430+0000] {processor.py:756} INFO - Processing file /home/airflow/.local/lib/python3.7/site-packages/airflow/example_dags/example_branch_day_of_week_operator.py for tasks to queue
[2023-07-07T12:11:44.430+0000] {logging_mixin.py:120} INFO - [2023-07-07T12:11:44.430+0000] {dagbag.py:537} INFO - Filling up the DagBag from /home/airflow/.local/lib/python3.7/site-packages/airflow/example_dags/example_branch_day_of_week_operator.py
[2023-07-07T12:11:44.440+0000] {processor.py:766} INFO - DAG(s) dict_keys(['example_weekday_branch_operator']) retrieved from /home/airflow/.local/lib/python3.7/site-packages/airflow/example_dags/example_branch_day_of_week_operator.py
[2023-07-07T12:11:44.464+0000] {logging_mixin.py:120} INFO - [2023-07-07T12:11:44.464+0000] {dag.py:2585} INFO - Sync 1 DAGs
[2023-07-07T12:11:44.480+0000] {logging_mixin.py:120} INFO - [2023-07-07T12:11:44.480+0000] {dag.py:3340} INFO - Setting next_dagrun for example_weekday_branch_operator to 2023-07-06T00:00:00+00:00, run_after=2023-07-07T00:00:00+00:00
[2023-07-07T12:11:44.492+0000] {processor.py:176} INFO - Processing /home/airflow/.local/lib/python3.7/site-packages/airflow/example_dags/example_branch_day_of_week_operator.py took 0.064 seconds
[2023-07-07T12:12:14.670+0000] {processor.py:154} INFO - Started process (PID=1298) to work on /home/airflow/.local/lib/python3.7/site-packages/airflow/example_dags/example_branch_day_of_week_operator.py
[2023-07-07T12:12:14.670+0000] {processor.py:756} INFO - Processing file /home/airflow/.local/lib/python3.7/site-packages/airflow/example_dags/example_branch_day_of_week_operator.py for tasks to queue
[2023-07-07T12:12:14.671+0000] {logging_mixin.py:120} INFO - [2023-07-07T12:12:14.671+0000] {dagbag.py:537} INFO - Filling up the DagBag from /home/airflow/.local/lib/python3.7/site-packages/airflow/example_dags/example_branch_day_of_week_operator.py
[2023-07-07T12:12:14.680+0000] {processor.py:766} INFO - DAG(s) dict_keys(['example_weekday_branch_operator']) retrieved from /home/airflow/.local/lib/python3.7/site-packages/airflow/example_dags/example_branch_day_of_week_operator.py
[2023-07-07T12:12:14.705+0000] {logging_mixin.py:120} INFO - [2023-07-07T12:12:14.705+0000] {dag.py:2585} INFO - Sync 1 DAGs
[2023-07-07T12:12:14.722+0000] {logging_mixin.py:120} INFO - [2023-07-07T12:12:14.721+0000] {dag.py:3340} INFO - Setting next_dagrun for example_weekday_branch_operator to 2023-07-06T00:00:00+00:00, run_after=2023-07-07T00:00:00+00:00
[2023-07-07T12:12:14.733+0000] {processor.py:176} INFO - Processing /home/airflow/.local/lib/python3.7/site-packages/airflow/example_dags/example_branch_day_of_week_operator.py took 0.065 seconds
[2023-07-07T12:12:44.811+0000] {processor.py:154} INFO - Started process (PID=1364) to work on /home/airflow/.local/lib/python3.7/site-packages/airflow/example_dags/example_branch_day_of_week_operator.py
[2023-07-07T12:12:44.811+0000] {processor.py:756} INFO - Processing file /home/airflow/.local/lib/python3.7/site-packages/airflow/example_dags/example_branch_day_of_week_operator.py for tasks to queue
[2023-07-07T12:12:44.812+0000] {logging_mixin.py:120} INFO - [2023-07-07T12:12:44.812+0000] {dagbag.py:537} INFO - Filling up the DagBag from /home/airflow/.local/lib/python3.7/site-packages/airflow/example_dags/example_branch_day_of_week_operator.py
[2023-07-07T12:12:44.824+0000] {processor.py:766} INFO - DAG(s) dict_keys(['example_weekday_branch_operator']) retrieved from /home/airflow/.local/lib/python3.7/site-packages/airflow/example_dags/example_branch_day_of_week_operator.py
[2023-07-07T12:12:44.847+0000] {logging_mixin.py:120} INFO - [2023-07-07T12:12:44.847+0000] {dag.py:2585} INFO - Sync 1 DAGs
[2023-07-07T12:12:44.865+0000] {logging_mixin.py:120} INFO - [2023-07-07T12:12:44.864+0000] {dag.py:3340} INFO - Setting next_dagrun for example_weekday_branch_operator to 2023-07-06T00:00:00+00:00, run_after=2023-07-07T00:00:00+00:00
[2023-07-07T12:12:44.877+0000] {processor.py:176} INFO - Processing /home/airflow/.local/lib/python3.7/site-packages/airflow/example_dags/example_branch_day_of_week_operator.py took 0.068 seconds
[2023-07-07T12:13:15.219+0000] {processor.py:154} INFO - Started process (PID=1433) to work on /home/airflow/.local/lib/python3.7/site-packages/airflow/example_dags/example_branch_day_of_week_operator.py
[2023-07-07T12:13:15.220+0000] {processor.py:756} INFO - Processing file /home/airflow/.local/lib/python3.7/site-packages/airflow/example_dags/example_branch_day_of_week_operator.py for tasks to queue
[2023-07-07T12:13:15.221+0000] {logging_mixin.py:120} INFO - [2023-07-07T12:13:15.220+0000] {dagbag.py:537} INFO - Filling up the DagBag from /home/airflow/.local/lib/python3.7/site-packages/airflow/example_dags/example_branch_day_of_week_operator.py
[2023-07-07T12:13:15.229+0000] {processor.py:766} INFO - DAG(s) dict_keys(['example_weekday_branch_operator']) retrieved from /home/airflow/.local/lib/python3.7/site-packages/airflow/example_dags/example_branch_day_of_week_operator.py
[2023-07-07T12:13:15.254+0000] {logging_mixin.py:120} INFO - [2023-07-07T12:13:15.254+0000] {dag.py:2585} INFO - Sync 1 DAGs
[2023-07-07T12:13:15.273+0000] {logging_mixin.py:120} INFO - [2023-07-07T12:13:15.272+0000] {dag.py:3340} INFO - Setting next_dagrun for example_weekday_branch_operator to 2023-07-06T00:00:00+00:00, run_after=2023-07-07T00:00:00+00:00
[2023-07-07T12:13:15.287+0000] {processor.py:176} INFO - Processing /home/airflow/.local/lib/python3.7/site-packages/airflow/example_dags/example_branch_day_of_week_operator.py took 0.070 seconds
[2023-07-07T12:13:45.304+0000] {processor.py:154} INFO - Started process (PID=1490) to work on /home/airflow/.local/lib/python3.7/site-packages/airflow/example_dags/example_branch_day_of_week_operator.py
[2023-07-07T12:13:45.305+0000] {processor.py:756} INFO - Processing file /home/airflow/.local/lib/python3.7/site-packages/airflow/example_dags/example_branch_day_of_week_operator.py for tasks to queue
[2023-07-07T12:13:45.305+0000] {logging_mixin.py:120} INFO - [2023-07-07T12:13:45.305+0000] {dagbag.py:537} INFO - Filling up the DagBag from /home/airflow/.local/lib/python3.7/site-packages/airflow/example_dags/example_branch_day_of_week_operator.py
[2023-07-07T12:13:45.314+0000] {processor.py:766} INFO - DAG(s) dict_keys(['example_weekday_branch_operator']) retrieved from /home/airflow/.local/lib/python3.7/site-packages/airflow/example_dags/example_branch_day_of_week_operator.py
[2023-07-07T12:13:45.341+0000] {logging_mixin.py:120} INFO - [2023-07-07T12:13:45.341+0000] {dag.py:2585} INFO - Sync 1 DAGs
[2023-07-07T12:13:45.363+0000] {logging_mixin.py:120} INFO - [2023-07-07T12:13:45.363+0000] {dag.py:3340} INFO - Setting next_dagrun for example_weekday_branch_operator to 2023-07-06T00:00:00+00:00, run_after=2023-07-07T00:00:00+00:00
[2023-07-07T12:13:45.377+0000] {processor.py:176} INFO - Processing /home/airflow/.local/lib/python3.7/site-packages/airflow/example_dags/example_branch_day_of_week_operator.py took 0.075 seconds
[2023-07-07T12:14:15.551+0000] {processor.py:154} INFO - Started process (PID=1557) to work on /home/airflow/.local/lib/python3.7/site-packages/airflow/example_dags/example_branch_day_of_week_operator.py
[2023-07-07T12:14:15.555+0000] {processor.py:756} INFO - Processing file /home/airflow/.local/lib/python3.7/site-packages/airflow/example_dags/example_branch_day_of_week_operator.py for tasks to queue
[2023-07-07T12:14:15.556+0000] {logging_mixin.py:120} INFO - [2023-07-07T12:14:15.555+0000] {dagbag.py:537} INFO - Filling up the DagBag from /home/airflow/.local/lib/python3.7/site-packages/airflow/example_dags/example_branch_day_of_week_operator.py
[2023-07-07T12:14:15.565+0000] {processor.py:766} INFO - DAG(s) dict_keys(['example_weekday_branch_operator']) retrieved from /home/airflow/.local/lib/python3.7/site-packages/airflow/example_dags/example_branch_day_of_week_operator.py
[2023-07-07T12:14:15.588+0000] {logging_mixin.py:120} INFO - [2023-07-07T12:14:15.588+0000] {dag.py:2585} INFO - Sync 1 DAGs
[2023-07-07T12:14:15.602+0000] {logging_mixin.py:120} INFO - [2023-07-07T12:14:15.602+0000] {dag.py:3340} INFO - Setting next_dagrun for example_weekday_branch_operator to 2023-07-06T00:00:00+00:00, run_after=2023-07-07T00:00:00+00:00
[2023-07-07T12:14:15.615+0000] {processor.py:176} INFO - Processing /home/airflow/.local/lib/python3.7/site-packages/airflow/example_dags/example_branch_day_of_week_operator.py took 0.066 seconds
[2023-07-07T12:14:45.704+0000] {processor.py:154} INFO - Started process (PID=1624) to work on /home/airflow/.local/lib/python3.7/site-packages/airflow/example_dags/example_branch_day_of_week_operator.py
[2023-07-07T12:14:45.705+0000] {processor.py:756} INFO - Processing file /home/airflow/.local/lib/python3.7/site-packages/airflow/example_dags/example_branch_day_of_week_operator.py for tasks to queue
[2023-07-07T12:14:45.705+0000] {logging_mixin.py:120} INFO - [2023-07-07T12:14:45.705+0000] {dagbag.py:537} INFO - Filling up the DagBag from /home/airflow/.local/lib/python3.7/site-packages/airflow/example_dags/example_branch_day_of_week_operator.py
[2023-07-07T12:14:45.715+0000] {processor.py:766} INFO - DAG(s) dict_keys(['example_weekday_branch_operator']) retrieved from /home/airflow/.local/lib/python3.7/site-packages/airflow/example_dags/example_branch_day_of_week_operator.py
[2023-07-07T12:14:45.740+0000] {logging_mixin.py:120} INFO - [2023-07-07T12:14:45.740+0000] {dag.py:2585} INFO - Sync 1 DAGs
[2023-07-07T12:14:45.759+0000] {logging_mixin.py:120} INFO - [2023-07-07T12:14:45.759+0000] {dag.py:3340} INFO - Setting next_dagrun for example_weekday_branch_operator to 2023-07-06T00:00:00+00:00, run_after=2023-07-07T00:00:00+00:00
[2023-07-07T12:14:45.772+0000] {processor.py:176} INFO - Processing /home/airflow/.local/lib/python3.7/site-packages/airflow/example_dags/example_branch_day_of_week_operator.py took 0.071 seconds
[2023-07-07T12:15:15.943+0000] {processor.py:154} INFO - Started process (PID=1691) to work on /home/airflow/.local/lib/python3.7/site-packages/airflow/example_dags/example_branch_day_of_week_operator.py
[2023-07-07T12:15:15.943+0000] {processor.py:756} INFO - Processing file /home/airflow/.local/lib/python3.7/site-packages/airflow/example_dags/example_branch_day_of_week_operator.py for tasks to queue
[2023-07-07T12:15:15.944+0000] {logging_mixin.py:120} INFO - [2023-07-07T12:15:15.944+0000] {dagbag.py:537} INFO - Filling up the DagBag from /home/airflow/.local/lib/python3.7/site-packages/airflow/example_dags/example_branch_day_of_week_operator.py
[2023-07-07T12:15:15.954+0000] {processor.py:766} INFO - DAG(s) dict_keys(['example_weekday_branch_operator']) retrieved from /home/airflow/.local/lib/python3.7/site-packages/airflow/example_dags/example_branch_day_of_week_operator.py
[2023-07-07T12:15:16.004+0000] {logging_mixin.py:120} INFO - [2023-07-07T12:15:16.003+0000] {dag.py:2585} INFO - Sync 1 DAGs
[2023-07-07T12:15:16.021+0000] {logging_mixin.py:120} INFO - [2023-07-07T12:15:16.021+0000] {dag.py:3340} INFO - Setting next_dagrun for example_weekday_branch_operator to 2023-07-06T00:00:00+00:00, run_after=2023-07-07T00:00:00+00:00
[2023-07-07T12:15:16.033+0000] {processor.py:176} INFO - Processing /home/airflow/.local/lib/python3.7/site-packages/airflow/example_dags/example_branch_day_of_week_operator.py took 0.092 seconds
[2023-07-07T12:15:46.062+0000] {processor.py:154} INFO - Started process (PID=1758) to work on /home/airflow/.local/lib/python3.7/site-packages/airflow/example_dags/example_branch_day_of_week_operator.py
[2023-07-07T12:15:46.063+0000] {processor.py:756} INFO - Processing file /home/airflow/.local/lib/python3.7/site-packages/airflow/example_dags/example_branch_day_of_week_operator.py for tasks to queue
[2023-07-07T12:15:46.063+0000] {logging_mixin.py:120} INFO - [2023-07-07T12:15:46.063+0000] {dagbag.py:537} INFO - Filling up the DagBag from /home/airflow/.local/lib/python3.7/site-packages/airflow/example_dags/example_branch_day_of_week_operator.py
[2023-07-07T12:15:46.074+0000] {processor.py:766} INFO - DAG(s) dict_keys(['example_weekday_branch_operator']) retrieved from /home/airflow/.local/lib/python3.7/site-packages/airflow/example_dags/example_branch_day_of_week_operator.py
[2023-07-07T12:15:46.101+0000] {logging_mixin.py:120} INFO - [2023-07-07T12:15:46.101+0000] {dag.py:2585} INFO - Sync 1 DAGs
[2023-07-07T12:15:46.120+0000] {logging_mixin.py:120} INFO - [2023-07-07T12:15:46.119+0000] {dag.py:3340} INFO - Setting next_dagrun for example_weekday_branch_operator to 2023-07-06T00:00:00+00:00, run_after=2023-07-07T00:00:00+00:00
[2023-07-07T12:15:46.132+0000] {processor.py:176} INFO - Processing /home/airflow/.local/lib/python3.7/site-packages/airflow/example_dags/example_branch_day_of_week_operator.py took 0.072 seconds
[2023-07-07T12:16:16.311+0000] {processor.py:154} INFO - Started process (PID=1817) to work on /home/airflow/.local/lib/python3.7/site-packages/airflow/example_dags/example_branch_day_of_week_operator.py
[2023-07-07T12:16:16.311+0000] {processor.py:756} INFO - Processing file /home/airflow/.local/lib/python3.7/site-packages/airflow/example_dags/example_branch_day_of_week_operator.py for tasks to queue
[2023-07-07T12:16:16.311+0000] {logging_mixin.py:120} INFO - [2023-07-07T12:16:16.311+0000] {dagbag.py:537} INFO - Filling up the DagBag from /home/airflow/.local/lib/python3.7/site-packages/airflow/example_dags/example_branch_day_of_week_operator.py
[2023-07-07T12:16:16.321+0000] {processor.py:766} INFO - DAG(s) dict_keys(['example_weekday_branch_operator']) retrieved from /home/airflow/.local/lib/python3.7/site-packages/airflow/example_dags/example_branch_day_of_week_operator.py
[2023-07-07T12:16:16.346+0000] {logging_mixin.py:120} INFO - [2023-07-07T12:16:16.346+0000] {dag.py:2585} INFO - Sync 1 DAGs
[2023-07-07T12:16:16.362+0000] {logging_mixin.py:120} INFO - [2023-07-07T12:16:16.362+0000] {dag.py:3340} INFO - Setting next_dagrun for example_weekday_branch_operator to 2023-07-06T00:00:00+00:00, run_after=2023-07-07T00:00:00+00:00
[2023-07-07T12:16:16.374+0000] {processor.py:176} INFO - Processing /home/airflow/.local/lib/python3.7/site-packages/airflow/example_dags/example_branch_day_of_week_operator.py took 0.065 seconds
[2023-07-07T12:16:46.562+0000] {processor.py:154} INFO - Started process (PID=1885) to work on /home/airflow/.local/lib/python3.7/site-packages/airflow/example_dags/example_branch_day_of_week_operator.py
[2023-07-07T12:16:46.563+0000] {processor.py:756} INFO - Processing file /home/airflow/.local/lib/python3.7/site-packages/airflow/example_dags/example_branch_day_of_week_operator.py for tasks to queue
[2023-07-07T12:16:46.563+0000] {logging_mixin.py:120} INFO - [2023-07-07T12:16:46.563+0000] {dagbag.py:537} INFO - Filling up the DagBag from /home/airflow/.local/lib/python3.7/site-packages/airflow/example_dags/example_branch_day_of_week_operator.py
[2023-07-07T12:16:46.575+0000] {processor.py:766} INFO - DAG(s) dict_keys(['example_weekday_branch_operator']) retrieved from /home/airflow/.local/lib/python3.7/site-packages/airflow/example_dags/example_branch_day_of_week_operator.py
[2023-07-07T12:16:46.604+0000] {logging_mixin.py:120} INFO - [2023-07-07T12:16:46.604+0000] {dag.py:2585} INFO - Sync 1 DAGs
[2023-07-07T12:16:46.624+0000] {logging_mixin.py:120} INFO - [2023-07-07T12:16:46.624+0000] {dag.py:3340} INFO - Setting next_dagrun for example_weekday_branch_operator to 2023-07-06T00:00:00+00:00, run_after=2023-07-07T00:00:00+00:00
[2023-07-07T12:16:46.638+0000] {processor.py:176} INFO - Processing /home/airflow/.local/lib/python3.7/site-packages/airflow/example_dags/example_branch_day_of_week_operator.py took 0.079 seconds
[2023-07-07T12:17:16.971+0000] {processor.py:154} INFO - Started process (PID=1951) to work on /home/airflow/.local/lib/python3.7/site-packages/airflow/example_dags/example_branch_day_of_week_operator.py
[2023-07-07T12:17:16.971+0000] {processor.py:756} INFO - Processing file /home/airflow/.local/lib/python3.7/site-packages/airflow/example_dags/example_branch_day_of_week_operator.py for tasks to queue
[2023-07-07T12:17:16.972+0000] {logging_mixin.py:120} INFO - [2023-07-07T12:17:16.972+0000] {dagbag.py:537} INFO - Filling up the DagBag from /home/airflow/.local/lib/python3.7/site-packages/airflow/example_dags/example_branch_day_of_week_operator.py
[2023-07-07T12:17:16.981+0000] {processor.py:766} INFO - DAG(s) dict_keys(['example_weekday_branch_operator']) retrieved from /home/airflow/.local/lib/python3.7/site-packages/airflow/example_dags/example_branch_day_of_week_operator.py
[2023-07-07T12:17:17.008+0000] {logging_mixin.py:120} INFO - [2023-07-07T12:17:17.008+0000] {dag.py:2585} INFO - Sync 1 DAGs
[2023-07-07T12:17:17.027+0000] {logging_mixin.py:120} INFO - [2023-07-07T12:17:17.026+0000] {dag.py:3340} INFO - Setting next_dagrun for example_weekday_branch_operator to 2023-07-06T00:00:00+00:00, run_after=2023-07-07T00:00:00+00:00
[2023-07-07T12:17:17.039+0000] {processor.py:176} INFO - Processing /home/airflow/.local/lib/python3.7/site-packages/airflow/example_dags/example_branch_day_of_week_operator.py took 0.070 seconds
[2023-07-07T12:17:47.190+0000] {processor.py:154} INFO - Started process (PID=2018) to work on /home/airflow/.local/lib/python3.7/site-packages/airflow/example_dags/example_branch_day_of_week_operator.py
[2023-07-07T12:17:47.191+0000] {processor.py:756} INFO - Processing file /home/airflow/.local/lib/python3.7/site-packages/airflow/example_dags/example_branch_day_of_week_operator.py for tasks to queue
[2023-07-07T12:17:47.192+0000] {logging_mixin.py:120} INFO - [2023-07-07T12:17:47.192+0000] {dagbag.py:537} INFO - Filling up the DagBag from /home/airflow/.local/lib/python3.7/site-packages/airflow/example_dags/example_branch_day_of_week_operator.py
[2023-07-07T12:17:47.201+0000] {processor.py:766} INFO - DAG(s) dict_keys(['example_weekday_branch_operator']) retrieved from /home/airflow/.local/lib/python3.7/site-packages/airflow/example_dags/example_branch_day_of_week_operator.py
[2023-07-07T12:17:47.228+0000] {logging_mixin.py:120} INFO - [2023-07-07T12:17:47.228+0000] {dag.py:2585} INFO - Sync 1 DAGs
[2023-07-07T12:17:47.245+0000] {logging_mixin.py:120} INFO - [2023-07-07T12:17:47.245+0000] {dag.py:3340} INFO - Setting next_dagrun for example_weekday_branch_operator to 2023-07-06T00:00:00+00:00, run_after=2023-07-07T00:00:00+00:00
[2023-07-07T12:17:47.258+0000] {processor.py:176} INFO - Processing /home/airflow/.local/lib/python3.7/site-packages/airflow/example_dags/example_branch_day_of_week_operator.py took 0.069 seconds
[2023-07-07T12:18:17.525+0000] {processor.py:154} INFO - Started process (PID=2076) to work on /home/airflow/.local/lib/python3.7/site-packages/airflow/example_dags/example_branch_day_of_week_operator.py
[2023-07-07T12:18:17.526+0000] {processor.py:756} INFO - Processing file /home/airflow/.local/lib/python3.7/site-packages/airflow/example_dags/example_branch_day_of_week_operator.py for tasks to queue
[2023-07-07T12:18:17.526+0000] {logging_mixin.py:120} INFO - [2023-07-07T12:18:17.526+0000] {dagbag.py:537} INFO - Filling up the DagBag from /home/airflow/.local/lib/python3.7/site-packages/airflow/example_dags/example_branch_day_of_week_operator.py
[2023-07-07T12:18:17.536+0000] {processor.py:766} INFO - DAG(s) dict_keys(['example_weekday_branch_operator']) retrieved from /home/airflow/.local/lib/python3.7/site-packages/airflow/example_dags/example_branch_day_of_week_operator.py
[2023-07-07T12:18:17.560+0000] {logging_mixin.py:120} INFO - [2023-07-07T12:18:17.560+0000] {dag.py:2585} INFO - Sync 1 DAGs
[2023-07-07T12:18:17.576+0000] {logging_mixin.py:120} INFO - [2023-07-07T12:18:17.576+0000] {dag.py:3340} INFO - Setting next_dagrun for example_weekday_branch_operator to 2023-07-06T00:00:00+00:00, run_after=2023-07-07T00:00:00+00:00
[2023-07-07T12:18:17.588+0000] {processor.py:176} INFO - Processing /home/airflow/.local/lib/python3.7/site-packages/airflow/example_dags/example_branch_day_of_week_operator.py took 0.065 seconds
[2023-07-07T12:18:47.727+0000] {processor.py:154} INFO - Started process (PID=2144) to work on /home/airflow/.local/lib/python3.7/site-packages/airflow/example_dags/example_branch_day_of_week_operator.py
[2023-07-07T12:18:47.728+0000] {processor.py:756} INFO - Processing file /home/airflow/.local/lib/python3.7/site-packages/airflow/example_dags/example_branch_day_of_week_operator.py for tasks to queue
[2023-07-07T12:18:47.728+0000] {logging_mixin.py:120} INFO - [2023-07-07T12:18:47.728+0000] {dagbag.py:537} INFO - Filling up the DagBag from /home/airflow/.local/lib/python3.7/site-packages/airflow/example_dags/example_branch_day_of_week_operator.py
[2023-07-07T12:18:47.737+0000] {processor.py:766} INFO - DAG(s) dict_keys(['example_weekday_branch_operator']) retrieved from /home/airflow/.local/lib/python3.7/site-packages/airflow/example_dags/example_branch_day_of_week_operator.py
[2023-07-07T12:18:47.762+0000] {logging_mixin.py:120} INFO - [2023-07-07T12:18:47.761+0000] {dag.py:2585} INFO - Sync 1 DAGs
[2023-07-07T12:18:47.778+0000] {logging_mixin.py:120} INFO - [2023-07-07T12:18:47.778+0000] {dag.py:3340} INFO - Setting next_dagrun for example_weekday_branch_operator to 2023-07-06T00:00:00+00:00, run_after=2023-07-07T00:00:00+00:00
[2023-07-07T12:18:47.789+0000] {processor.py:176} INFO - Processing /home/airflow/.local/lib/python3.7/site-packages/airflow/example_dags/example_branch_day_of_week_operator.py took 0.064 seconds
[2023-07-07T12:19:18.015+0000] {processor.py:154} INFO - Started process (PID=2211) to work on /home/airflow/.local/lib/python3.7/site-packages/airflow/example_dags/example_branch_day_of_week_operator.py
[2023-07-07T12:19:18.016+0000] {processor.py:756} INFO - Processing file /home/airflow/.local/lib/python3.7/site-packages/airflow/example_dags/example_branch_day_of_week_operator.py for tasks to queue
[2023-07-07T12:19:18.016+0000] {logging_mixin.py:120} INFO - [2023-07-07T12:19:18.016+0000] {dagbag.py:537} INFO - Filling up the DagBag from /home/airflow/.local/lib/python3.7/site-packages/airflow/example_dags/example_branch_day_of_week_operator.py
[2023-07-07T12:19:18.025+0000] {processor.py:766} INFO - DAG(s) dict_keys(['example_weekday_branch_operator']) retrieved from /home/airflow/.local/lib/python3.7/site-packages/airflow/example_dags/example_branch_day_of_week_operator.py
[2023-07-07T12:19:18.049+0000] {logging_mixin.py:120} INFO - [2023-07-07T12:19:18.049+0000] {dag.py:2585} INFO - Sync 1 DAGs
[2023-07-07T12:19:18.065+0000] {logging_mixin.py:120} INFO - [2023-07-07T12:19:18.064+0000] {dag.py:3340} INFO - Setting next_dagrun for example_weekday_branch_operator to 2023-07-06T00:00:00+00:00, run_after=2023-07-07T00:00:00+00:00
[2023-07-07T12:19:18.075+0000] {processor.py:176} INFO - Processing /home/airflow/.local/lib/python3.7/site-packages/airflow/example_dags/example_branch_day_of_week_operator.py took 0.062 seconds
[2023-07-07T12:19:48.276+0000] {processor.py:154} INFO - Started process (PID=2279) to work on /home/airflow/.local/lib/python3.7/site-packages/airflow/example_dags/example_branch_day_of_week_operator.py
[2023-07-07T12:19:48.277+0000] {processor.py:756} INFO - Processing file /home/airflow/.local/lib/python3.7/site-packages/airflow/example_dags/example_branch_day_of_week_operator.py for tasks to queue
[2023-07-07T12:19:48.277+0000] {logging_mixin.py:120} INFO - [2023-07-07T12:19:48.277+0000] {dagbag.py:537} INFO - Filling up the DagBag from /home/airflow/.local/lib/python3.7/site-packages/airflow/example_dags/example_branch_day_of_week_operator.py
[2023-07-07T12:19:48.287+0000] {processor.py:766} INFO - DAG(s) dict_keys(['example_weekday_branch_operator']) retrieved from /home/airflow/.local/lib/python3.7/site-packages/airflow/example_dags/example_branch_day_of_week_operator.py
[2023-07-07T12:19:48.310+0000] {logging_mixin.py:120} INFO - [2023-07-07T12:19:48.310+0000] {dag.py:2585} INFO - Sync 1 DAGs
[2023-07-07T12:19:48.328+0000] {logging_mixin.py:120} INFO - [2023-07-07T12:19:48.328+0000] {dag.py:3340} INFO - Setting next_dagrun for example_weekday_branch_operator to 2023-07-06T00:00:00+00:00, run_after=2023-07-07T00:00:00+00:00
[2023-07-07T12:19:48.341+0000] {processor.py:176} INFO - Processing /home/airflow/.local/lib/python3.7/site-packages/airflow/example_dags/example_branch_day_of_week_operator.py took 0.066 seconds
[2023-07-07T12:20:18.482+0000] {processor.py:154} INFO - Started process (PID=2346) to work on /home/airflow/.local/lib/python3.7/site-packages/airflow/example_dags/example_branch_day_of_week_operator.py
[2023-07-07T12:20:18.482+0000] {processor.py:756} INFO - Processing file /home/airflow/.local/lib/python3.7/site-packages/airflow/example_dags/example_branch_day_of_week_operator.py for tasks to queue
[2023-07-07T12:20:18.483+0000] {logging_mixin.py:120} INFO - [2023-07-07T12:20:18.483+0000] {dagbag.py:537} INFO - Filling up the DagBag from /home/airflow/.local/lib/python3.7/site-packages/airflow/example_dags/example_branch_day_of_week_operator.py
[2023-07-07T12:20:18.492+0000] {processor.py:766} INFO - DAG(s) dict_keys(['example_weekday_branch_operator']) retrieved from /home/airflow/.local/lib/python3.7/site-packages/airflow/example_dags/example_branch_day_of_week_operator.py
[2023-07-07T12:20:18.517+0000] {logging_mixin.py:120} INFO - [2023-07-07T12:20:18.517+0000] {dag.py:2585} INFO - Sync 1 DAGs
[2023-07-07T12:20:18.533+0000] {logging_mixin.py:120} INFO - [2023-07-07T12:20:18.533+0000] {dag.py:3340} INFO - Setting next_dagrun for example_weekday_branch_operator to 2023-07-06T00:00:00+00:00, run_after=2023-07-07T00:00:00+00:00
[2023-07-07T12:20:18.546+0000] {processor.py:176} INFO - Processing /home/airflow/.local/lib/python3.7/site-packages/airflow/example_dags/example_branch_day_of_week_operator.py took 0.066 seconds
[2023-07-07T12:20:48.748+0000] {processor.py:154} INFO - Started process (PID=2404) to work on /home/airflow/.local/lib/python3.7/site-packages/airflow/example_dags/example_branch_day_of_week_operator.py
[2023-07-07T12:20:48.748+0000] {processor.py:756} INFO - Processing file /home/airflow/.local/lib/python3.7/site-packages/airflow/example_dags/example_branch_day_of_week_operator.py for tasks to queue
[2023-07-07T12:20:48.749+0000] {logging_mixin.py:120} INFO - [2023-07-07T12:20:48.749+0000] {dagbag.py:537} INFO - Filling up the DagBag from /home/airflow/.local/lib/python3.7/site-packages/airflow/example_dags/example_branch_day_of_week_operator.py
[2023-07-07T12:20:48.759+0000] {processor.py:766} INFO - DAG(s) dict_keys(['example_weekday_branch_operator']) retrieved from /home/airflow/.local/lib/python3.7/site-packages/airflow/example_dags/example_branch_day_of_week_operator.py
[2023-07-07T12:20:48.784+0000] {logging_mixin.py:120} INFO - [2023-07-07T12:20:48.784+0000] {dag.py:2585} INFO - Sync 1 DAGs
[2023-07-07T12:20:48.802+0000] {logging_mixin.py:120} INFO - [2023-07-07T12:20:48.802+0000] {dag.py:3340} INFO - Setting next_dagrun for example_weekday_branch_operator to 2023-07-06T00:00:00+00:00, run_after=2023-07-07T00:00:00+00:00
[2023-07-07T12:20:48.813+0000] {processor.py:176} INFO - Processing /home/airflow/.local/lib/python3.7/site-packages/airflow/example_dags/example_branch_day_of_week_operator.py took 0.067 seconds
[2023-07-07T12:21:19.047+0000] {processor.py:154} INFO - Started process (PID=2471) to work on /home/airflow/.local/lib/python3.7/site-packages/airflow/example_dags/example_branch_day_of_week_operator.py
[2023-07-07T12:21:19.047+0000] {processor.py:756} INFO - Processing file /home/airflow/.local/lib/python3.7/site-packages/airflow/example_dags/example_branch_day_of_week_operator.py for tasks to queue
[2023-07-07T12:21:19.048+0000] {logging_mixin.py:120} INFO - [2023-07-07T12:21:19.048+0000] {dagbag.py:537} INFO - Filling up the DagBag from /home/airflow/.local/lib/python3.7/site-packages/airflow/example_dags/example_branch_day_of_week_operator.py
[2023-07-07T12:21:19.058+0000] {processor.py:766} INFO - DAG(s) dict_keys(['example_weekday_branch_operator']) retrieved from /home/airflow/.local/lib/python3.7/site-packages/airflow/example_dags/example_branch_day_of_week_operator.py
[2023-07-07T12:21:19.085+0000] {logging_mixin.py:120} INFO - [2023-07-07T12:21:19.085+0000] {dag.py:2585} INFO - Sync 1 DAGs
[2023-07-07T12:21:19.104+0000] {logging_mixin.py:120} INFO - [2023-07-07T12:21:19.104+0000] {dag.py:3340} INFO - Setting next_dagrun for example_weekday_branch_operator to 2023-07-06T00:00:00+00:00, run_after=2023-07-07T00:00:00+00:00
[2023-07-07T12:21:19.116+0000] {processor.py:176} INFO - Processing /home/airflow/.local/lib/python3.7/site-packages/airflow/example_dags/example_branch_day_of_week_operator.py took 0.071 seconds
[2023-07-07T12:22:00.324+0000] {processor.py:154} INFO - Started process (PID=69) to work on /home/airflow/.local/lib/python3.7/site-packages/airflow/example_dags/example_branch_day_of_week_operator.py
[2023-07-07T12:22:00.325+0000] {processor.py:756} INFO - Processing file /home/airflow/.local/lib/python3.7/site-packages/airflow/example_dags/example_branch_day_of_week_operator.py for tasks to queue
[2023-07-07T12:22:00.326+0000] {logging_mixin.py:120} INFO - [2023-07-07T12:22:00.325+0000] {dagbag.py:537} INFO - Filling up the DagBag from /home/airflow/.local/lib/python3.7/site-packages/airflow/example_dags/example_branch_day_of_week_operator.py
[2023-07-07T12:22:00.347+0000] {processor.py:766} INFO - DAG(s) dict_keys(['example_weekday_branch_operator']) retrieved from /home/airflow/.local/lib/python3.7/site-packages/airflow/example_dags/example_branch_day_of_week_operator.py
[2023-07-07T12:22:00.379+0000] {logging_mixin.py:120} INFO - [2023-07-07T12:22:00.379+0000] {dag.py:2585} INFO - Sync 1 DAGs
[2023-07-07T12:22:00.417+0000] {logging_mixin.py:120} INFO - [2023-07-07T12:22:00.417+0000] {dag.py:3340} INFO - Setting next_dagrun for example_weekday_branch_operator to 2023-07-06T00:00:00+00:00, run_after=2023-07-07T00:00:00+00:00
[2023-07-07T12:22:00.441+0000] {processor.py:176} INFO - Processing /home/airflow/.local/lib/python3.7/site-packages/airflow/example_dags/example_branch_day_of_week_operator.py took 0.121 seconds
[2023-07-07T12:22:30.920+0000] {processor.py:154} INFO - Started process (PID=127) to work on /home/airflow/.local/lib/python3.7/site-packages/airflow/example_dags/example_branch_day_of_week_operator.py
[2023-07-07T12:22:30.920+0000] {processor.py:756} INFO - Processing file /home/airflow/.local/lib/python3.7/site-packages/airflow/example_dags/example_branch_day_of_week_operator.py for tasks to queue
[2023-07-07T12:22:30.920+0000] {logging_mixin.py:120} INFO - [2023-07-07T12:22:30.920+0000] {dagbag.py:537} INFO - Filling up the DagBag from /home/airflow/.local/lib/python3.7/site-packages/airflow/example_dags/example_branch_day_of_week_operator.py
[2023-07-07T12:22:30.930+0000] {processor.py:766} INFO - DAG(s) dict_keys(['example_weekday_branch_operator']) retrieved from /home/airflow/.local/lib/python3.7/site-packages/airflow/example_dags/example_branch_day_of_week_operator.py
[2023-07-07T12:22:30.956+0000] {logging_mixin.py:120} INFO - [2023-07-07T12:22:30.956+0000] {dag.py:2585} INFO - Sync 1 DAGs
[2023-07-07T12:22:30.974+0000] {logging_mixin.py:120} INFO - [2023-07-07T12:22:30.974+0000] {dag.py:3340} INFO - Setting next_dagrun for example_weekday_branch_operator to 2023-07-06T00:00:00+00:00, run_after=2023-07-07T00:00:00+00:00
[2023-07-07T12:22:30.988+0000] {processor.py:176} INFO - Processing /home/airflow/.local/lib/python3.7/site-packages/airflow/example_dags/example_branch_day_of_week_operator.py took 0.070 seconds
[2023-07-07T12:23:02.181+0000] {processor.py:154} INFO - Started process (PID=194) to work on /home/airflow/.local/lib/python3.7/site-packages/airflow/example_dags/example_branch_day_of_week_operator.py
[2023-07-07T12:23:02.182+0000] {processor.py:756} INFO - Processing file /home/airflow/.local/lib/python3.7/site-packages/airflow/example_dags/example_branch_day_of_week_operator.py for tasks to queue
[2023-07-07T12:23:02.182+0000] {logging_mixin.py:120} INFO - [2023-07-07T12:23:02.182+0000] {dagbag.py:537} INFO - Filling up the DagBag from /home/airflow/.local/lib/python3.7/site-packages/airflow/example_dags/example_branch_day_of_week_operator.py
[2023-07-07T12:23:02.192+0000] {processor.py:766} INFO - DAG(s) dict_keys(['example_weekday_branch_operator']) retrieved from /home/airflow/.local/lib/python3.7/site-packages/airflow/example_dags/example_branch_day_of_week_operator.py
[2023-07-07T12:23:02.218+0000] {logging_mixin.py:120} INFO - [2023-07-07T12:23:02.218+0000] {dag.py:2585} INFO - Sync 1 DAGs
[2023-07-07T12:23:02.236+0000] {logging_mixin.py:120} INFO - [2023-07-07T12:23:02.236+0000] {dag.py:3340} INFO - Setting next_dagrun for example_weekday_branch_operator to 2023-07-06T00:00:00+00:00, run_after=2023-07-07T00:00:00+00:00
[2023-07-07T12:23:02.248+0000] {processor.py:176} INFO - Processing /home/airflow/.local/lib/python3.7/site-packages/airflow/example_dags/example_branch_day_of_week_operator.py took 0.069 seconds
[2023-07-07T12:23:32.609+0000] {processor.py:154} INFO - Started process (PID=260) to work on /home/airflow/.local/lib/python3.7/site-packages/airflow/example_dags/example_branch_day_of_week_operator.py
[2023-07-07T12:23:32.609+0000] {processor.py:756} INFO - Processing file /home/airflow/.local/lib/python3.7/site-packages/airflow/example_dags/example_branch_day_of_week_operator.py for tasks to queue
[2023-07-07T12:23:32.610+0000] {logging_mixin.py:120} INFO - [2023-07-07T12:23:32.610+0000] {dagbag.py:537} INFO - Filling up the DagBag from /home/airflow/.local/lib/python3.7/site-packages/airflow/example_dags/example_branch_day_of_week_operator.py
[2023-07-07T12:23:32.620+0000] {processor.py:766} INFO - DAG(s) dict_keys(['example_weekday_branch_operator']) retrieved from /home/airflow/.local/lib/python3.7/site-packages/airflow/example_dags/example_branch_day_of_week_operator.py
[2023-07-07T12:23:32.647+0000] {logging_mixin.py:120} INFO - [2023-07-07T12:23:32.647+0000] {dag.py:2585} INFO - Sync 1 DAGs
[2023-07-07T12:23:32.667+0000] {logging_mixin.py:120} INFO - [2023-07-07T12:23:32.667+0000] {dag.py:3340} INFO - Setting next_dagrun for example_weekday_branch_operator to 2023-07-06T00:00:00+00:00, run_after=2023-07-07T00:00:00+00:00
[2023-07-07T12:23:32.680+0000] {processor.py:176} INFO - Processing /home/airflow/.local/lib/python3.7/site-packages/airflow/example_dags/example_branch_day_of_week_operator.py took 0.074 seconds
[2023-07-07T12:24:03.152+0000] {processor.py:154} INFO - Started process (PID=327) to work on /home/airflow/.local/lib/python3.7/site-packages/airflow/example_dags/example_branch_day_of_week_operator.py
[2023-07-07T12:24:03.153+0000] {processor.py:756} INFO - Processing file /home/airflow/.local/lib/python3.7/site-packages/airflow/example_dags/example_branch_day_of_week_operator.py for tasks to queue
[2023-07-07T12:24:03.153+0000] {logging_mixin.py:120} INFO - [2023-07-07T12:24:03.153+0000] {dagbag.py:537} INFO - Filling up the DagBag from /home/airflow/.local/lib/python3.7/site-packages/airflow/example_dags/example_branch_day_of_week_operator.py
[2023-07-07T12:24:03.163+0000] {processor.py:766} INFO - DAG(s) dict_keys(['example_weekday_branch_operator']) retrieved from /home/airflow/.local/lib/python3.7/site-packages/airflow/example_dags/example_branch_day_of_week_operator.py
[2023-07-07T12:24:03.189+0000] {logging_mixin.py:120} INFO - [2023-07-07T12:24:03.189+0000] {dag.py:2585} INFO - Sync 1 DAGs
[2023-07-07T12:24:03.208+0000] {logging_mixin.py:120} INFO - [2023-07-07T12:24:03.208+0000] {dag.py:3340} INFO - Setting next_dagrun for example_weekday_branch_operator to 2023-07-06T00:00:00+00:00, run_after=2023-07-07T00:00:00+00:00
[2023-07-07T12:24:03.220+0000] {processor.py:176} INFO - Processing /home/airflow/.local/lib/python3.7/site-packages/airflow/example_dags/example_branch_day_of_week_operator.py took 0.070 seconds
[2023-07-07T12:24:33.657+0000] {processor.py:154} INFO - Started process (PID=394) to work on /home/airflow/.local/lib/python3.7/site-packages/airflow/example_dags/example_branch_day_of_week_operator.py
[2023-07-07T12:24:33.657+0000] {processor.py:756} INFO - Processing file /home/airflow/.local/lib/python3.7/site-packages/airflow/example_dags/example_branch_day_of_week_operator.py for tasks to queue
[2023-07-07T12:24:33.658+0000] {logging_mixin.py:120} INFO - [2023-07-07T12:24:33.658+0000] {dagbag.py:537} INFO - Filling up the DagBag from /home/airflow/.local/lib/python3.7/site-packages/airflow/example_dags/example_branch_day_of_week_operator.py
[2023-07-07T12:24:33.667+0000] {processor.py:766} INFO - DAG(s) dict_keys(['example_weekday_branch_operator']) retrieved from /home/airflow/.local/lib/python3.7/site-packages/airflow/example_dags/example_branch_day_of_week_operator.py
[2023-07-07T12:24:33.694+0000] {logging_mixin.py:120} INFO - [2023-07-07T12:24:33.694+0000] {dag.py:2585} INFO - Sync 1 DAGs
[2023-07-07T12:24:33.716+0000] {logging_mixin.py:120} INFO - [2023-07-07T12:24:33.716+0000] {dag.py:3340} INFO - Setting next_dagrun for example_weekday_branch_operator to 2023-07-06T00:00:00+00:00, run_after=2023-07-07T00:00:00+00:00
[2023-07-07T12:24:33.735+0000] {processor.py:176} INFO - Processing /home/airflow/.local/lib/python3.7/site-packages/airflow/example_dags/example_branch_day_of_week_operator.py took 0.080 seconds
[2023-07-07T12:25:04.721+0000] {processor.py:154} INFO - Started process (PID=451) to work on /home/airflow/.local/lib/python3.7/site-packages/airflow/example_dags/example_branch_day_of_week_operator.py
[2023-07-07T12:25:04.722+0000] {processor.py:756} INFO - Processing file /home/airflow/.local/lib/python3.7/site-packages/airflow/example_dags/example_branch_day_of_week_operator.py for tasks to queue
[2023-07-07T12:25:04.723+0000] {logging_mixin.py:120} INFO - [2023-07-07T12:25:04.722+0000] {dagbag.py:537} INFO - Filling up the DagBag from /home/airflow/.local/lib/python3.7/site-packages/airflow/example_dags/example_branch_day_of_week_operator.py
[2023-07-07T12:25:04.732+0000] {processor.py:766} INFO - DAG(s) dict_keys(['example_weekday_branch_operator']) retrieved from /home/airflow/.local/lib/python3.7/site-packages/airflow/example_dags/example_branch_day_of_week_operator.py
[2023-07-07T12:25:04.758+0000] {logging_mixin.py:120} INFO - [2023-07-07T12:25:04.758+0000] {dag.py:2585} INFO - Sync 1 DAGs
[2023-07-07T12:25:04.773+0000] {logging_mixin.py:120} INFO - [2023-07-07T12:25:04.773+0000] {dag.py:3340} INFO - Setting next_dagrun for example_weekday_branch_operator to 2023-07-06T00:00:00+00:00, run_after=2023-07-07T00:00:00+00:00
[2023-07-07T12:25:04.785+0000] {processor.py:176} INFO - Processing /home/airflow/.local/lib/python3.7/site-packages/airflow/example_dags/example_branch_day_of_week_operator.py took 0.066 seconds
