[2023-07-07T12:00:25.603+0000] {processor.py:154} INFO - Started process (PID=61) to work on /home/airflow/.local/lib/python3.7/site-packages/airflow/example_dags/example_branch_operator.py
[2023-07-07T12:00:25.603+0000] {processor.py:756} INFO - Processing file /home/airflow/.local/lib/python3.7/site-packages/airflow/example_dags/example_branch_operator.py for tasks to queue
[2023-07-07T12:00:25.604+0000] {logging_mixin.py:120} INFO - [2023-07-07T12:00:25.604+0000] {dagbag.py:537} INFO - Filling up the DagBag from /home/airflow/.local/lib/python3.7/site-packages/airflow/example_dags/example_branch_operator.py
[2023-07-07T12:00:25.621+0000] {processor.py:766} INFO - DAG(s) dict_keys(['example_branch_operator']) retrieved from /home/airflow/.local/lib/python3.7/site-packages/airflow/example_dags/example_branch_operator.py
[2023-07-07T12:00:25.669+0000] {logging_mixin.py:120} INFO - [2023-07-07T12:00:25.669+0000] {dag.py:2585} INFO - Sync 1 DAGs
[2023-07-07T12:00:25.698+0000] {logging_mixin.py:120} INFO - [2023-07-07T12:00:25.698+0000] {dag.py:3340} INFO - Setting next_dagrun for example_branch_operator to 2023-07-06T00:00:00+00:00, run_after=2023-07-07T00:00:00+00:00
[2023-07-07T12:00:25.720+0000] {processor.py:176} INFO - Processing /home/airflow/.local/lib/python3.7/site-packages/airflow/example_dags/example_branch_operator.py took 0.119 seconds
[2023-07-07T12:00:56.208+0000] {processor.py:154} INFO - Started process (PID=127) to work on /home/airflow/.local/lib/python3.7/site-packages/airflow/example_dags/example_branch_operator.py
[2023-07-07T12:00:56.209+0000] {processor.py:756} INFO - Processing file /home/airflow/.local/lib/python3.7/site-packages/airflow/example_dags/example_branch_operator.py for tasks to queue
[2023-07-07T12:00:56.209+0000] {logging_mixin.py:120} INFO - [2023-07-07T12:00:56.209+0000] {dagbag.py:537} INFO - Filling up the DagBag from /home/airflow/.local/lib/python3.7/site-packages/airflow/example_dags/example_branch_operator.py
[2023-07-07T12:00:56.220+0000] {processor.py:766} INFO - DAG(s) dict_keys(['example_branch_operator']) retrieved from /home/airflow/.local/lib/python3.7/site-packages/airflow/example_dags/example_branch_operator.py
[2023-07-07T12:00:56.243+0000] {logging_mixin.py:120} INFO - [2023-07-07T12:00:56.243+0000] {dag.py:2585} INFO - Sync 1 DAGs
[2023-07-07T12:00:56.259+0000] {logging_mixin.py:120} INFO - [2023-07-07T12:00:56.259+0000] {dag.py:3340} INFO - Setting next_dagrun for example_branch_operator to 2023-07-06T00:00:00+00:00, run_after=2023-07-07T00:00:00+00:00
[2023-07-07T12:00:56.270+0000] {processor.py:176} INFO - Processing /home/airflow/.local/lib/python3.7/site-packages/airflow/example_dags/example_branch_operator.py took 0.064 seconds
[2023-07-07T12:01:27.583+0000] {processor.py:154} INFO - Started process (PID=196) to work on /home/airflow/.local/lib/python3.7/site-packages/airflow/example_dags/example_branch_operator.py
[2023-07-07T12:01:27.584+0000] {processor.py:756} INFO - Processing file /home/airflow/.local/lib/python3.7/site-packages/airflow/example_dags/example_branch_operator.py for tasks to queue
[2023-07-07T12:01:27.584+0000] {logging_mixin.py:120} INFO - [2023-07-07T12:01:27.584+0000] {dagbag.py:537} INFO - Filling up the DagBag from /home/airflow/.local/lib/python3.7/site-packages/airflow/example_dags/example_branch_operator.py
[2023-07-07T12:01:27.595+0000] {processor.py:766} INFO - DAG(s) dict_keys(['example_branch_operator']) retrieved from /home/airflow/.local/lib/python3.7/site-packages/airflow/example_dags/example_branch_operator.py
[2023-07-07T12:01:27.622+0000] {logging_mixin.py:120} INFO - [2023-07-07T12:01:27.622+0000] {dag.py:2585} INFO - Sync 1 DAGs
[2023-07-07T12:01:27.639+0000] {logging_mixin.py:120} INFO - [2023-07-07T12:01:27.639+0000] {dag.py:3340} INFO - Setting next_dagrun for example_branch_operator to 2023-07-06T00:00:00+00:00, run_after=2023-07-07T00:00:00+00:00
[2023-07-07T12:01:27.653+0000] {processor.py:176} INFO - Processing /home/airflow/.local/lib/python3.7/site-packages/airflow/example_dags/example_branch_operator.py took 0.072 seconds
[2023-07-07T12:01:59.105+0000] {processor.py:154} INFO - Started process (PID=263) to work on /home/airflow/.local/lib/python3.7/site-packages/airflow/example_dags/example_branch_operator.py
[2023-07-07T12:01:59.107+0000] {processor.py:756} INFO - Processing file /home/airflow/.local/lib/python3.7/site-packages/airflow/example_dags/example_branch_operator.py for tasks to queue
[2023-07-07T12:01:59.107+0000] {logging_mixin.py:120} INFO - [2023-07-07T12:01:59.107+0000] {dagbag.py:537} INFO - Filling up the DagBag from /home/airflow/.local/lib/python3.7/site-packages/airflow/example_dags/example_branch_operator.py
[2023-07-07T12:01:59.117+0000] {processor.py:766} INFO - DAG(s) dict_keys(['example_branch_operator']) retrieved from /home/airflow/.local/lib/python3.7/site-packages/airflow/example_dags/example_branch_operator.py
[2023-07-07T12:01:59.139+0000] {logging_mixin.py:120} INFO - [2023-07-07T12:01:59.139+0000] {dag.py:2585} INFO - Sync 1 DAGs
[2023-07-07T12:01:59.154+0000] {logging_mixin.py:120} INFO - [2023-07-07T12:01:59.153+0000] {dag.py:3340} INFO - Setting next_dagrun for example_branch_operator to 2023-07-06T00:00:00+00:00, run_after=2023-07-07T00:00:00+00:00
[2023-07-07T12:01:59.165+0000] {processor.py:176} INFO - Processing /home/airflow/.local/lib/python3.7/site-packages/airflow/example_dags/example_branch_operator.py took 0.061 seconds
[2023-07-07T12:02:36.615+0000] {processor.py:154} INFO - Started process (PID=62) to work on /home/airflow/.local/lib/python3.7/site-packages/airflow/example_dags/example_branch_operator.py
[2023-07-07T12:02:36.616+0000] {processor.py:756} INFO - Processing file /home/airflow/.local/lib/python3.7/site-packages/airflow/example_dags/example_branch_operator.py for tasks to queue
[2023-07-07T12:02:36.617+0000] {logging_mixin.py:120} INFO - [2023-07-07T12:02:36.616+0000] {dagbag.py:537} INFO - Filling up the DagBag from /home/airflow/.local/lib/python3.7/site-packages/airflow/example_dags/example_branch_operator.py
[2023-07-07T12:02:36.647+0000] {processor.py:766} INFO - DAG(s) dict_keys(['example_branch_operator']) retrieved from /home/airflow/.local/lib/python3.7/site-packages/airflow/example_dags/example_branch_operator.py
[2023-07-07T12:02:36.701+0000] {logging_mixin.py:120} INFO - [2023-07-07T12:02:36.700+0000] {dag.py:2585} INFO - Sync 1 DAGs
[2023-07-07T12:02:36.736+0000] {logging_mixin.py:120} INFO - [2023-07-07T12:02:36.736+0000] {dag.py:3340} INFO - Setting next_dagrun for example_branch_operator to 2023-07-06T00:00:00+00:00, run_after=2023-07-07T00:00:00+00:00
[2023-07-07T12:02:36.778+0000] {processor.py:176} INFO - Processing /home/airflow/.local/lib/python3.7/site-packages/airflow/example_dags/example_branch_operator.py took 0.166 seconds
[2023-07-07T12:03:07.673+0000] {processor.py:154} INFO - Started process (PID=129) to work on /home/airflow/.local/lib/python3.7/site-packages/airflow/example_dags/example_branch_operator.py
[2023-07-07T12:03:07.674+0000] {processor.py:756} INFO - Processing file /home/airflow/.local/lib/python3.7/site-packages/airflow/example_dags/example_branch_operator.py for tasks to queue
[2023-07-07T12:03:07.674+0000] {logging_mixin.py:120} INFO - [2023-07-07T12:03:07.674+0000] {dagbag.py:537} INFO - Filling up the DagBag from /home/airflow/.local/lib/python3.7/site-packages/airflow/example_dags/example_branch_operator.py
[2023-07-07T12:03:07.684+0000] {processor.py:766} INFO - DAG(s) dict_keys(['example_branch_operator']) retrieved from /home/airflow/.local/lib/python3.7/site-packages/airflow/example_dags/example_branch_operator.py
[2023-07-07T12:03:07.708+0000] {logging_mixin.py:120} INFO - [2023-07-07T12:03:07.708+0000] {dag.py:2585} INFO - Sync 1 DAGs
[2023-07-07T12:03:07.724+0000] {logging_mixin.py:120} INFO - [2023-07-07T12:03:07.724+0000] {dag.py:3340} INFO - Setting next_dagrun for example_branch_operator to 2023-07-06T00:00:00+00:00, run_after=2023-07-07T00:00:00+00:00
[2023-07-07T12:03:07.735+0000] {processor.py:176} INFO - Processing /home/airflow/.local/lib/python3.7/site-packages/airflow/example_dags/example_branch_operator.py took 0.064 seconds
[2023-07-07T12:03:37.931+0000] {processor.py:154} INFO - Started process (PID=197) to work on /home/airflow/.local/lib/python3.7/site-packages/airflow/example_dags/example_branch_operator.py
[2023-07-07T12:03:37.931+0000] {processor.py:756} INFO - Processing file /home/airflow/.local/lib/python3.7/site-packages/airflow/example_dags/example_branch_operator.py for tasks to queue
[2023-07-07T12:03:37.932+0000] {logging_mixin.py:120} INFO - [2023-07-07T12:03:37.931+0000] {dagbag.py:537} INFO - Filling up the DagBag from /home/airflow/.local/lib/python3.7/site-packages/airflow/example_dags/example_branch_operator.py
[2023-07-07T12:03:37.941+0000] {processor.py:766} INFO - DAG(s) dict_keys(['example_branch_operator']) retrieved from /home/airflow/.local/lib/python3.7/site-packages/airflow/example_dags/example_branch_operator.py
[2023-07-07T12:03:37.964+0000] {logging_mixin.py:120} INFO - [2023-07-07T12:03:37.964+0000] {dag.py:2585} INFO - Sync 1 DAGs
[2023-07-07T12:03:37.979+0000] {logging_mixin.py:120} INFO - [2023-07-07T12:03:37.979+0000] {dag.py:3340} INFO - Setting next_dagrun for example_branch_operator to 2023-07-06T00:00:00+00:00, run_after=2023-07-07T00:00:00+00:00
[2023-07-07T12:03:37.991+0000] {processor.py:176} INFO - Processing /home/airflow/.local/lib/python3.7/site-packages/airflow/example_dags/example_branch_operator.py took 0.062 seconds
[2023-07-07T12:04:08.147+0000] {processor.py:154} INFO - Started process (PID=265) to work on /home/airflow/.local/lib/python3.7/site-packages/airflow/example_dags/example_branch_operator.py
[2023-07-07T12:04:08.147+0000] {processor.py:756} INFO - Processing file /home/airflow/.local/lib/python3.7/site-packages/airflow/example_dags/example_branch_operator.py for tasks to queue
[2023-07-07T12:04:08.148+0000] {logging_mixin.py:120} INFO - [2023-07-07T12:04:08.148+0000] {dagbag.py:537} INFO - Filling up the DagBag from /home/airflow/.local/lib/python3.7/site-packages/airflow/example_dags/example_branch_operator.py
[2023-07-07T12:04:08.159+0000] {processor.py:766} INFO - DAG(s) dict_keys(['example_branch_operator']) retrieved from /home/airflow/.local/lib/python3.7/site-packages/airflow/example_dags/example_branch_operator.py
[2023-07-07T12:04:08.193+0000] {logging_mixin.py:120} INFO - [2023-07-07T12:04:08.193+0000] {dag.py:2585} INFO - Sync 1 DAGs
[2023-07-07T12:04:08.212+0000] {logging_mixin.py:120} INFO - [2023-07-07T12:04:08.212+0000] {dag.py:3340} INFO - Setting next_dagrun for example_branch_operator to 2023-07-06T00:00:00+00:00, run_after=2023-07-07T00:00:00+00:00
[2023-07-07T12:04:08.228+0000] {processor.py:176} INFO - Processing /home/airflow/.local/lib/python3.7/site-packages/airflow/example_dags/example_branch_operator.py took 0.083 seconds
[2023-07-07T12:04:38.476+0000] {processor.py:154} INFO - Started process (PID=323) to work on /home/airflow/.local/lib/python3.7/site-packages/airflow/example_dags/example_branch_operator.py
[2023-07-07T12:04:38.477+0000] {processor.py:756} INFO - Processing file /home/airflow/.local/lib/python3.7/site-packages/airflow/example_dags/example_branch_operator.py for tasks to queue
[2023-07-07T12:04:38.477+0000] {logging_mixin.py:120} INFO - [2023-07-07T12:04:38.477+0000] {dagbag.py:537} INFO - Filling up the DagBag from /home/airflow/.local/lib/python3.7/site-packages/airflow/example_dags/example_branch_operator.py
[2023-07-07T12:04:38.487+0000] {processor.py:766} INFO - DAG(s) dict_keys(['example_branch_operator']) retrieved from /home/airflow/.local/lib/python3.7/site-packages/airflow/example_dags/example_branch_operator.py
[2023-07-07T12:04:38.510+0000] {logging_mixin.py:120} INFO - [2023-07-07T12:04:38.510+0000] {dag.py:2585} INFO - Sync 1 DAGs
[2023-07-07T12:04:38.526+0000] {logging_mixin.py:120} INFO - [2023-07-07T12:04:38.526+0000] {dag.py:3340} INFO - Setting next_dagrun for example_branch_operator to 2023-07-06T00:00:00+00:00, run_after=2023-07-07T00:00:00+00:00
[2023-07-07T12:04:38.538+0000] {processor.py:176} INFO - Processing /home/airflow/.local/lib/python3.7/site-packages/airflow/example_dags/example_branch_operator.py took 0.064 seconds
[2023-07-07T12:05:09.509+0000] {processor.py:154} INFO - Started process (PID=390) to work on /home/airflow/.local/lib/python3.7/site-packages/airflow/example_dags/example_branch_operator.py
[2023-07-07T12:05:09.509+0000] {processor.py:756} INFO - Processing file /home/airflow/.local/lib/python3.7/site-packages/airflow/example_dags/example_branch_operator.py for tasks to queue
[2023-07-07T12:05:09.510+0000] {logging_mixin.py:120} INFO - [2023-07-07T12:05:09.510+0000] {dagbag.py:537} INFO - Filling up the DagBag from /home/airflow/.local/lib/python3.7/site-packages/airflow/example_dags/example_branch_operator.py
[2023-07-07T12:05:09.521+0000] {processor.py:766} INFO - DAG(s) dict_keys(['example_branch_operator']) retrieved from /home/airflow/.local/lib/python3.7/site-packages/airflow/example_dags/example_branch_operator.py
[2023-07-07T12:05:09.547+0000] {logging_mixin.py:120} INFO - [2023-07-07T12:05:09.547+0000] {dag.py:2585} INFO - Sync 1 DAGs
[2023-07-07T12:05:09.565+0000] {logging_mixin.py:120} INFO - [2023-07-07T12:05:09.565+0000] {dag.py:3340} INFO - Setting next_dagrun for example_branch_operator to 2023-07-06T00:00:00+00:00, run_after=2023-07-07T00:00:00+00:00
[2023-07-07T12:05:09.579+0000] {processor.py:176} INFO - Processing /home/airflow/.local/lib/python3.7/site-packages/airflow/example_dags/example_branch_operator.py took 0.073 seconds
[2023-07-07T12:05:39.802+0000] {processor.py:154} INFO - Started process (PID=458) to work on /home/airflow/.local/lib/python3.7/site-packages/airflow/example_dags/example_branch_operator.py
[2023-07-07T12:05:39.803+0000] {processor.py:756} INFO - Processing file /home/airflow/.local/lib/python3.7/site-packages/airflow/example_dags/example_branch_operator.py for tasks to queue
[2023-07-07T12:05:39.803+0000] {logging_mixin.py:120} INFO - [2023-07-07T12:05:39.803+0000] {dagbag.py:537} INFO - Filling up the DagBag from /home/airflow/.local/lib/python3.7/site-packages/airflow/example_dags/example_branch_operator.py
[2023-07-07T12:05:39.814+0000] {processor.py:766} INFO - DAG(s) dict_keys(['example_branch_operator']) retrieved from /home/airflow/.local/lib/python3.7/site-packages/airflow/example_dags/example_branch_operator.py
[2023-07-07T12:05:39.840+0000] {logging_mixin.py:120} INFO - [2023-07-07T12:05:39.840+0000] {dag.py:2585} INFO - Sync 1 DAGs
[2023-07-07T12:05:39.857+0000] {logging_mixin.py:120} INFO - [2023-07-07T12:05:39.857+0000] {dag.py:3340} INFO - Setting next_dagrun for example_branch_operator to 2023-07-06T00:00:00+00:00, run_after=2023-07-07T00:00:00+00:00
[2023-07-07T12:05:39.870+0000] {processor.py:176} INFO - Processing /home/airflow/.local/lib/python3.7/site-packages/airflow/example_dags/example_branch_operator.py took 0.070 seconds
[2023-07-07T12:06:09.924+0000] {processor.py:154} INFO - Started process (PID=524) to work on /home/airflow/.local/lib/python3.7/site-packages/airflow/example_dags/example_branch_operator.py
[2023-07-07T12:06:09.924+0000] {processor.py:756} INFO - Processing file /home/airflow/.local/lib/python3.7/site-packages/airflow/example_dags/example_branch_operator.py for tasks to queue
[2023-07-07T12:06:09.925+0000] {logging_mixin.py:120} INFO - [2023-07-07T12:06:09.925+0000] {dagbag.py:537} INFO - Filling up the DagBag from /home/airflow/.local/lib/python3.7/site-packages/airflow/example_dags/example_branch_operator.py
[2023-07-07T12:06:09.937+0000] {processor.py:766} INFO - DAG(s) dict_keys(['example_branch_operator']) retrieved from /home/airflow/.local/lib/python3.7/site-packages/airflow/example_dags/example_branch_operator.py
[2023-07-07T12:06:09.963+0000] {logging_mixin.py:120} INFO - [2023-07-07T12:06:09.963+0000] {dag.py:2585} INFO - Sync 1 DAGs
[2023-07-07T12:06:09.982+0000] {logging_mixin.py:120} INFO - [2023-07-07T12:06:09.982+0000] {dag.py:3340} INFO - Setting next_dagrun for example_branch_operator to 2023-07-06T00:00:00+00:00, run_after=2023-07-07T00:00:00+00:00
[2023-07-07T12:06:09.994+0000] {processor.py:176} INFO - Processing /home/airflow/.local/lib/python3.7/site-packages/airflow/example_dags/example_branch_operator.py took 0.072 seconds
[2023-07-07T12:06:41.164+0000] {processor.py:154} INFO - Started process (PID=591) to work on /home/airflow/.local/lib/python3.7/site-packages/airflow/example_dags/example_branch_operator.py
[2023-07-07T12:06:41.164+0000] {processor.py:756} INFO - Processing file /home/airflow/.local/lib/python3.7/site-packages/airflow/example_dags/example_branch_operator.py for tasks to queue
[2023-07-07T12:06:41.165+0000] {logging_mixin.py:120} INFO - [2023-07-07T12:06:41.164+0000] {dagbag.py:537} INFO - Filling up the DagBag from /home/airflow/.local/lib/python3.7/site-packages/airflow/example_dags/example_branch_operator.py
[2023-07-07T12:06:41.174+0000] {processor.py:766} INFO - DAG(s) dict_keys(['example_branch_operator']) retrieved from /home/airflow/.local/lib/python3.7/site-packages/airflow/example_dags/example_branch_operator.py
[2023-07-07T12:06:41.198+0000] {logging_mixin.py:120} INFO - [2023-07-07T12:06:41.198+0000] {dag.py:2585} INFO - Sync 1 DAGs
[2023-07-07T12:06:41.215+0000] {logging_mixin.py:120} INFO - [2023-07-07T12:06:41.215+0000] {dag.py:3340} INFO - Setting next_dagrun for example_branch_operator to 2023-07-06T00:00:00+00:00, run_after=2023-07-07T00:00:00+00:00
[2023-07-07T12:06:41.226+0000] {processor.py:176} INFO - Processing /home/airflow/.local/lib/python3.7/site-packages/airflow/example_dags/example_branch_operator.py took 0.064 seconds
[2023-07-07T12:07:12.360+0000] {processor.py:154} INFO - Started process (PID=649) to work on /home/airflow/.local/lib/python3.7/site-packages/airflow/example_dags/example_branch_operator.py
[2023-07-07T12:07:12.361+0000] {processor.py:756} INFO - Processing file /home/airflow/.local/lib/python3.7/site-packages/airflow/example_dags/example_branch_operator.py for tasks to queue
[2023-07-07T12:07:12.362+0000] {logging_mixin.py:120} INFO - [2023-07-07T12:07:12.362+0000] {dagbag.py:537} INFO - Filling up the DagBag from /home/airflow/.local/lib/python3.7/site-packages/airflow/example_dags/example_branch_operator.py
[2023-07-07T12:07:12.374+0000] {processor.py:766} INFO - DAG(s) dict_keys(['example_branch_operator']) retrieved from /home/airflow/.local/lib/python3.7/site-packages/airflow/example_dags/example_branch_operator.py
[2023-07-07T12:07:12.403+0000] {logging_mixin.py:120} INFO - [2023-07-07T12:07:12.403+0000] {dag.py:2585} INFO - Sync 1 DAGs
[2023-07-07T12:07:12.421+0000] {logging_mixin.py:120} INFO - [2023-07-07T12:07:12.420+0000] {dag.py:3340} INFO - Setting next_dagrun for example_branch_operator to 2023-07-06T00:00:00+00:00, run_after=2023-07-07T00:00:00+00:00
[2023-07-07T12:07:12.432+0000] {processor.py:176} INFO - Processing /home/airflow/.local/lib/python3.7/site-packages/airflow/example_dags/example_branch_operator.py took 0.074 seconds
[2023-07-07T12:07:42.603+0000] {processor.py:154} INFO - Started process (PID=716) to work on /home/airflow/.local/lib/python3.7/site-packages/airflow/example_dags/example_branch_operator.py
[2023-07-07T12:07:42.604+0000] {processor.py:756} INFO - Processing file /home/airflow/.local/lib/python3.7/site-packages/airflow/example_dags/example_branch_operator.py for tasks to queue
[2023-07-07T12:07:42.605+0000] {logging_mixin.py:120} INFO - [2023-07-07T12:07:42.605+0000] {dagbag.py:537} INFO - Filling up the DagBag from /home/airflow/.local/lib/python3.7/site-packages/airflow/example_dags/example_branch_operator.py
[2023-07-07T12:07:42.616+0000] {processor.py:766} INFO - DAG(s) dict_keys(['example_branch_operator']) retrieved from /home/airflow/.local/lib/python3.7/site-packages/airflow/example_dags/example_branch_operator.py
[2023-07-07T12:07:42.641+0000] {logging_mixin.py:120} INFO - [2023-07-07T12:07:42.640+0000] {dag.py:2585} INFO - Sync 1 DAGs
[2023-07-07T12:07:42.657+0000] {logging_mixin.py:120} INFO - [2023-07-07T12:07:42.656+0000] {dag.py:3340} INFO - Setting next_dagrun for example_branch_operator to 2023-07-06T00:00:00+00:00, run_after=2023-07-07T00:00:00+00:00
[2023-07-07T12:07:42.668+0000] {processor.py:176} INFO - Processing /home/airflow/.local/lib/python3.7/site-packages/airflow/example_dags/example_branch_operator.py took 0.067 seconds
[2023-07-07T12:08:12.708+0000] {processor.py:154} INFO - Started process (PID=781) to work on /home/airflow/.local/lib/python3.7/site-packages/airflow/example_dags/example_branch_operator.py
[2023-07-07T12:08:12.709+0000] {processor.py:756} INFO - Processing file /home/airflow/.local/lib/python3.7/site-packages/airflow/example_dags/example_branch_operator.py for tasks to queue
[2023-07-07T12:08:12.709+0000] {logging_mixin.py:120} INFO - [2023-07-07T12:08:12.709+0000] {dagbag.py:537} INFO - Filling up the DagBag from /home/airflow/.local/lib/python3.7/site-packages/airflow/example_dags/example_branch_operator.py
[2023-07-07T12:08:12.719+0000] {processor.py:766} INFO - DAG(s) dict_keys(['example_branch_operator']) retrieved from /home/airflow/.local/lib/python3.7/site-packages/airflow/example_dags/example_branch_operator.py
[2023-07-07T12:08:12.741+0000] {logging_mixin.py:120} INFO - [2023-07-07T12:08:12.741+0000] {dag.py:2585} INFO - Sync 1 DAGs
[2023-07-07T12:08:12.756+0000] {logging_mixin.py:120} INFO - [2023-07-07T12:08:12.756+0000] {dag.py:3340} INFO - Setting next_dagrun for example_branch_operator to 2023-07-06T00:00:00+00:00, run_after=2023-07-07T00:00:00+00:00
[2023-07-07T12:08:12.768+0000] {processor.py:176} INFO - Processing /home/airflow/.local/lib/python3.7/site-packages/airflow/example_dags/example_branch_operator.py took 0.062 seconds
[2023-07-07T12:08:43.036+0000] {processor.py:154} INFO - Started process (PID=848) to work on /home/airflow/.local/lib/python3.7/site-packages/airflow/example_dags/example_branch_operator.py
[2023-07-07T12:08:43.037+0000] {processor.py:756} INFO - Processing file /home/airflow/.local/lib/python3.7/site-packages/airflow/example_dags/example_branch_operator.py for tasks to queue
[2023-07-07T12:08:43.037+0000] {logging_mixin.py:120} INFO - [2023-07-07T12:08:43.037+0000] {dagbag.py:537} INFO - Filling up the DagBag from /home/airflow/.local/lib/python3.7/site-packages/airflow/example_dags/example_branch_operator.py
[2023-07-07T12:08:43.050+0000] {processor.py:766} INFO - DAG(s) dict_keys(['example_branch_operator']) retrieved from /home/airflow/.local/lib/python3.7/site-packages/airflow/example_dags/example_branch_operator.py
[2023-07-07T12:08:43.079+0000] {logging_mixin.py:120} INFO - [2023-07-07T12:08:43.078+0000] {dag.py:2585} INFO - Sync 1 DAGs
[2023-07-07T12:08:43.099+0000] {logging_mixin.py:120} INFO - [2023-07-07T12:08:43.099+0000] {dag.py:3340} INFO - Setting next_dagrun for example_branch_operator to 2023-07-06T00:00:00+00:00, run_after=2023-07-07T00:00:00+00:00
[2023-07-07T12:08:43.112+0000] {processor.py:176} INFO - Processing /home/airflow/.local/lib/python3.7/site-packages/airflow/example_dags/example_branch_operator.py took 0.079 seconds
[2023-07-07T12:09:13.295+0000] {processor.py:154} INFO - Started process (PID=915) to work on /home/airflow/.local/lib/python3.7/site-packages/airflow/example_dags/example_branch_operator.py
[2023-07-07T12:09:13.296+0000] {processor.py:756} INFO - Processing file /home/airflow/.local/lib/python3.7/site-packages/airflow/example_dags/example_branch_operator.py for tasks to queue
[2023-07-07T12:09:13.296+0000] {logging_mixin.py:120} INFO - [2023-07-07T12:09:13.296+0000] {dagbag.py:537} INFO - Filling up the DagBag from /home/airflow/.local/lib/python3.7/site-packages/airflow/example_dags/example_branch_operator.py
[2023-07-07T12:09:13.307+0000] {processor.py:766} INFO - DAG(s) dict_keys(['example_branch_operator']) retrieved from /home/airflow/.local/lib/python3.7/site-packages/airflow/example_dags/example_branch_operator.py
[2023-07-07T12:09:13.336+0000] {logging_mixin.py:120} INFO - [2023-07-07T12:09:13.336+0000] {dag.py:2585} INFO - Sync 1 DAGs
[2023-07-07T12:09:13.354+0000] {logging_mixin.py:120} INFO - [2023-07-07T12:09:13.354+0000] {dag.py:3340} INFO - Setting next_dagrun for example_branch_operator to 2023-07-06T00:00:00+00:00, run_after=2023-07-07T00:00:00+00:00
[2023-07-07T12:09:13.373+0000] {processor.py:176} INFO - Processing /home/airflow/.local/lib/python3.7/site-packages/airflow/example_dags/example_branch_operator.py took 0.080 seconds
[2023-07-07T12:09:43.473+0000] {processor.py:154} INFO - Started process (PID=973) to work on /home/airflow/.local/lib/python3.7/site-packages/airflow/example_dags/example_branch_operator.py
[2023-07-07T12:09:43.474+0000] {processor.py:756} INFO - Processing file /home/airflow/.local/lib/python3.7/site-packages/airflow/example_dags/example_branch_operator.py for tasks to queue
[2023-07-07T12:09:43.474+0000] {logging_mixin.py:120} INFO - [2023-07-07T12:09:43.474+0000] {dagbag.py:537} INFO - Filling up the DagBag from /home/airflow/.local/lib/python3.7/site-packages/airflow/example_dags/example_branch_operator.py
[2023-07-07T12:09:43.485+0000] {processor.py:766} INFO - DAG(s) dict_keys(['example_branch_operator']) retrieved from /home/airflow/.local/lib/python3.7/site-packages/airflow/example_dags/example_branch_operator.py
[2023-07-07T12:09:43.509+0000] {logging_mixin.py:120} INFO - [2023-07-07T12:09:43.509+0000] {dag.py:2585} INFO - Sync 1 DAGs
[2023-07-07T12:09:43.525+0000] {logging_mixin.py:120} INFO - [2023-07-07T12:09:43.525+0000] {dag.py:3340} INFO - Setting next_dagrun for example_branch_operator to 2023-07-06T00:00:00+00:00, run_after=2023-07-07T00:00:00+00:00
[2023-07-07T12:09:43.536+0000] {processor.py:176} INFO - Processing /home/airflow/.local/lib/python3.7/site-packages/airflow/example_dags/example_branch_operator.py took 0.064 seconds
[2023-07-07T12:10:13.608+0000] {processor.py:154} INFO - Started process (PID=1041) to work on /home/airflow/.local/lib/python3.7/site-packages/airflow/example_dags/example_branch_operator.py
[2023-07-07T12:10:13.608+0000] {processor.py:756} INFO - Processing file /home/airflow/.local/lib/python3.7/site-packages/airflow/example_dags/example_branch_operator.py for tasks to queue
[2023-07-07T12:10:13.609+0000] {logging_mixin.py:120} INFO - [2023-07-07T12:10:13.609+0000] {dagbag.py:537} INFO - Filling up the DagBag from /home/airflow/.local/lib/python3.7/site-packages/airflow/example_dags/example_branch_operator.py
[2023-07-07T12:10:13.620+0000] {processor.py:766} INFO - DAG(s) dict_keys(['example_branch_operator']) retrieved from /home/airflow/.local/lib/python3.7/site-packages/airflow/example_dags/example_branch_operator.py
[2023-07-07T12:10:13.647+0000] {logging_mixin.py:120} INFO - [2023-07-07T12:10:13.647+0000] {dag.py:2585} INFO - Sync 1 DAGs
[2023-07-07T12:10:13.664+0000] {logging_mixin.py:120} INFO - [2023-07-07T12:10:13.664+0000] {dag.py:3340} INFO - Setting next_dagrun for example_branch_operator to 2023-07-06T00:00:00+00:00, run_after=2023-07-07T00:00:00+00:00
[2023-07-07T12:10:13.677+0000] {processor.py:176} INFO - Processing /home/airflow/.local/lib/python3.7/site-packages/airflow/example_dags/example_branch_operator.py took 0.071 seconds
[2023-07-07T12:10:44.124+0000] {processor.py:154} INFO - Started process (PID=1108) to work on /home/airflow/.local/lib/python3.7/site-packages/airflow/example_dags/example_branch_operator.py
[2023-07-07T12:10:44.125+0000] {processor.py:756} INFO - Processing file /home/airflow/.local/lib/python3.7/site-packages/airflow/example_dags/example_branch_operator.py for tasks to queue
[2023-07-07T12:10:44.125+0000] {logging_mixin.py:120} INFO - [2023-07-07T12:10:44.125+0000] {dagbag.py:537} INFO - Filling up the DagBag from /home/airflow/.local/lib/python3.7/site-packages/airflow/example_dags/example_branch_operator.py
[2023-07-07T12:10:44.136+0000] {processor.py:766} INFO - DAG(s) dict_keys(['example_branch_operator']) retrieved from /home/airflow/.local/lib/python3.7/site-packages/airflow/example_dags/example_branch_operator.py
[2023-07-07T12:10:44.162+0000] {logging_mixin.py:120} INFO - [2023-07-07T12:10:44.161+0000] {dag.py:2585} INFO - Sync 1 DAGs
[2023-07-07T12:10:44.180+0000] {logging_mixin.py:120} INFO - [2023-07-07T12:10:44.179+0000] {dag.py:3340} INFO - Setting next_dagrun for example_branch_operator to 2023-07-06T00:00:00+00:00, run_after=2023-07-07T00:00:00+00:00
[2023-07-07T12:10:44.190+0000] {processor.py:176} INFO - Processing /home/airflow/.local/lib/python3.7/site-packages/airflow/example_dags/example_branch_operator.py took 0.068 seconds
[2023-07-07T12:11:14.311+0000] {processor.py:154} INFO - Started process (PID=1174) to work on /home/airflow/.local/lib/python3.7/site-packages/airflow/example_dags/example_branch_operator.py
[2023-07-07T12:11:14.312+0000] {processor.py:756} INFO - Processing file /home/airflow/.local/lib/python3.7/site-packages/airflow/example_dags/example_branch_operator.py for tasks to queue
[2023-07-07T12:11:14.312+0000] {logging_mixin.py:120} INFO - [2023-07-07T12:11:14.312+0000] {dagbag.py:537} INFO - Filling up the DagBag from /home/airflow/.local/lib/python3.7/site-packages/airflow/example_dags/example_branch_operator.py
[2023-07-07T12:11:14.323+0000] {processor.py:766} INFO - DAG(s) dict_keys(['example_branch_operator']) retrieved from /home/airflow/.local/lib/python3.7/site-packages/airflow/example_dags/example_branch_operator.py
[2023-07-07T12:11:14.351+0000] {logging_mixin.py:120} INFO - [2023-07-07T12:11:14.351+0000] {dag.py:2585} INFO - Sync 1 DAGs
[2023-07-07T12:11:14.369+0000] {logging_mixin.py:120} INFO - [2023-07-07T12:11:14.369+0000] {dag.py:3340} INFO - Setting next_dagrun for example_branch_operator to 2023-07-06T00:00:00+00:00, run_after=2023-07-07T00:00:00+00:00
[2023-07-07T12:11:14.384+0000] {processor.py:176} INFO - Processing /home/airflow/.local/lib/python3.7/site-packages/airflow/example_dags/example_branch_operator.py took 0.074 seconds
[2023-07-07T12:11:44.584+0000] {processor.py:154} INFO - Started process (PID=1232) to work on /home/airflow/.local/lib/python3.7/site-packages/airflow/example_dags/example_branch_operator.py
[2023-07-07T12:11:44.585+0000] {processor.py:756} INFO - Processing file /home/airflow/.local/lib/python3.7/site-packages/airflow/example_dags/example_branch_operator.py for tasks to queue
[2023-07-07T12:11:44.585+0000] {logging_mixin.py:120} INFO - [2023-07-07T12:11:44.585+0000] {dagbag.py:537} INFO - Filling up the DagBag from /home/airflow/.local/lib/python3.7/site-packages/airflow/example_dags/example_branch_operator.py
[2023-07-07T12:11:44.596+0000] {processor.py:766} INFO - DAG(s) dict_keys(['example_branch_operator']) retrieved from /home/airflow/.local/lib/python3.7/site-packages/airflow/example_dags/example_branch_operator.py
[2023-07-07T12:11:44.622+0000] {logging_mixin.py:120} INFO - [2023-07-07T12:11:44.622+0000] {dag.py:2585} INFO - Sync 1 DAGs
[2023-07-07T12:11:44.640+0000] {logging_mixin.py:120} INFO - [2023-07-07T12:11:44.640+0000] {dag.py:3340} INFO - Setting next_dagrun for example_branch_operator to 2023-07-06T00:00:00+00:00, run_after=2023-07-07T00:00:00+00:00
[2023-07-07T12:11:44.652+0000] {processor.py:176} INFO - Processing /home/airflow/.local/lib/python3.7/site-packages/airflow/example_dags/example_branch_operator.py took 0.070 seconds
[2023-07-07T12:12:14.829+0000] {processor.py:154} INFO - Started process (PID=1300) to work on /home/airflow/.local/lib/python3.7/site-packages/airflow/example_dags/example_branch_operator.py
[2023-07-07T12:12:14.829+0000] {processor.py:756} INFO - Processing file /home/airflow/.local/lib/python3.7/site-packages/airflow/example_dags/example_branch_operator.py for tasks to queue
[2023-07-07T12:12:14.830+0000] {logging_mixin.py:120} INFO - [2023-07-07T12:12:14.829+0000] {dagbag.py:537} INFO - Filling up the DagBag from /home/airflow/.local/lib/python3.7/site-packages/airflow/example_dags/example_branch_operator.py
[2023-07-07T12:12:14.840+0000] {processor.py:766} INFO - DAG(s) dict_keys(['example_branch_operator']) retrieved from /home/airflow/.local/lib/python3.7/site-packages/airflow/example_dags/example_branch_operator.py
[2023-07-07T12:12:14.866+0000] {logging_mixin.py:120} INFO - [2023-07-07T12:12:14.866+0000] {dag.py:2585} INFO - Sync 1 DAGs
[2023-07-07T12:12:14.882+0000] {logging_mixin.py:120} INFO - [2023-07-07T12:12:14.882+0000] {dag.py:3340} INFO - Setting next_dagrun for example_branch_operator to 2023-07-06T00:00:00+00:00, run_after=2023-07-07T00:00:00+00:00
[2023-07-07T12:12:14.896+0000] {processor.py:176} INFO - Processing /home/airflow/.local/lib/python3.7/site-packages/airflow/example_dags/example_branch_operator.py took 0.069 seconds
[2023-07-07T12:12:44.973+0000] {processor.py:154} INFO - Started process (PID=1367) to work on /home/airflow/.local/lib/python3.7/site-packages/airflow/example_dags/example_branch_operator.py
[2023-07-07T12:12:44.973+0000] {processor.py:756} INFO - Processing file /home/airflow/.local/lib/python3.7/site-packages/airflow/example_dags/example_branch_operator.py for tasks to queue
[2023-07-07T12:12:44.974+0000] {logging_mixin.py:120} INFO - [2023-07-07T12:12:44.974+0000] {dagbag.py:537} INFO - Filling up the DagBag from /home/airflow/.local/lib/python3.7/site-packages/airflow/example_dags/example_branch_operator.py
[2023-07-07T12:12:44.984+0000] {processor.py:766} INFO - DAG(s) dict_keys(['example_branch_operator']) retrieved from /home/airflow/.local/lib/python3.7/site-packages/airflow/example_dags/example_branch_operator.py
[2023-07-07T12:12:45.012+0000] {logging_mixin.py:120} INFO - [2023-07-07T12:12:45.012+0000] {dag.py:2585} INFO - Sync 1 DAGs
[2023-07-07T12:12:45.031+0000] {logging_mixin.py:120} INFO - [2023-07-07T12:12:45.031+0000] {dag.py:3340} INFO - Setting next_dagrun for example_branch_operator to 2023-07-06T00:00:00+00:00, run_after=2023-07-07T00:00:00+00:00
[2023-07-07T12:12:45.044+0000] {processor.py:176} INFO - Processing /home/airflow/.local/lib/python3.7/site-packages/airflow/example_dags/example_branch_operator.py took 0.074 seconds
[2023-07-07T12:13:15.414+0000] {processor.py:154} INFO - Started process (PID=1435) to work on /home/airflow/.local/lib/python3.7/site-packages/airflow/example_dags/example_branch_operator.py
[2023-07-07T12:13:15.414+0000] {processor.py:756} INFO - Processing file /home/airflow/.local/lib/python3.7/site-packages/airflow/example_dags/example_branch_operator.py for tasks to queue
[2023-07-07T12:13:15.414+0000] {logging_mixin.py:120} INFO - [2023-07-07T12:13:15.414+0000] {dagbag.py:537} INFO - Filling up the DagBag from /home/airflow/.local/lib/python3.7/site-packages/airflow/example_dags/example_branch_operator.py
[2023-07-07T12:13:15.425+0000] {processor.py:766} INFO - DAG(s) dict_keys(['example_branch_operator']) retrieved from /home/airflow/.local/lib/python3.7/site-packages/airflow/example_dags/example_branch_operator.py
[2023-07-07T12:13:15.450+0000] {logging_mixin.py:120} INFO - [2023-07-07T12:13:15.450+0000] {dag.py:2585} INFO - Sync 1 DAGs
[2023-07-07T12:13:15.469+0000] {logging_mixin.py:120} INFO - [2023-07-07T12:13:15.468+0000] {dag.py:3340} INFO - Setting next_dagrun for example_branch_operator to 2023-07-06T00:00:00+00:00, run_after=2023-07-07T00:00:00+00:00
[2023-07-07T12:13:15.483+0000] {processor.py:176} INFO - Processing /home/airflow/.local/lib/python3.7/site-packages/airflow/example_dags/example_branch_operator.py took 0.071 seconds
[2023-07-07T12:13:46.534+0000] {processor.py:154} INFO - Started process (PID=1502) to work on /home/airflow/.local/lib/python3.7/site-packages/airflow/example_dags/example_branch_operator.py
[2023-07-07T12:13:46.536+0000] {processor.py:756} INFO - Processing file /home/airflow/.local/lib/python3.7/site-packages/airflow/example_dags/example_branch_operator.py for tasks to queue
[2023-07-07T12:13:46.538+0000] {logging_mixin.py:120} INFO - [2023-07-07T12:13:46.538+0000] {dagbag.py:537} INFO - Filling up the DagBag from /home/airflow/.local/lib/python3.7/site-packages/airflow/example_dags/example_branch_operator.py
[2023-07-07T12:13:46.555+0000] {processor.py:766} INFO - DAG(s) dict_keys(['example_branch_operator']) retrieved from /home/airflow/.local/lib/python3.7/site-packages/airflow/example_dags/example_branch_operator.py
[2023-07-07T12:13:46.593+0000] {logging_mixin.py:120} INFO - [2023-07-07T12:13:46.593+0000] {dag.py:2585} INFO - Sync 1 DAGs
[2023-07-07T12:13:46.615+0000] {logging_mixin.py:120} INFO - [2023-07-07T12:13:46.615+0000] {dag.py:3340} INFO - Setting next_dagrun for example_branch_operator to 2023-07-06T00:00:00+00:00, run_after=2023-07-07T00:00:00+00:00
[2023-07-07T12:13:46.629+0000] {processor.py:176} INFO - Processing /home/airflow/.local/lib/python3.7/site-packages/airflow/example_dags/example_branch_operator.py took 0.099 seconds
[2023-07-07T12:14:16.652+0000] {processor.py:154} INFO - Started process (PID=1560) to work on /home/airflow/.local/lib/python3.7/site-packages/airflow/example_dags/example_branch_operator.py
[2023-07-07T12:14:16.652+0000] {processor.py:756} INFO - Processing file /home/airflow/.local/lib/python3.7/site-packages/airflow/example_dags/example_branch_operator.py for tasks to queue
[2023-07-07T12:14:16.653+0000] {logging_mixin.py:120} INFO - [2023-07-07T12:14:16.653+0000] {dagbag.py:537} INFO - Filling up the DagBag from /home/airflow/.local/lib/python3.7/site-packages/airflow/example_dags/example_branch_operator.py
[2023-07-07T12:14:16.665+0000] {processor.py:766} INFO - DAG(s) dict_keys(['example_branch_operator']) retrieved from /home/airflow/.local/lib/python3.7/site-packages/airflow/example_dags/example_branch_operator.py
[2023-07-07T12:14:16.691+0000] {logging_mixin.py:120} INFO - [2023-07-07T12:14:16.691+0000] {dag.py:2585} INFO - Sync 1 DAGs
[2023-07-07T12:14:16.710+0000] {logging_mixin.py:120} INFO - [2023-07-07T12:14:16.710+0000] {dag.py:3340} INFO - Setting next_dagrun for example_branch_operator to 2023-07-06T00:00:00+00:00, run_after=2023-07-07T00:00:00+00:00
[2023-07-07T12:14:16.725+0000] {processor.py:176} INFO - Processing /home/airflow/.local/lib/python3.7/site-packages/airflow/example_dags/example_branch_operator.py took 0.075 seconds
[2023-07-07T12:14:46.790+0000] {processor.py:154} INFO - Started process (PID=1627) to work on /home/airflow/.local/lib/python3.7/site-packages/airflow/example_dags/example_branch_operator.py
[2023-07-07T12:14:46.790+0000] {processor.py:756} INFO - Processing file /home/airflow/.local/lib/python3.7/site-packages/airflow/example_dags/example_branch_operator.py for tasks to queue
[2023-07-07T12:14:46.791+0000] {logging_mixin.py:120} INFO - [2023-07-07T12:14:46.791+0000] {dagbag.py:537} INFO - Filling up the DagBag from /home/airflow/.local/lib/python3.7/site-packages/airflow/example_dags/example_branch_operator.py
[2023-07-07T12:14:46.801+0000] {processor.py:766} INFO - DAG(s) dict_keys(['example_branch_operator']) retrieved from /home/airflow/.local/lib/python3.7/site-packages/airflow/example_dags/example_branch_operator.py
[2023-07-07T12:14:46.827+0000] {logging_mixin.py:120} INFO - [2023-07-07T12:14:46.827+0000] {dag.py:2585} INFO - Sync 1 DAGs
[2023-07-07T12:14:46.844+0000] {logging_mixin.py:120} INFO - [2023-07-07T12:14:46.844+0000] {dag.py:3340} INFO - Setting next_dagrun for example_branch_operator to 2023-07-06T00:00:00+00:00, run_after=2023-07-07T00:00:00+00:00
[2023-07-07T12:14:46.859+0000] {processor.py:176} INFO - Processing /home/airflow/.local/lib/python3.7/site-packages/airflow/example_dags/example_branch_operator.py took 0.071 seconds
[2023-07-07T12:15:16.963+0000] {processor.py:154} INFO - Started process (PID=1693) to work on /home/airflow/.local/lib/python3.7/site-packages/airflow/example_dags/example_branch_operator.py
[2023-07-07T12:15:16.964+0000] {processor.py:756} INFO - Processing file /home/airflow/.local/lib/python3.7/site-packages/airflow/example_dags/example_branch_operator.py for tasks to queue
[2023-07-07T12:15:16.964+0000] {logging_mixin.py:120} INFO - [2023-07-07T12:15:16.964+0000] {dagbag.py:537} INFO - Filling up the DagBag from /home/airflow/.local/lib/python3.7/site-packages/airflow/example_dags/example_branch_operator.py
[2023-07-07T12:15:16.975+0000] {processor.py:766} INFO - DAG(s) dict_keys(['example_branch_operator']) retrieved from /home/airflow/.local/lib/python3.7/site-packages/airflow/example_dags/example_branch_operator.py
[2023-07-07T12:15:16.999+0000] {logging_mixin.py:120} INFO - [2023-07-07T12:15:16.999+0000] {dag.py:2585} INFO - Sync 1 DAGs
[2023-07-07T12:15:17.015+0000] {logging_mixin.py:120} INFO - [2023-07-07T12:15:17.015+0000] {dag.py:3340} INFO - Setting next_dagrun for example_branch_operator to 2023-07-06T00:00:00+00:00, run_after=2023-07-07T00:00:00+00:00
[2023-07-07T12:15:17.029+0000] {processor.py:176} INFO - Processing /home/airflow/.local/lib/python3.7/site-packages/airflow/example_dags/example_branch_operator.py took 0.068 seconds
[2023-07-07T12:15:47.079+0000] {processor.py:154} INFO - Started process (PID=1760) to work on /home/airflow/.local/lib/python3.7/site-packages/airflow/example_dags/example_branch_operator.py
[2023-07-07T12:15:47.080+0000] {processor.py:756} INFO - Processing file /home/airflow/.local/lib/python3.7/site-packages/airflow/example_dags/example_branch_operator.py for tasks to queue
[2023-07-07T12:15:47.080+0000] {logging_mixin.py:120} INFO - [2023-07-07T12:15:47.080+0000] {dagbag.py:537} INFO - Filling up the DagBag from /home/airflow/.local/lib/python3.7/site-packages/airflow/example_dags/example_branch_operator.py
[2023-07-07T12:15:47.092+0000] {processor.py:766} INFO - DAG(s) dict_keys(['example_branch_operator']) retrieved from /home/airflow/.local/lib/python3.7/site-packages/airflow/example_dags/example_branch_operator.py
[2023-07-07T12:15:47.115+0000] {logging_mixin.py:120} INFO - [2023-07-07T12:15:47.115+0000] {dag.py:2585} INFO - Sync 1 DAGs
[2023-07-07T12:15:47.130+0000] {logging_mixin.py:120} INFO - [2023-07-07T12:15:47.130+0000] {dag.py:3340} INFO - Setting next_dagrun for example_branch_operator to 2023-07-06T00:00:00+00:00, run_after=2023-07-07T00:00:00+00:00
[2023-07-07T12:15:47.144+0000] {processor.py:176} INFO - Processing /home/airflow/.local/lib/python3.7/site-packages/airflow/example_dags/example_branch_operator.py took 0.067 seconds
[2023-07-07T12:16:17.327+0000] {processor.py:154} INFO - Started process (PID=1819) to work on /home/airflow/.local/lib/python3.7/site-packages/airflow/example_dags/example_branch_operator.py
[2023-07-07T12:16:17.327+0000] {processor.py:756} INFO - Processing file /home/airflow/.local/lib/python3.7/site-packages/airflow/example_dags/example_branch_operator.py for tasks to queue
[2023-07-07T12:16:17.328+0000] {logging_mixin.py:120} INFO - [2023-07-07T12:16:17.328+0000] {dagbag.py:537} INFO - Filling up the DagBag from /home/airflow/.local/lib/python3.7/site-packages/airflow/example_dags/example_branch_operator.py
[2023-07-07T12:16:17.340+0000] {processor.py:766} INFO - DAG(s) dict_keys(['example_branch_operator']) retrieved from /home/airflow/.local/lib/python3.7/site-packages/airflow/example_dags/example_branch_operator.py
[2023-07-07T12:16:17.364+0000] {logging_mixin.py:120} INFO - [2023-07-07T12:16:17.364+0000] {dag.py:2585} INFO - Sync 1 DAGs
[2023-07-07T12:16:17.380+0000] {logging_mixin.py:120} INFO - [2023-07-07T12:16:17.380+0000] {dag.py:3340} INFO - Setting next_dagrun for example_branch_operator to 2023-07-06T00:00:00+00:00, run_after=2023-07-07T00:00:00+00:00
[2023-07-07T12:16:17.393+0000] {processor.py:176} INFO - Processing /home/airflow/.local/lib/python3.7/site-packages/airflow/example_dags/example_branch_operator.py took 0.068 seconds
[2023-07-07T12:16:47.663+0000] {processor.py:154} INFO - Started process (PID=1887) to work on /home/airflow/.local/lib/python3.7/site-packages/airflow/example_dags/example_branch_operator.py
[2023-07-07T12:16:47.663+0000] {processor.py:756} INFO - Processing file /home/airflow/.local/lib/python3.7/site-packages/airflow/example_dags/example_branch_operator.py for tasks to queue
[2023-07-07T12:16:47.663+0000] {logging_mixin.py:120} INFO - [2023-07-07T12:16:47.663+0000] {dagbag.py:537} INFO - Filling up the DagBag from /home/airflow/.local/lib/python3.7/site-packages/airflow/example_dags/example_branch_operator.py
[2023-07-07T12:16:47.673+0000] {processor.py:766} INFO - DAG(s) dict_keys(['example_branch_operator']) retrieved from /home/airflow/.local/lib/python3.7/site-packages/airflow/example_dags/example_branch_operator.py
[2023-07-07T12:16:47.699+0000] {logging_mixin.py:120} INFO - [2023-07-07T12:16:47.699+0000] {dag.py:2585} INFO - Sync 1 DAGs
[2023-07-07T12:16:47.719+0000] {logging_mixin.py:120} INFO - [2023-07-07T12:16:47.719+0000] {dag.py:3340} INFO - Setting next_dagrun for example_branch_operator to 2023-07-06T00:00:00+00:00, run_after=2023-07-07T00:00:00+00:00
[2023-07-07T12:16:47.731+0000] {processor.py:176} INFO - Processing /home/airflow/.local/lib/python3.7/site-packages/airflow/example_dags/example_branch_operator.py took 0.071 seconds
[2023-07-07T12:17:17.980+0000] {processor.py:154} INFO - Started process (PID=1953) to work on /home/airflow/.local/lib/python3.7/site-packages/airflow/example_dags/example_branch_operator.py
[2023-07-07T12:17:17.981+0000] {processor.py:756} INFO - Processing file /home/airflow/.local/lib/python3.7/site-packages/airflow/example_dags/example_branch_operator.py for tasks to queue
[2023-07-07T12:17:17.981+0000] {logging_mixin.py:120} INFO - [2023-07-07T12:17:17.981+0000] {dagbag.py:537} INFO - Filling up the DagBag from /home/airflow/.local/lib/python3.7/site-packages/airflow/example_dags/example_branch_operator.py
[2023-07-07T12:17:17.992+0000] {processor.py:766} INFO - DAG(s) dict_keys(['example_branch_operator']) retrieved from /home/airflow/.local/lib/python3.7/site-packages/airflow/example_dags/example_branch_operator.py
[2023-07-07T12:17:18.018+0000] {logging_mixin.py:120} INFO - [2023-07-07T12:17:18.017+0000] {dag.py:2585} INFO - Sync 1 DAGs
[2023-07-07T12:17:18.035+0000] {logging_mixin.py:120} INFO - [2023-07-07T12:17:18.034+0000] {dag.py:3340} INFO - Setting next_dagrun for example_branch_operator to 2023-07-06T00:00:00+00:00, run_after=2023-07-07T00:00:00+00:00
[2023-07-07T12:17:18.047+0000] {processor.py:176} INFO - Processing /home/airflow/.local/lib/python3.7/site-packages/airflow/example_dags/example_branch_operator.py took 0.069 seconds
[2023-07-07T12:17:48.204+0000] {processor.py:154} INFO - Started process (PID=2020) to work on /home/airflow/.local/lib/python3.7/site-packages/airflow/example_dags/example_branch_operator.py
[2023-07-07T12:17:48.204+0000] {processor.py:756} INFO - Processing file /home/airflow/.local/lib/python3.7/site-packages/airflow/example_dags/example_branch_operator.py for tasks to queue
[2023-07-07T12:17:48.205+0000] {logging_mixin.py:120} INFO - [2023-07-07T12:17:48.205+0000] {dagbag.py:537} INFO - Filling up the DagBag from /home/airflow/.local/lib/python3.7/site-packages/airflow/example_dags/example_branch_operator.py
[2023-07-07T12:17:48.216+0000] {processor.py:766} INFO - DAG(s) dict_keys(['example_branch_operator']) retrieved from /home/airflow/.local/lib/python3.7/site-packages/airflow/example_dags/example_branch_operator.py
[2023-07-07T12:17:48.242+0000] {logging_mixin.py:120} INFO - [2023-07-07T12:17:48.242+0000] {dag.py:2585} INFO - Sync 1 DAGs
[2023-07-07T12:17:48.258+0000] {logging_mixin.py:120} INFO - [2023-07-07T12:17:48.258+0000] {dag.py:3340} INFO - Setting next_dagrun for example_branch_operator to 2023-07-06T00:00:00+00:00, run_after=2023-07-07T00:00:00+00:00
[2023-07-07T12:17:48.271+0000] {processor.py:176} INFO - Processing /home/airflow/.local/lib/python3.7/site-packages/airflow/example_dags/example_branch_operator.py took 0.069 seconds
[2023-07-07T12:18:18.535+0000] {processor.py:154} INFO - Started process (PID=2086) to work on /home/airflow/.local/lib/python3.7/site-packages/airflow/example_dags/example_branch_operator.py
[2023-07-07T12:18:18.536+0000] {processor.py:756} INFO - Processing file /home/airflow/.local/lib/python3.7/site-packages/airflow/example_dags/example_branch_operator.py for tasks to queue
[2023-07-07T12:18:18.536+0000] {logging_mixin.py:120} INFO - [2023-07-07T12:18:18.536+0000] {dagbag.py:537} INFO - Filling up the DagBag from /home/airflow/.local/lib/python3.7/site-packages/airflow/example_dags/example_branch_operator.py
[2023-07-07T12:18:18.547+0000] {processor.py:766} INFO - DAG(s) dict_keys(['example_branch_operator']) retrieved from /home/airflow/.local/lib/python3.7/site-packages/airflow/example_dags/example_branch_operator.py
[2023-07-07T12:18:18.571+0000] {logging_mixin.py:120} INFO - [2023-07-07T12:18:18.571+0000] {dag.py:2585} INFO - Sync 1 DAGs
[2023-07-07T12:18:18.588+0000] {logging_mixin.py:120} INFO - [2023-07-07T12:18:18.588+0000] {dag.py:3340} INFO - Setting next_dagrun for example_branch_operator to 2023-07-06T00:00:00+00:00, run_after=2023-07-07T00:00:00+00:00
[2023-07-07T12:18:18.602+0000] {processor.py:176} INFO - Processing /home/airflow/.local/lib/python3.7/site-packages/airflow/example_dags/example_branch_operator.py took 0.069 seconds
[2023-07-07T12:18:48.821+0000] {processor.py:154} INFO - Started process (PID=2146) to work on /home/airflow/.local/lib/python3.7/site-packages/airflow/example_dags/example_branch_operator.py
[2023-07-07T12:18:48.822+0000] {processor.py:756} INFO - Processing file /home/airflow/.local/lib/python3.7/site-packages/airflow/example_dags/example_branch_operator.py for tasks to queue
[2023-07-07T12:18:48.822+0000] {logging_mixin.py:120} INFO - [2023-07-07T12:18:48.822+0000] {dagbag.py:537} INFO - Filling up the DagBag from /home/airflow/.local/lib/python3.7/site-packages/airflow/example_dags/example_branch_operator.py
[2023-07-07T12:18:48.832+0000] {processor.py:766} INFO - DAG(s) dict_keys(['example_branch_operator']) retrieved from /home/airflow/.local/lib/python3.7/site-packages/airflow/example_dags/example_branch_operator.py
[2023-07-07T12:18:48.854+0000] {logging_mixin.py:120} INFO - [2023-07-07T12:18:48.854+0000] {dag.py:2585} INFO - Sync 1 DAGs
[2023-07-07T12:18:48.870+0000] {logging_mixin.py:120} INFO - [2023-07-07T12:18:48.870+0000] {dag.py:3340} INFO - Setting next_dagrun for example_branch_operator to 2023-07-06T00:00:00+00:00, run_after=2023-07-07T00:00:00+00:00
[2023-07-07T12:18:48.881+0000] {processor.py:176} INFO - Processing /home/airflow/.local/lib/python3.7/site-packages/airflow/example_dags/example_branch_operator.py took 0.062 seconds
[2023-07-07T12:19:19.095+0000] {processor.py:154} INFO - Started process (PID=2213) to work on /home/airflow/.local/lib/python3.7/site-packages/airflow/example_dags/example_branch_operator.py
[2023-07-07T12:19:19.096+0000] {processor.py:756} INFO - Processing file /home/airflow/.local/lib/python3.7/site-packages/airflow/example_dags/example_branch_operator.py for tasks to queue
[2023-07-07T12:19:19.096+0000] {logging_mixin.py:120} INFO - [2023-07-07T12:19:19.096+0000] {dagbag.py:537} INFO - Filling up the DagBag from /home/airflow/.local/lib/python3.7/site-packages/airflow/example_dags/example_branch_operator.py
[2023-07-07T12:19:19.106+0000] {processor.py:766} INFO - DAG(s) dict_keys(['example_branch_operator']) retrieved from /home/airflow/.local/lib/python3.7/site-packages/airflow/example_dags/example_branch_operator.py
[2023-07-07T12:19:19.130+0000] {logging_mixin.py:120} INFO - [2023-07-07T12:19:19.130+0000] {dag.py:2585} INFO - Sync 1 DAGs
[2023-07-07T12:19:19.147+0000] {logging_mixin.py:120} INFO - [2023-07-07T12:19:19.147+0000] {dag.py:3340} INFO - Setting next_dagrun for example_branch_operator to 2023-07-06T00:00:00+00:00, run_after=2023-07-07T00:00:00+00:00
[2023-07-07T12:19:19.160+0000] {processor.py:176} INFO - Processing /home/airflow/.local/lib/python3.7/site-packages/airflow/example_dags/example_branch_operator.py took 0.067 seconds
[2023-07-07T12:19:49.366+0000] {processor.py:154} INFO - Started process (PID=2281) to work on /home/airflow/.local/lib/python3.7/site-packages/airflow/example_dags/example_branch_operator.py
[2023-07-07T12:19:49.367+0000] {processor.py:756} INFO - Processing file /home/airflow/.local/lib/python3.7/site-packages/airflow/example_dags/example_branch_operator.py for tasks to queue
[2023-07-07T12:19:49.367+0000] {logging_mixin.py:120} INFO - [2023-07-07T12:19:49.367+0000] {dagbag.py:537} INFO - Filling up the DagBag from /home/airflow/.local/lib/python3.7/site-packages/airflow/example_dags/example_branch_operator.py
[2023-07-07T12:19:49.377+0000] {processor.py:766} INFO - DAG(s) dict_keys(['example_branch_operator']) retrieved from /home/airflow/.local/lib/python3.7/site-packages/airflow/example_dags/example_branch_operator.py
[2023-07-07T12:19:49.401+0000] {logging_mixin.py:120} INFO - [2023-07-07T12:19:49.401+0000] {dag.py:2585} INFO - Sync 1 DAGs
[2023-07-07T12:19:49.416+0000] {logging_mixin.py:120} INFO - [2023-07-07T12:19:49.416+0000] {dag.py:3340} INFO - Setting next_dagrun for example_branch_operator to 2023-07-06T00:00:00+00:00, run_after=2023-07-07T00:00:00+00:00
[2023-07-07T12:19:49.430+0000] {processor.py:176} INFO - Processing /home/airflow/.local/lib/python3.7/site-packages/airflow/example_dags/example_branch_operator.py took 0.065 seconds
[2023-07-07T12:20:19.493+0000] {processor.py:154} INFO - Started process (PID=2348) to work on /home/airflow/.local/lib/python3.7/site-packages/airflow/example_dags/example_branch_operator.py
[2023-07-07T12:20:19.494+0000] {processor.py:756} INFO - Processing file /home/airflow/.local/lib/python3.7/site-packages/airflow/example_dags/example_branch_operator.py for tasks to queue
[2023-07-07T12:20:19.495+0000] {logging_mixin.py:120} INFO - [2023-07-07T12:20:19.494+0000] {dagbag.py:537} INFO - Filling up the DagBag from /home/airflow/.local/lib/python3.7/site-packages/airflow/example_dags/example_branch_operator.py
[2023-07-07T12:20:19.506+0000] {processor.py:766} INFO - DAG(s) dict_keys(['example_branch_operator']) retrieved from /home/airflow/.local/lib/python3.7/site-packages/airflow/example_dags/example_branch_operator.py
[2023-07-07T12:20:19.528+0000] {logging_mixin.py:120} INFO - [2023-07-07T12:20:19.528+0000] {dag.py:2585} INFO - Sync 1 DAGs
[2023-07-07T12:20:19.543+0000] {logging_mixin.py:120} INFO - [2023-07-07T12:20:19.543+0000] {dag.py:3340} INFO - Setting next_dagrun for example_branch_operator to 2023-07-06T00:00:00+00:00, run_after=2023-07-07T00:00:00+00:00
[2023-07-07T12:20:19.556+0000] {processor.py:176} INFO - Processing /home/airflow/.local/lib/python3.7/site-packages/airflow/example_dags/example_branch_operator.py took 0.064 seconds
[2023-07-07T12:20:49.758+0000] {processor.py:154} INFO - Started process (PID=2406) to work on /home/airflow/.local/lib/python3.7/site-packages/airflow/example_dags/example_branch_operator.py
[2023-07-07T12:20:49.759+0000] {processor.py:756} INFO - Processing file /home/airflow/.local/lib/python3.7/site-packages/airflow/example_dags/example_branch_operator.py for tasks to queue
[2023-07-07T12:20:49.759+0000] {logging_mixin.py:120} INFO - [2023-07-07T12:20:49.759+0000] {dagbag.py:537} INFO - Filling up the DagBag from /home/airflow/.local/lib/python3.7/site-packages/airflow/example_dags/example_branch_operator.py
[2023-07-07T12:20:49.770+0000] {processor.py:766} INFO - DAG(s) dict_keys(['example_branch_operator']) retrieved from /home/airflow/.local/lib/python3.7/site-packages/airflow/example_dags/example_branch_operator.py
[2023-07-07T12:20:49.798+0000] {logging_mixin.py:120} INFO - [2023-07-07T12:20:49.798+0000] {dag.py:2585} INFO - Sync 1 DAGs
[2023-07-07T12:20:49.818+0000] {logging_mixin.py:120} INFO - [2023-07-07T12:20:49.817+0000] {dag.py:3340} INFO - Setting next_dagrun for example_branch_operator to 2023-07-06T00:00:00+00:00, run_after=2023-07-07T00:00:00+00:00
[2023-07-07T12:20:49.833+0000] {processor.py:176} INFO - Processing /home/airflow/.local/lib/python3.7/site-packages/airflow/example_dags/example_branch_operator.py took 0.076 seconds
[2023-07-07T12:21:20.058+0000] {processor.py:154} INFO - Started process (PID=2473) to work on /home/airflow/.local/lib/python3.7/site-packages/airflow/example_dags/example_branch_operator.py
[2023-07-07T12:21:20.059+0000] {processor.py:756} INFO - Processing file /home/airflow/.local/lib/python3.7/site-packages/airflow/example_dags/example_branch_operator.py for tasks to queue
[2023-07-07T12:21:20.059+0000] {logging_mixin.py:120} INFO - [2023-07-07T12:21:20.059+0000] {dagbag.py:537} INFO - Filling up the DagBag from /home/airflow/.local/lib/python3.7/site-packages/airflow/example_dags/example_branch_operator.py
[2023-07-07T12:21:20.071+0000] {processor.py:766} INFO - DAG(s) dict_keys(['example_branch_operator']) retrieved from /home/airflow/.local/lib/python3.7/site-packages/airflow/example_dags/example_branch_operator.py
[2023-07-07T12:21:20.099+0000] {logging_mixin.py:120} INFO - [2023-07-07T12:21:20.099+0000] {dag.py:2585} INFO - Sync 1 DAGs
[2023-07-07T12:21:20.117+0000] {logging_mixin.py:120} INFO - [2023-07-07T12:21:20.116+0000] {dag.py:3340} INFO - Setting next_dagrun for example_branch_operator to 2023-07-06T00:00:00+00:00, run_after=2023-07-07T00:00:00+00:00
[2023-07-07T12:21:20.130+0000] {processor.py:176} INFO - Processing /home/airflow/.local/lib/python3.7/site-packages/airflow/example_dags/example_branch_operator.py took 0.073 seconds
[2023-07-07T12:22:00.505+0000] {processor.py:154} INFO - Started process (PID=71) to work on /home/airflow/.local/lib/python3.7/site-packages/airflow/example_dags/example_branch_operator.py
[2023-07-07T12:22:00.506+0000] {processor.py:756} INFO - Processing file /home/airflow/.local/lib/python3.7/site-packages/airflow/example_dags/example_branch_operator.py for tasks to queue
[2023-07-07T12:22:00.507+0000] {logging_mixin.py:120} INFO - [2023-07-07T12:22:00.507+0000] {dagbag.py:537} INFO - Filling up the DagBag from /home/airflow/.local/lib/python3.7/site-packages/airflow/example_dags/example_branch_operator.py
[2023-07-07T12:22:00.531+0000] {processor.py:766} INFO - DAG(s) dict_keys(['example_branch_operator']) retrieved from /home/airflow/.local/lib/python3.7/site-packages/airflow/example_dags/example_branch_operator.py
[2023-07-07T12:22:00.565+0000] {logging_mixin.py:120} INFO - [2023-07-07T12:22:00.565+0000] {dag.py:2585} INFO - Sync 1 DAGs
[2023-07-07T12:22:00.604+0000] {logging_mixin.py:120} INFO - [2023-07-07T12:22:00.603+0000] {dag.py:3340} INFO - Setting next_dagrun for example_branch_operator to 2023-07-06T00:00:00+00:00, run_after=2023-07-07T00:00:00+00:00
[2023-07-07T12:22:00.627+0000] {processor.py:176} INFO - Processing /home/airflow/.local/lib/python3.7/site-packages/airflow/example_dags/example_branch_operator.py took 0.126 seconds
[2023-07-07T12:22:31.080+0000] {processor.py:154} INFO - Started process (PID=129) to work on /home/airflow/.local/lib/python3.7/site-packages/airflow/example_dags/example_branch_operator.py
[2023-07-07T12:22:31.081+0000] {processor.py:756} INFO - Processing file /home/airflow/.local/lib/python3.7/site-packages/airflow/example_dags/example_branch_operator.py for tasks to queue
[2023-07-07T12:22:31.081+0000] {logging_mixin.py:120} INFO - [2023-07-07T12:22:31.081+0000] {dagbag.py:537} INFO - Filling up the DagBag from /home/airflow/.local/lib/python3.7/site-packages/airflow/example_dags/example_branch_operator.py
[2023-07-07T12:22:31.093+0000] {processor.py:766} INFO - DAG(s) dict_keys(['example_branch_operator']) retrieved from /home/airflow/.local/lib/python3.7/site-packages/airflow/example_dags/example_branch_operator.py
[2023-07-07T12:22:31.116+0000] {logging_mixin.py:120} INFO - [2023-07-07T12:22:31.116+0000] {dag.py:2585} INFO - Sync 1 DAGs
[2023-07-07T12:22:31.132+0000] {logging_mixin.py:120} INFO - [2023-07-07T12:22:31.132+0000] {dag.py:3340} INFO - Setting next_dagrun for example_branch_operator to 2023-07-06T00:00:00+00:00, run_after=2023-07-07T00:00:00+00:00
[2023-07-07T12:22:31.143+0000] {processor.py:176} INFO - Processing /home/airflow/.local/lib/python3.7/site-packages/airflow/example_dags/example_branch_operator.py took 0.065 seconds
[2023-07-07T12:23:02.337+0000] {processor.py:154} INFO - Started process (PID=196) to work on /home/airflow/.local/lib/python3.7/site-packages/airflow/example_dags/example_branch_operator.py
[2023-07-07T12:23:02.338+0000] {processor.py:756} INFO - Processing file /home/airflow/.local/lib/python3.7/site-packages/airflow/example_dags/example_branch_operator.py for tasks to queue
[2023-07-07T12:23:02.338+0000] {logging_mixin.py:120} INFO - [2023-07-07T12:23:02.338+0000] {dagbag.py:537} INFO - Filling up the DagBag from /home/airflow/.local/lib/python3.7/site-packages/airflow/example_dags/example_branch_operator.py
[2023-07-07T12:23:02.348+0000] {processor.py:766} INFO - DAG(s) dict_keys(['example_branch_operator']) retrieved from /home/airflow/.local/lib/python3.7/site-packages/airflow/example_dags/example_branch_operator.py
[2023-07-07T12:23:02.372+0000] {logging_mixin.py:120} INFO - [2023-07-07T12:23:02.372+0000] {dag.py:2585} INFO - Sync 1 DAGs
[2023-07-07T12:23:02.388+0000] {logging_mixin.py:120} INFO - [2023-07-07T12:23:02.388+0000] {dag.py:3340} INFO - Setting next_dagrun for example_branch_operator to 2023-07-06T00:00:00+00:00, run_after=2023-07-07T00:00:00+00:00
[2023-07-07T12:23:02.398+0000] {processor.py:176} INFO - Processing /home/airflow/.local/lib/python3.7/site-packages/airflow/example_dags/example_branch_operator.py took 0.063 seconds
[2023-07-07T12:23:32.791+0000] {processor.py:154} INFO - Started process (PID=262) to work on /home/airflow/.local/lib/python3.7/site-packages/airflow/example_dags/example_branch_operator.py
[2023-07-07T12:23:32.792+0000] {processor.py:756} INFO - Processing file /home/airflow/.local/lib/python3.7/site-packages/airflow/example_dags/example_branch_operator.py for tasks to queue
[2023-07-07T12:23:32.792+0000] {logging_mixin.py:120} INFO - [2023-07-07T12:23:32.792+0000] {dagbag.py:537} INFO - Filling up the DagBag from /home/airflow/.local/lib/python3.7/site-packages/airflow/example_dags/example_branch_operator.py
[2023-07-07T12:23:32.805+0000] {processor.py:766} INFO - DAG(s) dict_keys(['example_branch_operator']) retrieved from /home/airflow/.local/lib/python3.7/site-packages/airflow/example_dags/example_branch_operator.py
[2023-07-07T12:23:32.832+0000] {logging_mixin.py:120} INFO - [2023-07-07T12:23:32.832+0000] {dag.py:2585} INFO - Sync 1 DAGs
[2023-07-07T12:23:32.850+0000] {logging_mixin.py:120} INFO - [2023-07-07T12:23:32.849+0000] {dag.py:3340} INFO - Setting next_dagrun for example_branch_operator to 2023-07-06T00:00:00+00:00, run_after=2023-07-07T00:00:00+00:00
[2023-07-07T12:23:32.863+0000] {processor.py:176} INFO - Processing /home/airflow/.local/lib/python3.7/site-packages/airflow/example_dags/example_branch_operator.py took 0.075 seconds
[2023-07-07T12:24:03.321+0000] {processor.py:154} INFO - Started process (PID=329) to work on /home/airflow/.local/lib/python3.7/site-packages/airflow/example_dags/example_branch_operator.py
[2023-07-07T12:24:03.321+0000] {processor.py:756} INFO - Processing file /home/airflow/.local/lib/python3.7/site-packages/airflow/example_dags/example_branch_operator.py for tasks to queue
[2023-07-07T12:24:03.322+0000] {logging_mixin.py:120} INFO - [2023-07-07T12:24:03.322+0000] {dagbag.py:537} INFO - Filling up the DagBag from /home/airflow/.local/lib/python3.7/site-packages/airflow/example_dags/example_branch_operator.py
[2023-07-07T12:24:03.333+0000] {processor.py:766} INFO - DAG(s) dict_keys(['example_branch_operator']) retrieved from /home/airflow/.local/lib/python3.7/site-packages/airflow/example_dags/example_branch_operator.py
[2023-07-07T12:24:03.360+0000] {logging_mixin.py:120} INFO - [2023-07-07T12:24:03.360+0000] {dag.py:2585} INFO - Sync 1 DAGs
[2023-07-07T12:24:03.378+0000] {logging_mixin.py:120} INFO - [2023-07-07T12:24:03.378+0000] {dag.py:3340} INFO - Setting next_dagrun for example_branch_operator to 2023-07-06T00:00:00+00:00, run_after=2023-07-07T00:00:00+00:00
[2023-07-07T12:24:03.393+0000] {processor.py:176} INFO - Processing /home/airflow/.local/lib/python3.7/site-packages/airflow/example_dags/example_branch_operator.py took 0.074 seconds
[2023-07-07T12:24:33.840+0000] {processor.py:154} INFO - Started process (PID=396) to work on /home/airflow/.local/lib/python3.7/site-packages/airflow/example_dags/example_branch_operator.py
[2023-07-07T12:24:33.841+0000] {processor.py:756} INFO - Processing file /home/airflow/.local/lib/python3.7/site-packages/airflow/example_dags/example_branch_operator.py for tasks to queue
[2023-07-07T12:24:33.841+0000] {logging_mixin.py:120} INFO - [2023-07-07T12:24:33.841+0000] {dagbag.py:537} INFO - Filling up the DagBag from /home/airflow/.local/lib/python3.7/site-packages/airflow/example_dags/example_branch_operator.py
[2023-07-07T12:24:33.853+0000] {processor.py:766} INFO - DAG(s) dict_keys(['example_branch_operator']) retrieved from /home/airflow/.local/lib/python3.7/site-packages/airflow/example_dags/example_branch_operator.py
[2023-07-07T12:24:33.884+0000] {logging_mixin.py:120} INFO - [2023-07-07T12:24:33.884+0000] {dag.py:2585} INFO - Sync 1 DAGs
[2023-07-07T12:24:33.908+0000] {logging_mixin.py:120} INFO - [2023-07-07T12:24:33.908+0000] {dag.py:3340} INFO - Setting next_dagrun for example_branch_operator to 2023-07-06T00:00:00+00:00, run_after=2023-07-07T00:00:00+00:00
[2023-07-07T12:24:33.923+0000] {processor.py:176} INFO - Processing /home/airflow/.local/lib/python3.7/site-packages/airflow/example_dags/example_branch_operator.py took 0.085 seconds
[2023-07-07T12:25:04.878+0000] {processor.py:154} INFO - Started process (PID=453) to work on /home/airflow/.local/lib/python3.7/site-packages/airflow/example_dags/example_branch_operator.py
[2023-07-07T12:25:04.879+0000] {processor.py:756} INFO - Processing file /home/airflow/.local/lib/python3.7/site-packages/airflow/example_dags/example_branch_operator.py for tasks to queue
[2023-07-07T12:25:04.879+0000] {logging_mixin.py:120} INFO - [2023-07-07T12:25:04.879+0000] {dagbag.py:537} INFO - Filling up the DagBag from /home/airflow/.local/lib/python3.7/site-packages/airflow/example_dags/example_branch_operator.py
[2023-07-07T12:25:04.891+0000] {processor.py:766} INFO - DAG(s) dict_keys(['example_branch_operator']) retrieved from /home/airflow/.local/lib/python3.7/site-packages/airflow/example_dags/example_branch_operator.py
[2023-07-07T12:25:04.918+0000] {logging_mixin.py:120} INFO - [2023-07-07T12:25:04.918+0000] {dag.py:2585} INFO - Sync 1 DAGs
[2023-07-07T12:25:04.936+0000] {logging_mixin.py:120} INFO - [2023-07-07T12:25:04.936+0000] {dag.py:3340} INFO - Setting next_dagrun for example_branch_operator to 2023-07-06T00:00:00+00:00, run_after=2023-07-07T00:00:00+00:00
[2023-07-07T12:25:04.948+0000] {processor.py:176} INFO - Processing /home/airflow/.local/lib/python3.7/site-packages/airflow/example_dags/example_branch_operator.py took 0.071 seconds
