[2023-07-07T12:00:24.685+0000] {processor.py:154} INFO - Started process (PID=51) to work on /home/airflow/.local/lib/python3.7/site-packages/airflow/example_dags/example_bash_operator.py
[2023-07-07T12:00:24.686+0000] {processor.py:756} INFO - Processing file /home/airflow/.local/lib/python3.7/site-packages/airflow/example_dags/example_bash_operator.py for tasks to queue
[2023-07-07T12:00:24.686+0000] {logging_mixin.py:120} INFO - [2023-07-07T12:00:24.686+0000] {dagbag.py:537} INFO - Filling up the DagBag from /home/airflow/.local/lib/python3.7/site-packages/airflow/example_dags/example_bash_operator.py
[2023-07-07T12:00:24.703+0000] {processor.py:766} INFO - DAG(s) dict_keys(['example_bash_operator']) retrieved from /home/airflow/.local/lib/python3.7/site-packages/airflow/example_dags/example_bash_operator.py
[2023-07-07T12:00:24.735+0000] {logging_mixin.py:120} INFO - [2023-07-07T12:00:24.735+0000] {dag.py:2585} INFO - Sync 1 DAGs
[2023-07-07T12:00:24.754+0000] {logging_mixin.py:120} INFO - [2023-07-07T12:00:24.754+0000] {dag.py:3340} INFO - Setting next_dagrun for example_bash_operator to 2023-07-06T00:00:00+00:00, run_after=2023-07-07T00:00:00+00:00
[2023-07-07T12:00:24.768+0000] {processor.py:176} INFO - Processing /home/airflow/.local/lib/python3.7/site-packages/airflow/example_dags/example_bash_operator.py took 0.084 seconds
[2023-07-07T12:00:55.605+0000] {processor.py:154} INFO - Started process (PID=117) to work on /home/airflow/.local/lib/python3.7/site-packages/airflow/example_dags/example_bash_operator.py
[2023-07-07T12:00:55.605+0000] {processor.py:756} INFO - Processing file /home/airflow/.local/lib/python3.7/site-packages/airflow/example_dags/example_bash_operator.py for tasks to queue
[2023-07-07T12:00:55.606+0000] {logging_mixin.py:120} INFO - [2023-07-07T12:00:55.605+0000] {dagbag.py:537} INFO - Filling up the DagBag from /home/airflow/.local/lib/python3.7/site-packages/airflow/example_dags/example_bash_operator.py
[2023-07-07T12:00:55.618+0000] {processor.py:766} INFO - DAG(s) dict_keys(['example_bash_operator']) retrieved from /home/airflow/.local/lib/python3.7/site-packages/airflow/example_dags/example_bash_operator.py
[2023-07-07T12:00:55.645+0000] {logging_mixin.py:120} INFO - [2023-07-07T12:00:55.645+0000] {dag.py:2585} INFO - Sync 1 DAGs
[2023-07-07T12:00:55.661+0000] {logging_mixin.py:120} INFO - [2023-07-07T12:00:55.661+0000] {dag.py:3340} INFO - Setting next_dagrun for example_bash_operator to 2023-07-06T00:00:00+00:00, run_after=2023-07-07T00:00:00+00:00
[2023-07-07T12:00:55.671+0000] {processor.py:176} INFO - Processing /home/airflow/.local/lib/python3.7/site-packages/airflow/example_dags/example_bash_operator.py took 0.068 seconds
[2023-07-07T12:01:26.981+0000] {processor.py:154} INFO - Started process (PID=186) to work on /home/airflow/.local/lib/python3.7/site-packages/airflow/example_dags/example_bash_operator.py
[2023-07-07T12:01:26.982+0000] {processor.py:756} INFO - Processing file /home/airflow/.local/lib/python3.7/site-packages/airflow/example_dags/example_bash_operator.py for tasks to queue
[2023-07-07T12:01:26.982+0000] {logging_mixin.py:120} INFO - [2023-07-07T12:01:26.982+0000] {dagbag.py:537} INFO - Filling up the DagBag from /home/airflow/.local/lib/python3.7/site-packages/airflow/example_dags/example_bash_operator.py
[2023-07-07T12:01:26.995+0000] {processor.py:766} INFO - DAG(s) dict_keys(['example_bash_operator']) retrieved from /home/airflow/.local/lib/python3.7/site-packages/airflow/example_dags/example_bash_operator.py
[2023-07-07T12:01:27.024+0000] {logging_mixin.py:120} INFO - [2023-07-07T12:01:27.024+0000] {dag.py:2585} INFO - Sync 1 DAGs
[2023-07-07T12:01:27.042+0000] {logging_mixin.py:120} INFO - [2023-07-07T12:01:27.042+0000] {dag.py:3340} INFO - Setting next_dagrun for example_bash_operator to 2023-07-06T00:00:00+00:00, run_after=2023-07-07T00:00:00+00:00
[2023-07-07T12:01:27.055+0000] {processor.py:176} INFO - Processing /home/airflow/.local/lib/python3.7/site-packages/airflow/example_dags/example_bash_operator.py took 0.075 seconds
[2023-07-07T12:01:58.496+0000] {processor.py:154} INFO - Started process (PID=253) to work on /home/airflow/.local/lib/python3.7/site-packages/airflow/example_dags/example_bash_operator.py
[2023-07-07T12:01:58.497+0000] {processor.py:756} INFO - Processing file /home/airflow/.local/lib/python3.7/site-packages/airflow/example_dags/example_bash_operator.py for tasks to queue
[2023-07-07T12:01:58.497+0000] {logging_mixin.py:120} INFO - [2023-07-07T12:01:58.497+0000] {dagbag.py:537} INFO - Filling up the DagBag from /home/airflow/.local/lib/python3.7/site-packages/airflow/example_dags/example_bash_operator.py
[2023-07-07T12:01:58.509+0000] {processor.py:766} INFO - DAG(s) dict_keys(['example_bash_operator']) retrieved from /home/airflow/.local/lib/python3.7/site-packages/airflow/example_dags/example_bash_operator.py
[2023-07-07T12:01:58.535+0000] {logging_mixin.py:120} INFO - [2023-07-07T12:01:58.535+0000] {dag.py:2585} INFO - Sync 1 DAGs
[2023-07-07T12:01:58.551+0000] {logging_mixin.py:120} INFO - [2023-07-07T12:01:58.551+0000] {dag.py:3340} INFO - Setting next_dagrun for example_bash_operator to 2023-07-06T00:00:00+00:00, run_after=2023-07-07T00:00:00+00:00
[2023-07-07T12:01:58.567+0000] {processor.py:176} INFO - Processing /home/airflow/.local/lib/python3.7/site-packages/airflow/example_dags/example_bash_operator.py took 0.073 seconds
[2023-07-07T12:02:35.258+0000] {processor.py:154} INFO - Started process (PID=52) to work on /home/airflow/.local/lib/python3.7/site-packages/airflow/example_dags/example_bash_operator.py
[2023-07-07T12:02:35.272+0000] {processor.py:756} INFO - Processing file /home/airflow/.local/lib/python3.7/site-packages/airflow/example_dags/example_bash_operator.py for tasks to queue
[2023-07-07T12:02:35.273+0000] {logging_mixin.py:120} INFO - [2023-07-07T12:02:35.272+0000] {dagbag.py:537} INFO - Filling up the DagBag from /home/airflow/.local/lib/python3.7/site-packages/airflow/example_dags/example_bash_operator.py
[2023-07-07T12:02:35.312+0000] {processor.py:766} INFO - DAG(s) dict_keys(['example_bash_operator']) retrieved from /home/airflow/.local/lib/python3.7/site-packages/airflow/example_dags/example_bash_operator.py
[2023-07-07T12:02:35.366+0000] {logging_mixin.py:120} INFO - [2023-07-07T12:02:35.365+0000] {dag.py:2585} INFO - Sync 1 DAGs
[2023-07-07T12:02:35.401+0000] {logging_mixin.py:120} INFO - [2023-07-07T12:02:35.401+0000] {dag.py:3340} INFO - Setting next_dagrun for example_bash_operator to 2023-07-06T00:00:00+00:00, run_after=2023-07-07T00:00:00+00:00
[2023-07-07T12:02:35.425+0000] {processor.py:176} INFO - Processing /home/airflow/.local/lib/python3.7/site-packages/airflow/example_dags/example_bash_operator.py took 0.170 seconds
[2023-07-07T12:03:06.019+0000] {processor.py:154} INFO - Started process (PID=119) to work on /home/airflow/.local/lib/python3.7/site-packages/airflow/example_dags/example_bash_operator.py
[2023-07-07T12:03:06.019+0000] {processor.py:756} INFO - Processing file /home/airflow/.local/lib/python3.7/site-packages/airflow/example_dags/example_bash_operator.py for tasks to queue
[2023-07-07T12:03:06.020+0000] {logging_mixin.py:120} INFO - [2023-07-07T12:03:06.019+0000] {dagbag.py:537} INFO - Filling up the DagBag from /home/airflow/.local/lib/python3.7/site-packages/airflow/example_dags/example_bash_operator.py
[2023-07-07T12:03:06.031+0000] {processor.py:766} INFO - DAG(s) dict_keys(['example_bash_operator']) retrieved from /home/airflow/.local/lib/python3.7/site-packages/airflow/example_dags/example_bash_operator.py
[2023-07-07T12:03:06.058+0000] {logging_mixin.py:120} INFO - [2023-07-07T12:03:06.058+0000] {dag.py:2585} INFO - Sync 1 DAGs
[2023-07-07T12:03:06.074+0000] {logging_mixin.py:120} INFO - [2023-07-07T12:03:06.074+0000] {dag.py:3340} INFO - Setting next_dagrun for example_bash_operator to 2023-07-06T00:00:00+00:00, run_after=2023-07-07T00:00:00+00:00
[2023-07-07T12:03:06.086+0000] {processor.py:176} INFO - Processing /home/airflow/.local/lib/python3.7/site-packages/airflow/example_dags/example_bash_operator.py took 0.069 seconds
[2023-07-07T12:03:36.233+0000] {processor.py:154} INFO - Started process (PID=187) to work on /home/airflow/.local/lib/python3.7/site-packages/airflow/example_dags/example_bash_operator.py
[2023-07-07T12:03:36.234+0000] {processor.py:756} INFO - Processing file /home/airflow/.local/lib/python3.7/site-packages/airflow/example_dags/example_bash_operator.py for tasks to queue
[2023-07-07T12:03:36.234+0000] {logging_mixin.py:120} INFO - [2023-07-07T12:03:36.234+0000] {dagbag.py:537} INFO - Filling up the DagBag from /home/airflow/.local/lib/python3.7/site-packages/airflow/example_dags/example_bash_operator.py
[2023-07-07T12:03:36.248+0000] {processor.py:766} INFO - DAG(s) dict_keys(['example_bash_operator']) retrieved from /home/airflow/.local/lib/python3.7/site-packages/airflow/example_dags/example_bash_operator.py
[2023-07-07T12:03:36.284+0000] {logging_mixin.py:120} INFO - [2023-07-07T12:03:36.284+0000] {dag.py:2585} INFO - Sync 1 DAGs
[2023-07-07T12:03:36.303+0000] {logging_mixin.py:120} INFO - [2023-07-07T12:03:36.303+0000] {dag.py:3340} INFO - Setting next_dagrun for example_bash_operator to 2023-07-06T00:00:00+00:00, run_after=2023-07-07T00:00:00+00:00
[2023-07-07T12:03:36.315+0000] {processor.py:176} INFO - Processing /home/airflow/.local/lib/python3.7/site-packages/airflow/example_dags/example_bash_operator.py took 0.084 seconds
[2023-07-07T12:04:06.554+0000] {processor.py:154} INFO - Started process (PID=246) to work on /home/airflow/.local/lib/python3.7/site-packages/airflow/example_dags/example_bash_operator.py
[2023-07-07T12:04:06.555+0000] {processor.py:756} INFO - Processing file /home/airflow/.local/lib/python3.7/site-packages/airflow/example_dags/example_bash_operator.py for tasks to queue
[2023-07-07T12:04:06.555+0000] {logging_mixin.py:120} INFO - [2023-07-07T12:04:06.555+0000] {dagbag.py:537} INFO - Filling up the DagBag from /home/airflow/.local/lib/python3.7/site-packages/airflow/example_dags/example_bash_operator.py
[2023-07-07T12:04:06.567+0000] {processor.py:766} INFO - DAG(s) dict_keys(['example_bash_operator']) retrieved from /home/airflow/.local/lib/python3.7/site-packages/airflow/example_dags/example_bash_operator.py
[2023-07-07T12:04:06.593+0000] {logging_mixin.py:120} INFO - [2023-07-07T12:04:06.593+0000] {dag.py:2585} INFO - Sync 1 DAGs
[2023-07-07T12:04:06.609+0000] {logging_mixin.py:120} INFO - [2023-07-07T12:04:06.609+0000] {dag.py:3340} INFO - Setting next_dagrun for example_bash_operator to 2023-07-06T00:00:00+00:00, run_after=2023-07-07T00:00:00+00:00
[2023-07-07T12:04:06.623+0000] {processor.py:176} INFO - Processing /home/airflow/.local/lib/python3.7/site-packages/airflow/example_dags/example_bash_operator.py took 0.071 seconds
[2023-07-07T12:04:36.910+0000] {processor.py:154} INFO - Started process (PID=313) to work on /home/airflow/.local/lib/python3.7/site-packages/airflow/example_dags/example_bash_operator.py
[2023-07-07T12:04:36.911+0000] {processor.py:756} INFO - Processing file /home/airflow/.local/lib/python3.7/site-packages/airflow/example_dags/example_bash_operator.py for tasks to queue
[2023-07-07T12:04:36.911+0000] {logging_mixin.py:120} INFO - [2023-07-07T12:04:36.911+0000] {dagbag.py:537} INFO - Filling up the DagBag from /home/airflow/.local/lib/python3.7/site-packages/airflow/example_dags/example_bash_operator.py
[2023-07-07T12:04:36.923+0000] {processor.py:766} INFO - DAG(s) dict_keys(['example_bash_operator']) retrieved from /home/airflow/.local/lib/python3.7/site-packages/airflow/example_dags/example_bash_operator.py
[2023-07-07T12:04:36.949+0000] {logging_mixin.py:120} INFO - [2023-07-07T12:04:36.949+0000] {dag.py:2585} INFO - Sync 1 DAGs
[2023-07-07T12:04:36.966+0000] {logging_mixin.py:120} INFO - [2023-07-07T12:04:36.966+0000] {dag.py:3340} INFO - Setting next_dagrun for example_bash_operator to 2023-07-06T00:00:00+00:00, run_after=2023-07-07T00:00:00+00:00
[2023-07-07T12:04:36.979+0000] {processor.py:176} INFO - Processing /home/airflow/.local/lib/python3.7/site-packages/airflow/example_dags/example_bash_operator.py took 0.071 seconds
[2023-07-07T12:05:07.907+0000] {processor.py:154} INFO - Started process (PID=380) to work on /home/airflow/.local/lib/python3.7/site-packages/airflow/example_dags/example_bash_operator.py
[2023-07-07T12:05:07.908+0000] {processor.py:756} INFO - Processing file /home/airflow/.local/lib/python3.7/site-packages/airflow/example_dags/example_bash_operator.py for tasks to queue
[2023-07-07T12:05:07.909+0000] {logging_mixin.py:120} INFO - [2023-07-07T12:05:07.908+0000] {dagbag.py:537} INFO - Filling up the DagBag from /home/airflow/.local/lib/python3.7/site-packages/airflow/example_dags/example_bash_operator.py
[2023-07-07T12:05:07.922+0000] {processor.py:766} INFO - DAG(s) dict_keys(['example_bash_operator']) retrieved from /home/airflow/.local/lib/python3.7/site-packages/airflow/example_dags/example_bash_operator.py
[2023-07-07T12:05:07.950+0000] {logging_mixin.py:120} INFO - [2023-07-07T12:05:07.950+0000] {dag.py:2585} INFO - Sync 1 DAGs
[2023-07-07T12:05:07.968+0000] {logging_mixin.py:120} INFO - [2023-07-07T12:05:07.968+0000] {dag.py:3340} INFO - Setting next_dagrun for example_bash_operator to 2023-07-06T00:00:00+00:00, run_after=2023-07-07T00:00:00+00:00
[2023-07-07T12:05:07.980+0000] {processor.py:176} INFO - Processing /home/airflow/.local/lib/python3.7/site-packages/airflow/example_dags/example_bash_operator.py took 0.075 seconds
[2023-07-07T12:05:38.004+0000] {processor.py:154} INFO - Started process (PID=446) to work on /home/airflow/.local/lib/python3.7/site-packages/airflow/example_dags/example_bash_operator.py
[2023-07-07T12:05:38.005+0000] {processor.py:756} INFO - Processing file /home/airflow/.local/lib/python3.7/site-packages/airflow/example_dags/example_bash_operator.py for tasks to queue
[2023-07-07T12:05:38.005+0000] {logging_mixin.py:120} INFO - [2023-07-07T12:05:38.005+0000] {dagbag.py:537} INFO - Filling up the DagBag from /home/airflow/.local/lib/python3.7/site-packages/airflow/example_dags/example_bash_operator.py
[2023-07-07T12:05:38.019+0000] {processor.py:766} INFO - DAG(s) dict_keys(['example_bash_operator']) retrieved from /home/airflow/.local/lib/python3.7/site-packages/airflow/example_dags/example_bash_operator.py
[2023-07-07T12:05:38.049+0000] {logging_mixin.py:120} INFO - [2023-07-07T12:05:38.049+0000] {dag.py:2585} INFO - Sync 1 DAGs
[2023-07-07T12:05:38.065+0000] {logging_mixin.py:120} INFO - [2023-07-07T12:05:38.065+0000] {dag.py:3340} INFO - Setting next_dagrun for example_bash_operator to 2023-07-06T00:00:00+00:00, run_after=2023-07-07T00:00:00+00:00
[2023-07-07T12:05:38.075+0000] {processor.py:176} INFO - Processing /home/airflow/.local/lib/python3.7/site-packages/airflow/example_dags/example_bash_operator.py took 0.073 seconds
[2023-07-07T12:06:08.192+0000] {processor.py:154} INFO - Started process (PID=512) to work on /home/airflow/.local/lib/python3.7/site-packages/airflow/example_dags/example_bash_operator.py
[2023-07-07T12:06:08.192+0000] {processor.py:756} INFO - Processing file /home/airflow/.local/lib/python3.7/site-packages/airflow/example_dags/example_bash_operator.py for tasks to queue
[2023-07-07T12:06:08.193+0000] {logging_mixin.py:120} INFO - [2023-07-07T12:06:08.192+0000] {dagbag.py:537} INFO - Filling up the DagBag from /home/airflow/.local/lib/python3.7/site-packages/airflow/example_dags/example_bash_operator.py
[2023-07-07T12:06:08.206+0000] {processor.py:766} INFO - DAG(s) dict_keys(['example_bash_operator']) retrieved from /home/airflow/.local/lib/python3.7/site-packages/airflow/example_dags/example_bash_operator.py
[2023-07-07T12:06:08.238+0000] {logging_mixin.py:120} INFO - [2023-07-07T12:06:08.237+0000] {dag.py:2585} INFO - Sync 1 DAGs
[2023-07-07T12:06:08.255+0000] {logging_mixin.py:120} INFO - [2023-07-07T12:06:08.254+0000] {dag.py:3340} INFO - Setting next_dagrun for example_bash_operator to 2023-07-06T00:00:00+00:00, run_after=2023-07-07T00:00:00+00:00
[2023-07-07T12:06:08.269+0000] {processor.py:176} INFO - Processing /home/airflow/.local/lib/python3.7/site-packages/airflow/example_dags/example_bash_operator.py took 0.079 seconds
[2023-07-07T12:06:38.439+0000] {processor.py:154} INFO - Started process (PID=570) to work on /home/airflow/.local/lib/python3.7/site-packages/airflow/example_dags/example_bash_operator.py
[2023-07-07T12:06:38.439+0000] {processor.py:756} INFO - Processing file /home/airflow/.local/lib/python3.7/site-packages/airflow/example_dags/example_bash_operator.py for tasks to queue
[2023-07-07T12:06:38.440+0000] {logging_mixin.py:120} INFO - [2023-07-07T12:06:38.440+0000] {dagbag.py:537} INFO - Filling up the DagBag from /home/airflow/.local/lib/python3.7/site-packages/airflow/example_dags/example_bash_operator.py
[2023-07-07T12:06:38.452+0000] {processor.py:766} INFO - DAG(s) dict_keys(['example_bash_operator']) retrieved from /home/airflow/.local/lib/python3.7/site-packages/airflow/example_dags/example_bash_operator.py
[2023-07-07T12:06:38.479+0000] {logging_mixin.py:120} INFO - [2023-07-07T12:06:38.479+0000] {dag.py:2585} INFO - Sync 1 DAGs
[2023-07-07T12:06:38.495+0000] {logging_mixin.py:120} INFO - [2023-07-07T12:06:38.495+0000] {dag.py:3340} INFO - Setting next_dagrun for example_bash_operator to 2023-07-06T00:00:00+00:00, run_after=2023-07-07T00:00:00+00:00
[2023-07-07T12:06:38.507+0000] {processor.py:176} INFO - Processing /home/airflow/.local/lib/python3.7/site-packages/airflow/example_dags/example_bash_operator.py took 0.071 seconds
[2023-07-07T12:07:08.647+0000] {processor.py:154} INFO - Started process (PID=637) to work on /home/airflow/.local/lib/python3.7/site-packages/airflow/example_dags/example_bash_operator.py
[2023-07-07T12:07:08.648+0000] {processor.py:756} INFO - Processing file /home/airflow/.local/lib/python3.7/site-packages/airflow/example_dags/example_bash_operator.py for tasks to queue
[2023-07-07T12:07:08.648+0000] {logging_mixin.py:120} INFO - [2023-07-07T12:07:08.648+0000] {dagbag.py:537} INFO - Filling up the DagBag from /home/airflow/.local/lib/python3.7/site-packages/airflow/example_dags/example_bash_operator.py
[2023-07-07T12:07:08.660+0000] {processor.py:766} INFO - DAG(s) dict_keys(['example_bash_operator']) retrieved from /home/airflow/.local/lib/python3.7/site-packages/airflow/example_dags/example_bash_operator.py
[2023-07-07T12:07:08.686+0000] {logging_mixin.py:120} INFO - [2023-07-07T12:07:08.686+0000] {dag.py:2585} INFO - Sync 1 DAGs
[2023-07-07T12:07:08.704+0000] {logging_mixin.py:120} INFO - [2023-07-07T12:07:08.703+0000] {dag.py:3340} INFO - Setting next_dagrun for example_bash_operator to 2023-07-06T00:00:00+00:00, run_after=2023-07-07T00:00:00+00:00
[2023-07-07T12:07:08.716+0000] {processor.py:176} INFO - Processing /home/airflow/.local/lib/python3.7/site-packages/airflow/example_dags/example_bash_operator.py took 0.070 seconds
[2023-07-07T12:07:38.855+0000] {processor.py:154} INFO - Started process (PID=704) to work on /home/airflow/.local/lib/python3.7/site-packages/airflow/example_dags/example_bash_operator.py
[2023-07-07T12:07:38.856+0000] {processor.py:756} INFO - Processing file /home/airflow/.local/lib/python3.7/site-packages/airflow/example_dags/example_bash_operator.py for tasks to queue
[2023-07-07T12:07:38.856+0000] {logging_mixin.py:120} INFO - [2023-07-07T12:07:38.856+0000] {dagbag.py:537} INFO - Filling up the DagBag from /home/airflow/.local/lib/python3.7/site-packages/airflow/example_dags/example_bash_operator.py
[2023-07-07T12:07:38.868+0000] {processor.py:766} INFO - DAG(s) dict_keys(['example_bash_operator']) retrieved from /home/airflow/.local/lib/python3.7/site-packages/airflow/example_dags/example_bash_operator.py
[2023-07-07T12:07:38.896+0000] {logging_mixin.py:120} INFO - [2023-07-07T12:07:38.896+0000] {dag.py:2585} INFO - Sync 1 DAGs
[2023-07-07T12:07:38.912+0000] {logging_mixin.py:120} INFO - [2023-07-07T12:07:38.912+0000] {dag.py:3340} INFO - Setting next_dagrun for example_bash_operator to 2023-07-06T00:00:00+00:00, run_after=2023-07-07T00:00:00+00:00
[2023-07-07T12:07:38.924+0000] {processor.py:176} INFO - Processing /home/airflow/.local/lib/python3.7/site-packages/airflow/example_dags/example_bash_operator.py took 0.070 seconds
[2023-07-07T12:08:09.049+0000] {processor.py:154} INFO - Started process (PID=771) to work on /home/airflow/.local/lib/python3.7/site-packages/airflow/example_dags/example_bash_operator.py
[2023-07-07T12:08:09.050+0000] {processor.py:756} INFO - Processing file /home/airflow/.local/lib/python3.7/site-packages/airflow/example_dags/example_bash_operator.py for tasks to queue
[2023-07-07T12:08:09.050+0000] {logging_mixin.py:120} INFO - [2023-07-07T12:08:09.050+0000] {dagbag.py:537} INFO - Filling up the DagBag from /home/airflow/.local/lib/python3.7/site-packages/airflow/example_dags/example_bash_operator.py
[2023-07-07T12:08:09.068+0000] {processor.py:766} INFO - DAG(s) dict_keys(['example_bash_operator']) retrieved from /home/airflow/.local/lib/python3.7/site-packages/airflow/example_dags/example_bash_operator.py
[2023-07-07T12:08:09.111+0000] {logging_mixin.py:120} INFO - [2023-07-07T12:08:09.111+0000] {dag.py:2585} INFO - Sync 1 DAGs
[2023-07-07T12:08:09.129+0000] {logging_mixin.py:120} INFO - [2023-07-07T12:08:09.128+0000] {dag.py:3340} INFO - Setting next_dagrun for example_bash_operator to 2023-07-06T00:00:00+00:00, run_after=2023-07-07T00:00:00+00:00
[2023-07-07T12:08:09.142+0000] {processor.py:176} INFO - Processing /home/airflow/.local/lib/python3.7/site-packages/airflow/example_dags/example_bash_operator.py took 0.095 seconds
[2023-07-07T12:08:39.430+0000] {processor.py:154} INFO - Started process (PID=829) to work on /home/airflow/.local/lib/python3.7/site-packages/airflow/example_dags/example_bash_operator.py
[2023-07-07T12:08:39.432+0000] {processor.py:756} INFO - Processing file /home/airflow/.local/lib/python3.7/site-packages/airflow/example_dags/example_bash_operator.py for tasks to queue
[2023-07-07T12:08:39.433+0000] {logging_mixin.py:120} INFO - [2023-07-07T12:08:39.433+0000] {dagbag.py:537} INFO - Filling up the DagBag from /home/airflow/.local/lib/python3.7/site-packages/airflow/example_dags/example_bash_operator.py
[2023-07-07T12:08:39.451+0000] {processor.py:766} INFO - DAG(s) dict_keys(['example_bash_operator']) retrieved from /home/airflow/.local/lib/python3.7/site-packages/airflow/example_dags/example_bash_operator.py
[2023-07-07T12:08:39.482+0000] {logging_mixin.py:120} INFO - [2023-07-07T12:08:39.482+0000] {dag.py:2585} INFO - Sync 1 DAGs
[2023-07-07T12:08:39.501+0000] {logging_mixin.py:120} INFO - [2023-07-07T12:08:39.500+0000] {dag.py:3340} INFO - Setting next_dagrun for example_bash_operator to 2023-07-06T00:00:00+00:00, run_after=2023-07-07T00:00:00+00:00
[2023-07-07T12:08:39.513+0000] {processor.py:176} INFO - Processing /home/airflow/.local/lib/python3.7/site-packages/airflow/example_dags/example_bash_operator.py took 0.086 seconds
[2023-07-07T12:09:09.634+0000] {processor.py:154} INFO - Started process (PID=896) to work on /home/airflow/.local/lib/python3.7/site-packages/airflow/example_dags/example_bash_operator.py
[2023-07-07T12:09:09.634+0000] {processor.py:756} INFO - Processing file /home/airflow/.local/lib/python3.7/site-packages/airflow/example_dags/example_bash_operator.py for tasks to queue
[2023-07-07T12:09:09.635+0000] {logging_mixin.py:120} INFO - [2023-07-07T12:09:09.634+0000] {dagbag.py:537} INFO - Filling up the DagBag from /home/airflow/.local/lib/python3.7/site-packages/airflow/example_dags/example_bash_operator.py
[2023-07-07T12:09:09.647+0000] {processor.py:766} INFO - DAG(s) dict_keys(['example_bash_operator']) retrieved from /home/airflow/.local/lib/python3.7/site-packages/airflow/example_dags/example_bash_operator.py
[2023-07-07T12:09:09.675+0000] {logging_mixin.py:120} INFO - [2023-07-07T12:09:09.675+0000] {dag.py:2585} INFO - Sync 1 DAGs
[2023-07-07T12:09:09.693+0000] {logging_mixin.py:120} INFO - [2023-07-07T12:09:09.693+0000] {dag.py:3340} INFO - Setting next_dagrun for example_bash_operator to 2023-07-06T00:00:00+00:00, run_after=2023-07-07T00:00:00+00:00
[2023-07-07T12:09:09.705+0000] {processor.py:176} INFO - Processing /home/airflow/.local/lib/python3.7/site-packages/airflow/example_dags/example_bash_operator.py took 0.073 seconds
[2023-07-07T12:09:39.908+0000] {processor.py:154} INFO - Started process (PID=963) to work on /home/airflow/.local/lib/python3.7/site-packages/airflow/example_dags/example_bash_operator.py
[2023-07-07T12:09:39.909+0000] {processor.py:756} INFO - Processing file /home/airflow/.local/lib/python3.7/site-packages/airflow/example_dags/example_bash_operator.py for tasks to queue
[2023-07-07T12:09:39.909+0000] {logging_mixin.py:120} INFO - [2023-07-07T12:09:39.909+0000] {dagbag.py:537} INFO - Filling up the DagBag from /home/airflow/.local/lib/python3.7/site-packages/airflow/example_dags/example_bash_operator.py
[2023-07-07T12:09:39.922+0000] {processor.py:766} INFO - DAG(s) dict_keys(['example_bash_operator']) retrieved from /home/airflow/.local/lib/python3.7/site-packages/airflow/example_dags/example_bash_operator.py
[2023-07-07T12:09:39.954+0000] {logging_mixin.py:120} INFO - [2023-07-07T12:09:39.953+0000] {dag.py:2585} INFO - Sync 1 DAGs
[2023-07-07T12:09:39.972+0000] {logging_mixin.py:120} INFO - [2023-07-07T12:09:39.972+0000] {dag.py:3340} INFO - Setting next_dagrun for example_bash_operator to 2023-07-06T00:00:00+00:00, run_after=2023-07-07T00:00:00+00:00
[2023-07-07T12:09:39.986+0000] {processor.py:176} INFO - Processing /home/airflow/.local/lib/python3.7/site-packages/airflow/example_dags/example_bash_operator.py took 0.080 seconds
[2023-07-07T12:10:10.059+0000] {processor.py:154} INFO - Started process (PID=1031) to work on /home/airflow/.local/lib/python3.7/site-packages/airflow/example_dags/example_bash_operator.py
[2023-07-07T12:10:10.059+0000] {processor.py:756} INFO - Processing file /home/airflow/.local/lib/python3.7/site-packages/airflow/example_dags/example_bash_operator.py for tasks to queue
[2023-07-07T12:10:10.060+0000] {logging_mixin.py:120} INFO - [2023-07-07T12:10:10.060+0000] {dagbag.py:537} INFO - Filling up the DagBag from /home/airflow/.local/lib/python3.7/site-packages/airflow/example_dags/example_bash_operator.py
[2023-07-07T12:10:10.079+0000] {processor.py:766} INFO - DAG(s) dict_keys(['example_bash_operator']) retrieved from /home/airflow/.local/lib/python3.7/site-packages/airflow/example_dags/example_bash_operator.py
[2023-07-07T12:10:10.110+0000] {logging_mixin.py:120} INFO - [2023-07-07T12:10:10.110+0000] {dag.py:2585} INFO - Sync 1 DAGs
[2023-07-07T12:10:10.132+0000] {logging_mixin.py:120} INFO - [2023-07-07T12:10:10.131+0000] {dag.py:3340} INFO - Setting next_dagrun for example_bash_operator to 2023-07-06T00:00:00+00:00, run_after=2023-07-07T00:00:00+00:00
[2023-07-07T12:10:10.146+0000] {processor.py:176} INFO - Processing /home/airflow/.local/lib/python3.7/site-packages/airflow/example_dags/example_bash_operator.py took 0.089 seconds
[2023-07-07T12:10:40.545+0000] {processor.py:154} INFO - Started process (PID=1098) to work on /home/airflow/.local/lib/python3.7/site-packages/airflow/example_dags/example_bash_operator.py
[2023-07-07T12:10:40.546+0000] {processor.py:756} INFO - Processing file /home/airflow/.local/lib/python3.7/site-packages/airflow/example_dags/example_bash_operator.py for tasks to queue
[2023-07-07T12:10:40.547+0000] {logging_mixin.py:120} INFO - [2023-07-07T12:10:40.547+0000] {dagbag.py:537} INFO - Filling up the DagBag from /home/airflow/.local/lib/python3.7/site-packages/airflow/example_dags/example_bash_operator.py
[2023-07-07T12:10:40.565+0000] {processor.py:766} INFO - DAG(s) dict_keys(['example_bash_operator']) retrieved from /home/airflow/.local/lib/python3.7/site-packages/airflow/example_dags/example_bash_operator.py
[2023-07-07T12:10:40.602+0000] {logging_mixin.py:120} INFO - [2023-07-07T12:10:40.602+0000] {dag.py:2585} INFO - Sync 1 DAGs
[2023-07-07T12:10:40.628+0000] {logging_mixin.py:120} INFO - [2023-07-07T12:10:40.628+0000] {dag.py:3340} INFO - Setting next_dagrun for example_bash_operator to 2023-07-06T00:00:00+00:00, run_after=2023-07-07T00:00:00+00:00
[2023-07-07T12:10:40.648+0000] {processor.py:176} INFO - Processing /home/airflow/.local/lib/python3.7/site-packages/airflow/example_dags/example_bash_operator.py took 0.105 seconds
[2023-07-07T12:11:10.733+0000] {processor.py:154} INFO - Started process (PID=1156) to work on /home/airflow/.local/lib/python3.7/site-packages/airflow/example_dags/example_bash_operator.py
[2023-07-07T12:11:10.734+0000] {processor.py:756} INFO - Processing file /home/airflow/.local/lib/python3.7/site-packages/airflow/example_dags/example_bash_operator.py for tasks to queue
[2023-07-07T12:11:10.734+0000] {logging_mixin.py:120} INFO - [2023-07-07T12:11:10.734+0000] {dagbag.py:537} INFO - Filling up the DagBag from /home/airflow/.local/lib/python3.7/site-packages/airflow/example_dags/example_bash_operator.py
[2023-07-07T12:11:10.747+0000] {processor.py:766} INFO - DAG(s) dict_keys(['example_bash_operator']) retrieved from /home/airflow/.local/lib/python3.7/site-packages/airflow/example_dags/example_bash_operator.py
[2023-07-07T12:11:10.776+0000] {logging_mixin.py:120} INFO - [2023-07-07T12:11:10.776+0000] {dag.py:2585} INFO - Sync 1 DAGs
[2023-07-07T12:11:10.794+0000] {logging_mixin.py:120} INFO - [2023-07-07T12:11:10.794+0000] {dag.py:3340} INFO - Setting next_dagrun for example_bash_operator to 2023-07-06T00:00:00+00:00, run_after=2023-07-07T00:00:00+00:00
[2023-07-07T12:11:10.808+0000] {processor.py:176} INFO - Processing /home/airflow/.local/lib/python3.7/site-packages/airflow/example_dags/example_bash_operator.py took 0.076 seconds
[2023-07-07T12:11:41.039+0000] {processor.py:154} INFO - Started process (PID=1222) to work on /home/airflow/.local/lib/python3.7/site-packages/airflow/example_dags/example_bash_operator.py
[2023-07-07T12:11:41.040+0000] {processor.py:756} INFO - Processing file /home/airflow/.local/lib/python3.7/site-packages/airflow/example_dags/example_bash_operator.py for tasks to queue
[2023-07-07T12:11:41.040+0000] {logging_mixin.py:120} INFO - [2023-07-07T12:11:41.040+0000] {dagbag.py:537} INFO - Filling up the DagBag from /home/airflow/.local/lib/python3.7/site-packages/airflow/example_dags/example_bash_operator.py
[2023-07-07T12:11:41.052+0000] {processor.py:766} INFO - DAG(s) dict_keys(['example_bash_operator']) retrieved from /home/airflow/.local/lib/python3.7/site-packages/airflow/example_dags/example_bash_operator.py
[2023-07-07T12:11:41.084+0000] {logging_mixin.py:120} INFO - [2023-07-07T12:11:41.084+0000] {dag.py:2585} INFO - Sync 1 DAGs
[2023-07-07T12:11:41.102+0000] {logging_mixin.py:120} INFO - [2023-07-07T12:11:41.102+0000] {dag.py:3340} INFO - Setting next_dagrun for example_bash_operator to 2023-07-06T00:00:00+00:00, run_after=2023-07-07T00:00:00+00:00
[2023-07-07T12:11:41.115+0000] {processor.py:176} INFO - Processing /home/airflow/.local/lib/python3.7/site-packages/airflow/example_dags/example_bash_operator.py took 0.078 seconds
[2023-07-07T12:12:11.372+0000] {processor.py:154} INFO - Started process (PID=1290) to work on /home/airflow/.local/lib/python3.7/site-packages/airflow/example_dags/example_bash_operator.py
[2023-07-07T12:12:11.372+0000] {processor.py:756} INFO - Processing file /home/airflow/.local/lib/python3.7/site-packages/airflow/example_dags/example_bash_operator.py for tasks to queue
[2023-07-07T12:12:11.373+0000] {logging_mixin.py:120} INFO - [2023-07-07T12:12:11.373+0000] {dagbag.py:537} INFO - Filling up the DagBag from /home/airflow/.local/lib/python3.7/site-packages/airflow/example_dags/example_bash_operator.py
[2023-07-07T12:12:11.388+0000] {processor.py:766} INFO - DAG(s) dict_keys(['example_bash_operator']) retrieved from /home/airflow/.local/lib/python3.7/site-packages/airflow/example_dags/example_bash_operator.py
[2023-07-07T12:12:11.420+0000] {logging_mixin.py:120} INFO - [2023-07-07T12:12:11.420+0000] {dag.py:2585} INFO - Sync 1 DAGs
[2023-07-07T12:12:11.441+0000] {logging_mixin.py:120} INFO - [2023-07-07T12:12:11.441+0000] {dag.py:3340} INFO - Setting next_dagrun for example_bash_operator to 2023-07-06T00:00:00+00:00, run_after=2023-07-07T00:00:00+00:00
[2023-07-07T12:12:11.455+0000] {processor.py:176} INFO - Processing /home/airflow/.local/lib/python3.7/site-packages/airflow/example_dags/example_bash_operator.py took 0.087 seconds
[2023-07-07T12:12:41.520+0000] {processor.py:154} INFO - Started process (PID=1357) to work on /home/airflow/.local/lib/python3.7/site-packages/airflow/example_dags/example_bash_operator.py
[2023-07-07T12:12:41.521+0000] {processor.py:756} INFO - Processing file /home/airflow/.local/lib/python3.7/site-packages/airflow/example_dags/example_bash_operator.py for tasks to queue
[2023-07-07T12:12:41.522+0000] {logging_mixin.py:120} INFO - [2023-07-07T12:12:41.522+0000] {dagbag.py:537} INFO - Filling up the DagBag from /home/airflow/.local/lib/python3.7/site-packages/airflow/example_dags/example_bash_operator.py
[2023-07-07T12:12:41.534+0000] {processor.py:766} INFO - DAG(s) dict_keys(['example_bash_operator']) retrieved from /home/airflow/.local/lib/python3.7/site-packages/airflow/example_dags/example_bash_operator.py
[2023-07-07T12:12:41.565+0000] {logging_mixin.py:120} INFO - [2023-07-07T12:12:41.565+0000] {dag.py:2585} INFO - Sync 1 DAGs
[2023-07-07T12:12:41.586+0000] {logging_mixin.py:120} INFO - [2023-07-07T12:12:41.586+0000] {dag.py:3340} INFO - Setting next_dagrun for example_bash_operator to 2023-07-06T00:00:00+00:00, run_after=2023-07-07T00:00:00+00:00
[2023-07-07T12:12:41.599+0000] {processor.py:176} INFO - Processing /home/airflow/.local/lib/python3.7/site-packages/airflow/example_dags/example_bash_operator.py took 0.082 seconds
[2023-07-07T12:13:11.785+0000] {processor.py:154} INFO - Started process (PID=1414) to work on /home/airflow/.local/lib/python3.7/site-packages/airflow/example_dags/example_bash_operator.py
[2023-07-07T12:13:11.786+0000] {processor.py:756} INFO - Processing file /home/airflow/.local/lib/python3.7/site-packages/airflow/example_dags/example_bash_operator.py for tasks to queue
[2023-07-07T12:13:11.786+0000] {logging_mixin.py:120} INFO - [2023-07-07T12:13:11.786+0000] {dagbag.py:537} INFO - Filling up the DagBag from /home/airflow/.local/lib/python3.7/site-packages/airflow/example_dags/example_bash_operator.py
[2023-07-07T12:13:11.799+0000] {processor.py:766} INFO - DAG(s) dict_keys(['example_bash_operator']) retrieved from /home/airflow/.local/lib/python3.7/site-packages/airflow/example_dags/example_bash_operator.py
[2023-07-07T12:13:11.827+0000] {logging_mixin.py:120} INFO - [2023-07-07T12:13:11.827+0000] {dag.py:2585} INFO - Sync 1 DAGs
[2023-07-07T12:13:11.844+0000] {logging_mixin.py:120} INFO - [2023-07-07T12:13:11.844+0000] {dag.py:3340} INFO - Setting next_dagrun for example_bash_operator to 2023-07-06T00:00:00+00:00, run_after=2023-07-07T00:00:00+00:00
[2023-07-07T12:13:11.857+0000] {processor.py:176} INFO - Processing /home/airflow/.local/lib/python3.7/site-packages/airflow/example_dags/example_bash_operator.py took 0.074 seconds
[2023-07-07T12:13:41.929+0000] {processor.py:154} INFO - Started process (PID=1482) to work on /home/airflow/.local/lib/python3.7/site-packages/airflow/example_dags/example_bash_operator.py
[2023-07-07T12:13:41.930+0000] {processor.py:756} INFO - Processing file /home/airflow/.local/lib/python3.7/site-packages/airflow/example_dags/example_bash_operator.py for tasks to queue
[2023-07-07T12:13:41.930+0000] {logging_mixin.py:120} INFO - [2023-07-07T12:13:41.930+0000] {dagbag.py:537} INFO - Filling up the DagBag from /home/airflow/.local/lib/python3.7/site-packages/airflow/example_dags/example_bash_operator.py
[2023-07-07T12:13:41.943+0000] {processor.py:766} INFO - DAG(s) dict_keys(['example_bash_operator']) retrieved from /home/airflow/.local/lib/python3.7/site-packages/airflow/example_dags/example_bash_operator.py
[2023-07-07T12:13:41.972+0000] {logging_mixin.py:120} INFO - [2023-07-07T12:13:41.972+0000] {dag.py:2585} INFO - Sync 1 DAGs
[2023-07-07T12:13:41.989+0000] {logging_mixin.py:120} INFO - [2023-07-07T12:13:41.989+0000] {dag.py:3340} INFO - Setting next_dagrun for example_bash_operator to 2023-07-06T00:00:00+00:00, run_after=2023-07-07T00:00:00+00:00
[2023-07-07T12:13:42.000+0000] {processor.py:176} INFO - Processing /home/airflow/.local/lib/python3.7/site-packages/airflow/example_dags/example_bash_operator.py took 0.073 seconds
[2023-07-07T12:14:12.218+0000] {processor.py:154} INFO - Started process (PID=1550) to work on /home/airflow/.local/lib/python3.7/site-packages/airflow/example_dags/example_bash_operator.py
[2023-07-07T12:14:12.218+0000] {processor.py:756} INFO - Processing file /home/airflow/.local/lib/python3.7/site-packages/airflow/example_dags/example_bash_operator.py for tasks to queue
[2023-07-07T12:14:12.219+0000] {logging_mixin.py:120} INFO - [2023-07-07T12:14:12.219+0000] {dagbag.py:537} INFO - Filling up the DagBag from /home/airflow/.local/lib/python3.7/site-packages/airflow/example_dags/example_bash_operator.py
[2023-07-07T12:14:12.232+0000] {processor.py:766} INFO - DAG(s) dict_keys(['example_bash_operator']) retrieved from /home/airflow/.local/lib/python3.7/site-packages/airflow/example_dags/example_bash_operator.py
[2023-07-07T12:14:12.262+0000] {logging_mixin.py:120} INFO - [2023-07-07T12:14:12.262+0000] {dag.py:2585} INFO - Sync 1 DAGs
[2023-07-07T12:14:12.280+0000] {logging_mixin.py:120} INFO - [2023-07-07T12:14:12.280+0000] {dag.py:3340} INFO - Setting next_dagrun for example_bash_operator to 2023-07-06T00:00:00+00:00, run_after=2023-07-07T00:00:00+00:00
[2023-07-07T12:14:12.294+0000] {processor.py:176} INFO - Processing /home/airflow/.local/lib/python3.7/site-packages/airflow/example_dags/example_bash_operator.py took 0.078 seconds
[2023-07-07T12:14:42.310+0000] {processor.py:154} INFO - Started process (PID=1617) to work on /home/airflow/.local/lib/python3.7/site-packages/airflow/example_dags/example_bash_operator.py
[2023-07-07T12:14:42.311+0000] {processor.py:756} INFO - Processing file /home/airflow/.local/lib/python3.7/site-packages/airflow/example_dags/example_bash_operator.py for tasks to queue
[2023-07-07T12:14:42.311+0000] {logging_mixin.py:120} INFO - [2023-07-07T12:14:42.311+0000] {dagbag.py:537} INFO - Filling up the DagBag from /home/airflow/.local/lib/python3.7/site-packages/airflow/example_dags/example_bash_operator.py
[2023-07-07T12:14:42.324+0000] {processor.py:766} INFO - DAG(s) dict_keys(['example_bash_operator']) retrieved from /home/airflow/.local/lib/python3.7/site-packages/airflow/example_dags/example_bash_operator.py
[2023-07-07T12:14:42.355+0000] {logging_mixin.py:120} INFO - [2023-07-07T12:14:42.355+0000] {dag.py:2585} INFO - Sync 1 DAGs
[2023-07-07T12:14:42.373+0000] {logging_mixin.py:120} INFO - [2023-07-07T12:14:42.373+0000] {dag.py:3340} INFO - Setting next_dagrun for example_bash_operator to 2023-07-06T00:00:00+00:00, run_after=2023-07-07T00:00:00+00:00
[2023-07-07T12:14:42.387+0000] {processor.py:176} INFO - Processing /home/airflow/.local/lib/python3.7/site-packages/airflow/example_dags/example_bash_operator.py took 0.078 seconds
[2023-07-07T12:15:12.482+0000] {processor.py:154} INFO - Started process (PID=1675) to work on /home/airflow/.local/lib/python3.7/site-packages/airflow/example_dags/example_bash_operator.py
[2023-07-07T12:15:12.483+0000] {processor.py:756} INFO - Processing file /home/airflow/.local/lib/python3.7/site-packages/airflow/example_dags/example_bash_operator.py for tasks to queue
[2023-07-07T12:15:12.484+0000] {logging_mixin.py:120} INFO - [2023-07-07T12:15:12.484+0000] {dagbag.py:537} INFO - Filling up the DagBag from /home/airflow/.local/lib/python3.7/site-packages/airflow/example_dags/example_bash_operator.py
[2023-07-07T12:15:12.502+0000] {processor.py:766} INFO - DAG(s) dict_keys(['example_bash_operator']) retrieved from /home/airflow/.local/lib/python3.7/site-packages/airflow/example_dags/example_bash_operator.py
[2023-07-07T12:15:12.542+0000] {logging_mixin.py:120} INFO - [2023-07-07T12:15:12.542+0000] {dag.py:2585} INFO - Sync 1 DAGs
[2023-07-07T12:15:12.570+0000] {logging_mixin.py:120} INFO - [2023-07-07T12:15:12.569+0000] {dag.py:3340} INFO - Setting next_dagrun for example_bash_operator to 2023-07-06T00:00:00+00:00, run_after=2023-07-07T00:00:00+00:00
[2023-07-07T12:15:12.606+0000] {processor.py:176} INFO - Processing /home/airflow/.local/lib/python3.7/site-packages/airflow/example_dags/example_bash_operator.py took 0.125 seconds
[2023-07-07T12:15:43.542+0000] {processor.py:154} INFO - Started process (PID=1742) to work on /home/airflow/.local/lib/python3.7/site-packages/airflow/example_dags/example_bash_operator.py
[2023-07-07T12:15:43.543+0000] {processor.py:756} INFO - Processing file /home/airflow/.local/lib/python3.7/site-packages/airflow/example_dags/example_bash_operator.py for tasks to queue
[2023-07-07T12:15:43.543+0000] {logging_mixin.py:120} INFO - [2023-07-07T12:15:43.543+0000] {dagbag.py:537} INFO - Filling up the DagBag from /home/airflow/.local/lib/python3.7/site-packages/airflow/example_dags/example_bash_operator.py
[2023-07-07T12:15:43.557+0000] {processor.py:766} INFO - DAG(s) dict_keys(['example_bash_operator']) retrieved from /home/airflow/.local/lib/python3.7/site-packages/airflow/example_dags/example_bash_operator.py
[2023-07-07T12:15:43.583+0000] {logging_mixin.py:120} INFO - [2023-07-07T12:15:43.583+0000] {dag.py:2585} INFO - Sync 1 DAGs
[2023-07-07T12:15:43.600+0000] {logging_mixin.py:120} INFO - [2023-07-07T12:15:43.600+0000] {dag.py:3340} INFO - Setting next_dagrun for example_bash_operator to 2023-07-06T00:00:00+00:00, run_after=2023-07-07T00:00:00+00:00
[2023-07-07T12:15:43.613+0000] {processor.py:176} INFO - Processing /home/airflow/.local/lib/python3.7/site-packages/airflow/example_dags/example_bash_operator.py took 0.072 seconds
[2023-07-07T12:16:13.961+0000] {processor.py:154} INFO - Started process (PID=1810) to work on /home/airflow/.local/lib/python3.7/site-packages/airflow/example_dags/example_bash_operator.py
[2023-07-07T12:16:13.962+0000] {processor.py:756} INFO - Processing file /home/airflow/.local/lib/python3.7/site-packages/airflow/example_dags/example_bash_operator.py for tasks to queue
[2023-07-07T12:16:13.963+0000] {logging_mixin.py:120} INFO - [2023-07-07T12:16:13.963+0000] {dagbag.py:537} INFO - Filling up the DagBag from /home/airflow/.local/lib/python3.7/site-packages/airflow/example_dags/example_bash_operator.py
[2023-07-07T12:16:13.978+0000] {processor.py:766} INFO - DAG(s) dict_keys(['example_bash_operator']) retrieved from /home/airflow/.local/lib/python3.7/site-packages/airflow/example_dags/example_bash_operator.py
[2023-07-07T12:16:14.004+0000] {logging_mixin.py:120} INFO - [2023-07-07T12:16:14.004+0000] {dag.py:2585} INFO - Sync 1 DAGs
[2023-07-07T12:16:14.019+0000] {logging_mixin.py:120} INFO - [2023-07-07T12:16:14.019+0000] {dag.py:3340} INFO - Setting next_dagrun for example_bash_operator to 2023-07-06T00:00:00+00:00, run_after=2023-07-07T00:00:00+00:00
[2023-07-07T12:16:14.033+0000] {processor.py:176} INFO - Processing /home/airflow/.local/lib/python3.7/site-packages/airflow/example_dags/example_bash_operator.py took 0.076 seconds
[2023-07-07T12:16:44.170+0000] {processor.py:154} INFO - Started process (PID=1878) to work on /home/airflow/.local/lib/python3.7/site-packages/airflow/example_dags/example_bash_operator.py
[2023-07-07T12:16:44.170+0000] {processor.py:756} INFO - Processing file /home/airflow/.local/lib/python3.7/site-packages/airflow/example_dags/example_bash_operator.py for tasks to queue
[2023-07-07T12:16:44.171+0000] {logging_mixin.py:120} INFO - [2023-07-07T12:16:44.171+0000] {dagbag.py:537} INFO - Filling up the DagBag from /home/airflow/.local/lib/python3.7/site-packages/airflow/example_dags/example_bash_operator.py
[2023-07-07T12:16:44.183+0000] {processor.py:766} INFO - DAG(s) dict_keys(['example_bash_operator']) retrieved from /home/airflow/.local/lib/python3.7/site-packages/airflow/example_dags/example_bash_operator.py
[2023-07-07T12:16:44.211+0000] {logging_mixin.py:120} INFO - [2023-07-07T12:16:44.211+0000] {dag.py:2585} INFO - Sync 1 DAGs
[2023-07-07T12:16:44.229+0000] {logging_mixin.py:120} INFO - [2023-07-07T12:16:44.229+0000] {dag.py:3340} INFO - Setting next_dagrun for example_bash_operator to 2023-07-06T00:00:00+00:00, run_after=2023-07-07T00:00:00+00:00
[2023-07-07T12:16:44.244+0000] {processor.py:176} INFO - Processing /home/airflow/.local/lib/python3.7/site-packages/airflow/example_dags/example_bash_operator.py took 0.076 seconds
[2023-07-07T12:17:14.592+0000] {processor.py:154} INFO - Started process (PID=1944) to work on /home/airflow/.local/lib/python3.7/site-packages/airflow/example_dags/example_bash_operator.py
[2023-07-07T12:17:14.593+0000] {processor.py:756} INFO - Processing file /home/airflow/.local/lib/python3.7/site-packages/airflow/example_dags/example_bash_operator.py for tasks to queue
[2023-07-07T12:17:14.593+0000] {logging_mixin.py:120} INFO - [2023-07-07T12:17:14.593+0000] {dagbag.py:537} INFO - Filling up the DagBag from /home/airflow/.local/lib/python3.7/site-packages/airflow/example_dags/example_bash_operator.py
[2023-07-07T12:17:14.606+0000] {processor.py:766} INFO - DAG(s) dict_keys(['example_bash_operator']) retrieved from /home/airflow/.local/lib/python3.7/site-packages/airflow/example_dags/example_bash_operator.py
[2023-07-07T12:17:14.635+0000] {logging_mixin.py:120} INFO - [2023-07-07T12:17:14.635+0000] {dag.py:2585} INFO - Sync 1 DAGs
[2023-07-07T12:17:14.650+0000] {logging_mixin.py:120} INFO - [2023-07-07T12:17:14.650+0000] {dag.py:3340} INFO - Setting next_dagrun for example_bash_operator to 2023-07-06T00:00:00+00:00, run_after=2023-07-07T00:00:00+00:00
[2023-07-07T12:17:14.664+0000] {processor.py:176} INFO - Processing /home/airflow/.local/lib/python3.7/site-packages/airflow/example_dags/example_bash_operator.py took 0.074 seconds
[2023-07-07T12:17:44.872+0000] {processor.py:154} INFO - Started process (PID=2002) to work on /home/airflow/.local/lib/python3.7/site-packages/airflow/example_dags/example_bash_operator.py
[2023-07-07T12:17:44.873+0000] {processor.py:756} INFO - Processing file /home/airflow/.local/lib/python3.7/site-packages/airflow/example_dags/example_bash_operator.py for tasks to queue
[2023-07-07T12:17:44.874+0000] {logging_mixin.py:120} INFO - [2023-07-07T12:17:44.873+0000] {dagbag.py:537} INFO - Filling up the DagBag from /home/airflow/.local/lib/python3.7/site-packages/airflow/example_dags/example_bash_operator.py
[2023-07-07T12:17:44.886+0000] {processor.py:766} INFO - DAG(s) dict_keys(['example_bash_operator']) retrieved from /home/airflow/.local/lib/python3.7/site-packages/airflow/example_dags/example_bash_operator.py
[2023-07-07T12:17:44.915+0000] {logging_mixin.py:120} INFO - [2023-07-07T12:17:44.915+0000] {dag.py:2585} INFO - Sync 1 DAGs
[2023-07-07T12:17:44.931+0000] {logging_mixin.py:120} INFO - [2023-07-07T12:17:44.931+0000] {dag.py:3340} INFO - Setting next_dagrun for example_bash_operator to 2023-07-06T00:00:00+00:00, run_after=2023-07-07T00:00:00+00:00
[2023-07-07T12:17:44.944+0000] {processor.py:176} INFO - Processing /home/airflow/.local/lib/python3.7/site-packages/airflow/example_dags/example_bash_operator.py took 0.076 seconds
[2023-07-07T12:18:15.166+0000] {processor.py:154} INFO - Started process (PID=2069) to work on /home/airflow/.local/lib/python3.7/site-packages/airflow/example_dags/example_bash_operator.py
[2023-07-07T12:18:15.167+0000] {processor.py:756} INFO - Processing file /home/airflow/.local/lib/python3.7/site-packages/airflow/example_dags/example_bash_operator.py for tasks to queue
[2023-07-07T12:18:15.168+0000] {logging_mixin.py:120} INFO - [2023-07-07T12:18:15.168+0000] {dagbag.py:537} INFO - Filling up the DagBag from /home/airflow/.local/lib/python3.7/site-packages/airflow/example_dags/example_bash_operator.py
[2023-07-07T12:18:15.182+0000] {processor.py:766} INFO - DAG(s) dict_keys(['example_bash_operator']) retrieved from /home/airflow/.local/lib/python3.7/site-packages/airflow/example_dags/example_bash_operator.py
[2023-07-07T12:18:15.209+0000] {logging_mixin.py:120} INFO - [2023-07-07T12:18:15.209+0000] {dag.py:2585} INFO - Sync 1 DAGs
[2023-07-07T12:18:15.226+0000] {logging_mixin.py:120} INFO - [2023-07-07T12:18:15.226+0000] {dag.py:3340} INFO - Setting next_dagrun for example_bash_operator to 2023-07-06T00:00:00+00:00, run_after=2023-07-07T00:00:00+00:00
[2023-07-07T12:18:15.239+0000] {processor.py:176} INFO - Processing /home/airflow/.local/lib/python3.7/site-packages/airflow/example_dags/example_bash_operator.py took 0.075 seconds
[2023-07-07T12:18:45.378+0000] {processor.py:154} INFO - Started process (PID=2137) to work on /home/airflow/.local/lib/python3.7/site-packages/airflow/example_dags/example_bash_operator.py
[2023-07-07T12:18:45.378+0000] {processor.py:756} INFO - Processing file /home/airflow/.local/lib/python3.7/site-packages/airflow/example_dags/example_bash_operator.py for tasks to queue
[2023-07-07T12:18:45.379+0000] {logging_mixin.py:120} INFO - [2023-07-07T12:18:45.379+0000] {dagbag.py:537} INFO - Filling up the DagBag from /home/airflow/.local/lib/python3.7/site-packages/airflow/example_dags/example_bash_operator.py
[2023-07-07T12:18:45.394+0000] {processor.py:766} INFO - DAG(s) dict_keys(['example_bash_operator']) retrieved from /home/airflow/.local/lib/python3.7/site-packages/airflow/example_dags/example_bash_operator.py
[2023-07-07T12:18:45.420+0000] {logging_mixin.py:120} INFO - [2023-07-07T12:18:45.420+0000] {dag.py:2585} INFO - Sync 1 DAGs
[2023-07-07T12:18:45.437+0000] {logging_mixin.py:120} INFO - [2023-07-07T12:18:45.437+0000] {dag.py:3340} INFO - Setting next_dagrun for example_bash_operator to 2023-07-06T00:00:00+00:00, run_after=2023-07-07T00:00:00+00:00
[2023-07-07T12:18:45.449+0000] {processor.py:176} INFO - Processing /home/airflow/.local/lib/python3.7/site-packages/airflow/example_dags/example_bash_operator.py took 0.075 seconds
[2023-07-07T12:19:15.678+0000] {processor.py:154} INFO - Started process (PID=2204) to work on /home/airflow/.local/lib/python3.7/site-packages/airflow/example_dags/example_bash_operator.py
[2023-07-07T12:19:15.679+0000] {processor.py:756} INFO - Processing file /home/airflow/.local/lib/python3.7/site-packages/airflow/example_dags/example_bash_operator.py for tasks to queue
[2023-07-07T12:19:15.679+0000] {logging_mixin.py:120} INFO - [2023-07-07T12:19:15.679+0000] {dagbag.py:537} INFO - Filling up the DagBag from /home/airflow/.local/lib/python3.7/site-packages/airflow/example_dags/example_bash_operator.py
[2023-07-07T12:19:15.691+0000] {processor.py:766} INFO - DAG(s) dict_keys(['example_bash_operator']) retrieved from /home/airflow/.local/lib/python3.7/site-packages/airflow/example_dags/example_bash_operator.py
[2023-07-07T12:19:15.718+0000] {logging_mixin.py:120} INFO - [2023-07-07T12:19:15.718+0000] {dag.py:2585} INFO - Sync 1 DAGs
[2023-07-07T12:19:15.733+0000] {logging_mixin.py:120} INFO - [2023-07-07T12:19:15.733+0000] {dag.py:3340} INFO - Setting next_dagrun for example_bash_operator to 2023-07-06T00:00:00+00:00, run_after=2023-07-07T00:00:00+00:00
[2023-07-07T12:19:15.745+0000] {processor.py:176} INFO - Processing /home/airflow/.local/lib/python3.7/site-packages/airflow/example_dags/example_bash_operator.py took 0.069 seconds
[2023-07-07T12:19:45.934+0000] {processor.py:154} INFO - Started process (PID=2272) to work on /home/airflow/.local/lib/python3.7/site-packages/airflow/example_dags/example_bash_operator.py
[2023-07-07T12:19:45.935+0000] {processor.py:756} INFO - Processing file /home/airflow/.local/lib/python3.7/site-packages/airflow/example_dags/example_bash_operator.py for tasks to queue
[2023-07-07T12:19:45.935+0000] {logging_mixin.py:120} INFO - [2023-07-07T12:19:45.935+0000] {dagbag.py:537} INFO - Filling up the DagBag from /home/airflow/.local/lib/python3.7/site-packages/airflow/example_dags/example_bash_operator.py
[2023-07-07T12:19:45.947+0000] {processor.py:766} INFO - DAG(s) dict_keys(['example_bash_operator']) retrieved from /home/airflow/.local/lib/python3.7/site-packages/airflow/example_dags/example_bash_operator.py
[2023-07-07T12:19:45.974+0000] {logging_mixin.py:120} INFO - [2023-07-07T12:19:45.974+0000] {dag.py:2585} INFO - Sync 1 DAGs
[2023-07-07T12:19:45.989+0000] {logging_mixin.py:120} INFO - [2023-07-07T12:19:45.989+0000] {dag.py:3340} INFO - Setting next_dagrun for example_bash_operator to 2023-07-06T00:00:00+00:00, run_after=2023-07-07T00:00:00+00:00
[2023-07-07T12:19:46.000+0000] {processor.py:176} INFO - Processing /home/airflow/.local/lib/python3.7/site-packages/airflow/example_dags/example_bash_operator.py took 0.068 seconds
[2023-07-07T12:20:16.121+0000] {processor.py:154} INFO - Started process (PID=2330) to work on /home/airflow/.local/lib/python3.7/site-packages/airflow/example_dags/example_bash_operator.py
[2023-07-07T12:20:16.122+0000] {processor.py:756} INFO - Processing file /home/airflow/.local/lib/python3.7/site-packages/airflow/example_dags/example_bash_operator.py for tasks to queue
[2023-07-07T12:20:16.123+0000] {logging_mixin.py:120} INFO - [2023-07-07T12:20:16.123+0000] {dagbag.py:537} INFO - Filling up the DagBag from /home/airflow/.local/lib/python3.7/site-packages/airflow/example_dags/example_bash_operator.py
[2023-07-07T12:20:16.141+0000] {processor.py:766} INFO - DAG(s) dict_keys(['example_bash_operator']) retrieved from /home/airflow/.local/lib/python3.7/site-packages/airflow/example_dags/example_bash_operator.py
[2023-07-07T12:20:16.172+0000] {logging_mixin.py:120} INFO - [2023-07-07T12:20:16.172+0000] {dag.py:2585} INFO - Sync 1 DAGs
[2023-07-07T12:20:16.190+0000] {logging_mixin.py:120} INFO - [2023-07-07T12:20:16.190+0000] {dag.py:3340} INFO - Setting next_dagrun for example_bash_operator to 2023-07-06T00:00:00+00:00, run_after=2023-07-07T00:00:00+00:00
[2023-07-07T12:20:16.202+0000] {processor.py:176} INFO - Processing /home/airflow/.local/lib/python3.7/site-packages/airflow/example_dags/example_bash_operator.py took 0.084 seconds
[2023-07-07T12:20:46.392+0000] {processor.py:154} INFO - Started process (PID=2397) to work on /home/airflow/.local/lib/python3.7/site-packages/airflow/example_dags/example_bash_operator.py
[2023-07-07T12:20:46.393+0000] {processor.py:756} INFO - Processing file /home/airflow/.local/lib/python3.7/site-packages/airflow/example_dags/example_bash_operator.py for tasks to queue
[2023-07-07T12:20:46.393+0000] {logging_mixin.py:120} INFO - [2023-07-07T12:20:46.393+0000] {dagbag.py:537} INFO - Filling up the DagBag from /home/airflow/.local/lib/python3.7/site-packages/airflow/example_dags/example_bash_operator.py
[2023-07-07T12:20:46.408+0000] {processor.py:766} INFO - DAG(s) dict_keys(['example_bash_operator']) retrieved from /home/airflow/.local/lib/python3.7/site-packages/airflow/example_dags/example_bash_operator.py
[2023-07-07T12:20:46.439+0000] {logging_mixin.py:120} INFO - [2023-07-07T12:20:46.439+0000] {dag.py:2585} INFO - Sync 1 DAGs
[2023-07-07T12:20:46.463+0000] {logging_mixin.py:120} INFO - [2023-07-07T12:20:46.463+0000] {dag.py:3340} INFO - Setting next_dagrun for example_bash_operator to 2023-07-06T00:00:00+00:00, run_after=2023-07-07T00:00:00+00:00
[2023-07-07T12:20:46.482+0000] {processor.py:176} INFO - Processing /home/airflow/.local/lib/python3.7/site-packages/airflow/example_dags/example_bash_operator.py took 0.092 seconds
[2023-07-07T12:21:16.626+0000] {processor.py:154} INFO - Started process (PID=2464) to work on /home/airflow/.local/lib/python3.7/site-packages/airflow/example_dags/example_bash_operator.py
[2023-07-07T12:21:16.627+0000] {processor.py:756} INFO - Processing file /home/airflow/.local/lib/python3.7/site-packages/airflow/example_dags/example_bash_operator.py for tasks to queue
[2023-07-07T12:21:16.627+0000] {logging_mixin.py:120} INFO - [2023-07-07T12:21:16.627+0000] {dagbag.py:537} INFO - Filling up the DagBag from /home/airflow/.local/lib/python3.7/site-packages/airflow/example_dags/example_bash_operator.py
[2023-07-07T12:21:16.641+0000] {processor.py:766} INFO - DAG(s) dict_keys(['example_bash_operator']) retrieved from /home/airflow/.local/lib/python3.7/site-packages/airflow/example_dags/example_bash_operator.py
[2023-07-07T12:21:16.671+0000] {logging_mixin.py:120} INFO - [2023-07-07T12:21:16.671+0000] {dag.py:2585} INFO - Sync 1 DAGs
[2023-07-07T12:21:16.689+0000] {logging_mixin.py:120} INFO - [2023-07-07T12:21:16.689+0000] {dag.py:3340} INFO - Setting next_dagrun for example_bash_operator to 2023-07-06T00:00:00+00:00, run_after=2023-07-07T00:00:00+00:00
[2023-07-07T12:21:16.706+0000] {processor.py:176} INFO - Processing /home/airflow/.local/lib/python3.7/site-packages/airflow/example_dags/example_bash_operator.py took 0.081 seconds
[2023-07-07T12:21:59.518+0000] {processor.py:154} INFO - Started process (PID=59) to work on /home/airflow/.local/lib/python3.7/site-packages/airflow/example_dags/example_bash_operator.py
[2023-07-07T12:21:59.520+0000] {processor.py:756} INFO - Processing file /home/airflow/.local/lib/python3.7/site-packages/airflow/example_dags/example_bash_operator.py for tasks to queue
[2023-07-07T12:21:59.521+0000] {logging_mixin.py:120} INFO - [2023-07-07T12:21:59.521+0000] {dagbag.py:537} INFO - Filling up the DagBag from /home/airflow/.local/lib/python3.7/site-packages/airflow/example_dags/example_bash_operator.py
[2023-07-07T12:21:59.555+0000] {processor.py:766} INFO - DAG(s) dict_keys(['example_bash_operator']) retrieved from /home/airflow/.local/lib/python3.7/site-packages/airflow/example_dags/example_bash_operator.py
[2023-07-07T12:21:59.586+0000] {logging_mixin.py:120} INFO - [2023-07-07T12:21:59.586+0000] {dag.py:2585} INFO - Sync 1 DAGs
[2023-07-07T12:21:59.626+0000] {logging_mixin.py:120} INFO - [2023-07-07T12:21:59.626+0000] {dag.py:3340} INFO - Setting next_dagrun for example_bash_operator to 2023-07-06T00:00:00+00:00, run_after=2023-07-07T00:00:00+00:00
[2023-07-07T12:21:59.652+0000] {processor.py:176} INFO - Processing /home/airflow/.local/lib/python3.7/site-packages/airflow/example_dags/example_bash_operator.py took 0.139 seconds
[2023-07-07T12:22:30.433+0000] {processor.py:154} INFO - Started process (PID=119) to work on /home/airflow/.local/lib/python3.7/site-packages/airflow/example_dags/example_bash_operator.py
[2023-07-07T12:22:30.434+0000] {processor.py:756} INFO - Processing file /home/airflow/.local/lib/python3.7/site-packages/airflow/example_dags/example_bash_operator.py for tasks to queue
[2023-07-07T12:22:30.434+0000] {logging_mixin.py:120} INFO - [2023-07-07T12:22:30.434+0000] {dagbag.py:537} INFO - Filling up the DagBag from /home/airflow/.local/lib/python3.7/site-packages/airflow/example_dags/example_bash_operator.py
[2023-07-07T12:22:30.448+0000] {processor.py:766} INFO - DAG(s) dict_keys(['example_bash_operator']) retrieved from /home/airflow/.local/lib/python3.7/site-packages/airflow/example_dags/example_bash_operator.py
[2023-07-07T12:22:30.473+0000] {logging_mixin.py:120} INFO - [2023-07-07T12:22:30.473+0000] {dag.py:2585} INFO - Sync 1 DAGs
[2023-07-07T12:22:30.490+0000] {logging_mixin.py:120} INFO - [2023-07-07T12:22:30.490+0000] {dag.py:3340} INFO - Setting next_dagrun for example_bash_operator to 2023-07-06T00:00:00+00:00, run_after=2023-07-07T00:00:00+00:00
[2023-07-07T12:22:30.502+0000] {processor.py:176} INFO - Processing /home/airflow/.local/lib/python3.7/site-packages/airflow/example_dags/example_bash_operator.py took 0.073 seconds
[2023-07-07T12:23:00.560+0000] {processor.py:154} INFO - Started process (PID=184) to work on /home/airflow/.local/lib/python3.7/site-packages/airflow/example_dags/example_bash_operator.py
[2023-07-07T12:23:00.561+0000] {processor.py:756} INFO - Processing file /home/airflow/.local/lib/python3.7/site-packages/airflow/example_dags/example_bash_operator.py for tasks to queue
[2023-07-07T12:23:00.561+0000] {logging_mixin.py:120} INFO - [2023-07-07T12:23:00.561+0000] {dagbag.py:537} INFO - Filling up the DagBag from /home/airflow/.local/lib/python3.7/site-packages/airflow/example_dags/example_bash_operator.py
[2023-07-07T12:23:00.573+0000] {processor.py:766} INFO - DAG(s) dict_keys(['example_bash_operator']) retrieved from /home/airflow/.local/lib/python3.7/site-packages/airflow/example_dags/example_bash_operator.py
[2023-07-07T12:23:00.600+0000] {logging_mixin.py:120} INFO - [2023-07-07T12:23:00.600+0000] {dag.py:2585} INFO - Sync 1 DAGs
[2023-07-07T12:23:00.616+0000] {logging_mixin.py:120} INFO - [2023-07-07T12:23:00.616+0000] {dag.py:3340} INFO - Setting next_dagrun for example_bash_operator to 2023-07-06T00:00:00+00:00, run_after=2023-07-07T00:00:00+00:00
[2023-07-07T12:23:00.629+0000] {processor.py:176} INFO - Processing /home/airflow/.local/lib/python3.7/site-packages/airflow/example_dags/example_bash_operator.py took 0.070 seconds
[2023-07-07T12:23:30.946+0000] {processor.py:154} INFO - Started process (PID=250) to work on /home/airflow/.local/lib/python3.7/site-packages/airflow/example_dags/example_bash_operator.py
[2023-07-07T12:23:30.947+0000] {processor.py:756} INFO - Processing file /home/airflow/.local/lib/python3.7/site-packages/airflow/example_dags/example_bash_operator.py for tasks to queue
[2023-07-07T12:23:30.947+0000] {logging_mixin.py:120} INFO - [2023-07-07T12:23:30.947+0000] {dagbag.py:537} INFO - Filling up the DagBag from /home/airflow/.local/lib/python3.7/site-packages/airflow/example_dags/example_bash_operator.py
[2023-07-07T12:23:30.961+0000] {processor.py:766} INFO - DAG(s) dict_keys(['example_bash_operator']) retrieved from /home/airflow/.local/lib/python3.7/site-packages/airflow/example_dags/example_bash_operator.py
[2023-07-07T12:23:30.992+0000] {logging_mixin.py:120} INFO - [2023-07-07T12:23:30.991+0000] {dag.py:2585} INFO - Sync 1 DAGs
[2023-07-07T12:23:31.008+0000] {logging_mixin.py:120} INFO - [2023-07-07T12:23:31.008+0000] {dag.py:3340} INFO - Setting next_dagrun for example_bash_operator to 2023-07-06T00:00:00+00:00, run_after=2023-07-07T00:00:00+00:00
[2023-07-07T12:23:31.019+0000] {processor.py:176} INFO - Processing /home/airflow/.local/lib/python3.7/site-packages/airflow/example_dags/example_bash_operator.py took 0.075 seconds
[2023-07-07T12:24:01.207+0000] {processor.py:154} INFO - Started process (PID=317) to work on /home/airflow/.local/lib/python3.7/site-packages/airflow/example_dags/example_bash_operator.py
[2023-07-07T12:24:01.208+0000] {processor.py:756} INFO - Processing file /home/airflow/.local/lib/python3.7/site-packages/airflow/example_dags/example_bash_operator.py for tasks to queue
[2023-07-07T12:24:01.208+0000] {logging_mixin.py:120} INFO - [2023-07-07T12:24:01.208+0000] {dagbag.py:537} INFO - Filling up the DagBag from /home/airflow/.local/lib/python3.7/site-packages/airflow/example_dags/example_bash_operator.py
[2023-07-07T12:24:01.222+0000] {processor.py:766} INFO - DAG(s) dict_keys(['example_bash_operator']) retrieved from /home/airflow/.local/lib/python3.7/site-packages/airflow/example_dags/example_bash_operator.py
[2023-07-07T12:24:01.251+0000] {logging_mixin.py:120} INFO - [2023-07-07T12:24:01.251+0000] {dag.py:2585} INFO - Sync 1 DAGs
[2023-07-07T12:24:01.269+0000] {logging_mixin.py:120} INFO - [2023-07-07T12:24:01.268+0000] {dag.py:3340} INFO - Setting next_dagrun for example_bash_operator to 2023-07-06T00:00:00+00:00, run_after=2023-07-07T00:00:00+00:00
[2023-07-07T12:24:01.281+0000] {processor.py:176} INFO - Processing /home/airflow/.local/lib/python3.7/site-packages/airflow/example_dags/example_bash_operator.py took 0.076 seconds
[2023-07-07T12:24:31.787+0000] {processor.py:154} INFO - Started process (PID=375) to work on /home/airflow/.local/lib/python3.7/site-packages/airflow/example_dags/example_bash_operator.py
[2023-07-07T12:24:31.788+0000] {processor.py:756} INFO - Processing file /home/airflow/.local/lib/python3.7/site-packages/airflow/example_dags/example_bash_operator.py for tasks to queue
[2023-07-07T12:24:31.788+0000] {logging_mixin.py:120} INFO - [2023-07-07T12:24:31.788+0000] {dagbag.py:537} INFO - Filling up the DagBag from /home/airflow/.local/lib/python3.7/site-packages/airflow/example_dags/example_bash_operator.py
[2023-07-07T12:24:31.802+0000] {processor.py:766} INFO - DAG(s) dict_keys(['example_bash_operator']) retrieved from /home/airflow/.local/lib/python3.7/site-packages/airflow/example_dags/example_bash_operator.py
[2023-07-07T12:24:31.828+0000] {logging_mixin.py:120} INFO - [2023-07-07T12:24:31.828+0000] {dag.py:2585} INFO - Sync 1 DAGs
[2023-07-07T12:24:31.844+0000] {logging_mixin.py:120} INFO - [2023-07-07T12:24:31.844+0000] {dag.py:3340} INFO - Setting next_dagrun for example_bash_operator to 2023-07-06T00:00:00+00:00, run_after=2023-07-07T00:00:00+00:00
[2023-07-07T12:24:31.855+0000] {processor.py:176} INFO - Processing /home/airflow/.local/lib/python3.7/site-packages/airflow/example_dags/example_bash_operator.py took 0.070 seconds
[2023-07-07T12:25:02.225+0000] {processor.py:154} INFO - Started process (PID=441) to work on /home/airflow/.local/lib/python3.7/site-packages/airflow/example_dags/example_bash_operator.py
[2023-07-07T12:25:02.225+0000] {processor.py:756} INFO - Processing file /home/airflow/.local/lib/python3.7/site-packages/airflow/example_dags/example_bash_operator.py for tasks to queue
[2023-07-07T12:25:02.226+0000] {logging_mixin.py:120} INFO - [2023-07-07T12:25:02.226+0000] {dagbag.py:537} INFO - Filling up the DagBag from /home/airflow/.local/lib/python3.7/site-packages/airflow/example_dags/example_bash_operator.py
[2023-07-07T12:25:02.239+0000] {processor.py:766} INFO - DAG(s) dict_keys(['example_bash_operator']) retrieved from /home/airflow/.local/lib/python3.7/site-packages/airflow/example_dags/example_bash_operator.py
[2023-07-07T12:25:02.265+0000] {logging_mixin.py:120} INFO - [2023-07-07T12:25:02.265+0000] {dag.py:2585} INFO - Sync 1 DAGs
[2023-07-07T12:25:02.281+0000] {logging_mixin.py:120} INFO - [2023-07-07T12:25:02.281+0000] {dag.py:3340} INFO - Setting next_dagrun for example_bash_operator to 2023-07-06T00:00:00+00:00, run_after=2023-07-07T00:00:00+00:00
[2023-07-07T12:25:02.291+0000] {processor.py:176} INFO - Processing /home/airflow/.local/lib/python3.7/site-packages/airflow/example_dags/example_bash_operator.py took 0.068 seconds
