[2023-07-07T12:00:25.738+0000] {processor.py:154} INFO - Started process (PID=63) to work on /home/airflow/.local/lib/python3.7/site-packages/airflow/example_dags/example_short_circuit_decorator.py
[2023-07-07T12:00:25.739+0000] {processor.py:756} INFO - Processing file /home/airflow/.local/lib/python3.7/site-packages/airflow/example_dags/example_short_circuit_decorator.py for tasks to queue
[2023-07-07T12:00:25.739+0000] {logging_mixin.py:120} INFO - [2023-07-07T12:00:25.739+0000] {dagbag.py:537} INFO - Filling up the DagBag from /home/airflow/.local/lib/python3.7/site-packages/airflow/example_dags/example_short_circuit_decorator.py
[2023-07-07T12:00:25.770+0000] {processor.py:766} INFO - DAG(s) dict_keys(['example_short_circuit_decorator']) retrieved from /home/airflow/.local/lib/python3.7/site-packages/airflow/example_dags/example_short_circuit_decorator.py
[2023-07-07T12:00:25.809+0000] {logging_mixin.py:120} INFO - [2023-07-07T12:00:25.809+0000] {dag.py:2585} INFO - Sync 1 DAGs
[2023-07-07T12:00:25.835+0000] {logging_mixin.py:120} INFO - [2023-07-07T12:00:25.835+0000] {dag.py:3340} INFO - Setting next_dagrun for example_short_circuit_decorator to 2023-07-06T12:00:25.834908+00:00, run_after=2023-07-07T12:00:25.834908+00:00
[2023-07-07T12:00:25.853+0000] {processor.py:176} INFO - Processing /home/airflow/.local/lib/python3.7/site-packages/airflow/example_dags/example_short_circuit_decorator.py took 0.118 seconds
[2023-07-07T12:00:56.281+0000] {processor.py:154} INFO - Started process (PID=129) to work on /home/airflow/.local/lib/python3.7/site-packages/airflow/example_dags/example_short_circuit_decorator.py
[2023-07-07T12:00:56.282+0000] {processor.py:756} INFO - Processing file /home/airflow/.local/lib/python3.7/site-packages/airflow/example_dags/example_short_circuit_decorator.py for tasks to queue
[2023-07-07T12:00:56.282+0000] {logging_mixin.py:120} INFO - [2023-07-07T12:00:56.282+0000] {dagbag.py:537} INFO - Filling up the DagBag from /home/airflow/.local/lib/python3.7/site-packages/airflow/example_dags/example_short_circuit_decorator.py
[2023-07-07T12:00:56.296+0000] {processor.py:766} INFO - DAG(s) dict_keys(['example_short_circuit_decorator']) retrieved from /home/airflow/.local/lib/python3.7/site-packages/airflow/example_dags/example_short_circuit_decorator.py
[2023-07-07T12:00:56.320+0000] {logging_mixin.py:120} INFO - [2023-07-07T12:00:56.320+0000] {dag.py:2585} INFO - Sync 1 DAGs
[2023-07-07T12:00:56.335+0000] {logging_mixin.py:120} INFO - [2023-07-07T12:00:56.335+0000] {dag.py:3340} INFO - Setting next_dagrun for example_short_circuit_decorator to 2023-07-06T12:00:56.334942+00:00, run_after=2023-07-07T12:00:56.334942+00:00
[2023-07-07T12:00:56.356+0000] {processor.py:176} INFO - Processing /home/airflow/.local/lib/python3.7/site-packages/airflow/example_dags/example_short_circuit_decorator.py took 0.077 seconds
[2023-07-07T12:01:27.669+0000] {processor.py:154} INFO - Started process (PID=198) to work on /home/airflow/.local/lib/python3.7/site-packages/airflow/example_dags/example_short_circuit_decorator.py
[2023-07-07T12:01:27.670+0000] {processor.py:756} INFO - Processing file /home/airflow/.local/lib/python3.7/site-packages/airflow/example_dags/example_short_circuit_decorator.py for tasks to queue
[2023-07-07T12:01:27.670+0000] {logging_mixin.py:120} INFO - [2023-07-07T12:01:27.670+0000] {dagbag.py:537} INFO - Filling up the DagBag from /home/airflow/.local/lib/python3.7/site-packages/airflow/example_dags/example_short_circuit_decorator.py
[2023-07-07T12:01:27.692+0000] {processor.py:766} INFO - DAG(s) dict_keys(['example_short_circuit_decorator']) retrieved from /home/airflow/.local/lib/python3.7/site-packages/airflow/example_dags/example_short_circuit_decorator.py
[2023-07-07T12:01:27.727+0000] {logging_mixin.py:120} INFO - [2023-07-07T12:01:27.726+0000] {dag.py:2585} INFO - Sync 1 DAGs
[2023-07-07T12:01:27.753+0000] {logging_mixin.py:120} INFO - [2023-07-07T12:01:27.753+0000] {dag.py:3340} INFO - Setting next_dagrun for example_short_circuit_decorator to 2023-07-06T12:01:27.753071+00:00, run_after=2023-07-07T12:01:27.753071+00:00
[2023-07-07T12:01:27.785+0000] {processor.py:176} INFO - Processing /home/airflow/.local/lib/python3.7/site-packages/airflow/example_dags/example_short_circuit_decorator.py took 0.118 seconds
[2023-07-07T12:01:59.178+0000] {processor.py:154} INFO - Started process (PID=265) to work on /home/airflow/.local/lib/python3.7/site-packages/airflow/example_dags/example_short_circuit_decorator.py
[2023-07-07T12:01:59.179+0000] {processor.py:756} INFO - Processing file /home/airflow/.local/lib/python3.7/site-packages/airflow/example_dags/example_short_circuit_decorator.py for tasks to queue
[2023-07-07T12:01:59.179+0000] {logging_mixin.py:120} INFO - [2023-07-07T12:01:59.179+0000] {dagbag.py:537} INFO - Filling up the DagBag from /home/airflow/.local/lib/python3.7/site-packages/airflow/example_dags/example_short_circuit_decorator.py
[2023-07-07T12:01:59.192+0000] {processor.py:766} INFO - DAG(s) dict_keys(['example_short_circuit_decorator']) retrieved from /home/airflow/.local/lib/python3.7/site-packages/airflow/example_dags/example_short_circuit_decorator.py
[2023-07-07T12:01:59.216+0000] {logging_mixin.py:120} INFO - [2023-07-07T12:01:59.216+0000] {dag.py:2585} INFO - Sync 1 DAGs
[2023-07-07T12:01:59.230+0000] {logging_mixin.py:120} INFO - [2023-07-07T12:01:59.230+0000] {dag.py:3340} INFO - Setting next_dagrun for example_short_circuit_decorator to 2023-07-06T12:01:59.230665+00:00, run_after=2023-07-07T12:01:59.230665+00:00
[2023-07-07T12:01:59.243+0000] {processor.py:176} INFO - Processing /home/airflow/.local/lib/python3.7/site-packages/airflow/example_dags/example_short_circuit_decorator.py took 0.066 seconds
[2023-07-07T12:02:36.804+0000] {processor.py:154} INFO - Started process (PID=64) to work on /home/airflow/.local/lib/python3.7/site-packages/airflow/example_dags/example_short_circuit_decorator.py
[2023-07-07T12:02:36.807+0000] {processor.py:756} INFO - Processing file /home/airflow/.local/lib/python3.7/site-packages/airflow/example_dags/example_short_circuit_decorator.py for tasks to queue
[2023-07-07T12:02:36.808+0000] {logging_mixin.py:120} INFO - [2023-07-07T12:02:36.808+0000] {dagbag.py:537} INFO - Filling up the DagBag from /home/airflow/.local/lib/python3.7/site-packages/airflow/example_dags/example_short_circuit_decorator.py
[2023-07-07T12:02:36.856+0000] {processor.py:766} INFO - DAG(s) dict_keys(['example_short_circuit_decorator']) retrieved from /home/airflow/.local/lib/python3.7/site-packages/airflow/example_dags/example_short_circuit_decorator.py
[2023-07-07T12:02:36.927+0000] {logging_mixin.py:120} INFO - [2023-07-07T12:02:36.927+0000] {dag.py:2585} INFO - Sync 1 DAGs
[2023-07-07T12:02:36.974+0000] {logging_mixin.py:120} INFO - [2023-07-07T12:02:36.974+0000] {dag.py:3340} INFO - Setting next_dagrun for example_short_circuit_decorator to 2023-07-06T12:02:36.973899+00:00, run_after=2023-07-07T12:02:36.973899+00:00
[2023-07-07T12:02:37.026+0000] {processor.py:176} INFO - Processing /home/airflow/.local/lib/python3.7/site-packages/airflow/example_dags/example_short_circuit_decorator.py took 0.225 seconds
[2023-07-07T12:03:07.748+0000] {processor.py:154} INFO - Started process (PID=131) to work on /home/airflow/.local/lib/python3.7/site-packages/airflow/example_dags/example_short_circuit_decorator.py
[2023-07-07T12:03:07.748+0000] {processor.py:756} INFO - Processing file /home/airflow/.local/lib/python3.7/site-packages/airflow/example_dags/example_short_circuit_decorator.py for tasks to queue
[2023-07-07T12:03:07.749+0000] {logging_mixin.py:120} INFO - [2023-07-07T12:03:07.749+0000] {dagbag.py:537} INFO - Filling up the DagBag from /home/airflow/.local/lib/python3.7/site-packages/airflow/example_dags/example_short_circuit_decorator.py
[2023-07-07T12:03:07.763+0000] {processor.py:766} INFO - DAG(s) dict_keys(['example_short_circuit_decorator']) retrieved from /home/airflow/.local/lib/python3.7/site-packages/airflow/example_dags/example_short_circuit_decorator.py
[2023-07-07T12:03:07.788+0000] {logging_mixin.py:120} INFO - [2023-07-07T12:03:07.787+0000] {dag.py:2585} INFO - Sync 1 DAGs
[2023-07-07T12:03:07.803+0000] {logging_mixin.py:120} INFO - [2023-07-07T12:03:07.803+0000] {dag.py:3340} INFO - Setting next_dagrun for example_short_circuit_decorator to 2023-07-06T12:03:07.803556+00:00, run_after=2023-07-07T12:03:07.803556+00:00
[2023-07-07T12:03:07.815+0000] {processor.py:176} INFO - Processing /home/airflow/.local/lib/python3.7/site-packages/airflow/example_dags/example_short_circuit_decorator.py took 0.069 seconds
[2023-07-07T12:03:38.007+0000] {processor.py:154} INFO - Started process (PID=199) to work on /home/airflow/.local/lib/python3.7/site-packages/airflow/example_dags/example_short_circuit_decorator.py
[2023-07-07T12:03:38.007+0000] {processor.py:756} INFO - Processing file /home/airflow/.local/lib/python3.7/site-packages/airflow/example_dags/example_short_circuit_decorator.py for tasks to queue
[2023-07-07T12:03:38.008+0000] {logging_mixin.py:120} INFO - [2023-07-07T12:03:38.008+0000] {dagbag.py:537} INFO - Filling up the DagBag from /home/airflow/.local/lib/python3.7/site-packages/airflow/example_dags/example_short_circuit_decorator.py
[2023-07-07T12:03:38.021+0000] {processor.py:766} INFO - DAG(s) dict_keys(['example_short_circuit_decorator']) retrieved from /home/airflow/.local/lib/python3.7/site-packages/airflow/example_dags/example_short_circuit_decorator.py
[2023-07-07T12:03:38.044+0000] {logging_mixin.py:120} INFO - [2023-07-07T12:03:38.044+0000] {dag.py:2585} INFO - Sync 1 DAGs
[2023-07-07T12:03:38.059+0000] {logging_mixin.py:120} INFO - [2023-07-07T12:03:38.059+0000] {dag.py:3340} INFO - Setting next_dagrun for example_short_circuit_decorator to 2023-07-06T12:03:38.059113+00:00, run_after=2023-07-07T12:03:38.059113+00:00
[2023-07-07T12:03:38.070+0000] {processor.py:176} INFO - Processing /home/airflow/.local/lib/python3.7/site-packages/airflow/example_dags/example_short_circuit_decorator.py took 0.065 seconds
[2023-07-07T12:04:08.242+0000] {processor.py:154} INFO - Started process (PID=267) to work on /home/airflow/.local/lib/python3.7/site-packages/airflow/example_dags/example_short_circuit_decorator.py
[2023-07-07T12:04:08.243+0000] {processor.py:756} INFO - Processing file /home/airflow/.local/lib/python3.7/site-packages/airflow/example_dags/example_short_circuit_decorator.py for tasks to queue
[2023-07-07T12:04:08.243+0000] {logging_mixin.py:120} INFO - [2023-07-07T12:04:08.243+0000] {dagbag.py:537} INFO - Filling up the DagBag from /home/airflow/.local/lib/python3.7/site-packages/airflow/example_dags/example_short_circuit_decorator.py
[2023-07-07T12:04:08.259+0000] {processor.py:766} INFO - DAG(s) dict_keys(['example_short_circuit_decorator']) retrieved from /home/airflow/.local/lib/python3.7/site-packages/airflow/example_dags/example_short_circuit_decorator.py
[2023-07-07T12:04:08.285+0000] {logging_mixin.py:120} INFO - [2023-07-07T12:04:08.285+0000] {dag.py:2585} INFO - Sync 1 DAGs
[2023-07-07T12:04:08.303+0000] {logging_mixin.py:120} INFO - [2023-07-07T12:04:08.303+0000] {dag.py:3340} INFO - Setting next_dagrun for example_short_circuit_decorator to 2023-07-06T12:04:08.303167+00:00, run_after=2023-07-07T12:04:08.303167+00:00
[2023-07-07T12:04:08.317+0000] {processor.py:176} INFO - Processing /home/airflow/.local/lib/python3.7/site-packages/airflow/example_dags/example_short_circuit_decorator.py took 0.076 seconds
[2023-07-07T12:04:38.551+0000] {processor.py:154} INFO - Started process (PID=325) to work on /home/airflow/.local/lib/python3.7/site-packages/airflow/example_dags/example_short_circuit_decorator.py
[2023-07-07T12:04:38.552+0000] {processor.py:756} INFO - Processing file /home/airflow/.local/lib/python3.7/site-packages/airflow/example_dags/example_short_circuit_decorator.py for tasks to queue
[2023-07-07T12:04:38.553+0000] {logging_mixin.py:120} INFO - [2023-07-07T12:04:38.552+0000] {dagbag.py:537} INFO - Filling up the DagBag from /home/airflow/.local/lib/python3.7/site-packages/airflow/example_dags/example_short_circuit_decorator.py
[2023-07-07T12:04:38.567+0000] {processor.py:766} INFO - DAG(s) dict_keys(['example_short_circuit_decorator']) retrieved from /home/airflow/.local/lib/python3.7/site-packages/airflow/example_dags/example_short_circuit_decorator.py
[2023-07-07T12:04:38.589+0000] {logging_mixin.py:120} INFO - [2023-07-07T12:04:38.589+0000] {dag.py:2585} INFO - Sync 1 DAGs
[2023-07-07T12:04:38.605+0000] {logging_mixin.py:120} INFO - [2023-07-07T12:04:38.605+0000] {dag.py:3340} INFO - Setting next_dagrun for example_short_circuit_decorator to 2023-07-06T12:04:38.605352+00:00, run_after=2023-07-07T12:04:38.605352+00:00
[2023-07-07T12:04:38.616+0000] {processor.py:176} INFO - Processing /home/airflow/.local/lib/python3.7/site-packages/airflow/example_dags/example_short_circuit_decorator.py took 0.066 seconds
[2023-07-07T12:05:09.594+0000] {processor.py:154} INFO - Started process (PID=392) to work on /home/airflow/.local/lib/python3.7/site-packages/airflow/example_dags/example_short_circuit_decorator.py
[2023-07-07T12:05:09.595+0000] {processor.py:756} INFO - Processing file /home/airflow/.local/lib/python3.7/site-packages/airflow/example_dags/example_short_circuit_decorator.py for tasks to queue
[2023-07-07T12:05:09.596+0000] {logging_mixin.py:120} INFO - [2023-07-07T12:05:09.596+0000] {dagbag.py:537} INFO - Filling up the DagBag from /home/airflow/.local/lib/python3.7/site-packages/airflow/example_dags/example_short_circuit_decorator.py
[2023-07-07T12:05:09.611+0000] {processor.py:766} INFO - DAG(s) dict_keys(['example_short_circuit_decorator']) retrieved from /home/airflow/.local/lib/python3.7/site-packages/airflow/example_dags/example_short_circuit_decorator.py
[2023-07-07T12:05:09.639+0000] {logging_mixin.py:120} INFO - [2023-07-07T12:05:09.639+0000] {dag.py:2585} INFO - Sync 1 DAGs
[2023-07-07T12:05:09.657+0000] {logging_mixin.py:120} INFO - [2023-07-07T12:05:09.657+0000] {dag.py:3340} INFO - Setting next_dagrun for example_short_circuit_decorator to 2023-07-06T12:05:09.657302+00:00, run_after=2023-07-07T12:05:09.657302+00:00
[2023-07-07T12:05:09.670+0000] {processor.py:176} INFO - Processing /home/airflow/.local/lib/python3.7/site-packages/airflow/example_dags/example_short_circuit_decorator.py took 0.078 seconds
[2023-07-07T12:05:39.885+0000] {processor.py:154} INFO - Started process (PID=460) to work on /home/airflow/.local/lib/python3.7/site-packages/airflow/example_dags/example_short_circuit_decorator.py
[2023-07-07T12:05:39.886+0000] {processor.py:756} INFO - Processing file /home/airflow/.local/lib/python3.7/site-packages/airflow/example_dags/example_short_circuit_decorator.py for tasks to queue
[2023-07-07T12:05:39.886+0000] {logging_mixin.py:120} INFO - [2023-07-07T12:05:39.886+0000] {dagbag.py:537} INFO - Filling up the DagBag from /home/airflow/.local/lib/python3.7/site-packages/airflow/example_dags/example_short_circuit_decorator.py
[2023-07-07T12:05:39.902+0000] {processor.py:766} INFO - DAG(s) dict_keys(['example_short_circuit_decorator']) retrieved from /home/airflow/.local/lib/python3.7/site-packages/airflow/example_dags/example_short_circuit_decorator.py
[2023-07-07T12:05:39.928+0000] {logging_mixin.py:120} INFO - [2023-07-07T12:05:39.927+0000] {dag.py:2585} INFO - Sync 1 DAGs
[2023-07-07T12:05:39.944+0000] {logging_mixin.py:120} INFO - [2023-07-07T12:05:39.944+0000] {dag.py:3340} INFO - Setting next_dagrun for example_short_circuit_decorator to 2023-07-06T12:05:39.944039+00:00, run_after=2023-07-07T12:05:39.944039+00:00
[2023-07-07T12:05:39.957+0000] {processor.py:176} INFO - Processing /home/airflow/.local/lib/python3.7/site-packages/airflow/example_dags/example_short_circuit_decorator.py took 0.073 seconds
[2023-07-07T12:06:10.103+0000] {processor.py:154} INFO - Started process (PID=526) to work on /home/airflow/.local/lib/python3.7/site-packages/airflow/example_dags/example_short_circuit_decorator.py
[2023-07-07T12:06:10.103+0000] {processor.py:756} INFO - Processing file /home/airflow/.local/lib/python3.7/site-packages/airflow/example_dags/example_short_circuit_decorator.py for tasks to queue
[2023-07-07T12:06:10.104+0000] {logging_mixin.py:120} INFO - [2023-07-07T12:06:10.104+0000] {dagbag.py:537} INFO - Filling up the DagBag from /home/airflow/.local/lib/python3.7/site-packages/airflow/example_dags/example_short_circuit_decorator.py
[2023-07-07T12:06:10.120+0000] {processor.py:766} INFO - DAG(s) dict_keys(['example_short_circuit_decorator']) retrieved from /home/airflow/.local/lib/python3.7/site-packages/airflow/example_dags/example_short_circuit_decorator.py
[2023-07-07T12:06:10.144+0000] {logging_mixin.py:120} INFO - [2023-07-07T12:06:10.144+0000] {dag.py:2585} INFO - Sync 1 DAGs
[2023-07-07T12:06:10.159+0000] {logging_mixin.py:120} INFO - [2023-07-07T12:06:10.159+0000] {dag.py:3340} INFO - Setting next_dagrun for example_short_circuit_decorator to 2023-07-06T12:06:10.159437+00:00, run_after=2023-07-07T12:06:10.159437+00:00
[2023-07-07T12:06:10.171+0000] {processor.py:176} INFO - Processing /home/airflow/.local/lib/python3.7/site-packages/airflow/example_dags/example_short_circuit_decorator.py took 0.070 seconds
[2023-07-07T12:06:41.241+0000] {processor.py:154} INFO - Started process (PID=593) to work on /home/airflow/.local/lib/python3.7/site-packages/airflow/example_dags/example_short_circuit_decorator.py
[2023-07-07T12:06:41.242+0000] {processor.py:756} INFO - Processing file /home/airflow/.local/lib/python3.7/site-packages/airflow/example_dags/example_short_circuit_decorator.py for tasks to queue
[2023-07-07T12:06:41.242+0000] {logging_mixin.py:120} INFO - [2023-07-07T12:06:41.242+0000] {dagbag.py:537} INFO - Filling up the DagBag from /home/airflow/.local/lib/python3.7/site-packages/airflow/example_dags/example_short_circuit_decorator.py
[2023-07-07T12:06:41.256+0000] {processor.py:766} INFO - DAG(s) dict_keys(['example_short_circuit_decorator']) retrieved from /home/airflow/.local/lib/python3.7/site-packages/airflow/example_dags/example_short_circuit_decorator.py
[2023-07-07T12:06:41.280+0000] {logging_mixin.py:120} INFO - [2023-07-07T12:06:41.280+0000] {dag.py:2585} INFO - Sync 1 DAGs
[2023-07-07T12:06:41.297+0000] {logging_mixin.py:120} INFO - [2023-07-07T12:06:41.297+0000] {dag.py:3340} INFO - Setting next_dagrun for example_short_circuit_decorator to 2023-07-06T12:06:41.296937+00:00, run_after=2023-07-07T12:06:41.296937+00:00
[2023-07-07T12:06:41.308+0000] {processor.py:176} INFO - Processing /home/airflow/.local/lib/python3.7/site-packages/airflow/example_dags/example_short_circuit_decorator.py took 0.069 seconds
[2023-07-07T12:07:12.446+0000] {processor.py:154} INFO - Started process (PID=651) to work on /home/airflow/.local/lib/python3.7/site-packages/airflow/example_dags/example_short_circuit_decorator.py
[2023-07-07T12:07:12.447+0000] {processor.py:756} INFO - Processing file /home/airflow/.local/lib/python3.7/site-packages/airflow/example_dags/example_short_circuit_decorator.py for tasks to queue
[2023-07-07T12:07:12.447+0000] {logging_mixin.py:120} INFO - [2023-07-07T12:07:12.447+0000] {dagbag.py:537} INFO - Filling up the DagBag from /home/airflow/.local/lib/python3.7/site-packages/airflow/example_dags/example_short_circuit_decorator.py
[2023-07-07T12:07:12.462+0000] {processor.py:766} INFO - DAG(s) dict_keys(['example_short_circuit_decorator']) retrieved from /home/airflow/.local/lib/python3.7/site-packages/airflow/example_dags/example_short_circuit_decorator.py
[2023-07-07T12:07:12.491+0000] {logging_mixin.py:120} INFO - [2023-07-07T12:07:12.491+0000] {dag.py:2585} INFO - Sync 1 DAGs
[2023-07-07T12:07:12.506+0000] {logging_mixin.py:120} INFO - [2023-07-07T12:07:12.506+0000] {dag.py:3340} INFO - Setting next_dagrun for example_short_circuit_decorator to 2023-07-06T12:07:12.506626+00:00, run_after=2023-07-07T12:07:12.506626+00:00
[2023-07-07T12:07:12.518+0000] {processor.py:176} INFO - Processing /home/airflow/.local/lib/python3.7/site-packages/airflow/example_dags/example_short_circuit_decorator.py took 0.074 seconds
[2023-07-07T12:07:42.767+0000] {processor.py:154} INFO - Started process (PID=718) to work on /home/airflow/.local/lib/python3.7/site-packages/airflow/example_dags/example_short_circuit_decorator.py
[2023-07-07T12:07:42.768+0000] {processor.py:756} INFO - Processing file /home/airflow/.local/lib/python3.7/site-packages/airflow/example_dags/example_short_circuit_decorator.py for tasks to queue
[2023-07-07T12:07:42.768+0000] {logging_mixin.py:120} INFO - [2023-07-07T12:07:42.768+0000] {dagbag.py:537} INFO - Filling up the DagBag from /home/airflow/.local/lib/python3.7/site-packages/airflow/example_dags/example_short_circuit_decorator.py
[2023-07-07T12:07:42.782+0000] {processor.py:766} INFO - DAG(s) dict_keys(['example_short_circuit_decorator']) retrieved from /home/airflow/.local/lib/python3.7/site-packages/airflow/example_dags/example_short_circuit_decorator.py
[2023-07-07T12:07:42.806+0000] {logging_mixin.py:120} INFO - [2023-07-07T12:07:42.806+0000] {dag.py:2585} INFO - Sync 1 DAGs
[2023-07-07T12:07:42.821+0000] {logging_mixin.py:120} INFO - [2023-07-07T12:07:42.821+0000] {dag.py:3340} INFO - Setting next_dagrun for example_short_circuit_decorator to 2023-07-06T12:07:42.821329+00:00, run_after=2023-07-07T12:07:42.821329+00:00
[2023-07-07T12:07:42.834+0000] {processor.py:176} INFO - Processing /home/airflow/.local/lib/python3.7/site-packages/airflow/example_dags/example_short_circuit_decorator.py took 0.068 seconds
[2023-07-07T12:08:12.858+0000] {processor.py:154} INFO - Started process (PID=784) to work on /home/airflow/.local/lib/python3.7/site-packages/airflow/example_dags/example_short_circuit_decorator.py
[2023-07-07T12:08:12.859+0000] {processor.py:756} INFO - Processing file /home/airflow/.local/lib/python3.7/site-packages/airflow/example_dags/example_short_circuit_decorator.py for tasks to queue
[2023-07-07T12:08:12.859+0000] {logging_mixin.py:120} INFO - [2023-07-07T12:08:12.859+0000] {dagbag.py:537} INFO - Filling up the DagBag from /home/airflow/.local/lib/python3.7/site-packages/airflow/example_dags/example_short_circuit_decorator.py
[2023-07-07T12:08:12.872+0000] {processor.py:766} INFO - DAG(s) dict_keys(['example_short_circuit_decorator']) retrieved from /home/airflow/.local/lib/python3.7/site-packages/airflow/example_dags/example_short_circuit_decorator.py
[2023-07-07T12:08:12.897+0000] {logging_mixin.py:120} INFO - [2023-07-07T12:08:12.896+0000] {dag.py:2585} INFO - Sync 1 DAGs
[2023-07-07T12:08:12.912+0000] {logging_mixin.py:120} INFO - [2023-07-07T12:08:12.912+0000] {dag.py:3340} INFO - Setting next_dagrun for example_short_circuit_decorator to 2023-07-06T12:08:12.912168+00:00, run_after=2023-07-07T12:08:12.912168+00:00
[2023-07-07T12:08:12.925+0000] {processor.py:176} INFO - Processing /home/airflow/.local/lib/python3.7/site-packages/airflow/example_dags/example_short_circuit_decorator.py took 0.068 seconds
[2023-07-07T12:08:43.126+0000] {processor.py:154} INFO - Started process (PID=850) to work on /home/airflow/.local/lib/python3.7/site-packages/airflow/example_dags/example_short_circuit_decorator.py
[2023-07-07T12:08:43.127+0000] {processor.py:756} INFO - Processing file /home/airflow/.local/lib/python3.7/site-packages/airflow/example_dags/example_short_circuit_decorator.py for tasks to queue
[2023-07-07T12:08:43.128+0000] {logging_mixin.py:120} INFO - [2023-07-07T12:08:43.128+0000] {dagbag.py:537} INFO - Filling up the DagBag from /home/airflow/.local/lib/python3.7/site-packages/airflow/example_dags/example_short_circuit_decorator.py
[2023-07-07T12:08:43.144+0000] {processor.py:766} INFO - DAG(s) dict_keys(['example_short_circuit_decorator']) retrieved from /home/airflow/.local/lib/python3.7/site-packages/airflow/example_dags/example_short_circuit_decorator.py
[2023-07-07T12:08:43.168+0000] {logging_mixin.py:120} INFO - [2023-07-07T12:08:43.168+0000] {dag.py:2585} INFO - Sync 1 DAGs
[2023-07-07T12:08:43.186+0000] {logging_mixin.py:120} INFO - [2023-07-07T12:08:43.186+0000] {dag.py:3340} INFO - Setting next_dagrun for example_short_circuit_decorator to 2023-07-06T12:08:43.185997+00:00, run_after=2023-07-07T12:08:43.185997+00:00
[2023-07-07T12:08:43.199+0000] {processor.py:176} INFO - Processing /home/airflow/.local/lib/python3.7/site-packages/airflow/example_dags/example_short_circuit_decorator.py took 0.075 seconds
[2023-07-07T12:09:13.408+0000] {processor.py:154} INFO - Started process (PID=917) to work on /home/airflow/.local/lib/python3.7/site-packages/airflow/example_dags/example_short_circuit_decorator.py
[2023-07-07T12:09:13.409+0000] {processor.py:756} INFO - Processing file /home/airflow/.local/lib/python3.7/site-packages/airflow/example_dags/example_short_circuit_decorator.py for tasks to queue
[2023-07-07T12:09:13.409+0000] {logging_mixin.py:120} INFO - [2023-07-07T12:09:13.409+0000] {dagbag.py:537} INFO - Filling up the DagBag from /home/airflow/.local/lib/python3.7/site-packages/airflow/example_dags/example_short_circuit_decorator.py
[2023-07-07T12:09:13.425+0000] {processor.py:766} INFO - DAG(s) dict_keys(['example_short_circuit_decorator']) retrieved from /home/airflow/.local/lib/python3.7/site-packages/airflow/example_dags/example_short_circuit_decorator.py
[2023-07-07T12:09:13.450+0000] {logging_mixin.py:120} INFO - [2023-07-07T12:09:13.450+0000] {dag.py:2585} INFO - Sync 1 DAGs
[2023-07-07T12:09:13.465+0000] {logging_mixin.py:120} INFO - [2023-07-07T12:09:13.465+0000] {dag.py:3340} INFO - Setting next_dagrun for example_short_circuit_decorator to 2023-07-06T12:09:13.465286+00:00, run_after=2023-07-07T12:09:13.465286+00:00
[2023-07-07T12:09:13.478+0000] {processor.py:176} INFO - Processing /home/airflow/.local/lib/python3.7/site-packages/airflow/example_dags/example_short_circuit_decorator.py took 0.072 seconds
[2023-07-07T12:09:43.550+0000] {processor.py:154} INFO - Started process (PID=975) to work on /home/airflow/.local/lib/python3.7/site-packages/airflow/example_dags/example_short_circuit_decorator.py
[2023-07-07T12:09:43.551+0000] {processor.py:756} INFO - Processing file /home/airflow/.local/lib/python3.7/site-packages/airflow/example_dags/example_short_circuit_decorator.py for tasks to queue
[2023-07-07T12:09:43.551+0000] {logging_mixin.py:120} INFO - [2023-07-07T12:09:43.551+0000] {dagbag.py:537} INFO - Filling up the DagBag from /home/airflow/.local/lib/python3.7/site-packages/airflow/example_dags/example_short_circuit_decorator.py
[2023-07-07T12:09:43.566+0000] {processor.py:766} INFO - DAG(s) dict_keys(['example_short_circuit_decorator']) retrieved from /home/airflow/.local/lib/python3.7/site-packages/airflow/example_dags/example_short_circuit_decorator.py
[2023-07-07T12:09:43.590+0000] {logging_mixin.py:120} INFO - [2023-07-07T12:09:43.590+0000] {dag.py:2585} INFO - Sync 1 DAGs
[2023-07-07T12:09:43.606+0000] {logging_mixin.py:120} INFO - [2023-07-07T12:09:43.605+0000] {dag.py:3340} INFO - Setting next_dagrun for example_short_circuit_decorator to 2023-07-06T12:09:43.605778+00:00, run_after=2023-07-07T12:09:43.605778+00:00
[2023-07-07T12:09:43.619+0000] {processor.py:176} INFO - Processing /home/airflow/.local/lib/python3.7/site-packages/airflow/example_dags/example_short_circuit_decorator.py took 0.071 seconds
[2023-07-07T12:10:13.720+0000] {processor.py:154} INFO - Started process (PID=1043) to work on /home/airflow/.local/lib/python3.7/site-packages/airflow/example_dags/example_short_circuit_decorator.py
[2023-07-07T12:10:13.720+0000] {processor.py:756} INFO - Processing file /home/airflow/.local/lib/python3.7/site-packages/airflow/example_dags/example_short_circuit_decorator.py for tasks to queue
[2023-07-07T12:10:13.721+0000] {logging_mixin.py:120} INFO - [2023-07-07T12:10:13.721+0000] {dagbag.py:537} INFO - Filling up the DagBag from /home/airflow/.local/lib/python3.7/site-packages/airflow/example_dags/example_short_circuit_decorator.py
[2023-07-07T12:10:13.736+0000] {processor.py:766} INFO - DAG(s) dict_keys(['example_short_circuit_decorator']) retrieved from /home/airflow/.local/lib/python3.7/site-packages/airflow/example_dags/example_short_circuit_decorator.py
[2023-07-07T12:10:13.761+0000] {logging_mixin.py:120} INFO - [2023-07-07T12:10:13.761+0000] {dag.py:2585} INFO - Sync 1 DAGs
[2023-07-07T12:10:13.779+0000] {logging_mixin.py:120} INFO - [2023-07-07T12:10:13.779+0000] {dag.py:3340} INFO - Setting next_dagrun for example_short_circuit_decorator to 2023-07-06T12:10:13.779534+00:00, run_after=2023-07-07T12:10:13.779534+00:00
[2023-07-07T12:10:13.792+0000] {processor.py:176} INFO - Processing /home/airflow/.local/lib/python3.7/site-packages/airflow/example_dags/example_short_circuit_decorator.py took 0.074 seconds
[2023-07-07T12:10:44.204+0000] {processor.py:154} INFO - Started process (PID=1110) to work on /home/airflow/.local/lib/python3.7/site-packages/airflow/example_dags/example_short_circuit_decorator.py
[2023-07-07T12:10:44.205+0000] {processor.py:756} INFO - Processing file /home/airflow/.local/lib/python3.7/site-packages/airflow/example_dags/example_short_circuit_decorator.py for tasks to queue
[2023-07-07T12:10:44.205+0000] {logging_mixin.py:120} INFO - [2023-07-07T12:10:44.205+0000] {dagbag.py:537} INFO - Filling up the DagBag from /home/airflow/.local/lib/python3.7/site-packages/airflow/example_dags/example_short_circuit_decorator.py
[2023-07-07T12:10:44.222+0000] {processor.py:766} INFO - DAG(s) dict_keys(['example_short_circuit_decorator']) retrieved from /home/airflow/.local/lib/python3.7/site-packages/airflow/example_dags/example_short_circuit_decorator.py
[2023-07-07T12:10:44.248+0000] {logging_mixin.py:120} INFO - [2023-07-07T12:10:44.248+0000] {dag.py:2585} INFO - Sync 1 DAGs
[2023-07-07T12:10:44.265+0000] {logging_mixin.py:120} INFO - [2023-07-07T12:10:44.265+0000] {dag.py:3340} INFO - Setting next_dagrun for example_short_circuit_decorator to 2023-07-06T12:10:44.265725+00:00, run_after=2023-07-07T12:10:44.265725+00:00
[2023-07-07T12:10:44.279+0000] {processor.py:176} INFO - Processing /home/airflow/.local/lib/python3.7/site-packages/airflow/example_dags/example_short_circuit_decorator.py took 0.076 seconds
[2023-07-07T12:11:14.424+0000] {processor.py:154} INFO - Started process (PID=1176) to work on /home/airflow/.local/lib/python3.7/site-packages/airflow/example_dags/example_short_circuit_decorator.py
[2023-07-07T12:11:14.424+0000] {processor.py:756} INFO - Processing file /home/airflow/.local/lib/python3.7/site-packages/airflow/example_dags/example_short_circuit_decorator.py for tasks to queue
[2023-07-07T12:11:14.425+0000] {logging_mixin.py:120} INFO - [2023-07-07T12:11:14.424+0000] {dagbag.py:537} INFO - Filling up the DagBag from /home/airflow/.local/lib/python3.7/site-packages/airflow/example_dags/example_short_circuit_decorator.py
[2023-07-07T12:11:14.440+0000] {processor.py:766} INFO - DAG(s) dict_keys(['example_short_circuit_decorator']) retrieved from /home/airflow/.local/lib/python3.7/site-packages/airflow/example_dags/example_short_circuit_decorator.py
[2023-07-07T12:11:14.467+0000] {logging_mixin.py:120} INFO - [2023-07-07T12:11:14.467+0000] {dag.py:2585} INFO - Sync 1 DAGs
[2023-07-07T12:11:14.484+0000] {logging_mixin.py:120} INFO - [2023-07-07T12:11:14.484+0000] {dag.py:3340} INFO - Setting next_dagrun for example_short_circuit_decorator to 2023-07-06T12:11:14.484627+00:00, run_after=2023-07-07T12:11:14.484627+00:00
[2023-07-07T12:11:14.497+0000] {processor.py:176} INFO - Processing /home/airflow/.local/lib/python3.7/site-packages/airflow/example_dags/example_short_circuit_decorator.py took 0.076 seconds
[2023-07-07T12:11:44.666+0000] {processor.py:154} INFO - Started process (PID=1234) to work on /home/airflow/.local/lib/python3.7/site-packages/airflow/example_dags/example_short_circuit_decorator.py
[2023-07-07T12:11:44.667+0000] {processor.py:756} INFO - Processing file /home/airflow/.local/lib/python3.7/site-packages/airflow/example_dags/example_short_circuit_decorator.py for tasks to queue
[2023-07-07T12:11:44.667+0000] {logging_mixin.py:120} INFO - [2023-07-07T12:11:44.667+0000] {dagbag.py:537} INFO - Filling up the DagBag from /home/airflow/.local/lib/python3.7/site-packages/airflow/example_dags/example_short_circuit_decorator.py
[2023-07-07T12:11:44.683+0000] {processor.py:766} INFO - DAG(s) dict_keys(['example_short_circuit_decorator']) retrieved from /home/airflow/.local/lib/python3.7/site-packages/airflow/example_dags/example_short_circuit_decorator.py
[2023-07-07T12:11:44.713+0000] {logging_mixin.py:120} INFO - [2023-07-07T12:11:44.713+0000] {dag.py:2585} INFO - Sync 1 DAGs
[2023-07-07T12:11:44.730+0000] {logging_mixin.py:120} INFO - [2023-07-07T12:11:44.730+0000] {dag.py:3340} INFO - Setting next_dagrun for example_short_circuit_decorator to 2023-07-06T12:11:44.729968+00:00, run_after=2023-07-07T12:11:44.729968+00:00
[2023-07-07T12:11:44.742+0000] {processor.py:176} INFO - Processing /home/airflow/.local/lib/python3.7/site-packages/airflow/example_dags/example_short_circuit_decorator.py took 0.077 seconds
[2023-07-07T12:12:14.910+0000] {processor.py:154} INFO - Started process (PID=1302) to work on /home/airflow/.local/lib/python3.7/site-packages/airflow/example_dags/example_short_circuit_decorator.py
[2023-07-07T12:12:14.911+0000] {processor.py:756} INFO - Processing file /home/airflow/.local/lib/python3.7/site-packages/airflow/example_dags/example_short_circuit_decorator.py for tasks to queue
[2023-07-07T12:12:14.911+0000] {logging_mixin.py:120} INFO - [2023-07-07T12:12:14.911+0000] {dagbag.py:537} INFO - Filling up the DagBag from /home/airflow/.local/lib/python3.7/site-packages/airflow/example_dags/example_short_circuit_decorator.py
[2023-07-07T12:12:14.927+0000] {processor.py:766} INFO - DAG(s) dict_keys(['example_short_circuit_decorator']) retrieved from /home/airflow/.local/lib/python3.7/site-packages/airflow/example_dags/example_short_circuit_decorator.py
[2023-07-07T12:12:14.952+0000] {logging_mixin.py:120} INFO - [2023-07-07T12:12:14.952+0000] {dag.py:2585} INFO - Sync 1 DAGs
[2023-07-07T12:12:14.968+0000] {logging_mixin.py:120} INFO - [2023-07-07T12:12:14.968+0000] {dag.py:3340} INFO - Setting next_dagrun for example_short_circuit_decorator to 2023-07-06T12:12:14.968093+00:00, run_after=2023-07-07T12:12:14.968093+00:00
[2023-07-07T12:12:14.983+0000] {processor.py:176} INFO - Processing /home/airflow/.local/lib/python3.7/site-packages/airflow/example_dags/example_short_circuit_decorator.py took 0.074 seconds
[2023-07-07T12:12:45.086+0000] {processor.py:154} INFO - Started process (PID=1369) to work on /home/airflow/.local/lib/python3.7/site-packages/airflow/example_dags/example_short_circuit_decorator.py
[2023-07-07T12:12:45.087+0000] {processor.py:756} INFO - Processing file /home/airflow/.local/lib/python3.7/site-packages/airflow/example_dags/example_short_circuit_decorator.py for tasks to queue
[2023-07-07T12:12:45.088+0000] {logging_mixin.py:120} INFO - [2023-07-07T12:12:45.088+0000] {dagbag.py:537} INFO - Filling up the DagBag from /home/airflow/.local/lib/python3.7/site-packages/airflow/example_dags/example_short_circuit_decorator.py
[2023-07-07T12:12:45.102+0000] {processor.py:766} INFO - DAG(s) dict_keys(['example_short_circuit_decorator']) retrieved from /home/airflow/.local/lib/python3.7/site-packages/airflow/example_dags/example_short_circuit_decorator.py
[2023-07-07T12:12:45.129+0000] {logging_mixin.py:120} INFO - [2023-07-07T12:12:45.128+0000] {dag.py:2585} INFO - Sync 1 DAGs
[2023-07-07T12:12:45.146+0000] {logging_mixin.py:120} INFO - [2023-07-07T12:12:45.146+0000] {dag.py:3340} INFO - Setting next_dagrun for example_short_circuit_decorator to 2023-07-06T12:12:45.146319+00:00, run_after=2023-07-07T12:12:45.146319+00:00
[2023-07-07T12:12:45.160+0000] {processor.py:176} INFO - Processing /home/airflow/.local/lib/python3.7/site-packages/airflow/example_dags/example_short_circuit_decorator.py took 0.075 seconds
[2023-07-07T12:13:15.497+0000] {processor.py:154} INFO - Started process (PID=1437) to work on /home/airflow/.local/lib/python3.7/site-packages/airflow/example_dags/example_short_circuit_decorator.py
[2023-07-07T12:13:15.498+0000] {processor.py:756} INFO - Processing file /home/airflow/.local/lib/python3.7/site-packages/airflow/example_dags/example_short_circuit_decorator.py for tasks to queue
[2023-07-07T12:13:15.498+0000] {logging_mixin.py:120} INFO - [2023-07-07T12:13:15.498+0000] {dagbag.py:537} INFO - Filling up the DagBag from /home/airflow/.local/lib/python3.7/site-packages/airflow/example_dags/example_short_circuit_decorator.py
[2023-07-07T12:13:15.513+0000] {processor.py:766} INFO - DAG(s) dict_keys(['example_short_circuit_decorator']) retrieved from /home/airflow/.local/lib/python3.7/site-packages/airflow/example_dags/example_short_circuit_decorator.py
[2023-07-07T12:13:15.541+0000] {logging_mixin.py:120} INFO - [2023-07-07T12:13:15.541+0000] {dag.py:2585} INFO - Sync 1 DAGs
[2023-07-07T12:13:15.558+0000] {logging_mixin.py:120} INFO - [2023-07-07T12:13:15.558+0000] {dag.py:3340} INFO - Setting next_dagrun for example_short_circuit_decorator to 2023-07-06T12:13:15.558704+00:00, run_after=2023-07-07T12:13:15.558704+00:00
[2023-07-07T12:13:15.572+0000] {processor.py:176} INFO - Processing /home/airflow/.local/lib/python3.7/site-packages/airflow/example_dags/example_short_circuit_decorator.py took 0.077 seconds
[2023-07-07T12:13:46.644+0000] {processor.py:154} INFO - Started process (PID=1504) to work on /home/airflow/.local/lib/python3.7/site-packages/airflow/example_dags/example_short_circuit_decorator.py
[2023-07-07T12:13:46.645+0000] {processor.py:756} INFO - Processing file /home/airflow/.local/lib/python3.7/site-packages/airflow/example_dags/example_short_circuit_decorator.py for tasks to queue
[2023-07-07T12:13:46.646+0000] {logging_mixin.py:120} INFO - [2023-07-07T12:13:46.646+0000] {dagbag.py:537} INFO - Filling up the DagBag from /home/airflow/.local/lib/python3.7/site-packages/airflow/example_dags/example_short_circuit_decorator.py
[2023-07-07T12:13:46.663+0000] {processor.py:766} INFO - DAG(s) dict_keys(['example_short_circuit_decorator']) retrieved from /home/airflow/.local/lib/python3.7/site-packages/airflow/example_dags/example_short_circuit_decorator.py
[2023-07-07T12:13:46.695+0000] {logging_mixin.py:120} INFO - [2023-07-07T12:13:46.695+0000] {dag.py:2585} INFO - Sync 1 DAGs
[2023-07-07T12:13:46.715+0000] {logging_mixin.py:120} INFO - [2023-07-07T12:13:46.715+0000] {dag.py:3340} INFO - Setting next_dagrun for example_short_circuit_decorator to 2023-07-06T12:13:46.715545+00:00, run_after=2023-07-07T12:13:46.715545+00:00
[2023-07-07T12:13:46.729+0000] {processor.py:176} INFO - Processing /home/airflow/.local/lib/python3.7/site-packages/airflow/example_dags/example_short_circuit_decorator.py took 0.087 seconds
[2023-07-07T12:14:16.762+0000] {processor.py:154} INFO - Started process (PID=1562) to work on /home/airflow/.local/lib/python3.7/site-packages/airflow/example_dags/example_short_circuit_decorator.py
[2023-07-07T12:14:16.762+0000] {processor.py:756} INFO - Processing file /home/airflow/.local/lib/python3.7/site-packages/airflow/example_dags/example_short_circuit_decorator.py for tasks to queue
[2023-07-07T12:14:16.763+0000] {logging_mixin.py:120} INFO - [2023-07-07T12:14:16.763+0000] {dagbag.py:537} INFO - Filling up the DagBag from /home/airflow/.local/lib/python3.7/site-packages/airflow/example_dags/example_short_circuit_decorator.py
[2023-07-07T12:14:16.777+0000] {processor.py:766} INFO - DAG(s) dict_keys(['example_short_circuit_decorator']) retrieved from /home/airflow/.local/lib/python3.7/site-packages/airflow/example_dags/example_short_circuit_decorator.py
[2023-07-07T12:14:16.803+0000] {logging_mixin.py:120} INFO - [2023-07-07T12:14:16.803+0000] {dag.py:2585} INFO - Sync 1 DAGs
[2023-07-07T12:14:16.821+0000] {logging_mixin.py:120} INFO - [2023-07-07T12:14:16.820+0000] {dag.py:3340} INFO - Setting next_dagrun for example_short_circuit_decorator to 2023-07-06T12:14:16.820782+00:00, run_after=2023-07-07T12:14:16.820782+00:00
[2023-07-07T12:14:16.834+0000] {processor.py:176} INFO - Processing /home/airflow/.local/lib/python3.7/site-packages/airflow/example_dags/example_short_circuit_decorator.py took 0.074 seconds
[2023-07-07T12:14:46.968+0000] {processor.py:154} INFO - Started process (PID=1629) to work on /home/airflow/.local/lib/python3.7/site-packages/airflow/example_dags/example_short_circuit_decorator.py
[2023-07-07T12:14:46.969+0000] {processor.py:756} INFO - Processing file /home/airflow/.local/lib/python3.7/site-packages/airflow/example_dags/example_short_circuit_decorator.py for tasks to queue
[2023-07-07T12:14:46.970+0000] {logging_mixin.py:120} INFO - [2023-07-07T12:14:46.970+0000] {dagbag.py:537} INFO - Filling up the DagBag from /home/airflow/.local/lib/python3.7/site-packages/airflow/example_dags/example_short_circuit_decorator.py
[2023-07-07T12:14:46.985+0000] {processor.py:766} INFO - DAG(s) dict_keys(['example_short_circuit_decorator']) retrieved from /home/airflow/.local/lib/python3.7/site-packages/airflow/example_dags/example_short_circuit_decorator.py
[2023-07-07T12:14:47.011+0000] {logging_mixin.py:120} INFO - [2023-07-07T12:14:47.011+0000] {dag.py:2585} INFO - Sync 1 DAGs
[2023-07-07T12:14:47.029+0000] {logging_mixin.py:120} INFO - [2023-07-07T12:14:47.029+0000] {dag.py:3340} INFO - Setting next_dagrun for example_short_circuit_decorator to 2023-07-06T12:14:47.029457+00:00, run_after=2023-07-07T12:14:47.029457+00:00
[2023-07-07T12:14:47.042+0000] {processor.py:176} INFO - Processing /home/airflow/.local/lib/python3.7/site-packages/airflow/example_dags/example_short_circuit_decorator.py took 0.077 seconds
[2023-07-07T12:15:17.298+0000] {processor.py:154} INFO - Started process (PID=1696) to work on /home/airflow/.local/lib/python3.7/site-packages/airflow/example_dags/example_short_circuit_decorator.py
[2023-07-07T12:15:17.298+0000] {processor.py:756} INFO - Processing file /home/airflow/.local/lib/python3.7/site-packages/airflow/example_dags/example_short_circuit_decorator.py for tasks to queue
[2023-07-07T12:15:17.299+0000] {logging_mixin.py:120} INFO - [2023-07-07T12:15:17.299+0000] {dagbag.py:537} INFO - Filling up the DagBag from /home/airflow/.local/lib/python3.7/site-packages/airflow/example_dags/example_short_circuit_decorator.py
[2023-07-07T12:15:17.314+0000] {processor.py:766} INFO - DAG(s) dict_keys(['example_short_circuit_decorator']) retrieved from /home/airflow/.local/lib/python3.7/site-packages/airflow/example_dags/example_short_circuit_decorator.py
[2023-07-07T12:15:17.339+0000] {logging_mixin.py:120} INFO - [2023-07-07T12:15:17.339+0000] {dag.py:2585} INFO - Sync 1 DAGs
[2023-07-07T12:15:17.355+0000] {logging_mixin.py:120} INFO - [2023-07-07T12:15:17.355+0000] {dag.py:3340} INFO - Setting next_dagrun for example_short_circuit_decorator to 2023-07-06T12:15:17.355122+00:00, run_after=2023-07-07T12:15:17.355122+00:00
[2023-07-07T12:15:17.367+0000] {processor.py:176} INFO - Processing /home/airflow/.local/lib/python3.7/site-packages/airflow/example_dags/example_short_circuit_decorator.py took 0.071 seconds
[2023-07-07T12:15:48.248+0000] {processor.py:154} INFO - Started process (PID=1763) to work on /home/airflow/.local/lib/python3.7/site-packages/airflow/example_dags/example_short_circuit_decorator.py
[2023-07-07T12:15:48.249+0000] {processor.py:756} INFO - Processing file /home/airflow/.local/lib/python3.7/site-packages/airflow/example_dags/example_short_circuit_decorator.py for tasks to queue
[2023-07-07T12:15:48.250+0000] {logging_mixin.py:120} INFO - [2023-07-07T12:15:48.250+0000] {dagbag.py:537} INFO - Filling up the DagBag from /home/airflow/.local/lib/python3.7/site-packages/airflow/example_dags/example_short_circuit_decorator.py
[2023-07-07T12:15:48.265+0000] {processor.py:766} INFO - DAG(s) dict_keys(['example_short_circuit_decorator']) retrieved from /home/airflow/.local/lib/python3.7/site-packages/airflow/example_dags/example_short_circuit_decorator.py
[2023-07-07T12:15:48.294+0000] {logging_mixin.py:120} INFO - [2023-07-07T12:15:48.294+0000] {dag.py:2585} INFO - Sync 1 DAGs
[2023-07-07T12:15:48.311+0000] {logging_mixin.py:120} INFO - [2023-07-07T12:15:48.311+0000] {dag.py:3340} INFO - Setting next_dagrun for example_short_circuit_decorator to 2023-07-06T12:15:48.311241+00:00, run_after=2023-07-07T12:15:48.311241+00:00
[2023-07-07T12:15:48.324+0000] {processor.py:176} INFO - Processing /home/airflow/.local/lib/python3.7/site-packages/airflow/example_dags/example_short_circuit_decorator.py took 0.078 seconds
[2023-07-07T12:16:18.487+0000] {processor.py:154} INFO - Started process (PID=1822) to work on /home/airflow/.local/lib/python3.7/site-packages/airflow/example_dags/example_short_circuit_decorator.py
[2023-07-07T12:16:18.487+0000] {processor.py:756} INFO - Processing file /home/airflow/.local/lib/python3.7/site-packages/airflow/example_dags/example_short_circuit_decorator.py for tasks to queue
[2023-07-07T12:16:18.488+0000] {logging_mixin.py:120} INFO - [2023-07-07T12:16:18.488+0000] {dagbag.py:537} INFO - Filling up the DagBag from /home/airflow/.local/lib/python3.7/site-packages/airflow/example_dags/example_short_circuit_decorator.py
[2023-07-07T12:16:18.505+0000] {processor.py:766} INFO - DAG(s) dict_keys(['example_short_circuit_decorator']) retrieved from /home/airflow/.local/lib/python3.7/site-packages/airflow/example_dags/example_short_circuit_decorator.py
[2023-07-07T12:16:18.546+0000] {logging_mixin.py:120} INFO - [2023-07-07T12:16:18.545+0000] {dag.py:2585} INFO - Sync 1 DAGs
[2023-07-07T12:16:18.567+0000] {logging_mixin.py:120} INFO - [2023-07-07T12:16:18.567+0000] {dag.py:3340} INFO - Setting next_dagrun for example_short_circuit_decorator to 2023-07-06T12:16:18.567031+00:00, run_after=2023-07-07T12:16:18.567031+00:00
[2023-07-07T12:16:18.579+0000] {processor.py:176} INFO - Processing /home/airflow/.local/lib/python3.7/site-packages/airflow/example_dags/example_short_circuit_decorator.py took 0.094 seconds
[2023-07-07T12:16:48.917+0000] {processor.py:154} INFO - Started process (PID=1890) to work on /home/airflow/.local/lib/python3.7/site-packages/airflow/example_dags/example_short_circuit_decorator.py
[2023-07-07T12:16:48.918+0000] {processor.py:756} INFO - Processing file /home/airflow/.local/lib/python3.7/site-packages/airflow/example_dags/example_short_circuit_decorator.py for tasks to queue
[2023-07-07T12:16:48.918+0000] {logging_mixin.py:120} INFO - [2023-07-07T12:16:48.918+0000] {dagbag.py:537} INFO - Filling up the DagBag from /home/airflow/.local/lib/python3.7/site-packages/airflow/example_dags/example_short_circuit_decorator.py
[2023-07-07T12:16:48.933+0000] {processor.py:766} INFO - DAG(s) dict_keys(['example_short_circuit_decorator']) retrieved from /home/airflow/.local/lib/python3.7/site-packages/airflow/example_dags/example_short_circuit_decorator.py
[2023-07-07T12:16:48.960+0000] {logging_mixin.py:120} INFO - [2023-07-07T12:16:48.960+0000] {dag.py:2585} INFO - Sync 1 DAGs
[2023-07-07T12:16:48.977+0000] {logging_mixin.py:120} INFO - [2023-07-07T12:16:48.977+0000] {dag.py:3340} INFO - Setting next_dagrun for example_short_circuit_decorator to 2023-07-06T12:16:48.977259+00:00, run_after=2023-07-07T12:16:48.977259+00:00
[2023-07-07T12:16:48.989+0000] {processor.py:176} INFO - Processing /home/airflow/.local/lib/python3.7/site-packages/airflow/example_dags/example_short_circuit_decorator.py took 0.075 seconds
[2023-07-07T12:17:19.155+0000] {processor.py:154} INFO - Started process (PID=1956) to work on /home/airflow/.local/lib/python3.7/site-packages/airflow/example_dags/example_short_circuit_decorator.py
[2023-07-07T12:17:19.155+0000] {processor.py:756} INFO - Processing file /home/airflow/.local/lib/python3.7/site-packages/airflow/example_dags/example_short_circuit_decorator.py for tasks to queue
[2023-07-07T12:17:19.156+0000] {logging_mixin.py:120} INFO - [2023-07-07T12:17:19.156+0000] {dagbag.py:537} INFO - Filling up the DagBag from /home/airflow/.local/lib/python3.7/site-packages/airflow/example_dags/example_short_circuit_decorator.py
[2023-07-07T12:17:19.177+0000] {processor.py:766} INFO - DAG(s) dict_keys(['example_short_circuit_decorator']) retrieved from /home/airflow/.local/lib/python3.7/site-packages/airflow/example_dags/example_short_circuit_decorator.py
[2023-07-07T12:17:19.226+0000] {logging_mixin.py:120} INFO - [2023-07-07T12:17:19.226+0000] {dag.py:2585} INFO - Sync 1 DAGs
[2023-07-07T12:17:19.244+0000] {logging_mixin.py:120} INFO - [2023-07-07T12:17:19.244+0000] {dag.py:3340} INFO - Setting next_dagrun for example_short_circuit_decorator to 2023-07-06T12:17:19.244002+00:00, run_after=2023-07-07T12:17:19.244002+00:00
[2023-07-07T12:17:19.258+0000] {processor.py:176} INFO - Processing /home/airflow/.local/lib/python3.7/site-packages/airflow/example_dags/example_short_circuit_decorator.py took 0.105 seconds
[2023-07-07T12:17:49.371+0000] {processor.py:154} INFO - Started process (PID=2023) to work on /home/airflow/.local/lib/python3.7/site-packages/airflow/example_dags/example_short_circuit_decorator.py
[2023-07-07T12:17:49.372+0000] {processor.py:756} INFO - Processing file /home/airflow/.local/lib/python3.7/site-packages/airflow/example_dags/example_short_circuit_decorator.py for tasks to queue
[2023-07-07T12:17:49.373+0000] {logging_mixin.py:120} INFO - [2023-07-07T12:17:49.373+0000] {dagbag.py:537} INFO - Filling up the DagBag from /home/airflow/.local/lib/python3.7/site-packages/airflow/example_dags/example_short_circuit_decorator.py
[2023-07-07T12:17:49.388+0000] {processor.py:766} INFO - DAG(s) dict_keys(['example_short_circuit_decorator']) retrieved from /home/airflow/.local/lib/python3.7/site-packages/airflow/example_dags/example_short_circuit_decorator.py
[2023-07-07T12:17:49.415+0000] {logging_mixin.py:120} INFO - [2023-07-07T12:17:49.415+0000] {dag.py:2585} INFO - Sync 1 DAGs
[2023-07-07T12:17:49.432+0000] {logging_mixin.py:120} INFO - [2023-07-07T12:17:49.432+0000] {dag.py:3340} INFO - Setting next_dagrun for example_short_circuit_decorator to 2023-07-06T12:17:49.432375+00:00, run_after=2023-07-07T12:17:49.432375+00:00
[2023-07-07T12:17:49.445+0000] {processor.py:176} INFO - Processing /home/airflow/.local/lib/python3.7/site-packages/airflow/example_dags/example_short_circuit_decorator.py took 0.076 seconds
[2023-07-07T12:18:19.703+0000] {processor.py:154} INFO - Started process (PID=2091) to work on /home/airflow/.local/lib/python3.7/site-packages/airflow/example_dags/example_short_circuit_decorator.py
[2023-07-07T12:18:19.703+0000] {processor.py:756} INFO - Processing file /home/airflow/.local/lib/python3.7/site-packages/airflow/example_dags/example_short_circuit_decorator.py for tasks to queue
[2023-07-07T12:18:19.704+0000] {logging_mixin.py:120} INFO - [2023-07-07T12:18:19.704+0000] {dagbag.py:537} INFO - Filling up the DagBag from /home/airflow/.local/lib/python3.7/site-packages/airflow/example_dags/example_short_circuit_decorator.py
[2023-07-07T12:18:19.718+0000] {processor.py:766} INFO - DAG(s) dict_keys(['example_short_circuit_decorator']) retrieved from /home/airflow/.local/lib/python3.7/site-packages/airflow/example_dags/example_short_circuit_decorator.py
[2023-07-07T12:18:19.743+0000] {logging_mixin.py:120} INFO - [2023-07-07T12:18:19.743+0000] {dag.py:2585} INFO - Sync 1 DAGs
[2023-07-07T12:18:19.761+0000] {logging_mixin.py:120} INFO - [2023-07-07T12:18:19.761+0000] {dag.py:3340} INFO - Setting next_dagrun for example_short_circuit_decorator to 2023-07-06T12:18:19.761089+00:00, run_after=2023-07-07T12:18:19.761089+00:00
[2023-07-07T12:18:19.773+0000] {processor.py:176} INFO - Processing /home/airflow/.local/lib/python3.7/site-packages/airflow/example_dags/example_short_circuit_decorator.py took 0.072 seconds
[2023-07-07T12:18:49.988+0000] {processor.py:154} INFO - Started process (PID=2149) to work on /home/airflow/.local/lib/python3.7/site-packages/airflow/example_dags/example_short_circuit_decorator.py
[2023-07-07T12:18:49.989+0000] {processor.py:756} INFO - Processing file /home/airflow/.local/lib/python3.7/site-packages/airflow/example_dags/example_short_circuit_decorator.py for tasks to queue
[2023-07-07T12:18:49.989+0000] {logging_mixin.py:120} INFO - [2023-07-07T12:18:49.989+0000] {dagbag.py:537} INFO - Filling up the DagBag from /home/airflow/.local/lib/python3.7/site-packages/airflow/example_dags/example_short_circuit_decorator.py
[2023-07-07T12:18:50.003+0000] {processor.py:766} INFO - DAG(s) dict_keys(['example_short_circuit_decorator']) retrieved from /home/airflow/.local/lib/python3.7/site-packages/airflow/example_dags/example_short_circuit_decorator.py
[2023-07-07T12:18:50.029+0000] {logging_mixin.py:120} INFO - [2023-07-07T12:18:50.028+0000] {dag.py:2585} INFO - Sync 1 DAGs
[2023-07-07T12:18:50.045+0000] {logging_mixin.py:120} INFO - [2023-07-07T12:18:50.045+0000] {dag.py:3340} INFO - Setting next_dagrun for example_short_circuit_decorator to 2023-07-06T12:18:50.045511+00:00, run_after=2023-07-07T12:18:50.045511+00:00
[2023-07-07T12:18:50.057+0000] {processor.py:176} INFO - Processing /home/airflow/.local/lib/python3.7/site-packages/airflow/example_dags/example_short_circuit_decorator.py took 0.072 seconds
[2023-07-07T12:19:20.268+0000] {processor.py:154} INFO - Started process (PID=2216) to work on /home/airflow/.local/lib/python3.7/site-packages/airflow/example_dags/example_short_circuit_decorator.py
[2023-07-07T12:19:20.268+0000] {processor.py:756} INFO - Processing file /home/airflow/.local/lib/python3.7/site-packages/airflow/example_dags/example_short_circuit_decorator.py for tasks to queue
[2023-07-07T12:19:20.269+0000] {logging_mixin.py:120} INFO - [2023-07-07T12:19:20.269+0000] {dagbag.py:537} INFO - Filling up the DagBag from /home/airflow/.local/lib/python3.7/site-packages/airflow/example_dags/example_short_circuit_decorator.py
[2023-07-07T12:19:20.282+0000] {processor.py:766} INFO - DAG(s) dict_keys(['example_short_circuit_decorator']) retrieved from /home/airflow/.local/lib/python3.7/site-packages/airflow/example_dags/example_short_circuit_decorator.py
[2023-07-07T12:19:20.307+0000] {logging_mixin.py:120} INFO - [2023-07-07T12:19:20.307+0000] {dag.py:2585} INFO - Sync 1 DAGs
[2023-07-07T12:19:20.323+0000] {logging_mixin.py:120} INFO - [2023-07-07T12:19:20.322+0000] {dag.py:3340} INFO - Setting next_dagrun for example_short_circuit_decorator to 2023-07-06T12:19:20.322755+00:00, run_after=2023-07-07T12:19:20.322755+00:00
[2023-07-07T12:19:20.334+0000] {processor.py:176} INFO - Processing /home/airflow/.local/lib/python3.7/site-packages/airflow/example_dags/example_short_circuit_decorator.py took 0.068 seconds
[2023-07-07T12:19:50.471+0000] {processor.py:154} INFO - Started process (PID=2284) to work on /home/airflow/.local/lib/python3.7/site-packages/airflow/example_dags/example_short_circuit_decorator.py
[2023-07-07T12:19:50.472+0000] {processor.py:756} INFO - Processing file /home/airflow/.local/lib/python3.7/site-packages/airflow/example_dags/example_short_circuit_decorator.py for tasks to queue
[2023-07-07T12:19:50.473+0000] {logging_mixin.py:120} INFO - [2023-07-07T12:19:50.473+0000] {dagbag.py:537} INFO - Filling up the DagBag from /home/airflow/.local/lib/python3.7/site-packages/airflow/example_dags/example_short_circuit_decorator.py
[2023-07-07T12:19:50.487+0000] {processor.py:766} INFO - DAG(s) dict_keys(['example_short_circuit_decorator']) retrieved from /home/airflow/.local/lib/python3.7/site-packages/airflow/example_dags/example_short_circuit_decorator.py
[2023-07-07T12:19:50.512+0000] {logging_mixin.py:120} INFO - [2023-07-07T12:19:50.512+0000] {dag.py:2585} INFO - Sync 1 DAGs
[2023-07-07T12:19:50.527+0000] {logging_mixin.py:120} INFO - [2023-07-07T12:19:50.527+0000] {dag.py:3340} INFO - Setting next_dagrun for example_short_circuit_decorator to 2023-07-06T12:19:50.527400+00:00, run_after=2023-07-07T12:19:50.527400+00:00
[2023-07-07T12:19:50.540+0000] {processor.py:176} INFO - Processing /home/airflow/.local/lib/python3.7/site-packages/airflow/example_dags/example_short_circuit_decorator.py took 0.070 seconds
[2023-07-07T12:20:20.663+0000] {processor.py:154} INFO - Started process (PID=2351) to work on /home/airflow/.local/lib/python3.7/site-packages/airflow/example_dags/example_short_circuit_decorator.py
[2023-07-07T12:20:20.664+0000] {processor.py:756} INFO - Processing file /home/airflow/.local/lib/python3.7/site-packages/airflow/example_dags/example_short_circuit_decorator.py for tasks to queue
[2023-07-07T12:20:20.664+0000] {logging_mixin.py:120} INFO - [2023-07-07T12:20:20.664+0000] {dagbag.py:537} INFO - Filling up the DagBag from /home/airflow/.local/lib/python3.7/site-packages/airflow/example_dags/example_short_circuit_decorator.py
[2023-07-07T12:20:20.678+0000] {processor.py:766} INFO - DAG(s) dict_keys(['example_short_circuit_decorator']) retrieved from /home/airflow/.local/lib/python3.7/site-packages/airflow/example_dags/example_short_circuit_decorator.py
[2023-07-07T12:20:20.703+0000] {logging_mixin.py:120} INFO - [2023-07-07T12:20:20.703+0000] {dag.py:2585} INFO - Sync 1 DAGs
[2023-07-07T12:20:20.720+0000] {logging_mixin.py:120} INFO - [2023-07-07T12:20:20.720+0000] {dag.py:3340} INFO - Setting next_dagrun for example_short_circuit_decorator to 2023-07-06T12:20:20.720633+00:00, run_after=2023-07-07T12:20:20.720633+00:00
[2023-07-07T12:20:20.733+0000] {processor.py:176} INFO - Processing /home/airflow/.local/lib/python3.7/site-packages/airflow/example_dags/example_short_circuit_decorator.py took 0.071 seconds
[2023-07-07T12:20:50.927+0000] {processor.py:154} INFO - Started process (PID=2418) to work on /home/airflow/.local/lib/python3.7/site-packages/airflow/example_dags/example_short_circuit_decorator.py
[2023-07-07T12:20:50.927+0000] {processor.py:756} INFO - Processing file /home/airflow/.local/lib/python3.7/site-packages/airflow/example_dags/example_short_circuit_decorator.py for tasks to queue
[2023-07-07T12:20:50.928+0000] {logging_mixin.py:120} INFO - [2023-07-07T12:20:50.928+0000] {dagbag.py:537} INFO - Filling up the DagBag from /home/airflow/.local/lib/python3.7/site-packages/airflow/example_dags/example_short_circuit_decorator.py
[2023-07-07T12:20:50.944+0000] {processor.py:766} INFO - DAG(s) dict_keys(['example_short_circuit_decorator']) retrieved from /home/airflow/.local/lib/python3.7/site-packages/airflow/example_dags/example_short_circuit_decorator.py
[2023-07-07T12:20:50.970+0000] {logging_mixin.py:120} INFO - [2023-07-07T12:20:50.970+0000] {dag.py:2585} INFO - Sync 1 DAGs
[2023-07-07T12:20:50.987+0000] {logging_mixin.py:120} INFO - [2023-07-07T12:20:50.987+0000] {dag.py:3340} INFO - Setting next_dagrun for example_short_circuit_decorator to 2023-07-06T12:20:50.987519+00:00, run_after=2023-07-07T12:20:50.987519+00:00
[2023-07-07T12:20:51.001+0000] {processor.py:176} INFO - Processing /home/airflow/.local/lib/python3.7/site-packages/airflow/example_dags/example_short_circuit_decorator.py took 0.076 seconds
[2023-07-07T12:21:21.236+0000] {processor.py:154} INFO - Started process (PID=2476) to work on /home/airflow/.local/lib/python3.7/site-packages/airflow/example_dags/example_short_circuit_decorator.py
[2023-07-07T12:21:21.237+0000] {processor.py:756} INFO - Processing file /home/airflow/.local/lib/python3.7/site-packages/airflow/example_dags/example_short_circuit_decorator.py for tasks to queue
[2023-07-07T12:21:21.237+0000] {logging_mixin.py:120} INFO - [2023-07-07T12:21:21.237+0000] {dagbag.py:537} INFO - Filling up the DagBag from /home/airflow/.local/lib/python3.7/site-packages/airflow/example_dags/example_short_circuit_decorator.py
[2023-07-07T12:21:21.253+0000] {processor.py:766} INFO - DAG(s) dict_keys(['example_short_circuit_decorator']) retrieved from /home/airflow/.local/lib/python3.7/site-packages/airflow/example_dags/example_short_circuit_decorator.py
[2023-07-07T12:21:21.281+0000] {logging_mixin.py:120} INFO - [2023-07-07T12:21:21.281+0000] {dag.py:2585} INFO - Sync 1 DAGs
[2023-07-07T12:21:21.297+0000] {logging_mixin.py:120} INFO - [2023-07-07T12:21:21.297+0000] {dag.py:3340} INFO - Setting next_dagrun for example_short_circuit_decorator to 2023-07-06T12:21:21.297155+00:00, run_after=2023-07-07T12:21:21.297155+00:00
[2023-07-07T12:21:21.308+0000] {processor.py:176} INFO - Processing /home/airflow/.local/lib/python3.7/site-packages/airflow/example_dags/example_short_circuit_decorator.py took 0.074 seconds
[2023-07-07T12:22:00.657+0000] {processor.py:154} INFO - Started process (PID=73) to work on /home/airflow/.local/lib/python3.7/site-packages/airflow/example_dags/example_short_circuit_decorator.py
[2023-07-07T12:22:00.659+0000] {processor.py:756} INFO - Processing file /home/airflow/.local/lib/python3.7/site-packages/airflow/example_dags/example_short_circuit_decorator.py for tasks to queue
[2023-07-07T12:22:00.660+0000] {logging_mixin.py:120} INFO - [2023-07-07T12:22:00.660+0000] {dagbag.py:537} INFO - Filling up the DagBag from /home/airflow/.local/lib/python3.7/site-packages/airflow/example_dags/example_short_circuit_decorator.py
[2023-07-07T12:22:00.700+0000] {processor.py:766} INFO - DAG(s) dict_keys(['example_short_circuit_decorator']) retrieved from /home/airflow/.local/lib/python3.7/site-packages/airflow/example_dags/example_short_circuit_decorator.py
[2023-07-07T12:22:00.729+0000] {logging_mixin.py:120} INFO - [2023-07-07T12:22:00.729+0000] {dag.py:2585} INFO - Sync 1 DAGs
[2023-07-07T12:22:00.768+0000] {logging_mixin.py:120} INFO - [2023-07-07T12:22:00.768+0000] {dag.py:3340} INFO - Setting next_dagrun for example_short_circuit_decorator to 2023-07-06T12:22:00.767976+00:00, run_after=2023-07-07T12:22:00.767976+00:00
[2023-07-07T12:22:00.801+0000] {processor.py:176} INFO - Processing /home/airflow/.local/lib/python3.7/site-packages/airflow/example_dags/example_short_circuit_decorator.py took 0.147 seconds
[2023-07-07T12:22:31.157+0000] {processor.py:154} INFO - Started process (PID=131) to work on /home/airflow/.local/lib/python3.7/site-packages/airflow/example_dags/example_short_circuit_decorator.py
[2023-07-07T12:22:31.158+0000] {processor.py:756} INFO - Processing file /home/airflow/.local/lib/python3.7/site-packages/airflow/example_dags/example_short_circuit_decorator.py for tasks to queue
[2023-07-07T12:22:31.158+0000] {logging_mixin.py:120} INFO - [2023-07-07T12:22:31.158+0000] {dagbag.py:537} INFO - Filling up the DagBag from /home/airflow/.local/lib/python3.7/site-packages/airflow/example_dags/example_short_circuit_decorator.py
[2023-07-07T12:22:31.174+0000] {processor.py:766} INFO - DAG(s) dict_keys(['example_short_circuit_decorator']) retrieved from /home/airflow/.local/lib/python3.7/site-packages/airflow/example_dags/example_short_circuit_decorator.py
[2023-07-07T12:22:31.198+0000] {logging_mixin.py:120} INFO - [2023-07-07T12:22:31.198+0000] {dag.py:2585} INFO - Sync 1 DAGs
[2023-07-07T12:22:31.218+0000] {logging_mixin.py:120} INFO - [2023-07-07T12:22:31.218+0000] {dag.py:3340} INFO - Setting next_dagrun for example_short_circuit_decorator to 2023-07-06T12:22:31.217880+00:00, run_after=2023-07-07T12:22:31.217880+00:00
[2023-07-07T12:22:31.229+0000] {processor.py:176} INFO - Processing /home/airflow/.local/lib/python3.7/site-packages/airflow/example_dags/example_short_circuit_decorator.py took 0.074 seconds
[2023-07-07T12:23:02.414+0000] {processor.py:154} INFO - Started process (PID=198) to work on /home/airflow/.local/lib/python3.7/site-packages/airflow/example_dags/example_short_circuit_decorator.py
[2023-07-07T12:23:02.414+0000] {processor.py:756} INFO - Processing file /home/airflow/.local/lib/python3.7/site-packages/airflow/example_dags/example_short_circuit_decorator.py for tasks to queue
[2023-07-07T12:23:02.415+0000] {logging_mixin.py:120} INFO - [2023-07-07T12:23:02.415+0000] {dagbag.py:537} INFO - Filling up the DagBag from /home/airflow/.local/lib/python3.7/site-packages/airflow/example_dags/example_short_circuit_decorator.py
[2023-07-07T12:23:02.429+0000] {processor.py:766} INFO - DAG(s) dict_keys(['example_short_circuit_decorator']) retrieved from /home/airflow/.local/lib/python3.7/site-packages/airflow/example_dags/example_short_circuit_decorator.py
[2023-07-07T12:23:02.452+0000] {logging_mixin.py:120} INFO - [2023-07-07T12:23:02.452+0000] {dag.py:2585} INFO - Sync 1 DAGs
[2023-07-07T12:23:02.467+0000] {logging_mixin.py:120} INFO - [2023-07-07T12:23:02.467+0000] {dag.py:3340} INFO - Setting next_dagrun for example_short_circuit_decorator to 2023-07-06T12:23:02.467155+00:00, run_after=2023-07-07T12:23:02.467155+00:00
[2023-07-07T12:23:02.479+0000] {processor.py:176} INFO - Processing /home/airflow/.local/lib/python3.7/site-packages/airflow/example_dags/example_short_circuit_decorator.py took 0.066 seconds
[2023-07-07T12:23:32.878+0000] {processor.py:154} INFO - Started process (PID=264) to work on /home/airflow/.local/lib/python3.7/site-packages/airflow/example_dags/example_short_circuit_decorator.py
[2023-07-07T12:23:32.879+0000] {processor.py:756} INFO - Processing file /home/airflow/.local/lib/python3.7/site-packages/airflow/example_dags/example_short_circuit_decorator.py for tasks to queue
[2023-07-07T12:23:32.880+0000] {logging_mixin.py:120} INFO - [2023-07-07T12:23:32.879+0000] {dagbag.py:537} INFO - Filling up the DagBag from /home/airflow/.local/lib/python3.7/site-packages/airflow/example_dags/example_short_circuit_decorator.py
[2023-07-07T12:23:32.896+0000] {processor.py:766} INFO - DAG(s) dict_keys(['example_short_circuit_decorator']) retrieved from /home/airflow/.local/lib/python3.7/site-packages/airflow/example_dags/example_short_circuit_decorator.py
[2023-07-07T12:23:32.924+0000] {logging_mixin.py:120} INFO - [2023-07-07T12:23:32.924+0000] {dag.py:2585} INFO - Sync 1 DAGs
[2023-07-07T12:23:32.940+0000] {logging_mixin.py:120} INFO - [2023-07-07T12:23:32.940+0000] {dag.py:3340} INFO - Setting next_dagrun for example_short_circuit_decorator to 2023-07-06T12:23:32.940596+00:00, run_after=2023-07-07T12:23:32.940596+00:00
[2023-07-07T12:23:32.953+0000] {processor.py:176} INFO - Processing /home/airflow/.local/lib/python3.7/site-packages/airflow/example_dags/example_short_circuit_decorator.py took 0.077 seconds
[2023-07-07T12:24:03.407+0000] {processor.py:154} INFO - Started process (PID=331) to work on /home/airflow/.local/lib/python3.7/site-packages/airflow/example_dags/example_short_circuit_decorator.py
[2023-07-07T12:24:03.408+0000] {processor.py:756} INFO - Processing file /home/airflow/.local/lib/python3.7/site-packages/airflow/example_dags/example_short_circuit_decorator.py for tasks to queue
[2023-07-07T12:24:03.408+0000] {logging_mixin.py:120} INFO - [2023-07-07T12:24:03.408+0000] {dagbag.py:537} INFO - Filling up the DagBag from /home/airflow/.local/lib/python3.7/site-packages/airflow/example_dags/example_short_circuit_decorator.py
[2023-07-07T12:24:03.425+0000] {processor.py:766} INFO - DAG(s) dict_keys(['example_short_circuit_decorator']) retrieved from /home/airflow/.local/lib/python3.7/site-packages/airflow/example_dags/example_short_circuit_decorator.py
[2023-07-07T12:24:03.452+0000] {logging_mixin.py:120} INFO - [2023-07-07T12:24:03.452+0000] {dag.py:2585} INFO - Sync 1 DAGs
[2023-07-07T12:24:03.471+0000] {logging_mixin.py:120} INFO - [2023-07-07T12:24:03.470+0000] {dag.py:3340} INFO - Setting next_dagrun for example_short_circuit_decorator to 2023-07-06T12:24:03.470813+00:00, run_after=2023-07-07T12:24:03.470813+00:00
[2023-07-07T12:24:03.483+0000] {processor.py:176} INFO - Processing /home/airflow/.local/lib/python3.7/site-packages/airflow/example_dags/example_short_circuit_decorator.py took 0.078 seconds
[2023-07-07T12:24:33.944+0000] {processor.py:154} INFO - Started process (PID=398) to work on /home/airflow/.local/lib/python3.7/site-packages/airflow/example_dags/example_short_circuit_decorator.py
[2023-07-07T12:24:33.945+0000] {processor.py:756} INFO - Processing file /home/airflow/.local/lib/python3.7/site-packages/airflow/example_dags/example_short_circuit_decorator.py for tasks to queue
[2023-07-07T12:24:33.945+0000] {logging_mixin.py:120} INFO - [2023-07-07T12:24:33.945+0000] {dagbag.py:537} INFO - Filling up the DagBag from /home/airflow/.local/lib/python3.7/site-packages/airflow/example_dags/example_short_circuit_decorator.py
[2023-07-07T12:24:33.962+0000] {processor.py:766} INFO - DAG(s) dict_keys(['example_short_circuit_decorator']) retrieved from /home/airflow/.local/lib/python3.7/site-packages/airflow/example_dags/example_short_circuit_decorator.py
[2023-07-07T12:24:33.993+0000] {logging_mixin.py:120} INFO - [2023-07-07T12:24:33.993+0000] {dag.py:2585} INFO - Sync 1 DAGs
[2023-07-07T12:24:34.019+0000] {logging_mixin.py:120} INFO - [2023-07-07T12:24:34.019+0000] {dag.py:3340} INFO - Setting next_dagrun for example_short_circuit_decorator to 2023-07-06T12:24:34.019563+00:00, run_after=2023-07-07T12:24:34.019563+00:00
[2023-07-07T12:24:34.034+0000] {processor.py:176} INFO - Processing /home/airflow/.local/lib/python3.7/site-packages/airflow/example_dags/example_short_circuit_decorator.py took 0.092 seconds
[2023-07-07T12:25:04.980+0000] {processor.py:154} INFO - Started process (PID=455) to work on /home/airflow/.local/lib/python3.7/site-packages/airflow/example_dags/example_short_circuit_decorator.py
[2023-07-07T12:25:04.980+0000] {processor.py:756} INFO - Processing file /home/airflow/.local/lib/python3.7/site-packages/airflow/example_dags/example_short_circuit_decorator.py for tasks to queue
[2023-07-07T12:25:04.980+0000] {logging_mixin.py:120} INFO - [2023-07-07T12:25:04.980+0000] {dagbag.py:537} INFO - Filling up the DagBag from /home/airflow/.local/lib/python3.7/site-packages/airflow/example_dags/example_short_circuit_decorator.py
[2023-07-07T12:25:04.995+0000] {processor.py:766} INFO - DAG(s) dict_keys(['example_short_circuit_decorator']) retrieved from /home/airflow/.local/lib/python3.7/site-packages/airflow/example_dags/example_short_circuit_decorator.py
[2023-07-07T12:25:05.020+0000] {logging_mixin.py:120} INFO - [2023-07-07T12:25:05.020+0000] {dag.py:2585} INFO - Sync 1 DAGs
[2023-07-07T12:25:05.038+0000] {logging_mixin.py:120} INFO - [2023-07-07T12:25:05.038+0000] {dag.py:3340} INFO - Setting next_dagrun for example_short_circuit_decorator to 2023-07-06T12:25:05.038498+00:00, run_after=2023-07-07T12:25:05.038498+00:00
[2023-07-07T12:25:05.050+0000] {processor.py:176} INFO - Processing /home/airflow/.local/lib/python3.7/site-packages/airflow/example_dags/example_short_circuit_decorator.py took 0.072 seconds
