[2023-07-07T12:00:24.034+0000] {processor.py:154} INFO - Started process (PID=40) to work on /home/airflow/.local/lib/python3.7/site-packages/airflow/example_dags/example_task_group_decorator.py
[2023-07-07T12:00:24.034+0000] {processor.py:756} INFO - Processing file /home/airflow/.local/lib/python3.7/site-packages/airflow/example_dags/example_task_group_decorator.py for tasks to queue
[2023-07-07T12:00:24.035+0000] {logging_mixin.py:120} INFO - [2023-07-07T12:00:24.034+0000] {dagbag.py:537} INFO - Filling up the DagBag from /home/airflow/.local/lib/python3.7/site-packages/airflow/example_dags/example_task_group_decorator.py
[2023-07-07T12:00:24.057+0000] {processor.py:766} INFO - DAG(s) dict_keys(['example_task_group_decorator']) retrieved from /home/airflow/.local/lib/python3.7/site-packages/airflow/example_dags/example_task_group_decorator.py
[2023-07-07T12:00:24.082+0000] {logging_mixin.py:120} INFO - [2023-07-07T12:00:24.081+0000] {dag.py:2585} INFO - Sync 1 DAGs
[2023-07-07T12:00:24.097+0000] {logging_mixin.py:120} INFO - [2023-07-07T12:00:24.097+0000] {dag.py:3340} INFO - Setting next_dagrun for example_task_group_decorator to 2023-07-06T12:00:24.097294+00:00, run_after=2023-07-07T12:00:24.097294+00:00
[2023-07-07T12:00:24.108+0000] {processor.py:176} INFO - Processing /home/airflow/.local/lib/python3.7/site-packages/airflow/example_dags/example_task_group_decorator.py took 0.076 seconds
[2023-07-07T12:00:55.220+0000] {processor.py:154} INFO - Started process (PID=107) to work on /home/airflow/.local/lib/python3.7/site-packages/airflow/example_dags/example_task_group_decorator.py
[2023-07-07T12:00:55.221+0000] {processor.py:756} INFO - Processing file /home/airflow/.local/lib/python3.7/site-packages/airflow/example_dags/example_task_group_decorator.py for tasks to queue
[2023-07-07T12:00:55.221+0000] {logging_mixin.py:120} INFO - [2023-07-07T12:00:55.221+0000] {dagbag.py:537} INFO - Filling up the DagBag from /home/airflow/.local/lib/python3.7/site-packages/airflow/example_dags/example_task_group_decorator.py
[2023-07-07T12:00:55.236+0000] {processor.py:766} INFO - DAG(s) dict_keys(['example_task_group_decorator']) retrieved from /home/airflow/.local/lib/python3.7/site-packages/airflow/example_dags/example_task_group_decorator.py
[2023-07-07T12:00:55.260+0000] {logging_mixin.py:120} INFO - [2023-07-07T12:00:55.260+0000] {dag.py:2585} INFO - Sync 1 DAGs
[2023-07-07T12:00:55.273+0000] {logging_mixin.py:120} INFO - [2023-07-07T12:00:55.273+0000] {dag.py:3340} INFO - Setting next_dagrun for example_task_group_decorator to 2023-07-06T12:00:55.273385+00:00, run_after=2023-07-07T12:00:55.273385+00:00
[2023-07-07T12:00:55.285+0000] {processor.py:176} INFO - Processing /home/airflow/.local/lib/python3.7/site-packages/airflow/example_dags/example_task_group_decorator.py took 0.066 seconds
[2023-07-07T12:01:26.429+0000] {processor.py:154} INFO - Started process (PID=176) to work on /home/airflow/.local/lib/python3.7/site-packages/airflow/example_dags/example_task_group_decorator.py
[2023-07-07T12:01:26.431+0000] {processor.py:756} INFO - Processing file /home/airflow/.local/lib/python3.7/site-packages/airflow/example_dags/example_task_group_decorator.py for tasks to queue
[2023-07-07T12:01:26.431+0000] {logging_mixin.py:120} INFO - [2023-07-07T12:01:26.431+0000] {dagbag.py:537} INFO - Filling up the DagBag from /home/airflow/.local/lib/python3.7/site-packages/airflow/example_dags/example_task_group_decorator.py
[2023-07-07T12:01:26.462+0000] {processor.py:766} INFO - DAG(s) dict_keys(['example_task_group_decorator']) retrieved from /home/airflow/.local/lib/python3.7/site-packages/airflow/example_dags/example_task_group_decorator.py
[2023-07-07T12:01:26.498+0000] {logging_mixin.py:120} INFO - [2023-07-07T12:01:26.498+0000] {dag.py:2585} INFO - Sync 1 DAGs
[2023-07-07T12:01:26.518+0000] {logging_mixin.py:120} INFO - [2023-07-07T12:01:26.518+0000] {dag.py:3340} INFO - Setting next_dagrun for example_task_group_decorator to 2023-07-06T12:01:26.518347+00:00, run_after=2023-07-07T12:01:26.518347+00:00
[2023-07-07T12:01:26.532+0000] {processor.py:176} INFO - Processing /home/airflow/.local/lib/python3.7/site-packages/airflow/example_dags/example_task_group_decorator.py took 0.106 seconds
[2023-07-07T12:01:57.015+0000] {processor.py:154} INFO - Started process (PID=243) to work on /home/airflow/.local/lib/python3.7/site-packages/airflow/example_dags/example_task_group_decorator.py
[2023-07-07T12:01:57.019+0000] {processor.py:756} INFO - Processing file /home/airflow/.local/lib/python3.7/site-packages/airflow/example_dags/example_task_group_decorator.py for tasks to queue
[2023-07-07T12:01:57.019+0000] {logging_mixin.py:120} INFO - [2023-07-07T12:01:57.019+0000] {dagbag.py:537} INFO - Filling up the DagBag from /home/airflow/.local/lib/python3.7/site-packages/airflow/example_dags/example_task_group_decorator.py
[2023-07-07T12:01:57.042+0000] {processor.py:766} INFO - DAG(s) dict_keys(['example_task_group_decorator']) retrieved from /home/airflow/.local/lib/python3.7/site-packages/airflow/example_dags/example_task_group_decorator.py
[2023-07-07T12:01:57.068+0000] {logging_mixin.py:120} INFO - [2023-07-07T12:01:57.068+0000] {dag.py:2585} INFO - Sync 1 DAGs
[2023-07-07T12:01:57.083+0000] {logging_mixin.py:120} INFO - [2023-07-07T12:01:57.083+0000] {dag.py:3340} INFO - Setting next_dagrun for example_task_group_decorator to 2023-07-06T12:01:57.083422+00:00, run_after=2023-07-07T12:01:57.083422+00:00
[2023-07-07T12:01:57.235+0000] {processor.py:176} INFO - Processing /home/airflow/.local/lib/python3.7/site-packages/airflow/example_dags/example_task_group_decorator.py took 0.222 seconds
[2023-07-07T12:02:34.120+0000] {processor.py:154} INFO - Started process (PID=42) to work on /home/airflow/.local/lib/python3.7/site-packages/airflow/example_dags/example_task_group_decorator.py
[2023-07-07T12:02:34.121+0000] {processor.py:756} INFO - Processing file /home/airflow/.local/lib/python3.7/site-packages/airflow/example_dags/example_task_group_decorator.py for tasks to queue
[2023-07-07T12:02:34.123+0000] {logging_mixin.py:120} INFO - [2023-07-07T12:02:34.123+0000] {dagbag.py:537} INFO - Filling up the DagBag from /home/airflow/.local/lib/python3.7/site-packages/airflow/example_dags/example_task_group_decorator.py
[2023-07-07T12:02:34.160+0000] {processor.py:766} INFO - DAG(s) dict_keys(['example_task_group_decorator']) retrieved from /home/airflow/.local/lib/python3.7/site-packages/airflow/example_dags/example_task_group_decorator.py
[2023-07-07T12:02:34.209+0000] {logging_mixin.py:120} INFO - [2023-07-07T12:02:34.209+0000] {dag.py:2585} INFO - Sync 1 DAGs
[2023-07-07T12:02:34.242+0000] {logging_mixin.py:120} INFO - [2023-07-07T12:02:34.242+0000] {dag.py:3340} INFO - Setting next_dagrun for example_task_group_decorator to 2023-07-06T12:02:34.242137+00:00, run_after=2023-07-07T12:02:34.242137+00:00
[2023-07-07T12:02:34.276+0000] {processor.py:176} INFO - Processing /home/airflow/.local/lib/python3.7/site-packages/airflow/example_dags/example_task_group_decorator.py took 0.159 seconds
[2023-07-07T12:03:04.412+0000] {processor.py:154} INFO - Started process (PID=107) to work on /home/airflow/.local/lib/python3.7/site-packages/airflow/example_dags/example_task_group_decorator.py
[2023-07-07T12:03:04.413+0000] {processor.py:756} INFO - Processing file /home/airflow/.local/lib/python3.7/site-packages/airflow/example_dags/example_task_group_decorator.py for tasks to queue
[2023-07-07T12:03:04.413+0000] {logging_mixin.py:120} INFO - [2023-07-07T12:03:04.413+0000] {dagbag.py:537} INFO - Filling up the DagBag from /home/airflow/.local/lib/python3.7/site-packages/airflow/example_dags/example_task_group_decorator.py
[2023-07-07T12:03:04.429+0000] {processor.py:766} INFO - DAG(s) dict_keys(['example_task_group_decorator']) retrieved from /home/airflow/.local/lib/python3.7/site-packages/airflow/example_dags/example_task_group_decorator.py
[2023-07-07T12:03:04.453+0000] {logging_mixin.py:120} INFO - [2023-07-07T12:03:04.453+0000] {dag.py:2585} INFO - Sync 1 DAGs
[2023-07-07T12:03:04.468+0000] {logging_mixin.py:120} INFO - [2023-07-07T12:03:04.468+0000] {dag.py:3340} INFO - Setting next_dagrun for example_task_group_decorator to 2023-07-06T12:03:04.467894+00:00, run_after=2023-07-07T12:03:04.467894+00:00
[2023-07-07T12:03:04.479+0000] {processor.py:176} INFO - Processing /home/airflow/.local/lib/python3.7/site-packages/airflow/example_dags/example_task_group_decorator.py took 0.069 seconds
[2023-07-07T12:03:34.569+0000] {processor.py:154} INFO - Started process (PID=166) to work on /home/airflow/.local/lib/python3.7/site-packages/airflow/example_dags/example_task_group_decorator.py
[2023-07-07T12:03:34.570+0000] {processor.py:756} INFO - Processing file /home/airflow/.local/lib/python3.7/site-packages/airflow/example_dags/example_task_group_decorator.py for tasks to queue
[2023-07-07T12:03:34.570+0000] {logging_mixin.py:120} INFO - [2023-07-07T12:03:34.570+0000] {dagbag.py:537} INFO - Filling up the DagBag from /home/airflow/.local/lib/python3.7/site-packages/airflow/example_dags/example_task_group_decorator.py
[2023-07-07T12:03:34.588+0000] {processor.py:766} INFO - DAG(s) dict_keys(['example_task_group_decorator']) retrieved from /home/airflow/.local/lib/python3.7/site-packages/airflow/example_dags/example_task_group_decorator.py
[2023-07-07T12:03:34.615+0000] {logging_mixin.py:120} INFO - [2023-07-07T12:03:34.615+0000] {dag.py:2585} INFO - Sync 1 DAGs
[2023-07-07T12:03:34.634+0000] {logging_mixin.py:120} INFO - [2023-07-07T12:03:34.634+0000] {dag.py:3340} INFO - Setting next_dagrun for example_task_group_decorator to 2023-07-06T12:03:34.634147+00:00, run_after=2023-07-07T12:03:34.634147+00:00
[2023-07-07T12:03:34.652+0000] {processor.py:176} INFO - Processing /home/airflow/.local/lib/python3.7/site-packages/airflow/example_dags/example_task_group_decorator.py took 0.085 seconds
[2023-07-07T12:04:04.832+0000] {processor.py:154} INFO - Started process (PID=234) to work on /home/airflow/.local/lib/python3.7/site-packages/airflow/example_dags/example_task_group_decorator.py
[2023-07-07T12:04:04.833+0000] {processor.py:756} INFO - Processing file /home/airflow/.local/lib/python3.7/site-packages/airflow/example_dags/example_task_group_decorator.py for tasks to queue
[2023-07-07T12:04:04.833+0000] {logging_mixin.py:120} INFO - [2023-07-07T12:04:04.833+0000] {dagbag.py:537} INFO - Filling up the DagBag from /home/airflow/.local/lib/python3.7/site-packages/airflow/example_dags/example_task_group_decorator.py
[2023-07-07T12:04:04.850+0000] {processor.py:766} INFO - DAG(s) dict_keys(['example_task_group_decorator']) retrieved from /home/airflow/.local/lib/python3.7/site-packages/airflow/example_dags/example_task_group_decorator.py
[2023-07-07T12:04:04.874+0000] {logging_mixin.py:120} INFO - [2023-07-07T12:04:04.873+0000] {dag.py:2585} INFO - Sync 1 DAGs
[2023-07-07T12:04:04.891+0000] {logging_mixin.py:120} INFO - [2023-07-07T12:04:04.891+0000] {dag.py:3340} INFO - Setting next_dagrun for example_task_group_decorator to 2023-07-06T12:04:04.890800+00:00, run_after=2023-07-07T12:04:04.890800+00:00
[2023-07-07T12:04:04.903+0000] {processor.py:176} INFO - Processing /home/airflow/.local/lib/python3.7/site-packages/airflow/example_dags/example_task_group_decorator.py took 0.072 seconds
[2023-07-07T12:04:35.109+0000] {processor.py:154} INFO - Started process (PID=301) to work on /home/airflow/.local/lib/python3.7/site-packages/airflow/example_dags/example_task_group_decorator.py
[2023-07-07T12:04:35.110+0000] {processor.py:756} INFO - Processing file /home/airflow/.local/lib/python3.7/site-packages/airflow/example_dags/example_task_group_decorator.py for tasks to queue
[2023-07-07T12:04:35.110+0000] {logging_mixin.py:120} INFO - [2023-07-07T12:04:35.110+0000] {dagbag.py:537} INFO - Filling up the DagBag from /home/airflow/.local/lib/python3.7/site-packages/airflow/example_dags/example_task_group_decorator.py
[2023-07-07T12:04:35.126+0000] {processor.py:766} INFO - DAG(s) dict_keys(['example_task_group_decorator']) retrieved from /home/airflow/.local/lib/python3.7/site-packages/airflow/example_dags/example_task_group_decorator.py
[2023-07-07T12:04:35.153+0000] {logging_mixin.py:120} INFO - [2023-07-07T12:04:35.152+0000] {dag.py:2585} INFO - Sync 1 DAGs
[2023-07-07T12:04:35.171+0000] {logging_mixin.py:120} INFO - [2023-07-07T12:04:35.171+0000] {dag.py:3340} INFO - Setting next_dagrun for example_task_group_decorator to 2023-07-06T12:04:35.170861+00:00, run_after=2023-07-07T12:04:35.170861+00:00
[2023-07-07T12:04:35.181+0000] {processor.py:176} INFO - Processing /home/airflow/.local/lib/python3.7/site-packages/airflow/example_dags/example_task_group_decorator.py took 0.073 seconds
[2023-07-07T12:05:05.375+0000] {processor.py:154} INFO - Started process (PID=368) to work on /home/airflow/.local/lib/python3.7/site-packages/airflow/example_dags/example_task_group_decorator.py
[2023-07-07T12:05:05.376+0000] {processor.py:756} INFO - Processing file /home/airflow/.local/lib/python3.7/site-packages/airflow/example_dags/example_task_group_decorator.py for tasks to queue
[2023-07-07T12:05:05.376+0000] {logging_mixin.py:120} INFO - [2023-07-07T12:05:05.376+0000] {dagbag.py:537} INFO - Filling up the DagBag from /home/airflow/.local/lib/python3.7/site-packages/airflow/example_dags/example_task_group_decorator.py
[2023-07-07T12:05:05.391+0000] {processor.py:766} INFO - DAG(s) dict_keys(['example_task_group_decorator']) retrieved from /home/airflow/.local/lib/python3.7/site-packages/airflow/example_dags/example_task_group_decorator.py
[2023-07-07T12:05:05.415+0000] {logging_mixin.py:120} INFO - [2023-07-07T12:05:05.414+0000] {dag.py:2585} INFO - Sync 1 DAGs
[2023-07-07T12:05:05.428+0000] {logging_mixin.py:120} INFO - [2023-07-07T12:05:05.428+0000] {dag.py:3340} INFO - Setting next_dagrun for example_task_group_decorator to 2023-07-06T12:05:05.428358+00:00, run_after=2023-07-07T12:05:05.428358+00:00
[2023-07-07T12:05:05.438+0000] {processor.py:176} INFO - Processing /home/airflow/.local/lib/python3.7/site-packages/airflow/example_dags/example_task_group_decorator.py took 0.064 seconds
[2023-07-07T12:05:36.457+0000] {processor.py:154} INFO - Started process (PID=436) to work on /home/airflow/.local/lib/python3.7/site-packages/airflow/example_dags/example_task_group_decorator.py
[2023-07-07T12:05:36.457+0000] {processor.py:756} INFO - Processing file /home/airflow/.local/lib/python3.7/site-packages/airflow/example_dags/example_task_group_decorator.py for tasks to queue
[2023-07-07T12:05:36.458+0000] {logging_mixin.py:120} INFO - [2023-07-07T12:05:36.458+0000] {dagbag.py:537} INFO - Filling up the DagBag from /home/airflow/.local/lib/python3.7/site-packages/airflow/example_dags/example_task_group_decorator.py
[2023-07-07T12:05:36.476+0000] {processor.py:766} INFO - DAG(s) dict_keys(['example_task_group_decorator']) retrieved from /home/airflow/.local/lib/python3.7/site-packages/airflow/example_dags/example_task_group_decorator.py
[2023-07-07T12:05:36.505+0000] {logging_mixin.py:120} INFO - [2023-07-07T12:05:36.505+0000] {dag.py:2585} INFO - Sync 1 DAGs
[2023-07-07T12:05:36.524+0000] {logging_mixin.py:120} INFO - [2023-07-07T12:05:36.524+0000] {dag.py:3340} INFO - Setting next_dagrun for example_task_group_decorator to 2023-07-06T12:05:36.524610+00:00, run_after=2023-07-07T12:05:36.524610+00:00
[2023-07-07T12:05:36.540+0000] {processor.py:176} INFO - Processing /home/airflow/.local/lib/python3.7/site-packages/airflow/example_dags/example_task_group_decorator.py took 0.085 seconds
[2023-07-07T12:06:06.741+0000] {processor.py:154} INFO - Started process (PID=494) to work on /home/airflow/.local/lib/python3.7/site-packages/airflow/example_dags/example_task_group_decorator.py
[2023-07-07T12:06:06.741+0000] {processor.py:756} INFO - Processing file /home/airflow/.local/lib/python3.7/site-packages/airflow/example_dags/example_task_group_decorator.py for tasks to queue
[2023-07-07T12:06:06.742+0000] {logging_mixin.py:120} INFO - [2023-07-07T12:06:06.742+0000] {dagbag.py:537} INFO - Filling up the DagBag from /home/airflow/.local/lib/python3.7/site-packages/airflow/example_dags/example_task_group_decorator.py
[2023-07-07T12:06:06.758+0000] {processor.py:766} INFO - DAG(s) dict_keys(['example_task_group_decorator']) retrieved from /home/airflow/.local/lib/python3.7/site-packages/airflow/example_dags/example_task_group_decorator.py
[2023-07-07T12:06:06.782+0000] {logging_mixin.py:120} INFO - [2023-07-07T12:06:06.782+0000] {dag.py:2585} INFO - Sync 1 DAGs
[2023-07-07T12:06:06.798+0000] {logging_mixin.py:120} INFO - [2023-07-07T12:06:06.798+0000] {dag.py:3340} INFO - Setting next_dagrun for example_task_group_decorator to 2023-07-06T12:06:06.797988+00:00, run_after=2023-07-07T12:06:06.797988+00:00
[2023-07-07T12:06:06.812+0000] {processor.py:176} INFO - Processing /home/airflow/.local/lib/python3.7/site-packages/airflow/example_dags/example_task_group_decorator.py took 0.073 seconds
[2023-07-07T12:06:37.024+0000] {processor.py:154} INFO - Started process (PID=560) to work on /home/airflow/.local/lib/python3.7/site-packages/airflow/example_dags/example_task_group_decorator.py
[2023-07-07T12:06:37.024+0000] {processor.py:756} INFO - Processing file /home/airflow/.local/lib/python3.7/site-packages/airflow/example_dags/example_task_group_decorator.py for tasks to queue
[2023-07-07T12:06:37.025+0000] {logging_mixin.py:120} INFO - [2023-07-07T12:06:37.025+0000] {dagbag.py:537} INFO - Filling up the DagBag from /home/airflow/.local/lib/python3.7/site-packages/airflow/example_dags/example_task_group_decorator.py
[2023-07-07T12:06:37.040+0000] {processor.py:766} INFO - DAG(s) dict_keys(['example_task_group_decorator']) retrieved from /home/airflow/.local/lib/python3.7/site-packages/airflow/example_dags/example_task_group_decorator.py
[2023-07-07T12:06:37.065+0000] {logging_mixin.py:120} INFO - [2023-07-07T12:06:37.065+0000] {dag.py:2585} INFO - Sync 1 DAGs
[2023-07-07T12:06:37.081+0000] {logging_mixin.py:120} INFO - [2023-07-07T12:06:37.080+0000] {dag.py:3340} INFO - Setting next_dagrun for example_task_group_decorator to 2023-07-06T12:06:37.080829+00:00, run_after=2023-07-07T12:06:37.080829+00:00
[2023-07-07T12:06:37.094+0000] {processor.py:176} INFO - Processing /home/airflow/.local/lib/python3.7/site-packages/airflow/example_dags/example_task_group_decorator.py took 0.072 seconds
[2023-07-07T12:07:08.169+0000] {processor.py:154} INFO - Started process (PID=627) to work on /home/airflow/.local/lib/python3.7/site-packages/airflow/example_dags/example_task_group_decorator.py
[2023-07-07T12:07:08.170+0000] {processor.py:756} INFO - Processing file /home/airflow/.local/lib/python3.7/site-packages/airflow/example_dags/example_task_group_decorator.py for tasks to queue
[2023-07-07T12:07:08.171+0000] {logging_mixin.py:120} INFO - [2023-07-07T12:07:08.170+0000] {dagbag.py:537} INFO - Filling up the DagBag from /home/airflow/.local/lib/python3.7/site-packages/airflow/example_dags/example_task_group_decorator.py
[2023-07-07T12:07:08.186+0000] {processor.py:766} INFO - DAG(s) dict_keys(['example_task_group_decorator']) retrieved from /home/airflow/.local/lib/python3.7/site-packages/airflow/example_dags/example_task_group_decorator.py
[2023-07-07T12:07:08.209+0000] {logging_mixin.py:120} INFO - [2023-07-07T12:07:08.209+0000] {dag.py:2585} INFO - Sync 1 DAGs
[2023-07-07T12:07:08.223+0000] {logging_mixin.py:120} INFO - [2023-07-07T12:07:08.223+0000] {dag.py:3340} INFO - Setting next_dagrun for example_task_group_decorator to 2023-07-06T12:07:08.223424+00:00, run_after=2023-07-07T12:07:08.223424+00:00
[2023-07-07T12:07:08.235+0000] {processor.py:176} INFO - Processing /home/airflow/.local/lib/python3.7/site-packages/airflow/example_dags/example_task_group_decorator.py took 0.067 seconds
[2023-07-07T12:07:38.402+0000] {processor.py:154} INFO - Started process (PID=694) to work on /home/airflow/.local/lib/python3.7/site-packages/airflow/example_dags/example_task_group_decorator.py
[2023-07-07T12:07:38.403+0000] {processor.py:756} INFO - Processing file /home/airflow/.local/lib/python3.7/site-packages/airflow/example_dags/example_task_group_decorator.py for tasks to queue
[2023-07-07T12:07:38.403+0000] {logging_mixin.py:120} INFO - [2023-07-07T12:07:38.403+0000] {dagbag.py:537} INFO - Filling up the DagBag from /home/airflow/.local/lib/python3.7/site-packages/airflow/example_dags/example_task_group_decorator.py
[2023-07-07T12:07:38.418+0000] {processor.py:766} INFO - DAG(s) dict_keys(['example_task_group_decorator']) retrieved from /home/airflow/.local/lib/python3.7/site-packages/airflow/example_dags/example_task_group_decorator.py
[2023-07-07T12:07:38.441+0000] {logging_mixin.py:120} INFO - [2023-07-07T12:07:38.441+0000] {dag.py:2585} INFO - Sync 1 DAGs
[2023-07-07T12:07:38.455+0000] {logging_mixin.py:120} INFO - [2023-07-07T12:07:38.455+0000] {dag.py:3340} INFO - Setting next_dagrun for example_task_group_decorator to 2023-07-06T12:07:38.455013+00:00, run_after=2023-07-07T12:07:38.455013+00:00
[2023-07-07T12:07:38.467+0000] {processor.py:176} INFO - Processing /home/airflow/.local/lib/python3.7/site-packages/airflow/example_dags/example_task_group_decorator.py took 0.066 seconds
[2023-07-07T12:08:08.590+0000] {processor.py:154} INFO - Started process (PID=761) to work on /home/airflow/.local/lib/python3.7/site-packages/airflow/example_dags/example_task_group_decorator.py
[2023-07-07T12:08:08.591+0000] {processor.py:756} INFO - Processing file /home/airflow/.local/lib/python3.7/site-packages/airflow/example_dags/example_task_group_decorator.py for tasks to queue
[2023-07-07T12:08:08.592+0000] {logging_mixin.py:120} INFO - [2023-07-07T12:08:08.592+0000] {dagbag.py:537} INFO - Filling up the DagBag from /home/airflow/.local/lib/python3.7/site-packages/airflow/example_dags/example_task_group_decorator.py
[2023-07-07T12:08:08.607+0000] {processor.py:766} INFO - DAG(s) dict_keys(['example_task_group_decorator']) retrieved from /home/airflow/.local/lib/python3.7/site-packages/airflow/example_dags/example_task_group_decorator.py
[2023-07-07T12:08:08.630+0000] {logging_mixin.py:120} INFO - [2023-07-07T12:08:08.630+0000] {dag.py:2585} INFO - Sync 1 DAGs
[2023-07-07T12:08:08.644+0000] {logging_mixin.py:120} INFO - [2023-07-07T12:08:08.644+0000] {dag.py:3340} INFO - Setting next_dagrun for example_task_group_decorator to 2023-07-06T12:08:08.644535+00:00, run_after=2023-07-07T12:08:08.644535+00:00
[2023-07-07T12:08:08.657+0000] {processor.py:176} INFO - Processing /home/airflow/.local/lib/python3.7/site-packages/airflow/example_dags/example_task_group_decorator.py took 0.068 seconds
[2023-07-07T12:08:38.900+0000] {processor.py:154} INFO - Started process (PID=819) to work on /home/airflow/.local/lib/python3.7/site-packages/airflow/example_dags/example_task_group_decorator.py
[2023-07-07T12:08:38.901+0000] {processor.py:756} INFO - Processing file /home/airflow/.local/lib/python3.7/site-packages/airflow/example_dags/example_task_group_decorator.py for tasks to queue
[2023-07-07T12:08:38.901+0000] {logging_mixin.py:120} INFO - [2023-07-07T12:08:38.901+0000] {dagbag.py:537} INFO - Filling up the DagBag from /home/airflow/.local/lib/python3.7/site-packages/airflow/example_dags/example_task_group_decorator.py
[2023-07-07T12:08:38.925+0000] {processor.py:766} INFO - DAG(s) dict_keys(['example_task_group_decorator']) retrieved from /home/airflow/.local/lib/python3.7/site-packages/airflow/example_dags/example_task_group_decorator.py
[2023-07-07T12:08:38.956+0000] {logging_mixin.py:120} INFO - [2023-07-07T12:08:38.956+0000] {dag.py:2585} INFO - Sync 1 DAGs
[2023-07-07T12:08:38.972+0000] {logging_mixin.py:120} INFO - [2023-07-07T12:08:38.972+0000] {dag.py:3340} INFO - Setting next_dagrun for example_task_group_decorator to 2023-07-06T12:08:38.972605+00:00, run_after=2023-07-07T12:08:38.972605+00:00
[2023-07-07T12:08:38.986+0000] {processor.py:176} INFO - Processing /home/airflow/.local/lib/python3.7/site-packages/airflow/example_dags/example_task_group_decorator.py took 0.089 seconds
[2023-07-07T12:09:09.233+0000] {processor.py:154} INFO - Started process (PID=887) to work on /home/airflow/.local/lib/python3.7/site-packages/airflow/example_dags/example_task_group_decorator.py
[2023-07-07T12:09:09.234+0000] {processor.py:756} INFO - Processing file /home/airflow/.local/lib/python3.7/site-packages/airflow/example_dags/example_task_group_decorator.py for tasks to queue
[2023-07-07T12:09:09.235+0000] {logging_mixin.py:120} INFO - [2023-07-07T12:09:09.235+0000] {dagbag.py:537} INFO - Filling up the DagBag from /home/airflow/.local/lib/python3.7/site-packages/airflow/example_dags/example_task_group_decorator.py
[2023-07-07T12:09:09.251+0000] {processor.py:766} INFO - DAG(s) dict_keys(['example_task_group_decorator']) retrieved from /home/airflow/.local/lib/python3.7/site-packages/airflow/example_dags/example_task_group_decorator.py
[2023-07-07T12:09:09.276+0000] {logging_mixin.py:120} INFO - [2023-07-07T12:09:09.275+0000] {dag.py:2585} INFO - Sync 1 DAGs
[2023-07-07T12:09:09.290+0000] {logging_mixin.py:120} INFO - [2023-07-07T12:09:09.290+0000] {dag.py:3340} INFO - Setting next_dagrun for example_task_group_decorator to 2023-07-06T12:09:09.290581+00:00, run_after=2023-07-07T12:09:09.290581+00:00
[2023-07-07T12:09:09.303+0000] {processor.py:176} INFO - Processing /home/airflow/.local/lib/python3.7/site-packages/airflow/example_dags/example_task_group_decorator.py took 0.071 seconds
[2023-07-07T12:09:39.548+0000] {processor.py:154} INFO - Started process (PID=954) to work on /home/airflow/.local/lib/python3.7/site-packages/airflow/example_dags/example_task_group_decorator.py
[2023-07-07T12:09:39.550+0000] {processor.py:756} INFO - Processing file /home/airflow/.local/lib/python3.7/site-packages/airflow/example_dags/example_task_group_decorator.py for tasks to queue
[2023-07-07T12:09:39.550+0000] {logging_mixin.py:120} INFO - [2023-07-07T12:09:39.550+0000] {dagbag.py:537} INFO - Filling up the DagBag from /home/airflow/.local/lib/python3.7/site-packages/airflow/example_dags/example_task_group_decorator.py
[2023-07-07T12:09:39.567+0000] {processor.py:766} INFO - DAG(s) dict_keys(['example_task_group_decorator']) retrieved from /home/airflow/.local/lib/python3.7/site-packages/airflow/example_dags/example_task_group_decorator.py
[2023-07-07T12:09:39.595+0000] {logging_mixin.py:120} INFO - [2023-07-07T12:09:39.595+0000] {dag.py:2585} INFO - Sync 1 DAGs
[2023-07-07T12:09:39.612+0000] {logging_mixin.py:120} INFO - [2023-07-07T12:09:39.612+0000] {dag.py:3340} INFO - Setting next_dagrun for example_task_group_decorator to 2023-07-06T12:09:39.611995+00:00, run_after=2023-07-07T12:09:39.611995+00:00
[2023-07-07T12:09:39.625+0000] {processor.py:176} INFO - Processing /home/airflow/.local/lib/python3.7/site-packages/airflow/example_dags/example_task_group_decorator.py took 0.080 seconds
[2023-07-07T12:10:09.652+0000] {processor.py:154} INFO - Started process (PID=1022) to work on /home/airflow/.local/lib/python3.7/site-packages/airflow/example_dags/example_task_group_decorator.py
[2023-07-07T12:10:09.652+0000] {processor.py:756} INFO - Processing file /home/airflow/.local/lib/python3.7/site-packages/airflow/example_dags/example_task_group_decorator.py for tasks to queue
[2023-07-07T12:10:09.653+0000] {logging_mixin.py:120} INFO - [2023-07-07T12:10:09.653+0000] {dagbag.py:537} INFO - Filling up the DagBag from /home/airflow/.local/lib/python3.7/site-packages/airflow/example_dags/example_task_group_decorator.py
[2023-07-07T12:10:09.672+0000] {processor.py:766} INFO - DAG(s) dict_keys(['example_task_group_decorator']) retrieved from /home/airflow/.local/lib/python3.7/site-packages/airflow/example_dags/example_task_group_decorator.py
[2023-07-07T12:10:09.702+0000] {logging_mixin.py:120} INFO - [2023-07-07T12:10:09.702+0000] {dag.py:2585} INFO - Sync 1 DAGs
[2023-07-07T12:10:09.720+0000] {logging_mixin.py:120} INFO - [2023-07-07T12:10:09.720+0000] {dag.py:3340} INFO - Setting next_dagrun for example_task_group_decorator to 2023-07-06T12:10:09.719730+00:00, run_after=2023-07-07T12:10:09.719730+00:00
[2023-07-07T12:10:09.734+0000] {processor.py:176} INFO - Processing /home/airflow/.local/lib/python3.7/site-packages/airflow/example_dags/example_task_group_decorator.py took 0.085 seconds
[2023-07-07T12:10:40.017+0000] {processor.py:154} INFO - Started process (PID=1084) to work on /home/airflow/.local/lib/python3.7/site-packages/airflow/example_dags/example_task_group_decorator.py
[2023-07-07T12:10:40.017+0000] {processor.py:756} INFO - Processing file /home/airflow/.local/lib/python3.7/site-packages/airflow/example_dags/example_task_group_decorator.py for tasks to queue
[2023-07-07T12:10:40.018+0000] {logging_mixin.py:120} INFO - [2023-07-07T12:10:40.018+0000] {dagbag.py:537} INFO - Filling up the DagBag from /home/airflow/.local/lib/python3.7/site-packages/airflow/example_dags/example_task_group_decorator.py
[2023-07-07T12:10:40.039+0000] {processor.py:766} INFO - DAG(s) dict_keys(['example_task_group_decorator']) retrieved from /home/airflow/.local/lib/python3.7/site-packages/airflow/example_dags/example_task_group_decorator.py
[2023-07-07T12:10:40.069+0000] {logging_mixin.py:120} INFO - [2023-07-07T12:10:40.069+0000] {dag.py:2585} INFO - Sync 1 DAGs
[2023-07-07T12:10:40.093+0000] {logging_mixin.py:120} INFO - [2023-07-07T12:10:40.093+0000] {dag.py:3340} INFO - Setting next_dagrun for example_task_group_decorator to 2023-07-06T12:10:40.093030+00:00, run_after=2023-07-07T12:10:40.093030+00:00
[2023-07-07T12:10:40.114+0000] {processor.py:176} INFO - Processing /home/airflow/.local/lib/python3.7/site-packages/airflow/example_dags/example_task_group_decorator.py took 0.100 seconds
[2023-07-07T12:11:10.226+0000] {processor.py:154} INFO - Started process (PID=1146) to work on /home/airflow/.local/lib/python3.7/site-packages/airflow/example_dags/example_task_group_decorator.py
[2023-07-07T12:11:10.227+0000] {processor.py:756} INFO - Processing file /home/airflow/.local/lib/python3.7/site-packages/airflow/example_dags/example_task_group_decorator.py for tasks to queue
[2023-07-07T12:11:10.227+0000] {logging_mixin.py:120} INFO - [2023-07-07T12:11:10.227+0000] {dagbag.py:537} INFO - Filling up the DagBag from /home/airflow/.local/lib/python3.7/site-packages/airflow/example_dags/example_task_group_decorator.py
[2023-07-07T12:11:10.244+0000] {processor.py:766} INFO - DAG(s) dict_keys(['example_task_group_decorator']) retrieved from /home/airflow/.local/lib/python3.7/site-packages/airflow/example_dags/example_task_group_decorator.py
[2023-07-07T12:11:10.271+0000] {logging_mixin.py:120} INFO - [2023-07-07T12:11:10.271+0000] {dag.py:2585} INFO - Sync 1 DAGs
[2023-07-07T12:11:10.287+0000] {logging_mixin.py:120} INFO - [2023-07-07T12:11:10.287+0000] {dag.py:3340} INFO - Setting next_dagrun for example_task_group_decorator to 2023-07-06T12:11:10.287176+00:00, run_after=2023-07-07T12:11:10.287176+00:00
[2023-07-07T12:11:10.300+0000] {processor.py:176} INFO - Processing /home/airflow/.local/lib/python3.7/site-packages/airflow/example_dags/example_task_group_decorator.py took 0.076 seconds
[2023-07-07T12:11:40.543+0000] {processor.py:154} INFO - Started process (PID=1212) to work on /home/airflow/.local/lib/python3.7/site-packages/airflow/example_dags/example_task_group_decorator.py
[2023-07-07T12:11:40.544+0000] {processor.py:756} INFO - Processing file /home/airflow/.local/lib/python3.7/site-packages/airflow/example_dags/example_task_group_decorator.py for tasks to queue
[2023-07-07T12:11:40.544+0000] {logging_mixin.py:120} INFO - [2023-07-07T12:11:40.544+0000] {dagbag.py:537} INFO - Filling up the DagBag from /home/airflow/.local/lib/python3.7/site-packages/airflow/example_dags/example_task_group_decorator.py
[2023-07-07T12:11:40.560+0000] {processor.py:766} INFO - DAG(s) dict_keys(['example_task_group_decorator']) retrieved from /home/airflow/.local/lib/python3.7/site-packages/airflow/example_dags/example_task_group_decorator.py
[2023-07-07T12:11:40.586+0000] {logging_mixin.py:120} INFO - [2023-07-07T12:11:40.586+0000] {dag.py:2585} INFO - Sync 1 DAGs
[2023-07-07T12:11:40.600+0000] {logging_mixin.py:120} INFO - [2023-07-07T12:11:40.600+0000] {dag.py:3340} INFO - Setting next_dagrun for example_task_group_decorator to 2023-07-06T12:11:40.600639+00:00, run_after=2023-07-07T12:11:40.600639+00:00
[2023-07-07T12:11:40.612+0000] {processor.py:176} INFO - Processing /home/airflow/.local/lib/python3.7/site-packages/airflow/example_dags/example_task_group_decorator.py took 0.071 seconds
[2023-07-07T12:12:10.806+0000] {processor.py:154} INFO - Started process (PID=1280) to work on /home/airflow/.local/lib/python3.7/site-packages/airflow/example_dags/example_task_group_decorator.py
[2023-07-07T12:12:10.807+0000] {processor.py:756} INFO - Processing file /home/airflow/.local/lib/python3.7/site-packages/airflow/example_dags/example_task_group_decorator.py for tasks to queue
[2023-07-07T12:12:10.807+0000] {logging_mixin.py:120} INFO - [2023-07-07T12:12:10.807+0000] {dagbag.py:537} INFO - Filling up the DagBag from /home/airflow/.local/lib/python3.7/site-packages/airflow/example_dags/example_task_group_decorator.py
[2023-07-07T12:12:10.826+0000] {processor.py:766} INFO - DAG(s) dict_keys(['example_task_group_decorator']) retrieved from /home/airflow/.local/lib/python3.7/site-packages/airflow/example_dags/example_task_group_decorator.py
[2023-07-07T12:12:10.858+0000] {logging_mixin.py:120} INFO - [2023-07-07T12:12:10.858+0000] {dag.py:2585} INFO - Sync 1 DAGs
[2023-07-07T12:12:10.876+0000] {logging_mixin.py:120} INFO - [2023-07-07T12:12:10.876+0000] {dag.py:3340} INFO - Setting next_dagrun for example_task_group_decorator to 2023-07-06T12:12:10.876209+00:00, run_after=2023-07-07T12:12:10.876209+00:00
[2023-07-07T12:12:10.891+0000] {processor.py:176} INFO - Processing /home/airflow/.local/lib/python3.7/site-packages/airflow/example_dags/example_task_group_decorator.py took 0.087 seconds
[2023-07-07T12:12:41.068+0000] {processor.py:154} INFO - Started process (PID=1348) to work on /home/airflow/.local/lib/python3.7/site-packages/airflow/example_dags/example_task_group_decorator.py
[2023-07-07T12:12:41.068+0000] {processor.py:756} INFO - Processing file /home/airflow/.local/lib/python3.7/site-packages/airflow/example_dags/example_task_group_decorator.py for tasks to queue
[2023-07-07T12:12:41.069+0000] {logging_mixin.py:120} INFO - [2023-07-07T12:12:41.069+0000] {dagbag.py:537} INFO - Filling up the DagBag from /home/airflow/.local/lib/python3.7/site-packages/airflow/example_dags/example_task_group_decorator.py
[2023-07-07T12:12:41.088+0000] {processor.py:766} INFO - DAG(s) dict_keys(['example_task_group_decorator']) retrieved from /home/airflow/.local/lib/python3.7/site-packages/airflow/example_dags/example_task_group_decorator.py
[2023-07-07T12:12:41.116+0000] {logging_mixin.py:120} INFO - [2023-07-07T12:12:41.116+0000] {dag.py:2585} INFO - Sync 1 DAGs
[2023-07-07T12:12:41.135+0000] {logging_mixin.py:120} INFO - [2023-07-07T12:12:41.135+0000] {dag.py:3340} INFO - Setting next_dagrun for example_task_group_decorator to 2023-07-06T12:12:41.135034+00:00, run_after=2023-07-07T12:12:41.135034+00:00
[2023-07-07T12:12:41.150+0000] {processor.py:176} INFO - Processing /home/airflow/.local/lib/python3.7/site-packages/airflow/example_dags/example_task_group_decorator.py took 0.084 seconds
[2023-07-07T12:13:11.359+0000] {processor.py:154} INFO - Started process (PID=1406) to work on /home/airflow/.local/lib/python3.7/site-packages/airflow/example_dags/example_task_group_decorator.py
[2023-07-07T12:13:11.360+0000] {processor.py:756} INFO - Processing file /home/airflow/.local/lib/python3.7/site-packages/airflow/example_dags/example_task_group_decorator.py for tasks to queue
[2023-07-07T12:13:11.360+0000] {logging_mixin.py:120} INFO - [2023-07-07T12:13:11.360+0000] {dagbag.py:537} INFO - Filling up the DagBag from /home/airflow/.local/lib/python3.7/site-packages/airflow/example_dags/example_task_group_decorator.py
[2023-07-07T12:13:11.376+0000] {processor.py:766} INFO - DAG(s) dict_keys(['example_task_group_decorator']) retrieved from /home/airflow/.local/lib/python3.7/site-packages/airflow/example_dags/example_task_group_decorator.py
[2023-07-07T12:13:11.403+0000] {logging_mixin.py:120} INFO - [2023-07-07T12:13:11.402+0000] {dag.py:2585} INFO - Sync 1 DAGs
[2023-07-07T12:13:11.419+0000] {logging_mixin.py:120} INFO - [2023-07-07T12:13:11.419+0000] {dag.py:3340} INFO - Setting next_dagrun for example_task_group_decorator to 2023-07-06T12:13:11.419342+00:00, run_after=2023-07-07T12:13:11.419342+00:00
[2023-07-07T12:13:11.432+0000] {processor.py:176} INFO - Processing /home/airflow/.local/lib/python3.7/site-packages/airflow/example_dags/example_task_group_decorator.py took 0.075 seconds
[2023-07-07T12:13:41.452+0000] {processor.py:154} INFO - Started process (PID=1474) to work on /home/airflow/.local/lib/python3.7/site-packages/airflow/example_dags/example_task_group_decorator.py
[2023-07-07T12:13:41.453+0000] {processor.py:756} INFO - Processing file /home/airflow/.local/lib/python3.7/site-packages/airflow/example_dags/example_task_group_decorator.py for tasks to queue
[2023-07-07T12:13:41.454+0000] {logging_mixin.py:120} INFO - [2023-07-07T12:13:41.454+0000] {dagbag.py:537} INFO - Filling up the DagBag from /home/airflow/.local/lib/python3.7/site-packages/airflow/example_dags/example_task_group_decorator.py
[2023-07-07T12:13:41.476+0000] {processor.py:766} INFO - DAG(s) dict_keys(['example_task_group_decorator']) retrieved from /home/airflow/.local/lib/python3.7/site-packages/airflow/example_dags/example_task_group_decorator.py
[2023-07-07T12:13:41.518+0000] {logging_mixin.py:120} INFO - [2023-07-07T12:13:41.518+0000] {dag.py:2585} INFO - Sync 1 DAGs
[2023-07-07T12:13:41.534+0000] {logging_mixin.py:120} INFO - [2023-07-07T12:13:41.534+0000] {dag.py:3340} INFO - Setting next_dagrun for example_task_group_decorator to 2023-07-06T12:13:41.534281+00:00, run_after=2023-07-07T12:13:41.534281+00:00
[2023-07-07T12:13:41.546+0000] {processor.py:176} INFO - Processing /home/airflow/.local/lib/python3.7/site-packages/airflow/example_dags/example_task_group_decorator.py took 0.096 seconds
[2023-07-07T12:14:11.591+0000] {processor.py:154} INFO - Started process (PID=1540) to work on /home/airflow/.local/lib/python3.7/site-packages/airflow/example_dags/example_task_group_decorator.py
[2023-07-07T12:14:11.591+0000] {processor.py:756} INFO - Processing file /home/airflow/.local/lib/python3.7/site-packages/airflow/example_dags/example_task_group_decorator.py for tasks to queue
[2023-07-07T12:14:11.592+0000] {logging_mixin.py:120} INFO - [2023-07-07T12:14:11.592+0000] {dagbag.py:537} INFO - Filling up the DagBag from /home/airflow/.local/lib/python3.7/site-packages/airflow/example_dags/example_task_group_decorator.py
[2023-07-07T12:14:11.607+0000] {processor.py:766} INFO - DAG(s) dict_keys(['example_task_group_decorator']) retrieved from /home/airflow/.local/lib/python3.7/site-packages/airflow/example_dags/example_task_group_decorator.py
[2023-07-07T12:14:11.631+0000] {logging_mixin.py:120} INFO - [2023-07-07T12:14:11.631+0000] {dag.py:2585} INFO - Sync 1 DAGs
[2023-07-07T12:14:11.647+0000] {logging_mixin.py:120} INFO - [2023-07-07T12:14:11.646+0000] {dag.py:3340} INFO - Setting next_dagrun for example_task_group_decorator to 2023-07-06T12:14:11.646823+00:00, run_after=2023-07-07T12:14:11.646823+00:00
[2023-07-07T12:14:11.659+0000] {processor.py:176} INFO - Processing /home/airflow/.local/lib/python3.7/site-packages/airflow/example_dags/example_task_group_decorator.py took 0.070 seconds
[2023-07-07T12:14:41.721+0000] {processor.py:154} INFO - Started process (PID=1607) to work on /home/airflow/.local/lib/python3.7/site-packages/airflow/example_dags/example_task_group_decorator.py
[2023-07-07T12:14:41.722+0000] {processor.py:756} INFO - Processing file /home/airflow/.local/lib/python3.7/site-packages/airflow/example_dags/example_task_group_decorator.py for tasks to queue
[2023-07-07T12:14:41.722+0000] {logging_mixin.py:120} INFO - [2023-07-07T12:14:41.722+0000] {dagbag.py:537} INFO - Filling up the DagBag from /home/airflow/.local/lib/python3.7/site-packages/airflow/example_dags/example_task_group_decorator.py
[2023-07-07T12:14:41.739+0000] {processor.py:766} INFO - DAG(s) dict_keys(['example_task_group_decorator']) retrieved from /home/airflow/.local/lib/python3.7/site-packages/airflow/example_dags/example_task_group_decorator.py
[2023-07-07T12:14:41.765+0000] {logging_mixin.py:120} INFO - [2023-07-07T12:14:41.765+0000] {dag.py:2585} INFO - Sync 1 DAGs
[2023-07-07T12:14:41.781+0000] {logging_mixin.py:120} INFO - [2023-07-07T12:14:41.781+0000] {dag.py:3340} INFO - Setting next_dagrun for example_task_group_decorator to 2023-07-06T12:14:41.781617+00:00, run_after=2023-07-07T12:14:41.781617+00:00
[2023-07-07T12:14:41.794+0000] {processor.py:176} INFO - Processing /home/airflow/.local/lib/python3.7/site-packages/airflow/example_dags/example_task_group_decorator.py took 0.074 seconds
[2023-07-07T12:15:11.856+0000] {processor.py:154} INFO - Started process (PID=1665) to work on /home/airflow/.local/lib/python3.7/site-packages/airflow/example_dags/example_task_group_decorator.py
[2023-07-07T12:15:11.857+0000] {processor.py:756} INFO - Processing file /home/airflow/.local/lib/python3.7/site-packages/airflow/example_dags/example_task_group_decorator.py for tasks to queue
[2023-07-07T12:15:11.857+0000] {logging_mixin.py:120} INFO - [2023-07-07T12:15:11.857+0000] {dagbag.py:537} INFO - Filling up the DagBag from /home/airflow/.local/lib/python3.7/site-packages/airflow/example_dags/example_task_group_decorator.py
[2023-07-07T12:15:11.873+0000] {processor.py:766} INFO - DAG(s) dict_keys(['example_task_group_decorator']) retrieved from /home/airflow/.local/lib/python3.7/site-packages/airflow/example_dags/example_task_group_decorator.py
[2023-07-07T12:15:11.899+0000] {logging_mixin.py:120} INFO - [2023-07-07T12:15:11.899+0000] {dag.py:2585} INFO - Sync 1 DAGs
[2023-07-07T12:15:11.916+0000] {logging_mixin.py:120} INFO - [2023-07-07T12:15:11.915+0000] {dag.py:3340} INFO - Setting next_dagrun for example_task_group_decorator to 2023-07-06T12:15:11.915658+00:00, run_after=2023-07-07T12:15:11.915658+00:00
[2023-07-07T12:15:11.929+0000] {processor.py:176} INFO - Processing /home/airflow/.local/lib/python3.7/site-packages/airflow/example_dags/example_task_group_decorator.py took 0.074 seconds
[2023-07-07T12:15:42.112+0000] {processor.py:154} INFO - Started process (PID=1732) to work on /home/airflow/.local/lib/python3.7/site-packages/airflow/example_dags/example_task_group_decorator.py
[2023-07-07T12:15:42.112+0000] {processor.py:756} INFO - Processing file /home/airflow/.local/lib/python3.7/site-packages/airflow/example_dags/example_task_group_decorator.py for tasks to queue
[2023-07-07T12:15:42.112+0000] {logging_mixin.py:120} INFO - [2023-07-07T12:15:42.112+0000] {dagbag.py:537} INFO - Filling up the DagBag from /home/airflow/.local/lib/python3.7/site-packages/airflow/example_dags/example_task_group_decorator.py
[2023-07-07T12:15:42.129+0000] {processor.py:766} INFO - DAG(s) dict_keys(['example_task_group_decorator']) retrieved from /home/airflow/.local/lib/python3.7/site-packages/airflow/example_dags/example_task_group_decorator.py
[2023-07-07T12:15:42.155+0000] {logging_mixin.py:120} INFO - [2023-07-07T12:15:42.155+0000] {dag.py:2585} INFO - Sync 1 DAGs
[2023-07-07T12:15:42.171+0000] {logging_mixin.py:120} INFO - [2023-07-07T12:15:42.171+0000] {dag.py:3340} INFO - Setting next_dagrun for example_task_group_decorator to 2023-07-06T12:15:42.170976+00:00, run_after=2023-07-07T12:15:42.170976+00:00
[2023-07-07T12:15:42.182+0000] {processor.py:176} INFO - Processing /home/airflow/.local/lib/python3.7/site-packages/airflow/example_dags/example_task_group_decorator.py took 0.072 seconds
[2023-07-07T12:16:12.495+0000] {processor.py:154} INFO - Started process (PID=1800) to work on /home/airflow/.local/lib/python3.7/site-packages/airflow/example_dags/example_task_group_decorator.py
[2023-07-07T12:16:12.495+0000] {processor.py:756} INFO - Processing file /home/airflow/.local/lib/python3.7/site-packages/airflow/example_dags/example_task_group_decorator.py for tasks to queue
[2023-07-07T12:16:12.496+0000] {logging_mixin.py:120} INFO - [2023-07-07T12:16:12.496+0000] {dagbag.py:537} INFO - Filling up the DagBag from /home/airflow/.local/lib/python3.7/site-packages/airflow/example_dags/example_task_group_decorator.py
[2023-07-07T12:16:12.511+0000] {processor.py:766} INFO - DAG(s) dict_keys(['example_task_group_decorator']) retrieved from /home/airflow/.local/lib/python3.7/site-packages/airflow/example_dags/example_task_group_decorator.py
[2023-07-07T12:16:12.534+0000] {logging_mixin.py:120} INFO - [2023-07-07T12:16:12.534+0000] {dag.py:2585} INFO - Sync 1 DAGs
[2023-07-07T12:16:12.551+0000] {logging_mixin.py:120} INFO - [2023-07-07T12:16:12.551+0000] {dag.py:3340} INFO - Setting next_dagrun for example_task_group_decorator to 2023-07-06T12:16:12.550912+00:00, run_after=2023-07-07T12:16:12.550912+00:00
[2023-07-07T12:16:12.564+0000] {processor.py:176} INFO - Processing /home/airflow/.local/lib/python3.7/site-packages/airflow/example_dags/example_task_group_decorator.py took 0.071 seconds
[2023-07-07T12:16:42.734+0000] {processor.py:154} INFO - Started process (PID=1868) to work on /home/airflow/.local/lib/python3.7/site-packages/airflow/example_dags/example_task_group_decorator.py
[2023-07-07T12:16:42.734+0000] {processor.py:756} INFO - Processing file /home/airflow/.local/lib/python3.7/site-packages/airflow/example_dags/example_task_group_decorator.py for tasks to queue
[2023-07-07T12:16:42.735+0000] {logging_mixin.py:120} INFO - [2023-07-07T12:16:42.735+0000] {dagbag.py:537} INFO - Filling up the DagBag from /home/airflow/.local/lib/python3.7/site-packages/airflow/example_dags/example_task_group_decorator.py
[2023-07-07T12:16:42.752+0000] {processor.py:766} INFO - DAG(s) dict_keys(['example_task_group_decorator']) retrieved from /home/airflow/.local/lib/python3.7/site-packages/airflow/example_dags/example_task_group_decorator.py
[2023-07-07T12:16:42.777+0000] {logging_mixin.py:120} INFO - [2023-07-07T12:16:42.777+0000] {dag.py:2585} INFO - Sync 1 DAGs
[2023-07-07T12:16:42.796+0000] {logging_mixin.py:120} INFO - [2023-07-07T12:16:42.796+0000] {dag.py:3340} INFO - Setting next_dagrun for example_task_group_decorator to 2023-07-06T12:16:42.795900+00:00, run_after=2023-07-07T12:16:42.795900+00:00
[2023-07-07T12:16:42.809+0000] {processor.py:176} INFO - Processing /home/airflow/.local/lib/python3.7/site-packages/airflow/example_dags/example_task_group_decorator.py took 0.078 seconds
[2023-07-07T12:17:13.081+0000] {processor.py:154} INFO - Started process (PID=1926) to work on /home/airflow/.local/lib/python3.7/site-packages/airflow/example_dags/example_task_group_decorator.py
[2023-07-07T12:17:13.082+0000] {processor.py:756} INFO - Processing file /home/airflow/.local/lib/python3.7/site-packages/airflow/example_dags/example_task_group_decorator.py for tasks to queue
[2023-07-07T12:17:13.082+0000] {logging_mixin.py:120} INFO - [2023-07-07T12:17:13.082+0000] {dagbag.py:537} INFO - Filling up the DagBag from /home/airflow/.local/lib/python3.7/site-packages/airflow/example_dags/example_task_group_decorator.py
[2023-07-07T12:17:13.110+0000] {processor.py:766} INFO - DAG(s) dict_keys(['example_task_group_decorator']) retrieved from /home/airflow/.local/lib/python3.7/site-packages/airflow/example_dags/example_task_group_decorator.py
[2023-07-07T12:17:13.154+0000] {logging_mixin.py:120} INFO - [2023-07-07T12:17:13.154+0000] {dag.py:2585} INFO - Sync 1 DAGs
[2023-07-07T12:17:13.174+0000] {logging_mixin.py:120} INFO - [2023-07-07T12:17:13.174+0000] {dag.py:3340} INFO - Setting next_dagrun for example_task_group_decorator to 2023-07-06T12:17:13.173871+00:00, run_after=2023-07-07T12:17:13.173871+00:00
[2023-07-07T12:17:13.190+0000] {processor.py:176} INFO - Processing /home/airflow/.local/lib/python3.7/site-packages/airflow/example_dags/example_task_group_decorator.py took 0.111 seconds
[2023-07-07T12:17:43.451+0000] {processor.py:154} INFO - Started process (PID=1992) to work on /home/airflow/.local/lib/python3.7/site-packages/airflow/example_dags/example_task_group_decorator.py
[2023-07-07T12:17:43.452+0000] {processor.py:756} INFO - Processing file /home/airflow/.local/lib/python3.7/site-packages/airflow/example_dags/example_task_group_decorator.py for tasks to queue
[2023-07-07T12:17:43.452+0000] {logging_mixin.py:120} INFO - [2023-07-07T12:17:43.452+0000] {dagbag.py:537} INFO - Filling up the DagBag from /home/airflow/.local/lib/python3.7/site-packages/airflow/example_dags/example_task_group_decorator.py
[2023-07-07T12:17:43.468+0000] {processor.py:766} INFO - DAG(s) dict_keys(['example_task_group_decorator']) retrieved from /home/airflow/.local/lib/python3.7/site-packages/airflow/example_dags/example_task_group_decorator.py
[2023-07-07T12:17:43.494+0000] {logging_mixin.py:120} INFO - [2023-07-07T12:17:43.494+0000] {dag.py:2585} INFO - Sync 1 DAGs
[2023-07-07T12:17:43.509+0000] {logging_mixin.py:120} INFO - [2023-07-07T12:17:43.509+0000] {dag.py:3340} INFO - Setting next_dagrun for example_task_group_decorator to 2023-07-06T12:17:43.509477+00:00, run_after=2023-07-07T12:17:43.509477+00:00
[2023-07-07T12:17:43.521+0000] {processor.py:176} INFO - Processing /home/airflow/.local/lib/python3.7/site-packages/airflow/example_dags/example_task_group_decorator.py took 0.072 seconds
[2023-07-07T12:18:13.690+0000] {processor.py:154} INFO - Started process (PID=2059) to work on /home/airflow/.local/lib/python3.7/site-packages/airflow/example_dags/example_task_group_decorator.py
[2023-07-07T12:18:13.691+0000] {processor.py:756} INFO - Processing file /home/airflow/.local/lib/python3.7/site-packages/airflow/example_dags/example_task_group_decorator.py for tasks to queue
[2023-07-07T12:18:13.691+0000] {logging_mixin.py:120} INFO - [2023-07-07T12:18:13.691+0000] {dagbag.py:537} INFO - Filling up the DagBag from /home/airflow/.local/lib/python3.7/site-packages/airflow/example_dags/example_task_group_decorator.py
[2023-07-07T12:18:13.709+0000] {processor.py:766} INFO - DAG(s) dict_keys(['example_task_group_decorator']) retrieved from /home/airflow/.local/lib/python3.7/site-packages/airflow/example_dags/example_task_group_decorator.py
[2023-07-07T12:18:13.734+0000] {logging_mixin.py:120} INFO - [2023-07-07T12:18:13.734+0000] {dag.py:2585} INFO - Sync 1 DAGs
[2023-07-07T12:18:13.751+0000] {logging_mixin.py:120} INFO - [2023-07-07T12:18:13.751+0000] {dag.py:3340} INFO - Setting next_dagrun for example_task_group_decorator to 2023-07-06T12:18:13.751338+00:00, run_after=2023-07-07T12:18:13.751338+00:00
[2023-07-07T12:18:13.768+0000] {processor.py:176} INFO - Processing /home/airflow/.local/lib/python3.7/site-packages/airflow/example_dags/example_task_group_decorator.py took 0.079 seconds
[2023-07-07T12:18:43.902+0000] {processor.py:154} INFO - Started process (PID=2127) to work on /home/airflow/.local/lib/python3.7/site-packages/airflow/example_dags/example_task_group_decorator.py
[2023-07-07T12:18:43.903+0000] {processor.py:756} INFO - Processing file /home/airflow/.local/lib/python3.7/site-packages/airflow/example_dags/example_task_group_decorator.py for tasks to queue
[2023-07-07T12:18:43.903+0000] {logging_mixin.py:120} INFO - [2023-07-07T12:18:43.903+0000] {dagbag.py:537} INFO - Filling up the DagBag from /home/airflow/.local/lib/python3.7/site-packages/airflow/example_dags/example_task_group_decorator.py
[2023-07-07T12:18:43.918+0000] {processor.py:766} INFO - DAG(s) dict_keys(['example_task_group_decorator']) retrieved from /home/airflow/.local/lib/python3.7/site-packages/airflow/example_dags/example_task_group_decorator.py
[2023-07-07T12:18:43.940+0000] {logging_mixin.py:120} INFO - [2023-07-07T12:18:43.940+0000] {dag.py:2585} INFO - Sync 1 DAGs
[2023-07-07T12:18:43.954+0000] {logging_mixin.py:120} INFO - [2023-07-07T12:18:43.954+0000] {dag.py:3340} INFO - Setting next_dagrun for example_task_group_decorator to 2023-07-06T12:18:43.954721+00:00, run_after=2023-07-07T12:18:43.954721+00:00
[2023-07-07T12:18:43.965+0000] {processor.py:176} INFO - Processing /home/airflow/.local/lib/python3.7/site-packages/airflow/example_dags/example_task_group_decorator.py took 0.065 seconds
[2023-07-07T12:19:14.211+0000] {processor.py:154} INFO - Started process (PID=2194) to work on /home/airflow/.local/lib/python3.7/site-packages/airflow/example_dags/example_task_group_decorator.py
[2023-07-07T12:19:14.212+0000] {processor.py:756} INFO - Processing file /home/airflow/.local/lib/python3.7/site-packages/airflow/example_dags/example_task_group_decorator.py for tasks to queue
[2023-07-07T12:19:14.212+0000] {logging_mixin.py:120} INFO - [2023-07-07T12:19:14.212+0000] {dagbag.py:537} INFO - Filling up the DagBag from /home/airflow/.local/lib/python3.7/site-packages/airflow/example_dags/example_task_group_decorator.py
[2023-07-07T12:19:14.227+0000] {processor.py:766} INFO - DAG(s) dict_keys(['example_task_group_decorator']) retrieved from /home/airflow/.local/lib/python3.7/site-packages/airflow/example_dags/example_task_group_decorator.py
[2023-07-07T12:19:14.251+0000] {logging_mixin.py:120} INFO - [2023-07-07T12:19:14.251+0000] {dag.py:2585} INFO - Sync 1 DAGs
[2023-07-07T12:19:14.265+0000] {logging_mixin.py:120} INFO - [2023-07-07T12:19:14.265+0000] {dag.py:3340} INFO - Setting next_dagrun for example_task_group_decorator to 2023-07-06T12:19:14.265548+00:00, run_after=2023-07-07T12:19:14.265548+00:00
[2023-07-07T12:19:14.276+0000] {processor.py:176} INFO - Processing /home/airflow/.local/lib/python3.7/site-packages/airflow/example_dags/example_task_group_decorator.py took 0.067 seconds
[2023-07-07T12:19:44.469+0000] {processor.py:154} INFO - Started process (PID=2252) to work on /home/airflow/.local/lib/python3.7/site-packages/airflow/example_dags/example_task_group_decorator.py
[2023-07-07T12:19:44.469+0000] {processor.py:756} INFO - Processing file /home/airflow/.local/lib/python3.7/site-packages/airflow/example_dags/example_task_group_decorator.py for tasks to queue
[2023-07-07T12:19:44.470+0000] {logging_mixin.py:120} INFO - [2023-07-07T12:19:44.470+0000] {dagbag.py:537} INFO - Filling up the DagBag from /home/airflow/.local/lib/python3.7/site-packages/airflow/example_dags/example_task_group_decorator.py
[2023-07-07T12:19:44.487+0000] {processor.py:766} INFO - DAG(s) dict_keys(['example_task_group_decorator']) retrieved from /home/airflow/.local/lib/python3.7/site-packages/airflow/example_dags/example_task_group_decorator.py
[2023-07-07T12:19:44.512+0000] {logging_mixin.py:120} INFO - [2023-07-07T12:19:44.512+0000] {dag.py:2585} INFO - Sync 1 DAGs
[2023-07-07T12:19:44.528+0000] {logging_mixin.py:120} INFO - [2023-07-07T12:19:44.528+0000] {dag.py:3340} INFO - Setting next_dagrun for example_task_group_decorator to 2023-07-06T12:19:44.528024+00:00, run_after=2023-07-07T12:19:44.528024+00:00
[2023-07-07T12:19:44.543+0000] {processor.py:176} INFO - Processing /home/airflow/.local/lib/python3.7/site-packages/airflow/example_dags/example_task_group_decorator.py took 0.076 seconds
[2023-07-07T12:20:14.721+0000] {processor.py:154} INFO - Started process (PID=2320) to work on /home/airflow/.local/lib/python3.7/site-packages/airflow/example_dags/example_task_group_decorator.py
[2023-07-07T12:20:14.722+0000] {processor.py:756} INFO - Processing file /home/airflow/.local/lib/python3.7/site-packages/airflow/example_dags/example_task_group_decorator.py for tasks to queue
[2023-07-07T12:20:14.722+0000] {logging_mixin.py:120} INFO - [2023-07-07T12:20:14.722+0000] {dagbag.py:537} INFO - Filling up the DagBag from /home/airflow/.local/lib/python3.7/site-packages/airflow/example_dags/example_task_group_decorator.py
[2023-07-07T12:20:14.738+0000] {processor.py:766} INFO - DAG(s) dict_keys(['example_task_group_decorator']) retrieved from /home/airflow/.local/lib/python3.7/site-packages/airflow/example_dags/example_task_group_decorator.py
[2023-07-07T12:20:14.761+0000] {logging_mixin.py:120} INFO - [2023-07-07T12:20:14.761+0000] {dag.py:2585} INFO - Sync 1 DAGs
[2023-07-07T12:20:14.776+0000] {logging_mixin.py:120} INFO - [2023-07-07T12:20:14.776+0000] {dag.py:3340} INFO - Setting next_dagrun for example_task_group_decorator to 2023-07-06T12:20:14.776116+00:00, run_after=2023-07-07T12:20:14.776116+00:00
[2023-07-07T12:20:14.787+0000] {processor.py:176} INFO - Processing /home/airflow/.local/lib/python3.7/site-packages/airflow/example_dags/example_task_group_decorator.py took 0.067 seconds
[2023-07-07T12:20:44.863+0000] {processor.py:154} INFO - Started process (PID=2387) to work on /home/airflow/.local/lib/python3.7/site-packages/airflow/example_dags/example_task_group_decorator.py
[2023-07-07T12:20:44.864+0000] {processor.py:756} INFO - Processing file /home/airflow/.local/lib/python3.7/site-packages/airflow/example_dags/example_task_group_decorator.py for tasks to queue
[2023-07-07T12:20:44.865+0000] {logging_mixin.py:120} INFO - [2023-07-07T12:20:44.864+0000] {dagbag.py:537} INFO - Filling up the DagBag from /home/airflow/.local/lib/python3.7/site-packages/airflow/example_dags/example_task_group_decorator.py
[2023-07-07T12:20:44.882+0000] {processor.py:766} INFO - DAG(s) dict_keys(['example_task_group_decorator']) retrieved from /home/airflow/.local/lib/python3.7/site-packages/airflow/example_dags/example_task_group_decorator.py
[2023-07-07T12:20:44.908+0000] {logging_mixin.py:120} INFO - [2023-07-07T12:20:44.907+0000] {dag.py:2585} INFO - Sync 1 DAGs
[2023-07-07T12:20:44.925+0000] {logging_mixin.py:120} INFO - [2023-07-07T12:20:44.925+0000] {dag.py:3340} INFO - Setting next_dagrun for example_task_group_decorator to 2023-07-06T12:20:44.925384+00:00, run_after=2023-07-07T12:20:44.925384+00:00
[2023-07-07T12:20:44.938+0000] {processor.py:176} INFO - Processing /home/airflow/.local/lib/python3.7/site-packages/airflow/example_dags/example_task_group_decorator.py took 0.076 seconds
[2023-07-07T12:21:15.146+0000] {processor.py:154} INFO - Started process (PID=2454) to work on /home/airflow/.local/lib/python3.7/site-packages/airflow/example_dags/example_task_group_decorator.py
[2023-07-07T12:21:15.147+0000] {processor.py:756} INFO - Processing file /home/airflow/.local/lib/python3.7/site-packages/airflow/example_dags/example_task_group_decorator.py for tasks to queue
[2023-07-07T12:21:15.148+0000] {logging_mixin.py:120} INFO - [2023-07-07T12:21:15.147+0000] {dagbag.py:537} INFO - Filling up the DagBag from /home/airflow/.local/lib/python3.7/site-packages/airflow/example_dags/example_task_group_decorator.py
[2023-07-07T12:21:15.163+0000] {processor.py:766} INFO - DAG(s) dict_keys(['example_task_group_decorator']) retrieved from /home/airflow/.local/lib/python3.7/site-packages/airflow/example_dags/example_task_group_decorator.py
[2023-07-07T12:21:15.186+0000] {logging_mixin.py:120} INFO - [2023-07-07T12:21:15.186+0000] {dag.py:2585} INFO - Sync 1 DAGs
[2023-07-07T12:21:15.200+0000] {logging_mixin.py:120} INFO - [2023-07-07T12:21:15.200+0000] {dag.py:3340} INFO - Setting next_dagrun for example_task_group_decorator to 2023-07-06T12:21:15.200586+00:00, run_after=2023-07-07T12:21:15.200586+00:00
[2023-07-07T12:21:15.213+0000] {processor.py:176} INFO - Processing /home/airflow/.local/lib/python3.7/site-packages/airflow/example_dags/example_task_group_decorator.py took 0.068 seconds
[2023-07-07T12:21:58.210+0000] {processor.py:154} INFO - Started process (PID=41) to work on /home/airflow/.local/lib/python3.7/site-packages/airflow/example_dags/example_task_group_decorator.py
[2023-07-07T12:21:58.220+0000] {processor.py:756} INFO - Processing file /home/airflow/.local/lib/python3.7/site-packages/airflow/example_dags/example_task_group_decorator.py for tasks to queue
[2023-07-07T12:21:58.220+0000] {logging_mixin.py:120} INFO - [2023-07-07T12:21:58.220+0000] {dagbag.py:537} INFO - Filling up the DagBag from /home/airflow/.local/lib/python3.7/site-packages/airflow/example_dags/example_task_group_decorator.py
[2023-07-07T12:21:58.276+0000] {processor.py:766} INFO - DAG(s) dict_keys(['example_task_group_decorator']) retrieved from /home/airflow/.local/lib/python3.7/site-packages/airflow/example_dags/example_task_group_decorator.py
[2023-07-07T12:21:58.309+0000] {logging_mixin.py:120} INFO - [2023-07-07T12:21:58.309+0000] {dag.py:2585} INFO - Sync 1 DAGs
[2023-07-07T12:21:58.340+0000] {logging_mixin.py:120} INFO - [2023-07-07T12:21:58.340+0000] {dag.py:3340} INFO - Setting next_dagrun for example_task_group_decorator to 2023-07-06T12:21:58.339875+00:00, run_after=2023-07-07T12:21:58.339875+00:00
[2023-07-07T12:21:58.361+0000] {processor.py:176} INFO - Processing /home/airflow/.local/lib/python3.7/site-packages/airflow/example_dags/example_task_group_decorator.py took 0.153 seconds
[2023-07-07T12:22:28.829+0000] {processor.py:154} INFO - Started process (PID=107) to work on /home/airflow/.local/lib/python3.7/site-packages/airflow/example_dags/example_task_group_decorator.py
[2023-07-07T12:22:28.830+0000] {processor.py:756} INFO - Processing file /home/airflow/.local/lib/python3.7/site-packages/airflow/example_dags/example_task_group_decorator.py for tasks to queue
[2023-07-07T12:22:28.830+0000] {logging_mixin.py:120} INFO - [2023-07-07T12:22:28.830+0000] {dagbag.py:537} INFO - Filling up the DagBag from /home/airflow/.local/lib/python3.7/site-packages/airflow/example_dags/example_task_group_decorator.py
[2023-07-07T12:22:28.848+0000] {processor.py:766} INFO - DAG(s) dict_keys(['example_task_group_decorator']) retrieved from /home/airflow/.local/lib/python3.7/site-packages/airflow/example_dags/example_task_group_decorator.py
[2023-07-07T12:22:28.871+0000] {logging_mixin.py:120} INFO - [2023-07-07T12:22:28.871+0000] {dag.py:2585} INFO - Sync 1 DAGs
[2023-07-07T12:22:28.887+0000] {logging_mixin.py:120} INFO - [2023-07-07T12:22:28.887+0000] {dag.py:3340} INFO - Setting next_dagrun for example_task_group_decorator to 2023-07-06T12:22:28.887331+00:00, run_after=2023-07-07T12:22:28.887331+00:00
[2023-07-07T12:22:28.899+0000] {processor.py:176} INFO - Processing /home/airflow/.local/lib/python3.7/site-packages/airflow/example_dags/example_task_group_decorator.py took 0.072 seconds
[2023-07-07T12:22:59.101+0000] {processor.py:154} INFO - Started process (PID=174) to work on /home/airflow/.local/lib/python3.7/site-packages/airflow/example_dags/example_task_group_decorator.py
[2023-07-07T12:22:59.102+0000] {processor.py:756} INFO - Processing file /home/airflow/.local/lib/python3.7/site-packages/airflow/example_dags/example_task_group_decorator.py for tasks to queue
[2023-07-07T12:22:59.102+0000] {logging_mixin.py:120} INFO - [2023-07-07T12:22:59.102+0000] {dagbag.py:537} INFO - Filling up the DagBag from /home/airflow/.local/lib/python3.7/site-packages/airflow/example_dags/example_task_group_decorator.py
[2023-07-07T12:22:59.120+0000] {processor.py:766} INFO - DAG(s) dict_keys(['example_task_group_decorator']) retrieved from /home/airflow/.local/lib/python3.7/site-packages/airflow/example_dags/example_task_group_decorator.py
[2023-07-07T12:22:59.147+0000] {logging_mixin.py:120} INFO - [2023-07-07T12:22:59.147+0000] {dag.py:2585} INFO - Sync 1 DAGs
[2023-07-07T12:22:59.168+0000] {logging_mixin.py:120} INFO - [2023-07-07T12:22:59.167+0000] {dag.py:3340} INFO - Setting next_dagrun for example_task_group_decorator to 2023-07-06T12:22:59.167672+00:00, run_after=2023-07-07T12:22:59.167672+00:00
[2023-07-07T12:22:59.185+0000] {processor.py:176} INFO - Processing /home/airflow/.local/lib/python3.7/site-packages/airflow/example_dags/example_task_group_decorator.py took 0.085 seconds
[2023-07-07T12:23:29.454+0000] {processor.py:154} INFO - Started process (PID=240) to work on /home/airflow/.local/lib/python3.7/site-packages/airflow/example_dags/example_task_group_decorator.py
[2023-07-07T12:23:29.455+0000] {processor.py:756} INFO - Processing file /home/airflow/.local/lib/python3.7/site-packages/airflow/example_dags/example_task_group_decorator.py for tasks to queue
[2023-07-07T12:23:29.455+0000] {logging_mixin.py:120} INFO - [2023-07-07T12:23:29.455+0000] {dagbag.py:537} INFO - Filling up the DagBag from /home/airflow/.local/lib/python3.7/site-packages/airflow/example_dags/example_task_group_decorator.py
[2023-07-07T12:23:29.474+0000] {processor.py:766} INFO - DAG(s) dict_keys(['example_task_group_decorator']) retrieved from /home/airflow/.local/lib/python3.7/site-packages/airflow/example_dags/example_task_group_decorator.py
[2023-07-07T12:23:29.502+0000] {logging_mixin.py:120} INFO - [2023-07-07T12:23:29.502+0000] {dag.py:2585} INFO - Sync 1 DAGs
[2023-07-07T12:23:29.519+0000] {logging_mixin.py:120} INFO - [2023-07-07T12:23:29.519+0000] {dag.py:3340} INFO - Setting next_dagrun for example_task_group_decorator to 2023-07-06T12:23:29.519289+00:00, run_after=2023-07-07T12:23:29.519289+00:00
[2023-07-07T12:23:29.533+0000] {processor.py:176} INFO - Processing /home/airflow/.local/lib/python3.7/site-packages/airflow/example_dags/example_task_group_decorator.py took 0.081 seconds
[2023-07-07T12:23:59.738+0000] {processor.py:154} INFO - Started process (PID=298) to work on /home/airflow/.local/lib/python3.7/site-packages/airflow/example_dags/example_task_group_decorator.py
[2023-07-07T12:23:59.739+0000] {processor.py:756} INFO - Processing file /home/airflow/.local/lib/python3.7/site-packages/airflow/example_dags/example_task_group_decorator.py for tasks to queue
[2023-07-07T12:23:59.740+0000] {logging_mixin.py:120} INFO - [2023-07-07T12:23:59.740+0000] {dagbag.py:537} INFO - Filling up the DagBag from /home/airflow/.local/lib/python3.7/site-packages/airflow/example_dags/example_task_group_decorator.py
[2023-07-07T12:23:59.760+0000] {processor.py:766} INFO - DAG(s) dict_keys(['example_task_group_decorator']) retrieved from /home/airflow/.local/lib/python3.7/site-packages/airflow/example_dags/example_task_group_decorator.py
[2023-07-07T12:23:59.785+0000] {logging_mixin.py:120} INFO - [2023-07-07T12:23:59.784+0000] {dag.py:2585} INFO - Sync 1 DAGs
[2023-07-07T12:23:59.801+0000] {logging_mixin.py:120} INFO - [2023-07-07T12:23:59.801+0000] {dag.py:3340} INFO - Setting next_dagrun for example_task_group_decorator to 2023-07-06T12:23:59.800922+00:00, run_after=2023-07-07T12:23:59.800922+00:00
[2023-07-07T12:23:59.815+0000] {processor.py:176} INFO - Processing /home/airflow/.local/lib/python3.7/site-packages/airflow/example_dags/example_task_group_decorator.py took 0.079 seconds
[2023-07-07T12:24:30.277+0000] {processor.py:154} INFO - Started process (PID=365) to work on /home/airflow/.local/lib/python3.7/site-packages/airflow/example_dags/example_task_group_decorator.py
[2023-07-07T12:24:30.278+0000] {processor.py:756} INFO - Processing file /home/airflow/.local/lib/python3.7/site-packages/airflow/example_dags/example_task_group_decorator.py for tasks to queue
[2023-07-07T12:24:30.278+0000] {logging_mixin.py:120} INFO - [2023-07-07T12:24:30.278+0000] {dagbag.py:537} INFO - Filling up the DagBag from /home/airflow/.local/lib/python3.7/site-packages/airflow/example_dags/example_task_group_decorator.py
[2023-07-07T12:24:30.294+0000] {processor.py:766} INFO - DAG(s) dict_keys(['example_task_group_decorator']) retrieved from /home/airflow/.local/lib/python3.7/site-packages/airflow/example_dags/example_task_group_decorator.py
[2023-07-07T12:24:30.316+0000] {logging_mixin.py:120} INFO - [2023-07-07T12:24:30.316+0000] {dag.py:2585} INFO - Sync 1 DAGs
[2023-07-07T12:24:30.331+0000] {logging_mixin.py:120} INFO - [2023-07-07T12:24:30.331+0000] {dag.py:3340} INFO - Setting next_dagrun for example_task_group_decorator to 2023-07-06T12:24:30.331368+00:00, run_after=2023-07-07T12:24:30.331368+00:00
[2023-07-07T12:24:30.343+0000] {processor.py:176} INFO - Processing /home/airflow/.local/lib/python3.7/site-packages/airflow/example_dags/example_task_group_decorator.py took 0.067 seconds
[2023-07-07T12:25:00.799+0000] {processor.py:154} INFO - Started process (PID=431) to work on /home/airflow/.local/lib/python3.7/site-packages/airflow/example_dags/example_task_group_decorator.py
[2023-07-07T12:25:00.799+0000] {processor.py:756} INFO - Processing file /home/airflow/.local/lib/python3.7/site-packages/airflow/example_dags/example_task_group_decorator.py for tasks to queue
[2023-07-07T12:25:00.800+0000] {logging_mixin.py:120} INFO - [2023-07-07T12:25:00.800+0000] {dagbag.py:537} INFO - Filling up the DagBag from /home/airflow/.local/lib/python3.7/site-packages/airflow/example_dags/example_task_group_decorator.py
[2023-07-07T12:25:00.818+0000] {processor.py:766} INFO - DAG(s) dict_keys(['example_task_group_decorator']) retrieved from /home/airflow/.local/lib/python3.7/site-packages/airflow/example_dags/example_task_group_decorator.py
[2023-07-07T12:25:00.843+0000] {logging_mixin.py:120} INFO - [2023-07-07T12:25:00.843+0000] {dag.py:2585} INFO - Sync 1 DAGs
[2023-07-07T12:25:00.858+0000] {logging_mixin.py:120} INFO - [2023-07-07T12:25:00.858+0000] {dag.py:3340} INFO - Setting next_dagrun for example_task_group_decorator to 2023-07-06T12:25:00.858153+00:00, run_after=2023-07-07T12:25:00.858153+00:00
[2023-07-07T12:25:00.870+0000] {processor.py:176} INFO - Processing /home/airflow/.local/lib/python3.7/site-packages/airflow/example_dags/example_task_group_decorator.py took 0.073 seconds
