[2023-07-07T12:00:25.205+0000] {processor.py:154} INFO - Started process (PID=57) to work on /home/airflow/.local/lib/python3.7/site-packages/airflow/example_dags/example_kubernetes_executor.py
[2023-07-07T12:00:25.206+0000] {processor.py:756} INFO - Processing file /home/airflow/.local/lib/python3.7/site-packages/airflow/example_dags/example_kubernetes_executor.py for tasks to queue
[2023-07-07T12:00:25.207+0000] {logging_mixin.py:120} INFO - [2023-07-07T12:00:25.206+0000] {dagbag.py:537} INFO - Filling up the DagBag from /home/airflow/.local/lib/python3.7/site-packages/airflow/example_dags/example_kubernetes_executor.py
[2023-07-07T12:00:25.240+0000] {processor.py:766} INFO - DAG(s) dict_keys(['example_kubernetes_executor']) retrieved from /home/airflow/.local/lib/python3.7/site-packages/airflow/example_dags/example_kubernetes_executor.py
[2023-07-07T12:00:25.281+0000] {logging_mixin.py:120} INFO - [2023-07-07T12:00:25.281+0000] {dag.py:2585} INFO - Sync 1 DAGs
[2023-07-07T12:00:25.311+0000] {logging_mixin.py:120} INFO - [2023-07-07T12:00:25.311+0000] {dag.py:3340} INFO - Setting next_dagrun for example_kubernetes_executor to None, run_after=None
[2023-07-07T12:00:25.332+0000] {processor.py:176} INFO - Processing /home/airflow/.local/lib/python3.7/site-packages/airflow/example_dags/example_kubernetes_executor.py took 0.129 seconds
[2023-07-07T12:00:55.987+0000] {processor.py:154} INFO - Started process (PID=123) to work on /home/airflow/.local/lib/python3.7/site-packages/airflow/example_dags/example_kubernetes_executor.py
[2023-07-07T12:00:55.988+0000] {processor.py:756} INFO - Processing file /home/airflow/.local/lib/python3.7/site-packages/airflow/example_dags/example_kubernetes_executor.py for tasks to queue
[2023-07-07T12:00:55.988+0000] {logging_mixin.py:120} INFO - [2023-07-07T12:00:55.988+0000] {dagbag.py:537} INFO - Filling up the DagBag from /home/airflow/.local/lib/python3.7/site-packages/airflow/example_dags/example_kubernetes_executor.py
[2023-07-07T12:00:56.004+0000] {processor.py:766} INFO - DAG(s) dict_keys(['example_kubernetes_executor']) retrieved from /home/airflow/.local/lib/python3.7/site-packages/airflow/example_dags/example_kubernetes_executor.py
[2023-07-07T12:00:56.027+0000] {logging_mixin.py:120} INFO - [2023-07-07T12:00:56.027+0000] {dag.py:2585} INFO - Sync 1 DAGs
[2023-07-07T12:00:56.041+0000] {logging_mixin.py:120} INFO - [2023-07-07T12:00:56.041+0000] {dag.py:3340} INFO - Setting next_dagrun for example_kubernetes_executor to None, run_after=None
[2023-07-07T12:00:56.052+0000] {processor.py:176} INFO - Processing /home/airflow/.local/lib/python3.7/site-packages/airflow/example_dags/example_kubernetes_executor.py took 0.067 seconds
[2023-07-07T12:01:27.332+0000] {processor.py:154} INFO - Started process (PID=192) to work on /home/airflow/.local/lib/python3.7/site-packages/airflow/example_dags/example_kubernetes_executor.py
[2023-07-07T12:01:27.333+0000] {processor.py:756} INFO - Processing file /home/airflow/.local/lib/python3.7/site-packages/airflow/example_dags/example_kubernetes_executor.py for tasks to queue
[2023-07-07T12:01:27.333+0000] {logging_mixin.py:120} INFO - [2023-07-07T12:01:27.333+0000] {dagbag.py:537} INFO - Filling up the DagBag from /home/airflow/.local/lib/python3.7/site-packages/airflow/example_dags/example_kubernetes_executor.py
[2023-07-07T12:01:27.352+0000] {processor.py:766} INFO - DAG(s) dict_keys(['example_kubernetes_executor']) retrieved from /home/airflow/.local/lib/python3.7/site-packages/airflow/example_dags/example_kubernetes_executor.py
[2023-07-07T12:01:27.381+0000] {logging_mixin.py:120} INFO - [2023-07-07T12:01:27.381+0000] {dag.py:2585} INFO - Sync 1 DAGs
[2023-07-07T12:01:27.399+0000] {logging_mixin.py:120} INFO - [2023-07-07T12:01:27.399+0000] {dag.py:3340} INFO - Setting next_dagrun for example_kubernetes_executor to None, run_after=None
[2023-07-07T12:01:27.413+0000] {processor.py:176} INFO - Processing /home/airflow/.local/lib/python3.7/site-packages/airflow/example_dags/example_kubernetes_executor.py took 0.082 seconds
[2023-07-07T12:01:58.867+0000] {processor.py:154} INFO - Started process (PID=259) to work on /home/airflow/.local/lib/python3.7/site-packages/airflow/example_dags/example_kubernetes_executor.py
[2023-07-07T12:01:58.867+0000] {processor.py:756} INFO - Processing file /home/airflow/.local/lib/python3.7/site-packages/airflow/example_dags/example_kubernetes_executor.py for tasks to queue
[2023-07-07T12:01:58.868+0000] {logging_mixin.py:120} INFO - [2023-07-07T12:01:58.868+0000] {dagbag.py:537} INFO - Filling up the DagBag from /home/airflow/.local/lib/python3.7/site-packages/airflow/example_dags/example_kubernetes_executor.py
[2023-07-07T12:01:58.888+0000] {processor.py:766} INFO - DAG(s) dict_keys(['example_kubernetes_executor']) retrieved from /home/airflow/.local/lib/python3.7/site-packages/airflow/example_dags/example_kubernetes_executor.py
[2023-07-07T12:01:58.917+0000] {logging_mixin.py:120} INFO - [2023-07-07T12:01:58.916+0000] {dag.py:2585} INFO - Sync 1 DAGs
[2023-07-07T12:01:58.936+0000] {logging_mixin.py:120} INFO - [2023-07-07T12:01:58.936+0000] {dag.py:3340} INFO - Setting next_dagrun for example_kubernetes_executor to None, run_after=None
[2023-07-07T12:01:58.949+0000] {processor.py:176} INFO - Processing /home/airflow/.local/lib/python3.7/site-packages/airflow/example_dags/example_kubernetes_executor.py took 0.085 seconds
[2023-07-07T12:02:36.038+0000] {processor.py:154} INFO - Started process (PID=58) to work on /home/airflow/.local/lib/python3.7/site-packages/airflow/example_dags/example_kubernetes_executor.py
[2023-07-07T12:02:36.041+0000] {processor.py:756} INFO - Processing file /home/airflow/.local/lib/python3.7/site-packages/airflow/example_dags/example_kubernetes_executor.py for tasks to queue
[2023-07-07T12:02:36.042+0000] {logging_mixin.py:120} INFO - [2023-07-07T12:02:36.042+0000] {dagbag.py:537} INFO - Filling up the DagBag from /home/airflow/.local/lib/python3.7/site-packages/airflow/example_dags/example_kubernetes_executor.py
[2023-07-07T12:02:36.113+0000] {processor.py:766} INFO - DAG(s) dict_keys(['example_kubernetes_executor']) retrieved from /home/airflow/.local/lib/python3.7/site-packages/airflow/example_dags/example_kubernetes_executor.py
[2023-07-07T12:02:36.213+0000] {logging_mixin.py:120} INFO - [2023-07-07T12:02:36.213+0000] {dag.py:2585} INFO - Sync 1 DAGs
[2023-07-07T12:02:36.273+0000] {logging_mixin.py:120} INFO - [2023-07-07T12:02:36.272+0000] {dag.py:3340} INFO - Setting next_dagrun for example_kubernetes_executor to None, run_after=None
[2023-07-07T12:02:36.352+0000] {processor.py:176} INFO - Processing /home/airflow/.local/lib/python3.7/site-packages/airflow/example_dags/example_kubernetes_executor.py took 0.320 seconds
[2023-07-07T12:03:06.500+0000] {processor.py:154} INFO - Started process (PID=125) to work on /home/airflow/.local/lib/python3.7/site-packages/airflow/example_dags/example_kubernetes_executor.py
[2023-07-07T12:03:06.501+0000] {processor.py:756} INFO - Processing file /home/airflow/.local/lib/python3.7/site-packages/airflow/example_dags/example_kubernetes_executor.py for tasks to queue
[2023-07-07T12:03:06.501+0000] {logging_mixin.py:120} INFO - [2023-07-07T12:03:06.501+0000] {dagbag.py:537} INFO - Filling up the DagBag from /home/airflow/.local/lib/python3.7/site-packages/airflow/example_dags/example_kubernetes_executor.py
[2023-07-07T12:03:06.516+0000] {processor.py:766} INFO - DAG(s) dict_keys(['example_kubernetes_executor']) retrieved from /home/airflow/.local/lib/python3.7/site-packages/airflow/example_dags/example_kubernetes_executor.py
[2023-07-07T12:03:06.539+0000] {logging_mixin.py:120} INFO - [2023-07-07T12:03:06.539+0000] {dag.py:2585} INFO - Sync 1 DAGs
[2023-07-07T12:03:06.553+0000] {logging_mixin.py:120} INFO - [2023-07-07T12:03:06.553+0000] {dag.py:3340} INFO - Setting next_dagrun for example_kubernetes_executor to None, run_after=None
[2023-07-07T12:03:06.564+0000] {processor.py:176} INFO - Processing /home/airflow/.local/lib/python3.7/site-packages/airflow/example_dags/example_kubernetes_executor.py took 0.066 seconds
[2023-07-07T12:03:36.668+0000] {processor.py:154} INFO - Started process (PID=193) to work on /home/airflow/.local/lib/python3.7/site-packages/airflow/example_dags/example_kubernetes_executor.py
[2023-07-07T12:03:36.669+0000] {processor.py:756} INFO - Processing file /home/airflow/.local/lib/python3.7/site-packages/airflow/example_dags/example_kubernetes_executor.py for tasks to queue
[2023-07-07T12:03:36.670+0000] {logging_mixin.py:120} INFO - [2023-07-07T12:03:36.669+0000] {dagbag.py:537} INFO - Filling up the DagBag from /home/airflow/.local/lib/python3.7/site-packages/airflow/example_dags/example_kubernetes_executor.py
[2023-07-07T12:03:36.685+0000] {processor.py:766} INFO - DAG(s) dict_keys(['example_kubernetes_executor']) retrieved from /home/airflow/.local/lib/python3.7/site-packages/airflow/example_dags/example_kubernetes_executor.py
[2023-07-07T12:03:36.710+0000] {logging_mixin.py:120} INFO - [2023-07-07T12:03:36.710+0000] {dag.py:2585} INFO - Sync 1 DAGs
[2023-07-07T12:03:36.725+0000] {logging_mixin.py:120} INFO - [2023-07-07T12:03:36.725+0000] {dag.py:3340} INFO - Setting next_dagrun for example_kubernetes_executor to None, run_after=None
[2023-07-07T12:03:36.737+0000] {processor.py:176} INFO - Processing /home/airflow/.local/lib/python3.7/site-packages/airflow/example_dags/example_kubernetes_executor.py took 0.070 seconds
[2023-07-07T12:04:06.874+0000] {processor.py:154} INFO - Started process (PID=252) to work on /home/airflow/.local/lib/python3.7/site-packages/airflow/example_dags/example_kubernetes_executor.py
[2023-07-07T12:04:06.875+0000] {processor.py:756} INFO - Processing file /home/airflow/.local/lib/python3.7/site-packages/airflow/example_dags/example_kubernetes_executor.py for tasks to queue
[2023-07-07T12:04:06.875+0000] {logging_mixin.py:120} INFO - [2023-07-07T12:04:06.875+0000] {dagbag.py:537} INFO - Filling up the DagBag from /home/airflow/.local/lib/python3.7/site-packages/airflow/example_dags/example_kubernetes_executor.py
[2023-07-07T12:04:06.890+0000] {processor.py:766} INFO - DAG(s) dict_keys(['example_kubernetes_executor']) retrieved from /home/airflow/.local/lib/python3.7/site-packages/airflow/example_dags/example_kubernetes_executor.py
[2023-07-07T12:04:06.913+0000] {logging_mixin.py:120} INFO - [2023-07-07T12:04:06.913+0000] {dag.py:2585} INFO - Sync 1 DAGs
[2023-07-07T12:04:06.929+0000] {logging_mixin.py:120} INFO - [2023-07-07T12:04:06.929+0000] {dag.py:3340} INFO - Setting next_dagrun for example_kubernetes_executor to None, run_after=None
[2023-07-07T12:04:06.941+0000] {processor.py:176} INFO - Processing /home/airflow/.local/lib/python3.7/site-packages/airflow/example_dags/example_kubernetes_executor.py took 0.069 seconds
[2023-07-07T12:04:37.235+0000] {processor.py:154} INFO - Started process (PID=319) to work on /home/airflow/.local/lib/python3.7/site-packages/airflow/example_dags/example_kubernetes_executor.py
[2023-07-07T12:04:37.235+0000] {processor.py:756} INFO - Processing file /home/airflow/.local/lib/python3.7/site-packages/airflow/example_dags/example_kubernetes_executor.py for tasks to queue
[2023-07-07T12:04:37.236+0000] {logging_mixin.py:120} INFO - [2023-07-07T12:04:37.236+0000] {dagbag.py:537} INFO - Filling up the DagBag from /home/airflow/.local/lib/python3.7/site-packages/airflow/example_dags/example_kubernetes_executor.py
[2023-07-07T12:04:37.251+0000] {processor.py:766} INFO - DAG(s) dict_keys(['example_kubernetes_executor']) retrieved from /home/airflow/.local/lib/python3.7/site-packages/airflow/example_dags/example_kubernetes_executor.py
[2023-07-07T12:04:37.274+0000] {logging_mixin.py:120} INFO - [2023-07-07T12:04:37.274+0000] {dag.py:2585} INFO - Sync 1 DAGs
[2023-07-07T12:04:37.290+0000] {logging_mixin.py:120} INFO - [2023-07-07T12:04:37.290+0000] {dag.py:3340} INFO - Setting next_dagrun for example_kubernetes_executor to None, run_after=None
[2023-07-07T12:04:37.302+0000] {processor.py:176} INFO - Processing /home/airflow/.local/lib/python3.7/site-packages/airflow/example_dags/example_kubernetes_executor.py took 0.069 seconds
[2023-07-07T12:05:08.291+0000] {processor.py:154} INFO - Started process (PID=386) to work on /home/airflow/.local/lib/python3.7/site-packages/airflow/example_dags/example_kubernetes_executor.py
[2023-07-07T12:05:08.292+0000] {processor.py:756} INFO - Processing file /home/airflow/.local/lib/python3.7/site-packages/airflow/example_dags/example_kubernetes_executor.py for tasks to queue
[2023-07-07T12:05:08.293+0000] {logging_mixin.py:120} INFO - [2023-07-07T12:05:08.292+0000] {dagbag.py:537} INFO - Filling up the DagBag from /home/airflow/.local/lib/python3.7/site-packages/airflow/example_dags/example_kubernetes_executor.py
[2023-07-07T12:05:08.310+0000] {processor.py:766} INFO - DAG(s) dict_keys(['example_kubernetes_executor']) retrieved from /home/airflow/.local/lib/python3.7/site-packages/airflow/example_dags/example_kubernetes_executor.py
[2023-07-07T12:05:08.336+0000] {logging_mixin.py:120} INFO - [2023-07-07T12:05:08.336+0000] {dag.py:2585} INFO - Sync 1 DAGs
[2023-07-07T12:05:08.351+0000] {logging_mixin.py:120} INFO - [2023-07-07T12:05:08.350+0000] {dag.py:3340} INFO - Setting next_dagrun for example_kubernetes_executor to None, run_after=None
[2023-07-07T12:05:08.361+0000] {processor.py:176} INFO - Processing /home/airflow/.local/lib/python3.7/site-packages/airflow/example_dags/example_kubernetes_executor.py took 0.072 seconds
[2023-07-07T12:05:38.623+0000] {processor.py:154} INFO - Started process (PID=454) to work on /home/airflow/.local/lib/python3.7/site-packages/airflow/example_dags/example_kubernetes_executor.py
[2023-07-07T12:05:38.623+0000] {processor.py:756} INFO - Processing file /home/airflow/.local/lib/python3.7/site-packages/airflow/example_dags/example_kubernetes_executor.py for tasks to queue
[2023-07-07T12:05:38.624+0000] {logging_mixin.py:120} INFO - [2023-07-07T12:05:38.624+0000] {dagbag.py:537} INFO - Filling up the DagBag from /home/airflow/.local/lib/python3.7/site-packages/airflow/example_dags/example_kubernetes_executor.py
[2023-07-07T12:05:38.640+0000] {processor.py:766} INFO - DAG(s) dict_keys(['example_kubernetes_executor']) retrieved from /home/airflow/.local/lib/python3.7/site-packages/airflow/example_dags/example_kubernetes_executor.py
[2023-07-07T12:05:38.665+0000] {logging_mixin.py:120} INFO - [2023-07-07T12:05:38.665+0000] {dag.py:2585} INFO - Sync 1 DAGs
[2023-07-07T12:05:38.681+0000] {logging_mixin.py:120} INFO - [2023-07-07T12:05:38.681+0000] {dag.py:3340} INFO - Setting next_dagrun for example_kubernetes_executor to None, run_after=None
[2023-07-07T12:05:38.692+0000] {processor.py:176} INFO - Processing /home/airflow/.local/lib/python3.7/site-packages/airflow/example_dags/example_kubernetes_executor.py took 0.071 seconds
[2023-07-07T12:06:09.694+0000] {processor.py:154} INFO - Started process (PID=520) to work on /home/airflow/.local/lib/python3.7/site-packages/airflow/example_dags/example_kubernetes_executor.py
[2023-07-07T12:06:09.697+0000] {processor.py:756} INFO - Processing file /home/airflow/.local/lib/python3.7/site-packages/airflow/example_dags/example_kubernetes_executor.py for tasks to queue
[2023-07-07T12:06:09.698+0000] {logging_mixin.py:120} INFO - [2023-07-07T12:06:09.698+0000] {dagbag.py:537} INFO - Filling up the DagBag from /home/airflow/.local/lib/python3.7/site-packages/airflow/example_dags/example_kubernetes_executor.py
[2023-07-07T12:06:09.725+0000] {processor.py:766} INFO - DAG(s) dict_keys(['example_kubernetes_executor']) retrieved from /home/airflow/.local/lib/python3.7/site-packages/airflow/example_dags/example_kubernetes_executor.py
[2023-07-07T12:06:09.755+0000] {logging_mixin.py:120} INFO - [2023-07-07T12:06:09.755+0000] {dag.py:2585} INFO - Sync 1 DAGs
[2023-07-07T12:06:09.780+0000] {logging_mixin.py:120} INFO - [2023-07-07T12:06:09.780+0000] {dag.py:3340} INFO - Setting next_dagrun for example_kubernetes_executor to None, run_after=None
[2023-07-07T12:06:09.796+0000] {processor.py:176} INFO - Processing /home/airflow/.local/lib/python3.7/site-packages/airflow/example_dags/example_kubernetes_executor.py took 0.104 seconds
[2023-07-07T12:06:40.804+0000] {processor.py:154} INFO - Started process (PID=586) to work on /home/airflow/.local/lib/python3.7/site-packages/airflow/example_dags/example_kubernetes_executor.py
[2023-07-07T12:06:40.804+0000] {processor.py:756} INFO - Processing file /home/airflow/.local/lib/python3.7/site-packages/airflow/example_dags/example_kubernetes_executor.py for tasks to queue
[2023-07-07T12:06:40.805+0000] {logging_mixin.py:120} INFO - [2023-07-07T12:06:40.805+0000] {dagbag.py:537} INFO - Filling up the DagBag from /home/airflow/.local/lib/python3.7/site-packages/airflow/example_dags/example_kubernetes_executor.py
[2023-07-07T12:06:40.821+0000] {processor.py:766} INFO - DAG(s) dict_keys(['example_kubernetes_executor']) retrieved from /home/airflow/.local/lib/python3.7/site-packages/airflow/example_dags/example_kubernetes_executor.py
[2023-07-07T12:06:40.845+0000] {logging_mixin.py:120} INFO - [2023-07-07T12:06:40.845+0000] {dag.py:2585} INFO - Sync 1 DAGs
[2023-07-07T12:06:40.863+0000] {logging_mixin.py:120} INFO - [2023-07-07T12:06:40.863+0000] {dag.py:3340} INFO - Setting next_dagrun for example_kubernetes_executor to None, run_after=None
[2023-07-07T12:06:40.876+0000] {processor.py:176} INFO - Processing /home/airflow/.local/lib/python3.7/site-packages/airflow/example_dags/example_kubernetes_executor.py took 0.073 seconds
[2023-07-07T12:07:10.931+0000] {processor.py:154} INFO - Started process (PID=643) to work on /home/airflow/.local/lib/python3.7/site-packages/airflow/example_dags/example_kubernetes_executor.py
[2023-07-07T12:07:10.932+0000] {processor.py:756} INFO - Processing file /home/airflow/.local/lib/python3.7/site-packages/airflow/example_dags/example_kubernetes_executor.py for tasks to queue
[2023-07-07T12:07:10.933+0000] {logging_mixin.py:120} INFO - [2023-07-07T12:07:10.933+0000] {dagbag.py:537} INFO - Filling up the DagBag from /home/airflow/.local/lib/python3.7/site-packages/airflow/example_dags/example_kubernetes_executor.py
[2023-07-07T12:07:10.953+0000] {processor.py:766} INFO - DAG(s) dict_keys(['example_kubernetes_executor']) retrieved from /home/airflow/.local/lib/python3.7/site-packages/airflow/example_dags/example_kubernetes_executor.py
[2023-07-07T12:07:10.978+0000] {logging_mixin.py:120} INFO - [2023-07-07T12:07:10.978+0000] {dag.py:2585} INFO - Sync 1 DAGs
[2023-07-07T12:07:10.992+0000] {logging_mixin.py:120} INFO - [2023-07-07T12:07:10.992+0000] {dag.py:3340} INFO - Setting next_dagrun for example_kubernetes_executor to None, run_after=None
[2023-07-07T12:07:11.002+0000] {processor.py:176} INFO - Processing /home/airflow/.local/lib/python3.7/site-packages/airflow/example_dags/example_kubernetes_executor.py took 0.073 seconds
[2023-07-07T12:07:41.165+0000] {processor.py:154} INFO - Started process (PID=710) to work on /home/airflow/.local/lib/python3.7/site-packages/airflow/example_dags/example_kubernetes_executor.py
[2023-07-07T12:07:41.166+0000] {processor.py:756} INFO - Processing file /home/airflow/.local/lib/python3.7/site-packages/airflow/example_dags/example_kubernetes_executor.py for tasks to queue
[2023-07-07T12:07:41.167+0000] {logging_mixin.py:120} INFO - [2023-07-07T12:07:41.167+0000] {dagbag.py:537} INFO - Filling up the DagBag from /home/airflow/.local/lib/python3.7/site-packages/airflow/example_dags/example_kubernetes_executor.py
[2023-07-07T12:07:41.182+0000] {processor.py:766} INFO - DAG(s) dict_keys(['example_kubernetes_executor']) retrieved from /home/airflow/.local/lib/python3.7/site-packages/airflow/example_dags/example_kubernetes_executor.py
[2023-07-07T12:07:41.205+0000] {logging_mixin.py:120} INFO - [2023-07-07T12:07:41.205+0000] {dag.py:2585} INFO - Sync 1 DAGs
[2023-07-07T12:07:41.219+0000] {logging_mixin.py:120} INFO - [2023-07-07T12:07:41.219+0000] {dag.py:3340} INFO - Setting next_dagrun for example_kubernetes_executor to None, run_after=None
[2023-07-07T12:07:41.230+0000] {processor.py:176} INFO - Processing /home/airflow/.local/lib/python3.7/site-packages/airflow/example_dags/example_kubernetes_executor.py took 0.067 seconds
[2023-07-07T12:08:11.369+0000] {processor.py:154} INFO - Started process (PID=777) to work on /home/airflow/.local/lib/python3.7/site-packages/airflow/example_dags/example_kubernetes_executor.py
[2023-07-07T12:08:11.371+0000] {processor.py:756} INFO - Processing file /home/airflow/.local/lib/python3.7/site-packages/airflow/example_dags/example_kubernetes_executor.py for tasks to queue
[2023-07-07T12:08:11.372+0000] {logging_mixin.py:120} INFO - [2023-07-07T12:08:11.372+0000] {dagbag.py:537} INFO - Filling up the DagBag from /home/airflow/.local/lib/python3.7/site-packages/airflow/example_dags/example_kubernetes_executor.py
[2023-07-07T12:08:11.390+0000] {processor.py:766} INFO - DAG(s) dict_keys(['example_kubernetes_executor']) retrieved from /home/airflow/.local/lib/python3.7/site-packages/airflow/example_dags/example_kubernetes_executor.py
[2023-07-07T12:08:11.413+0000] {logging_mixin.py:120} INFO - [2023-07-07T12:08:11.413+0000] {dag.py:2585} INFO - Sync 1 DAGs
[2023-07-07T12:08:11.428+0000] {logging_mixin.py:120} INFO - [2023-07-07T12:08:11.428+0000] {dag.py:3340} INFO - Setting next_dagrun for example_kubernetes_executor to None, run_after=None
[2023-07-07T12:08:11.439+0000] {processor.py:176} INFO - Processing /home/airflow/.local/lib/python3.7/site-packages/airflow/example_dags/example_kubernetes_executor.py took 0.072 seconds
[2023-07-07T12:08:41.761+0000] {processor.py:154} INFO - Started process (PID=844) to work on /home/airflow/.local/lib/python3.7/site-packages/airflow/example_dags/example_kubernetes_executor.py
[2023-07-07T12:08:41.765+0000] {processor.py:756} INFO - Processing file /home/airflow/.local/lib/python3.7/site-packages/airflow/example_dags/example_kubernetes_executor.py for tasks to queue
[2023-07-07T12:08:41.766+0000] {logging_mixin.py:120} INFO - [2023-07-07T12:08:41.766+0000] {dagbag.py:537} INFO - Filling up the DagBag from /home/airflow/.local/lib/python3.7/site-packages/airflow/example_dags/example_kubernetes_executor.py
[2023-07-07T12:08:41.789+0000] {processor.py:766} INFO - DAG(s) dict_keys(['example_kubernetes_executor']) retrieved from /home/airflow/.local/lib/python3.7/site-packages/airflow/example_dags/example_kubernetes_executor.py
[2023-07-07T12:08:41.812+0000] {logging_mixin.py:120} INFO - [2023-07-07T12:08:41.812+0000] {dag.py:2585} INFO - Sync 1 DAGs
[2023-07-07T12:08:41.828+0000] {logging_mixin.py:120} INFO - [2023-07-07T12:08:41.828+0000] {dag.py:3340} INFO - Setting next_dagrun for example_kubernetes_executor to None, run_after=None
[2023-07-07T12:08:41.840+0000] {processor.py:176} INFO - Processing /home/airflow/.local/lib/python3.7/site-packages/airflow/example_dags/example_kubernetes_executor.py took 0.085 seconds
[2023-07-07T12:09:11.927+0000] {processor.py:154} INFO - Started process (PID=902) to work on /home/airflow/.local/lib/python3.7/site-packages/airflow/example_dags/example_kubernetes_executor.py
[2023-07-07T12:09:11.931+0000] {processor.py:756} INFO - Processing file /home/airflow/.local/lib/python3.7/site-packages/airflow/example_dags/example_kubernetes_executor.py for tasks to queue
[2023-07-07T12:09:11.932+0000] {logging_mixin.py:120} INFO - [2023-07-07T12:09:11.932+0000] {dagbag.py:537} INFO - Filling up the DagBag from /home/airflow/.local/lib/python3.7/site-packages/airflow/example_dags/example_kubernetes_executor.py
[2023-07-07T12:09:11.957+0000] {processor.py:766} INFO - DAG(s) dict_keys(['example_kubernetes_executor']) retrieved from /home/airflow/.local/lib/python3.7/site-packages/airflow/example_dags/example_kubernetes_executor.py
[2023-07-07T12:09:11.981+0000] {logging_mixin.py:120} INFO - [2023-07-07T12:09:11.981+0000] {dag.py:2585} INFO - Sync 1 DAGs
[2023-07-07T12:09:11.995+0000] {logging_mixin.py:120} INFO - [2023-07-07T12:09:11.995+0000] {dag.py:3340} INFO - Setting next_dagrun for example_kubernetes_executor to None, run_after=None
[2023-07-07T12:09:12.007+0000] {processor.py:176} INFO - Processing /home/airflow/.local/lib/python3.7/site-packages/airflow/example_dags/example_kubernetes_executor.py took 0.087 seconds
[2023-07-07T12:09:42.218+0000] {processor.py:154} INFO - Started process (PID=969) to work on /home/airflow/.local/lib/python3.7/site-packages/airflow/example_dags/example_kubernetes_executor.py
[2023-07-07T12:09:42.222+0000] {processor.py:756} INFO - Processing file /home/airflow/.local/lib/python3.7/site-packages/airflow/example_dags/example_kubernetes_executor.py for tasks to queue
[2023-07-07T12:09:42.224+0000] {logging_mixin.py:120} INFO - [2023-07-07T12:09:42.224+0000] {dagbag.py:537} INFO - Filling up the DagBag from /home/airflow/.local/lib/python3.7/site-packages/airflow/example_dags/example_kubernetes_executor.py
[2023-07-07T12:09:42.248+0000] {processor.py:766} INFO - DAG(s) dict_keys(['example_kubernetes_executor']) retrieved from /home/airflow/.local/lib/python3.7/site-packages/airflow/example_dags/example_kubernetes_executor.py
[2023-07-07T12:09:42.273+0000] {logging_mixin.py:120} INFO - [2023-07-07T12:09:42.273+0000] {dag.py:2585} INFO - Sync 1 DAGs
[2023-07-07T12:09:42.289+0000] {logging_mixin.py:120} INFO - [2023-07-07T12:09:42.289+0000] {dag.py:3340} INFO - Setting next_dagrun for example_kubernetes_executor to None, run_after=None
[2023-07-07T12:09:42.305+0000] {processor.py:176} INFO - Processing /home/airflow/.local/lib/python3.7/site-packages/airflow/example_dags/example_kubernetes_executor.py took 0.092 seconds
[2023-07-07T12:10:12.447+0000] {processor.py:154} INFO - Started process (PID=1037) to work on /home/airflow/.local/lib/python3.7/site-packages/airflow/example_dags/example_kubernetes_executor.py
[2023-07-07T12:10:12.448+0000] {processor.py:756} INFO - Processing file /home/airflow/.local/lib/python3.7/site-packages/airflow/example_dags/example_kubernetes_executor.py for tasks to queue
[2023-07-07T12:10:12.449+0000] {logging_mixin.py:120} INFO - [2023-07-07T12:10:12.448+0000] {dagbag.py:537} INFO - Filling up the DagBag from /home/airflow/.local/lib/python3.7/site-packages/airflow/example_dags/example_kubernetes_executor.py
[2023-07-07T12:10:12.465+0000] {processor.py:766} INFO - DAG(s) dict_keys(['example_kubernetes_executor']) retrieved from /home/airflow/.local/lib/python3.7/site-packages/airflow/example_dags/example_kubernetes_executor.py
[2023-07-07T12:10:12.490+0000] {logging_mixin.py:120} INFO - [2023-07-07T12:10:12.490+0000] {dag.py:2585} INFO - Sync 1 DAGs
[2023-07-07T12:10:12.507+0000] {logging_mixin.py:120} INFO - [2023-07-07T12:10:12.507+0000] {dag.py:3340} INFO - Setting next_dagrun for example_kubernetes_executor to None, run_after=None
[2023-07-07T12:10:12.520+0000] {processor.py:176} INFO - Processing /home/airflow/.local/lib/python3.7/site-packages/airflow/example_dags/example_kubernetes_executor.py took 0.075 seconds
[2023-07-07T12:10:42.880+0000] {processor.py:154} INFO - Started process (PID=1104) to work on /home/airflow/.local/lib/python3.7/site-packages/airflow/example_dags/example_kubernetes_executor.py
[2023-07-07T12:10:42.883+0000] {processor.py:756} INFO - Processing file /home/airflow/.local/lib/python3.7/site-packages/airflow/example_dags/example_kubernetes_executor.py for tasks to queue
[2023-07-07T12:10:42.884+0000] {logging_mixin.py:120} INFO - [2023-07-07T12:10:42.884+0000] {dagbag.py:537} INFO - Filling up the DagBag from /home/airflow/.local/lib/python3.7/site-packages/airflow/example_dags/example_kubernetes_executor.py
[2023-07-07T12:10:42.902+0000] {processor.py:766} INFO - DAG(s) dict_keys(['example_kubernetes_executor']) retrieved from /home/airflow/.local/lib/python3.7/site-packages/airflow/example_dags/example_kubernetes_executor.py
[2023-07-07T12:10:42.929+0000] {logging_mixin.py:120} INFO - [2023-07-07T12:10:42.929+0000] {dag.py:2585} INFO - Sync 1 DAGs
[2023-07-07T12:10:42.946+0000] {logging_mixin.py:120} INFO - [2023-07-07T12:10:42.946+0000] {dag.py:3340} INFO - Setting next_dagrun for example_kubernetes_executor to None, run_after=None
[2023-07-07T12:10:42.960+0000] {processor.py:176} INFO - Processing /home/airflow/.local/lib/python3.7/site-packages/airflow/example_dags/example_kubernetes_executor.py took 0.082 seconds
[2023-07-07T12:11:13.013+0000] {processor.py:154} INFO - Started process (PID=1168) to work on /home/airflow/.local/lib/python3.7/site-packages/airflow/example_dags/example_kubernetes_executor.py
[2023-07-07T12:11:13.014+0000] {processor.py:756} INFO - Processing file /home/airflow/.local/lib/python3.7/site-packages/airflow/example_dags/example_kubernetes_executor.py for tasks to queue
[2023-07-07T12:11:13.014+0000] {logging_mixin.py:120} INFO - [2023-07-07T12:11:13.014+0000] {dagbag.py:537} INFO - Filling up the DagBag from /home/airflow/.local/lib/python3.7/site-packages/airflow/example_dags/example_kubernetes_executor.py
[2023-07-07T12:11:13.033+0000] {processor.py:766} INFO - DAG(s) dict_keys(['example_kubernetes_executor']) retrieved from /home/airflow/.local/lib/python3.7/site-packages/airflow/example_dags/example_kubernetes_executor.py
[2023-07-07T12:11:13.063+0000] {logging_mixin.py:120} INFO - [2023-07-07T12:11:13.063+0000] {dag.py:2585} INFO - Sync 1 DAGs
[2023-07-07T12:11:13.081+0000] {logging_mixin.py:120} INFO - [2023-07-07T12:11:13.081+0000] {dag.py:3340} INFO - Setting next_dagrun for example_kubernetes_executor to None, run_after=None
[2023-07-07T12:11:13.095+0000] {processor.py:176} INFO - Processing /home/airflow/.local/lib/python3.7/site-packages/airflow/example_dags/example_kubernetes_executor.py took 0.084 seconds
[2023-07-07T12:11:43.348+0000] {processor.py:154} INFO - Started process (PID=1228) to work on /home/airflow/.local/lib/python3.7/site-packages/airflow/example_dags/example_kubernetes_executor.py
[2023-07-07T12:11:43.352+0000] {processor.py:756} INFO - Processing file /home/airflow/.local/lib/python3.7/site-packages/airflow/example_dags/example_kubernetes_executor.py for tasks to queue
[2023-07-07T12:11:43.353+0000] {logging_mixin.py:120} INFO - [2023-07-07T12:11:43.352+0000] {dagbag.py:537} INFO - Filling up the DagBag from /home/airflow/.local/lib/python3.7/site-packages/airflow/example_dags/example_kubernetes_executor.py
[2023-07-07T12:11:43.374+0000] {processor.py:766} INFO - DAG(s) dict_keys(['example_kubernetes_executor']) retrieved from /home/airflow/.local/lib/python3.7/site-packages/airflow/example_dags/example_kubernetes_executor.py
[2023-07-07T12:11:43.399+0000] {logging_mixin.py:120} INFO - [2023-07-07T12:11:43.399+0000] {dag.py:2585} INFO - Sync 1 DAGs
[2023-07-07T12:11:43.413+0000] {logging_mixin.py:120} INFO - [2023-07-07T12:11:43.413+0000] {dag.py:3340} INFO - Setting next_dagrun for example_kubernetes_executor to None, run_after=None
[2023-07-07T12:11:43.426+0000] {processor.py:176} INFO - Processing /home/airflow/.local/lib/python3.7/site-packages/airflow/example_dags/example_kubernetes_executor.py took 0.082 seconds
[2023-07-07T12:12:13.661+0000] {processor.py:154} INFO - Started process (PID=1296) to work on /home/airflow/.local/lib/python3.7/site-packages/airflow/example_dags/example_kubernetes_executor.py
[2023-07-07T12:12:13.661+0000] {processor.py:756} INFO - Processing file /home/airflow/.local/lib/python3.7/site-packages/airflow/example_dags/example_kubernetes_executor.py for tasks to queue
[2023-07-07T12:12:13.661+0000] {logging_mixin.py:120} INFO - [2023-07-07T12:12:13.661+0000] {dagbag.py:537} INFO - Filling up the DagBag from /home/airflow/.local/lib/python3.7/site-packages/airflow/example_dags/example_kubernetes_executor.py
[2023-07-07T12:12:13.678+0000] {processor.py:766} INFO - DAG(s) dict_keys(['example_kubernetes_executor']) retrieved from /home/airflow/.local/lib/python3.7/site-packages/airflow/example_dags/example_kubernetes_executor.py
[2023-07-07T12:12:13.705+0000] {logging_mixin.py:120} INFO - [2023-07-07T12:12:13.705+0000] {dag.py:2585} INFO - Sync 1 DAGs
[2023-07-07T12:12:13.720+0000] {logging_mixin.py:120} INFO - [2023-07-07T12:12:13.720+0000] {dag.py:3340} INFO - Setting next_dagrun for example_kubernetes_executor to None, run_after=None
[2023-07-07T12:12:13.732+0000] {processor.py:176} INFO - Processing /home/airflow/.local/lib/python3.7/site-packages/airflow/example_dags/example_kubernetes_executor.py took 0.073 seconds
[2023-07-07T12:12:43.802+0000] {processor.py:154} INFO - Started process (PID=1363) to work on /home/airflow/.local/lib/python3.7/site-packages/airflow/example_dags/example_kubernetes_executor.py
[2023-07-07T12:12:43.803+0000] {processor.py:756} INFO - Processing file /home/airflow/.local/lib/python3.7/site-packages/airflow/example_dags/example_kubernetes_executor.py for tasks to queue
[2023-07-07T12:12:43.804+0000] {logging_mixin.py:120} INFO - [2023-07-07T12:12:43.804+0000] {dagbag.py:537} INFO - Filling up the DagBag from /home/airflow/.local/lib/python3.7/site-packages/airflow/example_dags/example_kubernetes_executor.py
[2023-07-07T12:12:43.821+0000] {processor.py:766} INFO - DAG(s) dict_keys(['example_kubernetes_executor']) retrieved from /home/airflow/.local/lib/python3.7/site-packages/airflow/example_dags/example_kubernetes_executor.py
[2023-07-07T12:12:43.848+0000] {logging_mixin.py:120} INFO - [2023-07-07T12:12:43.847+0000] {dag.py:2585} INFO - Sync 1 DAGs
[2023-07-07T12:12:43.865+0000] {logging_mixin.py:120} INFO - [2023-07-07T12:12:43.864+0000] {dag.py:3340} INFO - Setting next_dagrun for example_kubernetes_executor to None, run_after=None
[2023-07-07T12:12:43.878+0000] {processor.py:176} INFO - Processing /home/airflow/.local/lib/python3.7/site-packages/airflow/example_dags/example_kubernetes_executor.py took 0.078 seconds
[2023-07-07T12:13:14.210+0000] {processor.py:154} INFO - Started process (PID=1431) to work on /home/airflow/.local/lib/python3.7/site-packages/airflow/example_dags/example_kubernetes_executor.py
[2023-07-07T12:13:14.210+0000] {processor.py:756} INFO - Processing file /home/airflow/.local/lib/python3.7/site-packages/airflow/example_dags/example_kubernetes_executor.py for tasks to queue
[2023-07-07T12:13:14.211+0000] {logging_mixin.py:120} INFO - [2023-07-07T12:13:14.211+0000] {dagbag.py:537} INFO - Filling up the DagBag from /home/airflow/.local/lib/python3.7/site-packages/airflow/example_dags/example_kubernetes_executor.py
[2023-07-07T12:13:14.230+0000] {processor.py:766} INFO - DAG(s) dict_keys(['example_kubernetes_executor']) retrieved from /home/airflow/.local/lib/python3.7/site-packages/airflow/example_dags/example_kubernetes_executor.py
[2023-07-07T12:13:14.255+0000] {logging_mixin.py:120} INFO - [2023-07-07T12:13:14.255+0000] {dag.py:2585} INFO - Sync 1 DAGs
[2023-07-07T12:13:14.271+0000] {logging_mixin.py:120} INFO - [2023-07-07T12:13:14.271+0000] {dag.py:3340} INFO - Setting next_dagrun for example_kubernetes_executor to None, run_after=None
[2023-07-07T12:13:14.283+0000] {processor.py:176} INFO - Processing /home/airflow/.local/lib/python3.7/site-packages/airflow/example_dags/example_kubernetes_executor.py took 0.075 seconds
[2023-07-07T12:13:44.297+0000] {processor.py:154} INFO - Started process (PID=1489) to work on /home/airflow/.local/lib/python3.7/site-packages/airflow/example_dags/example_kubernetes_executor.py
[2023-07-07T12:13:44.299+0000] {processor.py:756} INFO - Processing file /home/airflow/.local/lib/python3.7/site-packages/airflow/example_dags/example_kubernetes_executor.py for tasks to queue
[2023-07-07T12:13:44.299+0000] {logging_mixin.py:120} INFO - [2023-07-07T12:13:44.299+0000] {dagbag.py:537} INFO - Filling up the DagBag from /home/airflow/.local/lib/python3.7/site-packages/airflow/example_dags/example_kubernetes_executor.py
[2023-07-07T12:13:44.317+0000] {processor.py:766} INFO - DAG(s) dict_keys(['example_kubernetes_executor']) retrieved from /home/airflow/.local/lib/python3.7/site-packages/airflow/example_dags/example_kubernetes_executor.py
[2023-07-07T12:13:44.346+0000] {logging_mixin.py:120} INFO - [2023-07-07T12:13:44.345+0000] {dag.py:2585} INFO - Sync 1 DAGs
[2023-07-07T12:13:44.363+0000] {logging_mixin.py:120} INFO - [2023-07-07T12:13:44.363+0000] {dag.py:3340} INFO - Setting next_dagrun for example_kubernetes_executor to None, run_after=None
[2023-07-07T12:13:44.379+0000] {processor.py:176} INFO - Processing /home/airflow/.local/lib/python3.7/site-packages/airflow/example_dags/example_kubernetes_executor.py took 0.084 seconds
[2023-07-07T12:14:14.460+0000] {processor.py:154} INFO - Started process (PID=1556) to work on /home/airflow/.local/lib/python3.7/site-packages/airflow/example_dags/example_kubernetes_executor.py
[2023-07-07T12:14:14.461+0000] {processor.py:756} INFO - Processing file /home/airflow/.local/lib/python3.7/site-packages/airflow/example_dags/example_kubernetes_executor.py for tasks to queue
[2023-07-07T12:14:14.461+0000] {logging_mixin.py:120} INFO - [2023-07-07T12:14:14.461+0000] {dagbag.py:537} INFO - Filling up the DagBag from /home/airflow/.local/lib/python3.7/site-packages/airflow/example_dags/example_kubernetes_executor.py
[2023-07-07T12:14:14.483+0000] {processor.py:766} INFO - DAG(s) dict_keys(['example_kubernetes_executor']) retrieved from /home/airflow/.local/lib/python3.7/site-packages/airflow/example_dags/example_kubernetes_executor.py
[2023-07-07T12:14:14.506+0000] {logging_mixin.py:120} INFO - [2023-07-07T12:14:14.506+0000] {dag.py:2585} INFO - Sync 1 DAGs
[2023-07-07T12:14:14.521+0000] {logging_mixin.py:120} INFO - [2023-07-07T12:14:14.520+0000] {dag.py:3340} INFO - Setting next_dagrun for example_kubernetes_executor to None, run_after=None
[2023-07-07T12:14:14.532+0000] {processor.py:176} INFO - Processing /home/airflow/.local/lib/python3.7/site-packages/airflow/example_dags/example_kubernetes_executor.py took 0.074 seconds
[2023-07-07T12:14:44.603+0000] {processor.py:154} INFO - Started process (PID=1622) to work on /home/airflow/.local/lib/python3.7/site-packages/airflow/example_dags/example_kubernetes_executor.py
[2023-07-07T12:14:44.606+0000] {processor.py:756} INFO - Processing file /home/airflow/.local/lib/python3.7/site-packages/airflow/example_dags/example_kubernetes_executor.py for tasks to queue
[2023-07-07T12:14:44.607+0000] {logging_mixin.py:120} INFO - [2023-07-07T12:14:44.606+0000] {dagbag.py:537} INFO - Filling up the DagBag from /home/airflow/.local/lib/python3.7/site-packages/airflow/example_dags/example_kubernetes_executor.py
[2023-07-07T12:14:44.630+0000] {processor.py:766} INFO - DAG(s) dict_keys(['example_kubernetes_executor']) retrieved from /home/airflow/.local/lib/python3.7/site-packages/airflow/example_dags/example_kubernetes_executor.py
[2023-07-07T12:14:44.654+0000] {logging_mixin.py:120} INFO - [2023-07-07T12:14:44.654+0000] {dag.py:2585} INFO - Sync 1 DAGs
[2023-07-07T12:14:44.669+0000] {logging_mixin.py:120} INFO - [2023-07-07T12:14:44.669+0000] {dag.py:3340} INFO - Setting next_dagrun for example_kubernetes_executor to None, run_after=None
[2023-07-07T12:14:44.682+0000] {processor.py:176} INFO - Processing /home/airflow/.local/lib/python3.7/site-packages/airflow/example_dags/example_kubernetes_executor.py took 0.082 seconds
[2023-07-07T12:15:14.847+0000] {processor.py:154} INFO - Started process (PID=1689) to work on /home/airflow/.local/lib/python3.7/site-packages/airflow/example_dags/example_kubernetes_executor.py
[2023-07-07T12:15:14.851+0000] {processor.py:756} INFO - Processing file /home/airflow/.local/lib/python3.7/site-packages/airflow/example_dags/example_kubernetes_executor.py for tasks to queue
[2023-07-07T12:15:14.851+0000] {logging_mixin.py:120} INFO - [2023-07-07T12:15:14.851+0000] {dagbag.py:537} INFO - Filling up the DagBag from /home/airflow/.local/lib/python3.7/site-packages/airflow/example_dags/example_kubernetes_executor.py
[2023-07-07T12:15:14.867+0000] {processor.py:766} INFO - DAG(s) dict_keys(['example_kubernetes_executor']) retrieved from /home/airflow/.local/lib/python3.7/site-packages/airflow/example_dags/example_kubernetes_executor.py
[2023-07-07T12:15:14.892+0000] {logging_mixin.py:120} INFO - [2023-07-07T12:15:14.891+0000] {dag.py:2585} INFO - Sync 1 DAGs
[2023-07-07T12:15:14.906+0000] {logging_mixin.py:120} INFO - [2023-07-07T12:15:14.906+0000] {dag.py:3340} INFO - Setting next_dagrun for example_kubernetes_executor to None, run_after=None
[2023-07-07T12:15:14.918+0000] {processor.py:176} INFO - Processing /home/airflow/.local/lib/python3.7/site-packages/airflow/example_dags/example_kubernetes_executor.py took 0.072 seconds
[2023-07-07T12:15:45.853+0000] {processor.py:154} INFO - Started process (PID=1754) to work on /home/airflow/.local/lib/python3.7/site-packages/airflow/example_dags/example_kubernetes_executor.py
[2023-07-07T12:15:45.854+0000] {processor.py:756} INFO - Processing file /home/airflow/.local/lib/python3.7/site-packages/airflow/example_dags/example_kubernetes_executor.py for tasks to queue
[2023-07-07T12:15:45.854+0000] {logging_mixin.py:120} INFO - [2023-07-07T12:15:45.854+0000] {dagbag.py:537} INFO - Filling up the DagBag from /home/airflow/.local/lib/python3.7/site-packages/airflow/example_dags/example_kubernetes_executor.py
[2023-07-07T12:15:45.877+0000] {processor.py:766} INFO - DAG(s) dict_keys(['example_kubernetes_executor']) retrieved from /home/airflow/.local/lib/python3.7/site-packages/airflow/example_dags/example_kubernetes_executor.py
[2023-07-07T12:15:45.912+0000] {logging_mixin.py:120} INFO - [2023-07-07T12:15:45.912+0000] {dag.py:2585} INFO - Sync 1 DAGs
[2023-07-07T12:15:45.941+0000] {logging_mixin.py:120} INFO - [2023-07-07T12:15:45.941+0000] {dag.py:3340} INFO - Setting next_dagrun for example_kubernetes_executor to None, run_after=None
[2023-07-07T12:15:45.960+0000] {processor.py:176} INFO - Processing /home/airflow/.local/lib/python3.7/site-packages/airflow/example_dags/example_kubernetes_executor.py took 0.110 seconds
[2023-07-07T12:16:16.230+0000] {processor.py:154} INFO - Started process (PID=1816) to work on /home/airflow/.local/lib/python3.7/site-packages/airflow/example_dags/example_kubernetes_executor.py
[2023-07-07T12:16:16.231+0000] {processor.py:756} INFO - Processing file /home/airflow/.local/lib/python3.7/site-packages/airflow/example_dags/example_kubernetes_executor.py for tasks to queue
[2023-07-07T12:16:16.232+0000] {logging_mixin.py:120} INFO - [2023-07-07T12:16:16.232+0000] {dagbag.py:537} INFO - Filling up the DagBag from /home/airflow/.local/lib/python3.7/site-packages/airflow/example_dags/example_kubernetes_executor.py
[2023-07-07T12:16:16.248+0000] {processor.py:766} INFO - DAG(s) dict_keys(['example_kubernetes_executor']) retrieved from /home/airflow/.local/lib/python3.7/site-packages/airflow/example_dags/example_kubernetes_executor.py
[2023-07-07T12:16:16.271+0000] {logging_mixin.py:120} INFO - [2023-07-07T12:16:16.271+0000] {dag.py:2585} INFO - Sync 1 DAGs
[2023-07-07T12:16:16.286+0000] {logging_mixin.py:120} INFO - [2023-07-07T12:16:16.286+0000] {dag.py:3340} INFO - Setting next_dagrun for example_kubernetes_executor to None, run_after=None
[2023-07-07T12:16:16.298+0000] {processor.py:176} INFO - Processing /home/airflow/.local/lib/python3.7/site-packages/airflow/example_dags/example_kubernetes_executor.py took 0.069 seconds
[2023-07-07T12:16:46.465+0000] {processor.py:154} INFO - Started process (PID=1884) to work on /home/airflow/.local/lib/python3.7/site-packages/airflow/example_dags/example_kubernetes_executor.py
[2023-07-07T12:16:46.465+0000] {processor.py:756} INFO - Processing file /home/airflow/.local/lib/python3.7/site-packages/airflow/example_dags/example_kubernetes_executor.py for tasks to queue
[2023-07-07T12:16:46.466+0000] {logging_mixin.py:120} INFO - [2023-07-07T12:16:46.465+0000] {dagbag.py:537} INFO - Filling up the DagBag from /home/airflow/.local/lib/python3.7/site-packages/airflow/example_dags/example_kubernetes_executor.py
[2023-07-07T12:16:46.484+0000] {processor.py:766} INFO - DAG(s) dict_keys(['example_kubernetes_executor']) retrieved from /home/airflow/.local/lib/python3.7/site-packages/airflow/example_dags/example_kubernetes_executor.py
[2023-07-07T12:16:46.513+0000] {logging_mixin.py:120} INFO - [2023-07-07T12:16:46.513+0000] {dag.py:2585} INFO - Sync 1 DAGs
[2023-07-07T12:16:46.530+0000] {logging_mixin.py:120} INFO - [2023-07-07T12:16:46.530+0000] {dag.py:3340} INFO - Setting next_dagrun for example_kubernetes_executor to None, run_after=None
[2023-07-07T12:16:46.547+0000] {processor.py:176} INFO - Processing /home/airflow/.local/lib/python3.7/site-packages/airflow/example_dags/example_kubernetes_executor.py took 0.084 seconds
[2023-07-07T12:17:16.885+0000] {processor.py:154} INFO - Started process (PID=1950) to work on /home/airflow/.local/lib/python3.7/site-packages/airflow/example_dags/example_kubernetes_executor.py
[2023-07-07T12:17:16.886+0000] {processor.py:756} INFO - Processing file /home/airflow/.local/lib/python3.7/site-packages/airflow/example_dags/example_kubernetes_executor.py for tasks to queue
[2023-07-07T12:17:16.887+0000] {logging_mixin.py:120} INFO - [2023-07-07T12:17:16.887+0000] {dagbag.py:537} INFO - Filling up the DagBag from /home/airflow/.local/lib/python3.7/site-packages/airflow/example_dags/example_kubernetes_executor.py
[2023-07-07T12:17:16.903+0000] {processor.py:766} INFO - DAG(s) dict_keys(['example_kubernetes_executor']) retrieved from /home/airflow/.local/lib/python3.7/site-packages/airflow/example_dags/example_kubernetes_executor.py
[2023-07-07T12:17:16.928+0000] {logging_mixin.py:120} INFO - [2023-07-07T12:17:16.928+0000] {dag.py:2585} INFO - Sync 1 DAGs
[2023-07-07T12:17:16.944+0000] {logging_mixin.py:120} INFO - [2023-07-07T12:17:16.944+0000] {dag.py:3340} INFO - Setting next_dagrun for example_kubernetes_executor to None, run_after=None
[2023-07-07T12:17:16.956+0000] {processor.py:176} INFO - Processing /home/airflow/.local/lib/python3.7/site-packages/airflow/example_dags/example_kubernetes_executor.py took 0.075 seconds
[2023-07-07T12:17:47.104+0000] {processor.py:154} INFO - Started process (PID=2017) to work on /home/airflow/.local/lib/python3.7/site-packages/airflow/example_dags/example_kubernetes_executor.py
[2023-07-07T12:17:47.105+0000] {processor.py:756} INFO - Processing file /home/airflow/.local/lib/python3.7/site-packages/airflow/example_dags/example_kubernetes_executor.py for tasks to queue
[2023-07-07T12:17:47.105+0000] {logging_mixin.py:120} INFO - [2023-07-07T12:17:47.105+0000] {dagbag.py:537} INFO - Filling up the DagBag from /home/airflow/.local/lib/python3.7/site-packages/airflow/example_dags/example_kubernetes_executor.py
[2023-07-07T12:17:47.121+0000] {processor.py:766} INFO - DAG(s) dict_keys(['example_kubernetes_executor']) retrieved from /home/airflow/.local/lib/python3.7/site-packages/airflow/example_dags/example_kubernetes_executor.py
[2023-07-07T12:17:47.146+0000] {logging_mixin.py:120} INFO - [2023-07-07T12:17:47.146+0000] {dag.py:2585} INFO - Sync 1 DAGs
[2023-07-07T12:17:47.162+0000] {logging_mixin.py:120} INFO - [2023-07-07T12:17:47.162+0000] {dag.py:3340} INFO - Setting next_dagrun for example_kubernetes_executor to None, run_after=None
[2023-07-07T12:17:47.176+0000] {processor.py:176} INFO - Processing /home/airflow/.local/lib/python3.7/site-packages/airflow/example_dags/example_kubernetes_executor.py took 0.074 seconds
[2023-07-07T12:18:17.442+0000] {processor.py:154} INFO - Started process (PID=2075) to work on /home/airflow/.local/lib/python3.7/site-packages/airflow/example_dags/example_kubernetes_executor.py
[2023-07-07T12:18:17.443+0000] {processor.py:756} INFO - Processing file /home/airflow/.local/lib/python3.7/site-packages/airflow/example_dags/example_kubernetes_executor.py for tasks to queue
[2023-07-07T12:18:17.444+0000] {logging_mixin.py:120} INFO - [2023-07-07T12:18:17.443+0000] {dagbag.py:537} INFO - Filling up the DagBag from /home/airflow/.local/lib/python3.7/site-packages/airflow/example_dags/example_kubernetes_executor.py
[2023-07-07T12:18:17.460+0000] {processor.py:766} INFO - DAG(s) dict_keys(['example_kubernetes_executor']) retrieved from /home/airflow/.local/lib/python3.7/site-packages/airflow/example_dags/example_kubernetes_executor.py
[2023-07-07T12:18:17.484+0000] {logging_mixin.py:120} INFO - [2023-07-07T12:18:17.483+0000] {dag.py:2585} INFO - Sync 1 DAGs
[2023-07-07T12:18:17.499+0000] {logging_mixin.py:120} INFO - [2023-07-07T12:18:17.499+0000] {dag.py:3340} INFO - Setting next_dagrun for example_kubernetes_executor to None, run_after=None
[2023-07-07T12:18:17.512+0000] {processor.py:176} INFO - Processing /home/airflow/.local/lib/python3.7/site-packages/airflow/example_dags/example_kubernetes_executor.py took 0.072 seconds
[2023-07-07T12:18:47.649+0000] {processor.py:154} INFO - Started process (PID=2143) to work on /home/airflow/.local/lib/python3.7/site-packages/airflow/example_dags/example_kubernetes_executor.py
[2023-07-07T12:18:47.650+0000] {processor.py:756} INFO - Processing file /home/airflow/.local/lib/python3.7/site-packages/airflow/example_dags/example_kubernetes_executor.py for tasks to queue
[2023-07-07T12:18:47.650+0000] {logging_mixin.py:120} INFO - [2023-07-07T12:18:47.650+0000] {dagbag.py:537} INFO - Filling up the DagBag from /home/airflow/.local/lib/python3.7/site-packages/airflow/example_dags/example_kubernetes_executor.py
[2023-07-07T12:18:47.666+0000] {processor.py:766} INFO - DAG(s) dict_keys(['example_kubernetes_executor']) retrieved from /home/airflow/.local/lib/python3.7/site-packages/airflow/example_dags/example_kubernetes_executor.py
[2023-07-07T12:18:47.689+0000] {logging_mixin.py:120} INFO - [2023-07-07T12:18:47.689+0000] {dag.py:2585} INFO - Sync 1 DAGs
[2023-07-07T12:18:47.703+0000] {logging_mixin.py:120} INFO - [2023-07-07T12:18:47.703+0000] {dag.py:3340} INFO - Setting next_dagrun for example_kubernetes_executor to None, run_after=None
[2023-07-07T12:18:47.715+0000] {processor.py:176} INFO - Processing /home/airflow/.local/lib/python3.7/site-packages/airflow/example_dags/example_kubernetes_executor.py took 0.068 seconds
[2023-07-07T12:19:17.937+0000] {processor.py:154} INFO - Started process (PID=2210) to work on /home/airflow/.local/lib/python3.7/site-packages/airflow/example_dags/example_kubernetes_executor.py
[2023-07-07T12:19:17.938+0000] {processor.py:756} INFO - Processing file /home/airflow/.local/lib/python3.7/site-packages/airflow/example_dags/example_kubernetes_executor.py for tasks to queue
[2023-07-07T12:19:17.938+0000] {logging_mixin.py:120} INFO - [2023-07-07T12:19:17.938+0000] {dagbag.py:537} INFO - Filling up the DagBag from /home/airflow/.local/lib/python3.7/site-packages/airflow/example_dags/example_kubernetes_executor.py
[2023-07-07T12:19:17.954+0000] {processor.py:766} INFO - DAG(s) dict_keys(['example_kubernetes_executor']) retrieved from /home/airflow/.local/lib/python3.7/site-packages/airflow/example_dags/example_kubernetes_executor.py
[2023-07-07T12:19:17.977+0000] {logging_mixin.py:120} INFO - [2023-07-07T12:19:17.977+0000] {dag.py:2585} INFO - Sync 1 DAGs
[2023-07-07T12:19:17.991+0000] {logging_mixin.py:120} INFO - [2023-07-07T12:19:17.991+0000] {dag.py:3340} INFO - Setting next_dagrun for example_kubernetes_executor to None, run_after=None
[2023-07-07T12:19:18.002+0000] {processor.py:176} INFO - Processing /home/airflow/.local/lib/python3.7/site-packages/airflow/example_dags/example_kubernetes_executor.py took 0.067 seconds
[2023-07-07T12:19:48.198+0000] {processor.py:154} INFO - Started process (PID=2278) to work on /home/airflow/.local/lib/python3.7/site-packages/airflow/example_dags/example_kubernetes_executor.py
[2023-07-07T12:19:48.199+0000] {processor.py:756} INFO - Processing file /home/airflow/.local/lib/python3.7/site-packages/airflow/example_dags/example_kubernetes_executor.py for tasks to queue
[2023-07-07T12:19:48.199+0000] {logging_mixin.py:120} INFO - [2023-07-07T12:19:48.199+0000] {dagbag.py:537} INFO - Filling up the DagBag from /home/airflow/.local/lib/python3.7/site-packages/airflow/example_dags/example_kubernetes_executor.py
[2023-07-07T12:19:48.214+0000] {processor.py:766} INFO - DAG(s) dict_keys(['example_kubernetes_executor']) retrieved from /home/airflow/.local/lib/python3.7/site-packages/airflow/example_dags/example_kubernetes_executor.py
[2023-07-07T12:19:48.237+0000] {logging_mixin.py:120} INFO - [2023-07-07T12:19:48.237+0000] {dag.py:2585} INFO - Sync 1 DAGs
[2023-07-07T12:19:48.251+0000] {logging_mixin.py:120} INFO - [2023-07-07T12:19:48.251+0000] {dag.py:3340} INFO - Setting next_dagrun for example_kubernetes_executor to None, run_after=None
[2023-07-07T12:19:48.264+0000] {processor.py:176} INFO - Processing /home/airflow/.local/lib/python3.7/site-packages/airflow/example_dags/example_kubernetes_executor.py took 0.068 seconds
[2023-07-07T12:20:18.401+0000] {processor.py:154} INFO - Started process (PID=2345) to work on /home/airflow/.local/lib/python3.7/site-packages/airflow/example_dags/example_kubernetes_executor.py
[2023-07-07T12:20:18.402+0000] {processor.py:756} INFO - Processing file /home/airflow/.local/lib/python3.7/site-packages/airflow/example_dags/example_kubernetes_executor.py for tasks to queue
[2023-07-07T12:20:18.403+0000] {logging_mixin.py:120} INFO - [2023-07-07T12:20:18.403+0000] {dagbag.py:537} INFO - Filling up the DagBag from /home/airflow/.local/lib/python3.7/site-packages/airflow/example_dags/example_kubernetes_executor.py
[2023-07-07T12:20:18.420+0000] {processor.py:766} INFO - DAG(s) dict_keys(['example_kubernetes_executor']) retrieved from /home/airflow/.local/lib/python3.7/site-packages/airflow/example_dags/example_kubernetes_executor.py
[2023-07-07T12:20:18.442+0000] {logging_mixin.py:120} INFO - [2023-07-07T12:20:18.442+0000] {dag.py:2585} INFO - Sync 1 DAGs
[2023-07-07T12:20:18.456+0000] {logging_mixin.py:120} INFO - [2023-07-07T12:20:18.456+0000] {dag.py:3340} INFO - Setting next_dagrun for example_kubernetes_executor to None, run_after=None
[2023-07-07T12:20:18.468+0000] {processor.py:176} INFO - Processing /home/airflow/.local/lib/python3.7/site-packages/airflow/example_dags/example_kubernetes_executor.py took 0.070 seconds
[2023-07-07T12:20:48.662+0000] {processor.py:154} INFO - Started process (PID=2403) to work on /home/airflow/.local/lib/python3.7/site-packages/airflow/example_dags/example_kubernetes_executor.py
[2023-07-07T12:20:48.663+0000] {processor.py:756} INFO - Processing file /home/airflow/.local/lib/python3.7/site-packages/airflow/example_dags/example_kubernetes_executor.py for tasks to queue
[2023-07-07T12:20:48.663+0000] {logging_mixin.py:120} INFO - [2023-07-07T12:20:48.663+0000] {dagbag.py:537} INFO - Filling up the DagBag from /home/airflow/.local/lib/python3.7/site-packages/airflow/example_dags/example_kubernetes_executor.py
[2023-07-07T12:20:48.680+0000] {processor.py:766} INFO - DAG(s) dict_keys(['example_kubernetes_executor']) retrieved from /home/airflow/.local/lib/python3.7/site-packages/airflow/example_dags/example_kubernetes_executor.py
[2023-07-07T12:20:48.707+0000] {logging_mixin.py:120} INFO - [2023-07-07T12:20:48.707+0000] {dag.py:2585} INFO - Sync 1 DAGs
[2023-07-07T12:20:48.722+0000] {logging_mixin.py:120} INFO - [2023-07-07T12:20:48.722+0000] {dag.py:3340} INFO - Setting next_dagrun for example_kubernetes_executor to None, run_after=None
[2023-07-07T12:20:48.735+0000] {processor.py:176} INFO - Processing /home/airflow/.local/lib/python3.7/site-packages/airflow/example_dags/example_kubernetes_executor.py took 0.075 seconds
[2023-07-07T12:21:18.963+0000] {processor.py:154} INFO - Started process (PID=2470) to work on /home/airflow/.local/lib/python3.7/site-packages/airflow/example_dags/example_kubernetes_executor.py
[2023-07-07T12:21:18.964+0000] {processor.py:756} INFO - Processing file /home/airflow/.local/lib/python3.7/site-packages/airflow/example_dags/example_kubernetes_executor.py for tasks to queue
[2023-07-07T12:21:18.964+0000] {logging_mixin.py:120} INFO - [2023-07-07T12:21:18.964+0000] {dagbag.py:537} INFO - Filling up the DagBag from /home/airflow/.local/lib/python3.7/site-packages/airflow/example_dags/example_kubernetes_executor.py
[2023-07-07T12:21:18.981+0000] {processor.py:766} INFO - DAG(s) dict_keys(['example_kubernetes_executor']) retrieved from /home/airflow/.local/lib/python3.7/site-packages/airflow/example_dags/example_kubernetes_executor.py
[2023-07-07T12:21:19.006+0000] {logging_mixin.py:120} INFO - [2023-07-07T12:21:19.006+0000] {dag.py:2585} INFO - Sync 1 DAGs
[2023-07-07T12:21:19.021+0000] {logging_mixin.py:120} INFO - [2023-07-07T12:21:19.021+0000] {dag.py:3340} INFO - Setting next_dagrun for example_kubernetes_executor to None, run_after=None
[2023-07-07T12:21:19.033+0000] {processor.py:176} INFO - Processing /home/airflow/.local/lib/python3.7/site-packages/airflow/example_dags/example_kubernetes_executor.py took 0.072 seconds
[2023-07-07T12:22:00.164+0000] {processor.py:154} INFO - Started process (PID=67) to work on /home/airflow/.local/lib/python3.7/site-packages/airflow/example_dags/example_kubernetes_executor.py
[2023-07-07T12:22:00.165+0000] {processor.py:756} INFO - Processing file /home/airflow/.local/lib/python3.7/site-packages/airflow/example_dags/example_kubernetes_executor.py for tasks to queue
[2023-07-07T12:22:00.166+0000] {logging_mixin.py:120} INFO - [2023-07-07T12:22:00.166+0000] {dagbag.py:537} INFO - Filling up the DagBag from /home/airflow/.local/lib/python3.7/site-packages/airflow/example_dags/example_kubernetes_executor.py
[2023-07-07T12:22:00.204+0000] {processor.py:766} INFO - DAG(s) dict_keys(['example_kubernetes_executor']) retrieved from /home/airflow/.local/lib/python3.7/site-packages/airflow/example_dags/example_kubernetes_executor.py
[2023-07-07T12:22:00.233+0000] {logging_mixin.py:120} INFO - [2023-07-07T12:22:00.233+0000] {dag.py:2585} INFO - Sync 1 DAGs
[2023-07-07T12:22:00.267+0000] {logging_mixin.py:120} INFO - [2023-07-07T12:22:00.267+0000] {dag.py:3340} INFO - Setting next_dagrun for example_kubernetes_executor to None, run_after=None
[2023-07-07T12:22:00.293+0000] {processor.py:176} INFO - Processing /home/airflow/.local/lib/python3.7/site-packages/airflow/example_dags/example_kubernetes_executor.py took 0.131 seconds
[2023-07-07T12:22:30.832+0000] {processor.py:154} INFO - Started process (PID=125) to work on /home/airflow/.local/lib/python3.7/site-packages/airflow/example_dags/example_kubernetes_executor.py
[2023-07-07T12:22:30.833+0000] {processor.py:756} INFO - Processing file /home/airflow/.local/lib/python3.7/site-packages/airflow/example_dags/example_kubernetes_executor.py for tasks to queue
[2023-07-07T12:22:30.833+0000] {logging_mixin.py:120} INFO - [2023-07-07T12:22:30.833+0000] {dagbag.py:537} INFO - Filling up the DagBag from /home/airflow/.local/lib/python3.7/site-packages/airflow/example_dags/example_kubernetes_executor.py
[2023-07-07T12:22:30.851+0000] {processor.py:766} INFO - DAG(s) dict_keys(['example_kubernetes_executor']) retrieved from /home/airflow/.local/lib/python3.7/site-packages/airflow/example_dags/example_kubernetes_executor.py
[2023-07-07T12:22:30.877+0000] {logging_mixin.py:120} INFO - [2023-07-07T12:22:30.877+0000] {dag.py:2585} INFO - Sync 1 DAGs
[2023-07-07T12:22:30.893+0000] {logging_mixin.py:120} INFO - [2023-07-07T12:22:30.893+0000] {dag.py:3340} INFO - Setting next_dagrun for example_kubernetes_executor to None, run_after=None
[2023-07-07T12:22:30.905+0000] {processor.py:176} INFO - Processing /home/airflow/.local/lib/python3.7/site-packages/airflow/example_dags/example_kubernetes_executor.py took 0.075 seconds
[2023-07-07T12:23:02.088+0000] {processor.py:154} INFO - Started process (PID=192) to work on /home/airflow/.local/lib/python3.7/site-packages/airflow/example_dags/example_kubernetes_executor.py
[2023-07-07T12:23:02.089+0000] {processor.py:756} INFO - Processing file /home/airflow/.local/lib/python3.7/site-packages/airflow/example_dags/example_kubernetes_executor.py for tasks to queue
[2023-07-07T12:23:02.090+0000] {logging_mixin.py:120} INFO - [2023-07-07T12:23:02.090+0000] {dagbag.py:537} INFO - Filling up the DagBag from /home/airflow/.local/lib/python3.7/site-packages/airflow/example_dags/example_kubernetes_executor.py
[2023-07-07T12:23:02.107+0000] {processor.py:766} INFO - DAG(s) dict_keys(['example_kubernetes_executor']) retrieved from /home/airflow/.local/lib/python3.7/site-packages/airflow/example_dags/example_kubernetes_executor.py
[2023-07-07T12:23:02.135+0000] {logging_mixin.py:120} INFO - [2023-07-07T12:23:02.135+0000] {dag.py:2585} INFO - Sync 1 DAGs
[2023-07-07T12:23:02.152+0000] {logging_mixin.py:120} INFO - [2023-07-07T12:23:02.152+0000] {dag.py:3340} INFO - Setting next_dagrun for example_kubernetes_executor to None, run_after=None
[2023-07-07T12:23:02.164+0000] {processor.py:176} INFO - Processing /home/airflow/.local/lib/python3.7/site-packages/airflow/example_dags/example_kubernetes_executor.py took 0.077 seconds
[2023-07-07T12:23:32.463+0000] {processor.py:154} INFO - Started process (PID=258) to work on /home/airflow/.local/lib/python3.7/site-packages/airflow/example_dags/example_kubernetes_executor.py
[2023-07-07T12:23:32.464+0000] {processor.py:756} INFO - Processing file /home/airflow/.local/lib/python3.7/site-packages/airflow/example_dags/example_kubernetes_executor.py for tasks to queue
[2023-07-07T12:23:32.464+0000] {logging_mixin.py:120} INFO - [2023-07-07T12:23:32.464+0000] {dagbag.py:537} INFO - Filling up the DagBag from /home/airflow/.local/lib/python3.7/site-packages/airflow/example_dags/example_kubernetes_executor.py
[2023-07-07T12:23:32.483+0000] {processor.py:766} INFO - DAG(s) dict_keys(['example_kubernetes_executor']) retrieved from /home/airflow/.local/lib/python3.7/site-packages/airflow/example_dags/example_kubernetes_executor.py
[2023-07-07T12:23:32.513+0000] {logging_mixin.py:120} INFO - [2023-07-07T12:23:32.513+0000] {dag.py:2585} INFO - Sync 1 DAGs
[2023-07-07T12:23:32.532+0000] {logging_mixin.py:120} INFO - [2023-07-07T12:23:32.531+0000] {dag.py:3340} INFO - Setting next_dagrun for example_kubernetes_executor to None, run_after=None
[2023-07-07T12:23:32.545+0000] {processor.py:176} INFO - Processing /home/airflow/.local/lib/python3.7/site-packages/airflow/example_dags/example_kubernetes_executor.py took 0.084 seconds
[2023-07-07T12:24:02.576+0000] {processor.py:154} INFO - Started process (PID=323) to work on /home/airflow/.local/lib/python3.7/site-packages/airflow/example_dags/example_kubernetes_executor.py
[2023-07-07T12:24:02.577+0000] {processor.py:756} INFO - Processing file /home/airflow/.local/lib/python3.7/site-packages/airflow/example_dags/example_kubernetes_executor.py for tasks to queue
[2023-07-07T12:24:02.577+0000] {logging_mixin.py:120} INFO - [2023-07-07T12:24:02.577+0000] {dagbag.py:537} INFO - Filling up the DagBag from /home/airflow/.local/lib/python3.7/site-packages/airflow/example_dags/example_kubernetes_executor.py
[2023-07-07T12:24:02.597+0000] {processor.py:766} INFO - DAG(s) dict_keys(['example_kubernetes_executor']) retrieved from /home/airflow/.local/lib/python3.7/site-packages/airflow/example_dags/example_kubernetes_executor.py
[2023-07-07T12:24:02.626+0000] {logging_mixin.py:120} INFO - [2023-07-07T12:24:02.626+0000] {dag.py:2585} INFO - Sync 1 DAGs
[2023-07-07T12:24:02.645+0000] {logging_mixin.py:120} INFO - [2023-07-07T12:24:02.645+0000] {dag.py:3340} INFO - Setting next_dagrun for example_kubernetes_executor to None, run_after=None
[2023-07-07T12:24:02.661+0000] {processor.py:176} INFO - Processing /home/airflow/.local/lib/python3.7/site-packages/airflow/example_dags/example_kubernetes_executor.py took 0.088 seconds
[2023-07-07T12:24:33.075+0000] {processor.py:154} INFO - Started process (PID=383) to work on /home/airflow/.local/lib/python3.7/site-packages/airflow/example_dags/example_kubernetes_executor.py
[2023-07-07T12:24:33.076+0000] {processor.py:756} INFO - Processing file /home/airflow/.local/lib/python3.7/site-packages/airflow/example_dags/example_kubernetes_executor.py for tasks to queue
[2023-07-07T12:24:33.076+0000] {logging_mixin.py:120} INFO - [2023-07-07T12:24:33.076+0000] {dagbag.py:537} INFO - Filling up the DagBag from /home/airflow/.local/lib/python3.7/site-packages/airflow/example_dags/example_kubernetes_executor.py
[2023-07-07T12:24:33.098+0000] {processor.py:766} INFO - DAG(s) dict_keys(['example_kubernetes_executor']) retrieved from /home/airflow/.local/lib/python3.7/site-packages/airflow/example_dags/example_kubernetes_executor.py
[2023-07-07T12:24:33.125+0000] {logging_mixin.py:120} INFO - [2023-07-07T12:24:33.125+0000] {dag.py:2585} INFO - Sync 1 DAGs
[2023-07-07T12:24:33.146+0000] {logging_mixin.py:120} INFO - [2023-07-07T12:24:33.146+0000] {dag.py:3340} INFO - Setting next_dagrun for example_kubernetes_executor to None, run_after=None
[2023-07-07T12:24:33.161+0000] {processor.py:176} INFO - Processing /home/airflow/.local/lib/python3.7/site-packages/airflow/example_dags/example_kubernetes_executor.py took 0.087 seconds
[2023-07-07T12:25:03.502+0000] {processor.py:154} INFO - Started process (PID=447) to work on /home/airflow/.local/lib/python3.7/site-packages/airflow/example_dags/example_kubernetes_executor.py
[2023-07-07T12:25:03.503+0000] {processor.py:756} INFO - Processing file /home/airflow/.local/lib/python3.7/site-packages/airflow/example_dags/example_kubernetes_executor.py for tasks to queue
[2023-07-07T12:25:03.503+0000] {logging_mixin.py:120} INFO - [2023-07-07T12:25:03.503+0000] {dagbag.py:537} INFO - Filling up the DagBag from /home/airflow/.local/lib/python3.7/site-packages/airflow/example_dags/example_kubernetes_executor.py
[2023-07-07T12:25:03.519+0000] {processor.py:766} INFO - DAG(s) dict_keys(['example_kubernetes_executor']) retrieved from /home/airflow/.local/lib/python3.7/site-packages/airflow/example_dags/example_kubernetes_executor.py
[2023-07-07T12:25:03.543+0000] {logging_mixin.py:120} INFO - [2023-07-07T12:25:03.543+0000] {dag.py:2585} INFO - Sync 1 DAGs
[2023-07-07T12:25:03.557+0000] {logging_mixin.py:120} INFO - [2023-07-07T12:25:03.557+0000] {dag.py:3340} INFO - Setting next_dagrun for example_kubernetes_executor to None, run_after=None
[2023-07-07T12:25:03.567+0000] {processor.py:176} INFO - Processing /home/airflow/.local/lib/python3.7/site-packages/airflow/example_dags/example_kubernetes_executor.py took 0.067 seconds
