[2023-07-07T12:00:26.230+0000] {processor.py:154} INFO - Started process (PID=69) to work on /home/airflow/.local/lib/python3.7/site-packages/airflow/example_dags/example_local_kubernetes_executor.py
[2023-07-07T12:00:26.231+0000] {processor.py:756} INFO - Processing file /home/airflow/.local/lib/python3.7/site-packages/airflow/example_dags/example_local_kubernetes_executor.py for tasks to queue
[2023-07-07T12:00:26.231+0000] {logging_mixin.py:120} INFO - [2023-07-07T12:00:26.231+0000] {dagbag.py:537} INFO - Filling up the DagBag from /home/airflow/.local/lib/python3.7/site-packages/airflow/example_dags/example_local_kubernetes_executor.py
[2023-07-07T12:00:26.251+0000] {processor.py:766} INFO - DAG(s) dict_keys(['example_local_kubernetes_executor']) retrieved from /home/airflow/.local/lib/python3.7/site-packages/airflow/example_dags/example_local_kubernetes_executor.py
[2023-07-07T12:00:26.278+0000] {logging_mixin.py:120} INFO - [2023-07-07T12:00:26.278+0000] {dag.py:2585} INFO - Sync 1 DAGs
[2023-07-07T12:00:26.300+0000] {logging_mixin.py:120} INFO - [2023-07-07T12:00:26.300+0000] {dag.py:3340} INFO - Setting next_dagrun for example_local_kubernetes_executor to None, run_after=None
[2023-07-07T12:00:26.318+0000] {processor.py:176} INFO - Processing /home/airflow/.local/lib/python3.7/site-packages/airflow/example_dags/example_local_kubernetes_executor.py took 0.090 seconds
[2023-07-07T12:00:56.548+0000] {processor.py:154} INFO - Started process (PID=135) to work on /home/airflow/.local/lib/python3.7/site-packages/airflow/example_dags/example_local_kubernetes_executor.py
[2023-07-07T12:00:56.549+0000] {processor.py:756} INFO - Processing file /home/airflow/.local/lib/python3.7/site-packages/airflow/example_dags/example_local_kubernetes_executor.py for tasks to queue
[2023-07-07T12:00:56.549+0000] {logging_mixin.py:120} INFO - [2023-07-07T12:00:56.549+0000] {dagbag.py:537} INFO - Filling up the DagBag from /home/airflow/.local/lib/python3.7/site-packages/airflow/example_dags/example_local_kubernetes_executor.py
[2023-07-07T12:00:56.562+0000] {processor.py:766} INFO - DAG(s) dict_keys(['example_local_kubernetes_executor']) retrieved from /home/airflow/.local/lib/python3.7/site-packages/airflow/example_dags/example_local_kubernetes_executor.py
[2023-07-07T12:00:56.583+0000] {logging_mixin.py:120} INFO - [2023-07-07T12:00:56.583+0000] {dag.py:2585} INFO - Sync 1 DAGs
[2023-07-07T12:00:56.597+0000] {logging_mixin.py:120} INFO - [2023-07-07T12:00:56.597+0000] {dag.py:3340} INFO - Setting next_dagrun for example_local_kubernetes_executor to None, run_after=None
[2023-07-07T12:00:56.609+0000] {processor.py:176} INFO - Processing /home/airflow/.local/lib/python3.7/site-packages/airflow/example_dags/example_local_kubernetes_executor.py took 0.063 seconds
[2023-07-07T12:01:28.063+0000] {processor.py:154} INFO - Started process (PID=204) to work on /home/airflow/.local/lib/python3.7/site-packages/airflow/example_dags/example_local_kubernetes_executor.py
[2023-07-07T12:01:28.064+0000] {processor.py:756} INFO - Processing file /home/airflow/.local/lib/python3.7/site-packages/airflow/example_dags/example_local_kubernetes_executor.py for tasks to queue
[2023-07-07T12:01:28.064+0000] {logging_mixin.py:120} INFO - [2023-07-07T12:01:28.064+0000] {dagbag.py:537} INFO - Filling up the DagBag from /home/airflow/.local/lib/python3.7/site-packages/airflow/example_dags/example_local_kubernetes_executor.py
[2023-07-07T12:01:28.078+0000] {processor.py:766} INFO - DAG(s) dict_keys(['example_local_kubernetes_executor']) retrieved from /home/airflow/.local/lib/python3.7/site-packages/airflow/example_dags/example_local_kubernetes_executor.py
[2023-07-07T12:01:28.102+0000] {logging_mixin.py:120} INFO - [2023-07-07T12:01:28.102+0000] {dag.py:2585} INFO - Sync 1 DAGs
[2023-07-07T12:01:28.118+0000] {logging_mixin.py:120} INFO - [2023-07-07T12:01:28.117+0000] {dag.py:3340} INFO - Setting next_dagrun for example_local_kubernetes_executor to None, run_after=None
[2023-07-07T12:01:28.129+0000] {processor.py:176} INFO - Processing /home/airflow/.local/lib/python3.7/site-packages/airflow/example_dags/example_local_kubernetes_executor.py took 0.068 seconds
[2023-07-07T12:01:59.577+0000] {processor.py:154} INFO - Started process (PID=271) to work on /home/airflow/.local/lib/python3.7/site-packages/airflow/example_dags/example_local_kubernetes_executor.py
[2023-07-07T12:01:59.578+0000] {processor.py:756} INFO - Processing file /home/airflow/.local/lib/python3.7/site-packages/airflow/example_dags/example_local_kubernetes_executor.py for tasks to queue
[2023-07-07T12:01:59.578+0000] {logging_mixin.py:120} INFO - [2023-07-07T12:01:59.578+0000] {dagbag.py:537} INFO - Filling up the DagBag from /home/airflow/.local/lib/python3.7/site-packages/airflow/example_dags/example_local_kubernetes_executor.py
[2023-07-07T12:01:59.592+0000] {processor.py:766} INFO - DAG(s) dict_keys(['example_local_kubernetes_executor']) retrieved from /home/airflow/.local/lib/python3.7/site-packages/airflow/example_dags/example_local_kubernetes_executor.py
[2023-07-07T12:01:59.616+0000] {logging_mixin.py:120} INFO - [2023-07-07T12:01:59.615+0000] {dag.py:2585} INFO - Sync 1 DAGs
[2023-07-07T12:01:59.631+0000] {logging_mixin.py:120} INFO - [2023-07-07T12:01:59.631+0000] {dag.py:3340} INFO - Setting next_dagrun for example_local_kubernetes_executor to None, run_after=None
[2023-07-07T12:01:59.643+0000] {processor.py:176} INFO - Processing /home/airflow/.local/lib/python3.7/site-packages/airflow/example_dags/example_local_kubernetes_executor.py took 0.068 seconds
[2023-07-07T12:02:37.626+0000] {processor.py:154} INFO - Started process (PID=70) to work on /home/airflow/.local/lib/python3.7/site-packages/airflow/example_dags/example_local_kubernetes_executor.py
[2023-07-07T12:02:37.628+0000] {processor.py:756} INFO - Processing file /home/airflow/.local/lib/python3.7/site-packages/airflow/example_dags/example_local_kubernetes_executor.py for tasks to queue
[2023-07-07T12:02:37.629+0000] {logging_mixin.py:120} INFO - [2023-07-07T12:02:37.629+0000] {dagbag.py:537} INFO - Filling up the DagBag from /home/airflow/.local/lib/python3.7/site-packages/airflow/example_dags/example_local_kubernetes_executor.py
[2023-07-07T12:02:37.674+0000] {processor.py:766} INFO - DAG(s) dict_keys(['example_local_kubernetes_executor']) retrieved from /home/airflow/.local/lib/python3.7/site-packages/airflow/example_dags/example_local_kubernetes_executor.py
[2023-07-07T12:02:37.726+0000] {logging_mixin.py:120} INFO - [2023-07-07T12:02:37.726+0000] {dag.py:2585} INFO - Sync 1 DAGs
[2023-07-07T12:02:37.760+0000] {logging_mixin.py:120} INFO - [2023-07-07T12:02:37.760+0000] {dag.py:3340} INFO - Setting next_dagrun for example_local_kubernetes_executor to None, run_after=None
[2023-07-07T12:02:37.783+0000] {processor.py:176} INFO - Processing /home/airflow/.local/lib/python3.7/site-packages/airflow/example_dags/example_local_kubernetes_executor.py took 0.160 seconds
[2023-07-07T12:03:08.039+0000] {processor.py:154} INFO - Started process (PID=137) to work on /home/airflow/.local/lib/python3.7/site-packages/airflow/example_dags/example_local_kubernetes_executor.py
[2023-07-07T12:03:08.040+0000] {processor.py:756} INFO - Processing file /home/airflow/.local/lib/python3.7/site-packages/airflow/example_dags/example_local_kubernetes_executor.py for tasks to queue
[2023-07-07T12:03:08.040+0000] {logging_mixin.py:120} INFO - [2023-07-07T12:03:08.040+0000] {dagbag.py:537} INFO - Filling up the DagBag from /home/airflow/.local/lib/python3.7/site-packages/airflow/example_dags/example_local_kubernetes_executor.py
[2023-07-07T12:03:08.053+0000] {processor.py:766} INFO - DAG(s) dict_keys(['example_local_kubernetes_executor']) retrieved from /home/airflow/.local/lib/python3.7/site-packages/airflow/example_dags/example_local_kubernetes_executor.py
[2023-07-07T12:03:08.079+0000] {logging_mixin.py:120} INFO - [2023-07-07T12:03:08.078+0000] {dag.py:2585} INFO - Sync 1 DAGs
[2023-07-07T12:03:08.094+0000] {logging_mixin.py:120} INFO - [2023-07-07T12:03:08.094+0000] {dag.py:3340} INFO - Setting next_dagrun for example_local_kubernetes_executor to None, run_after=None
[2023-07-07T12:03:08.107+0000] {processor.py:176} INFO - Processing /home/airflow/.local/lib/python3.7/site-packages/airflow/example_dags/example_local_kubernetes_executor.py took 0.069 seconds
[2023-07-07T12:03:38.326+0000] {processor.py:154} INFO - Started process (PID=205) to work on /home/airflow/.local/lib/python3.7/site-packages/airflow/example_dags/example_local_kubernetes_executor.py
[2023-07-07T12:03:38.327+0000] {processor.py:756} INFO - Processing file /home/airflow/.local/lib/python3.7/site-packages/airflow/example_dags/example_local_kubernetes_executor.py for tasks to queue
[2023-07-07T12:03:38.327+0000] {logging_mixin.py:120} INFO - [2023-07-07T12:03:38.327+0000] {dagbag.py:537} INFO - Filling up the DagBag from /home/airflow/.local/lib/python3.7/site-packages/airflow/example_dags/example_local_kubernetes_executor.py
[2023-07-07T12:03:38.341+0000] {processor.py:766} INFO - DAG(s) dict_keys(['example_local_kubernetes_executor']) retrieved from /home/airflow/.local/lib/python3.7/site-packages/airflow/example_dags/example_local_kubernetes_executor.py
[2023-07-07T12:03:38.368+0000] {logging_mixin.py:120} INFO - [2023-07-07T12:03:38.368+0000] {dag.py:2585} INFO - Sync 1 DAGs
[2023-07-07T12:03:38.384+0000] {logging_mixin.py:120} INFO - [2023-07-07T12:03:38.384+0000] {dag.py:3340} INFO - Setting next_dagrun for example_local_kubernetes_executor to None, run_after=None
[2023-07-07T12:03:38.396+0000] {processor.py:176} INFO - Processing /home/airflow/.local/lib/python3.7/site-packages/airflow/example_dags/example_local_kubernetes_executor.py took 0.072 seconds
[2023-07-07T12:04:08.552+0000] {processor.py:154} INFO - Started process (PID=273) to work on /home/airflow/.local/lib/python3.7/site-packages/airflow/example_dags/example_local_kubernetes_executor.py
[2023-07-07T12:04:08.553+0000] {processor.py:756} INFO - Processing file /home/airflow/.local/lib/python3.7/site-packages/airflow/example_dags/example_local_kubernetes_executor.py for tasks to queue
[2023-07-07T12:04:08.553+0000] {logging_mixin.py:120} INFO - [2023-07-07T12:04:08.553+0000] {dagbag.py:537} INFO - Filling up the DagBag from /home/airflow/.local/lib/python3.7/site-packages/airflow/example_dags/example_local_kubernetes_executor.py
[2023-07-07T12:04:08.568+0000] {processor.py:766} INFO - DAG(s) dict_keys(['example_local_kubernetes_executor']) retrieved from /home/airflow/.local/lib/python3.7/site-packages/airflow/example_dags/example_local_kubernetes_executor.py
[2023-07-07T12:04:08.592+0000] {logging_mixin.py:120} INFO - [2023-07-07T12:04:08.592+0000] {dag.py:2585} INFO - Sync 1 DAGs
[2023-07-07T12:04:08.609+0000] {logging_mixin.py:120} INFO - [2023-07-07T12:04:08.608+0000] {dag.py:3340} INFO - Setting next_dagrun for example_local_kubernetes_executor to None, run_after=None
[2023-07-07T12:04:08.623+0000] {processor.py:176} INFO - Processing /home/airflow/.local/lib/python3.7/site-packages/airflow/example_dags/example_local_kubernetes_executor.py took 0.073 seconds
[2023-07-07T12:04:38.791+0000] {processor.py:154} INFO - Started process (PID=331) to work on /home/airflow/.local/lib/python3.7/site-packages/airflow/example_dags/example_local_kubernetes_executor.py
[2023-07-07T12:04:38.792+0000] {processor.py:756} INFO - Processing file /home/airflow/.local/lib/python3.7/site-packages/airflow/example_dags/example_local_kubernetes_executor.py for tasks to queue
[2023-07-07T12:04:38.792+0000] {logging_mixin.py:120} INFO - [2023-07-07T12:04:38.792+0000] {dagbag.py:537} INFO - Filling up the DagBag from /home/airflow/.local/lib/python3.7/site-packages/airflow/example_dags/example_local_kubernetes_executor.py
[2023-07-07T12:04:38.806+0000] {processor.py:766} INFO - DAG(s) dict_keys(['example_local_kubernetes_executor']) retrieved from /home/airflow/.local/lib/python3.7/site-packages/airflow/example_dags/example_local_kubernetes_executor.py
[2023-07-07T12:04:38.829+0000] {logging_mixin.py:120} INFO - [2023-07-07T12:04:38.829+0000] {dag.py:2585} INFO - Sync 1 DAGs
[2023-07-07T12:04:38.845+0000] {logging_mixin.py:120} INFO - [2023-07-07T12:04:38.845+0000] {dag.py:3340} INFO - Setting next_dagrun for example_local_kubernetes_executor to None, run_after=None
[2023-07-07T12:04:38.857+0000] {processor.py:176} INFO - Processing /home/airflow/.local/lib/python3.7/site-packages/airflow/example_dags/example_local_kubernetes_executor.py took 0.067 seconds
[2023-07-07T12:05:09.911+0000] {processor.py:154} INFO - Started process (PID=398) to work on /home/airflow/.local/lib/python3.7/site-packages/airflow/example_dags/example_local_kubernetes_executor.py
[2023-07-07T12:05:09.912+0000] {processor.py:756} INFO - Processing file /home/airflow/.local/lib/python3.7/site-packages/airflow/example_dags/example_local_kubernetes_executor.py for tasks to queue
[2023-07-07T12:05:09.912+0000] {logging_mixin.py:120} INFO - [2023-07-07T12:05:09.912+0000] {dagbag.py:537} INFO - Filling up the DagBag from /home/airflow/.local/lib/python3.7/site-packages/airflow/example_dags/example_local_kubernetes_executor.py
[2023-07-07T12:05:09.927+0000] {processor.py:766} INFO - DAG(s) dict_keys(['example_local_kubernetes_executor']) retrieved from /home/airflow/.local/lib/python3.7/site-packages/airflow/example_dags/example_local_kubernetes_executor.py
[2023-07-07T12:05:09.953+0000] {logging_mixin.py:120} INFO - [2023-07-07T12:05:09.953+0000] {dag.py:2585} INFO - Sync 1 DAGs
[2023-07-07T12:05:09.970+0000] {logging_mixin.py:120} INFO - [2023-07-07T12:05:09.970+0000] {dag.py:3340} INFO - Setting next_dagrun for example_local_kubernetes_executor to None, run_after=None
[2023-07-07T12:05:09.984+0000] {processor.py:176} INFO - Processing /home/airflow/.local/lib/python3.7/site-packages/airflow/example_dags/example_local_kubernetes_executor.py took 0.074 seconds
[2023-07-07T12:05:40.207+0000] {processor.py:154} INFO - Started process (PID=466) to work on /home/airflow/.local/lib/python3.7/site-packages/airflow/example_dags/example_local_kubernetes_executor.py
[2023-07-07T12:05:40.208+0000] {processor.py:756} INFO - Processing file /home/airflow/.local/lib/python3.7/site-packages/airflow/example_dags/example_local_kubernetes_executor.py for tasks to queue
[2023-07-07T12:05:40.208+0000] {logging_mixin.py:120} INFO - [2023-07-07T12:05:40.208+0000] {dagbag.py:537} INFO - Filling up the DagBag from /home/airflow/.local/lib/python3.7/site-packages/airflow/example_dags/example_local_kubernetes_executor.py
[2023-07-07T12:05:40.223+0000] {processor.py:766} INFO - DAG(s) dict_keys(['example_local_kubernetes_executor']) retrieved from /home/airflow/.local/lib/python3.7/site-packages/airflow/example_dags/example_local_kubernetes_executor.py
[2023-07-07T12:05:40.250+0000] {logging_mixin.py:120} INFO - [2023-07-07T12:05:40.250+0000] {dag.py:2585} INFO - Sync 1 DAGs
[2023-07-07T12:05:40.266+0000] {logging_mixin.py:120} INFO - [2023-07-07T12:05:40.266+0000] {dag.py:3340} INFO - Setting next_dagrun for example_local_kubernetes_executor to None, run_after=None
[2023-07-07T12:05:40.278+0000] {processor.py:176} INFO - Processing /home/airflow/.local/lib/python3.7/site-packages/airflow/example_dags/example_local_kubernetes_executor.py took 0.072 seconds
[2023-07-07T12:06:10.458+0000] {processor.py:154} INFO - Started process (PID=532) to work on /home/airflow/.local/lib/python3.7/site-packages/airflow/example_dags/example_local_kubernetes_executor.py
[2023-07-07T12:06:10.459+0000] {processor.py:756} INFO - Processing file /home/airflow/.local/lib/python3.7/site-packages/airflow/example_dags/example_local_kubernetes_executor.py for tasks to queue
[2023-07-07T12:06:10.460+0000] {logging_mixin.py:120} INFO - [2023-07-07T12:06:10.460+0000] {dagbag.py:537} INFO - Filling up the DagBag from /home/airflow/.local/lib/python3.7/site-packages/airflow/example_dags/example_local_kubernetes_executor.py
[2023-07-07T12:06:10.474+0000] {processor.py:766} INFO - DAG(s) dict_keys(['example_local_kubernetes_executor']) retrieved from /home/airflow/.local/lib/python3.7/site-packages/airflow/example_dags/example_local_kubernetes_executor.py
[2023-07-07T12:06:10.497+0000] {logging_mixin.py:120} INFO - [2023-07-07T12:06:10.497+0000] {dag.py:2585} INFO - Sync 1 DAGs
[2023-07-07T12:06:10.512+0000] {logging_mixin.py:120} INFO - [2023-07-07T12:06:10.512+0000] {dag.py:3340} INFO - Setting next_dagrun for example_local_kubernetes_executor to None, run_after=None
[2023-07-07T12:06:10.524+0000] {processor.py:176} INFO - Processing /home/airflow/.local/lib/python3.7/site-packages/airflow/example_dags/example_local_kubernetes_executor.py took 0.068 seconds
[2023-07-07T12:06:41.571+0000] {processor.py:154} INFO - Started process (PID=599) to work on /home/airflow/.local/lib/python3.7/site-packages/airflow/example_dags/example_local_kubernetes_executor.py
[2023-07-07T12:06:41.571+0000] {processor.py:756} INFO - Processing file /home/airflow/.local/lib/python3.7/site-packages/airflow/example_dags/example_local_kubernetes_executor.py for tasks to queue
[2023-07-07T12:06:41.572+0000] {logging_mixin.py:120} INFO - [2023-07-07T12:06:41.572+0000] {dagbag.py:537} INFO - Filling up the DagBag from /home/airflow/.local/lib/python3.7/site-packages/airflow/example_dags/example_local_kubernetes_executor.py
[2023-07-07T12:06:41.587+0000] {processor.py:766} INFO - DAG(s) dict_keys(['example_local_kubernetes_executor']) retrieved from /home/airflow/.local/lib/python3.7/site-packages/airflow/example_dags/example_local_kubernetes_executor.py
[2023-07-07T12:06:41.626+0000] {logging_mixin.py:120} INFO - [2023-07-07T12:06:41.626+0000] {dag.py:2585} INFO - Sync 1 DAGs
[2023-07-07T12:06:41.643+0000] {logging_mixin.py:120} INFO - [2023-07-07T12:06:41.643+0000] {dag.py:3340} INFO - Setting next_dagrun for example_local_kubernetes_executor to None, run_after=None
[2023-07-07T12:06:41.655+0000] {processor.py:176} INFO - Processing /home/airflow/.local/lib/python3.7/site-packages/airflow/example_dags/example_local_kubernetes_executor.py took 0.087 seconds
[2023-07-07T12:07:12.743+0000] {processor.py:154} INFO - Started process (PID=664) to work on /home/airflow/.local/lib/python3.7/site-packages/airflow/example_dags/example_local_kubernetes_executor.py
[2023-07-07T12:07:12.744+0000] {processor.py:756} INFO - Processing file /home/airflow/.local/lib/python3.7/site-packages/airflow/example_dags/example_local_kubernetes_executor.py for tasks to queue
[2023-07-07T12:07:12.744+0000] {logging_mixin.py:120} INFO - [2023-07-07T12:07:12.744+0000] {dagbag.py:537} INFO - Filling up the DagBag from /home/airflow/.local/lib/python3.7/site-packages/airflow/example_dags/example_local_kubernetes_executor.py
[2023-07-07T12:07:12.758+0000] {processor.py:766} INFO - DAG(s) dict_keys(['example_local_kubernetes_executor']) retrieved from /home/airflow/.local/lib/python3.7/site-packages/airflow/example_dags/example_local_kubernetes_executor.py
[2023-07-07T12:07:12.783+0000] {logging_mixin.py:120} INFO - [2023-07-07T12:07:12.782+0000] {dag.py:2585} INFO - Sync 1 DAGs
[2023-07-07T12:07:12.799+0000] {logging_mixin.py:120} INFO - [2023-07-07T12:07:12.799+0000] {dag.py:3340} INFO - Setting next_dagrun for example_local_kubernetes_executor to None, run_after=None
[2023-07-07T12:07:12.813+0000] {processor.py:176} INFO - Processing /home/airflow/.local/lib/python3.7/site-packages/airflow/example_dags/example_local_kubernetes_executor.py took 0.072 seconds
[2023-07-07T12:07:43.047+0000] {processor.py:154} INFO - Started process (PID=724) to work on /home/airflow/.local/lib/python3.7/site-packages/airflow/example_dags/example_local_kubernetes_executor.py
[2023-07-07T12:07:43.048+0000] {processor.py:756} INFO - Processing file /home/airflow/.local/lib/python3.7/site-packages/airflow/example_dags/example_local_kubernetes_executor.py for tasks to queue
[2023-07-07T12:07:43.048+0000] {logging_mixin.py:120} INFO - [2023-07-07T12:07:43.048+0000] {dagbag.py:537} INFO - Filling up the DagBag from /home/airflow/.local/lib/python3.7/site-packages/airflow/example_dags/example_local_kubernetes_executor.py
[2023-07-07T12:07:43.060+0000] {processor.py:766} INFO - DAG(s) dict_keys(['example_local_kubernetes_executor']) retrieved from /home/airflow/.local/lib/python3.7/site-packages/airflow/example_dags/example_local_kubernetes_executor.py
[2023-07-07T12:07:43.084+0000] {logging_mixin.py:120} INFO - [2023-07-07T12:07:43.084+0000] {dag.py:2585} INFO - Sync 1 DAGs
[2023-07-07T12:07:43.102+0000] {logging_mixin.py:120} INFO - [2023-07-07T12:07:43.102+0000] {dag.py:3340} INFO - Setting next_dagrun for example_local_kubernetes_executor to None, run_after=None
[2023-07-07T12:07:43.113+0000] {processor.py:176} INFO - Processing /home/airflow/.local/lib/python3.7/site-packages/airflow/example_dags/example_local_kubernetes_executor.py took 0.068 seconds
[2023-07-07T12:08:13.359+0000] {processor.py:154} INFO - Started process (PID=791) to work on /home/airflow/.local/lib/python3.7/site-packages/airflow/example_dags/example_local_kubernetes_executor.py
[2023-07-07T12:08:13.359+0000] {processor.py:756} INFO - Processing file /home/airflow/.local/lib/python3.7/site-packages/airflow/example_dags/example_local_kubernetes_executor.py for tasks to queue
[2023-07-07T12:08:13.360+0000] {logging_mixin.py:120} INFO - [2023-07-07T12:08:13.360+0000] {dagbag.py:537} INFO - Filling up the DagBag from /home/airflow/.local/lib/python3.7/site-packages/airflow/example_dags/example_local_kubernetes_executor.py
[2023-07-07T12:08:13.373+0000] {processor.py:766} INFO - DAG(s) dict_keys(['example_local_kubernetes_executor']) retrieved from /home/airflow/.local/lib/python3.7/site-packages/airflow/example_dags/example_local_kubernetes_executor.py
[2023-07-07T12:08:13.396+0000] {logging_mixin.py:120} INFO - [2023-07-07T12:08:13.396+0000] {dag.py:2585} INFO - Sync 1 DAGs
[2023-07-07T12:08:13.411+0000] {logging_mixin.py:120} INFO - [2023-07-07T12:08:13.411+0000] {dag.py:3340} INFO - Setting next_dagrun for example_local_kubernetes_executor to None, run_after=None
[2023-07-07T12:08:13.423+0000] {processor.py:176} INFO - Processing /home/airflow/.local/lib/python3.7/site-packages/airflow/example_dags/example_local_kubernetes_executor.py took 0.067 seconds
[2023-07-07T12:08:43.613+0000] {processor.py:154} INFO - Started process (PID=858) to work on /home/airflow/.local/lib/python3.7/site-packages/airflow/example_dags/example_local_kubernetes_executor.py
[2023-07-07T12:08:43.614+0000] {processor.py:756} INFO - Processing file /home/airflow/.local/lib/python3.7/site-packages/airflow/example_dags/example_local_kubernetes_executor.py for tasks to queue
[2023-07-07T12:08:43.614+0000] {logging_mixin.py:120} INFO - [2023-07-07T12:08:43.614+0000] {dagbag.py:537} INFO - Filling up the DagBag from /home/airflow/.local/lib/python3.7/site-packages/airflow/example_dags/example_local_kubernetes_executor.py
[2023-07-07T12:08:43.628+0000] {processor.py:766} INFO - DAG(s) dict_keys(['example_local_kubernetes_executor']) retrieved from /home/airflow/.local/lib/python3.7/site-packages/airflow/example_dags/example_local_kubernetes_executor.py
[2023-07-07T12:08:43.653+0000] {logging_mixin.py:120} INFO - [2023-07-07T12:08:43.653+0000] {dag.py:2585} INFO - Sync 1 DAGs
[2023-07-07T12:08:43.670+0000] {logging_mixin.py:120} INFO - [2023-07-07T12:08:43.670+0000] {dag.py:3340} INFO - Setting next_dagrun for example_local_kubernetes_executor to None, run_after=None
[2023-07-07T12:08:43.682+0000] {processor.py:176} INFO - Processing /home/airflow/.local/lib/python3.7/site-packages/airflow/example_dags/example_local_kubernetes_executor.py took 0.071 seconds
[2023-07-07T12:09:13.933+0000] {processor.py:154} INFO - Started process (PID=925) to work on /home/airflow/.local/lib/python3.7/site-packages/airflow/example_dags/example_local_kubernetes_executor.py
[2023-07-07T12:09:13.934+0000] {processor.py:756} INFO - Processing file /home/airflow/.local/lib/python3.7/site-packages/airflow/example_dags/example_local_kubernetes_executor.py for tasks to queue
[2023-07-07T12:09:13.934+0000] {logging_mixin.py:120} INFO - [2023-07-07T12:09:13.934+0000] {dagbag.py:537} INFO - Filling up the DagBag from /home/airflow/.local/lib/python3.7/site-packages/airflow/example_dags/example_local_kubernetes_executor.py
[2023-07-07T12:09:13.948+0000] {processor.py:766} INFO - DAG(s) dict_keys(['example_local_kubernetes_executor']) retrieved from /home/airflow/.local/lib/python3.7/site-packages/airflow/example_dags/example_local_kubernetes_executor.py
[2023-07-07T12:09:13.974+0000] {logging_mixin.py:120} INFO - [2023-07-07T12:09:13.974+0000] {dag.py:2585} INFO - Sync 1 DAGs
[2023-07-07T12:09:13.990+0000] {logging_mixin.py:120} INFO - [2023-07-07T12:09:13.990+0000] {dag.py:3340} INFO - Setting next_dagrun for example_local_kubernetes_executor to None, run_after=None
[2023-07-07T12:09:14.002+0000] {processor.py:176} INFO - Processing /home/airflow/.local/lib/python3.7/site-packages/airflow/example_dags/example_local_kubernetes_executor.py took 0.071 seconds
[2023-07-07T12:09:45.040+0000] {processor.py:154} INFO - Started process (PID=983) to work on /home/airflow/.local/lib/python3.7/site-packages/airflow/example_dags/example_local_kubernetes_executor.py
[2023-07-07T12:09:45.041+0000] {processor.py:756} INFO - Processing file /home/airflow/.local/lib/python3.7/site-packages/airflow/example_dags/example_local_kubernetes_executor.py for tasks to queue
[2023-07-07T12:09:45.041+0000] {logging_mixin.py:120} INFO - [2023-07-07T12:09:45.041+0000] {dagbag.py:537} INFO - Filling up the DagBag from /home/airflow/.local/lib/python3.7/site-packages/airflow/example_dags/example_local_kubernetes_executor.py
[2023-07-07T12:09:45.057+0000] {processor.py:766} INFO - DAG(s) dict_keys(['example_local_kubernetes_executor']) retrieved from /home/airflow/.local/lib/python3.7/site-packages/airflow/example_dags/example_local_kubernetes_executor.py
[2023-07-07T12:09:45.084+0000] {logging_mixin.py:120} INFO - [2023-07-07T12:09:45.084+0000] {dag.py:2585} INFO - Sync 1 DAGs
[2023-07-07T12:09:45.102+0000] {logging_mixin.py:120} INFO - [2023-07-07T12:09:45.102+0000] {dag.py:3340} INFO - Setting next_dagrun for example_local_kubernetes_executor to None, run_after=None
[2023-07-07T12:09:45.116+0000] {processor.py:176} INFO - Processing /home/airflow/.local/lib/python3.7/site-packages/airflow/example_dags/example_local_kubernetes_executor.py took 0.078 seconds
[2023-07-07T12:10:15.328+0000] {processor.py:154} INFO - Started process (PID=1051) to work on /home/airflow/.local/lib/python3.7/site-packages/airflow/example_dags/example_local_kubernetes_executor.py
[2023-07-07T12:10:15.328+0000] {processor.py:756} INFO - Processing file /home/airflow/.local/lib/python3.7/site-packages/airflow/example_dags/example_local_kubernetes_executor.py for tasks to queue
[2023-07-07T12:10:15.329+0000] {logging_mixin.py:120} INFO - [2023-07-07T12:10:15.329+0000] {dagbag.py:537} INFO - Filling up the DagBag from /home/airflow/.local/lib/python3.7/site-packages/airflow/example_dags/example_local_kubernetes_executor.py
[2023-07-07T12:10:15.344+0000] {processor.py:766} INFO - DAG(s) dict_keys(['example_local_kubernetes_executor']) retrieved from /home/airflow/.local/lib/python3.7/site-packages/airflow/example_dags/example_local_kubernetes_executor.py
[2023-07-07T12:10:15.370+0000] {logging_mixin.py:120} INFO - [2023-07-07T12:10:15.370+0000] {dag.py:2585} INFO - Sync 1 DAGs
[2023-07-07T12:10:15.387+0000] {logging_mixin.py:120} INFO - [2023-07-07T12:10:15.387+0000] {dag.py:3340} INFO - Setting next_dagrun for example_local_kubernetes_executor to None, run_after=None
[2023-07-07T12:10:15.400+0000] {processor.py:176} INFO - Processing /home/airflow/.local/lib/python3.7/site-packages/airflow/example_dags/example_local_kubernetes_executor.py took 0.075 seconds
[2023-07-07T12:10:45.583+0000] {processor.py:154} INFO - Started process (PID=1118) to work on /home/airflow/.local/lib/python3.7/site-packages/airflow/example_dags/example_local_kubernetes_executor.py
[2023-07-07T12:10:45.584+0000] {processor.py:756} INFO - Processing file /home/airflow/.local/lib/python3.7/site-packages/airflow/example_dags/example_local_kubernetes_executor.py for tasks to queue
[2023-07-07T12:10:45.584+0000] {logging_mixin.py:120} INFO - [2023-07-07T12:10:45.584+0000] {dagbag.py:537} INFO - Filling up the DagBag from /home/airflow/.local/lib/python3.7/site-packages/airflow/example_dags/example_local_kubernetes_executor.py
[2023-07-07T12:10:45.598+0000] {processor.py:766} INFO - DAG(s) dict_keys(['example_local_kubernetes_executor']) retrieved from /home/airflow/.local/lib/python3.7/site-packages/airflow/example_dags/example_local_kubernetes_executor.py
[2023-07-07T12:10:45.624+0000] {logging_mixin.py:120} INFO - [2023-07-07T12:10:45.624+0000] {dag.py:2585} INFO - Sync 1 DAGs
[2023-07-07T12:10:45.642+0000] {logging_mixin.py:120} INFO - [2023-07-07T12:10:45.642+0000] {dag.py:3340} INFO - Setting next_dagrun for example_local_kubernetes_executor to None, run_after=None
[2023-07-07T12:10:45.655+0000] {processor.py:176} INFO - Processing /home/airflow/.local/lib/python3.7/site-packages/airflow/example_dags/example_local_kubernetes_executor.py took 0.074 seconds
[2023-07-07T12:11:15.739+0000] {processor.py:154} INFO - Started process (PID=1182) to work on /home/airflow/.local/lib/python3.7/site-packages/airflow/example_dags/example_local_kubernetes_executor.py
[2023-07-07T12:11:15.740+0000] {processor.py:756} INFO - Processing file /home/airflow/.local/lib/python3.7/site-packages/airflow/example_dags/example_local_kubernetes_executor.py for tasks to queue
[2023-07-07T12:11:15.740+0000] {logging_mixin.py:120} INFO - [2023-07-07T12:11:15.740+0000] {dagbag.py:537} INFO - Filling up the DagBag from /home/airflow/.local/lib/python3.7/site-packages/airflow/example_dags/example_local_kubernetes_executor.py
[2023-07-07T12:11:15.756+0000] {processor.py:766} INFO - DAG(s) dict_keys(['example_local_kubernetes_executor']) retrieved from /home/airflow/.local/lib/python3.7/site-packages/airflow/example_dags/example_local_kubernetes_executor.py
[2023-07-07T12:11:15.785+0000] {logging_mixin.py:120} INFO - [2023-07-07T12:11:15.785+0000] {dag.py:2585} INFO - Sync 1 DAGs
[2023-07-07T12:11:15.804+0000] {logging_mixin.py:120} INFO - [2023-07-07T12:11:15.804+0000] {dag.py:3340} INFO - Setting next_dagrun for example_local_kubernetes_executor to None, run_after=None
[2023-07-07T12:11:15.819+0000] {processor.py:176} INFO - Processing /home/airflow/.local/lib/python3.7/site-packages/airflow/example_dags/example_local_kubernetes_executor.py took 0.083 seconds
[2023-07-07T12:11:46.078+0000] {processor.py:154} INFO - Started process (PID=1250) to work on /home/airflow/.local/lib/python3.7/site-packages/airflow/example_dags/example_local_kubernetes_executor.py
[2023-07-07T12:11:46.079+0000] {processor.py:756} INFO - Processing file /home/airflow/.local/lib/python3.7/site-packages/airflow/example_dags/example_local_kubernetes_executor.py for tasks to queue
[2023-07-07T12:11:46.079+0000] {logging_mixin.py:120} INFO - [2023-07-07T12:11:46.079+0000] {dagbag.py:537} INFO - Filling up the DagBag from /home/airflow/.local/lib/python3.7/site-packages/airflow/example_dags/example_local_kubernetes_executor.py
[2023-07-07T12:11:46.096+0000] {processor.py:766} INFO - DAG(s) dict_keys(['example_local_kubernetes_executor']) retrieved from /home/airflow/.local/lib/python3.7/site-packages/airflow/example_dags/example_local_kubernetes_executor.py
[2023-07-07T12:11:46.130+0000] {logging_mixin.py:120} INFO - [2023-07-07T12:11:46.130+0000] {dag.py:2585} INFO - Sync 1 DAGs
[2023-07-07T12:11:46.149+0000] {logging_mixin.py:120} INFO - [2023-07-07T12:11:46.149+0000] {dag.py:3340} INFO - Setting next_dagrun for example_local_kubernetes_executor to None, run_after=None
[2023-07-07T12:11:46.165+0000] {processor.py:176} INFO - Processing /home/airflow/.local/lib/python3.7/site-packages/airflow/example_dags/example_local_kubernetes_executor.py took 0.089 seconds
[2023-07-07T12:12:16.189+0000] {processor.py:154} INFO - Started process (PID=1308) to work on /home/airflow/.local/lib/python3.7/site-packages/airflow/example_dags/example_local_kubernetes_executor.py
[2023-07-07T12:12:16.189+0000] {processor.py:756} INFO - Processing file /home/airflow/.local/lib/python3.7/site-packages/airflow/example_dags/example_local_kubernetes_executor.py for tasks to queue
[2023-07-07T12:12:16.189+0000] {logging_mixin.py:120} INFO - [2023-07-07T12:12:16.189+0000] {dagbag.py:537} INFO - Filling up the DagBag from /home/airflow/.local/lib/python3.7/site-packages/airflow/example_dags/example_local_kubernetes_executor.py
[2023-07-07T12:12:16.204+0000] {processor.py:766} INFO - DAG(s) dict_keys(['example_local_kubernetes_executor']) retrieved from /home/airflow/.local/lib/python3.7/site-packages/airflow/example_dags/example_local_kubernetes_executor.py
[2023-07-07T12:12:16.229+0000] {logging_mixin.py:120} INFO - [2023-07-07T12:12:16.229+0000] {dag.py:2585} INFO - Sync 1 DAGs
[2023-07-07T12:12:16.246+0000] {logging_mixin.py:120} INFO - [2023-07-07T12:12:16.246+0000] {dag.py:3340} INFO - Setting next_dagrun for example_local_kubernetes_executor to None, run_after=None
[2023-07-07T12:12:16.261+0000] {processor.py:176} INFO - Processing /home/airflow/.local/lib/python3.7/site-packages/airflow/example_dags/example_local_kubernetes_executor.py took 0.075 seconds
[2023-07-07T12:12:46.409+0000] {processor.py:154} INFO - Started process (PID=1375) to work on /home/airflow/.local/lib/python3.7/site-packages/airflow/example_dags/example_local_kubernetes_executor.py
[2023-07-07T12:12:46.409+0000] {processor.py:756} INFO - Processing file /home/airflow/.local/lib/python3.7/site-packages/airflow/example_dags/example_local_kubernetes_executor.py for tasks to queue
[2023-07-07T12:12:46.410+0000] {logging_mixin.py:120} INFO - [2023-07-07T12:12:46.410+0000] {dagbag.py:537} INFO - Filling up the DagBag from /home/airflow/.local/lib/python3.7/site-packages/airflow/example_dags/example_local_kubernetes_executor.py
[2023-07-07T12:12:46.423+0000] {processor.py:766} INFO - DAG(s) dict_keys(['example_local_kubernetes_executor']) retrieved from /home/airflow/.local/lib/python3.7/site-packages/airflow/example_dags/example_local_kubernetes_executor.py
[2023-07-07T12:12:46.448+0000] {logging_mixin.py:120} INFO - [2023-07-07T12:12:46.447+0000] {dag.py:2585} INFO - Sync 1 DAGs
[2023-07-07T12:12:46.465+0000] {logging_mixin.py:120} INFO - [2023-07-07T12:12:46.465+0000] {dag.py:3340} INFO - Setting next_dagrun for example_local_kubernetes_executor to None, run_after=None
[2023-07-07T12:12:46.477+0000] {processor.py:176} INFO - Processing /home/airflow/.local/lib/python3.7/site-packages/airflow/example_dags/example_local_kubernetes_executor.py took 0.070 seconds
[2023-07-07T12:13:16.831+0000] {processor.py:154} INFO - Started process (PID=1443) to work on /home/airflow/.local/lib/python3.7/site-packages/airflow/example_dags/example_local_kubernetes_executor.py
[2023-07-07T12:13:16.832+0000] {processor.py:756} INFO - Processing file /home/airflow/.local/lib/python3.7/site-packages/airflow/example_dags/example_local_kubernetes_executor.py for tasks to queue
[2023-07-07T12:13:16.833+0000] {logging_mixin.py:120} INFO - [2023-07-07T12:13:16.833+0000] {dagbag.py:537} INFO - Filling up the DagBag from /home/airflow/.local/lib/python3.7/site-packages/airflow/example_dags/example_local_kubernetes_executor.py
[2023-07-07T12:13:16.850+0000] {processor.py:766} INFO - DAG(s) dict_keys(['example_local_kubernetes_executor']) retrieved from /home/airflow/.local/lib/python3.7/site-packages/airflow/example_dags/example_local_kubernetes_executor.py
[2023-07-07T12:13:16.879+0000] {logging_mixin.py:120} INFO - [2023-07-07T12:13:16.879+0000] {dag.py:2585} INFO - Sync 1 DAGs
[2023-07-07T12:13:16.897+0000] {logging_mixin.py:120} INFO - [2023-07-07T12:13:16.897+0000] {dag.py:3340} INFO - Setting next_dagrun for example_local_kubernetes_executor to None, run_after=None
[2023-07-07T12:13:16.912+0000] {processor.py:176} INFO - Processing /home/airflow/.local/lib/python3.7/site-packages/airflow/example_dags/example_local_kubernetes_executor.py took 0.083 seconds
[2023-07-07T12:13:47.055+0000] {processor.py:154} INFO - Started process (PID=1510) to work on /home/airflow/.local/lib/python3.7/site-packages/airflow/example_dags/example_local_kubernetes_executor.py
[2023-07-07T12:13:47.056+0000] {processor.py:756} INFO - Processing file /home/airflow/.local/lib/python3.7/site-packages/airflow/example_dags/example_local_kubernetes_executor.py for tasks to queue
[2023-07-07T12:13:47.056+0000] {logging_mixin.py:120} INFO - [2023-07-07T12:13:47.056+0000] {dagbag.py:537} INFO - Filling up the DagBag from /home/airflow/.local/lib/python3.7/site-packages/airflow/example_dags/example_local_kubernetes_executor.py
[2023-07-07T12:13:47.072+0000] {processor.py:766} INFO - DAG(s) dict_keys(['example_local_kubernetes_executor']) retrieved from /home/airflow/.local/lib/python3.7/site-packages/airflow/example_dags/example_local_kubernetes_executor.py
[2023-07-07T12:13:47.101+0000] {logging_mixin.py:120} INFO - [2023-07-07T12:13:47.101+0000] {dag.py:2585} INFO - Sync 1 DAGs
[2023-07-07T12:13:47.119+0000] {logging_mixin.py:120} INFO - [2023-07-07T12:13:47.119+0000] {dag.py:3340} INFO - Setting next_dagrun for example_local_kubernetes_executor to None, run_after=None
[2023-07-07T12:13:47.131+0000] {processor.py:176} INFO - Processing /home/airflow/.local/lib/python3.7/site-packages/airflow/example_dags/example_local_kubernetes_executor.py took 0.078 seconds
[2023-07-07T12:14:18.128+0000] {processor.py:154} INFO - Started process (PID=1568) to work on /home/airflow/.local/lib/python3.7/site-packages/airflow/example_dags/example_local_kubernetes_executor.py
[2023-07-07T12:14:18.130+0000] {processor.py:756} INFO - Processing file /home/airflow/.local/lib/python3.7/site-packages/airflow/example_dags/example_local_kubernetes_executor.py for tasks to queue
[2023-07-07T12:14:18.130+0000] {logging_mixin.py:120} INFO - [2023-07-07T12:14:18.130+0000] {dagbag.py:537} INFO - Filling up the DagBag from /home/airflow/.local/lib/python3.7/site-packages/airflow/example_dags/example_local_kubernetes_executor.py
[2023-07-07T12:14:18.145+0000] {processor.py:766} INFO - DAG(s) dict_keys(['example_local_kubernetes_executor']) retrieved from /home/airflow/.local/lib/python3.7/site-packages/airflow/example_dags/example_local_kubernetes_executor.py
[2023-07-07T12:14:18.171+0000] {logging_mixin.py:120} INFO - [2023-07-07T12:14:18.171+0000] {dag.py:2585} INFO - Sync 1 DAGs
[2023-07-07T12:14:18.189+0000] {logging_mixin.py:120} INFO - [2023-07-07T12:14:18.189+0000] {dag.py:3340} INFO - Setting next_dagrun for example_local_kubernetes_executor to None, run_after=None
[2023-07-07T12:14:18.202+0000] {processor.py:176} INFO - Processing /home/airflow/.local/lib/python3.7/site-packages/airflow/example_dags/example_local_kubernetes_executor.py took 0.075 seconds
[2023-07-07T12:14:48.290+0000] {processor.py:154} INFO - Started process (PID=1635) to work on /home/airflow/.local/lib/python3.7/site-packages/airflow/example_dags/example_local_kubernetes_executor.py
[2023-07-07T12:14:48.290+0000] {processor.py:756} INFO - Processing file /home/airflow/.local/lib/python3.7/site-packages/airflow/example_dags/example_local_kubernetes_executor.py for tasks to queue
[2023-07-07T12:14:48.291+0000] {logging_mixin.py:120} INFO - [2023-07-07T12:14:48.291+0000] {dagbag.py:537} INFO - Filling up the DagBag from /home/airflow/.local/lib/python3.7/site-packages/airflow/example_dags/example_local_kubernetes_executor.py
[2023-07-07T12:14:48.304+0000] {processor.py:766} INFO - DAG(s) dict_keys(['example_local_kubernetes_executor']) retrieved from /home/airflow/.local/lib/python3.7/site-packages/airflow/example_dags/example_local_kubernetes_executor.py
[2023-07-07T12:14:48.328+0000] {logging_mixin.py:120} INFO - [2023-07-07T12:14:48.328+0000] {dag.py:2585} INFO - Sync 1 DAGs
[2023-07-07T12:14:48.345+0000] {logging_mixin.py:120} INFO - [2023-07-07T12:14:48.344+0000] {dag.py:3340} INFO - Setting next_dagrun for example_local_kubernetes_executor to None, run_after=None
[2023-07-07T12:14:48.356+0000] {processor.py:176} INFO - Processing /home/airflow/.local/lib/python3.7/site-packages/airflow/example_dags/example_local_kubernetes_executor.py took 0.068 seconds
[2023-07-07T12:15:18.584+0000] {processor.py:154} INFO - Started process (PID=1702) to work on /home/airflow/.local/lib/python3.7/site-packages/airflow/example_dags/example_local_kubernetes_executor.py
[2023-07-07T12:15:18.585+0000] {processor.py:756} INFO - Processing file /home/airflow/.local/lib/python3.7/site-packages/airflow/example_dags/example_local_kubernetes_executor.py for tasks to queue
[2023-07-07T12:15:18.585+0000] {logging_mixin.py:120} INFO - [2023-07-07T12:15:18.585+0000] {dagbag.py:537} INFO - Filling up the DagBag from /home/airflow/.local/lib/python3.7/site-packages/airflow/example_dags/example_local_kubernetes_executor.py
[2023-07-07T12:15:18.600+0000] {processor.py:766} INFO - DAG(s) dict_keys(['example_local_kubernetes_executor']) retrieved from /home/airflow/.local/lib/python3.7/site-packages/airflow/example_dags/example_local_kubernetes_executor.py
[2023-07-07T12:15:18.628+0000] {logging_mixin.py:120} INFO - [2023-07-07T12:15:18.628+0000] {dag.py:2585} INFO - Sync 1 DAGs
[2023-07-07T12:15:18.645+0000] {logging_mixin.py:120} INFO - [2023-07-07T12:15:18.645+0000] {dag.py:3340} INFO - Setting next_dagrun for example_local_kubernetes_executor to None, run_after=None
[2023-07-07T12:15:18.658+0000] {processor.py:176} INFO - Processing /home/airflow/.local/lib/python3.7/site-packages/airflow/example_dags/example_local_kubernetes_executor.py took 0.076 seconds
[2023-07-07T12:15:49.603+0000] {processor.py:154} INFO - Started process (PID=1769) to work on /home/airflow/.local/lib/python3.7/site-packages/airflow/example_dags/example_local_kubernetes_executor.py
[2023-07-07T12:15:49.604+0000] {processor.py:756} INFO - Processing file /home/airflow/.local/lib/python3.7/site-packages/airflow/example_dags/example_local_kubernetes_executor.py for tasks to queue
[2023-07-07T12:15:49.604+0000] {logging_mixin.py:120} INFO - [2023-07-07T12:15:49.604+0000] {dagbag.py:537} INFO - Filling up the DagBag from /home/airflow/.local/lib/python3.7/site-packages/airflow/example_dags/example_local_kubernetes_executor.py
[2023-07-07T12:15:49.617+0000] {processor.py:766} INFO - DAG(s) dict_keys(['example_local_kubernetes_executor']) retrieved from /home/airflow/.local/lib/python3.7/site-packages/airflow/example_dags/example_local_kubernetes_executor.py
[2023-07-07T12:15:49.641+0000] {logging_mixin.py:120} INFO - [2023-07-07T12:15:49.640+0000] {dag.py:2585} INFO - Sync 1 DAGs
[2023-07-07T12:15:49.655+0000] {logging_mixin.py:120} INFO - [2023-07-07T12:15:49.655+0000] {dag.py:3340} INFO - Setting next_dagrun for example_local_kubernetes_executor to None, run_after=None
[2023-07-07T12:15:49.667+0000] {processor.py:176} INFO - Processing /home/airflow/.local/lib/python3.7/site-packages/airflow/example_dags/example_local_kubernetes_executor.py took 0.066 seconds
[2023-07-07T12:16:19.868+0000] {processor.py:154} INFO - Started process (PID=1838) to work on /home/airflow/.local/lib/python3.7/site-packages/airflow/example_dags/example_local_kubernetes_executor.py
[2023-07-07T12:16:19.868+0000] {processor.py:756} INFO - Processing file /home/airflow/.local/lib/python3.7/site-packages/airflow/example_dags/example_local_kubernetes_executor.py for tasks to queue
[2023-07-07T12:16:19.869+0000] {logging_mixin.py:120} INFO - [2023-07-07T12:16:19.869+0000] {dagbag.py:537} INFO - Filling up the DagBag from /home/airflow/.local/lib/python3.7/site-packages/airflow/example_dags/example_local_kubernetes_executor.py
[2023-07-07T12:16:19.881+0000] {processor.py:766} INFO - DAG(s) dict_keys(['example_local_kubernetes_executor']) retrieved from /home/airflow/.local/lib/python3.7/site-packages/airflow/example_dags/example_local_kubernetes_executor.py
[2023-07-07T12:16:19.904+0000] {logging_mixin.py:120} INFO - [2023-07-07T12:16:19.903+0000] {dag.py:2585} INFO - Sync 1 DAGs
[2023-07-07T12:16:19.919+0000] {logging_mixin.py:120} INFO - [2023-07-07T12:16:19.918+0000] {dag.py:3340} INFO - Setting next_dagrun for example_local_kubernetes_executor to None, run_after=None
[2023-07-07T12:16:19.932+0000] {processor.py:176} INFO - Processing /home/airflow/.local/lib/python3.7/site-packages/airflow/example_dags/example_local_kubernetes_executor.py took 0.066 seconds
[2023-07-07T12:16:50.276+0000] {processor.py:154} INFO - Started process (PID=1896) to work on /home/airflow/.local/lib/python3.7/site-packages/airflow/example_dags/example_local_kubernetes_executor.py
[2023-07-07T12:16:50.277+0000] {processor.py:756} INFO - Processing file /home/airflow/.local/lib/python3.7/site-packages/airflow/example_dags/example_local_kubernetes_executor.py for tasks to queue
[2023-07-07T12:16:50.277+0000] {logging_mixin.py:120} INFO - [2023-07-07T12:16:50.277+0000] {dagbag.py:537} INFO - Filling up the DagBag from /home/airflow/.local/lib/python3.7/site-packages/airflow/example_dags/example_local_kubernetes_executor.py
[2023-07-07T12:16:50.290+0000] {processor.py:766} INFO - DAG(s) dict_keys(['example_local_kubernetes_executor']) retrieved from /home/airflow/.local/lib/python3.7/site-packages/airflow/example_dags/example_local_kubernetes_executor.py
[2023-07-07T12:16:50.312+0000] {logging_mixin.py:120} INFO - [2023-07-07T12:16:50.312+0000] {dag.py:2585} INFO - Sync 1 DAGs
[2023-07-07T12:16:50.328+0000] {logging_mixin.py:120} INFO - [2023-07-07T12:16:50.328+0000] {dag.py:3340} INFO - Setting next_dagrun for example_local_kubernetes_executor to None, run_after=None
[2023-07-07T12:16:50.338+0000] {processor.py:176} INFO - Processing /home/airflow/.local/lib/python3.7/site-packages/airflow/example_dags/example_local_kubernetes_executor.py took 0.064 seconds
[2023-07-07T12:17:20.554+0000] {processor.py:154} INFO - Started process (PID=1962) to work on /home/airflow/.local/lib/python3.7/site-packages/airflow/example_dags/example_local_kubernetes_executor.py
[2023-07-07T12:17:20.554+0000] {processor.py:756} INFO - Processing file /home/airflow/.local/lib/python3.7/site-packages/airflow/example_dags/example_local_kubernetes_executor.py for tasks to queue
[2023-07-07T12:17:20.555+0000] {logging_mixin.py:120} INFO - [2023-07-07T12:17:20.554+0000] {dagbag.py:537} INFO - Filling up the DagBag from /home/airflow/.local/lib/python3.7/site-packages/airflow/example_dags/example_local_kubernetes_executor.py
[2023-07-07T12:17:20.568+0000] {processor.py:766} INFO - DAG(s) dict_keys(['example_local_kubernetes_executor']) retrieved from /home/airflow/.local/lib/python3.7/site-packages/airflow/example_dags/example_local_kubernetes_executor.py
[2023-07-07T12:17:20.592+0000] {logging_mixin.py:120} INFO - [2023-07-07T12:17:20.592+0000] {dag.py:2585} INFO - Sync 1 DAGs
[2023-07-07T12:17:20.608+0000] {logging_mixin.py:120} INFO - [2023-07-07T12:17:20.608+0000] {dag.py:3340} INFO - Setting next_dagrun for example_local_kubernetes_executor to None, run_after=None
[2023-07-07T12:17:20.622+0000] {processor.py:176} INFO - Processing /home/airflow/.local/lib/python3.7/site-packages/airflow/example_dags/example_local_kubernetes_executor.py took 0.071 seconds
[2023-07-07T12:17:50.759+0000] {processor.py:154} INFO - Started process (PID=2029) to work on /home/airflow/.local/lib/python3.7/site-packages/airflow/example_dags/example_local_kubernetes_executor.py
[2023-07-07T12:17:50.760+0000] {processor.py:756} INFO - Processing file /home/airflow/.local/lib/python3.7/site-packages/airflow/example_dags/example_local_kubernetes_executor.py for tasks to queue
[2023-07-07T12:17:50.761+0000] {logging_mixin.py:120} INFO - [2023-07-07T12:17:50.761+0000] {dagbag.py:537} INFO - Filling up the DagBag from /home/airflow/.local/lib/python3.7/site-packages/airflow/example_dags/example_local_kubernetes_executor.py
[2023-07-07T12:17:50.774+0000] {processor.py:766} INFO - DAG(s) dict_keys(['example_local_kubernetes_executor']) retrieved from /home/airflow/.local/lib/python3.7/site-packages/airflow/example_dags/example_local_kubernetes_executor.py
[2023-07-07T12:17:50.797+0000] {logging_mixin.py:120} INFO - [2023-07-07T12:17:50.797+0000] {dag.py:2585} INFO - Sync 1 DAGs
[2023-07-07T12:17:50.811+0000] {logging_mixin.py:120} INFO - [2023-07-07T12:17:50.811+0000] {dag.py:3340} INFO - Setting next_dagrun for example_local_kubernetes_executor to None, run_after=None
[2023-07-07T12:17:50.823+0000] {processor.py:176} INFO - Processing /home/airflow/.local/lib/python3.7/site-packages/airflow/example_dags/example_local_kubernetes_executor.py took 0.065 seconds
[2023-07-07T12:18:20.988+0000] {processor.py:154} INFO - Started process (PID=2097) to work on /home/airflow/.local/lib/python3.7/site-packages/airflow/example_dags/example_local_kubernetes_executor.py
[2023-07-07T12:18:20.989+0000] {processor.py:756} INFO - Processing file /home/airflow/.local/lib/python3.7/site-packages/airflow/example_dags/example_local_kubernetes_executor.py for tasks to queue
[2023-07-07T12:18:20.989+0000] {logging_mixin.py:120} INFO - [2023-07-07T12:18:20.989+0000] {dagbag.py:537} INFO - Filling up the DagBag from /home/airflow/.local/lib/python3.7/site-packages/airflow/example_dags/example_local_kubernetes_executor.py
[2023-07-07T12:18:21.001+0000] {processor.py:766} INFO - DAG(s) dict_keys(['example_local_kubernetes_executor']) retrieved from /home/airflow/.local/lib/python3.7/site-packages/airflow/example_dags/example_local_kubernetes_executor.py
[2023-07-07T12:18:21.022+0000] {logging_mixin.py:120} INFO - [2023-07-07T12:18:21.022+0000] {dag.py:2585} INFO - Sync 1 DAGs
[2023-07-07T12:18:21.037+0000] {logging_mixin.py:120} INFO - [2023-07-07T12:18:21.036+0000] {dag.py:3340} INFO - Setting next_dagrun for example_local_kubernetes_executor to None, run_after=None
[2023-07-07T12:18:21.046+0000] {processor.py:176} INFO - Processing /home/airflow/.local/lib/python3.7/site-packages/airflow/example_dags/example_local_kubernetes_executor.py took 0.061 seconds
[2023-07-07T12:18:51.340+0000] {processor.py:154} INFO - Started process (PID=2164) to work on /home/airflow/.local/lib/python3.7/site-packages/airflow/example_dags/example_local_kubernetes_executor.py
[2023-07-07T12:18:51.341+0000] {processor.py:756} INFO - Processing file /home/airflow/.local/lib/python3.7/site-packages/airflow/example_dags/example_local_kubernetes_executor.py for tasks to queue
[2023-07-07T12:18:51.342+0000] {logging_mixin.py:120} INFO - [2023-07-07T12:18:51.342+0000] {dagbag.py:537} INFO - Filling up the DagBag from /home/airflow/.local/lib/python3.7/site-packages/airflow/example_dags/example_local_kubernetes_executor.py
[2023-07-07T12:18:51.355+0000] {processor.py:766} INFO - DAG(s) dict_keys(['example_local_kubernetes_executor']) retrieved from /home/airflow/.local/lib/python3.7/site-packages/airflow/example_dags/example_local_kubernetes_executor.py
[2023-07-07T12:18:51.378+0000] {logging_mixin.py:120} INFO - [2023-07-07T12:18:51.378+0000] {dag.py:2585} INFO - Sync 1 DAGs
[2023-07-07T12:18:51.394+0000] {logging_mixin.py:120} INFO - [2023-07-07T12:18:51.394+0000] {dag.py:3340} INFO - Setting next_dagrun for example_local_kubernetes_executor to None, run_after=None
[2023-07-07T12:18:51.406+0000] {processor.py:176} INFO - Processing /home/airflow/.local/lib/python3.7/site-packages/airflow/example_dags/example_local_kubernetes_executor.py took 0.068 seconds
[2023-07-07T12:19:21.599+0000] {processor.py:154} INFO - Started process (PID=2222) to work on /home/airflow/.local/lib/python3.7/site-packages/airflow/example_dags/example_local_kubernetes_executor.py
[2023-07-07T12:19:21.600+0000] {processor.py:756} INFO - Processing file /home/airflow/.local/lib/python3.7/site-packages/airflow/example_dags/example_local_kubernetes_executor.py for tasks to queue
[2023-07-07T12:19:21.600+0000] {logging_mixin.py:120} INFO - [2023-07-07T12:19:21.600+0000] {dagbag.py:537} INFO - Filling up the DagBag from /home/airflow/.local/lib/python3.7/site-packages/airflow/example_dags/example_local_kubernetes_executor.py
[2023-07-07T12:19:21.612+0000] {processor.py:766} INFO - DAG(s) dict_keys(['example_local_kubernetes_executor']) retrieved from /home/airflow/.local/lib/python3.7/site-packages/airflow/example_dags/example_local_kubernetes_executor.py
[2023-07-07T12:19:21.634+0000] {logging_mixin.py:120} INFO - [2023-07-07T12:19:21.634+0000] {dag.py:2585} INFO - Sync 1 DAGs
[2023-07-07T12:19:21.647+0000] {logging_mixin.py:120} INFO - [2023-07-07T12:19:21.647+0000] {dag.py:3340} INFO - Setting next_dagrun for example_local_kubernetes_executor to None, run_after=None
[2023-07-07T12:19:21.657+0000] {processor.py:176} INFO - Processing /home/airflow/.local/lib/python3.7/site-packages/airflow/example_dags/example_local_kubernetes_executor.py took 0.060 seconds
[2023-07-07T12:19:51.847+0000] {processor.py:154} INFO - Started process (PID=2290) to work on /home/airflow/.local/lib/python3.7/site-packages/airflow/example_dags/example_local_kubernetes_executor.py
[2023-07-07T12:19:51.848+0000] {processor.py:756} INFO - Processing file /home/airflow/.local/lib/python3.7/site-packages/airflow/example_dags/example_local_kubernetes_executor.py for tasks to queue
[2023-07-07T12:19:51.848+0000] {logging_mixin.py:120} INFO - [2023-07-07T12:19:51.848+0000] {dagbag.py:537} INFO - Filling up the DagBag from /home/airflow/.local/lib/python3.7/site-packages/airflow/example_dags/example_local_kubernetes_executor.py
[2023-07-07T12:19:51.861+0000] {processor.py:766} INFO - DAG(s) dict_keys(['example_local_kubernetes_executor']) retrieved from /home/airflow/.local/lib/python3.7/site-packages/airflow/example_dags/example_local_kubernetes_executor.py
[2023-07-07T12:19:51.885+0000] {logging_mixin.py:120} INFO - [2023-07-07T12:19:51.885+0000] {dag.py:2585} INFO - Sync 1 DAGs
[2023-07-07T12:19:51.900+0000] {logging_mixin.py:120} INFO - [2023-07-07T12:19:51.900+0000] {dag.py:3340} INFO - Setting next_dagrun for example_local_kubernetes_executor to None, run_after=None
[2023-07-07T12:19:51.914+0000] {processor.py:176} INFO - Processing /home/airflow/.local/lib/python3.7/site-packages/airflow/example_dags/example_local_kubernetes_executor.py took 0.069 seconds
[2023-07-07T12:20:22.014+0000] {processor.py:154} INFO - Started process (PID=2357) to work on /home/airflow/.local/lib/python3.7/site-packages/airflow/example_dags/example_local_kubernetes_executor.py
[2023-07-07T12:20:22.014+0000] {processor.py:756} INFO - Processing file /home/airflow/.local/lib/python3.7/site-packages/airflow/example_dags/example_local_kubernetes_executor.py for tasks to queue
[2023-07-07T12:20:22.015+0000] {logging_mixin.py:120} INFO - [2023-07-07T12:20:22.015+0000] {dagbag.py:537} INFO - Filling up the DagBag from /home/airflow/.local/lib/python3.7/site-packages/airflow/example_dags/example_local_kubernetes_executor.py
[2023-07-07T12:20:22.027+0000] {processor.py:766} INFO - DAG(s) dict_keys(['example_local_kubernetes_executor']) retrieved from /home/airflow/.local/lib/python3.7/site-packages/airflow/example_dags/example_local_kubernetes_executor.py
[2023-07-07T12:20:22.048+0000] {logging_mixin.py:120} INFO - [2023-07-07T12:20:22.048+0000] {dag.py:2585} INFO - Sync 1 DAGs
[2023-07-07T12:20:22.062+0000] {logging_mixin.py:120} INFO - [2023-07-07T12:20:22.062+0000] {dag.py:3340} INFO - Setting next_dagrun for example_local_kubernetes_executor to None, run_after=None
[2023-07-07T12:20:22.075+0000] {processor.py:176} INFO - Processing /home/airflow/.local/lib/python3.7/site-packages/airflow/example_dags/example_local_kubernetes_executor.py took 0.063 seconds
[2023-07-07T12:20:52.282+0000] {processor.py:154} INFO - Started process (PID=2424) to work on /home/airflow/.local/lib/python3.7/site-packages/airflow/example_dags/example_local_kubernetes_executor.py
[2023-07-07T12:20:52.282+0000] {processor.py:756} INFO - Processing file /home/airflow/.local/lib/python3.7/site-packages/airflow/example_dags/example_local_kubernetes_executor.py for tasks to queue
[2023-07-07T12:20:52.282+0000] {logging_mixin.py:120} INFO - [2023-07-07T12:20:52.282+0000] {dagbag.py:537} INFO - Filling up the DagBag from /home/airflow/.local/lib/python3.7/site-packages/airflow/example_dags/example_local_kubernetes_executor.py
[2023-07-07T12:20:52.295+0000] {processor.py:766} INFO - DAG(s) dict_keys(['example_local_kubernetes_executor']) retrieved from /home/airflow/.local/lib/python3.7/site-packages/airflow/example_dags/example_local_kubernetes_executor.py
[2023-07-07T12:20:52.317+0000] {logging_mixin.py:120} INFO - [2023-07-07T12:20:52.317+0000] {dag.py:2585} INFO - Sync 1 DAGs
[2023-07-07T12:20:52.331+0000] {logging_mixin.py:120} INFO - [2023-07-07T12:20:52.331+0000] {dag.py:3340} INFO - Setting next_dagrun for example_local_kubernetes_executor to None, run_after=None
[2023-07-07T12:20:52.342+0000] {processor.py:176} INFO - Processing /home/airflow/.local/lib/python3.7/site-packages/airflow/example_dags/example_local_kubernetes_executor.py took 0.062 seconds
[2023-07-07T12:21:22.638+0000] {processor.py:154} INFO - Started process (PID=2489) to work on /home/airflow/.local/lib/python3.7/site-packages/airflow/example_dags/example_local_kubernetes_executor.py
[2023-07-07T12:21:22.639+0000] {processor.py:756} INFO - Processing file /home/airflow/.local/lib/python3.7/site-packages/airflow/example_dags/example_local_kubernetes_executor.py for tasks to queue
[2023-07-07T12:21:22.639+0000] {logging_mixin.py:120} INFO - [2023-07-07T12:21:22.639+0000] {dagbag.py:537} INFO - Filling up the DagBag from /home/airflow/.local/lib/python3.7/site-packages/airflow/example_dags/example_local_kubernetes_executor.py
[2023-07-07T12:21:22.653+0000] {processor.py:766} INFO - DAG(s) dict_keys(['example_local_kubernetes_executor']) retrieved from /home/airflow/.local/lib/python3.7/site-packages/airflow/example_dags/example_local_kubernetes_executor.py
[2023-07-07T12:21:22.680+0000] {logging_mixin.py:120} INFO - [2023-07-07T12:21:22.680+0000] {dag.py:2585} INFO - Sync 1 DAGs
[2023-07-07T12:21:22.697+0000] {logging_mixin.py:120} INFO - [2023-07-07T12:21:22.697+0000] {dag.py:3340} INFO - Setting next_dagrun for example_local_kubernetes_executor to None, run_after=None
[2023-07-07T12:21:22.710+0000] {processor.py:176} INFO - Processing /home/airflow/.local/lib/python3.7/site-packages/airflow/example_dags/example_local_kubernetes_executor.py took 0.074 seconds
[2023-07-07T12:22:01.190+0000] {processor.py:154} INFO - Started process (PID=79) to work on /home/airflow/.local/lib/python3.7/site-packages/airflow/example_dags/example_local_kubernetes_executor.py
[2023-07-07T12:22:01.191+0000] {processor.py:756} INFO - Processing file /home/airflow/.local/lib/python3.7/site-packages/airflow/example_dags/example_local_kubernetes_executor.py for tasks to queue
[2023-07-07T12:22:01.192+0000] {logging_mixin.py:120} INFO - [2023-07-07T12:22:01.192+0000] {dagbag.py:537} INFO - Filling up the DagBag from /home/airflow/.local/lib/python3.7/site-packages/airflow/example_dags/example_local_kubernetes_executor.py
[2023-07-07T12:22:01.210+0000] {processor.py:766} INFO - DAG(s) dict_keys(['example_local_kubernetes_executor']) retrieved from /home/airflow/.local/lib/python3.7/site-packages/airflow/example_dags/example_local_kubernetes_executor.py
[2023-07-07T12:22:01.231+0000] {logging_mixin.py:120} INFO - [2023-07-07T12:22:01.231+0000] {dag.py:2585} INFO - Sync 1 DAGs
[2023-07-07T12:22:01.262+0000] {logging_mixin.py:120} INFO - [2023-07-07T12:22:01.262+0000] {dag.py:3340} INFO - Setting next_dagrun for example_local_kubernetes_executor to None, run_after=None
[2023-07-07T12:22:01.282+0000] {processor.py:176} INFO - Processing /home/airflow/.local/lib/python3.7/site-packages/airflow/example_dags/example_local_kubernetes_executor.py took 0.094 seconds
[2023-07-07T12:22:31.549+0000] {processor.py:154} INFO - Started process (PID=137) to work on /home/airflow/.local/lib/python3.7/site-packages/airflow/example_dags/example_local_kubernetes_executor.py
[2023-07-07T12:22:31.550+0000] {processor.py:756} INFO - Processing file /home/airflow/.local/lib/python3.7/site-packages/airflow/example_dags/example_local_kubernetes_executor.py for tasks to queue
[2023-07-07T12:22:31.550+0000] {logging_mixin.py:120} INFO - [2023-07-07T12:22:31.550+0000] {dagbag.py:537} INFO - Filling up the DagBag from /home/airflow/.local/lib/python3.7/site-packages/airflow/example_dags/example_local_kubernetes_executor.py
[2023-07-07T12:22:31.563+0000] {processor.py:766} INFO - DAG(s) dict_keys(['example_local_kubernetes_executor']) retrieved from /home/airflow/.local/lib/python3.7/site-packages/airflow/example_dags/example_local_kubernetes_executor.py
[2023-07-07T12:22:31.585+0000] {logging_mixin.py:120} INFO - [2023-07-07T12:22:31.585+0000] {dag.py:2585} INFO - Sync 1 DAGs
[2023-07-07T12:22:31.600+0000] {logging_mixin.py:120} INFO - [2023-07-07T12:22:31.600+0000] {dag.py:3340} INFO - Setting next_dagrun for example_local_kubernetes_executor to None, run_after=None
[2023-07-07T12:22:31.611+0000] {processor.py:176} INFO - Processing /home/airflow/.local/lib/python3.7/site-packages/airflow/example_dags/example_local_kubernetes_executor.py took 0.063 seconds
[2023-07-07T12:23:02.895+0000] {processor.py:154} INFO - Started process (PID=204) to work on /home/airflow/.local/lib/python3.7/site-packages/airflow/example_dags/example_local_kubernetes_executor.py
[2023-07-07T12:23:02.896+0000] {processor.py:756} INFO - Processing file /home/airflow/.local/lib/python3.7/site-packages/airflow/example_dags/example_local_kubernetes_executor.py for tasks to queue
[2023-07-07T12:23:02.896+0000] {logging_mixin.py:120} INFO - [2023-07-07T12:23:02.896+0000] {dagbag.py:537} INFO - Filling up the DagBag from /home/airflow/.local/lib/python3.7/site-packages/airflow/example_dags/example_local_kubernetes_executor.py
[2023-07-07T12:23:02.908+0000] {processor.py:766} INFO - DAG(s) dict_keys(['example_local_kubernetes_executor']) retrieved from /home/airflow/.local/lib/python3.7/site-packages/airflow/example_dags/example_local_kubernetes_executor.py
[2023-07-07T12:23:02.933+0000] {logging_mixin.py:120} INFO - [2023-07-07T12:23:02.933+0000] {dag.py:2585} INFO - Sync 1 DAGs
[2023-07-07T12:23:02.948+0000] {logging_mixin.py:120} INFO - [2023-07-07T12:23:02.948+0000] {dag.py:3340} INFO - Setting next_dagrun for example_local_kubernetes_executor to None, run_after=None
[2023-07-07T12:23:02.960+0000] {processor.py:176} INFO - Processing /home/airflow/.local/lib/python3.7/site-packages/airflow/example_dags/example_local_kubernetes_executor.py took 0.067 seconds
[2023-07-07T12:23:33.178+0000] {processor.py:154} INFO - Started process (PID=270) to work on /home/airflow/.local/lib/python3.7/site-packages/airflow/example_dags/example_local_kubernetes_executor.py
[2023-07-07T12:23:33.178+0000] {processor.py:756} INFO - Processing file /home/airflow/.local/lib/python3.7/site-packages/airflow/example_dags/example_local_kubernetes_executor.py for tasks to queue
[2023-07-07T12:23:33.179+0000] {logging_mixin.py:120} INFO - [2023-07-07T12:23:33.179+0000] {dagbag.py:537} INFO - Filling up the DagBag from /home/airflow/.local/lib/python3.7/site-packages/airflow/example_dags/example_local_kubernetes_executor.py
[2023-07-07T12:23:33.195+0000] {processor.py:766} INFO - DAG(s) dict_keys(['example_local_kubernetes_executor']) retrieved from /home/airflow/.local/lib/python3.7/site-packages/airflow/example_dags/example_local_kubernetes_executor.py
[2023-07-07T12:23:33.221+0000] {logging_mixin.py:120} INFO - [2023-07-07T12:23:33.221+0000] {dag.py:2585} INFO - Sync 1 DAGs
[2023-07-07T12:23:33.238+0000] {logging_mixin.py:120} INFO - [2023-07-07T12:23:33.237+0000] {dag.py:3340} INFO - Setting next_dagrun for example_local_kubernetes_executor to None, run_after=None
[2023-07-07T12:23:33.251+0000] {processor.py:176} INFO - Processing /home/airflow/.local/lib/python3.7/site-packages/airflow/example_dags/example_local_kubernetes_executor.py took 0.076 seconds
[2023-07-07T12:24:03.723+0000] {processor.py:154} INFO - Started process (PID=337) to work on /home/airflow/.local/lib/python3.7/site-packages/airflow/example_dags/example_local_kubernetes_executor.py
[2023-07-07T12:24:03.724+0000] {processor.py:756} INFO - Processing file /home/airflow/.local/lib/python3.7/site-packages/airflow/example_dags/example_local_kubernetes_executor.py for tasks to queue
[2023-07-07T12:24:03.724+0000] {logging_mixin.py:120} INFO - [2023-07-07T12:24:03.724+0000] {dagbag.py:537} INFO - Filling up the DagBag from /home/airflow/.local/lib/python3.7/site-packages/airflow/example_dags/example_local_kubernetes_executor.py
[2023-07-07T12:24:03.739+0000] {processor.py:766} INFO - DAG(s) dict_keys(['example_local_kubernetes_executor']) retrieved from /home/airflow/.local/lib/python3.7/site-packages/airflow/example_dags/example_local_kubernetes_executor.py
[2023-07-07T12:24:03.765+0000] {logging_mixin.py:120} INFO - [2023-07-07T12:24:03.765+0000] {dag.py:2585} INFO - Sync 1 DAGs
[2023-07-07T12:24:03.783+0000] {logging_mixin.py:120} INFO - [2023-07-07T12:24:03.783+0000] {dag.py:3340} INFO - Setting next_dagrun for example_local_kubernetes_executor to None, run_after=None
[2023-07-07T12:24:03.796+0000] {processor.py:176} INFO - Processing /home/airflow/.local/lib/python3.7/site-packages/airflow/example_dags/example_local_kubernetes_executor.py took 0.075 seconds
[2023-07-07T12:24:34.241+0000] {processor.py:154} INFO - Started process (PID=404) to work on /home/airflow/.local/lib/python3.7/site-packages/airflow/example_dags/example_local_kubernetes_executor.py
[2023-07-07T12:24:34.242+0000] {processor.py:756} INFO - Processing file /home/airflow/.local/lib/python3.7/site-packages/airflow/example_dags/example_local_kubernetes_executor.py for tasks to queue
[2023-07-07T12:24:34.242+0000] {logging_mixin.py:120} INFO - [2023-07-07T12:24:34.242+0000] {dagbag.py:537} INFO - Filling up the DagBag from /home/airflow/.local/lib/python3.7/site-packages/airflow/example_dags/example_local_kubernetes_executor.py
[2023-07-07T12:24:34.256+0000] {processor.py:766} INFO - DAG(s) dict_keys(['example_local_kubernetes_executor']) retrieved from /home/airflow/.local/lib/python3.7/site-packages/airflow/example_dags/example_local_kubernetes_executor.py
[2023-07-07T12:24:34.280+0000] {logging_mixin.py:120} INFO - [2023-07-07T12:24:34.280+0000] {dag.py:2585} INFO - Sync 1 DAGs
[2023-07-07T12:24:34.297+0000] {logging_mixin.py:120} INFO - [2023-07-07T12:24:34.296+0000] {dag.py:3340} INFO - Setting next_dagrun for example_local_kubernetes_executor to None, run_after=None
[2023-07-07T12:24:34.309+0000] {processor.py:176} INFO - Processing /home/airflow/.local/lib/python3.7/site-packages/airflow/example_dags/example_local_kubernetes_executor.py took 0.069 seconds
[2023-07-07T12:25:05.310+0000] {processor.py:154} INFO - Started process (PID=461) to work on /home/airflow/.local/lib/python3.7/site-packages/airflow/example_dags/example_local_kubernetes_executor.py
[2023-07-07T12:25:05.310+0000] {processor.py:756} INFO - Processing file /home/airflow/.local/lib/python3.7/site-packages/airflow/example_dags/example_local_kubernetes_executor.py for tasks to queue
[2023-07-07T12:25:05.311+0000] {logging_mixin.py:120} INFO - [2023-07-07T12:25:05.311+0000] {dagbag.py:537} INFO - Filling up the DagBag from /home/airflow/.local/lib/python3.7/site-packages/airflow/example_dags/example_local_kubernetes_executor.py
[2023-07-07T12:25:05.323+0000] {processor.py:766} INFO - DAG(s) dict_keys(['example_local_kubernetes_executor']) retrieved from /home/airflow/.local/lib/python3.7/site-packages/airflow/example_dags/example_local_kubernetes_executor.py
[2023-07-07T12:25:05.346+0000] {logging_mixin.py:120} INFO - [2023-07-07T12:25:05.346+0000] {dag.py:2585} INFO - Sync 1 DAGs
[2023-07-07T12:25:05.362+0000] {logging_mixin.py:120} INFO - [2023-07-07T12:25:05.362+0000] {dag.py:3340} INFO - Setting next_dagrun for example_local_kubernetes_executor to None, run_after=None
[2023-07-07T12:25:05.374+0000] {processor.py:176} INFO - Processing /home/airflow/.local/lib/python3.7/site-packages/airflow/example_dags/example_local_kubernetes_executor.py took 0.066 seconds
