[2023-07-07T12:00:26.449+0000] {processor.py:154} INFO - Started process (PID=73) to work on /home/airflow/.local/lib/python3.7/site-packages/airflow/example_dags/tutorial.py
[2023-07-07T12:00:26.449+0000] {processor.py:756} INFO - Processing file /home/airflow/.local/lib/python3.7/site-packages/airflow/example_dags/tutorial.py for tasks to queue
[2023-07-07T12:00:26.450+0000] {logging_mixin.py:120} INFO - [2023-07-07T12:00:26.449+0000] {dagbag.py:537} INFO - Filling up the DagBag from /home/airflow/.local/lib/python3.7/site-packages/airflow/example_dags/tutorial.py
[2023-07-07T12:00:26.463+0000] {processor.py:766} INFO - DAG(s) dict_keys(['tutorial']) retrieved from /home/airflow/.local/lib/python3.7/site-packages/airflow/example_dags/tutorial.py
[2023-07-07T12:00:26.501+0000] {logging_mixin.py:120} INFO - [2023-07-07T12:00:26.501+0000] {dag.py:2585} INFO - Sync 1 DAGs
[2023-07-07T12:00:26.524+0000] {logging_mixin.py:120} INFO - [2023-07-07T12:00:26.523+0000] {dag.py:3340} INFO - Setting next_dagrun for tutorial to 2023-07-06T12:00:26.523723+00:00, run_after=2023-07-07T12:00:26.523723+00:00
[2023-07-07T12:00:26.542+0000] {processor.py:176} INFO - Processing /home/airflow/.local/lib/python3.7/site-packages/airflow/example_dags/tutorial.py took 0.095 seconds
[2023-07-07T12:00:56.692+0000] {processor.py:154} INFO - Started process (PID=139) to work on /home/airflow/.local/lib/python3.7/site-packages/airflow/example_dags/tutorial.py
[2023-07-07T12:00:56.693+0000] {processor.py:756} INFO - Processing file /home/airflow/.local/lib/python3.7/site-packages/airflow/example_dags/tutorial.py for tasks to queue
[2023-07-07T12:00:56.693+0000] {logging_mixin.py:120} INFO - [2023-07-07T12:00:56.693+0000] {dagbag.py:537} INFO - Filling up the DagBag from /home/airflow/.local/lib/python3.7/site-packages/airflow/example_dags/tutorial.py
[2023-07-07T12:00:56.701+0000] {processor.py:766} INFO - DAG(s) dict_keys(['tutorial']) retrieved from /home/airflow/.local/lib/python3.7/site-packages/airflow/example_dags/tutorial.py
[2023-07-07T12:00:56.724+0000] {logging_mixin.py:120} INFO - [2023-07-07T12:00:56.724+0000] {dag.py:2585} INFO - Sync 1 DAGs
[2023-07-07T12:00:56.738+0000] {logging_mixin.py:120} INFO - [2023-07-07T12:00:56.738+0000] {dag.py:3340} INFO - Setting next_dagrun for tutorial to 2023-07-06T12:00:56.738241+00:00, run_after=2023-07-07T12:00:56.738241+00:00
[2023-07-07T12:00:56.749+0000] {processor.py:176} INFO - Processing /home/airflow/.local/lib/python3.7/site-packages/airflow/example_dags/tutorial.py took 0.058 seconds
[2023-07-07T12:01:28.288+0000] {processor.py:154} INFO - Started process (PID=208) to work on /home/airflow/.local/lib/python3.7/site-packages/airflow/example_dags/tutorial.py
[2023-07-07T12:01:28.289+0000] {processor.py:756} INFO - Processing file /home/airflow/.local/lib/python3.7/site-packages/airflow/example_dags/tutorial.py for tasks to queue
[2023-07-07T12:01:28.289+0000] {logging_mixin.py:120} INFO - [2023-07-07T12:01:28.289+0000] {dagbag.py:537} INFO - Filling up the DagBag from /home/airflow/.local/lib/python3.7/site-packages/airflow/example_dags/tutorial.py
[2023-07-07T12:01:28.299+0000] {processor.py:766} INFO - DAG(s) dict_keys(['tutorial']) retrieved from /home/airflow/.local/lib/python3.7/site-packages/airflow/example_dags/tutorial.py
[2023-07-07T12:01:28.324+0000] {logging_mixin.py:120} INFO - [2023-07-07T12:01:28.324+0000] {dag.py:2585} INFO - Sync 1 DAGs
[2023-07-07T12:01:28.341+0000] {logging_mixin.py:120} INFO - [2023-07-07T12:01:28.340+0000] {dag.py:3340} INFO - Setting next_dagrun for tutorial to 2023-07-06T12:01:28.340759+00:00, run_after=2023-07-07T12:01:28.340759+00:00
[2023-07-07T12:01:28.353+0000] {processor.py:176} INFO - Processing /home/airflow/.local/lib/python3.7/site-packages/airflow/example_dags/tutorial.py took 0.066 seconds
[2023-07-07T12:01:59.721+0000] {processor.py:154} INFO - Started process (PID=275) to work on /home/airflow/.local/lib/python3.7/site-packages/airflow/example_dags/tutorial.py
[2023-07-07T12:01:59.722+0000] {processor.py:756} INFO - Processing file /home/airflow/.local/lib/python3.7/site-packages/airflow/example_dags/tutorial.py for tasks to queue
[2023-07-07T12:01:59.722+0000] {logging_mixin.py:120} INFO - [2023-07-07T12:01:59.722+0000] {dagbag.py:537} INFO - Filling up the DagBag from /home/airflow/.local/lib/python3.7/site-packages/airflow/example_dags/tutorial.py
[2023-07-07T12:01:59.730+0000] {processor.py:766} INFO - DAG(s) dict_keys(['tutorial']) retrieved from /home/airflow/.local/lib/python3.7/site-packages/airflow/example_dags/tutorial.py
[2023-07-07T12:01:59.751+0000] {logging_mixin.py:120} INFO - [2023-07-07T12:01:59.751+0000] {dag.py:2585} INFO - Sync 1 DAGs
[2023-07-07T12:01:59.769+0000] {logging_mixin.py:120} INFO - [2023-07-07T12:01:59.769+0000] {dag.py:3340} INFO - Setting next_dagrun for tutorial to 2023-07-06T12:01:59.769416+00:00, run_after=2023-07-07T12:01:59.769416+00:00
[2023-07-07T12:01:59.783+0000] {processor.py:176} INFO - Processing /home/airflow/.local/lib/python3.7/site-packages/airflow/example_dags/tutorial.py took 0.064 seconds
[2023-07-07T12:02:37.994+0000] {processor.py:154} INFO - Started process (PID=74) to work on /home/airflow/.local/lib/python3.7/site-packages/airflow/example_dags/tutorial.py
[2023-07-07T12:02:37.995+0000] {processor.py:756} INFO - Processing file /home/airflow/.local/lib/python3.7/site-packages/airflow/example_dags/tutorial.py for tasks to queue
[2023-07-07T12:02:37.996+0000] {logging_mixin.py:120} INFO - [2023-07-07T12:02:37.996+0000] {dagbag.py:537} INFO - Filling up the DagBag from /home/airflow/.local/lib/python3.7/site-packages/airflow/example_dags/tutorial.py
[2023-07-07T12:02:38.014+0000] {processor.py:766} INFO - DAG(s) dict_keys(['tutorial']) retrieved from /home/airflow/.local/lib/python3.7/site-packages/airflow/example_dags/tutorial.py
[2023-07-07T12:02:38.058+0000] {logging_mixin.py:120} INFO - [2023-07-07T12:02:38.057+0000] {dag.py:2585} INFO - Sync 1 DAGs
[2023-07-07T12:02:38.093+0000] {logging_mixin.py:120} INFO - [2023-07-07T12:02:38.093+0000] {dag.py:3340} INFO - Setting next_dagrun for tutorial to 2023-07-06T12:02:38.092978+00:00, run_after=2023-07-07T12:02:38.092978+00:00
[2023-07-07T12:02:38.124+0000] {processor.py:176} INFO - Processing /home/airflow/.local/lib/python3.7/site-packages/airflow/example_dags/tutorial.py took 0.133 seconds
[2023-07-07T12:03:08.219+0000] {processor.py:154} INFO - Started process (PID=142) to work on /home/airflow/.local/lib/python3.7/site-packages/airflow/example_dags/tutorial.py
[2023-07-07T12:03:08.219+0000] {processor.py:756} INFO - Processing file /home/airflow/.local/lib/python3.7/site-packages/airflow/example_dags/tutorial.py for tasks to queue
[2023-07-07T12:03:08.220+0000] {logging_mixin.py:120} INFO - [2023-07-07T12:03:08.220+0000] {dagbag.py:537} INFO - Filling up the DagBag from /home/airflow/.local/lib/python3.7/site-packages/airflow/example_dags/tutorial.py
[2023-07-07T12:03:08.228+0000] {processor.py:766} INFO - DAG(s) dict_keys(['tutorial']) retrieved from /home/airflow/.local/lib/python3.7/site-packages/airflow/example_dags/tutorial.py
[2023-07-07T12:03:08.250+0000] {logging_mixin.py:120} INFO - [2023-07-07T12:03:08.250+0000] {dag.py:2585} INFO - Sync 1 DAGs
[2023-07-07T12:03:08.265+0000] {logging_mixin.py:120} INFO - [2023-07-07T12:03:08.265+0000] {dag.py:3340} INFO - Setting next_dagrun for tutorial to 2023-07-06T12:03:08.265306+00:00, run_after=2023-07-07T12:03:08.265306+00:00
[2023-07-07T12:03:08.277+0000] {processor.py:176} INFO - Processing /home/airflow/.local/lib/python3.7/site-packages/airflow/example_dags/tutorial.py took 0.060 seconds
[2023-07-07T12:03:38.569+0000] {processor.py:154} INFO - Started process (PID=210) to work on /home/airflow/.local/lib/python3.7/site-packages/airflow/example_dags/tutorial.py
[2023-07-07T12:03:38.569+0000] {processor.py:756} INFO - Processing file /home/airflow/.local/lib/python3.7/site-packages/airflow/example_dags/tutorial.py for tasks to queue
[2023-07-07T12:03:38.570+0000] {logging_mixin.py:120} INFO - [2023-07-07T12:03:38.570+0000] {dagbag.py:537} INFO - Filling up the DagBag from /home/airflow/.local/lib/python3.7/site-packages/airflow/example_dags/tutorial.py
[2023-07-07T12:03:38.578+0000] {processor.py:766} INFO - DAG(s) dict_keys(['tutorial']) retrieved from /home/airflow/.local/lib/python3.7/site-packages/airflow/example_dags/tutorial.py
[2023-07-07T12:03:38.601+0000] {logging_mixin.py:120} INFO - [2023-07-07T12:03:38.601+0000] {dag.py:2585} INFO - Sync 1 DAGs
[2023-07-07T12:03:38.616+0000] {logging_mixin.py:120} INFO - [2023-07-07T12:03:38.616+0000] {dag.py:3340} INFO - Setting next_dagrun for tutorial to 2023-07-06T12:03:38.615887+00:00, run_after=2023-07-07T12:03:38.615887+00:00
[2023-07-07T12:03:38.627+0000] {processor.py:176} INFO - Processing /home/airflow/.local/lib/python3.7/site-packages/airflow/example_dags/tutorial.py took 0.060 seconds
[2023-07-07T12:04:08.835+0000] {processor.py:154} INFO - Started process (PID=279) to work on /home/airflow/.local/lib/python3.7/site-packages/airflow/example_dags/tutorial.py
[2023-07-07T12:04:08.836+0000] {processor.py:756} INFO - Processing file /home/airflow/.local/lib/python3.7/site-packages/airflow/example_dags/tutorial.py for tasks to queue
[2023-07-07T12:04:08.836+0000] {logging_mixin.py:120} INFO - [2023-07-07T12:04:08.836+0000] {dagbag.py:537} INFO - Filling up the DagBag from /home/airflow/.local/lib/python3.7/site-packages/airflow/example_dags/tutorial.py
[2023-07-07T12:04:08.845+0000] {processor.py:766} INFO - DAG(s) dict_keys(['tutorial']) retrieved from /home/airflow/.local/lib/python3.7/site-packages/airflow/example_dags/tutorial.py
[2023-07-07T12:04:08.870+0000] {logging_mixin.py:120} INFO - [2023-07-07T12:04:08.870+0000] {dag.py:2585} INFO - Sync 1 DAGs
[2023-07-07T12:04:08.886+0000] {logging_mixin.py:120} INFO - [2023-07-07T12:04:08.886+0000] {dag.py:3340} INFO - Setting next_dagrun for tutorial to 2023-07-06T12:04:08.886597+00:00, run_after=2023-07-07T12:04:08.886597+00:00
[2023-07-07T12:04:08.901+0000] {processor.py:176} INFO - Processing /home/airflow/.local/lib/python3.7/site-packages/airflow/example_dags/tutorial.py took 0.067 seconds
[2023-07-07T12:04:38.989+0000] {processor.py:154} INFO - Started process (PID=335) to work on /home/airflow/.local/lib/python3.7/site-packages/airflow/example_dags/tutorial.py
[2023-07-07T12:04:38.990+0000] {processor.py:756} INFO - Processing file /home/airflow/.local/lib/python3.7/site-packages/airflow/example_dags/tutorial.py for tasks to queue
[2023-07-07T12:04:38.990+0000] {logging_mixin.py:120} INFO - [2023-07-07T12:04:38.990+0000] {dagbag.py:537} INFO - Filling up the DagBag from /home/airflow/.local/lib/python3.7/site-packages/airflow/example_dags/tutorial.py
[2023-07-07T12:04:38.998+0000] {processor.py:766} INFO - DAG(s) dict_keys(['tutorial']) retrieved from /home/airflow/.local/lib/python3.7/site-packages/airflow/example_dags/tutorial.py
[2023-07-07T12:04:39.021+0000] {logging_mixin.py:120} INFO - [2023-07-07T12:04:39.021+0000] {dag.py:2585} INFO - Sync 1 DAGs
[2023-07-07T12:04:39.036+0000] {logging_mixin.py:120} INFO - [2023-07-07T12:04:39.036+0000] {dag.py:3340} INFO - Setting next_dagrun for tutorial to 2023-07-06T12:04:39.036526+00:00, run_after=2023-07-07T12:04:39.036526+00:00
[2023-07-07T12:04:39.047+0000] {processor.py:176} INFO - Processing /home/airflow/.local/lib/python3.7/site-packages/airflow/example_dags/tutorial.py took 0.060 seconds
[2023-07-07T12:05:10.081+0000] {processor.py:154} INFO - Started process (PID=402) to work on /home/airflow/.local/lib/python3.7/site-packages/airflow/example_dags/tutorial.py
[2023-07-07T12:05:10.081+0000] {processor.py:756} INFO - Processing file /home/airflow/.local/lib/python3.7/site-packages/airflow/example_dags/tutorial.py for tasks to queue
[2023-07-07T12:05:10.082+0000] {logging_mixin.py:120} INFO - [2023-07-07T12:05:10.082+0000] {dagbag.py:537} INFO - Filling up the DagBag from /home/airflow/.local/lib/python3.7/site-packages/airflow/example_dags/tutorial.py
[2023-07-07T12:05:10.090+0000] {processor.py:766} INFO - DAG(s) dict_keys(['tutorial']) retrieved from /home/airflow/.local/lib/python3.7/site-packages/airflow/example_dags/tutorial.py
[2023-07-07T12:05:10.119+0000] {logging_mixin.py:120} INFO - [2023-07-07T12:05:10.119+0000] {dag.py:2585} INFO - Sync 1 DAGs
[2023-07-07T12:05:10.137+0000] {logging_mixin.py:120} INFO - [2023-07-07T12:05:10.137+0000] {dag.py:3340} INFO - Setting next_dagrun for tutorial to 2023-07-06T12:05:10.137095+00:00, run_after=2023-07-07T12:05:10.137095+00:00
[2023-07-07T12:05:10.150+0000] {processor.py:176} INFO - Processing /home/airflow/.local/lib/python3.7/site-packages/airflow/example_dags/tutorial.py took 0.071 seconds
[2023-07-07T12:05:40.375+0000] {processor.py:154} INFO - Started process (PID=470) to work on /home/airflow/.local/lib/python3.7/site-packages/airflow/example_dags/tutorial.py
[2023-07-07T12:05:40.376+0000] {processor.py:756} INFO - Processing file /home/airflow/.local/lib/python3.7/site-packages/airflow/example_dags/tutorial.py for tasks to queue
[2023-07-07T12:05:40.376+0000] {logging_mixin.py:120} INFO - [2023-07-07T12:05:40.376+0000] {dagbag.py:537} INFO - Filling up the DagBag from /home/airflow/.local/lib/python3.7/site-packages/airflow/example_dags/tutorial.py
[2023-07-07T12:05:40.385+0000] {processor.py:766} INFO - DAG(s) dict_keys(['tutorial']) retrieved from /home/airflow/.local/lib/python3.7/site-packages/airflow/example_dags/tutorial.py
[2023-07-07T12:05:40.412+0000] {logging_mixin.py:120} INFO - [2023-07-07T12:05:40.412+0000] {dag.py:2585} INFO - Sync 1 DAGs
[2023-07-07T12:05:40.430+0000] {logging_mixin.py:120} INFO - [2023-07-07T12:05:40.430+0000] {dag.py:3340} INFO - Setting next_dagrun for tutorial to 2023-07-06T12:05:40.430271+00:00, run_after=2023-07-07T12:05:40.430271+00:00
[2023-07-07T12:05:40.443+0000] {processor.py:176} INFO - Processing /home/airflow/.local/lib/python3.7/site-packages/airflow/example_dags/tutorial.py took 0.070 seconds
[2023-07-07T12:06:10.693+0000] {processor.py:154} INFO - Started process (PID=536) to work on /home/airflow/.local/lib/python3.7/site-packages/airflow/example_dags/tutorial.py
[2023-07-07T12:06:10.694+0000] {processor.py:756} INFO - Processing file /home/airflow/.local/lib/python3.7/site-packages/airflow/example_dags/tutorial.py for tasks to queue
[2023-07-07T12:06:10.695+0000] {logging_mixin.py:120} INFO - [2023-07-07T12:06:10.695+0000] {dagbag.py:537} INFO - Filling up the DagBag from /home/airflow/.local/lib/python3.7/site-packages/airflow/example_dags/tutorial.py
[2023-07-07T12:06:10.704+0000] {processor.py:766} INFO - DAG(s) dict_keys(['tutorial']) retrieved from /home/airflow/.local/lib/python3.7/site-packages/airflow/example_dags/tutorial.py
[2023-07-07T12:06:10.727+0000] {logging_mixin.py:120} INFO - [2023-07-07T12:06:10.726+0000] {dag.py:2585} INFO - Sync 1 DAGs
[2023-07-07T12:06:10.741+0000] {logging_mixin.py:120} INFO - [2023-07-07T12:06:10.741+0000] {dag.py:3340} INFO - Setting next_dagrun for tutorial to 2023-07-06T12:06:10.741724+00:00, run_after=2023-07-07T12:06:10.741724+00:00
[2023-07-07T12:06:10.755+0000] {processor.py:176} INFO - Processing /home/airflow/.local/lib/python3.7/site-packages/airflow/example_dags/tutorial.py took 0.065 seconds
[2023-07-07T12:06:41.751+0000] {processor.py:154} INFO - Started process (PID=603) to work on /home/airflow/.local/lib/python3.7/site-packages/airflow/example_dags/tutorial.py
[2023-07-07T12:06:41.752+0000] {processor.py:756} INFO - Processing file /home/airflow/.local/lib/python3.7/site-packages/airflow/example_dags/tutorial.py for tasks to queue
[2023-07-07T12:06:41.752+0000] {logging_mixin.py:120} INFO - [2023-07-07T12:06:41.752+0000] {dagbag.py:537} INFO - Filling up the DagBag from /home/airflow/.local/lib/python3.7/site-packages/airflow/example_dags/tutorial.py
[2023-07-07T12:06:41.760+0000] {processor.py:766} INFO - DAG(s) dict_keys(['tutorial']) retrieved from /home/airflow/.local/lib/python3.7/site-packages/airflow/example_dags/tutorial.py
[2023-07-07T12:06:41.787+0000] {logging_mixin.py:120} INFO - [2023-07-07T12:06:41.787+0000] {dag.py:2585} INFO - Sync 1 DAGs
[2023-07-07T12:06:41.807+0000] {logging_mixin.py:120} INFO - [2023-07-07T12:06:41.807+0000] {dag.py:3340} INFO - Setting next_dagrun for tutorial to 2023-07-06T12:06:41.807282+00:00, run_after=2023-07-07T12:06:41.807282+00:00
[2023-07-07T12:06:41.823+0000] {processor.py:176} INFO - Processing /home/airflow/.local/lib/python3.7/site-packages/airflow/example_dags/tutorial.py took 0.074 seconds
[2023-07-07T12:07:12.994+0000] {processor.py:154} INFO - Started process (PID=670) to work on /home/airflow/.local/lib/python3.7/site-packages/airflow/example_dags/tutorial.py
[2023-07-07T12:07:12.995+0000] {processor.py:756} INFO - Processing file /home/airflow/.local/lib/python3.7/site-packages/airflow/example_dags/tutorial.py for tasks to queue
[2023-07-07T12:07:12.995+0000] {logging_mixin.py:120} INFO - [2023-07-07T12:07:12.995+0000] {dagbag.py:537} INFO - Filling up the DagBag from /home/airflow/.local/lib/python3.7/site-packages/airflow/example_dags/tutorial.py
[2023-07-07T12:07:13.004+0000] {processor.py:766} INFO - DAG(s) dict_keys(['tutorial']) retrieved from /home/airflow/.local/lib/python3.7/site-packages/airflow/example_dags/tutorial.py
[2023-07-07T12:07:13.029+0000] {logging_mixin.py:120} INFO - [2023-07-07T12:07:13.029+0000] {dag.py:2585} INFO - Sync 1 DAGs
[2023-07-07T12:07:13.047+0000] {logging_mixin.py:120} INFO - [2023-07-07T12:07:13.047+0000] {dag.py:3340} INFO - Setting next_dagrun for tutorial to 2023-07-06T12:07:13.046886+00:00, run_after=2023-07-07T12:07:13.046886+00:00
[2023-07-07T12:07:13.060+0000] {processor.py:176} INFO - Processing /home/airflow/.local/lib/python3.7/site-packages/airflow/example_dags/tutorial.py took 0.068 seconds
[2023-07-07T12:07:43.201+0000] {processor.py:154} INFO - Started process (PID=728) to work on /home/airflow/.local/lib/python3.7/site-packages/airflow/example_dags/tutorial.py
[2023-07-07T12:07:43.202+0000] {processor.py:756} INFO - Processing file /home/airflow/.local/lib/python3.7/site-packages/airflow/example_dags/tutorial.py for tasks to queue
[2023-07-07T12:07:43.202+0000] {logging_mixin.py:120} INFO - [2023-07-07T12:07:43.202+0000] {dagbag.py:537} INFO - Filling up the DagBag from /home/airflow/.local/lib/python3.7/site-packages/airflow/example_dags/tutorial.py
[2023-07-07T12:07:43.211+0000] {processor.py:766} INFO - DAG(s) dict_keys(['tutorial']) retrieved from /home/airflow/.local/lib/python3.7/site-packages/airflow/example_dags/tutorial.py
[2023-07-07T12:07:43.234+0000] {logging_mixin.py:120} INFO - [2023-07-07T12:07:43.234+0000] {dag.py:2585} INFO - Sync 1 DAGs
[2023-07-07T12:07:43.250+0000] {logging_mixin.py:120} INFO - [2023-07-07T12:07:43.250+0000] {dag.py:3340} INFO - Setting next_dagrun for tutorial to 2023-07-06T12:07:43.250273+00:00, run_after=2023-07-07T12:07:43.250273+00:00
[2023-07-07T12:07:43.262+0000] {processor.py:176} INFO - Processing /home/airflow/.local/lib/python3.7/site-packages/airflow/example_dags/tutorial.py took 0.062 seconds
[2023-07-07T12:08:13.514+0000] {processor.py:154} INFO - Started process (PID=795) to work on /home/airflow/.local/lib/python3.7/site-packages/airflow/example_dags/tutorial.py
[2023-07-07T12:08:13.514+0000] {processor.py:756} INFO - Processing file /home/airflow/.local/lib/python3.7/site-packages/airflow/example_dags/tutorial.py for tasks to queue
[2023-07-07T12:08:13.515+0000] {logging_mixin.py:120} INFO - [2023-07-07T12:08:13.514+0000] {dagbag.py:537} INFO - Filling up the DagBag from /home/airflow/.local/lib/python3.7/site-packages/airflow/example_dags/tutorial.py
[2023-07-07T12:08:13.523+0000] {processor.py:766} INFO - DAG(s) dict_keys(['tutorial']) retrieved from /home/airflow/.local/lib/python3.7/site-packages/airflow/example_dags/tutorial.py
[2023-07-07T12:08:13.546+0000] {logging_mixin.py:120} INFO - [2023-07-07T12:08:13.546+0000] {dag.py:2585} INFO - Sync 1 DAGs
[2023-07-07T12:08:13.562+0000] {logging_mixin.py:120} INFO - [2023-07-07T12:08:13.562+0000] {dag.py:3340} INFO - Setting next_dagrun for tutorial to 2023-07-06T12:08:13.562041+00:00, run_after=2023-07-07T12:08:13.562041+00:00
[2023-07-07T12:08:13.575+0000] {processor.py:176} INFO - Processing /home/airflow/.local/lib/python3.7/site-packages/airflow/example_dags/tutorial.py took 0.063 seconds
[2023-07-07T12:08:43.782+0000] {processor.py:154} INFO - Started process (PID=862) to work on /home/airflow/.local/lib/python3.7/site-packages/airflow/example_dags/tutorial.py
[2023-07-07T12:08:43.783+0000] {processor.py:756} INFO - Processing file /home/airflow/.local/lib/python3.7/site-packages/airflow/example_dags/tutorial.py for tasks to queue
[2023-07-07T12:08:43.783+0000] {logging_mixin.py:120} INFO - [2023-07-07T12:08:43.783+0000] {dagbag.py:537} INFO - Filling up the DagBag from /home/airflow/.local/lib/python3.7/site-packages/airflow/example_dags/tutorial.py
[2023-07-07T12:08:43.791+0000] {processor.py:766} INFO - DAG(s) dict_keys(['tutorial']) retrieved from /home/airflow/.local/lib/python3.7/site-packages/airflow/example_dags/tutorial.py
[2023-07-07T12:08:43.817+0000] {logging_mixin.py:120} INFO - [2023-07-07T12:08:43.816+0000] {dag.py:2585} INFO - Sync 1 DAGs
[2023-07-07T12:08:43.834+0000] {logging_mixin.py:120} INFO - [2023-07-07T12:08:43.834+0000] {dag.py:3340} INFO - Setting next_dagrun for tutorial to 2023-07-06T12:08:43.834025+00:00, run_after=2023-07-07T12:08:43.834025+00:00
[2023-07-07T12:08:43.848+0000] {processor.py:176} INFO - Processing /home/airflow/.local/lib/python3.7/site-packages/airflow/example_dags/tutorial.py took 0.067 seconds
[2023-07-07T12:09:14.105+0000] {processor.py:154} INFO - Started process (PID=929) to work on /home/airflow/.local/lib/python3.7/site-packages/airflow/example_dags/tutorial.py
[2023-07-07T12:09:14.106+0000] {processor.py:756} INFO - Processing file /home/airflow/.local/lib/python3.7/site-packages/airflow/example_dags/tutorial.py for tasks to queue
[2023-07-07T12:09:14.106+0000] {logging_mixin.py:120} INFO - [2023-07-07T12:09:14.106+0000] {dagbag.py:537} INFO - Filling up the DagBag from /home/airflow/.local/lib/python3.7/site-packages/airflow/example_dags/tutorial.py
[2023-07-07T12:09:14.114+0000] {processor.py:766} INFO - DAG(s) dict_keys(['tutorial']) retrieved from /home/airflow/.local/lib/python3.7/site-packages/airflow/example_dags/tutorial.py
[2023-07-07T12:09:14.138+0000] {logging_mixin.py:120} INFO - [2023-07-07T12:09:14.138+0000] {dag.py:2585} INFO - Sync 1 DAGs
[2023-07-07T12:09:14.154+0000] {logging_mixin.py:120} INFO - [2023-07-07T12:09:14.154+0000] {dag.py:3340} INFO - Setting next_dagrun for tutorial to 2023-07-06T12:09:14.154684+00:00, run_after=2023-07-07T12:09:14.154684+00:00
[2023-07-07T12:09:14.167+0000] {processor.py:176} INFO - Processing /home/airflow/.local/lib/python3.7/site-packages/airflow/example_dags/tutorial.py took 0.064 seconds
[2023-07-07T12:09:45.220+0000] {processor.py:154} INFO - Started process (PID=987) to work on /home/airflow/.local/lib/python3.7/site-packages/airflow/example_dags/tutorial.py
[2023-07-07T12:09:45.221+0000] {processor.py:756} INFO - Processing file /home/airflow/.local/lib/python3.7/site-packages/airflow/example_dags/tutorial.py for tasks to queue
[2023-07-07T12:09:45.221+0000] {logging_mixin.py:120} INFO - [2023-07-07T12:09:45.221+0000] {dagbag.py:537} INFO - Filling up the DagBag from /home/airflow/.local/lib/python3.7/site-packages/airflow/example_dags/tutorial.py
[2023-07-07T12:09:45.232+0000] {processor.py:766} INFO - DAG(s) dict_keys(['tutorial']) retrieved from /home/airflow/.local/lib/python3.7/site-packages/airflow/example_dags/tutorial.py
[2023-07-07T12:09:45.259+0000] {logging_mixin.py:120} INFO - [2023-07-07T12:09:45.259+0000] {dag.py:2585} INFO - Sync 1 DAGs
[2023-07-07T12:09:45.287+0000] {logging_mixin.py:120} INFO - [2023-07-07T12:09:45.287+0000] {dag.py:3340} INFO - Setting next_dagrun for tutorial to 2023-07-06T12:09:45.287111+00:00, run_after=2023-07-07T12:09:45.287111+00:00
[2023-07-07T12:09:45.301+0000] {processor.py:176} INFO - Processing /home/airflow/.local/lib/python3.7/site-packages/airflow/example_dags/tutorial.py took 0.083 seconds
[2023-07-07T12:10:15.572+0000] {processor.py:154} INFO - Started process (PID=1055) to work on /home/airflow/.local/lib/python3.7/site-packages/airflow/example_dags/tutorial.py
[2023-07-07T12:10:15.572+0000] {processor.py:756} INFO - Processing file /home/airflow/.local/lib/python3.7/site-packages/airflow/example_dags/tutorial.py for tasks to queue
[2023-07-07T12:10:15.573+0000] {logging_mixin.py:120} INFO - [2023-07-07T12:10:15.573+0000] {dagbag.py:537} INFO - Filling up the DagBag from /home/airflow/.local/lib/python3.7/site-packages/airflow/example_dags/tutorial.py
[2023-07-07T12:10:15.583+0000] {processor.py:766} INFO - DAG(s) dict_keys(['tutorial']) retrieved from /home/airflow/.local/lib/python3.7/site-packages/airflow/example_dags/tutorial.py
[2023-07-07T12:10:15.610+0000] {logging_mixin.py:120} INFO - [2023-07-07T12:10:15.610+0000] {dag.py:2585} INFO - Sync 1 DAGs
[2023-07-07T12:10:15.628+0000] {logging_mixin.py:120} INFO - [2023-07-07T12:10:15.628+0000] {dag.py:3340} INFO - Setting next_dagrun for tutorial to 2023-07-06T12:10:15.628238+00:00, run_after=2023-07-07T12:10:15.628238+00:00
[2023-07-07T12:10:15.644+0000] {processor.py:176} INFO - Processing /home/airflow/.local/lib/python3.7/site-packages/airflow/example_dags/tutorial.py took 0.074 seconds
[2023-07-07T12:10:45.857+0000] {processor.py:154} INFO - Started process (PID=1122) to work on /home/airflow/.local/lib/python3.7/site-packages/airflow/example_dags/tutorial.py
[2023-07-07T12:10:45.857+0000] {processor.py:756} INFO - Processing file /home/airflow/.local/lib/python3.7/site-packages/airflow/example_dags/tutorial.py for tasks to queue
[2023-07-07T12:10:45.858+0000] {logging_mixin.py:120} INFO - [2023-07-07T12:10:45.857+0000] {dagbag.py:537} INFO - Filling up the DagBag from /home/airflow/.local/lib/python3.7/site-packages/airflow/example_dags/tutorial.py
[2023-07-07T12:10:45.866+0000] {processor.py:766} INFO - DAG(s) dict_keys(['tutorial']) retrieved from /home/airflow/.local/lib/python3.7/site-packages/airflow/example_dags/tutorial.py
[2023-07-07T12:10:45.891+0000] {logging_mixin.py:120} INFO - [2023-07-07T12:10:45.891+0000] {dag.py:2585} INFO - Sync 1 DAGs
[2023-07-07T12:10:45.910+0000] {logging_mixin.py:120} INFO - [2023-07-07T12:10:45.910+0000] {dag.py:3340} INFO - Setting next_dagrun for tutorial to 2023-07-06T12:10:45.910122+00:00, run_after=2023-07-07T12:10:45.910122+00:00
[2023-07-07T12:10:45.924+0000] {processor.py:176} INFO - Processing /home/airflow/.local/lib/python3.7/site-packages/airflow/example_dags/tutorial.py took 0.069 seconds
[2023-07-07T12:11:16.112+0000] {processor.py:154} INFO - Started process (PID=1188) to work on /home/airflow/.local/lib/python3.7/site-packages/airflow/example_dags/tutorial.py
[2023-07-07T12:11:16.112+0000] {processor.py:756} INFO - Processing file /home/airflow/.local/lib/python3.7/site-packages/airflow/example_dags/tutorial.py for tasks to queue
[2023-07-07T12:11:16.113+0000] {logging_mixin.py:120} INFO - [2023-07-07T12:11:16.113+0000] {dagbag.py:537} INFO - Filling up the DagBag from /home/airflow/.local/lib/python3.7/site-packages/airflow/example_dags/tutorial.py
[2023-07-07T12:11:16.122+0000] {processor.py:766} INFO - DAG(s) dict_keys(['tutorial']) retrieved from /home/airflow/.local/lib/python3.7/site-packages/airflow/example_dags/tutorial.py
[2023-07-07T12:11:16.152+0000] {logging_mixin.py:120} INFO - [2023-07-07T12:11:16.151+0000] {dag.py:2585} INFO - Sync 1 DAGs
[2023-07-07T12:11:16.171+0000] {logging_mixin.py:120} INFO - [2023-07-07T12:11:16.171+0000] {dag.py:3340} INFO - Setting next_dagrun for tutorial to 2023-07-06T12:11:16.171188+00:00, run_after=2023-07-07T12:11:16.171188+00:00
[2023-07-07T12:11:16.186+0000] {processor.py:176} INFO - Processing /home/airflow/.local/lib/python3.7/site-packages/airflow/example_dags/tutorial.py took 0.077 seconds
[2023-07-07T12:11:46.351+0000] {processor.py:154} INFO - Started process (PID=1255) to work on /home/airflow/.local/lib/python3.7/site-packages/airflow/example_dags/tutorial.py
[2023-07-07T12:11:46.351+0000] {processor.py:756} INFO - Processing file /home/airflow/.local/lib/python3.7/site-packages/airflow/example_dags/tutorial.py for tasks to queue
[2023-07-07T12:11:46.352+0000] {logging_mixin.py:120} INFO - [2023-07-07T12:11:46.352+0000] {dagbag.py:537} INFO - Filling up the DagBag from /home/airflow/.local/lib/python3.7/site-packages/airflow/example_dags/tutorial.py
[2023-07-07T12:11:46.361+0000] {processor.py:766} INFO - DAG(s) dict_keys(['tutorial']) retrieved from /home/airflow/.local/lib/python3.7/site-packages/airflow/example_dags/tutorial.py
[2023-07-07T12:11:46.389+0000] {logging_mixin.py:120} INFO - [2023-07-07T12:11:46.389+0000] {dag.py:2585} INFO - Sync 1 DAGs
[2023-07-07T12:11:46.407+0000] {logging_mixin.py:120} INFO - [2023-07-07T12:11:46.407+0000] {dag.py:3340} INFO - Setting next_dagrun for tutorial to 2023-07-06T12:11:46.407525+00:00, run_after=2023-07-07T12:11:46.407525+00:00
[2023-07-07T12:11:46.421+0000] {processor.py:176} INFO - Processing /home/airflow/.local/lib/python3.7/site-packages/airflow/example_dags/tutorial.py took 0.072 seconds
[2023-07-07T12:12:17.368+0000] {processor.py:154} INFO - Started process (PID=1313) to work on /home/airflow/.local/lib/python3.7/site-packages/airflow/example_dags/tutorial.py
[2023-07-07T12:12:17.369+0000] {processor.py:756} INFO - Processing file /home/airflow/.local/lib/python3.7/site-packages/airflow/example_dags/tutorial.py for tasks to queue
[2023-07-07T12:12:17.370+0000] {logging_mixin.py:120} INFO - [2023-07-07T12:12:17.369+0000] {dagbag.py:537} INFO - Filling up the DagBag from /home/airflow/.local/lib/python3.7/site-packages/airflow/example_dags/tutorial.py
[2023-07-07T12:12:17.379+0000] {processor.py:766} INFO - DAG(s) dict_keys(['tutorial']) retrieved from /home/airflow/.local/lib/python3.7/site-packages/airflow/example_dags/tutorial.py
[2023-07-07T12:12:17.403+0000] {logging_mixin.py:120} INFO - [2023-07-07T12:12:17.403+0000] {dag.py:2585} INFO - Sync 1 DAGs
[2023-07-07T12:12:17.419+0000] {logging_mixin.py:120} INFO - [2023-07-07T12:12:17.419+0000] {dag.py:3340} INFO - Setting next_dagrun for tutorial to 2023-07-06T12:12:17.419208+00:00, run_after=2023-07-07T12:12:17.419208+00:00
[2023-07-07T12:12:17.434+0000] {processor.py:176} INFO - Processing /home/airflow/.local/lib/python3.7/site-packages/airflow/example_dags/tutorial.py took 0.069 seconds
[2023-07-07T12:12:47.581+0000] {processor.py:154} INFO - Started process (PID=1379) to work on /home/airflow/.local/lib/python3.7/site-packages/airflow/example_dags/tutorial.py
[2023-07-07T12:12:47.582+0000] {processor.py:756} INFO - Processing file /home/airflow/.local/lib/python3.7/site-packages/airflow/example_dags/tutorial.py for tasks to queue
[2023-07-07T12:12:47.583+0000] {logging_mixin.py:120} INFO - [2023-07-07T12:12:47.583+0000] {dagbag.py:537} INFO - Filling up the DagBag from /home/airflow/.local/lib/python3.7/site-packages/airflow/example_dags/tutorial.py
[2023-07-07T12:12:47.592+0000] {processor.py:766} INFO - DAG(s) dict_keys(['tutorial']) retrieved from /home/airflow/.local/lib/python3.7/site-packages/airflow/example_dags/tutorial.py
[2023-07-07T12:12:47.616+0000] {logging_mixin.py:120} INFO - [2023-07-07T12:12:47.616+0000] {dag.py:2585} INFO - Sync 1 DAGs
[2023-07-07T12:12:47.633+0000] {logging_mixin.py:120} INFO - [2023-07-07T12:12:47.632+0000] {dag.py:3340} INFO - Setting next_dagrun for tutorial to 2023-07-06T12:12:47.632790+00:00, run_after=2023-07-07T12:12:47.632790+00:00
[2023-07-07T12:12:47.645+0000] {processor.py:176} INFO - Processing /home/airflow/.local/lib/python3.7/site-packages/airflow/example_dags/tutorial.py took 0.067 seconds
[2023-07-07T12:13:18.033+0000] {processor.py:154} INFO - Started process (PID=1447) to work on /home/airflow/.local/lib/python3.7/site-packages/airflow/example_dags/tutorial.py
[2023-07-07T12:13:18.036+0000] {processor.py:756} INFO - Processing file /home/airflow/.local/lib/python3.7/site-packages/airflow/example_dags/tutorial.py for tasks to queue
[2023-07-07T12:13:18.037+0000] {logging_mixin.py:120} INFO - [2023-07-07T12:13:18.037+0000] {dagbag.py:537} INFO - Filling up the DagBag from /home/airflow/.local/lib/python3.7/site-packages/airflow/example_dags/tutorial.py
[2023-07-07T12:13:18.045+0000] {processor.py:766} INFO - DAG(s) dict_keys(['tutorial']) retrieved from /home/airflow/.local/lib/python3.7/site-packages/airflow/example_dags/tutorial.py
[2023-07-07T12:13:18.072+0000] {logging_mixin.py:120} INFO - [2023-07-07T12:13:18.072+0000] {dag.py:2585} INFO - Sync 1 DAGs
[2023-07-07T12:13:18.087+0000] {logging_mixin.py:120} INFO - [2023-07-07T12:13:18.087+0000] {dag.py:3340} INFO - Setting next_dagrun for tutorial to 2023-07-06T12:13:18.087503+00:00, run_after=2023-07-07T12:13:18.087503+00:00
[2023-07-07T12:13:18.099+0000] {processor.py:176} INFO - Processing /home/airflow/.local/lib/python3.7/site-packages/airflow/example_dags/tutorial.py took 0.068 seconds
[2023-07-07T12:13:48.244+0000] {processor.py:154} INFO - Started process (PID=1514) to work on /home/airflow/.local/lib/python3.7/site-packages/airflow/example_dags/tutorial.py
[2023-07-07T12:13:48.245+0000] {processor.py:756} INFO - Processing file /home/airflow/.local/lib/python3.7/site-packages/airflow/example_dags/tutorial.py for tasks to queue
[2023-07-07T12:13:48.246+0000] {logging_mixin.py:120} INFO - [2023-07-07T12:13:48.246+0000] {dagbag.py:537} INFO - Filling up the DagBag from /home/airflow/.local/lib/python3.7/site-packages/airflow/example_dags/tutorial.py
[2023-07-07T12:13:48.258+0000] {processor.py:766} INFO - DAG(s) dict_keys(['tutorial']) retrieved from /home/airflow/.local/lib/python3.7/site-packages/airflow/example_dags/tutorial.py
[2023-07-07T12:13:48.285+0000] {logging_mixin.py:120} INFO - [2023-07-07T12:13:48.285+0000] {dag.py:2585} INFO - Sync 1 DAGs
[2023-07-07T12:13:48.301+0000] {logging_mixin.py:120} INFO - [2023-07-07T12:13:48.301+0000] {dag.py:3340} INFO - Setting next_dagrun for tutorial to 2023-07-06T12:13:48.301411+00:00, run_after=2023-07-07T12:13:48.301411+00:00
[2023-07-07T12:13:48.314+0000] {processor.py:176} INFO - Processing /home/airflow/.local/lib/python3.7/site-packages/airflow/example_dags/tutorial.py took 0.072 seconds
[2023-07-07T12:14:18.333+0000] {processor.py:154} INFO - Started process (PID=1574) to work on /home/airflow/.local/lib/python3.7/site-packages/airflow/example_dags/tutorial.py
[2023-07-07T12:14:18.334+0000] {processor.py:756} INFO - Processing file /home/airflow/.local/lib/python3.7/site-packages/airflow/example_dags/tutorial.py for tasks to queue
[2023-07-07T12:14:18.334+0000] {logging_mixin.py:120} INFO - [2023-07-07T12:14:18.334+0000] {dagbag.py:537} INFO - Filling up the DagBag from /home/airflow/.local/lib/python3.7/site-packages/airflow/example_dags/tutorial.py
[2023-07-07T12:14:18.342+0000] {processor.py:766} INFO - DAG(s) dict_keys(['tutorial']) retrieved from /home/airflow/.local/lib/python3.7/site-packages/airflow/example_dags/tutorial.py
[2023-07-07T12:14:18.366+0000] {logging_mixin.py:120} INFO - [2023-07-07T12:14:18.366+0000] {dag.py:2585} INFO - Sync 1 DAGs
[2023-07-07T12:14:18.382+0000] {logging_mixin.py:120} INFO - [2023-07-07T12:14:18.381+0000] {dag.py:3340} INFO - Setting next_dagrun for tutorial to 2023-07-06T12:14:18.381791+00:00, run_after=2023-07-07T12:14:18.381791+00:00
[2023-07-07T12:14:18.396+0000] {processor.py:176} INFO - Processing /home/airflow/.local/lib/python3.7/site-packages/airflow/example_dags/tutorial.py took 0.065 seconds
[2023-07-07T12:14:48.491+0000] {processor.py:154} INFO - Started process (PID=1641) to work on /home/airflow/.local/lib/python3.7/site-packages/airflow/example_dags/tutorial.py
[2023-07-07T12:14:48.491+0000] {processor.py:756} INFO - Processing file /home/airflow/.local/lib/python3.7/site-packages/airflow/example_dags/tutorial.py for tasks to queue
[2023-07-07T12:14:48.491+0000] {logging_mixin.py:120} INFO - [2023-07-07T12:14:48.491+0000] {dagbag.py:537} INFO - Filling up the DagBag from /home/airflow/.local/lib/python3.7/site-packages/airflow/example_dags/tutorial.py
[2023-07-07T12:14:48.499+0000] {processor.py:766} INFO - DAG(s) dict_keys(['tutorial']) retrieved from /home/airflow/.local/lib/python3.7/site-packages/airflow/example_dags/tutorial.py
[2023-07-07T12:14:48.522+0000] {logging_mixin.py:120} INFO - [2023-07-07T12:14:48.522+0000] {dag.py:2585} INFO - Sync 1 DAGs
[2023-07-07T12:14:48.539+0000] {logging_mixin.py:120} INFO - [2023-07-07T12:14:48.538+0000] {dag.py:3340} INFO - Setting next_dagrun for tutorial to 2023-07-06T12:14:48.538754+00:00, run_after=2023-07-07T12:14:48.538754+00:00
[2023-07-07T12:14:48.551+0000] {processor.py:176} INFO - Processing /home/airflow/.local/lib/python3.7/site-packages/airflow/example_dags/tutorial.py took 0.063 seconds
[2023-07-07T12:15:18.766+0000] {processor.py:154} INFO - Started process (PID=1706) to work on /home/airflow/.local/lib/python3.7/site-packages/airflow/example_dags/tutorial.py
[2023-07-07T12:15:18.767+0000] {processor.py:756} INFO - Processing file /home/airflow/.local/lib/python3.7/site-packages/airflow/example_dags/tutorial.py for tasks to queue
[2023-07-07T12:15:18.767+0000] {logging_mixin.py:120} INFO - [2023-07-07T12:15:18.767+0000] {dagbag.py:537} INFO - Filling up the DagBag from /home/airflow/.local/lib/python3.7/site-packages/airflow/example_dags/tutorial.py
[2023-07-07T12:15:18.776+0000] {processor.py:766} INFO - DAG(s) dict_keys(['tutorial']) retrieved from /home/airflow/.local/lib/python3.7/site-packages/airflow/example_dags/tutorial.py
[2023-07-07T12:15:18.803+0000] {logging_mixin.py:120} INFO - [2023-07-07T12:15:18.803+0000] {dag.py:2585} INFO - Sync 1 DAGs
[2023-07-07T12:15:18.820+0000] {logging_mixin.py:120} INFO - [2023-07-07T12:15:18.820+0000] {dag.py:3340} INFO - Setting next_dagrun for tutorial to 2023-07-06T12:15:18.820322+00:00, run_after=2023-07-07T12:15:18.820322+00:00
[2023-07-07T12:15:18.831+0000] {processor.py:176} INFO - Processing /home/airflow/.local/lib/python3.7/site-packages/airflow/example_dags/tutorial.py took 0.067 seconds
[2023-07-07T12:15:49.835+0000] {processor.py:154} INFO - Started process (PID=1773) to work on /home/airflow/.local/lib/python3.7/site-packages/airflow/example_dags/tutorial.py
[2023-07-07T12:15:49.836+0000] {processor.py:756} INFO - Processing file /home/airflow/.local/lib/python3.7/site-packages/airflow/example_dags/tutorial.py for tasks to queue
[2023-07-07T12:15:49.836+0000] {logging_mixin.py:120} INFO - [2023-07-07T12:15:49.836+0000] {dagbag.py:537} INFO - Filling up the DagBag from /home/airflow/.local/lib/python3.7/site-packages/airflow/example_dags/tutorial.py
[2023-07-07T12:15:49.845+0000] {processor.py:766} INFO - DAG(s) dict_keys(['tutorial']) retrieved from /home/airflow/.local/lib/python3.7/site-packages/airflow/example_dags/tutorial.py
[2023-07-07T12:15:49.869+0000] {logging_mixin.py:120} INFO - [2023-07-07T12:15:49.869+0000] {dag.py:2585} INFO - Sync 1 DAGs
[2023-07-07T12:15:49.886+0000] {logging_mixin.py:120} INFO - [2023-07-07T12:15:49.886+0000] {dag.py:3340} INFO - Setting next_dagrun for tutorial to 2023-07-06T12:15:49.885798+00:00, run_after=2023-07-07T12:15:49.885798+00:00
[2023-07-07T12:15:49.897+0000] {processor.py:176} INFO - Processing /home/airflow/.local/lib/python3.7/site-packages/airflow/example_dags/tutorial.py took 0.064 seconds
[2023-07-07T12:16:20.024+0000] {processor.py:154} INFO - Started process (PID=1842) to work on /home/airflow/.local/lib/python3.7/site-packages/airflow/example_dags/tutorial.py
[2023-07-07T12:16:20.024+0000] {processor.py:756} INFO - Processing file /home/airflow/.local/lib/python3.7/site-packages/airflow/example_dags/tutorial.py for tasks to queue
[2023-07-07T12:16:20.025+0000] {logging_mixin.py:120} INFO - [2023-07-07T12:16:20.025+0000] {dagbag.py:537} INFO - Filling up the DagBag from /home/airflow/.local/lib/python3.7/site-packages/airflow/example_dags/tutorial.py
[2023-07-07T12:16:20.033+0000] {processor.py:766} INFO - DAG(s) dict_keys(['tutorial']) retrieved from /home/airflow/.local/lib/python3.7/site-packages/airflow/example_dags/tutorial.py
[2023-07-07T12:16:20.057+0000] {logging_mixin.py:120} INFO - [2023-07-07T12:16:20.056+0000] {dag.py:2585} INFO - Sync 1 DAGs
[2023-07-07T12:16:20.072+0000] {logging_mixin.py:120} INFO - [2023-07-07T12:16:20.072+0000] {dag.py:3340} INFO - Setting next_dagrun for tutorial to 2023-07-06T12:16:20.072014+00:00, run_after=2023-07-07T12:16:20.072014+00:00
[2023-07-07T12:16:20.085+0000] {processor.py:176} INFO - Processing /home/airflow/.local/lib/python3.7/site-packages/airflow/example_dags/tutorial.py took 0.063 seconds
[2023-07-07T12:16:50.560+0000] {processor.py:154} INFO - Started process (PID=1900) to work on /home/airflow/.local/lib/python3.7/site-packages/airflow/example_dags/tutorial.py
[2023-07-07T12:16:50.563+0000] {processor.py:756} INFO - Processing file /home/airflow/.local/lib/python3.7/site-packages/airflow/example_dags/tutorial.py for tasks to queue
[2023-07-07T12:16:50.565+0000] {logging_mixin.py:120} INFO - [2023-07-07T12:16:50.564+0000] {dagbag.py:537} INFO - Filling up the DagBag from /home/airflow/.local/lib/python3.7/site-packages/airflow/example_dags/tutorial.py
[2023-07-07T12:16:50.578+0000] {processor.py:766} INFO - DAG(s) dict_keys(['tutorial']) retrieved from /home/airflow/.local/lib/python3.7/site-packages/airflow/example_dags/tutorial.py
[2023-07-07T12:16:50.611+0000] {logging_mixin.py:120} INFO - [2023-07-07T12:16:50.611+0000] {dag.py:2585} INFO - Sync 1 DAGs
[2023-07-07T12:16:50.639+0000] {logging_mixin.py:120} INFO - [2023-07-07T12:16:50.639+0000] {dag.py:3340} INFO - Setting next_dagrun for tutorial to 2023-07-06T12:16:50.639424+00:00, run_after=2023-07-07T12:16:50.639424+00:00
[2023-07-07T12:16:50.733+0000] {processor.py:176} INFO - Processing /home/airflow/.local/lib/python3.7/site-packages/airflow/example_dags/tutorial.py took 0.175 seconds
[2023-07-07T12:17:20.786+0000] {processor.py:154} INFO - Started process (PID=1966) to work on /home/airflow/.local/lib/python3.7/site-packages/airflow/example_dags/tutorial.py
[2023-07-07T12:17:20.786+0000] {processor.py:756} INFO - Processing file /home/airflow/.local/lib/python3.7/site-packages/airflow/example_dags/tutorial.py for tasks to queue
[2023-07-07T12:17:20.787+0000] {logging_mixin.py:120} INFO - [2023-07-07T12:17:20.787+0000] {dagbag.py:537} INFO - Filling up the DagBag from /home/airflow/.local/lib/python3.7/site-packages/airflow/example_dags/tutorial.py
[2023-07-07T12:17:20.795+0000] {processor.py:766} INFO - DAG(s) dict_keys(['tutorial']) retrieved from /home/airflow/.local/lib/python3.7/site-packages/airflow/example_dags/tutorial.py
[2023-07-07T12:17:20.822+0000] {logging_mixin.py:120} INFO - [2023-07-07T12:17:20.822+0000] {dag.py:2585} INFO - Sync 1 DAGs
[2023-07-07T12:17:20.838+0000] {logging_mixin.py:120} INFO - [2023-07-07T12:17:20.838+0000] {dag.py:3340} INFO - Setting next_dagrun for tutorial to 2023-07-06T12:17:20.838395+00:00, run_after=2023-07-07T12:17:20.838395+00:00
[2023-07-07T12:17:20.848+0000] {processor.py:176} INFO - Processing /home/airflow/.local/lib/python3.7/site-packages/airflow/example_dags/tutorial.py took 0.065 seconds
[2023-07-07T12:17:50.980+0000] {processor.py:154} INFO - Started process (PID=2033) to work on /home/airflow/.local/lib/python3.7/site-packages/airflow/example_dags/tutorial.py
[2023-07-07T12:17:50.981+0000] {processor.py:756} INFO - Processing file /home/airflow/.local/lib/python3.7/site-packages/airflow/example_dags/tutorial.py for tasks to queue
[2023-07-07T12:17:50.981+0000] {logging_mixin.py:120} INFO - [2023-07-07T12:17:50.981+0000] {dagbag.py:537} INFO - Filling up the DagBag from /home/airflow/.local/lib/python3.7/site-packages/airflow/example_dags/tutorial.py
[2023-07-07T12:17:50.990+0000] {processor.py:766} INFO - DAG(s) dict_keys(['tutorial']) retrieved from /home/airflow/.local/lib/python3.7/site-packages/airflow/example_dags/tutorial.py
[2023-07-07T12:17:51.015+0000] {logging_mixin.py:120} INFO - [2023-07-07T12:17:51.015+0000] {dag.py:2585} INFO - Sync 1 DAGs
[2023-07-07T12:17:51.030+0000] {logging_mixin.py:120} INFO - [2023-07-07T12:17:51.030+0000] {dag.py:3340} INFO - Setting next_dagrun for tutorial to 2023-07-06T12:17:51.030087+00:00, run_after=2023-07-07T12:17:51.030087+00:00
[2023-07-07T12:17:51.041+0000] {processor.py:176} INFO - Processing /home/airflow/.local/lib/python3.7/site-packages/airflow/example_dags/tutorial.py took 0.062 seconds
[2023-07-07T12:18:21.202+0000] {processor.py:154} INFO - Started process (PID=2101) to work on /home/airflow/.local/lib/python3.7/site-packages/airflow/example_dags/tutorial.py
[2023-07-07T12:18:21.203+0000] {processor.py:756} INFO - Processing file /home/airflow/.local/lib/python3.7/site-packages/airflow/example_dags/tutorial.py for tasks to queue
[2023-07-07T12:18:21.203+0000] {logging_mixin.py:120} INFO - [2023-07-07T12:18:21.203+0000] {dagbag.py:537} INFO - Filling up the DagBag from /home/airflow/.local/lib/python3.7/site-packages/airflow/example_dags/tutorial.py
[2023-07-07T12:18:21.212+0000] {processor.py:766} INFO - DAG(s) dict_keys(['tutorial']) retrieved from /home/airflow/.local/lib/python3.7/site-packages/airflow/example_dags/tutorial.py
[2023-07-07T12:18:21.235+0000] {logging_mixin.py:120} INFO - [2023-07-07T12:18:21.235+0000] {dag.py:2585} INFO - Sync 1 DAGs
[2023-07-07T12:18:21.250+0000] {logging_mixin.py:120} INFO - [2023-07-07T12:18:21.250+0000] {dag.py:3340} INFO - Setting next_dagrun for tutorial to 2023-07-06T12:18:21.250530+00:00, run_after=2023-07-07T12:18:21.250530+00:00
[2023-07-07T12:18:21.261+0000] {processor.py:176} INFO - Processing /home/airflow/.local/lib/python3.7/site-packages/airflow/example_dags/tutorial.py took 0.061 seconds
[2023-07-07T12:18:51.509+0000] {processor.py:154} INFO - Started process (PID=2168) to work on /home/airflow/.local/lib/python3.7/site-packages/airflow/example_dags/tutorial.py
[2023-07-07T12:18:51.510+0000] {processor.py:756} INFO - Processing file /home/airflow/.local/lib/python3.7/site-packages/airflow/example_dags/tutorial.py for tasks to queue
[2023-07-07T12:18:51.510+0000] {logging_mixin.py:120} INFO - [2023-07-07T12:18:51.510+0000] {dagbag.py:537} INFO - Filling up the DagBag from /home/airflow/.local/lib/python3.7/site-packages/airflow/example_dags/tutorial.py
[2023-07-07T12:18:51.519+0000] {processor.py:766} INFO - DAG(s) dict_keys(['tutorial']) retrieved from /home/airflow/.local/lib/python3.7/site-packages/airflow/example_dags/tutorial.py
[2023-07-07T12:18:51.545+0000] {logging_mixin.py:120} INFO - [2023-07-07T12:18:51.545+0000] {dag.py:2585} INFO - Sync 1 DAGs
[2023-07-07T12:18:51.562+0000] {logging_mixin.py:120} INFO - [2023-07-07T12:18:51.562+0000] {dag.py:3340} INFO - Setting next_dagrun for tutorial to 2023-07-06T12:18:51.562076+00:00, run_after=2023-07-07T12:18:51.562076+00:00
[2023-07-07T12:18:51.577+0000] {processor.py:176} INFO - Processing /home/airflow/.local/lib/python3.7/site-packages/airflow/example_dags/tutorial.py took 0.070 seconds
[2023-07-07T12:19:21.814+0000] {processor.py:154} INFO - Started process (PID=2226) to work on /home/airflow/.local/lib/python3.7/site-packages/airflow/example_dags/tutorial.py
[2023-07-07T12:19:21.815+0000] {processor.py:756} INFO - Processing file /home/airflow/.local/lib/python3.7/site-packages/airflow/example_dags/tutorial.py for tasks to queue
[2023-07-07T12:19:21.815+0000] {logging_mixin.py:120} INFO - [2023-07-07T12:19:21.815+0000] {dagbag.py:537} INFO - Filling up the DagBag from /home/airflow/.local/lib/python3.7/site-packages/airflow/example_dags/tutorial.py
[2023-07-07T12:19:21.823+0000] {processor.py:766} INFO - DAG(s) dict_keys(['tutorial']) retrieved from /home/airflow/.local/lib/python3.7/site-packages/airflow/example_dags/tutorial.py
[2023-07-07T12:19:21.846+0000] {logging_mixin.py:120} INFO - [2023-07-07T12:19:21.846+0000] {dag.py:2585} INFO - Sync 1 DAGs
[2023-07-07T12:19:21.861+0000] {logging_mixin.py:120} INFO - [2023-07-07T12:19:21.860+0000] {dag.py:3340} INFO - Setting next_dagrun for tutorial to 2023-07-06T12:19:21.860852+00:00, run_after=2023-07-07T12:19:21.860852+00:00
[2023-07-07T12:19:21.870+0000] {processor.py:176} INFO - Processing /home/airflow/.local/lib/python3.7/site-packages/airflow/example_dags/tutorial.py took 0.058 seconds
[2023-07-07T12:19:52.035+0000] {processor.py:154} INFO - Started process (PID=2295) to work on /home/airflow/.local/lib/python3.7/site-packages/airflow/example_dags/tutorial.py
[2023-07-07T12:19:52.035+0000] {processor.py:756} INFO - Processing file /home/airflow/.local/lib/python3.7/site-packages/airflow/example_dags/tutorial.py for tasks to queue
[2023-07-07T12:19:52.036+0000] {logging_mixin.py:120} INFO - [2023-07-07T12:19:52.036+0000] {dagbag.py:537} INFO - Filling up the DagBag from /home/airflow/.local/lib/python3.7/site-packages/airflow/example_dags/tutorial.py
[2023-07-07T12:19:52.044+0000] {processor.py:766} INFO - DAG(s) dict_keys(['tutorial']) retrieved from /home/airflow/.local/lib/python3.7/site-packages/airflow/example_dags/tutorial.py
[2023-07-07T12:19:52.071+0000] {logging_mixin.py:120} INFO - [2023-07-07T12:19:52.071+0000] {dag.py:2585} INFO - Sync 1 DAGs
[2023-07-07T12:19:52.088+0000] {logging_mixin.py:120} INFO - [2023-07-07T12:19:52.088+0000] {dag.py:3340} INFO - Setting next_dagrun for tutorial to 2023-07-06T12:19:52.088025+00:00, run_after=2023-07-07T12:19:52.088025+00:00
[2023-07-07T12:19:52.101+0000] {processor.py:176} INFO - Processing /home/airflow/.local/lib/python3.7/site-packages/airflow/example_dags/tutorial.py took 0.068 seconds
[2023-07-07T12:20:22.229+0000] {processor.py:154} INFO - Started process (PID=2361) to work on /home/airflow/.local/lib/python3.7/site-packages/airflow/example_dags/tutorial.py
[2023-07-07T12:20:22.230+0000] {processor.py:756} INFO - Processing file /home/airflow/.local/lib/python3.7/site-packages/airflow/example_dags/tutorial.py for tasks to queue
[2023-07-07T12:20:22.231+0000] {logging_mixin.py:120} INFO - [2023-07-07T12:20:22.231+0000] {dagbag.py:537} INFO - Filling up the DagBag from /home/airflow/.local/lib/python3.7/site-packages/airflow/example_dags/tutorial.py
[2023-07-07T12:20:22.239+0000] {processor.py:766} INFO - DAG(s) dict_keys(['tutorial']) retrieved from /home/airflow/.local/lib/python3.7/site-packages/airflow/example_dags/tutorial.py
[2023-07-07T12:20:22.262+0000] {logging_mixin.py:120} INFO - [2023-07-07T12:20:22.261+0000] {dag.py:2585} INFO - Sync 1 DAGs
[2023-07-07T12:20:22.277+0000] {logging_mixin.py:120} INFO - [2023-07-07T12:20:22.277+0000] {dag.py:3340} INFO - Setting next_dagrun for tutorial to 2023-07-06T12:20:22.276397+00:00, run_after=2023-07-07T12:20:22.276397+00:00
[2023-07-07T12:20:22.287+0000] {processor.py:176} INFO - Processing /home/airflow/.local/lib/python3.7/site-packages/airflow/example_dags/tutorial.py took 0.059 seconds
[2023-07-07T12:20:52.431+0000] {processor.py:154} INFO - Started process (PID=2428) to work on /home/airflow/.local/lib/python3.7/site-packages/airflow/example_dags/tutorial.py
[2023-07-07T12:20:52.432+0000] {processor.py:756} INFO - Processing file /home/airflow/.local/lib/python3.7/site-packages/airflow/example_dags/tutorial.py for tasks to queue
[2023-07-07T12:20:52.432+0000] {logging_mixin.py:120} INFO - [2023-07-07T12:20:52.432+0000] {dagbag.py:537} INFO - Filling up the DagBag from /home/airflow/.local/lib/python3.7/site-packages/airflow/example_dags/tutorial.py
[2023-07-07T12:20:52.440+0000] {processor.py:766} INFO - DAG(s) dict_keys(['tutorial']) retrieved from /home/airflow/.local/lib/python3.7/site-packages/airflow/example_dags/tutorial.py
[2023-07-07T12:20:52.463+0000] {logging_mixin.py:120} INFO - [2023-07-07T12:20:52.462+0000] {dag.py:2585} INFO - Sync 1 DAGs
[2023-07-07T12:20:52.479+0000] {logging_mixin.py:120} INFO - [2023-07-07T12:20:52.479+0000] {dag.py:3340} INFO - Setting next_dagrun for tutorial to 2023-07-06T12:20:52.479253+00:00, run_after=2023-07-07T12:20:52.479253+00:00
[2023-07-07T12:20:52.490+0000] {processor.py:176} INFO - Processing /home/airflow/.local/lib/python3.7/site-packages/airflow/example_dags/tutorial.py took 0.061 seconds
[2023-07-07T12:21:22.826+0000] {processor.py:154} INFO - Started process (PID=2495) to work on /home/airflow/.local/lib/python3.7/site-packages/airflow/example_dags/tutorial.py
[2023-07-07T12:21:22.827+0000] {processor.py:756} INFO - Processing file /home/airflow/.local/lib/python3.7/site-packages/airflow/example_dags/tutorial.py for tasks to queue
[2023-07-07T12:21:22.827+0000] {logging_mixin.py:120} INFO - [2023-07-07T12:21:22.827+0000] {dagbag.py:537} INFO - Filling up the DagBag from /home/airflow/.local/lib/python3.7/site-packages/airflow/example_dags/tutorial.py
[2023-07-07T12:21:22.838+0000] {processor.py:766} INFO - DAG(s) dict_keys(['tutorial']) retrieved from /home/airflow/.local/lib/python3.7/site-packages/airflow/example_dags/tutorial.py
[2023-07-07T12:21:22.869+0000] {logging_mixin.py:120} INFO - [2023-07-07T12:21:22.868+0000] {dag.py:2585} INFO - Sync 1 DAGs
[2023-07-07T12:21:22.889+0000] {logging_mixin.py:120} INFO - [2023-07-07T12:21:22.889+0000] {dag.py:3340} INFO - Setting next_dagrun for tutorial to 2023-07-06T12:21:22.889162+00:00, run_after=2023-07-07T12:21:22.889162+00:00
[2023-07-07T12:21:22.905+0000] {processor.py:176} INFO - Processing /home/airflow/.local/lib/python3.7/site-packages/airflow/example_dags/tutorial.py took 0.081 seconds
[2023-07-07T12:22:01.398+0000] {processor.py:154} INFO - Started process (PID=83) to work on /home/airflow/.local/lib/python3.7/site-packages/airflow/example_dags/tutorial.py
[2023-07-07T12:22:01.398+0000] {processor.py:756} INFO - Processing file /home/airflow/.local/lib/python3.7/site-packages/airflow/example_dags/tutorial.py for tasks to queue
[2023-07-07T12:22:01.399+0000] {logging_mixin.py:120} INFO - [2023-07-07T12:22:01.399+0000] {dagbag.py:537} INFO - Filling up the DagBag from /home/airflow/.local/lib/python3.7/site-packages/airflow/example_dags/tutorial.py
[2023-07-07T12:22:01.409+0000] {processor.py:766} INFO - DAG(s) dict_keys(['tutorial']) retrieved from /home/airflow/.local/lib/python3.7/site-packages/airflow/example_dags/tutorial.py
[2023-07-07T12:22:01.426+0000] {logging_mixin.py:120} INFO - [2023-07-07T12:22:01.426+0000] {dag.py:2585} INFO - Sync 1 DAGs
[2023-07-07T12:22:01.447+0000] {logging_mixin.py:120} INFO - [2023-07-07T12:22:01.447+0000] {dag.py:3340} INFO - Setting next_dagrun for tutorial to 2023-07-06T12:22:01.447218+00:00, run_after=2023-07-07T12:22:01.447218+00:00
[2023-07-07T12:22:01.461+0000] {processor.py:176} INFO - Processing /home/airflow/.local/lib/python3.7/site-packages/airflow/example_dags/tutorial.py took 0.066 seconds
[2023-07-07T12:22:31.704+0000] {processor.py:154} INFO - Started process (PID=141) to work on /home/airflow/.local/lib/python3.7/site-packages/airflow/example_dags/tutorial.py
[2023-07-07T12:22:31.704+0000] {processor.py:756} INFO - Processing file /home/airflow/.local/lib/python3.7/site-packages/airflow/example_dags/tutorial.py for tasks to queue
[2023-07-07T12:22:31.705+0000] {logging_mixin.py:120} INFO - [2023-07-07T12:22:31.705+0000] {dagbag.py:537} INFO - Filling up the DagBag from /home/airflow/.local/lib/python3.7/site-packages/airflow/example_dags/tutorial.py
[2023-07-07T12:22:31.713+0000] {processor.py:766} INFO - DAG(s) dict_keys(['tutorial']) retrieved from /home/airflow/.local/lib/python3.7/site-packages/airflow/example_dags/tutorial.py
[2023-07-07T12:22:31.737+0000] {logging_mixin.py:120} INFO - [2023-07-07T12:22:31.737+0000] {dag.py:2585} INFO - Sync 1 DAGs
[2023-07-07T12:22:31.754+0000] {logging_mixin.py:120} INFO - [2023-07-07T12:22:31.753+0000] {dag.py:3340} INFO - Setting next_dagrun for tutorial to 2023-07-06T12:22:31.753662+00:00, run_after=2023-07-07T12:22:31.753662+00:00
[2023-07-07T12:22:31.765+0000] {processor.py:176} INFO - Processing /home/airflow/.local/lib/python3.7/site-packages/airflow/example_dags/tutorial.py took 0.063 seconds
[2023-07-07T12:23:03.044+0000] {processor.py:154} INFO - Started process (PID=208) to work on /home/airflow/.local/lib/python3.7/site-packages/airflow/example_dags/tutorial.py
[2023-07-07T12:23:03.044+0000] {processor.py:756} INFO - Processing file /home/airflow/.local/lib/python3.7/site-packages/airflow/example_dags/tutorial.py for tasks to queue
[2023-07-07T12:23:03.045+0000] {logging_mixin.py:120} INFO - [2023-07-07T12:23:03.044+0000] {dagbag.py:537} INFO - Filling up the DagBag from /home/airflow/.local/lib/python3.7/site-packages/airflow/example_dags/tutorial.py
[2023-07-07T12:23:03.052+0000] {processor.py:766} INFO - DAG(s) dict_keys(['tutorial']) retrieved from /home/airflow/.local/lib/python3.7/site-packages/airflow/example_dags/tutorial.py
[2023-07-07T12:23:03.075+0000] {logging_mixin.py:120} INFO - [2023-07-07T12:23:03.075+0000] {dag.py:2585} INFO - Sync 1 DAGs
[2023-07-07T12:23:03.090+0000] {logging_mixin.py:120} INFO - [2023-07-07T12:23:03.090+0000] {dag.py:3340} INFO - Setting next_dagrun for tutorial to 2023-07-06T12:23:03.090461+00:00, run_after=2023-07-07T12:23:03.090461+00:00
[2023-07-07T12:23:03.104+0000] {processor.py:176} INFO - Processing /home/airflow/.local/lib/python3.7/site-packages/airflow/example_dags/tutorial.py took 0.062 seconds
[2023-07-07T12:23:33.352+0000] {processor.py:154} INFO - Started process (PID=274) to work on /home/airflow/.local/lib/python3.7/site-packages/airflow/example_dags/tutorial.py
[2023-07-07T12:23:33.353+0000] {processor.py:756} INFO - Processing file /home/airflow/.local/lib/python3.7/site-packages/airflow/example_dags/tutorial.py for tasks to queue
[2023-07-07T12:23:33.354+0000] {logging_mixin.py:120} INFO - [2023-07-07T12:23:33.354+0000] {dagbag.py:537} INFO - Filling up the DagBag from /home/airflow/.local/lib/python3.7/site-packages/airflow/example_dags/tutorial.py
[2023-07-07T12:23:33.364+0000] {processor.py:766} INFO - DAG(s) dict_keys(['tutorial']) retrieved from /home/airflow/.local/lib/python3.7/site-packages/airflow/example_dags/tutorial.py
[2023-07-07T12:23:33.391+0000] {logging_mixin.py:120} INFO - [2023-07-07T12:23:33.391+0000] {dag.py:2585} INFO - Sync 1 DAGs
[2023-07-07T12:23:33.409+0000] {logging_mixin.py:120} INFO - [2023-07-07T12:23:33.409+0000] {dag.py:3340} INFO - Setting next_dagrun for tutorial to 2023-07-06T12:23:33.409527+00:00, run_after=2023-07-07T12:23:33.409527+00:00
[2023-07-07T12:23:33.422+0000] {processor.py:176} INFO - Processing /home/airflow/.local/lib/python3.7/site-packages/airflow/example_dags/tutorial.py took 0.071 seconds
[2023-07-07T12:24:03.895+0000] {processor.py:154} INFO - Started process (PID=341) to work on /home/airflow/.local/lib/python3.7/site-packages/airflow/example_dags/tutorial.py
[2023-07-07T12:24:03.895+0000] {processor.py:756} INFO - Processing file /home/airflow/.local/lib/python3.7/site-packages/airflow/example_dags/tutorial.py for tasks to queue
[2023-07-07T12:24:03.896+0000] {logging_mixin.py:120} INFO - [2023-07-07T12:24:03.896+0000] {dagbag.py:537} INFO - Filling up the DagBag from /home/airflow/.local/lib/python3.7/site-packages/airflow/example_dags/tutorial.py
[2023-07-07T12:24:03.905+0000] {processor.py:766} INFO - DAG(s) dict_keys(['tutorial']) retrieved from /home/airflow/.local/lib/python3.7/site-packages/airflow/example_dags/tutorial.py
[2023-07-07T12:24:03.932+0000] {logging_mixin.py:120} INFO - [2023-07-07T12:24:03.932+0000] {dag.py:2585} INFO - Sync 1 DAGs
[2023-07-07T12:24:03.950+0000] {logging_mixin.py:120} INFO - [2023-07-07T12:24:03.950+0000] {dag.py:3340} INFO - Setting next_dagrun for tutorial to 2023-07-06T12:24:03.949843+00:00, run_after=2023-07-07T12:24:03.949843+00:00
[2023-07-07T12:24:03.964+0000] {processor.py:176} INFO - Processing /home/airflow/.local/lib/python3.7/site-packages/airflow/example_dags/tutorial.py took 0.071 seconds
[2023-07-07T12:24:34.404+0000] {processor.py:154} INFO - Started process (PID=408) to work on /home/airflow/.local/lib/python3.7/site-packages/airflow/example_dags/tutorial.py
[2023-07-07T12:24:34.405+0000] {processor.py:756} INFO - Processing file /home/airflow/.local/lib/python3.7/site-packages/airflow/example_dags/tutorial.py for tasks to queue
[2023-07-07T12:24:34.405+0000] {logging_mixin.py:120} INFO - [2023-07-07T12:24:34.405+0000] {dagbag.py:537} INFO - Filling up the DagBag from /home/airflow/.local/lib/python3.7/site-packages/airflow/example_dags/tutorial.py
[2023-07-07T12:24:34.414+0000] {processor.py:766} INFO - DAG(s) dict_keys(['tutorial']) retrieved from /home/airflow/.local/lib/python3.7/site-packages/airflow/example_dags/tutorial.py
[2023-07-07T12:24:34.443+0000] {logging_mixin.py:120} INFO - [2023-07-07T12:24:34.443+0000] {dag.py:2585} INFO - Sync 1 DAGs
[2023-07-07T12:24:34.460+0000] {logging_mixin.py:120} INFO - [2023-07-07T12:24:34.460+0000] {dag.py:3340} INFO - Setting next_dagrun for tutorial to 2023-07-06T12:24:34.460533+00:00, run_after=2023-07-07T12:24:34.460533+00:00
[2023-07-07T12:24:34.472+0000] {processor.py:176} INFO - Processing /home/airflow/.local/lib/python3.7/site-packages/airflow/example_dags/tutorial.py took 0.069 seconds
[2023-07-07T12:25:05.465+0000] {processor.py:154} INFO - Started process (PID=465) to work on /home/airflow/.local/lib/python3.7/site-packages/airflow/example_dags/tutorial.py
[2023-07-07T12:25:05.465+0000] {processor.py:756} INFO - Processing file /home/airflow/.local/lib/python3.7/site-packages/airflow/example_dags/tutorial.py for tasks to queue
[2023-07-07T12:25:05.466+0000] {logging_mixin.py:120} INFO - [2023-07-07T12:25:05.466+0000] {dagbag.py:537} INFO - Filling up the DagBag from /home/airflow/.local/lib/python3.7/site-packages/airflow/example_dags/tutorial.py
[2023-07-07T12:25:05.474+0000] {processor.py:766} INFO - DAG(s) dict_keys(['tutorial']) retrieved from /home/airflow/.local/lib/python3.7/site-packages/airflow/example_dags/tutorial.py
[2023-07-07T12:25:05.498+0000] {logging_mixin.py:120} INFO - [2023-07-07T12:25:05.498+0000] {dag.py:2585} INFO - Sync 1 DAGs
[2023-07-07T12:25:05.514+0000] {logging_mixin.py:120} INFO - [2023-07-07T12:25:05.514+0000] {dag.py:3340} INFO - Setting next_dagrun for tutorial to 2023-07-06T12:25:05.514127+00:00, run_after=2023-07-07T12:25:05.514127+00:00
[2023-07-07T12:25:05.526+0000] {processor.py:176} INFO - Processing /home/airflow/.local/lib/python3.7/site-packages/airflow/example_dags/tutorial.py took 0.063 seconds
