[2023-07-07T12:00:23.919+0000] {processor.py:154} INFO - Started process (PID=39) to work on /home/airflow/.local/lib/python3.7/site-packages/airflow/example_dags/tutorial_dag.py
[2023-07-07T12:00:23.920+0000] {processor.py:756} INFO - Processing file /home/airflow/.local/lib/python3.7/site-packages/airflow/example_dags/tutorial_dag.py for tasks to queue
[2023-07-07T12:00:23.921+0000] {logging_mixin.py:120} INFO - [2023-07-07T12:00:23.920+0000] {dagbag.py:537} INFO - Filling up the DagBag from /home/airflow/.local/lib/python3.7/site-packages/airflow/example_dags/tutorial_dag.py
[2023-07-07T12:00:23.935+0000] {processor.py:766} INFO - DAG(s) dict_keys(['tutorial_dag']) retrieved from /home/airflow/.local/lib/python3.7/site-packages/airflow/example_dags/tutorial_dag.py
[2023-07-07T12:00:23.976+0000] {logging_mixin.py:120} INFO - [2023-07-07T12:00:23.976+0000] {dag.py:2585} INFO - Sync 1 DAGs
[2023-07-07T12:00:24.002+0000] {logging_mixin.py:120} INFO - [2023-07-07T12:00:24.002+0000] {dag.py:3340} INFO - Setting next_dagrun for tutorial_dag to None, run_after=None
[2023-07-07T12:00:24.021+0000] {processor.py:176} INFO - Processing /home/airflow/.local/lib/python3.7/site-packages/airflow/example_dags/tutorial_dag.py took 0.103 seconds
[2023-07-07T12:00:55.218+0000] {processor.py:154} INFO - Started process (PID=106) to work on /home/airflow/.local/lib/python3.7/site-packages/airflow/example_dags/tutorial_dag.py
[2023-07-07T12:00:55.219+0000] {processor.py:756} INFO - Processing file /home/airflow/.local/lib/python3.7/site-packages/airflow/example_dags/tutorial_dag.py for tasks to queue
[2023-07-07T12:00:55.219+0000] {logging_mixin.py:120} INFO - [2023-07-07T12:00:55.219+0000] {dagbag.py:537} INFO - Filling up the DagBag from /home/airflow/.local/lib/python3.7/site-packages/airflow/example_dags/tutorial_dag.py
[2023-07-07T12:00:55.226+0000] {processor.py:766} INFO - DAG(s) dict_keys(['tutorial_dag']) retrieved from /home/airflow/.local/lib/python3.7/site-packages/airflow/example_dags/tutorial_dag.py
[2023-07-07T12:00:55.248+0000] {logging_mixin.py:120} INFO - [2023-07-07T12:00:55.248+0000] {dag.py:2585} INFO - Sync 1 DAGs
[2023-07-07T12:00:55.263+0000] {logging_mixin.py:120} INFO - [2023-07-07T12:00:55.263+0000] {dag.py:3340} INFO - Setting next_dagrun for tutorial_dag to None, run_after=None
[2023-07-07T12:00:55.273+0000] {processor.py:176} INFO - Processing /home/airflow/.local/lib/python3.7/site-packages/airflow/example_dags/tutorial_dag.py took 0.057 seconds
[2023-07-07T12:01:26.424+0000] {processor.py:154} INFO - Started process (PID=175) to work on /home/airflow/.local/lib/python3.7/site-packages/airflow/example_dags/tutorial_dag.py
[2023-07-07T12:01:26.426+0000] {processor.py:756} INFO - Processing file /home/airflow/.local/lib/python3.7/site-packages/airflow/example_dags/tutorial_dag.py for tasks to queue
[2023-07-07T12:01:26.426+0000] {logging_mixin.py:120} INFO - [2023-07-07T12:01:26.426+0000] {dagbag.py:537} INFO - Filling up the DagBag from /home/airflow/.local/lib/python3.7/site-packages/airflow/example_dags/tutorial_dag.py
[2023-07-07T12:01:26.439+0000] {processor.py:766} INFO - DAG(s) dict_keys(['tutorial_dag']) retrieved from /home/airflow/.local/lib/python3.7/site-packages/airflow/example_dags/tutorial_dag.py
[2023-07-07T12:01:26.482+0000] {logging_mixin.py:120} INFO - [2023-07-07T12:01:26.481+0000] {dag.py:2585} INFO - Sync 1 DAGs
[2023-07-07T12:01:26.504+0000] {logging_mixin.py:120} INFO - [2023-07-07T12:01:26.504+0000] {dag.py:3340} INFO - Setting next_dagrun for tutorial_dag to None, run_after=None
[2023-07-07T12:01:26.518+0000] {processor.py:176} INFO - Processing /home/airflow/.local/lib/python3.7/site-packages/airflow/example_dags/tutorial_dag.py took 0.098 seconds
[2023-07-07T12:01:57.013+0000] {processor.py:154} INFO - Started process (PID=242) to work on /home/airflow/.local/lib/python3.7/site-packages/airflow/example_dags/tutorial_dag.py
[2023-07-07T12:01:57.019+0000] {processor.py:756} INFO - Processing file /home/airflow/.local/lib/python3.7/site-packages/airflow/example_dags/tutorial_dag.py for tasks to queue
[2023-07-07T12:01:57.019+0000] {logging_mixin.py:120} INFO - [2023-07-07T12:01:57.019+0000] {dagbag.py:537} INFO - Filling up the DagBag from /home/airflow/.local/lib/python3.7/site-packages/airflow/example_dags/tutorial_dag.py
[2023-07-07T12:01:57.030+0000] {processor.py:766} INFO - DAG(s) dict_keys(['tutorial_dag']) retrieved from /home/airflow/.local/lib/python3.7/site-packages/airflow/example_dags/tutorial_dag.py
[2023-07-07T12:01:57.057+0000] {logging_mixin.py:120} INFO - [2023-07-07T12:01:57.057+0000] {dag.py:2585} INFO - Sync 1 DAGs
[2023-07-07T12:01:57.073+0000] {logging_mixin.py:120} INFO - [2023-07-07T12:01:57.073+0000] {dag.py:3340} INFO - Setting next_dagrun for tutorial_dag to None, run_after=None
[2023-07-07T12:01:57.112+0000] {processor.py:176} INFO - Processing /home/airflow/.local/lib/python3.7/site-packages/airflow/example_dags/tutorial_dag.py took 0.102 seconds
[2023-07-07T12:02:33.986+0000] {processor.py:154} INFO - Started process (PID=40) to work on /home/airflow/.local/lib/python3.7/site-packages/airflow/example_dags/tutorial_dag.py
[2023-07-07T12:02:33.987+0000] {processor.py:756} INFO - Processing file /home/airflow/.local/lib/python3.7/site-packages/airflow/example_dags/tutorial_dag.py for tasks to queue
[2023-07-07T12:02:33.987+0000] {logging_mixin.py:120} INFO - [2023-07-07T12:02:33.987+0000] {dagbag.py:537} INFO - Filling up the DagBag from /home/airflow/.local/lib/python3.7/site-packages/airflow/example_dags/tutorial_dag.py
[2023-07-07T12:02:33.999+0000] {processor.py:766} INFO - DAG(s) dict_keys(['tutorial_dag']) retrieved from /home/airflow/.local/lib/python3.7/site-packages/airflow/example_dags/tutorial_dag.py
[2023-07-07T12:02:34.033+0000] {logging_mixin.py:120} INFO - [2023-07-07T12:02:34.032+0000] {dag.py:2585} INFO - Sync 1 DAGs
[2023-07-07T12:02:34.063+0000] {logging_mixin.py:120} INFO - [2023-07-07T12:02:34.062+0000] {dag.py:3340} INFO - Setting next_dagrun for tutorial_dag to None, run_after=None
[2023-07-07T12:02:34.090+0000] {processor.py:176} INFO - Processing /home/airflow/.local/lib/python3.7/site-packages/airflow/example_dags/tutorial_dag.py took 0.106 seconds
[2023-07-07T12:03:04.336+0000] {processor.py:154} INFO - Started process (PID=106) to work on /home/airflow/.local/lib/python3.7/site-packages/airflow/example_dags/tutorial_dag.py
[2023-07-07T12:03:04.337+0000] {processor.py:756} INFO - Processing file /home/airflow/.local/lib/python3.7/site-packages/airflow/example_dags/tutorial_dag.py for tasks to queue
[2023-07-07T12:03:04.338+0000] {logging_mixin.py:120} INFO - [2023-07-07T12:03:04.338+0000] {dagbag.py:537} INFO - Filling up the DagBag from /home/airflow/.local/lib/python3.7/site-packages/airflow/example_dags/tutorial_dag.py
[2023-07-07T12:03:04.346+0000] {processor.py:766} INFO - DAG(s) dict_keys(['tutorial_dag']) retrieved from /home/airflow/.local/lib/python3.7/site-packages/airflow/example_dags/tutorial_dag.py
[2023-07-07T12:03:04.372+0000] {logging_mixin.py:120} INFO - [2023-07-07T12:03:04.372+0000] {dag.py:2585} INFO - Sync 1 DAGs
[2023-07-07T12:03:04.388+0000] {logging_mixin.py:120} INFO - [2023-07-07T12:03:04.388+0000] {dag.py:3340} INFO - Setting next_dagrun for tutorial_dag to None, run_after=None
[2023-07-07T12:03:04.400+0000] {processor.py:176} INFO - Processing /home/airflow/.local/lib/python3.7/site-packages/airflow/example_dags/tutorial_dag.py took 0.065 seconds
[2023-07-07T12:03:34.490+0000] {processor.py:154} INFO - Started process (PID=165) to work on /home/airflow/.local/lib/python3.7/site-packages/airflow/example_dags/tutorial_dag.py
[2023-07-07T12:03:34.491+0000] {processor.py:756} INFO - Processing file /home/airflow/.local/lib/python3.7/site-packages/airflow/example_dags/tutorial_dag.py for tasks to queue
[2023-07-07T12:03:34.491+0000] {logging_mixin.py:120} INFO - [2023-07-07T12:03:34.491+0000] {dagbag.py:537} INFO - Filling up the DagBag from /home/airflow/.local/lib/python3.7/site-packages/airflow/example_dags/tutorial_dag.py
[2023-07-07T12:03:34.499+0000] {processor.py:766} INFO - DAG(s) dict_keys(['tutorial_dag']) retrieved from /home/airflow/.local/lib/python3.7/site-packages/airflow/example_dags/tutorial_dag.py
[2023-07-07T12:03:34.526+0000] {logging_mixin.py:120} INFO - [2023-07-07T12:03:34.525+0000] {dag.py:2585} INFO - Sync 1 DAGs
[2023-07-07T12:03:34.543+0000] {logging_mixin.py:120} INFO - [2023-07-07T12:03:34.543+0000] {dag.py:3340} INFO - Setting next_dagrun for tutorial_dag to None, run_after=None
[2023-07-07T12:03:34.555+0000] {processor.py:176} INFO - Processing /home/airflow/.local/lib/python3.7/site-packages/airflow/example_dags/tutorial_dag.py took 0.067 seconds
[2023-07-07T12:04:04.825+0000] {processor.py:154} INFO - Started process (PID=233) to work on /home/airflow/.local/lib/python3.7/site-packages/airflow/example_dags/tutorial_dag.py
[2023-07-07T12:04:04.827+0000] {processor.py:756} INFO - Processing file /home/airflow/.local/lib/python3.7/site-packages/airflow/example_dags/tutorial_dag.py for tasks to queue
[2023-07-07T12:04:04.827+0000] {logging_mixin.py:120} INFO - [2023-07-07T12:04:04.827+0000] {dagbag.py:537} INFO - Filling up the DagBag from /home/airflow/.local/lib/python3.7/site-packages/airflow/example_dags/tutorial_dag.py
[2023-07-07T12:04:04.835+0000] {processor.py:766} INFO - DAG(s) dict_keys(['tutorial_dag']) retrieved from /home/airflow/.local/lib/python3.7/site-packages/airflow/example_dags/tutorial_dag.py
[2023-07-07T12:04:04.859+0000] {logging_mixin.py:120} INFO - [2023-07-07T12:04:04.859+0000] {dag.py:2585} INFO - Sync 1 DAGs
[2023-07-07T12:04:04.874+0000] {logging_mixin.py:120} INFO - [2023-07-07T12:04:04.874+0000] {dag.py:3340} INFO - Setting next_dagrun for tutorial_dag to None, run_after=None
[2023-07-07T12:04:04.886+0000] {processor.py:176} INFO - Processing /home/airflow/.local/lib/python3.7/site-packages/airflow/example_dags/tutorial_dag.py took 0.063 seconds
[2023-07-07T12:04:35.104+0000] {processor.py:154} INFO - Started process (PID=300) to work on /home/airflow/.local/lib/python3.7/site-packages/airflow/example_dags/tutorial_dag.py
[2023-07-07T12:04:35.104+0000] {processor.py:756} INFO - Processing file /home/airflow/.local/lib/python3.7/site-packages/airflow/example_dags/tutorial_dag.py for tasks to queue
[2023-07-07T12:04:35.105+0000] {logging_mixin.py:120} INFO - [2023-07-07T12:04:35.105+0000] {dagbag.py:537} INFO - Filling up the DagBag from /home/airflow/.local/lib/python3.7/site-packages/airflow/example_dags/tutorial_dag.py
[2023-07-07T12:04:35.112+0000] {processor.py:766} INFO - DAG(s) dict_keys(['tutorial_dag']) retrieved from /home/airflow/.local/lib/python3.7/site-packages/airflow/example_dags/tutorial_dag.py
[2023-07-07T12:04:35.134+0000] {logging_mixin.py:120} INFO - [2023-07-07T12:04:35.134+0000] {dag.py:2585} INFO - Sync 1 DAGs
[2023-07-07T12:04:35.152+0000] {logging_mixin.py:120} INFO - [2023-07-07T12:04:35.152+0000] {dag.py:3340} INFO - Setting next_dagrun for tutorial_dag to None, run_after=None
[2023-07-07T12:04:35.164+0000] {processor.py:176} INFO - Processing /home/airflow/.local/lib/python3.7/site-packages/airflow/example_dags/tutorial_dag.py took 0.062 seconds
[2023-07-07T12:05:05.302+0000] {processor.py:154} INFO - Started process (PID=367) to work on /home/airflow/.local/lib/python3.7/site-packages/airflow/example_dags/tutorial_dag.py
[2023-07-07T12:05:05.302+0000] {processor.py:756} INFO - Processing file /home/airflow/.local/lib/python3.7/site-packages/airflow/example_dags/tutorial_dag.py for tasks to queue
[2023-07-07T12:05:05.303+0000] {logging_mixin.py:120} INFO - [2023-07-07T12:05:05.303+0000] {dagbag.py:537} INFO - Filling up the DagBag from /home/airflow/.local/lib/python3.7/site-packages/airflow/example_dags/tutorial_dag.py
[2023-07-07T12:05:05.310+0000] {processor.py:766} INFO - DAG(s) dict_keys(['tutorial_dag']) retrieved from /home/airflow/.local/lib/python3.7/site-packages/airflow/example_dags/tutorial_dag.py
[2023-07-07T12:05:05.332+0000] {logging_mixin.py:120} INFO - [2023-07-07T12:05:05.332+0000] {dag.py:2585} INFO - Sync 1 DAGs
[2023-07-07T12:05:05.352+0000] {logging_mixin.py:120} INFO - [2023-07-07T12:05:05.352+0000] {dag.py:3340} INFO - Setting next_dagrun for tutorial_dag to None, run_after=None
[2023-07-07T12:05:05.363+0000] {processor.py:176} INFO - Processing /home/airflow/.local/lib/python3.7/site-packages/airflow/example_dags/tutorial_dag.py took 0.063 seconds
[2023-07-07T12:05:36.372+0000] {processor.py:154} INFO - Started process (PID=435) to work on /home/airflow/.local/lib/python3.7/site-packages/airflow/example_dags/tutorial_dag.py
[2023-07-07T12:05:36.373+0000] {processor.py:756} INFO - Processing file /home/airflow/.local/lib/python3.7/site-packages/airflow/example_dags/tutorial_dag.py for tasks to queue
[2023-07-07T12:05:36.373+0000] {logging_mixin.py:120} INFO - [2023-07-07T12:05:36.373+0000] {dagbag.py:537} INFO - Filling up the DagBag from /home/airflow/.local/lib/python3.7/site-packages/airflow/example_dags/tutorial_dag.py
[2023-07-07T12:05:36.382+0000] {processor.py:766} INFO - DAG(s) dict_keys(['tutorial_dag']) retrieved from /home/airflow/.local/lib/python3.7/site-packages/airflow/example_dags/tutorial_dag.py
[2023-07-07T12:05:36.410+0000] {logging_mixin.py:120} INFO - [2023-07-07T12:05:36.410+0000] {dag.py:2585} INFO - Sync 1 DAGs
[2023-07-07T12:05:36.429+0000] {logging_mixin.py:120} INFO - [2023-07-07T12:05:36.429+0000] {dag.py:3340} INFO - Setting next_dagrun for tutorial_dag to None, run_after=None
[2023-07-07T12:05:36.443+0000] {processor.py:176} INFO - Processing /home/airflow/.local/lib/python3.7/site-packages/airflow/example_dags/tutorial_dag.py took 0.072 seconds
[2023-07-07T12:06:06.668+0000] {processor.py:154} INFO - Started process (PID=493) to work on /home/airflow/.local/lib/python3.7/site-packages/airflow/example_dags/tutorial_dag.py
[2023-07-07T12:06:06.669+0000] {processor.py:756} INFO - Processing file /home/airflow/.local/lib/python3.7/site-packages/airflow/example_dags/tutorial_dag.py for tasks to queue
[2023-07-07T12:06:06.669+0000] {logging_mixin.py:120} INFO - [2023-07-07T12:06:06.669+0000] {dagbag.py:537} INFO - Filling up the DagBag from /home/airflow/.local/lib/python3.7/site-packages/airflow/example_dags/tutorial_dag.py
[2023-07-07T12:06:06.676+0000] {processor.py:766} INFO - DAG(s) dict_keys(['tutorial_dag']) retrieved from /home/airflow/.local/lib/python3.7/site-packages/airflow/example_dags/tutorial_dag.py
[2023-07-07T12:06:06.701+0000] {logging_mixin.py:120} INFO - [2023-07-07T12:06:06.701+0000] {dag.py:2585} INFO - Sync 1 DAGs
[2023-07-07T12:06:06.717+0000] {logging_mixin.py:120} INFO - [2023-07-07T12:06:06.716+0000] {dag.py:3340} INFO - Setting next_dagrun for tutorial_dag to None, run_after=None
[2023-07-07T12:06:06.728+0000] {processor.py:176} INFO - Processing /home/airflow/.local/lib/python3.7/site-packages/airflow/example_dags/tutorial_dag.py took 0.062 seconds
[2023-07-07T12:06:37.021+0000] {processor.py:154} INFO - Started process (PID=559) to work on /home/airflow/.local/lib/python3.7/site-packages/airflow/example_dags/tutorial_dag.py
[2023-07-07T12:06:37.022+0000] {processor.py:756} INFO - Processing file /home/airflow/.local/lib/python3.7/site-packages/airflow/example_dags/tutorial_dag.py for tasks to queue
[2023-07-07T12:06:37.022+0000] {logging_mixin.py:120} INFO - [2023-07-07T12:06:37.022+0000] {dagbag.py:537} INFO - Filling up the DagBag from /home/airflow/.local/lib/python3.7/site-packages/airflow/example_dags/tutorial_dag.py
[2023-07-07T12:06:37.030+0000] {processor.py:766} INFO - DAG(s) dict_keys(['tutorial_dag']) retrieved from /home/airflow/.local/lib/python3.7/site-packages/airflow/example_dags/tutorial_dag.py
[2023-07-07T12:06:37.053+0000] {logging_mixin.py:120} INFO - [2023-07-07T12:06:37.053+0000] {dag.py:2585} INFO - Sync 1 DAGs
[2023-07-07T12:06:37.068+0000] {logging_mixin.py:120} INFO - [2023-07-07T12:06:37.068+0000] {dag.py:3340} INFO - Setting next_dagrun for tutorial_dag to None, run_after=None
[2023-07-07T12:06:37.082+0000] {processor.py:176} INFO - Processing /home/airflow/.local/lib/python3.7/site-packages/airflow/example_dags/tutorial_dag.py took 0.062 seconds
[2023-07-07T12:07:08.102+0000] {processor.py:154} INFO - Started process (PID=626) to work on /home/airflow/.local/lib/python3.7/site-packages/airflow/example_dags/tutorial_dag.py
[2023-07-07T12:07:08.103+0000] {processor.py:756} INFO - Processing file /home/airflow/.local/lib/python3.7/site-packages/airflow/example_dags/tutorial_dag.py for tasks to queue
[2023-07-07T12:07:08.103+0000] {logging_mixin.py:120} INFO - [2023-07-07T12:07:08.103+0000] {dagbag.py:537} INFO - Filling up the DagBag from /home/airflow/.local/lib/python3.7/site-packages/airflow/example_dags/tutorial_dag.py
[2023-07-07T12:07:08.110+0000] {processor.py:766} INFO - DAG(s) dict_keys(['tutorial_dag']) retrieved from /home/airflow/.local/lib/python3.7/site-packages/airflow/example_dags/tutorial_dag.py
[2023-07-07T12:07:08.133+0000] {logging_mixin.py:120} INFO - [2023-07-07T12:07:08.133+0000] {dag.py:2585} INFO - Sync 1 DAGs
[2023-07-07T12:07:08.148+0000] {logging_mixin.py:120} INFO - [2023-07-07T12:07:08.148+0000] {dag.py:3340} INFO - Setting next_dagrun for tutorial_dag to None, run_after=None
[2023-07-07T12:07:08.158+0000] {processor.py:176} INFO - Processing /home/airflow/.local/lib/python3.7/site-packages/airflow/example_dags/tutorial_dag.py took 0.057 seconds
[2023-07-07T12:07:38.336+0000] {processor.py:154} INFO - Started process (PID=693) to work on /home/airflow/.local/lib/python3.7/site-packages/airflow/example_dags/tutorial_dag.py
[2023-07-07T12:07:38.337+0000] {processor.py:756} INFO - Processing file /home/airflow/.local/lib/python3.7/site-packages/airflow/example_dags/tutorial_dag.py for tasks to queue
[2023-07-07T12:07:38.337+0000] {logging_mixin.py:120} INFO - [2023-07-07T12:07:38.337+0000] {dagbag.py:537} INFO - Filling up the DagBag from /home/airflow/.local/lib/python3.7/site-packages/airflow/example_dags/tutorial_dag.py
[2023-07-07T12:07:38.344+0000] {processor.py:766} INFO - DAG(s) dict_keys(['tutorial_dag']) retrieved from /home/airflow/.local/lib/python3.7/site-packages/airflow/example_dags/tutorial_dag.py
[2023-07-07T12:07:38.366+0000] {logging_mixin.py:120} INFO - [2023-07-07T12:07:38.366+0000] {dag.py:2585} INFO - Sync 1 DAGs
[2023-07-07T12:07:38.380+0000] {logging_mixin.py:120} INFO - [2023-07-07T12:07:38.380+0000] {dag.py:3340} INFO - Setting next_dagrun for tutorial_dag to None, run_after=None
[2023-07-07T12:07:38.390+0000] {processor.py:176} INFO - Processing /home/airflow/.local/lib/python3.7/site-packages/airflow/example_dags/tutorial_dag.py took 0.056 seconds
[2023-07-07T12:08:08.524+0000] {processor.py:154} INFO - Started process (PID=760) to work on /home/airflow/.local/lib/python3.7/site-packages/airflow/example_dags/tutorial_dag.py
[2023-07-07T12:08:08.525+0000] {processor.py:756} INFO - Processing file /home/airflow/.local/lib/python3.7/site-packages/airflow/example_dags/tutorial_dag.py for tasks to queue
[2023-07-07T12:08:08.525+0000] {logging_mixin.py:120} INFO - [2023-07-07T12:08:08.525+0000] {dagbag.py:537} INFO - Filling up the DagBag from /home/airflow/.local/lib/python3.7/site-packages/airflow/example_dags/tutorial_dag.py
[2023-07-07T12:08:08.532+0000] {processor.py:766} INFO - DAG(s) dict_keys(['tutorial_dag']) retrieved from /home/airflow/.local/lib/python3.7/site-packages/airflow/example_dags/tutorial_dag.py
[2023-07-07T12:08:08.554+0000] {logging_mixin.py:120} INFO - [2023-07-07T12:08:08.554+0000] {dag.py:2585} INFO - Sync 1 DAGs
[2023-07-07T12:08:08.568+0000] {logging_mixin.py:120} INFO - [2023-07-07T12:08:08.568+0000] {dag.py:3340} INFO - Setting next_dagrun for tutorial_dag to None, run_after=None
[2023-07-07T12:08:08.578+0000] {processor.py:176} INFO - Processing /home/airflow/.local/lib/python3.7/site-packages/airflow/example_dags/tutorial_dag.py took 0.056 seconds
[2023-07-07T12:08:38.823+0000] {processor.py:154} INFO - Started process (PID=818) to work on /home/airflow/.local/lib/python3.7/site-packages/airflow/example_dags/tutorial_dag.py
[2023-07-07T12:08:38.823+0000] {processor.py:756} INFO - Processing file /home/airflow/.local/lib/python3.7/site-packages/airflow/example_dags/tutorial_dag.py for tasks to queue
[2023-07-07T12:08:38.824+0000] {logging_mixin.py:120} INFO - [2023-07-07T12:08:38.824+0000] {dagbag.py:537} INFO - Filling up the DagBag from /home/airflow/.local/lib/python3.7/site-packages/airflow/example_dags/tutorial_dag.py
[2023-07-07T12:08:38.832+0000] {processor.py:766} INFO - DAG(s) dict_keys(['tutorial_dag']) retrieved from /home/airflow/.local/lib/python3.7/site-packages/airflow/example_dags/tutorial_dag.py
[2023-07-07T12:08:38.854+0000] {logging_mixin.py:120} INFO - [2023-07-07T12:08:38.854+0000] {dag.py:2585} INFO - Sync 1 DAGs
[2023-07-07T12:08:38.870+0000] {logging_mixin.py:120} INFO - [2023-07-07T12:08:38.870+0000] {dag.py:3340} INFO - Setting next_dagrun for tutorial_dag to None, run_after=None
[2023-07-07T12:08:38.883+0000] {processor.py:176} INFO - Processing /home/airflow/.local/lib/python3.7/site-packages/airflow/example_dags/tutorial_dag.py took 0.062 seconds
[2023-07-07T12:09:09.092+0000] {processor.py:154} INFO - Started process (PID=885) to work on /home/airflow/.local/lib/python3.7/site-packages/airflow/example_dags/tutorial_dag.py
[2023-07-07T12:09:09.092+0000] {processor.py:756} INFO - Processing file /home/airflow/.local/lib/python3.7/site-packages/airflow/example_dags/tutorial_dag.py for tasks to queue
[2023-07-07T12:09:09.093+0000] {logging_mixin.py:120} INFO - [2023-07-07T12:09:09.092+0000] {dagbag.py:537} INFO - Filling up the DagBag from /home/airflow/.local/lib/python3.7/site-packages/airflow/example_dags/tutorial_dag.py
[2023-07-07T12:09:09.100+0000] {processor.py:766} INFO - DAG(s) dict_keys(['tutorial_dag']) retrieved from /home/airflow/.local/lib/python3.7/site-packages/airflow/example_dags/tutorial_dag.py
[2023-07-07T12:09:09.122+0000] {logging_mixin.py:120} INFO - [2023-07-07T12:09:09.121+0000] {dag.py:2585} INFO - Sync 1 DAGs
[2023-07-07T12:09:09.137+0000] {logging_mixin.py:120} INFO - [2023-07-07T12:09:09.137+0000] {dag.py:3340} INFO - Setting next_dagrun for tutorial_dag to None, run_after=None
[2023-07-07T12:09:09.147+0000] {processor.py:176} INFO - Processing /home/airflow/.local/lib/python3.7/site-packages/airflow/example_dags/tutorial_dag.py took 0.057 seconds
[2023-07-07T12:09:39.396+0000] {processor.py:154} INFO - Started process (PID=952) to work on /home/airflow/.local/lib/python3.7/site-packages/airflow/example_dags/tutorial_dag.py
[2023-07-07T12:09:39.397+0000] {processor.py:756} INFO - Processing file /home/airflow/.local/lib/python3.7/site-packages/airflow/example_dags/tutorial_dag.py for tasks to queue
[2023-07-07T12:09:39.397+0000] {logging_mixin.py:120} INFO - [2023-07-07T12:09:39.397+0000] {dagbag.py:537} INFO - Filling up the DagBag from /home/airflow/.local/lib/python3.7/site-packages/airflow/example_dags/tutorial_dag.py
[2023-07-07T12:09:39.406+0000] {processor.py:766} INFO - DAG(s) dict_keys(['tutorial_dag']) retrieved from /home/airflow/.local/lib/python3.7/site-packages/airflow/example_dags/tutorial_dag.py
[2023-07-07T12:09:39.430+0000] {logging_mixin.py:120} INFO - [2023-07-07T12:09:39.430+0000] {dag.py:2585} INFO - Sync 1 DAGs
[2023-07-07T12:09:39.445+0000] {logging_mixin.py:120} INFO - [2023-07-07T12:09:39.444+0000] {dag.py:3340} INFO - Setting next_dagrun for tutorial_dag to None, run_after=None
[2023-07-07T12:09:39.456+0000] {processor.py:176} INFO - Processing /home/airflow/.local/lib/python3.7/site-packages/airflow/example_dags/tutorial_dag.py took 0.062 seconds
[2023-07-07T12:10:09.566+0000] {processor.py:154} INFO - Started process (PID=1020) to work on /home/airflow/.local/lib/python3.7/site-packages/airflow/example_dags/tutorial_dag.py
[2023-07-07T12:10:09.566+0000] {processor.py:756} INFO - Processing file /home/airflow/.local/lib/python3.7/site-packages/airflow/example_dags/tutorial_dag.py for tasks to queue
[2023-07-07T12:10:09.567+0000] {logging_mixin.py:120} INFO - [2023-07-07T12:10:09.567+0000] {dagbag.py:537} INFO - Filling up the DagBag from /home/airflow/.local/lib/python3.7/site-packages/airflow/example_dags/tutorial_dag.py
[2023-07-07T12:10:09.575+0000] {processor.py:766} INFO - DAG(s) dict_keys(['tutorial_dag']) retrieved from /home/airflow/.local/lib/python3.7/site-packages/airflow/example_dags/tutorial_dag.py
[2023-07-07T12:10:09.605+0000] {logging_mixin.py:120} INFO - [2023-07-07T12:10:09.605+0000] {dag.py:2585} INFO - Sync 1 DAGs
[2023-07-07T12:10:09.622+0000] {logging_mixin.py:120} INFO - [2023-07-07T12:10:09.622+0000] {dag.py:3340} INFO - Setting next_dagrun for tutorial_dag to None, run_after=None
[2023-07-07T12:10:09.636+0000] {processor.py:176} INFO - Processing /home/airflow/.local/lib/python3.7/site-packages/airflow/example_dags/tutorial_dag.py took 0.072 seconds
[2023-07-07T12:10:39.888+0000] {processor.py:154} INFO - Started process (PID=1078) to work on /home/airflow/.local/lib/python3.7/site-packages/airflow/example_dags/tutorial_dag.py
[2023-07-07T12:10:39.889+0000] {processor.py:756} INFO - Processing file /home/airflow/.local/lib/python3.7/site-packages/airflow/example_dags/tutorial_dag.py for tasks to queue
[2023-07-07T12:10:39.889+0000] {logging_mixin.py:120} INFO - [2023-07-07T12:10:39.889+0000] {dagbag.py:537} INFO - Filling up the DagBag from /home/airflow/.local/lib/python3.7/site-packages/airflow/example_dags/tutorial_dag.py
[2023-07-07T12:10:39.899+0000] {processor.py:766} INFO - DAG(s) dict_keys(['tutorial_dag']) retrieved from /home/airflow/.local/lib/python3.7/site-packages/airflow/example_dags/tutorial_dag.py
[2023-07-07T12:10:39.926+0000] {logging_mixin.py:120} INFO - [2023-07-07T12:10:39.926+0000] {dag.py:2585} INFO - Sync 1 DAGs
[2023-07-07T12:10:39.944+0000] {logging_mixin.py:120} INFO - [2023-07-07T12:10:39.944+0000] {dag.py:3340} INFO - Setting next_dagrun for tutorial_dag to None, run_after=None
[2023-07-07T12:10:39.956+0000] {processor.py:176} INFO - Processing /home/airflow/.local/lib/python3.7/site-packages/airflow/example_dags/tutorial_dag.py took 0.069 seconds
[2023-07-07T12:11:10.150+0000] {processor.py:154} INFO - Started process (PID=1145) to work on /home/airflow/.local/lib/python3.7/site-packages/airflow/example_dags/tutorial_dag.py
[2023-07-07T12:11:10.151+0000] {processor.py:756} INFO - Processing file /home/airflow/.local/lib/python3.7/site-packages/airflow/example_dags/tutorial_dag.py for tasks to queue
[2023-07-07T12:11:10.151+0000] {logging_mixin.py:120} INFO - [2023-07-07T12:11:10.151+0000] {dagbag.py:537} INFO - Filling up the DagBag from /home/airflow/.local/lib/python3.7/site-packages/airflow/example_dags/tutorial_dag.py
[2023-07-07T12:11:10.159+0000] {processor.py:766} INFO - DAG(s) dict_keys(['tutorial_dag']) retrieved from /home/airflow/.local/lib/python3.7/site-packages/airflow/example_dags/tutorial_dag.py
[2023-07-07T12:11:10.184+0000] {logging_mixin.py:120} INFO - [2023-07-07T12:11:10.184+0000] {dag.py:2585} INFO - Sync 1 DAGs
[2023-07-07T12:11:10.200+0000] {logging_mixin.py:120} INFO - [2023-07-07T12:11:10.200+0000] {dag.py:3340} INFO - Setting next_dagrun for tutorial_dag to None, run_after=None
[2023-07-07T12:11:10.212+0000] {processor.py:176} INFO - Processing /home/airflow/.local/lib/python3.7/site-packages/airflow/example_dags/tutorial_dag.py took 0.064 seconds
[2023-07-07T12:11:40.469+0000] {processor.py:154} INFO - Started process (PID=1211) to work on /home/airflow/.local/lib/python3.7/site-packages/airflow/example_dags/tutorial_dag.py
[2023-07-07T12:11:40.469+0000] {processor.py:756} INFO - Processing file /home/airflow/.local/lib/python3.7/site-packages/airflow/example_dags/tutorial_dag.py for tasks to queue
[2023-07-07T12:11:40.470+0000] {logging_mixin.py:120} INFO - [2023-07-07T12:11:40.470+0000] {dagbag.py:537} INFO - Filling up the DagBag from /home/airflow/.local/lib/python3.7/site-packages/airflow/example_dags/tutorial_dag.py
[2023-07-07T12:11:40.478+0000] {processor.py:766} INFO - DAG(s) dict_keys(['tutorial_dag']) retrieved from /home/airflow/.local/lib/python3.7/site-packages/airflow/example_dags/tutorial_dag.py
[2023-07-07T12:11:40.503+0000] {logging_mixin.py:120} INFO - [2023-07-07T12:11:40.503+0000] {dag.py:2585} INFO - Sync 1 DAGs
[2023-07-07T12:11:40.518+0000] {logging_mixin.py:120} INFO - [2023-07-07T12:11:40.518+0000] {dag.py:3340} INFO - Setting next_dagrun for tutorial_dag to None, run_after=None
[2023-07-07T12:11:40.529+0000] {processor.py:176} INFO - Processing /home/airflow/.local/lib/python3.7/site-packages/airflow/example_dags/tutorial_dag.py took 0.062 seconds
[2023-07-07T12:12:10.726+0000] {processor.py:154} INFO - Started process (PID=1279) to work on /home/airflow/.local/lib/python3.7/site-packages/airflow/example_dags/tutorial_dag.py
[2023-07-07T12:12:10.726+0000] {processor.py:756} INFO - Processing file /home/airflow/.local/lib/python3.7/site-packages/airflow/example_dags/tutorial_dag.py for tasks to queue
[2023-07-07T12:12:10.726+0000] {logging_mixin.py:120} INFO - [2023-07-07T12:12:10.726+0000] {dagbag.py:537} INFO - Filling up the DagBag from /home/airflow/.local/lib/python3.7/site-packages/airflow/example_dags/tutorial_dag.py
[2023-07-07T12:12:10.734+0000] {processor.py:766} INFO - DAG(s) dict_keys(['tutorial_dag']) retrieved from /home/airflow/.local/lib/python3.7/site-packages/airflow/example_dags/tutorial_dag.py
[2023-07-07T12:12:10.761+0000] {logging_mixin.py:120} INFO - [2023-07-07T12:12:10.761+0000] {dag.py:2585} INFO - Sync 1 DAGs
[2023-07-07T12:12:10.779+0000] {logging_mixin.py:120} INFO - [2023-07-07T12:12:10.778+0000] {dag.py:3340} INFO - Setting next_dagrun for tutorial_dag to None, run_after=None
[2023-07-07T12:12:10.792+0000] {processor.py:176} INFO - Processing /home/airflow/.local/lib/python3.7/site-packages/airflow/example_dags/tutorial_dag.py took 0.068 seconds
[2023-07-07T12:12:40.898+0000] {processor.py:154} INFO - Started process (PID=1346) to work on /home/airflow/.local/lib/python3.7/site-packages/airflow/example_dags/tutorial_dag.py
[2023-07-07T12:12:40.899+0000] {processor.py:756} INFO - Processing file /home/airflow/.local/lib/python3.7/site-packages/airflow/example_dags/tutorial_dag.py for tasks to queue
[2023-07-07T12:12:40.899+0000] {logging_mixin.py:120} INFO - [2023-07-07T12:12:40.899+0000] {dagbag.py:537} INFO - Filling up the DagBag from /home/airflow/.local/lib/python3.7/site-packages/airflow/example_dags/tutorial_dag.py
[2023-07-07T12:12:40.909+0000] {processor.py:766} INFO - DAG(s) dict_keys(['tutorial_dag']) retrieved from /home/airflow/.local/lib/python3.7/site-packages/airflow/example_dags/tutorial_dag.py
[2023-07-07T12:12:40.935+0000] {logging_mixin.py:120} INFO - [2023-07-07T12:12:40.935+0000] {dag.py:2585} INFO - Sync 1 DAGs
[2023-07-07T12:12:40.953+0000] {logging_mixin.py:120} INFO - [2023-07-07T12:12:40.953+0000] {dag.py:3340} INFO - Setting next_dagrun for tutorial_dag to None, run_after=None
[2023-07-07T12:12:40.966+0000] {processor.py:176} INFO - Processing /home/airflow/.local/lib/python3.7/site-packages/airflow/example_dags/tutorial_dag.py took 0.069 seconds
[2023-07-07T12:13:11.206+0000] {processor.py:154} INFO - Started process (PID=1404) to work on /home/airflow/.local/lib/python3.7/site-packages/airflow/example_dags/tutorial_dag.py
[2023-07-07T12:13:11.207+0000] {processor.py:756} INFO - Processing file /home/airflow/.local/lib/python3.7/site-packages/airflow/example_dags/tutorial_dag.py for tasks to queue
[2023-07-07T12:13:11.208+0000] {logging_mixin.py:120} INFO - [2023-07-07T12:13:11.208+0000] {dagbag.py:537} INFO - Filling up the DagBag from /home/airflow/.local/lib/python3.7/site-packages/airflow/example_dags/tutorial_dag.py
[2023-07-07T12:13:11.215+0000] {processor.py:766} INFO - DAG(s) dict_keys(['tutorial_dag']) retrieved from /home/airflow/.local/lib/python3.7/site-packages/airflow/example_dags/tutorial_dag.py
[2023-07-07T12:13:11.239+0000] {logging_mixin.py:120} INFO - [2023-07-07T12:13:11.239+0000] {dag.py:2585} INFO - Sync 1 DAGs
[2023-07-07T12:13:11.255+0000] {logging_mixin.py:120} INFO - [2023-07-07T12:13:11.255+0000] {dag.py:3340} INFO - Setting next_dagrun for tutorial_dag to None, run_after=None
[2023-07-07T12:13:11.267+0000] {processor.py:176} INFO - Processing /home/airflow/.local/lib/python3.7/site-packages/airflow/example_dags/tutorial_dag.py took 0.062 seconds
[2023-07-07T12:13:41.301+0000] {processor.py:154} INFO - Started process (PID=1472) to work on /home/airflow/.local/lib/python3.7/site-packages/airflow/example_dags/tutorial_dag.py
[2023-07-07T12:13:41.302+0000] {processor.py:756} INFO - Processing file /home/airflow/.local/lib/python3.7/site-packages/airflow/example_dags/tutorial_dag.py for tasks to queue
[2023-07-07T12:13:41.302+0000] {logging_mixin.py:120} INFO - [2023-07-07T12:13:41.302+0000] {dagbag.py:537} INFO - Filling up the DagBag from /home/airflow/.local/lib/python3.7/site-packages/airflow/example_dags/tutorial_dag.py
[2023-07-07T12:13:41.310+0000] {processor.py:766} INFO - DAG(s) dict_keys(['tutorial_dag']) retrieved from /home/airflow/.local/lib/python3.7/site-packages/airflow/example_dags/tutorial_dag.py
[2023-07-07T12:13:41.335+0000] {logging_mixin.py:120} INFO - [2023-07-07T12:13:41.335+0000] {dag.py:2585} INFO - Sync 1 DAGs
[2023-07-07T12:13:41.350+0000] {logging_mixin.py:120} INFO - [2023-07-07T12:13:41.350+0000] {dag.py:3340} INFO - Setting next_dagrun for tutorial_dag to None, run_after=None
[2023-07-07T12:13:41.362+0000] {processor.py:176} INFO - Processing /home/airflow/.local/lib/python3.7/site-packages/airflow/example_dags/tutorial_dag.py took 0.063 seconds
[2023-07-07T12:14:11.524+0000] {processor.py:154} INFO - Started process (PID=1539) to work on /home/airflow/.local/lib/python3.7/site-packages/airflow/example_dags/tutorial_dag.py
[2023-07-07T12:14:11.525+0000] {processor.py:756} INFO - Processing file /home/airflow/.local/lib/python3.7/site-packages/airflow/example_dags/tutorial_dag.py for tasks to queue
[2023-07-07T12:14:11.525+0000] {logging_mixin.py:120} INFO - [2023-07-07T12:14:11.525+0000] {dagbag.py:537} INFO - Filling up the DagBag from /home/airflow/.local/lib/python3.7/site-packages/airflow/example_dags/tutorial_dag.py
[2023-07-07T12:14:11.532+0000] {processor.py:766} INFO - DAG(s) dict_keys(['tutorial_dag']) retrieved from /home/airflow/.local/lib/python3.7/site-packages/airflow/example_dags/tutorial_dag.py
[2023-07-07T12:14:11.555+0000] {logging_mixin.py:120} INFO - [2023-07-07T12:14:11.555+0000] {dag.py:2585} INFO - Sync 1 DAGs
[2023-07-07T12:14:11.568+0000] {logging_mixin.py:120} INFO - [2023-07-07T12:14:11.568+0000] {dag.py:3340} INFO - Setting next_dagrun for tutorial_dag to None, run_after=None
[2023-07-07T12:14:11.578+0000] {processor.py:176} INFO - Processing /home/airflow/.local/lib/python3.7/site-packages/airflow/example_dags/tutorial_dag.py took 0.056 seconds
[2023-07-07T12:14:41.645+0000] {processor.py:154} INFO - Started process (PID=1606) to work on /home/airflow/.local/lib/python3.7/site-packages/airflow/example_dags/tutorial_dag.py
[2023-07-07T12:14:41.646+0000] {processor.py:756} INFO - Processing file /home/airflow/.local/lib/python3.7/site-packages/airflow/example_dags/tutorial_dag.py for tasks to queue
[2023-07-07T12:14:41.646+0000] {logging_mixin.py:120} INFO - [2023-07-07T12:14:41.646+0000] {dagbag.py:537} INFO - Filling up the DagBag from /home/airflow/.local/lib/python3.7/site-packages/airflow/example_dags/tutorial_dag.py
[2023-07-07T12:14:41.654+0000] {processor.py:766} INFO - DAG(s) dict_keys(['tutorial_dag']) retrieved from /home/airflow/.local/lib/python3.7/site-packages/airflow/example_dags/tutorial_dag.py
[2023-07-07T12:14:41.679+0000] {logging_mixin.py:120} INFO - [2023-07-07T12:14:41.679+0000] {dag.py:2585} INFO - Sync 1 DAGs
[2023-07-07T12:14:41.697+0000] {logging_mixin.py:120} INFO - [2023-07-07T12:14:41.697+0000] {dag.py:3340} INFO - Setting next_dagrun for tutorial_dag to None, run_after=None
[2023-07-07T12:14:41.708+0000] {processor.py:176} INFO - Processing /home/airflow/.local/lib/python3.7/site-packages/airflow/example_dags/tutorial_dag.py took 0.064 seconds
[2023-07-07T12:15:11.779+0000] {processor.py:154} INFO - Started process (PID=1664) to work on /home/airflow/.local/lib/python3.7/site-packages/airflow/example_dags/tutorial_dag.py
[2023-07-07T12:15:11.780+0000] {processor.py:756} INFO - Processing file /home/airflow/.local/lib/python3.7/site-packages/airflow/example_dags/tutorial_dag.py for tasks to queue
[2023-07-07T12:15:11.780+0000] {logging_mixin.py:120} INFO - [2023-07-07T12:15:11.780+0000] {dagbag.py:537} INFO - Filling up the DagBag from /home/airflow/.local/lib/python3.7/site-packages/airflow/example_dags/tutorial_dag.py
[2023-07-07T12:15:11.789+0000] {processor.py:766} INFO - DAG(s) dict_keys(['tutorial_dag']) retrieved from /home/airflow/.local/lib/python3.7/site-packages/airflow/example_dags/tutorial_dag.py
[2023-07-07T12:15:11.813+0000] {logging_mixin.py:120} INFO - [2023-07-07T12:15:11.813+0000] {dag.py:2585} INFO - Sync 1 DAGs
[2023-07-07T12:15:11.830+0000] {logging_mixin.py:120} INFO - [2023-07-07T12:15:11.830+0000] {dag.py:3340} INFO - Setting next_dagrun for tutorial_dag to None, run_after=None
[2023-07-07T12:15:11.842+0000] {processor.py:176} INFO - Processing /home/airflow/.local/lib/python3.7/site-packages/airflow/example_dags/tutorial_dag.py took 0.065 seconds
[2023-07-07T12:15:42.041+0000] {processor.py:154} INFO - Started process (PID=1731) to work on /home/airflow/.local/lib/python3.7/site-packages/airflow/example_dags/tutorial_dag.py
[2023-07-07T12:15:42.041+0000] {processor.py:756} INFO - Processing file /home/airflow/.local/lib/python3.7/site-packages/airflow/example_dags/tutorial_dag.py for tasks to queue
[2023-07-07T12:15:42.042+0000] {logging_mixin.py:120} INFO - [2023-07-07T12:15:42.041+0000] {dagbag.py:537} INFO - Filling up the DagBag from /home/airflow/.local/lib/python3.7/site-packages/airflow/example_dags/tutorial_dag.py
[2023-07-07T12:15:42.049+0000] {processor.py:766} INFO - DAG(s) dict_keys(['tutorial_dag']) retrieved from /home/airflow/.local/lib/python3.7/site-packages/airflow/example_dags/tutorial_dag.py
[2023-07-07T12:15:42.073+0000] {logging_mixin.py:120} INFO - [2023-07-07T12:15:42.073+0000] {dag.py:2585} INFO - Sync 1 DAGs
[2023-07-07T12:15:42.088+0000] {logging_mixin.py:120} INFO - [2023-07-07T12:15:42.088+0000] {dag.py:3340} INFO - Setting next_dagrun for tutorial_dag to None, run_after=None
[2023-07-07T12:15:42.099+0000] {processor.py:176} INFO - Processing /home/airflow/.local/lib/python3.7/site-packages/airflow/example_dags/tutorial_dag.py took 0.059 seconds
[2023-07-07T12:16:12.427+0000] {processor.py:154} INFO - Started process (PID=1799) to work on /home/airflow/.local/lib/python3.7/site-packages/airflow/example_dags/tutorial_dag.py
[2023-07-07T12:16:12.428+0000] {processor.py:756} INFO - Processing file /home/airflow/.local/lib/python3.7/site-packages/airflow/example_dags/tutorial_dag.py for tasks to queue
[2023-07-07T12:16:12.429+0000] {logging_mixin.py:120} INFO - [2023-07-07T12:16:12.428+0000] {dagbag.py:537} INFO - Filling up the DagBag from /home/airflow/.local/lib/python3.7/site-packages/airflow/example_dags/tutorial_dag.py
[2023-07-07T12:16:12.436+0000] {processor.py:766} INFO - DAG(s) dict_keys(['tutorial_dag']) retrieved from /home/airflow/.local/lib/python3.7/site-packages/airflow/example_dags/tutorial_dag.py
[2023-07-07T12:16:12.458+0000] {logging_mixin.py:120} INFO - [2023-07-07T12:16:12.458+0000] {dag.py:2585} INFO - Sync 1 DAGs
[2023-07-07T12:16:12.472+0000] {logging_mixin.py:120} INFO - [2023-07-07T12:16:12.472+0000] {dag.py:3340} INFO - Setting next_dagrun for tutorial_dag to None, run_after=None
[2023-07-07T12:16:12.483+0000] {processor.py:176} INFO - Processing /home/airflow/.local/lib/python3.7/site-packages/airflow/example_dags/tutorial_dag.py took 0.057 seconds
[2023-07-07T12:16:42.655+0000] {processor.py:154} INFO - Started process (PID=1867) to work on /home/airflow/.local/lib/python3.7/site-packages/airflow/example_dags/tutorial_dag.py
[2023-07-07T12:16:42.656+0000] {processor.py:756} INFO - Processing file /home/airflow/.local/lib/python3.7/site-packages/airflow/example_dags/tutorial_dag.py for tasks to queue
[2023-07-07T12:16:42.657+0000] {logging_mixin.py:120} INFO - [2023-07-07T12:16:42.656+0000] {dagbag.py:537} INFO - Filling up the DagBag from /home/airflow/.local/lib/python3.7/site-packages/airflow/example_dags/tutorial_dag.py
[2023-07-07T12:16:42.665+0000] {processor.py:766} INFO - DAG(s) dict_keys(['tutorial_dag']) retrieved from /home/airflow/.local/lib/python3.7/site-packages/airflow/example_dags/tutorial_dag.py
[2023-07-07T12:16:42.690+0000] {logging_mixin.py:120} INFO - [2023-07-07T12:16:42.689+0000] {dag.py:2585} INFO - Sync 1 DAGs
[2023-07-07T12:16:42.707+0000] {logging_mixin.py:120} INFO - [2023-07-07T12:16:42.707+0000] {dag.py:3340} INFO - Setting next_dagrun for tutorial_dag to None, run_after=None
[2023-07-07T12:16:42.721+0000] {processor.py:176} INFO - Processing /home/airflow/.local/lib/python3.7/site-packages/airflow/example_dags/tutorial_dag.py took 0.068 seconds
[2023-07-07T12:17:12.998+0000] {processor.py:154} INFO - Started process (PID=1925) to work on /home/airflow/.local/lib/python3.7/site-packages/airflow/example_dags/tutorial_dag.py
[2023-07-07T12:17:12.998+0000] {processor.py:756} INFO - Processing file /home/airflow/.local/lib/python3.7/site-packages/airflow/example_dags/tutorial_dag.py for tasks to queue
[2023-07-07T12:17:12.998+0000] {logging_mixin.py:120} INFO - [2023-07-07T12:17:12.998+0000] {dagbag.py:537} INFO - Filling up the DagBag from /home/airflow/.local/lib/python3.7/site-packages/airflow/example_dags/tutorial_dag.py
[2023-07-07T12:17:13.009+0000] {processor.py:766} INFO - DAG(s) dict_keys(['tutorial_dag']) retrieved from /home/airflow/.local/lib/python3.7/site-packages/airflow/example_dags/tutorial_dag.py
[2023-07-07T12:17:13.036+0000] {logging_mixin.py:120} INFO - [2023-07-07T12:17:13.036+0000] {dag.py:2585} INFO - Sync 1 DAGs
[2023-07-07T12:17:13.054+0000] {logging_mixin.py:120} INFO - [2023-07-07T12:17:13.054+0000] {dag.py:3340} INFO - Setting next_dagrun for tutorial_dag to None, run_after=None
[2023-07-07T12:17:13.066+0000] {processor.py:176} INFO - Processing /home/airflow/.local/lib/python3.7/site-packages/airflow/example_dags/tutorial_dag.py took 0.070 seconds
[2023-07-07T12:17:43.379+0000] {processor.py:154} INFO - Started process (PID=1991) to work on /home/airflow/.local/lib/python3.7/site-packages/airflow/example_dags/tutorial_dag.py
[2023-07-07T12:17:43.380+0000] {processor.py:756} INFO - Processing file /home/airflow/.local/lib/python3.7/site-packages/airflow/example_dags/tutorial_dag.py for tasks to queue
[2023-07-07T12:17:43.380+0000] {logging_mixin.py:120} INFO - [2023-07-07T12:17:43.380+0000] {dagbag.py:537} INFO - Filling up the DagBag from /home/airflow/.local/lib/python3.7/site-packages/airflow/example_dags/tutorial_dag.py
[2023-07-07T12:17:43.387+0000] {processor.py:766} INFO - DAG(s) dict_keys(['tutorial_dag']) retrieved from /home/airflow/.local/lib/python3.7/site-packages/airflow/example_dags/tutorial_dag.py
[2023-07-07T12:17:43.411+0000] {logging_mixin.py:120} INFO - [2023-07-07T12:17:43.411+0000] {dag.py:2585} INFO - Sync 1 DAGs
[2023-07-07T12:17:43.427+0000] {logging_mixin.py:120} INFO - [2023-07-07T12:17:43.427+0000] {dag.py:3340} INFO - Setting next_dagrun for tutorial_dag to None, run_after=None
[2023-07-07T12:17:43.438+0000] {processor.py:176} INFO - Processing /home/airflow/.local/lib/python3.7/site-packages/airflow/example_dags/tutorial_dag.py took 0.061 seconds
[2023-07-07T12:18:13.616+0000] {processor.py:154} INFO - Started process (PID=2058) to work on /home/airflow/.local/lib/python3.7/site-packages/airflow/example_dags/tutorial_dag.py
[2023-07-07T12:18:13.617+0000] {processor.py:756} INFO - Processing file /home/airflow/.local/lib/python3.7/site-packages/airflow/example_dags/tutorial_dag.py for tasks to queue
[2023-07-07T12:18:13.617+0000] {logging_mixin.py:120} INFO - [2023-07-07T12:18:13.617+0000] {dagbag.py:537} INFO - Filling up the DagBag from /home/airflow/.local/lib/python3.7/site-packages/airflow/example_dags/tutorial_dag.py
[2023-07-07T12:18:13.625+0000] {processor.py:766} INFO - DAG(s) dict_keys(['tutorial_dag']) retrieved from /home/airflow/.local/lib/python3.7/site-packages/airflow/example_dags/tutorial_dag.py
[2023-07-07T12:18:13.649+0000] {logging_mixin.py:120} INFO - [2023-07-07T12:18:13.649+0000] {dag.py:2585} INFO - Sync 1 DAGs
[2023-07-07T12:18:13.664+0000] {logging_mixin.py:120} INFO - [2023-07-07T12:18:13.664+0000] {dag.py:3340} INFO - Setting next_dagrun for tutorial_dag to None, run_after=None
[2023-07-07T12:18:13.676+0000] {processor.py:176} INFO - Processing /home/airflow/.local/lib/python3.7/site-packages/airflow/example_dags/tutorial_dag.py took 0.063 seconds
[2023-07-07T12:18:43.833+0000] {processor.py:154} INFO - Started process (PID=2126) to work on /home/airflow/.local/lib/python3.7/site-packages/airflow/example_dags/tutorial_dag.py
[2023-07-07T12:18:43.834+0000] {processor.py:756} INFO - Processing file /home/airflow/.local/lib/python3.7/site-packages/airflow/example_dags/tutorial_dag.py for tasks to queue
[2023-07-07T12:18:43.834+0000] {logging_mixin.py:120} INFO - [2023-07-07T12:18:43.834+0000] {dagbag.py:537} INFO - Filling up the DagBag from /home/airflow/.local/lib/python3.7/site-packages/airflow/example_dags/tutorial_dag.py
[2023-07-07T12:18:43.841+0000] {processor.py:766} INFO - DAG(s) dict_keys(['tutorial_dag']) retrieved from /home/airflow/.local/lib/python3.7/site-packages/airflow/example_dags/tutorial_dag.py
[2023-07-07T12:18:43.864+0000] {logging_mixin.py:120} INFO - [2023-07-07T12:18:43.864+0000] {dag.py:2585} INFO - Sync 1 DAGs
[2023-07-07T12:18:43.879+0000] {logging_mixin.py:120} INFO - [2023-07-07T12:18:43.879+0000] {dag.py:3340} INFO - Setting next_dagrun for tutorial_dag to None, run_after=None
[2023-07-07T12:18:43.890+0000] {processor.py:176} INFO - Processing /home/airflow/.local/lib/python3.7/site-packages/airflow/example_dags/tutorial_dag.py took 0.059 seconds
[2023-07-07T12:19:14.142+0000] {processor.py:154} INFO - Started process (PID=2193) to work on /home/airflow/.local/lib/python3.7/site-packages/airflow/example_dags/tutorial_dag.py
[2023-07-07T12:19:14.143+0000] {processor.py:756} INFO - Processing file /home/airflow/.local/lib/python3.7/site-packages/airflow/example_dags/tutorial_dag.py for tasks to queue
[2023-07-07T12:19:14.143+0000] {logging_mixin.py:120} INFO - [2023-07-07T12:19:14.143+0000] {dagbag.py:537} INFO - Filling up the DagBag from /home/airflow/.local/lib/python3.7/site-packages/airflow/example_dags/tutorial_dag.py
[2023-07-07T12:19:14.150+0000] {processor.py:766} INFO - DAG(s) dict_keys(['tutorial_dag']) retrieved from /home/airflow/.local/lib/python3.7/site-packages/airflow/example_dags/tutorial_dag.py
[2023-07-07T12:19:14.173+0000] {logging_mixin.py:120} INFO - [2023-07-07T12:19:14.173+0000] {dag.py:2585} INFO - Sync 1 DAGs
[2023-07-07T12:19:14.187+0000] {logging_mixin.py:120} INFO - [2023-07-07T12:19:14.187+0000] {dag.py:3340} INFO - Setting next_dagrun for tutorial_dag to None, run_after=None
[2023-07-07T12:19:14.199+0000] {processor.py:176} INFO - Processing /home/airflow/.local/lib/python3.7/site-packages/airflow/example_dags/tutorial_dag.py took 0.059 seconds
[2023-07-07T12:19:44.394+0000] {processor.py:154} INFO - Started process (PID=2251) to work on /home/airflow/.local/lib/python3.7/site-packages/airflow/example_dags/tutorial_dag.py
[2023-07-07T12:19:44.395+0000] {processor.py:756} INFO - Processing file /home/airflow/.local/lib/python3.7/site-packages/airflow/example_dags/tutorial_dag.py for tasks to queue
[2023-07-07T12:19:44.396+0000] {logging_mixin.py:120} INFO - [2023-07-07T12:19:44.395+0000] {dagbag.py:537} INFO - Filling up the DagBag from /home/airflow/.local/lib/python3.7/site-packages/airflow/example_dags/tutorial_dag.py
[2023-07-07T12:19:44.403+0000] {processor.py:766} INFO - DAG(s) dict_keys(['tutorial_dag']) retrieved from /home/airflow/.local/lib/python3.7/site-packages/airflow/example_dags/tutorial_dag.py
[2023-07-07T12:19:44.428+0000] {logging_mixin.py:120} INFO - [2023-07-07T12:19:44.428+0000] {dag.py:2585} INFO - Sync 1 DAGs
[2023-07-07T12:19:44.443+0000] {logging_mixin.py:120} INFO - [2023-07-07T12:19:44.443+0000] {dag.py:3340} INFO - Setting next_dagrun for tutorial_dag to None, run_after=None
[2023-07-07T12:19:44.456+0000] {processor.py:176} INFO - Processing /home/airflow/.local/lib/python3.7/site-packages/airflow/example_dags/tutorial_dag.py took 0.063 seconds
[2023-07-07T12:20:14.654+0000] {processor.py:154} INFO - Started process (PID=2319) to work on /home/airflow/.local/lib/python3.7/site-packages/airflow/example_dags/tutorial_dag.py
[2023-07-07T12:20:14.655+0000] {processor.py:756} INFO - Processing file /home/airflow/.local/lib/python3.7/site-packages/airflow/example_dags/tutorial_dag.py for tasks to queue
[2023-07-07T12:20:14.656+0000] {logging_mixin.py:120} INFO - [2023-07-07T12:20:14.656+0000] {dagbag.py:537} INFO - Filling up the DagBag from /home/airflow/.local/lib/python3.7/site-packages/airflow/example_dags/tutorial_dag.py
[2023-07-07T12:20:14.663+0000] {processor.py:766} INFO - DAG(s) dict_keys(['tutorial_dag']) retrieved from /home/airflow/.local/lib/python3.7/site-packages/airflow/example_dags/tutorial_dag.py
[2023-07-07T12:20:14.685+0000] {logging_mixin.py:120} INFO - [2023-07-07T12:20:14.685+0000] {dag.py:2585} INFO - Sync 1 DAGs
[2023-07-07T12:20:14.700+0000] {logging_mixin.py:120} INFO - [2023-07-07T12:20:14.700+0000] {dag.py:3340} INFO - Setting next_dagrun for tutorial_dag to None, run_after=None
[2023-07-07T12:20:14.710+0000] {processor.py:176} INFO - Processing /home/airflow/.local/lib/python3.7/site-packages/airflow/example_dags/tutorial_dag.py took 0.057 seconds
[2023-07-07T12:20:44.787+0000] {processor.py:154} INFO - Started process (PID=2386) to work on /home/airflow/.local/lib/python3.7/site-packages/airflow/example_dags/tutorial_dag.py
[2023-07-07T12:20:44.788+0000] {processor.py:756} INFO - Processing file /home/airflow/.local/lib/python3.7/site-packages/airflow/example_dags/tutorial_dag.py for tasks to queue
[2023-07-07T12:20:44.788+0000] {logging_mixin.py:120} INFO - [2023-07-07T12:20:44.788+0000] {dagbag.py:537} INFO - Filling up the DagBag from /home/airflow/.local/lib/python3.7/site-packages/airflow/example_dags/tutorial_dag.py
[2023-07-07T12:20:44.796+0000] {processor.py:766} INFO - DAG(s) dict_keys(['tutorial_dag']) retrieved from /home/airflow/.local/lib/python3.7/site-packages/airflow/example_dags/tutorial_dag.py
[2023-07-07T12:20:44.821+0000] {logging_mixin.py:120} INFO - [2023-07-07T12:20:44.821+0000] {dag.py:2585} INFO - Sync 1 DAGs
[2023-07-07T12:20:44.838+0000] {logging_mixin.py:120} INFO - [2023-07-07T12:20:44.838+0000] {dag.py:3340} INFO - Setting next_dagrun for tutorial_dag to None, run_after=None
[2023-07-07T12:20:44.850+0000] {processor.py:176} INFO - Processing /home/airflow/.local/lib/python3.7/site-packages/airflow/example_dags/tutorial_dag.py took 0.064 seconds
[2023-07-07T12:21:15.078+0000] {processor.py:154} INFO - Started process (PID=2453) to work on /home/airflow/.local/lib/python3.7/site-packages/airflow/example_dags/tutorial_dag.py
[2023-07-07T12:21:15.079+0000] {processor.py:756} INFO - Processing file /home/airflow/.local/lib/python3.7/site-packages/airflow/example_dags/tutorial_dag.py for tasks to queue
[2023-07-07T12:21:15.079+0000] {logging_mixin.py:120} INFO - [2023-07-07T12:21:15.079+0000] {dagbag.py:537} INFO - Filling up the DagBag from /home/airflow/.local/lib/python3.7/site-packages/airflow/example_dags/tutorial_dag.py
[2023-07-07T12:21:15.087+0000] {processor.py:766} INFO - DAG(s) dict_keys(['tutorial_dag']) retrieved from /home/airflow/.local/lib/python3.7/site-packages/airflow/example_dags/tutorial_dag.py
[2023-07-07T12:21:15.111+0000] {logging_mixin.py:120} INFO - [2023-07-07T12:21:15.111+0000] {dag.py:2585} INFO - Sync 1 DAGs
[2023-07-07T12:21:15.124+0000] {logging_mixin.py:120} INFO - [2023-07-07T12:21:15.124+0000] {dag.py:3340} INFO - Setting next_dagrun for tutorial_dag to None, run_after=None
[2023-07-07T12:21:15.135+0000] {processor.py:176} INFO - Processing /home/airflow/.local/lib/python3.7/site-packages/airflow/example_dags/tutorial_dag.py took 0.058 seconds
[2023-07-07T12:21:58.119+0000] {processor.py:154} INFO - Started process (PID=40) to work on /home/airflow/.local/lib/python3.7/site-packages/airflow/example_dags/tutorial_dag.py
[2023-07-07T12:21:58.120+0000] {processor.py:756} INFO - Processing file /home/airflow/.local/lib/python3.7/site-packages/airflow/example_dags/tutorial_dag.py for tasks to queue
[2023-07-07T12:21:58.120+0000] {logging_mixin.py:120} INFO - [2023-07-07T12:21:58.120+0000] {dagbag.py:537} INFO - Filling up the DagBag from /home/airflow/.local/lib/python3.7/site-packages/airflow/example_dags/tutorial_dag.py
[2023-07-07T12:21:58.130+0000] {processor.py:766} INFO - DAG(s) dict_keys(['tutorial_dag']) retrieved from /home/airflow/.local/lib/python3.7/site-packages/airflow/example_dags/tutorial_dag.py
[2023-07-07T12:21:58.149+0000] {logging_mixin.py:120} INFO - [2023-07-07T12:21:58.149+0000] {dag.py:2585} INFO - Sync 1 DAGs
[2023-07-07T12:21:58.169+0000] {logging_mixin.py:120} INFO - [2023-07-07T12:21:58.169+0000] {dag.py:3340} INFO - Setting next_dagrun for tutorial_dag to None, run_after=None
[2023-07-07T12:21:58.187+0000] {processor.py:176} INFO - Processing /home/airflow/.local/lib/python3.7/site-packages/airflow/example_dags/tutorial_dag.py took 0.070 seconds
[2023-07-07T12:22:28.751+0000] {processor.py:154} INFO - Started process (PID=106) to work on /home/airflow/.local/lib/python3.7/site-packages/airflow/example_dags/tutorial_dag.py
[2023-07-07T12:22:28.752+0000] {processor.py:756} INFO - Processing file /home/airflow/.local/lib/python3.7/site-packages/airflow/example_dags/tutorial_dag.py for tasks to queue
[2023-07-07T12:22:28.752+0000] {logging_mixin.py:120} INFO - [2023-07-07T12:22:28.752+0000] {dagbag.py:537} INFO - Filling up the DagBag from /home/airflow/.local/lib/python3.7/site-packages/airflow/example_dags/tutorial_dag.py
[2023-07-07T12:22:28.760+0000] {processor.py:766} INFO - DAG(s) dict_keys(['tutorial_dag']) retrieved from /home/airflow/.local/lib/python3.7/site-packages/airflow/example_dags/tutorial_dag.py
[2023-07-07T12:22:28.787+0000] {logging_mixin.py:120} INFO - [2023-07-07T12:22:28.786+0000] {dag.py:2585} INFO - Sync 1 DAGs
[2023-07-07T12:22:28.804+0000] {logging_mixin.py:120} INFO - [2023-07-07T12:22:28.803+0000] {dag.py:3340} INFO - Setting next_dagrun for tutorial_dag to None, run_after=None
[2023-07-07T12:22:28.815+0000] {processor.py:176} INFO - Processing /home/airflow/.local/lib/python3.7/site-packages/airflow/example_dags/tutorial_dag.py took 0.066 seconds
[2023-07-07T12:22:59.026+0000] {processor.py:154} INFO - Started process (PID=173) to work on /home/airflow/.local/lib/python3.7/site-packages/airflow/example_dags/tutorial_dag.py
[2023-07-07T12:22:59.027+0000] {processor.py:756} INFO - Processing file /home/airflow/.local/lib/python3.7/site-packages/airflow/example_dags/tutorial_dag.py for tasks to queue
[2023-07-07T12:22:59.028+0000] {logging_mixin.py:120} INFO - [2023-07-07T12:22:59.027+0000] {dagbag.py:537} INFO - Filling up the DagBag from /home/airflow/.local/lib/python3.7/site-packages/airflow/example_dags/tutorial_dag.py
[2023-07-07T12:22:59.035+0000] {processor.py:766} INFO - DAG(s) dict_keys(['tutorial_dag']) retrieved from /home/airflow/.local/lib/python3.7/site-packages/airflow/example_dags/tutorial_dag.py
[2023-07-07T12:22:59.060+0000] {logging_mixin.py:120} INFO - [2023-07-07T12:22:59.060+0000] {dag.py:2585} INFO - Sync 1 DAGs
[2023-07-07T12:22:59.075+0000] {logging_mixin.py:120} INFO - [2023-07-07T12:22:59.075+0000] {dag.py:3340} INFO - Setting next_dagrun for tutorial_dag to None, run_after=None
[2023-07-07T12:22:59.088+0000] {processor.py:176} INFO - Processing /home/airflow/.local/lib/python3.7/site-packages/airflow/example_dags/tutorial_dag.py took 0.063 seconds
[2023-07-07T12:23:29.365+0000] {processor.py:154} INFO - Started process (PID=239) to work on /home/airflow/.local/lib/python3.7/site-packages/airflow/example_dags/tutorial_dag.py
[2023-07-07T12:23:29.365+0000] {processor.py:756} INFO - Processing file /home/airflow/.local/lib/python3.7/site-packages/airflow/example_dags/tutorial_dag.py for tasks to queue
[2023-07-07T12:23:29.366+0000] {logging_mixin.py:120} INFO - [2023-07-07T12:23:29.366+0000] {dagbag.py:537} INFO - Filling up the DagBag from /home/airflow/.local/lib/python3.7/site-packages/airflow/example_dags/tutorial_dag.py
[2023-07-07T12:23:29.378+0000] {processor.py:766} INFO - DAG(s) dict_keys(['tutorial_dag']) retrieved from /home/airflow/.local/lib/python3.7/site-packages/airflow/example_dags/tutorial_dag.py
[2023-07-07T12:23:29.408+0000] {logging_mixin.py:120} INFO - [2023-07-07T12:23:29.408+0000] {dag.py:2585} INFO - Sync 1 DAGs
[2023-07-07T12:23:29.427+0000] {logging_mixin.py:120} INFO - [2023-07-07T12:23:29.427+0000] {dag.py:3340} INFO - Setting next_dagrun for tutorial_dag to None, run_after=None
[2023-07-07T12:23:29.439+0000] {processor.py:176} INFO - Processing /home/airflow/.local/lib/python3.7/site-packages/airflow/example_dags/tutorial_dag.py took 0.077 seconds
[2023-07-07T12:23:59.662+0000] {processor.py:154} INFO - Started process (PID=297) to work on /home/airflow/.local/lib/python3.7/site-packages/airflow/example_dags/tutorial_dag.py
[2023-07-07T12:23:59.663+0000] {processor.py:756} INFO - Processing file /home/airflow/.local/lib/python3.7/site-packages/airflow/example_dags/tutorial_dag.py for tasks to queue
[2023-07-07T12:23:59.663+0000] {logging_mixin.py:120} INFO - [2023-07-07T12:23:59.663+0000] {dagbag.py:537} INFO - Filling up the DagBag from /home/airflow/.local/lib/python3.7/site-packages/airflow/example_dags/tutorial_dag.py
[2023-07-07T12:23:59.670+0000] {processor.py:766} INFO - DAG(s) dict_keys(['tutorial_dag']) retrieved from /home/airflow/.local/lib/python3.7/site-packages/airflow/example_dags/tutorial_dag.py
[2023-07-07T12:23:59.696+0000] {logging_mixin.py:120} INFO - [2023-07-07T12:23:59.696+0000] {dag.py:2585} INFO - Sync 1 DAGs
[2023-07-07T12:23:59.711+0000] {logging_mixin.py:120} INFO - [2023-07-07T12:23:59.711+0000] {dag.py:3340} INFO - Setting next_dagrun for tutorial_dag to None, run_after=None
[2023-07-07T12:23:59.724+0000] {processor.py:176} INFO - Processing /home/airflow/.local/lib/python3.7/site-packages/airflow/example_dags/tutorial_dag.py took 0.064 seconds
[2023-07-07T12:24:30.205+0000] {processor.py:154} INFO - Started process (PID=364) to work on /home/airflow/.local/lib/python3.7/site-packages/airflow/example_dags/tutorial_dag.py
[2023-07-07T12:24:30.206+0000] {processor.py:756} INFO - Processing file /home/airflow/.local/lib/python3.7/site-packages/airflow/example_dags/tutorial_dag.py for tasks to queue
[2023-07-07T12:24:30.206+0000] {logging_mixin.py:120} INFO - [2023-07-07T12:24:30.206+0000] {dagbag.py:537} INFO - Filling up the DagBag from /home/airflow/.local/lib/python3.7/site-packages/airflow/example_dags/tutorial_dag.py
[2023-07-07T12:24:30.213+0000] {processor.py:766} INFO - DAG(s) dict_keys(['tutorial_dag']) retrieved from /home/airflow/.local/lib/python3.7/site-packages/airflow/example_dags/tutorial_dag.py
[2023-07-07T12:24:30.236+0000] {logging_mixin.py:120} INFO - [2023-07-07T12:24:30.236+0000] {dag.py:2585} INFO - Sync 1 DAGs
[2023-07-07T12:24:30.253+0000] {logging_mixin.py:120} INFO - [2023-07-07T12:24:30.253+0000] {dag.py:3340} INFO - Setting next_dagrun for tutorial_dag to None, run_after=None
[2023-07-07T12:24:30.263+0000] {processor.py:176} INFO - Processing /home/airflow/.local/lib/python3.7/site-packages/airflow/example_dags/tutorial_dag.py took 0.060 seconds
[2023-07-07T12:25:00.721+0000] {processor.py:154} INFO - Started process (PID=430) to work on /home/airflow/.local/lib/python3.7/site-packages/airflow/example_dags/tutorial_dag.py
[2023-07-07T12:25:00.722+0000] {processor.py:756} INFO - Processing file /home/airflow/.local/lib/python3.7/site-packages/airflow/example_dags/tutorial_dag.py for tasks to queue
[2023-07-07T12:25:00.722+0000] {logging_mixin.py:120} INFO - [2023-07-07T12:25:00.722+0000] {dagbag.py:537} INFO - Filling up the DagBag from /home/airflow/.local/lib/python3.7/site-packages/airflow/example_dags/tutorial_dag.py
[2023-07-07T12:25:00.729+0000] {processor.py:766} INFO - DAG(s) dict_keys(['tutorial_dag']) retrieved from /home/airflow/.local/lib/python3.7/site-packages/airflow/example_dags/tutorial_dag.py
[2023-07-07T12:25:00.754+0000] {logging_mixin.py:120} INFO - [2023-07-07T12:25:00.754+0000] {dag.py:2585} INFO - Sync 1 DAGs
[2023-07-07T12:25:00.770+0000] {logging_mixin.py:120} INFO - [2023-07-07T12:25:00.770+0000] {dag.py:3340} INFO - Setting next_dagrun for tutorial_dag to None, run_after=None
[2023-07-07T12:25:00.784+0000] {processor.py:176} INFO - Processing /home/airflow/.local/lib/python3.7/site-packages/airflow/example_dags/tutorial_dag.py took 0.064 seconds
