[0m09:08:36.055121 [debug] [MainThread]: Sending event: {'category': 'dbt', 'action': 'invocation', 'label': 'start', 'context': [<snowplow_tracker.self_describing_json.SelfDescribingJson object at 0x7fa7c058e5c0>, <snowplow_tracker.self_describing_json.SelfDescribingJson object at 0x7fa7c0ce4df0>, <snowplow_tracker.self_describing_json.SelfDescribingJson object at 0x7fa7c0ce4d90>]}


============================== 09:08:36.060666 | 20eefe86-330e-4a51-9fee-f7439be0b1f5 ==============================
[0m09:08:36.060666 [info ] [MainThread]: Running with dbt=1.7.5
[0m09:08:36.062059 [debug] [MainThread]: running dbt with arguments {'printer_width': '80', 'indirect_selection': 'eager', 'log_cache_events': 'False', 'write_json': 'True', 'partial_parse': 'True', 'cache_selected_only': 'False', 'warn_error': 'None', 'debug': 'False', 'fail_fast': 'False', 'log_path': 'logs', 'version_check': 'True', 'profiles_dir': '/home/pvieira/.dbt', 'use_colors': 'True', 'use_experimental_parser': 'False', 'no_print': 'None', 'quiet': 'False', 'log_format': 'default', 'introspect': 'True', 'invocation_command': 'dbt init', 'static_parser': 'True', 'target_path': 'None', 'warn_error_options': 'WarnErrorOptions(include=[], exclude=[])', 'send_anonymous_usage_stats': 'True'}
[0m09:08:36.062581 [warn ] [MainThread]: [ConfigFolderDirectory]: Unable to parse dict {'dir': PosixPath('/home/pvieira/.dbt')}
[0m09:08:36.062988 [info ] [MainThread]: Creating dbt configuration folder at 
[0m09:08:54.662825 [debug] [MainThread]: Starter project path: /home/pvieira/iw-dbt-airflow/my_env/lib/python3.10/site-packages/dbt/include/starter_project
[0m09:08:54.667449 [info ] [MainThread]: 
Your new dbt project "inno" was created!

For more information on how to configure the profiles.yml file,
please consult the dbt documentation here:

  https://docs.getdbt.com/docs/configure-your-profile

One more thing:

Need help? Don't hesitate to reach out to us via GitHub issues or on Slack:

  https://community.getdbt.com/

Happy modeling!

[0m09:08:54.668319 [info ] [MainThread]: Setting up your profile.
[0m09:14:30.168299 [info ] [MainThread]: Profile inno written to /home/pvieira/.dbt/profiles.yml using target's profile_template.yml and your supplied values. Run 'dbt debug' to validate the connection.
[0m09:14:30.170553 [debug] [MainThread]: Resource report: {"command_name": "init", "command_success": true, "command_wall_clock_time": 354.11783, "process_user_time": 2.653768, "process_kernel_time": 0.070632, "process_mem_max_rss": "102528", "process_in_blocks": "1176", "process_out_blocks": "88"}
[0m09:14:30.171254 [debug] [MainThread]: Command `dbt init` succeeded at 09:14:30.171092 after 354.12 seconds
[0m09:14:30.171654 [debug] [MainThread]: Sending event: {'category': 'dbt', 'action': 'invocation', 'label': 'end', 'context': [<snowplow_tracker.self_describing_json.SelfDescribingJson object at 0x7fa7c058e5c0>, <snowplow_tracker.self_describing_json.SelfDescribingJson object at 0x7fa7c2858d90>, <snowplow_tracker.self_describing_json.SelfDescribingJson object at 0x7fa7c0ce4df0>]}
[0m09:14:30.172098 [debug] [MainThread]: Flushing usage events
