[2023-07-08T12:13:54.470+0000] {taskinstance.py:1165} INFO - Dependencies all met for <TaskInstance: group_dag.transforms scheduled__2023-07-07T00:00:00+00:00 [queued]>
[2023-07-08T12:13:54.476+0000] {taskinstance.py:1165} INFO - Dependencies all met for <TaskInstance: group_dag.transforms scheduled__2023-07-07T00:00:00+00:00 [queued]>
[2023-07-08T12:13:54.476+0000] {taskinstance.py:1362} INFO - 
--------------------------------------------------------------------------------
[2023-07-08T12:13:54.476+0000] {taskinstance.py:1363} INFO - Starting attempt 1 of 1
[2023-07-08T12:13:54.476+0000] {taskinstance.py:1364} INFO - 
--------------------------------------------------------------------------------
[2023-07-08T12:13:54.485+0000] {taskinstance.py:1383} INFO - Executing <Task(SubDagOperator): transforms> on 2023-07-07 00:00:00+00:00
[2023-07-08T12:13:54.489+0000] {standard_task_runner.py:55} INFO - Started process 1072 to run task
[2023-07-08T12:13:54.491+0000] {standard_task_runner.py:82} INFO - Running: ['***', 'tasks', 'run', 'group_dag', 'transforms', 'scheduled__2023-07-07T00:00:00+00:00', '--job-id', '65', '--raw', '--subdir', 'DAGS_FOLDER/group_dag.py', '--cfg-path', '/tmp/tmpmx0vyxml']
[2023-07-08T12:13:54.491+0000] {standard_task_runner.py:83} INFO - Job 65: Subtask transforms
[2023-07-08T12:13:54.523+0000] {task_command.py:376} INFO - Running <TaskInstance: group_dag.transforms scheduled__2023-07-07T00:00:00+00:00 [running]> on host c727280cb8a1
[2023-07-08T12:13:54.562+0000] {taskinstance.py:1592} INFO - Exporting the following env vars:
AIRFLOW_CTX_DAG_OWNER=***
AIRFLOW_CTX_DAG_ID=group_dag
AIRFLOW_CTX_TASK_ID=transforms
AIRFLOW_CTX_EXECUTION_DATE=2023-07-07T00:00:00+00:00
AIRFLOW_CTX_TRY_NUMBER=1
AIRFLOW_CTX_DAG_RUN_ID=scheduled__2023-07-07T00:00:00+00:00
[2023-07-08T12:13:54.563+0000] {warnings.py:110} WARNING - /home/***/.local/lib/python3.7/site-packages/***/utils/context.py:204: AirflowContextDeprecationWarning: Accessing 'execution_date' from the template is deprecated and will be removed in a future version. Please use 'data_interval_start' or 'logical_date' instead.
  warnings.warn(_create_deprecation_warning(key, self._deprecation_replacements[key]))

[2023-07-08T12:13:54.578+0000] {subdag.py:171} INFO - Created DagRun: scheduled__2023-07-07T00:00:00+00:00
[2023-07-08T12:14:54.644+0000] {base.py:213} INFO - Success criteria met. Exiting.
[2023-07-08T12:14:54.649+0000] {subdag.py:186} INFO - Execution finished. State is success
[2023-07-08T12:14:54.657+0000] {taskinstance.py:1406} INFO - Marking task as SUCCESS. dag_id=group_dag, task_id=transforms, execution_date=20230707T000000, start_date=20230708T121354, end_date=20230708T121454
[2023-07-08T12:14:54.713+0000] {local_task_job.py:164} INFO - Task exited with return code 0
[2023-07-08T12:14:54.726+0000] {local_task_job.py:273} INFO - 0 downstream tasks scheduled from follow-on schedule check
