[2023-07-08T12:14:06.710+0000] {taskinstance.py:1165} INFO - Dependencies all met for <TaskInstance: group_dag.check_files manual__2023-07-08T12:13:04.152109+00:00 [queued]>
[2023-07-08T12:14:06.716+0000] {taskinstance.py:1165} INFO - Dependencies all met for <TaskInstance: group_dag.check_files manual__2023-07-08T12:13:04.152109+00:00 [queued]>
[2023-07-08T12:14:06.716+0000] {taskinstance.py:1362} INFO - 
--------------------------------------------------------------------------------
[2023-07-08T12:14:06.716+0000] {taskinstance.py:1363} INFO - Starting attempt 1 of 1
[2023-07-08T12:14:06.716+0000] {taskinstance.py:1364} INFO - 
--------------------------------------------------------------------------------
[2023-07-08T12:14:06.724+0000] {taskinstance.py:1383} INFO - Executing <Task(BashOperator): check_files> on 2023-07-08 12:13:04.152109+00:00
[2023-07-08T12:14:06.728+0000] {standard_task_runner.py:55} INFO - Started process 1092 to run task
[2023-07-08T12:14:06.730+0000] {standard_task_runner.py:82} INFO - Running: ['***', 'tasks', 'run', 'group_dag', 'check_files', 'manual__2023-07-08T12:13:04.152109+00:00', '--job-id', '69', '--raw', '--subdir', 'DAGS_FOLDER/group_dag.py', '--cfg-path', '/tmp/tmpbw70cpqg']
[2023-07-08T12:14:06.730+0000] {standard_task_runner.py:83} INFO - Job 69: Subtask check_files
[2023-07-08T12:14:06.764+0000] {task_command.py:376} INFO - Running <TaskInstance: group_dag.check_files manual__2023-07-08T12:13:04.152109+00:00 [running]> on host c727280cb8a1
[2023-07-08T12:14:06.807+0000] {taskinstance.py:1592} INFO - Exporting the following env vars:
AIRFLOW_CTX_DAG_OWNER=***
AIRFLOW_CTX_DAG_ID=group_dag
AIRFLOW_CTX_TASK_ID=check_files
AIRFLOW_CTX_EXECUTION_DATE=2023-07-08T12:13:04.152109+00:00
AIRFLOW_CTX_TRY_NUMBER=1
AIRFLOW_CTX_DAG_RUN_ID=manual__2023-07-08T12:13:04.152109+00:00
[2023-07-08T12:14:06.807+0000] {subprocess.py:63} INFO - Tmp dir root location: 
 /tmp
[2023-07-08T12:14:06.808+0000] {subprocess.py:75} INFO - Running command: ['/bin/bash', '-c', 'sleep 10']
[2023-07-08T12:14:06.815+0000] {subprocess.py:86} INFO - Output:
[2023-07-08T12:14:16.817+0000] {subprocess.py:97} INFO - Command exited with return code 0
[2023-07-08T12:14:16.851+0000] {taskinstance.py:1406} INFO - Marking task as SUCCESS. dag_id=group_dag, task_id=check_files, execution_date=20230708T121304, start_date=20230708T121406, end_date=20230708T121416
[2023-07-08T12:14:16.871+0000] {local_task_job.py:164} INFO - Task exited with return code 0
[2023-07-08T12:14:16.885+0000] {local_task_job.py:273} INFO - 1 downstream tasks scheduled from follow-on schedule check
