[2023-07-08T13:15:42.348+0000] {taskinstance.py:1165} INFO - Dependencies all met for <TaskInstance: xcom_dag.t2 manual__2023-07-08T13:15:39.256944+00:00 [queued]>
[2023-07-08T13:15:42.354+0000] {taskinstance.py:1165} INFO - Dependencies all met for <TaskInstance: xcom_dag.t2 manual__2023-07-08T13:15:39.256944+00:00 [queued]>
[2023-07-08T13:15:42.355+0000] {taskinstance.py:1362} INFO - 
--------------------------------------------------------------------------------
[2023-07-08T13:15:42.355+0000] {taskinstance.py:1363} INFO - Starting attempt 1 of 1
[2023-07-08T13:15:42.355+0000] {taskinstance.py:1364} INFO - 
--------------------------------------------------------------------------------
[2023-07-08T13:15:42.362+0000] {taskinstance.py:1383} INFO - Executing <Task(PythonOperator): t2> on 2023-07-08 13:15:39.256944+00:00
[2023-07-08T13:15:42.366+0000] {standard_task_runner.py:55} INFO - Started process 4150 to run task
[2023-07-08T13:15:42.367+0000] {standard_task_runner.py:82} INFO - Running: ['***', 'tasks', 'run', 'xcom_dag', 't2', 'manual__2023-07-08T13:15:39.256944+00:00', '--job-id', '82', '--raw', '--subdir', 'DAGS_FOLDER/xcom_dag.py', '--cfg-path', '/tmp/tmpv4fi8nel']
[2023-07-08T13:15:42.368+0000] {standard_task_runner.py:83} INFO - Job 82: Subtask t2
[2023-07-08T13:15:42.404+0000] {task_command.py:376} INFO - Running <TaskInstance: xcom_dag.t2 manual__2023-07-08T13:15:39.256944+00:00 [running]> on host c727280cb8a1
[2023-07-08T13:15:42.441+0000] {taskinstance.py:1592} INFO - Exporting the following env vars:
AIRFLOW_CTX_DAG_OWNER=***
AIRFLOW_CTX_DAG_ID=xcom_dag
AIRFLOW_CTX_TASK_ID=t2
AIRFLOW_CTX_EXECUTION_DATE=2023-07-08T13:15:39.256944+00:00
AIRFLOW_CTX_TRY_NUMBER=1
AIRFLOW_CTX_DAG_RUN_ID=manual__2023-07-08T13:15:39.256944+00:00
[2023-07-08T13:15:42.446+0000] {python.py:177} INFO - Done. Returned value was: None
[2023-07-08T13:15:42.452+0000] {taskinstance.py:1406} INFO - Marking task as SUCCESS. dag_id=xcom_dag, task_id=t2, execution_date=20230708T131539, start_date=20230708T131542, end_date=20230708T131542
[2023-07-08T13:15:42.499+0000] {local_task_job.py:164} INFO - Task exited with return code 0
[2023-07-08T13:15:42.514+0000] {local_task_job.py:273} INFO - 1 downstream tasks scheduled from follow-on schedule check
